[0.025s] Invoking command in '/home/luis/azure_sky_ros2/build/armor_tracker': AMENT_PREFIX_PATH=/home/luis/azure_sky_ros2/install/auto_aim_interfaces:${AMENT_PREFIX_PATH} CMAKE_PREFIX_PATH=/home/luis/azure_sky_ros2/install/auto_aim_interfaces:/opt/ros/humble LD_LIBRARY_PATH=/home/luis/azure_sky_ros2/install/auto_aim_interfaces/lib:/opt/MVS/lib/64:/opt/MVS/lib/32:/usr/lib/x86_64-linux-gnu/gazebo-11/plugins:/opt/ros/humble/opt/rviz_ogre_vendor/lib:/opt/ros/humble/lib/x86_64-linux-gnu:/opt/ros/humble/lib:/opt/MVS/lib/64:/opt/MVS/lib/32:/opt/MVS/lib/64:/opt/MVS/lib/32 PYTHONPATH=/home/luis/azure_sky_ros2/install/auto_aim_interfaces/local/lib/python3.10/dist-packages:${PYTHONPATH} /usr/bin/cmake --build /home/luis/azure_sky_ros2/build/armor_tracker -- -j12 -l12
[0.064s] -- Found ament_cmake: 1.3.11 (/opt/ros/humble/share/ament_cmake/cmake)
[0.256s] -- Found rclcpp: 16.0.12 (/opt/ros/humble/share/rclcpp/cmake)
[0.295s] -- Found rosidl_generator_c: 3.1.6 (/opt/ros/humble/share/rosidl_generator_c/cmake)
[0.298s] -- Found rosidl_adapter: 3.1.6 (/opt/ros/humble/share/rosidl_adapter/cmake)
[0.305s] -- Found rosidl_generator_cpp: 3.1.6 (/opt/ros/humble/share/rosidl_generator_cpp/cmake)
[0.314s] -- Using all available rosidl_typesupport_c: rosidl_typesupport_fastrtps_c;rosidl_typesupport_introspection_c
[0.326s] -- Using all available rosidl_typesupport_cpp: rosidl_typesupport_fastrtps_cpp;rosidl_typesupport_introspection_cpp
[0.357s] -- Found rmw_implementation_cmake: 6.1.2 (/opt/ros/humble/share/rmw_implementation_cmake/cmake)
[0.358s] -- Found rmw_fastrtps_cpp: 6.2.7 (/opt/ros/humble/share/rmw_fastrtps_cpp/cmake)
[0.484s] -- Using RMW implementation 'rmw_fastrtps_cpp' as default
[0.529s] -- Found rclcpp_components: 16.0.12 (/opt/ros/humble/share/rclcpp_components/cmake)
[0.548s] -- Found angles: 1.15.0 (/opt/ros/humble/share/angles/cmake)
[0.550s] -- Found std_srvs: 4.9.0 (/opt/ros/humble/share/std_srvs/cmake)
[0.562s] -- Found geometry_msgs: 4.9.0 (/opt/ros/humble/share/geometry_msgs/cmake)
[0.580s] -- Found visualization_msgs: 4.9.0 (/opt/ros/humble/share/visualization_msgs/cmake)
[0.636s] -- Found message_filters: 4.3.7 (/opt/ros/humble/share/message_filters/cmake)
[0.639s] -- Found tf2_geometry_msgs: 0.25.13 (/opt/ros/humble/share/tf2_geometry_msgs/cmake)
[0.644s] -- Found eigen3_cmake_module: 0.1.1 (/opt/ros/humble/share/eigen3_cmake_module/cmake)
[0.645s] -- Ensuring Eigen3 include directory is part of orocos-kdl CMake target
[0.731s] -- Found auto_aim_interfaces: 2.0.0 (/home/luis/azure_sky_ros2/install/auto_aim_interfaces/share/auto_aim_interfaces/cmake)
[0.758s] -- Found ament_lint_auto: 0.12.12 (/opt/ros/humble/share/ament_lint_auto/cmake)
[0.872s] -- Added test 'cppcheck' to perform static code analysis on C / C++ code
[0.873s] -- Configured cppcheck include dirs: $<BUILD_INTERFACE:/home/luis/azure_sky_ros2/src/rm_auto_aim/armor_tracker/include>
[0.873s] -- Configured cppcheck exclude dirs and/or files: 
[0.873s] -- Added test 'lint_cmake' to check CMake code style
[0.873s] -- Added test 'xmllint' to check XML markup files
[0.874s] -- Added test 'clang_format' to check C / C++ code style
[0.878s] -- Configuring done
[0.914s] -- Generating done
[0.924s] -- Build files have been written to: /home/luis/azure_sky_ros2/build/armor_tracker
[0.980s] [35m[1mConsolidate compiler generated dependencies of target armor_tracker[0m
[0.991s] [35m[1mConsolidate compiler generated dependencies of target armor_tracker_node[0m
[1.025s] [ 33%] Built target armor_tracker_node
[1.042s] [ 66%] [32mBuilding CXX object CMakeFiles/armor_tracker.dir/src/tracker_node.cpp.o[0m
[1.044s] [ 66%] [32mBuilding CXX object CMakeFiles/armor_tracker.dir/src/extended_kalman_filter.cpp.o[0m
[1.049s] [ 83%] [32mBuilding CXX object CMakeFiles/armor_tracker.dir/src/tracker.cpp.o[0m
[23.048s] [100%] [32m[1mLinking CXX shared library libarmor_tracker.so[0m
[25.059s] [100%] Built target armor_tracker
[25.107s] Invoked command in '/home/luis/azure_sky_ros2/build/armor_tracker' returned '0': AMENT_PREFIX_PATH=/home/luis/azure_sky_ros2/install/auto_aim_interfaces:${AMENT_PREFIX_PATH} CMAKE_PREFIX_PATH=/home/luis/azure_sky_ros2/install/auto_aim_interfaces:/opt/ros/humble LD_LIBRARY_PATH=/home/luis/azure_sky_ros2/install/auto_aim_interfaces/lib:/opt/MVS/lib/64:/opt/MVS/lib/32:/usr/lib/x86_64-linux-gnu/gazebo-11/plugins:/opt/ros/humble/opt/rviz_ogre_vendor/lib:/opt/ros/humble/lib/x86_64-linux-gnu:/opt/ros/humble/lib:/opt/MVS/lib/64:/opt/MVS/lib/32:/opt/MVS/lib/64:/opt/MVS/lib/32 PYTHONPATH=/home/luis/azure_sky_ros2/install/auto_aim_interfaces/local/lib/python3.10/dist-packages:${PYTHONPATH} /usr/bin/cmake --build /home/luis/azure_sky_ros2/build/armor_tracker -- -j12 -l12
[25.112s] Invoking command in '/home/luis/azure_sky_ros2/build/armor_tracker': AMENT_PREFIX_PATH=/home/luis/azure_sky_ros2/install/auto_aim_interfaces:${AMENT_PREFIX_PATH} CMAKE_PREFIX_PATH=/home/luis/azure_sky_ros2/install/auto_aim_interfaces:/opt/ros/humble LD_LIBRARY_PATH=/home/luis/azure_sky_ros2/install/auto_aim_interfaces/lib:/opt/MVS/lib/64:/opt/MVS/lib/32:/usr/lib/x86_64-linux-gnu/gazebo-11/plugins:/opt/ros/humble/opt/rviz_ogre_vendor/lib:/opt/ros/humble/lib/x86_64-linux-gnu:/opt/ros/humble/lib:/opt/MVS/lib/64:/opt/MVS/lib/32:/opt/MVS/lib/64:/opt/MVS/lib/32 PYTHONPATH=/home/luis/azure_sky_ros2/install/auto_aim_interfaces/local/lib/python3.10/dist-packages:${PYTHONPATH} /usr/bin/cmake --install /home/luis/azure_sky_ros2/build/armor_tracker
[25.128s] -- Install configuration: ""
[25.130s] -- Up-to-date: /home/luis/azure_sky_ros2/install/armor_tracker/lib/armor_tracker/armor_tracker_node
[25.130s] -- Up-to-date: /home/luis/azure_sky_ros2/install/armor_tracker/include
[25.131s] -- Up-to-date: /home/luis/azure_sky_ros2/install/armor_tracker/include/armor_tracker
[25.131s] -- Installing: /home/luis/azure_sky_ros2/install/armor_tracker/include/armor_tracker/extended_kalman_filter.hpp
[25.131s] -- Installing: /home/luis/azure_sky_ros2/install/armor_tracker/include/armor_tracker/tracker_node.hpp
[25.132s] -- Installing: /home/luis/azure_sky_ros2/install/armor_tracker/include/armor_tracker/tracker.hpp
[25.133s] -- Installing: /home/luis/azure_sky_ros2/install/armor_tracker/lib/libarmor_tracker.so
[25.152s] -- Set runtime path of "/home/luis/azure_sky_ros2/install/armor_tracker/lib/libarmor_tracker.so" to ""
[25.153s] -- Up-to-date: /home/luis/azure_sky_ros2/install/armor_tracker/share/armor_tracker/environment/library_path.sh
[25.153s] -- Installing: /home/luis/azure_sky_ros2/install/armor_tracker/share/armor_tracker/environment/library_path.dsv
[25.154s] -- Up-to-date: /home/luis/azure_sky_ros2/install/armor_tracker/share/ament_index/resource_index/package_run_dependencies/armor_tracker
[25.154s] -- Installing: /home/luis/azure_sky_ros2/install/armor_tracker/share/ament_index/resource_index/parent_prefix_path/armor_tracker
[25.154s] -- Up-to-date: /home/luis/azure_sky_ros2/install/armor_tracker/share/armor_tracker/environment/ament_prefix_path.sh
[25.155s] -- Installing: /home/luis/azure_sky_ros2/install/armor_tracker/share/armor_tracker/environment/ament_prefix_path.dsv
[25.155s] -- Up-to-date: /home/luis/azure_sky_ros2/install/armor_tracker/share/armor_tracker/environment/path.sh
[25.155s] -- Installing: /home/luis/azure_sky_ros2/install/armor_tracker/share/armor_tracker/environment/path.dsv
[25.155s] -- Up-to-date: /home/luis/azure_sky_ros2/install/armor_tracker/share/armor_tracker/local_setup.bash
[25.155s] -- Up-to-date: /home/luis/azure_sky_ros2/install/armor_tracker/share/armor_tracker/local_setup.sh
[25.156s] -- Up-to-date: /home/luis/azure_sky_ros2/install/armor_tracker/share/armor_tracker/local_setup.zsh
[25.156s] -- Installing: /home/luis/azure_sky_ros2/install/armor_tracker/share/armor_tracker/local_setup.dsv
[25.156s] -- Installing: /home/luis/azure_sky_ros2/install/armor_tracker/share/armor_tracker/package.dsv
[25.156s] -- Up-to-date: /home/luis/azure_sky_ros2/install/armor_tracker/share/ament_index/resource_index/packages/armor_tracker
[25.156s] -- Up-to-date: /home/luis/azure_sky_ros2/install/armor_tracker/share/ament_index/resource_index/rclcpp_components/armor_tracker
[25.157s] -- Up-to-date: /home/luis/azure_sky_ros2/install/armor_tracker/share/armor_tracker/cmake/export_armor_trackerExport.cmake
[25.157s] -- Up-to-date: /home/luis/azure_sky_ros2/install/armor_tracker/share/armor_tracker/cmake/export_armor_trackerExport-noconfig.cmake
[25.157s] -- Up-to-date: /home/luis/azure_sky_ros2/install/armor_tracker/share/armor_tracker/cmake/ament_cmake_export_dependencies-extras.cmake
[25.157s] -- Up-to-date: /home/luis/azure_sky_ros2/install/armor_tracker/share/armor_tracker/cmake/ament_cmake_export_targets-extras.cmake
[25.157s] -- Up-to-date: /home/luis/azure_sky_ros2/install/armor_tracker/share/armor_tracker/cmake/ament_cmake_export_include_directories-extras.cmake
[25.158s] -- Up-to-date: /home/luis/azure_sky_ros2/install/armor_tracker/share/armor_tracker/cmake/ament_cmake_export_libraries-extras.cmake
[25.158s] -- Up-to-date: /home/luis/azure_sky_ros2/install/armor_tracker/share/armor_tracker/cmake/armor_trackerConfig.cmake
[25.158s] -- Up-to-date: /home/luis/azure_sky_ros2/install/armor_tracker/share/armor_tracker/cmake/armor_trackerConfig-version.cmake
[25.158s] -- Installing: /home/luis/azure_sky_ros2/install/armor_tracker/share/armor_tracker/package.xml
[25.162s] Invoked command in '/home/luis/azure_sky_ros2/build/armor_tracker' returned '0': AMENT_PREFIX_PATH=/home/luis/azure_sky_ros2/install/auto_aim_interfaces:${AMENT_PREFIX_PATH} CMAKE_PREFIX_PATH=/home/luis/azure_sky_ros2/install/auto_aim_interfaces:/opt/ros/humble LD_LIBRARY_PATH=/home/luis/azure_sky_ros2/install/auto_aim_interfaces/lib:/opt/MVS/lib/64:/opt/MVS/lib/32:/usr/lib/x86_64-linux-gnu/gazebo-11/plugins:/opt/ros/humble/opt/rviz_ogre_vendor/lib:/opt/ros/humble/lib/x86_64-linux-gnu:/opt/ros/humble/lib:/opt/MVS/lib/64:/opt/MVS/lib/32:/opt/MVS/lib/64:/opt/MVS/lib/32 PYTHONPATH=/home/luis/azure_sky_ros2/install/auto_aim_interfaces/local/lib/python3.10/dist-packages:${PYTHONPATH} /usr/bin/cmake --install /home/luis/azure_sky_ros2/build/armor_tracker
