[0.072s] Invoking command in '/home/luis/azure_sky_ros2/build/auto_aim_interfaces': CMAKE_PREFIX_PATH=${CMAKE_PREFIX_PATH}:/opt/ros/humble /usr/bin/cmake --build /home/luis/azure_sky_ros2/build/auto_aim_interfaces -- -j12 -l12
[0.240s] [  0%] Built target auto_aim_interfaces__cpp
[0.260s] [ 12%] Built target auto_aim_interfaces__rosidl_generator_c
[0.291s] [ 12%] Built target ament_cmake_python_copy_auto_aim_interfaces
[0.386s] [ 24%] Built target auto_aim_interfaces__rosidl_typesupport_fastrtps_c
[0.403s] [ 36%] Built target auto_aim_interfaces__rosidl_typesupport_cpp
[0.413s] [ 47%] Built target auto_aim_interfaces__rosidl_typesupport_c
[0.413s] [ 59%] Built target auto_aim_interfaces__rosidl_typesupport_introspection_c
[0.426s] [ 70%] Built target auto_aim_interfaces__rosidl_typesupport_fastrtps_cpp
[0.440s] [ 82%] Built target auto_aim_interfaces__rosidl_typesupport_introspection_cpp
[0.535s] [ 82%] Built target auto_aim_interfaces
[0.602s] [ 83%] Built target auto_aim_interfaces__py
[0.665s] [ 94%] Built target auto_aim_interfaces__rosidl_generator_py
[0.756s] [ 98%] Built target auto_aim_interfaces__rosidl_typesupport_fastrtps_c__pyext
[0.756s] [ 98%] Built target auto_aim_interfaces__rosidl_typesupport_c__pyext
[0.760s] [100%] Built target auto_aim_interfaces__rosidl_typesupport_introspection_c__pyext
[0.872s] running egg_info
[0.873s] writing auto_aim_interfaces.egg-info/PKG-INFO
[0.873s] writing dependency_links to auto_aim_interfaces.egg-info/dependency_links.txt
[0.874s] writing top-level names to auto_aim_interfaces.egg-info/top_level.txt
[0.878s] reading manifest file 'auto_aim_interfaces.egg-info/SOURCES.txt'
[0.879s] writing manifest file 'auto_aim_interfaces.egg-info/SOURCES.txt'
[0.946s] [100%] Built target ament_cmake_python_build_auto_aim_interfaces_egg
[0.973s] Invoked command in '/home/luis/azure_sky_ros2/build/auto_aim_interfaces' returned '0': CMAKE_PREFIX_PATH=${CMAKE_PREFIX_PATH}:/opt/ros/humble /usr/bin/cmake --build /home/luis/azure_sky_ros2/build/auto_aim_interfaces -- -j12 -l12
[0.977s] Invoking command in '/home/luis/azure_sky_ros2/build/auto_aim_interfaces': CMAKE_PREFIX_PATH=${CMAKE_PREFIX_PATH}:/opt/ros/humble /usr/bin/cmake --install /home/luis/azure_sky_ros2/build/auto_aim_interfaces
[0.997s] -- Install configuration: ""
[0.997s] -- Up-to-date: /home/luis/azure_sky_ros2/install/auto_aim_interfaces/share/ament_index/resource_index/rosidl_interfaces/auto_aim_interfaces
[0.997s] -- Up-to-date: /home/luis/azure_sky_ros2/install/auto_aim_interfaces/include/auto_aim_interfaces/auto_aim_interfaces
[0.997s] -- Up-to-date: /home/luis/azure_sky_ros2/install/auto_aim_interfaces/include/auto_aim_interfaces/auto_aim_interfaces/msg
[0.998s] -- Up-to-date: /home/luis/azure_sky_ros2/install/auto_aim_interfaces/include/auto_aim_interfaces/auto_aim_interfaces/msg/debug_armors.h
[0.998s] -- Up-to-date: /home/luis/azure_sky_ros2/install/auto_aim_interfaces/include/auto_aim_interfaces/auto_aim_interfaces/msg/detail
[0.999s] -- Up-to-date: /home/luis/azure_sky_ros2/install/auto_aim_interfaces/include/auto_aim_interfaces/auto_aim_interfaces/msg/detail/robot_status__functions.c
[0.999s] -- Up-to-date: /home/luis/azure_sky_ros2/install/auto_aim_interfaces/include/auto_aim_interfaces/auto_aim_interfaces/msg/detail/debug_light__functions.h
[0.999s] -- Up-to-date: /home/luis/azure_sky_ros2/install/auto_aim_interfaces/include/auto_aim_interfaces/auto_aim_interfaces/msg/detail/armors__struct.h
[1.000s] -- Up-to-date: /home/luis/azure_sky_ros2/install/auto_aim_interfaces/include/auto_aim_interfaces/auto_aim_interfaces/msg/detail/tracker_info__functions.c
[1.000s] -- Up-to-date: /home/luis/azure_sky_ros2/install/auto_aim_interfaces/include/auto_aim_interfaces/auto_aim_interfaces/msg/detail/time_info__functions.h
[1.000s] -- Up-to-date: /home/luis/azure_sky_ros2/install/auto_aim_interfaces/include/auto_aim_interfaces/auto_aim_interfaces/msg/detail/debug_light__functions.c
[1.000s] -- Up-to-date: /home/luis/azure_sky_ros2/install/auto_aim_interfaces/include/auto_aim_interfaces/auto_aim_interfaces/msg/detail/target__type_support.h
[1.001s] -- Up-to-date: /home/luis/azure_sky_ros2/install/auto_aim_interfaces/include/auto_aim_interfaces/auto_aim_interfaces/msg/detail/tracker_info__functions.h
[1.001s] -- Up-to-date: /home/luis/azure_sky_ros2/install/auto_aim_interfaces/include/auto_aim_interfaces/auto_aim_interfaces/msg/detail/time_info__struct.h
[1.001s] -- Up-to-date: /home/luis/azure_sky_ros2/install/auto_aim_interfaces/include/auto_aim_interfaces/auto_aim_interfaces/msg/detail/debug_lights__functions.h
[1.001s] -- Up-to-date: /home/luis/azure_sky_ros2/install/auto_aim_interfaces/include/auto_aim_interfaces/auto_aim_interfaces/msg/detail/debug_light__type_support.h
[1.001s] -- Up-to-date: /home/luis/azure_sky_ros2/install/auto_aim_interfaces/include/auto_aim_interfaces/auto_aim_interfaces/msg/detail/armors__functions.h
[1.001s] -- Up-to-date: /home/luis/azure_sky_ros2/install/auto_aim_interfaces/include/auto_aim_interfaces/auto_aim_interfaces/msg/detail/robot_status__functions.h
[1.002s] -- Up-to-date: /home/luis/azure_sky_ros2/install/auto_aim_interfaces/include/auto_aim_interfaces/auto_aim_interfaces/msg/detail/debug_lights__functions.c
[1.002s] -- Up-to-date: /home/luis/azure_sky_ros2/install/auto_aim_interfaces/include/auto_aim_interfaces/auto_aim_interfaces/msg/detail/debug_lights__struct.h
[1.003s] -- Up-to-date: /home/luis/azure_sky_ros2/install/auto_aim_interfaces/include/auto_aim_interfaces/auto_aim_interfaces/msg/detail/debug_armor__type_support.h
[1.003s] -- Up-to-date: /home/luis/azure_sky_ros2/install/auto_aim_interfaces/include/auto_aim_interfaces/auto_aim_interfaces/msg/detail/tracker_info__type_support.h
[1.003s] -- Up-to-date: /home/luis/azure_sky_ros2/install/auto_aim_interfaces/include/auto_aim_interfaces/auto_aim_interfaces/msg/detail/armor__functions.c
[1.003s] -- Up-to-date: /home/luis/azure_sky_ros2/install/auto_aim_interfaces/include/auto_aim_interfaces/auto_aim_interfaces/msg/detail/target__functions.c
[1.003s] -- Up-to-date: /home/luis/azure_sky_ros2/install/auto_aim_interfaces/include/auto_aim_interfaces/auto_aim_interfaces/msg/detail/target__functions.h
[1.003s] -- Up-to-date: /home/luis/azure_sky_ros2/install/auto_aim_interfaces/include/auto_aim_interfaces/auto_aim_interfaces/msg/detail/tracker_info__struct.h
[1.003s] -- Up-to-date: /home/luis/azure_sky_ros2/install/auto_aim_interfaces/include/auto_aim_interfaces/auto_aim_interfaces/msg/detail/debug_armors__type_support.h
[1.004s] -- Up-to-date: /home/luis/azure_sky_ros2/install/auto_aim_interfaces/include/auto_aim_interfaces/auto_aim_interfaces/msg/detail/armors__type_support.h
[1.004s] -- Up-to-date: /home/luis/azure_sky_ros2/install/auto_aim_interfaces/include/auto_aim_interfaces/auto_aim_interfaces/msg/detail/robot_status__struct.h
[1.004s] -- Up-to-date: /home/luis/azure_sky_ros2/install/auto_aim_interfaces/include/auto_aim_interfaces/auto_aim_interfaces/msg/detail/debug_armors__functions.c
[1.004s] -- Up-to-date: /home/luis/azure_sky_ros2/install/auto_aim_interfaces/include/auto_aim_interfaces/auto_aim_interfaces/msg/detail/time_info__type_support.h
[1.004s] -- Up-to-date: /home/luis/azure_sky_ros2/install/auto_aim_interfaces/include/auto_aim_interfaces/auto_aim_interfaces/msg/detail/armor__functions.h
[1.005s] -- Up-to-date: /home/luis/azure_sky_ros2/install/auto_aim_interfaces/include/auto_aim_interfaces/auto_aim_interfaces/msg/detail/debug_armors__struct.h
[1.005s] -- Up-to-date: /home/luis/azure_sky_ros2/install/auto_aim_interfaces/include/auto_aim_interfaces/auto_aim_interfaces/msg/detail/debug_armors__functions.h
[1.005s] -- Up-to-date: /home/luis/azure_sky_ros2/install/auto_aim_interfaces/include/auto_aim_interfaces/auto_aim_interfaces/msg/detail/armor__type_support.h
[1.005s] -- Up-to-date: /home/luis/azure_sky_ros2/install/auto_aim_interfaces/include/auto_aim_interfaces/auto_aim_interfaces/msg/detail/debug_light__struct.h
[1.006s] -- Up-to-date: /home/luis/azure_sky_ros2/install/auto_aim_interfaces/include/auto_aim_interfaces/auto_aim_interfaces/msg/detail/debug_armor__functions.c
[1.006s] -- Up-to-date: /home/luis/azure_sky_ros2/install/auto_aim_interfaces/include/auto_aim_interfaces/auto_aim_interfaces/msg/detail/armors__functions.c
[1.006s] -- Up-to-date: /home/luis/azure_sky_ros2/install/auto_aim_interfaces/include/auto_aim_interfaces/auto_aim_interfaces/msg/detail/debug_armor__functions.h
[1.006s] -- Up-to-date: /home/luis/azure_sky_ros2/install/auto_aim_interfaces/include/auto_aim_interfaces/auto_aim_interfaces/msg/detail/armor__struct.h
[1.006s] -- Up-to-date: /home/luis/azure_sky_ros2/install/auto_aim_interfaces/include/auto_aim_interfaces/auto_aim_interfaces/msg/detail/robot_status__type_support.h
[1.006s] -- Up-to-date: /home/luis/azure_sky_ros2/install/auto_aim_interfaces/include/auto_aim_interfaces/auto_aim_interfaces/msg/detail/debug_lights__type_support.h
[1.007s] -- Up-to-date: /home/luis/azure_sky_ros2/install/auto_aim_interfaces/include/auto_aim_interfaces/auto_aim_interfaces/msg/detail/target__struct.h
[1.007s] -- Up-to-date: /home/luis/azure_sky_ros2/install/auto_aim_interfaces/include/auto_aim_interfaces/auto_aim_interfaces/msg/detail/time_info__functions.c
[1.007s] -- Up-to-date: /home/luis/azure_sky_ros2/install/auto_aim_interfaces/include/auto_aim_interfaces/auto_aim_interfaces/msg/detail/debug_armor__struct.h
[1.007s] -- Up-to-date: /home/luis/azure_sky_ros2/install/auto_aim_interfaces/include/auto_aim_interfaces/auto_aim_interfaces/msg/rosidl_generator_c__visibility_control.h
[1.007s] -- Up-to-date: /home/luis/azure_sky_ros2/install/auto_aim_interfaces/include/auto_aim_interfaces/auto_aim_interfaces/msg/debug_lights.h
[1.007s] -- Up-to-date: /home/luis/azure_sky_ros2/install/auto_aim_interfaces/include/auto_aim_interfaces/auto_aim_interfaces/msg/debug_armor.h
[1.008s] -- Up-to-date: /home/luis/azure_sky_ros2/install/auto_aim_interfaces/include/auto_aim_interfaces/auto_aim_interfaces/msg/robot_status.h
[1.008s] -- Up-to-date: /home/luis/azure_sky_ros2/install/auto_aim_interfaces/include/auto_aim_interfaces/auto_aim_interfaces/msg/target.h
[1.008s] -- Up-to-date: /home/luis/azure_sky_ros2/install/auto_aim_interfaces/include/auto_aim_interfaces/auto_aim_interfaces/msg/time_info.h
[1.008s] -- Up-to-date: /home/luis/azure_sky_ros2/install/auto_aim_interfaces/include/auto_aim_interfaces/auto_aim_interfaces/msg/tracker_info.h
[1.010s] -- Up-to-date: /home/luis/azure_sky_ros2/install/auto_aim_interfaces/include/auto_aim_interfaces/auto_aim_interfaces/msg/armor.h
[1.011s] -- Up-to-date: /home/luis/azure_sky_ros2/install/auto_aim_interfaces/include/auto_aim_interfaces/auto_aim_interfaces/msg/armors.h
[1.015s] -- Up-to-date: /home/luis/azure_sky_ros2/install/auto_aim_interfaces/include/auto_aim_interfaces/auto_aim_interfaces/msg/debug_light.h
[1.015s] -- Up-to-date: /home/luis/azure_sky_ros2/install/auto_aim_interfaces/share/auto_aim_interfaces/environment/library_path.sh
[1.015s] -- Up-to-date: /home/luis/azure_sky_ros2/install/auto_aim_interfaces/share/auto_aim_interfaces/environment/library_path.dsv
[1.015s] -- Up-to-date: /home/luis/azure_sky_ros2/install/auto_aim_interfaces/lib/libauto_aim_interfaces__rosidl_generator_c.so
[1.015s] -- Up-to-date: /home/luis/azure_sky_ros2/install/auto_aim_interfaces/include/auto_aim_interfaces/auto_aim_interfaces
[1.015s] -- Up-to-date: /home/luis/azure_sky_ros2/install/auto_aim_interfaces/include/auto_aim_interfaces/auto_aim_interfaces/msg
[1.015s] -- Up-to-date: /home/luis/azure_sky_ros2/install/auto_aim_interfaces/include/auto_aim_interfaces/auto_aim_interfaces/msg/rosidl_typesupport_fastrtps_c__visibility_control.h
[1.016s] -- Up-to-date: /home/luis/azure_sky_ros2/install/auto_aim_interfaces/include/auto_aim_interfaces/auto_aim_interfaces/msg/detail
[1.016s] -- Up-to-date: /home/luis/azure_sky_ros2/install/auto_aim_interfaces/include/auto_aim_interfaces/auto_aim_interfaces/msg/detail/debug_armor__rosidl_typesupport_fastrtps_c.h
[1.016s] -- Up-to-date: /home/luis/azure_sky_ros2/install/auto_aim_interfaces/include/auto_aim_interfaces/auto_aim_interfaces/msg/detail/armor__rosidl_typesupport_fastrtps_c.h
[1.016s] -- Up-to-date: /home/luis/azure_sky_ros2/install/auto_aim_interfaces/include/auto_aim_interfaces/auto_aim_interfaces/msg/detail/time_info__rosidl_typesupport_fastrtps_c.h
[1.016s] -- Up-to-date: /home/luis/azure_sky_ros2/install/auto_aim_interfaces/include/auto_aim_interfaces/auto_aim_interfaces/msg/detail/debug_lights__rosidl_typesupport_fastrtps_c.h
[1.016s] -- Up-to-date: /home/luis/azure_sky_ros2/install/auto_aim_interfaces/include/auto_aim_interfaces/auto_aim_interfaces/msg/detail/tracker_info__rosidl_typesupport_fastrtps_c.h
[1.016s] -- Up-to-date: /home/luis/azure_sky_ros2/install/auto_aim_interfaces/include/auto_aim_interfaces/auto_aim_interfaces/msg/detail/robot_status__rosidl_typesupport_fastrtps_c.h
[1.017s] -- Up-to-date: /home/luis/azure_sky_ros2/install/auto_aim_interfaces/include/auto_aim_interfaces/auto_aim_interfaces/msg/detail/armors__rosidl_typesupport_fastrtps_c.h
[1.017s] -- Up-to-date: /home/luis/azure_sky_ros2/install/auto_aim_interfaces/include/auto_aim_interfaces/auto_aim_interfaces/msg/detail/debug_armors__rosidl_typesupport_fastrtps_c.h
[1.017s] -- Up-to-date: /home/luis/azure_sky_ros2/install/auto_aim_interfaces/include/auto_aim_interfaces/auto_aim_interfaces/msg/detail/debug_light__rosidl_typesupport_fastrtps_c.h
[1.017s] -- Up-to-date: /home/luis/azure_sky_ros2/install/auto_aim_interfaces/include/auto_aim_interfaces/auto_aim_interfaces/msg/detail/target__rosidl_typesupport_fastrtps_c.h
[1.017s] -- Up-to-date: /home/luis/azure_sky_ros2/install/auto_aim_interfaces/lib/libauto_aim_interfaces__rosidl_typesupport_fastrtps_c.so
[1.017s] -- Up-to-date: /home/luis/azure_sky_ros2/install/auto_aim_interfaces/include/auto_aim_interfaces/auto_aim_interfaces
[1.017s] -- Up-to-date: /home/luis/azure_sky_ros2/install/auto_aim_interfaces/include/auto_aim_interfaces/auto_aim_interfaces/msg
[1.018s] -- Up-to-date: /home/luis/azure_sky_ros2/install/auto_aim_interfaces/include/auto_aim_interfaces/auto_aim_interfaces/msg/detail
[1.018s] -- Up-to-date: /home/luis/azure_sky_ros2/install/auto_aim_interfaces/include/auto_aim_interfaces/auto_aim_interfaces/msg/detail/debug_armor__type_support.c
[1.018s] -- Up-to-date: /home/luis/azure_sky_ros2/install/auto_aim_interfaces/include/auto_aim_interfaces/auto_aim_interfaces/msg/detail/tracker_info__type_support.c
[1.018s] -- Up-to-date: /home/luis/azure_sky_ros2/install/auto_aim_interfaces/include/auto_aim_interfaces/auto_aim_interfaces/msg/detail/armors__type_support.c
[1.018s] -- Up-to-date: /home/luis/azure_sky_ros2/install/auto_aim_interfaces/include/auto_aim_interfaces/auto_aim_interfaces/msg/detail/robot_status__rosidl_typesupport_introspection_c.h
[1.018s] -- Up-to-date: /home/luis/azure_sky_ros2/install/auto_aim_interfaces/include/auto_aim_interfaces/auto_aim_interfaces/msg/detail/armor__rosidl_typesupport_introspection_c.h
[1.022s] -- Up-to-date: /home/luis/azure_sky_ros2/install/auto_aim_interfaces/include/auto_aim_interfaces/auto_aim_interfaces/msg/detail/time_info__type_support.c
[1.022s] -- Up-to-date: /home/luis/azure_sky_ros2/install/auto_aim_interfaces/include/auto_aim_interfaces/auto_aim_interfaces/msg/detail/debug_light__type_support.c
[1.023s] -- Up-to-date: /home/luis/azure_sky_ros2/install/auto_aim_interfaces/include/auto_aim_interfaces/auto_aim_interfaces/msg/detail/debug_armors__type_support.c
[1.023s] -- Up-to-date: /home/luis/azure_sky_ros2/install/auto_aim_interfaces/include/auto_aim_interfaces/auto_aim_interfaces/msg/detail/debug_armors__rosidl_typesupport_introspection_c.h
[1.023s] -- Up-to-date: /home/luis/azure_sky_ros2/install/auto_aim_interfaces/include/auto_aim_interfaces/auto_aim_interfaces/msg/detail/target__rosidl_typesupport_introspection_c.h
[1.023s] -- Up-to-date: /home/luis/azure_sky_ros2/install/auto_aim_interfaces/include/auto_aim_interfaces/auto_aim_interfaces/msg/detail/debug_lights__rosidl_typesupport_introspection_c.h
[1.023s] -- Up-to-date: /home/luis/azure_sky_ros2/install/auto_aim_interfaces/include/auto_aim_interfaces/auto_aim_interfaces/msg/detail/armors__rosidl_typesupport_introspection_c.h
[1.023s] -- Up-to-date: /home/luis/azure_sky_ros2/install/auto_aim_interfaces/include/auto_aim_interfaces/auto_aim_interfaces/msg/detail/debug_lights__type_support.c
[1.023s] -- Up-to-date: /home/luis/azure_sky_ros2/install/auto_aim_interfaces/include/auto_aim_interfaces/auto_aim_interfaces/msg/detail/robot_status__type_support.c
[1.023s] -- Up-to-date: /home/luis/azure_sky_ros2/install/auto_aim_interfaces/include/auto_aim_interfaces/auto_aim_interfaces/msg/detail/debug_light__rosidl_typesupport_introspection_c.h
[1.024s] -- Up-to-date: /home/luis/azure_sky_ros2/install/auto_aim_interfaces/include/auto_aim_interfaces/auto_aim_interfaces/msg/detail/armor__type_support.c
[1.024s] -- Up-to-date: /home/luis/azure_sky_ros2/install/auto_aim_interfaces/include/auto_aim_interfaces/auto_aim_interfaces/msg/detail/tracker_info__rosidl_typesupport_introspection_c.h
[1.024s] -- Up-to-date: /home/luis/azure_sky_ros2/install/auto_aim_interfaces/include/auto_aim_interfaces/auto_aim_interfaces/msg/detail/target__type_support.c
[1.024s] -- Up-to-date: /home/luis/azure_sky_ros2/install/auto_aim_interfaces/include/auto_aim_interfaces/auto_aim_interfaces/msg/detail/time_info__rosidl_typesupport_introspection_c.h
[1.024s] -- Up-to-date: /home/luis/azure_sky_ros2/install/auto_aim_interfaces/include/auto_aim_interfaces/auto_aim_interfaces/msg/detail/debug_armor__rosidl_typesupport_introspection_c.h
[1.024s] -- Up-to-date: /home/luis/azure_sky_ros2/install/auto_aim_interfaces/include/auto_aim_interfaces/auto_aim_interfaces/msg/rosidl_typesupport_introspection_c__visibility_control.h
[1.031s] -- Up-to-date: /home/luis/azure_sky_ros2/install/auto_aim_interfaces/lib/libauto_aim_interfaces__rosidl_typesupport_introspection_c.so
[1.031s] -- Up-to-date: /home/luis/azure_sky_ros2/install/auto_aim_interfaces/lib/libauto_aim_interfaces__rosidl_typesupport_c.so
[1.031s] -- Up-to-date: /home/luis/azure_sky_ros2/install/auto_aim_interfaces/include/auto_aim_interfaces/auto_aim_interfaces
[1.031s] -- Up-to-date: /home/luis/azure_sky_ros2/install/auto_aim_interfaces/include/auto_aim_interfaces/auto_aim_interfaces/msg
[1.031s] -- Up-to-date: /home/luis/azure_sky_ros2/install/auto_aim_interfaces/include/auto_aim_interfaces/auto_aim_interfaces/msg/time_info.hpp
[1.031s] -- Up-to-date: /home/luis/azure_sky_ros2/install/auto_aim_interfaces/include/auto_aim_interfaces/auto_aim_interfaces/msg/armors.hpp
[1.031s] -- Up-to-date: /home/luis/azure_sky_ros2/install/auto_aim_interfaces/include/auto_aim_interfaces/auto_aim_interfaces/msg/detail
[1.032s] -- Up-to-date: /home/luis/azure_sky_ros2/install/auto_aim_interfaces/include/auto_aim_interfaces/auto_aim_interfaces/msg/detail/armor__traits.hpp
[1.032s] -- Up-to-date: /home/luis/azure_sky_ros2/install/auto_aim_interfaces/include/auto_aim_interfaces/auto_aim_interfaces/msg/detail/debug_armors__builder.hpp
[1.032s] -- Up-to-date: /home/luis/azure_sky_ros2/install/auto_aim_interfaces/include/auto_aim_interfaces/auto_aim_interfaces/msg/detail/armors__struct.hpp
[1.032s] -- Up-to-date: /home/luis/azure_sky_ros2/install/auto_aim_interfaces/include/auto_aim_interfaces/auto_aim_interfaces/msg/detail/time_info__traits.hpp
[1.032s] -- Up-to-date: /home/luis/azure_sky_ros2/install/auto_aim_interfaces/include/auto_aim_interfaces/auto_aim_interfaces/msg/detail/debug_lights__traits.hpp
[1.032s] -- Up-to-date: /home/luis/azure_sky_ros2/install/auto_aim_interfaces/include/auto_aim_interfaces/auto_aim_interfaces/msg/detail/tracker_info__builder.hpp
[1.033s] -- Up-to-date: /home/luis/azure_sky_ros2/install/auto_aim_interfaces/include/auto_aim_interfaces/auto_aim_interfaces/msg/detail/debug_lights__builder.hpp
[1.033s] -- Up-to-date: /home/luis/azure_sky_ros2/install/auto_aim_interfaces/include/auto_aim_interfaces/auto_aim_interfaces/msg/detail/robot_status__builder.hpp
[1.033s] -- Up-to-date: /home/luis/azure_sky_ros2/install/auto_aim_interfaces/include/auto_aim_interfaces/auto_aim_interfaces/msg/detail/armor__builder.hpp
[1.033s] -- Up-to-date: /home/luis/azure_sky_ros2/install/auto_aim_interfaces/include/auto_aim_interfaces/auto_aim_interfaces/msg/detail/tracker_info__traits.hpp
[1.033s] -- Up-to-date: /home/luis/azure_sky_ros2/install/auto_aim_interfaces/include/auto_aim_interfaces/auto_aim_interfaces/msg/detail/debug_lights__struct.hpp
[1.033s] -- Up-to-date: /home/luis/azure_sky_ros2/install/auto_aim_interfaces/include/auto_aim_interfaces/auto_aim_interfaces/msg/detail/target__builder.hpp
[1.033s] -- Up-to-date: /home/luis/azure_sky_ros2/install/auto_aim_interfaces/include/auto_aim_interfaces/auto_aim_interfaces/msg/detail/tracker_info__type_support.hpp
[1.033s] -- Up-to-date: /home/luis/azure_sky_ros2/install/auto_aim_interfaces/include/auto_aim_interfaces/auto_aim_interfaces/msg/detail/time_info__builder.hpp
[1.034s] -- Up-to-date: /home/luis/azure_sky_ros2/install/auto_aim_interfaces/include/auto_aim_interfaces/auto_aim_interfaces/msg/detail/armors__builder.hpp
[1.034s] -- Up-to-date: /home/luis/azure_sky_ros2/install/auto_aim_interfaces/include/auto_aim_interfaces/auto_aim_interfaces/msg/detail/armors__type_support.hpp
[1.034s] -- Up-to-date: /home/luis/azure_sky_ros2/install/auto_aim_interfaces/include/auto_aim_interfaces/auto_aim_interfaces/msg/detail/time_info__type_support.hpp
[1.034s] -- Up-to-date: /home/luis/azure_sky_ros2/install/auto_aim_interfaces/include/auto_aim_interfaces/auto_aim_interfaces/msg/detail/debug_light__traits.hpp
[1.034s] -- Up-to-date: /home/luis/azure_sky_ros2/install/auto_aim_interfaces/include/auto_aim_interfaces/auto_aim_interfaces/msg/detail/debug_armor__type_support.hpp
[1.034s] -- Up-to-date: /home/luis/azure_sky_ros2/install/auto_aim_interfaces/include/auto_aim_interfaces/auto_aim_interfaces/msg/detail/debug_armor__struct.hpp
[1.036s] -- Up-to-date: /home/luis/azure_sky_ros2/install/auto_aim_interfaces/include/auto_aim_interfaces/auto_aim_interfaces/msg/detail/armors__traits.hpp
[1.036s] -- Up-to-date: /home/luis/azure_sky_ros2/install/auto_aim_interfaces/include/auto_aim_interfaces/auto_aim_interfaces/msg/detail/debug_light__builder.hpp
[1.036s] -- Up-to-date: /home/luis/azure_sky_ros2/install/auto_aim_interfaces/include/auto_aim_interfaces/auto_aim_interfaces/msg/detail/target__type_support.hpp
[1.036s] -- Up-to-date: /home/luis/azure_sky_ros2/install/auto_aim_interfaces/include/auto_aim_interfaces/auto_aim_interfaces/msg/detail/armor__struct.hpp
[1.037s] -- Up-to-date: /home/luis/azure_sky_ros2/install/auto_aim_interfaces/include/auto_aim_interfaces/auto_aim_interfaces/msg/detail/debug_light__struct.hpp
[1.037s] -- Up-to-date: /home/luis/azure_sky_ros2/install/auto_aim_interfaces/include/auto_aim_interfaces/auto_aim_interfaces/msg/detail/target__traits.hpp
[1.037s] -- Up-to-date: /home/luis/azure_sky_ros2/install/auto_aim_interfaces/include/auto_aim_interfaces/auto_aim_interfaces/msg/detail/debug_armor__builder.hpp
[1.037s] -- Up-to-date: /home/luis/azure_sky_ros2/install/auto_aim_interfaces/include/auto_aim_interfaces/auto_aim_interfaces/msg/detail/debug_armor__traits.hpp
[1.037s] -- Up-to-date: /home/luis/azure_sky_ros2/install/auto_aim_interfaces/include/auto_aim_interfaces/auto_aim_interfaces/msg/detail/tracker_info__struct.hpp
[1.037s] -- Up-to-date: /home/luis/azure_sky_ros2/install/auto_aim_interfaces/include/auto_aim_interfaces/auto_aim_interfaces/msg/detail/armor__type_support.hpp
[1.037s] -- Up-to-date: /home/luis/azure_sky_ros2/install/auto_aim_interfaces/include/auto_aim_interfaces/auto_aim_interfaces/msg/detail/debug_armors__type_support.hpp
[1.038s] -- Up-to-date: /home/luis/azure_sky_ros2/install/auto_aim_interfaces/include/auto_aim_interfaces/auto_aim_interfaces/msg/detail/debug_armors__struct.hpp
[1.038s] -- Up-to-date: /home/luis/azure_sky_ros2/install/auto_aim_interfaces/include/auto_aim_interfaces/auto_aim_interfaces/msg/detail/debug_armors__traits.hpp
[1.038s] -- Up-to-date: /home/luis/azure_sky_ros2/install/auto_aim_interfaces/include/auto_aim_interfaces/auto_aim_interfaces/msg/detail/robot_status__traits.hpp
[1.038s] -- Up-to-date: /home/luis/azure_sky_ros2/install/auto_aim_interfaces/include/auto_aim_interfaces/auto_aim_interfaces/msg/detail/time_info__struct.hpp
[1.038s] -- Up-to-date: /home/luis/azure_sky_ros2/install/auto_aim_interfaces/include/auto_aim_interfaces/auto_aim_interfaces/msg/detail/robot_status__type_support.hpp
[1.038s] -- Up-to-date: /home/luis/azure_sky_ros2/install/auto_aim_interfaces/include/auto_aim_interfaces/auto_aim_interfaces/msg/detail/target__struct.hpp
[1.038s] -- Up-to-date: /home/luis/azure_sky_ros2/install/auto_aim_interfaces/include/auto_aim_interfaces/auto_aim_interfaces/msg/detail/robot_status__struct.hpp
[1.038s] -- Up-to-date: /home/luis/azure_sky_ros2/install/auto_aim_interfaces/include/auto_aim_interfaces/auto_aim_interfaces/msg/detail/debug_light__type_support.hpp
[1.039s] -- Up-to-date: /home/luis/azure_sky_ros2/install/auto_aim_interfaces/include/auto_aim_interfaces/auto_aim_interfaces/msg/detail/debug_lights__type_support.hpp
[1.039s] -- Up-to-date: /home/luis/azure_sky_ros2/install/auto_aim_interfaces/include/auto_aim_interfaces/auto_aim_interfaces/msg/debug_light.hpp
[1.039s] -- Up-to-date: /home/luis/azure_sky_ros2/install/auto_aim_interfaces/include/auto_aim_interfaces/auto_aim_interfaces/msg/debug_armors.hpp
[1.039s] -- Up-to-date: /home/luis/azure_sky_ros2/install/auto_aim_interfaces/include/auto_aim_interfaces/auto_aim_interfaces/msg/robot_status.hpp
[1.039s] -- Up-to-date: /home/luis/azure_sky_ros2/install/auto_aim_interfaces/include/auto_aim_interfaces/auto_aim_interfaces/msg/debug_armor.hpp
[1.039s] -- Up-to-date: /home/luis/azure_sky_ros2/install/auto_aim_interfaces/include/auto_aim_interfaces/auto_aim_interfaces/msg/armor.hpp
[1.039s] -- Up-to-date: /home/luis/azure_sky_ros2/install/auto_aim_interfaces/include/auto_aim_interfaces/auto_aim_interfaces/msg/debug_lights.hpp
[1.039s] -- Up-to-date: /home/luis/azure_sky_ros2/install/auto_aim_interfaces/include/auto_aim_interfaces/auto_aim_interfaces/msg/tracker_info.hpp
[1.039s] -- Up-to-date: /home/luis/azure_sky_ros2/install/auto_aim_interfaces/include/auto_aim_interfaces/auto_aim_interfaces/msg/rosidl_generator_cpp__visibility_control.hpp
[1.040s] -- Up-to-date: /home/luis/azure_sky_ros2/install/auto_aim_interfaces/include/auto_aim_interfaces/auto_aim_interfaces/msg/target.hpp
[1.040s] -- Up-to-date: /home/luis/azure_sky_ros2/install/auto_aim_interfaces/include/auto_aim_interfaces/auto_aim_interfaces
[1.040s] -- Up-to-date: /home/luis/azure_sky_ros2/install/auto_aim_interfaces/include/auto_aim_interfaces/auto_aim_interfaces/msg
[1.040s] -- Up-to-date: /home/luis/azure_sky_ros2/install/auto_aim_interfaces/include/auto_aim_interfaces/auto_aim_interfaces/msg/detail
[1.040s] -- Up-to-date: /home/luis/azure_sky_ros2/install/auto_aim_interfaces/include/auto_aim_interfaces/auto_aim_interfaces/msg/detail/armor__rosidl_typesupport_fastrtps_cpp.hpp
[1.040s] -- Up-to-date: /home/luis/azure_sky_ros2/install/auto_aim_interfaces/include/auto_aim_interfaces/auto_aim_interfaces/msg/detail/target__rosidl_typesupport_fastrtps_cpp.hpp
[1.040s] -- Up-to-date: /home/luis/azure_sky_ros2/install/auto_aim_interfaces/include/auto_aim_interfaces/auto_aim_interfaces/msg/detail/tracker_info__rosidl_typesupport_fastrtps_cpp.hpp
[1.040s] -- Up-to-date: /home/luis/azure_sky_ros2/install/auto_aim_interfaces/include/auto_aim_interfaces/auto_aim_interfaces/msg/detail/debug_armors__rosidl_typesupport_fastrtps_cpp.hpp
[1.040s] -- Up-to-date: /home/luis/azure_sky_ros2/install/auto_aim_interfaces/include/auto_aim_interfaces/auto_aim_interfaces/msg/detail/armors__rosidl_typesupport_fastrtps_cpp.hpp
[1.041s] -- Up-to-date: /home/luis/azure_sky_ros2/install/auto_aim_interfaces/include/auto_aim_interfaces/auto_aim_interfaces/msg/detail/debug_lights__rosidl_typesupport_fastrtps_cpp.hpp
[1.041s] -- Up-to-date: /home/luis/azure_sky_ros2/install/auto_aim_interfaces/include/auto_aim_interfaces/auto_aim_interfaces/msg/detail/debug_armor__rosidl_typesupport_fastrtps_cpp.hpp
[1.041s] -- Up-to-date: /home/luis/azure_sky_ros2/install/auto_aim_interfaces/include/auto_aim_interfaces/auto_aim_interfaces/msg/detail/robot_status__rosidl_typesupport_fastrtps_cpp.hpp
[1.041s] -- Up-to-date: /home/luis/azure_sky_ros2/install/auto_aim_interfaces/include/auto_aim_interfaces/auto_aim_interfaces/msg/detail/debug_light__rosidl_typesupport_fastrtps_cpp.hpp
[1.041s] -- Up-to-date: /home/luis/azure_sky_ros2/install/auto_aim_interfaces/include/auto_aim_interfaces/auto_aim_interfaces/msg/detail/time_info__rosidl_typesupport_fastrtps_cpp.hpp
[1.041s] -- Up-to-date: /home/luis/azure_sky_ros2/install/auto_aim_interfaces/include/auto_aim_interfaces/auto_aim_interfaces/msg/detail/dds_fastrtps
[1.042s] -- Up-to-date: /home/luis/azure_sky_ros2/install/auto_aim_interfaces/include/auto_aim_interfaces/auto_aim_interfaces/msg/rosidl_typesupport_fastrtps_cpp__visibility_control.h
[1.042s] -- Up-to-date: /home/luis/azure_sky_ros2/install/auto_aim_interfaces/lib/libauto_aim_interfaces__rosidl_typesupport_fastrtps_cpp.so
[1.042s] -- Up-to-date: /home/luis/azure_sky_ros2/install/auto_aim_interfaces/include/auto_aim_interfaces/auto_aim_interfaces
[1.042s] -- Up-to-date: /home/luis/azure_sky_ros2/install/auto_aim_interfaces/include/auto_aim_interfaces/auto_aim_interfaces/msg
[1.042s] -- Up-to-date: /home/luis/azure_sky_ros2/install/auto_aim_interfaces/include/auto_aim_interfaces/auto_aim_interfaces/msg/detail
[1.042s] -- Up-to-date: /home/luis/azure_sky_ros2/install/auto_aim_interfaces/include/auto_aim_interfaces/auto_aim_interfaces/msg/detail/debug_light__rosidl_typesupport_introspection_cpp.hpp
[1.043s] -- Up-to-date: /home/luis/azure_sky_ros2/install/auto_aim_interfaces/include/auto_aim_interfaces/auto_aim_interfaces/msg/detail/tracker_info__type_support.cpp
[1.043s] -- Up-to-date: /home/luis/azure_sky_ros2/install/auto_aim_interfaces/include/auto_aim_interfaces/auto_aim_interfaces/msg/detail/armor__rosidl_typesupport_introspection_cpp.hpp
[1.043s] -- Up-to-date: /home/luis/azure_sky_ros2/install/auto_aim_interfaces/include/auto_aim_interfaces/auto_aim_interfaces/msg/detail/debug_light__type_support.cpp
[1.043s] -- Up-to-date: /home/luis/azure_sky_ros2/install/auto_aim_interfaces/include/auto_aim_interfaces/auto_aim_interfaces/msg/detail/debug_lights__rosidl_typesupport_introspection_cpp.hpp
[1.043s] -- Up-to-date: /home/luis/azure_sky_ros2/install/auto_aim_interfaces/include/auto_aim_interfaces/auto_aim_interfaces/msg/detail/target__type_support.cpp
[1.044s] -- Up-to-date: /home/luis/azure_sky_ros2/install/auto_aim_interfaces/include/auto_aim_interfaces/auto_aim_interfaces/msg/detail/time_info__type_support.cpp
[1.044s] -- Up-to-date: /home/luis/azure_sky_ros2/install/auto_aim_interfaces/include/auto_aim_interfaces/auto_aim_interfaces/msg/detail/tracker_info__rosidl_typesupport_introspection_cpp.hpp
[1.044s] -- Up-to-date: /home/luis/azure_sky_ros2/install/auto_aim_interfaces/include/auto_aim_interfaces/auto_aim_interfaces/msg/detail/armor__type_support.cpp
[1.044s] -- Up-to-date: /home/luis/azure_sky_ros2/install/auto_aim_interfaces/include/auto_aim_interfaces/auto_aim_interfaces/msg/detail/debug_armor__rosidl_typesupport_introspection_cpp.hpp
[1.044s] -- Up-to-date: /home/luis/azure_sky_ros2/install/auto_aim_interfaces/include/auto_aim_interfaces/auto_aim_interfaces/msg/detail/debug_armors__rosidl_typesupport_introspection_cpp.hpp
[1.044s] -- Up-to-date: /home/luis/azure_sky_ros2/install/auto_aim_interfaces/include/auto_aim_interfaces/auto_aim_interfaces/msg/detail/debug_armor__type_support.cpp
[1.044s] -- Up-to-date: /home/luis/azure_sky_ros2/install/auto_aim_interfaces/include/auto_aim_interfaces/auto_aim_interfaces/msg/detail/armors__type_support.cpp
[1.045s] -- Up-to-date: /home/luis/azure_sky_ros2/install/auto_aim_interfaces/include/auto_aim_interfaces/auto_aim_interfaces/msg/detail/robot_status__rosidl_typesupport_introspection_cpp.hpp
[1.045s] -- Up-to-date: /home/luis/azure_sky_ros2/install/auto_aim_interfaces/include/auto_aim_interfaces/auto_aim_interfaces/msg/detail/debug_armors__type_support.cpp
[1.045s] -- Up-to-date: /home/luis/azure_sky_ros2/install/auto_aim_interfaces/include/auto_aim_interfaces/auto_aim_interfaces/msg/detail/robot_status__type_support.cpp
[1.045s] -- Up-to-date: /home/luis/azure_sky_ros2/install/auto_aim_interfaces/include/auto_aim_interfaces/auto_aim_interfaces/msg/detail/time_info__rosidl_typesupport_introspection_cpp.hpp
[1.045s] -- Up-to-date: /home/luis/azure_sky_ros2/install/auto_aim_interfaces/include/auto_aim_interfaces/auto_aim_interfaces/msg/detail/armors__rosidl_typesupport_introspection_cpp.hpp
[1.045s] -- Up-to-date: /home/luis/azure_sky_ros2/install/auto_aim_interfaces/include/auto_aim_interfaces/auto_aim_interfaces/msg/detail/target__rosidl_typesupport_introspection_cpp.hpp
[1.045s] -- Up-to-date: /home/luis/azure_sky_ros2/install/auto_aim_interfaces/include/auto_aim_interfaces/auto_aim_interfaces/msg/detail/debug_lights__type_support.cpp
[1.045s] -- Up-to-date: /home/luis/azure_sky_ros2/install/auto_aim_interfaces/lib/libauto_aim_interfaces__rosidl_typesupport_introspection_cpp.so
[1.047s] -- Up-to-date: /home/luis/azure_sky_ros2/install/auto_aim_interfaces/lib/libauto_aim_interfaces__rosidl_typesupport_cpp.so
[1.047s] -- Up-to-date: /home/luis/azure_sky_ros2/install/auto_aim_interfaces/share/auto_aim_interfaces/environment/pythonpath.sh
[1.047s] -- Up-to-date: /home/luis/azure_sky_ros2/install/auto_aim_interfaces/share/auto_aim_interfaces/environment/pythonpath.dsv
[1.047s] -- Up-to-date: /home/luis/azure_sky_ros2/install/auto_aim_interfaces/local/lib/python3.10/dist-packages/auto_aim_interfaces-2.0.0-py3.10.egg-info
[1.047s] -- Installing: /home/luis/azure_sky_ros2/install/auto_aim_interfaces/local/lib/python3.10/dist-packages/auto_aim_interfaces-2.0.0-py3.10.egg-info/SOURCES.txt
[1.050s] -- Installing: /home/luis/azure_sky_ros2/install/auto_aim_interfaces/local/lib/python3.10/dist-packages/auto_aim_interfaces-2.0.0-py3.10.egg-info/PKG-INFO
[1.050s] -- Installing: /home/luis/azure_sky_ros2/install/auto_aim_interfaces/local/lib/python3.10/dist-packages/auto_aim_interfaces-2.0.0-py3.10.egg-info/top_level.txt
[1.050s] -- Installing: /home/luis/azure_sky_ros2/install/auto_aim_interfaces/local/lib/python3.10/dist-packages/auto_aim_interfaces-2.0.0-py3.10.egg-info/dependency_links.txt
[1.051s] -- Up-to-date: /home/luis/azure_sky_ros2/install/auto_aim_interfaces/local/lib/python3.10/dist-packages/auto_aim_interfaces
[1.051s] -- Up-to-date: /home/luis/azure_sky_ros2/install/auto_aim_interfaces/local/lib/python3.10/dist-packages/auto_aim_interfaces/_auto_aim_interfaces_s.ep.rosidl_typesupport_fastrtps_c.c
[1.051s] -- Up-to-date: /home/luis/azure_sky_ros2/install/auto_aim_interfaces/local/lib/python3.10/dist-packages/auto_aim_interfaces/auto_aim_interfaces_s__rosidl_typesupport_fastrtps_c.cpython-310-x86_64-linux-gnu.so
[1.051s] -- Up-to-date: /home/luis/azure_sky_ros2/install/auto_aim_interfaces/local/lib/python3.10/dist-packages/auto_aim_interfaces/auto_aim_interfaces_s__rosidl_typesupport_introspection_c.cpython-310-x86_64-linux-gnu.so
[1.051s] -- Up-to-date: /home/luis/azure_sky_ros2/install/auto_aim_interfaces/local/lib/python3.10/dist-packages/auto_aim_interfaces/_auto_aim_interfaces_s.ep.rosidl_typesupport_introspection_c.c
[1.051s] -- Up-to-date: /home/luis/azure_sky_ros2/install/auto_aim_interfaces/local/lib/python3.10/dist-packages/auto_aim_interfaces/_auto_aim_interfaces_s.ep.rosidl_typesupport_c.c
[1.051s] -- Up-to-date: /home/luis/azure_sky_ros2/install/auto_aim_interfaces/local/lib/python3.10/dist-packages/auto_aim_interfaces/libauto_aim_interfaces__rosidl_generator_py.so
[1.051s] -- Up-to-date: /home/luis/azure_sky_ros2/install/auto_aim_interfaces/local/lib/python3.10/dist-packages/auto_aim_interfaces/auto_aim_interfaces_s__rosidl_typesupport_c.cpython-310-x86_64-linux-gnu.so
[1.051s] -- Up-to-date: /home/luis/azure_sky_ros2/install/auto_aim_interfaces/local/lib/python3.10/dist-packages/auto_aim_interfaces/__init__.py
[1.051s] -- Up-to-date: /home/luis/azure_sky_ros2/install/auto_aim_interfaces/local/lib/python3.10/dist-packages/auto_aim_interfaces/msg
[1.052s] -- Up-to-date: /home/luis/azure_sky_ros2/install/auto_aim_interfaces/local/lib/python3.10/dist-packages/auto_aim_interfaces/msg/_debug_lights.py
[1.052s] -- Up-to-date: /home/luis/azure_sky_ros2/install/auto_aim_interfaces/local/lib/python3.10/dist-packages/auto_aim_interfaces/msg/_debug_armor.py
[1.052s] -- Up-to-date: /home/luis/azure_sky_ros2/install/auto_aim_interfaces/local/lib/python3.10/dist-packages/auto_aim_interfaces/msg/_armor.py
[1.052s] -- Up-to-date: /home/luis/azure_sky_ros2/install/auto_aim_interfaces/local/lib/python3.10/dist-packages/auto_aim_interfaces/msg/_debug_armors_s.c
[1.052s] -- Up-to-date: /home/luis/azure_sky_ros2/install/auto_aim_interfaces/local/lib/python3.10/dist-packages/auto_aim_interfaces/msg/_debug_armors.py
[1.052s] -- Up-to-date: /home/luis/azure_sky_ros2/install/auto_aim_interfaces/local/lib/python3.10/dist-packages/auto_aim_interfaces/msg/_target_s.c
[1.052s] -- Up-to-date: /home/luis/azure_sky_ros2/install/auto_aim_interfaces/local/lib/python3.10/dist-packages/auto_aim_interfaces/msg/_tracker_info.py
[1.052s] -- Up-to-date: /home/luis/azure_sky_ros2/install/auto_aim_interfaces/local/lib/python3.10/dist-packages/auto_aim_interfaces/msg/_robot_status_s.c
[1.052s] -- Up-to-date: /home/luis/azure_sky_ros2/install/auto_aim_interfaces/local/lib/python3.10/dist-packages/auto_aim_interfaces/msg/_armors.py
[1.052s] -- Up-to-date: /home/luis/azure_sky_ros2/install/auto_aim_interfaces/local/lib/python3.10/dist-packages/auto_aim_interfaces/msg/_debug_light_s.c
[1.053s] -- Up-to-date: /home/luis/azure_sky_ros2/install/auto_aim_interfaces/local/lib/python3.10/dist-packages/auto_aim_interfaces/msg/_debug_armor_s.c
[1.053s] -- Up-to-date: /home/luis/azure_sky_ros2/install/auto_aim_interfaces/local/lib/python3.10/dist-packages/auto_aim_interfaces/msg/_tracker_info_s.c
[1.053s] -- Up-to-date: /home/luis/azure_sky_ros2/install/auto_aim_interfaces/local/lib/python3.10/dist-packages/auto_aim_interfaces/msg/_armors_s.c
[1.053s] -- Up-to-date: /home/luis/azure_sky_ros2/install/auto_aim_interfaces/local/lib/python3.10/dist-packages/auto_aim_interfaces/msg/_debug_lights_s.c
[1.053s] -- Up-to-date: /home/luis/azure_sky_ros2/install/auto_aim_interfaces/local/lib/python3.10/dist-packages/auto_aim_interfaces/msg/_debug_light.py
[1.053s] -- Up-to-date: /home/luis/azure_sky_ros2/install/auto_aim_interfaces/local/lib/python3.10/dist-packages/auto_aim_interfaces/msg/_target.py
[1.053s] -- Up-to-date: /home/luis/azure_sky_ros2/install/auto_aim_interfaces/local/lib/python3.10/dist-packages/auto_aim_interfaces/msg/_robot_status.py
[1.053s] -- Up-to-date: /home/luis/azure_sky_ros2/install/auto_aim_interfaces/local/lib/python3.10/dist-packages/auto_aim_interfaces/msg/_armor_s.c
[1.053s] -- Up-to-date: /home/luis/azure_sky_ros2/install/auto_aim_interfaces/local/lib/python3.10/dist-packages/auto_aim_interfaces/msg/__init__.py
[1.053s] -- Up-to-date: /home/luis/azure_sky_ros2/install/auto_aim_interfaces/local/lib/python3.10/dist-packages/auto_aim_interfaces/msg/_time_info_s.c
[1.053s] -- Up-to-date: /home/luis/azure_sky_ros2/install/auto_aim_interfaces/local/lib/python3.10/dist-packages/auto_aim_interfaces/msg/_time_info.py
[1.140s] Listing '/home/luis/azure_sky_ros2/install/auto_aim_interfaces/local/lib/python3.10/dist-packages/auto_aim_interfaces'...
[1.140s] Listing '/home/luis/azure_sky_ros2/install/auto_aim_interfaces/local/lib/python3.10/dist-packages/auto_aim_interfaces/msg'...
[1.144s] -- Up-to-date: /home/luis/azure_sky_ros2/install/auto_aim_interfaces/local/lib/python3.10/dist-packages/auto_aim_interfaces/auto_aim_interfaces_s__rosidl_typesupport_fastrtps_c.cpython-310-x86_64-linux-gnu.so
[1.144s] -- Up-to-date: /home/luis/azure_sky_ros2/install/auto_aim_interfaces/local/lib/python3.10/dist-packages/auto_aim_interfaces/auto_aim_interfaces_s__rosidl_typesupport_introspection_c.cpython-310-x86_64-linux-gnu.so
[1.145s] -- Up-to-date: /home/luis/azure_sky_ros2/install/auto_aim_interfaces/local/lib/python3.10/dist-packages/auto_aim_interfaces/auto_aim_interfaces_s__rosidl_typesupport_c.cpython-310-x86_64-linux-gnu.so
[1.145s] -- Up-to-date: /home/luis/azure_sky_ros2/install/auto_aim_interfaces/lib/libauto_aim_interfaces__rosidl_generator_py.so
[1.145s] -- Up-to-date: /home/luis/azure_sky_ros2/install/auto_aim_interfaces/share/auto_aim_interfaces/msg/Armor.idl
[1.145s] -- Up-to-date: /home/luis/azure_sky_ros2/install/auto_aim_interfaces/share/auto_aim_interfaces/msg/Armors.idl
[1.145s] -- Up-to-date: /home/luis/azure_sky_ros2/install/auto_aim_interfaces/share/auto_aim_interfaces/msg/Target.idl
[1.145s] -- Up-to-date: /home/luis/azure_sky_ros2/install/auto_aim_interfaces/share/auto_aim_interfaces/msg/DebugLight.idl
[1.146s] -- Up-to-date: /home/luis/azure_sky_ros2/install/auto_aim_interfaces/share/auto_aim_interfaces/msg/DebugLights.idl
[1.146s] -- Up-to-date: /home/luis/azure_sky_ros2/install/auto_aim_interfaces/share/auto_aim_interfaces/msg/DebugArmor.idl
[1.146s] -- Up-to-date: /home/luis/azure_sky_ros2/install/auto_aim_interfaces/share/auto_aim_interfaces/msg/DebugArmors.idl
[1.146s] -- Up-to-date: /home/luis/azure_sky_ros2/install/auto_aim_interfaces/share/auto_aim_interfaces/msg/TrackerInfo.idl
[1.146s] -- Up-to-date: /home/luis/azure_sky_ros2/install/auto_aim_interfaces/share/auto_aim_interfaces/msg/RobotStatus.idl
[1.146s] -- Up-to-date: /home/luis/azure_sky_ros2/install/auto_aim_interfaces/share/auto_aim_interfaces/msg/TimeInfo.idl
[1.146s] -- Up-to-date: /home/luis/azure_sky_ros2/install/auto_aim_interfaces/share/auto_aim_interfaces/msg/Armor.msg
[1.146s] -- Up-to-date: /home/luis/azure_sky_ros2/install/auto_aim_interfaces/share/auto_aim_interfaces/msg/Armors.msg
[1.146s] -- Up-to-date: /home/luis/azure_sky_ros2/install/auto_aim_interfaces/share/auto_aim_interfaces/msg/Target.msg
[1.146s] -- Up-to-date: /home/luis/azure_sky_ros2/install/auto_aim_interfaces/share/auto_aim_interfaces/msg/DebugLight.msg
[1.146s] -- Up-to-date: /home/luis/azure_sky_ros2/install/auto_aim_interfaces/share/auto_aim_interfaces/msg/DebugLights.msg
[1.147s] -- Up-to-date: /home/luis/azure_sky_ros2/install/auto_aim_interfaces/share/auto_aim_interfaces/msg/DebugArmor.msg
[1.147s] -- Up-to-date: /home/luis/azure_sky_ros2/install/auto_aim_interfaces/share/auto_aim_interfaces/msg/DebugArmors.msg
[1.147s] -- Up-to-date: /home/luis/azure_sky_ros2/install/auto_aim_interfaces/share/auto_aim_interfaces/msg/TrackerInfo.msg
[1.147s] -- Up-to-date: /home/luis/azure_sky_ros2/install/auto_aim_interfaces/share/auto_aim_interfaces/msg/RobotStatus.msg
[1.152s] -- Up-to-date: /home/luis/azure_sky_ros2/install/auto_aim_interfaces/share/auto_aim_interfaces/msg/TimeInfo.msg
[1.152s] -- Up-to-date: /home/luis/azure_sky_ros2/install/auto_aim_interfaces/share/ament_index/resource_index/package_run_dependencies/auto_aim_interfaces
[1.152s] -- Up-to-date: /home/luis/azure_sky_ros2/install/auto_aim_interfaces/share/ament_index/resource_index/parent_prefix_path/auto_aim_interfaces
[1.152s] -- Up-to-date: /home/luis/azure_sky_ros2/install/auto_aim_interfaces/share/auto_aim_interfaces/environment/ament_prefix_path.sh
[1.152s] -- Up-to-date: /home/luis/azure_sky_ros2/install/auto_aim_interfaces/share/auto_aim_interfaces/environment/ament_prefix_path.dsv
[1.155s] -- Up-to-date: /home/luis/azure_sky_ros2/install/auto_aim_interfaces/share/auto_aim_interfaces/environment/path.sh
[1.155s] -- Up-to-date: /home/luis/azure_sky_ros2/install/auto_aim_interfaces/share/auto_aim_interfaces/environment/path.dsv
[1.156s] -- Up-to-date: /home/luis/azure_sky_ros2/install/auto_aim_interfaces/share/auto_aim_interfaces/local_setup.bash
[1.156s] -- Up-to-date: /home/luis/azure_sky_ros2/install/auto_aim_interfaces/share/auto_aim_interfaces/local_setup.sh
[1.156s] -- Up-to-date: /home/luis/azure_sky_ros2/install/auto_aim_interfaces/share/auto_aim_interfaces/local_setup.zsh
[1.156s] -- Up-to-date: /home/luis/azure_sky_ros2/install/auto_aim_interfaces/share/auto_aim_interfaces/local_setup.dsv
[1.156s] -- Installing: /home/luis/azure_sky_ros2/install/auto_aim_interfaces/share/auto_aim_interfaces/package.dsv
[1.156s] -- Up-to-date: /home/luis/azure_sky_ros2/install/auto_aim_interfaces/share/ament_index/resource_index/packages/auto_aim_interfaces
[1.156s] -- Up-to-date: /home/luis/azure_sky_ros2/install/auto_aim_interfaces/share/auto_aim_interfaces/cmake/export_auto_aim_interfaces__rosidl_generator_cExport.cmake
[1.156s] -- Up-to-date: /home/luis/azure_sky_ros2/install/auto_aim_interfaces/share/auto_aim_interfaces/cmake/export_auto_aim_interfaces__rosidl_generator_cExport-noconfig.cmake
[1.157s] -- Up-to-date: /home/luis/azure_sky_ros2/install/auto_aim_interfaces/share/auto_aim_interfaces/cmake/export_auto_aim_interfaces__rosidl_typesupport_fastrtps_cExport.cmake
[1.157s] -- Up-to-date: /home/luis/azure_sky_ros2/install/auto_aim_interfaces/share/auto_aim_interfaces/cmake/export_auto_aim_interfaces__rosidl_typesupport_fastrtps_cExport-noconfig.cmake
[1.157s] -- Up-to-date: /home/luis/azure_sky_ros2/install/auto_aim_interfaces/share/auto_aim_interfaces/cmake/auto_aim_interfaces__rosidl_typesupport_introspection_cExport.cmake
[1.157s] -- Up-to-date: /home/luis/azure_sky_ros2/install/auto_aim_interfaces/share/auto_aim_interfaces/cmake/auto_aim_interfaces__rosidl_typesupport_introspection_cExport-noconfig.cmake
[1.157s] -- Up-to-date: /home/luis/azure_sky_ros2/install/auto_aim_interfaces/share/auto_aim_interfaces/cmake/auto_aim_interfaces__rosidl_typesupport_cExport.cmake
[1.157s] -- Up-to-date: /home/luis/azure_sky_ros2/install/auto_aim_interfaces/share/auto_aim_interfaces/cmake/auto_aim_interfaces__rosidl_typesupport_cExport-noconfig.cmake
[1.157s] -- Up-to-date: /home/luis/azure_sky_ros2/install/auto_aim_interfaces/share/auto_aim_interfaces/cmake/export_auto_aim_interfaces__rosidl_generator_cppExport.cmake
[1.157s] -- Up-to-date: /home/luis/azure_sky_ros2/install/auto_aim_interfaces/share/auto_aim_interfaces/cmake/export_auto_aim_interfaces__rosidl_typesupport_fastrtps_cppExport.cmake
[1.157s] -- Up-to-date: /home/luis/azure_sky_ros2/install/auto_aim_interfaces/share/auto_aim_interfaces/cmake/export_auto_aim_interfaces__rosidl_typesupport_fastrtps_cppExport-noconfig.cmake
[1.157s] -- Up-to-date: /home/luis/azure_sky_ros2/install/auto_aim_interfaces/share/auto_aim_interfaces/cmake/auto_aim_interfaces__rosidl_typesupport_introspection_cppExport.cmake
[1.157s] -- Up-to-date: /home/luis/azure_sky_ros2/install/auto_aim_interfaces/share/auto_aim_interfaces/cmake/auto_aim_interfaces__rosidl_typesupport_introspection_cppExport-noconfig.cmake
[1.158s] -- Up-to-date: /home/luis/azure_sky_ros2/install/auto_aim_interfaces/share/auto_aim_interfaces/cmake/auto_aim_interfaces__rosidl_typesupport_cppExport.cmake
[1.158s] -- Up-to-date: /home/luis/azure_sky_ros2/install/auto_aim_interfaces/share/auto_aim_interfaces/cmake/auto_aim_interfaces__rosidl_typesupport_cppExport-noconfig.cmake
[1.158s] -- Up-to-date: /home/luis/azure_sky_ros2/install/auto_aim_interfaces/share/auto_aim_interfaces/cmake/export_auto_aim_interfaces__rosidl_generator_pyExport.cmake
[1.158s] -- Up-to-date: /home/luis/azure_sky_ros2/install/auto_aim_interfaces/share/auto_aim_interfaces/cmake/export_auto_aim_interfaces__rosidl_generator_pyExport-noconfig.cmake
[1.158s] -- Up-to-date: /home/luis/azure_sky_ros2/install/auto_aim_interfaces/share/auto_aim_interfaces/cmake/rosidl_cmake-extras.cmake
[1.158s] -- Up-to-date: /home/luis/azure_sky_ros2/install/auto_aim_interfaces/share/auto_aim_interfaces/cmake/ament_cmake_export_dependencies-extras.cmake
[1.158s] -- Up-to-date: /home/luis/azure_sky_ros2/install/auto_aim_interfaces/share/auto_aim_interfaces/cmake/ament_cmake_export_include_directories-extras.cmake
[1.158s] -- Up-to-date: /home/luis/azure_sky_ros2/install/auto_aim_interfaces/share/auto_aim_interfaces/cmake/ament_cmake_export_libraries-extras.cmake
[1.158s] -- Up-to-date: /home/luis/azure_sky_ros2/install/auto_aim_interfaces/share/auto_aim_interfaces/cmake/ament_cmake_export_targets-extras.cmake
[1.158s] -- Up-to-date: /home/luis/azure_sky_ros2/install/auto_aim_interfaces/share/auto_aim_interfaces/cmake/rosidl_cmake_export_typesupport_targets-extras.cmake
[1.158s] -- Up-to-date: /home/luis/azure_sky_ros2/install/auto_aim_interfaces/share/auto_aim_interfaces/cmake/rosidl_cmake_export_typesupport_libraries-extras.cmake
[1.159s] -- Up-to-date: /home/luis/azure_sky_ros2/install/auto_aim_interfaces/share/auto_aim_interfaces/cmake/auto_aim_interfacesConfig.cmake
[1.159s] -- Up-to-date: /home/luis/azure_sky_ros2/install/auto_aim_interfaces/share/auto_aim_interfaces/cmake/auto_aim_interfacesConfig-version.cmake
[1.159s] -- Up-to-date: /home/luis/azure_sky_ros2/install/auto_aim_interfaces/share/auto_aim_interfaces/package.xml
[1.220s] Invoked command in '/home/luis/azure_sky_ros2/build/auto_aim_interfaces' returned '0': CMAKE_PREFIX_PATH=${CMAKE_PREFIX_PATH}:/opt/ros/humble /usr/bin/cmake --install /home/luis/azure_sky_ros2/build/auto_aim_interfaces
