-- The C compiler identification is GNU 12.3.0
-- The CXX compiler identification is GNU 11.4.0
-- Detecting C compiler ABI info
-- Detecting C compiler ABI info - done
-- Check for working C compiler: /usr/bin/cc - skipped
-- Detecting C compile features
-- Detecting C compile features - done
-- Detecting CXX compiler ABI info
-- Detecting CXX compiler ABI info - done
-- Check for working CXX compiler: /usr/bin/c++ - skipped
-- Detecting CXX compile features
-- Detecting CXX compile features - done
-- Found ament_cmake: 1.3.11 (/opt/ros/humble/share/ament_cmake/cmake)
-- Found Python3: /usr/bin/python3 (found version "3.10.12") found components: Interpreter 
-- Found geometry_msgs: 4.9.0 (/opt/ros/humble/share/geometry_msgs/cmake)
-- Found rosidl_generator_c: 3.1.6 (/opt/ros/humble/share/rosidl_generator_c/cmake)
-- Found rosidl_adapter: 3.1.6 (/opt/ros/humble/share/rosidl_adapter/cmake)
-- Found rosidl_generator_cpp: 3.1.6 (/opt/ros/humble/share/rosidl_generator_cpp/cmake)
-- Using all available rosidl_typesupport_c: rosidl_typesupport_fastrtps_c;rosidl_typesupport_introspection_c
-- Using all available rosidl_typesupport_cpp: rosidl_typesupport_fastrtps_cpp;rosidl_typesupport_introspection_cpp
-- Found rosidl_default_generators: 1.2.0 (/opt/ros/humble/share/rosidl_default_generators/cmake)
-- Found ament_cmake_ros: 0.10.0 (/opt/ros/humble/share/ament_cmake_ros/cmake)
-- Using all available rosidl_typesupport_c: rosidl_typesupport_fastrtps_c;rosidl_typesupport_introspection_c
-- Using all available rosidl_typesupport_cpp: rosidl_typesupport_fastrtps_cpp;rosidl_typesupport_introspection_cpp
-- Found PythonInterp: /usr/bin/python3 (found suitable version "3.10.12", minimum required is "3.6") 
-- Found python_cmake_module: 0.10.0 (/opt/ros/humble/share/python_cmake_module/cmake)
-- Found PythonLibs: /usr/lib/x86_64-linux-gnu/libpython3.10.so (found suitable version "3.10.12", minimum required is "3.5") 
-- Using PYTHON_EXECUTABLE: /usr/bin/python3
-- Using PYTHON_INCLUDE_DIRS: /usr/include/python3.10
-- Using PYTHON_LIBRARIES: /usr/lib/x86_64-linux-gnu/libpython3.10.so
-- Found PythonExtra: .so  
-- Found ament_lint_auto: 0.12.12 (/opt/ros/humble/share/ament_lint_auto/cmake)
-- Added test 'copyright' to check source files copyright and LICENSE
-- Added test 'lint_cmake' to check CMake code style
-- Added test 'xmllint' to check XML markup files
-- Configuring done
-- Generating done
-- Build files have been written to: /home/luis/azure_sky_ros2/build/tide_msgs
[  1%] [34m[1mGenerating C code for ROS interfaces[0m
[  1%] [34m[1mGenerating C++ code for ROS interfaces[0m
[  1%] Built target ament_cmake_python_copy_tide_msgs
running egg_info
creating tide_msgs.egg-info
writing tide_msgs.egg-info/PKG-INFO
writing dependency_links to tide_msgs.egg-info/dependency_links.txt
writing top-level names to tide_msgs.egg-info/top_level.txt
writing manifest file 'tide_msgs.egg-info/SOURCES.txt'
reading manifest file 'tide_msgs.egg-info/SOURCES.txt'
writing manifest file 'tide_msgs.egg-info/SOURCES.txt'
[  1%] Built target ament_cmake_python_build_tide_msgs_egg
[  1%] Built target tide_msgs__cpp
[  1%] [34m[1mGenerating C++ type support dispatch for ROS interfaces[0m
[  2%] [34m[1mGenerating C++ type support for eProsima Fast-RTPS[0m
[  3%] [34m[1mGenerating C++ introspection for ROS interfaces[0m
[  3%] [32mBuilding C object CMakeFiles/tide_msgs__rosidl_generator_c.dir/rosidl_generator_c/tide_msgs/msg/detail/gimbal_state__functions.c.o[0m
[  4%] [32mBuilding C object CMakeFiles/tide_msgs__rosidl_generator_c.dir/rosidl_generator_c/tide_msgs/msg/detail/shooter_state__functions.c.o[0m
[  4%] [32mBuilding C object CMakeFiles/tide_msgs__rosidl_generator_c.dir/rosidl_generator_c/tide_msgs/msg/detail/shooter_cmd__functions.c.o[0m
[  4%] [32mBuilding C object CMakeFiles/tide_msgs__rosidl_generator_c.dir/rosidl_generator_c/tide_msgs/msg/detail/gimbal_cmd__functions.c.o[0m
[  5%] [32mBuilding C object CMakeFiles/tide_msgs__rosidl_generator_c.dir/rosidl_generator_c/tide_msgs/msg/detail/bigyaw_cmd__functions.c.o[0m
[  5%] [32mBuilding C object CMakeFiles/tide_msgs__rosidl_generator_c.dir/rosidl_generator_c/tide_msgs/msg/detail/bigyaw_state__functions.c.o[0m
[  5%] [32mBuilding C object CMakeFiles/tide_msgs__rosidl_generator_c.dir/rosidl_generator_c/tide_msgs/msg/detail/armor__functions.c.o[0m
[  6%] [32mBuilding C object CMakeFiles/tide_msgs__rosidl_generator_c.dir/rosidl_generator_c/tide_msgs/msg/detail/armors__functions.c.o[0m
[  6%] [32mBuilding C object CMakeFiles/tide_msgs__rosidl_generator_c.dir/rosidl_generator_c/tide_msgs/msg/detail/fd_frame__functions.c.o[0m
[  6%] [32mBuilding C object CMakeFiles/tide_msgs__rosidl_generator_c.dir/rosidl_generator_c/tide_msgs/msg/detail/debug_armor__functions.c.o[0m
[  7%] [32mBuilding C object CMakeFiles/tide_msgs__rosidl_generator_c.dir/rosidl_generator_c/tide_msgs/msg/detail/debug_light__functions.c.o[0m
[  7%] [32mBuilding C object CMakeFiles/tide_msgs__rosidl_generator_c.dir/rosidl_generator_c/tide_msgs/msg/detail/debug_armors__functions.c.o[0m
[  8%] [32mBuilding C object CMakeFiles/tide_msgs__rosidl_generator_c.dir/rosidl_generator_c/tide_msgs/msg/detail/time_info__functions.c.o[0m
[  8%] [32mBuilding C object CMakeFiles/tide_msgs__rosidl_generator_c.dir/rosidl_generator_c/tide_msgs/msg/detail/debug_lights__functions.c.o[0m
[  8%] [32mBuilding C object CMakeFiles/tide_msgs__rosidl_generator_c.dir/rosidl_generator_c/tide_msgs/msg/detail/target__functions.c.o[0m
[  8%] [32mBuilding C object CMakeFiles/tide_msgs__rosidl_generator_c.dir/rosidl_generator_c/tide_msgs/msg/detail/tracker_info__functions.c.o[0m
[  8%] [32mBuilding C object CMakeFiles/tide_msgs__rosidl_generator_c.dir/rosidl_generator_c/tide_msgs/msg/detail/buff__functions.c.o[0m
[  9%] [32mBuilding C object CMakeFiles/tide_msgs__rosidl_generator_c.dir/rosidl_generator_c/tide_msgs/msg/detail/bullet_remaining__functions.c.o[0m
[  9%] [32mBuilding C object CMakeFiles/tide_msgs__rosidl_generator_c.dir/rosidl_generator_c/tide_msgs/msg/detail/event_data__functions.c.o[0m
[ 10%] [32mBuilding C object CMakeFiles/tide_msgs__rosidl_generator_c.dir/rosidl_generator_c/tide_msgs/msg/detail/game_result__functions.c.o[0m
[ 10%] [32mBuilding C object CMakeFiles/tide_msgs__rosidl_generator_c.dir/rosidl_generator_c/tide_msgs/msg/detail/game_robot_hp__functions.c.o[0m
[ 10%] [32mBuilding C object CMakeFiles/tide_msgs__rosidl_generator_c.dir/rosidl_generator_c/tide_msgs/msg/detail/game_robot_pos__functions.c.o[0m
[ 11%] [32mBuilding C object CMakeFiles/tide_msgs__rosidl_generator_c.dir/rosidl_generator_c/tide_msgs/msg/detail/game_robot_status__functions.c.o[0m
[ 11%] [32mBuilding C object CMakeFiles/tide_msgs__rosidl_generator_c.dir/rosidl_generator_c/tide_msgs/msg/detail/game_status__functions.c.o[0m
[ 11%] [32mBuilding C object CMakeFiles/tide_msgs__rosidl_generator_c.dir/rosidl_generator_c/tide_msgs/msg/detail/ground_robot__functions.c.o[0m
[ 12%] [32mBuilding C object CMakeFiles/tide_msgs__rosidl_generator_c.dir/rosidl_generator_c/tide_msgs/msg/detail/interact_id__functions.c.o[0m
[ 12%] [32mBuilding C object CMakeFiles/tide_msgs__rosidl_generator_c.dir/rosidl_generator_c/tide_msgs/msg/detail/power_heat_data__functions.c.o[0m
[ 12%] [32mBuilding C object CMakeFiles/tide_msgs__rosidl_generator_c.dir/rosidl_generator_c/tide_msgs/msg/detail/referee_data__functions.c.o[0m
[ 13%] [32mBuilding C object CMakeFiles/tide_msgs__rosidl_generator_c.dir/rosidl_generator_c/tide_msgs/msg/detail/referee_warning__functions.c.o[0m
[ 13%] [32mBuilding C object CMakeFiles/tide_msgs__rosidl_generator_c.dir/rosidl_generator_c/tide_msgs/msg/detail/rfid_status__functions.c.o[0m
[ 13%] [32mBuilding C object CMakeFiles/tide_msgs__rosidl_generator_c.dir/rosidl_generator_c/tide_msgs/msg/detail/robot_hurt__functions.c.o[0m
[ 14%] [32mBuilding C object CMakeFiles/tide_msgs__rosidl_generator_c.dir/rosidl_generator_c/tide_msgs/msg/detail/sentry_info__functions.c.o[0m
[ 14%] [32mBuilding C object CMakeFiles/tide_msgs__rosidl_generator_c.dir/rosidl_generator_c/tide_msgs/msg/detail/shoot_data__functions.c.o[0m
[ 14%] [32m[1mLinking C shared library libtide_msgs__rosidl_generator_c.so[0m
[ 14%] Built target tide_msgs__rosidl_generator_c
[ 15%] [34m[1mGenerating C introspection for ROS interfaces[0m
[ 17%] [34m[1mGenerating C type support for eProsima Fast-RTPS[0m
[ 17%] [34m[1mGenerating C type support dispatch for ROS interfaces[0m
[ 17%] [32mBuilding CXX object CMakeFiles/tide_msgs__rosidl_typesupport_cpp.dir/rosidl_typesupport_cpp/tide_msgs/msg/gimbal_cmd__type_support.cpp.o[0m
[ 18%] [32mBuilding CXX object CMakeFiles/tide_msgs__rosidl_typesupport_cpp.dir/rosidl_typesupport_cpp/tide_msgs/msg/gimbal_state__type_support.cpp.o[0m
[ 18%] [32mBuilding CXX object CMakeFiles/tide_msgs__rosidl_typesupport_cpp.dir/rosidl_typesupport_cpp/tide_msgs/msg/bigyaw_state__type_support.cpp.o[0m
[ 19%] [32mBuilding CXX object CMakeFiles/tide_msgs__rosidl_typesupport_cpp.dir/rosidl_typesupport_cpp/tide_msgs/msg/shooter_state__type_support.cpp.o[0m
[ 19%] [32mBuilding CXX object CMakeFiles/tide_msgs__rosidl_typesupport_cpp.dir/rosidl_typesupport_cpp/tide_msgs/msg/shooter_cmd__type_support.cpp.o[0m
[ 19%] [32mBuilding CXX object CMakeFiles/tide_msgs__rosidl_typesupport_cpp.dir/rosidl_typesupport_cpp/tide_msgs/msg/fd_frame__type_support.cpp.o[0m
[ 20%] [32mBuilding CXX object CMakeFiles/tide_msgs__rosidl_typesupport_cpp.dir/rosidl_typesupport_cpp/tide_msgs/msg/bigyaw_cmd__type_support.cpp.o[0m
[ 20%] [32mBuilding CXX object CMakeFiles/tide_msgs__rosidl_typesupport_cpp.dir/rosidl_typesupport_cpp/tide_msgs/msg/armor__type_support.cpp.o[0m
[ 21%] [32mBuilding CXX object CMakeFiles/tide_msgs__rosidl_typesupport_cpp.dir/rosidl_typesupport_cpp/tide_msgs/msg/armors__type_support.cpp.o[0m
[ 21%] [32mBuilding CXX object CMakeFiles/tide_msgs__rosidl_typesupport_cpp.dir/rosidl_typesupport_cpp/tide_msgs/msg/debug_armor__type_support.cpp.o[0m
[ 21%] [32mBuilding CXX object CMakeFiles/tide_msgs__rosidl_typesupport_cpp.dir/rosidl_typesupport_cpp/tide_msgs/msg/debug_armors__type_support.cpp.o[0m
[ 22%] [32mBuilding CXX object CMakeFiles/tide_msgs__rosidl_typesupport_cpp.dir/rosidl_typesupport_cpp/tide_msgs/msg/debug_light__type_support.cpp.o[0m
[ 22%] [32mBuilding CXX object CMakeFiles/tide_msgs__rosidl_typesupport_cpp.dir/rosidl_typesupport_cpp/tide_msgs/msg/debug_lights__type_support.cpp.o[0m
[ 22%] [32mBuilding CXX object CMakeFiles/tide_msgs__rosidl_typesupport_cpp.dir/rosidl_typesupport_cpp/tide_msgs/msg/target__type_support.cpp.o[0m
[ 23%] [32mBuilding CXX object CMakeFiles/tide_msgs__rosidl_typesupport_cpp.dir/rosidl_typesupport_cpp/tide_msgs/msg/time_info__type_support.cpp.o[0m
[ 23%] [32mBuilding CXX object CMakeFiles/tide_msgs__rosidl_typesupport_cpp.dir/rosidl_typesupport_cpp/tide_msgs/msg/tracker_info__type_support.cpp.o[0m
[ 23%] [32mBuilding CXX object CMakeFiles/tide_msgs__rosidl_typesupport_cpp.dir/rosidl_typesupport_cpp/tide_msgs/msg/buff__type_support.cpp.o[0m
[ 24%] [32mBuilding CXX object CMakeFiles/tide_msgs__rosidl_typesupport_cpp.dir/rosidl_typesupport_cpp/tide_msgs/msg/bullet_remaining__type_support.cpp.o[0m
[ 24%] [32mBuilding CXX object CMakeFiles/tide_msgs__rosidl_typesupport_cpp.dir/rosidl_typesupport_cpp/tide_msgs/msg/event_data__type_support.cpp.o[0m
[ 24%] [32mBuilding CXX object CMakeFiles/tide_msgs__rosidl_typesupport_c.dir/rosidl_typesupport_c/tide_msgs/msg/gimbal_state__type_support.cpp.o[0m
[ 24%] [32mBuilding CXX object CMakeFiles/tide_msgs__rosidl_typesupport_cpp.dir/rosidl_typesupport_cpp/tide_msgs/msg/game_result__type_support.cpp.o[0m
[ 24%] [32mBuilding CXX object CMakeFiles/tide_msgs__rosidl_typesupport_c.dir/rosidl_typesupport_c/tide_msgs/msg/gimbal_cmd__type_support.cpp.o[0m
[ 25%] [32mBuilding CXX object CMakeFiles/tide_msgs__rosidl_typesupport_c.dir/rosidl_typesupport_c/tide_msgs/msg/shooter_state__type_support.cpp.o[0m
[ 25%] [32mBuilding CXX object CMakeFiles/tide_msgs__rosidl_typesupport_c.dir/rosidl_typesupport_c/tide_msgs/msg/shooter_cmd__type_support.cpp.o[0m
[ 25%] [32mBuilding CXX object CMakeFiles/tide_msgs__rosidl_typesupport_c.dir/rosidl_typesupport_c/tide_msgs/msg/bigyaw_state__type_support.cpp.o[0m
[ 26%] [32mBuilding CXX object CMakeFiles/tide_msgs__rosidl_typesupport_c.dir/rosidl_typesupport_c/tide_msgs/msg/bigyaw_cmd__type_support.cpp.o[0m
[ 26%] [32mBuilding CXX object CMakeFiles/tide_msgs__rosidl_typesupport_c.dir/rosidl_typesupport_c/tide_msgs/msg/fd_frame__type_support.cpp.o[0m
[ 27%] [32mBuilding CXX object CMakeFiles/tide_msgs__rosidl_typesupport_cpp.dir/rosidl_typesupport_cpp/tide_msgs/msg/game_robot_hp__type_support.cpp.o[0m
[ 27%] [32mBuilding CXX object CMakeFiles/tide_msgs__rosidl_typesupport_cpp.dir/rosidl_typesupport_cpp/tide_msgs/msg/game_robot_pos__type_support.cpp.o[0m
[ 27%] [32mBuilding CXX object CMakeFiles/tide_msgs__rosidl_typesupport_cpp.dir/rosidl_typesupport_cpp/tide_msgs/msg/game_robot_status__type_support.cpp.o[0m
[ 27%] [32mBuilding CXX object CMakeFiles/tide_msgs__rosidl_typesupport_c.dir/rosidl_typesupport_c/tide_msgs/msg/armor__type_support.cpp.o[0m
[ 27%] [32mBuilding CXX object CMakeFiles/tide_msgs__rosidl_typesupport_introspection_cpp.dir/rosidl_typesupport_introspection_cpp/tide_msgs/msg/detail/gimbal_state__type_support.cpp.o[0m
[ 28%] [32mBuilding CXX object CMakeFiles/tide_msgs__rosidl_typesupport_cpp.dir/rosidl_typesupport_cpp/tide_msgs/msg/game_status__type_support.cpp.o[0m
[ 29%] [32mBuilding CXX object CMakeFiles/tide_msgs__rosidl_typesupport_introspection_cpp.dir/rosidl_typesupport_introspection_cpp/tide_msgs/msg/detail/gimbal_cmd__type_support.cpp.o[0m
[ 29%] [32mBuilding CXX object CMakeFiles/tide_msgs__rosidl_typesupport_introspection_cpp.dir/rosidl_typesupport_introspection_cpp/tide_msgs/msg/detail/shooter_state__type_support.cpp.o[0m
[ 30%] [32mBuilding CXX object CMakeFiles/tide_msgs__rosidl_typesupport_c.dir/rosidl_typesupport_c/tide_msgs/msg/armors__type_support.cpp.o[0m
[ 30%] [32mBuilding CXX object CMakeFiles/tide_msgs__rosidl_typesupport_c.dir/rosidl_typesupport_c/tide_msgs/msg/debug_armor__type_support.cpp.o[0m
[ 30%] [32mBuilding CXX object CMakeFiles/tide_msgs__rosidl_typesupport_c.dir/rosidl_typesupport_c/tide_msgs/msg/debug_armors__type_support.cpp.o[0m
[ 31%] [32mBuilding CXX object CMakeFiles/tide_msgs__rosidl_typesupport_c.dir/rosidl_typesupport_c/tide_msgs/msg/debug_light__type_support.cpp.o[0m
[ 31%] [32mBuilding CXX object CMakeFiles/tide_msgs__rosidl_typesupport_c.dir/rosidl_typesupport_c/tide_msgs/msg/debug_lights__type_support.cpp.o[0m
[ 31%] [32mBuilding CXX object CMakeFiles/tide_msgs__rosidl_typesupport_introspection_cpp.dir/rosidl_typesupport_introspection_cpp/tide_msgs/msg/detail/shooter_cmd__type_support.cpp.o[0m
[ 31%] [32mBuilding CXX object CMakeFiles/tide_msgs__rosidl_typesupport_introspection_cpp.dir/rosidl_typesupport_introspection_cpp/tide_msgs/msg/detail/bigyaw_state__type_support.cpp.o[0m
[ 31%] [32mBuilding CXX object CMakeFiles/tide_msgs__rosidl_typesupport_c.dir/rosidl_typesupport_c/tide_msgs/msg/target__type_support.cpp.o[0m
[ 31%] [32mBuilding CXX object CMakeFiles/tide_msgs__rosidl_typesupport_cpp.dir/rosidl_typesupport_cpp/tide_msgs/msg/ground_robot__type_support.cpp.o[0m
[ 32%] [32mBuilding CXX object CMakeFiles/tide_msgs__rosidl_typesupport_c.dir/rosidl_typesupport_c/tide_msgs/msg/time_info__type_support.cpp.o[0m
[ 33%] [32mBuilding CXX object CMakeFiles/tide_msgs__rosidl_typesupport_introspection_cpp.dir/rosidl_typesupport_introspection_cpp/tide_msgs/msg/detail/bigyaw_cmd__type_support.cpp.o[0m
[ 33%] [32mBuilding CXX object CMakeFiles/tide_msgs__rosidl_typesupport_fastrtps_cpp.dir/rosidl_typesupport_fastrtps_cpp/tide_msgs/msg/detail/dds_fastrtps/gimbal_state__type_support.cpp.o[0m
[ 33%] [32mBuilding CXX object CMakeFiles/tide_msgs__rosidl_typesupport_fastrtps_cpp.dir/rosidl_typesupport_fastrtps_cpp/tide_msgs/msg/detail/dds_fastrtps/gimbal_cmd__type_support.cpp.o[0m
[ 33%] [32mBuilding CXX object CMakeFiles/tide_msgs__rosidl_typesupport_c.dir/rosidl_typesupport_c/tide_msgs/msg/tracker_info__type_support.cpp.o[0m
[ 34%] [32mBuilding CXX object CMakeFiles/tide_msgs__rosidl_typesupport_c.dir/rosidl_typesupport_c/tide_msgs/msg/buff__type_support.cpp.o[0m
[ 35%] [32mBuilding CXX object CMakeFiles/tide_msgs__rosidl_typesupport_fastrtps_cpp.dir/rosidl_typesupport_fastrtps_cpp/tide_msgs/msg/detail/dds_fastrtps/shooter_state__type_support.cpp.o[0m
[ 35%] [32mBuilding CXX object CMakeFiles/tide_msgs__rosidl_typesupport_c.dir/rosidl_typesupport_c/tide_msgs/msg/bullet_remaining__type_support.cpp.o[0m
[ 35%] [32mBuilding CXX object CMakeFiles/tide_msgs__rosidl_typesupport_c.dir/rosidl_typesupport_c/tide_msgs/msg/event_data__type_support.cpp.o[0m
[ 36%] [32mBuilding CXX object CMakeFiles/tide_msgs__rosidl_typesupport_cpp.dir/rosidl_typesupport_cpp/tide_msgs/msg/interact_id__type_support.cpp.o[0m
[ 37%] [32mBuilding CXX object CMakeFiles/tide_msgs__rosidl_typesupport_c.dir/rosidl_typesupport_c/tide_msgs/msg/game_result__type_support.cpp.o[0m
[ 37%] [32mBuilding CXX object CMakeFiles/tide_msgs__rosidl_typesupport_c.dir/rosidl_typesupport_c/tide_msgs/msg/game_robot_hp__type_support.cpp.o[0m
[ 37%] [32mBuilding CXX object CMakeFiles/tide_msgs__rosidl_typesupport_c.dir/rosidl_typesupport_c/tide_msgs/msg/game_robot_pos__type_support.cpp.o[0m
[ 37%] [32mBuilding CXX object CMakeFiles/tide_msgs__rosidl_typesupport_fastrtps_cpp.dir/rosidl_typesupport_fastrtps_cpp/tide_msgs/msg/detail/dds_fastrtps/shooter_cmd__type_support.cpp.o[0m
[ 37%] [32mBuilding CXX object CMakeFiles/tide_msgs__rosidl_typesupport_cpp.dir/rosidl_typesupport_cpp/tide_msgs/msg/power_heat_data__type_support.cpp.o[0m
[ 38%] [32mBuilding CXX object CMakeFiles/tide_msgs__rosidl_typesupport_c.dir/rosidl_typesupport_c/tide_msgs/msg/game_robot_status__type_support.cpp.o[0m
[ 38%] [32mBuilding C object CMakeFiles/tide_msgs__rosidl_typesupport_introspection_c.dir/rosidl_typesupport_introspection_c/tide_msgs/msg/detail/gimbal_state__type_support.c.o[0m
[ 38%] [32mBuilding C object CMakeFiles/tide_msgs__rosidl_typesupport_introspection_c.dir/rosidl_typesupport_introspection_c/tide_msgs/msg/detail/gimbal_cmd__type_support.c.o[0m
[ 38%] [32mBuilding CXX object CMakeFiles/tide_msgs__rosidl_typesupport_c.dir/rosidl_typesupport_c/tide_msgs/msg/game_status__type_support.cpp.o[0m
[ 38%] [32mBuilding CXX object CMakeFiles/tide_msgs__rosidl_typesupport_cpp.dir/rosidl_typesupport_cpp/tide_msgs/msg/referee_data__type_support.cpp.o[0m
[ 39%] [32mBuilding C object CMakeFiles/tide_msgs__rosidl_typesupport_introspection_c.dir/rosidl_typesupport_introspection_c/tide_msgs/msg/detail/shooter_state__type_support.c.o[0m
[ 39%] [32mBuilding CXX object CMakeFiles/tide_msgs__rosidl_typesupport_c.dir/rosidl_typesupport_c/tide_msgs/msg/ground_robot__type_support.cpp.o[0m
[ 40%] [32mBuilding CXX object CMakeFiles/tide_msgs__rosidl_typesupport_c.dir/rosidl_typesupport_c/tide_msgs/msg/interact_id__type_support.cpp.o[0m
[ 40%] [32mBuilding CXX object CMakeFiles/tide_msgs__rosidl_typesupport_fastrtps_c.dir/rosidl_typesupport_fastrtps_c/tide_msgs/msg/detail/gimbal_state__type_support_c.cpp.o[0m
[ 40%] [32mBuilding CXX object CMakeFiles/tide_msgs__rosidl_typesupport_fastrtps_cpp.dir/rosidl_typesupport_fastrtps_cpp/tide_msgs/msg/detail/dds_fastrtps/bigyaw_state__type_support.cpp.o[0m
[ 40%] [32mBuilding CXX object CMakeFiles/tide_msgs__rosidl_typesupport_fastrtps_c.dir/rosidl_typesupport_fastrtps_c/tide_msgs/msg/detail/gimbal_cmd__type_support_c.cpp.o[0m
[ 40%] [32mBuilding CXX object CMakeFiles/tide_msgs__rosidl_typesupport_c.dir/rosidl_typesupport_c/tide_msgs/msg/power_heat_data__type_support.cpp.o[0m
[ 40%] [32mBuilding C object CMakeFiles/tide_msgs__rosidl_typesupport_introspection_c.dir/rosidl_typesupport_introspection_c/tide_msgs/msg/detail/shooter_cmd__type_support.c.o[0m
[ 41%] [32mBuilding CXX object CMakeFiles/tide_msgs__rosidl_typesupport_cpp.dir/rosidl_typesupport_cpp/tide_msgs/msg/referee_warning__type_support.cpp.o[0m
[ 41%] [32mBuilding CXX object CMakeFiles/tide_msgs__rosidl_typesupport_cpp.dir/rosidl_typesupport_cpp/tide_msgs/msg/rfid_status__type_support.cpp.o[0m
[ 41%] [32mBuilding CXX object CMakeFiles/tide_msgs__rosidl_typesupport_c.dir/rosidl_typesupport_c/tide_msgs/msg/referee_data__type_support.cpp.o[0m
[ 41%] [32mBuilding CXX object CMakeFiles/tide_msgs__rosidl_typesupport_introspection_cpp.dir/rosidl_typesupport_introspection_cpp/tide_msgs/msg/detail/fd_frame__type_support.cpp.o[0m
[ 42%] [32mBuilding C object CMakeFiles/tide_msgs__rosidl_typesupport_introspection_c.dir/rosidl_typesupport_introspection_c/tide_msgs/msg/detail/bigyaw_state__type_support.c.o[0m
[ 43%] [32mBuilding CXX object CMakeFiles/tide_msgs__rosidl_typesupport_fastrtps_cpp.dir/rosidl_typesupport_fastrtps_cpp/tide_msgs/msg/detail/dds_fastrtps/bigyaw_cmd__type_support.cpp.o[0m
[ 44%] [32mBuilding CXX object CMakeFiles/tide_msgs__rosidl_typesupport_c.dir/rosidl_typesupport_c/tide_msgs/msg/referee_warning__type_support.cpp.o[0m
[ 44%] [32mBuilding C object CMakeFiles/tide_msgs__rosidl_typesupport_introspection_c.dir/rosidl_typesupport_introspection_c/tide_msgs/msg/detail/bigyaw_cmd__type_support.c.o[0m
[ 44%] [32mBuilding CXX object CMakeFiles/tide_msgs__rosidl_typesupport_introspection_cpp.dir/rosidl_typesupport_introspection_cpp/tide_msgs/msg/detail/armor__type_support.cpp.o[0m
[ 44%] [32mBuilding CXX object CMakeFiles/tide_msgs__rosidl_typesupport_c.dir/rosidl_typesupport_c/tide_msgs/msg/rfid_status__type_support.cpp.o[0m
[ 44%] [32mBuilding C object CMakeFiles/tide_msgs__rosidl_typesupport_introspection_c.dir/rosidl_typesupport_introspection_c/tide_msgs/msg/detail/fd_frame__type_support.c.o[0m
[ 44%] [32mBuilding CXX object CMakeFiles/tide_msgs__rosidl_typesupport_c.dir/rosidl_typesupport_c/tide_msgs/msg/robot_hurt__type_support.cpp.o[0m
[ 45%] [32mBuilding CXX object CMakeFiles/tide_msgs__rosidl_typesupport_fastrtps_c.dir/rosidl_typesupport_fastrtps_c/tide_msgs/msg/detail/shooter_state__type_support_c.cpp.o[0m
[ 46%] [32mBuilding CXX object CMakeFiles/tide_msgs__rosidl_typesupport_c.dir/rosidl_typesupport_c/tide_msgs/msg/sentry_info__type_support.cpp.o[0m
[ 46%] [32mBuilding CXX object CMakeFiles/tide_msgs__rosidl_typesupport_fastrtps_c.dir/rosidl_typesupport_fastrtps_c/tide_msgs/msg/detail/shooter_cmd__type_support_c.cpp.o[0m
[ 47%] [32mBuilding C object CMakeFiles/tide_msgs__rosidl_typesupport_introspection_c.dir/rosidl_typesupport_introspection_c/tide_msgs/msg/detail/armor__type_support.c.o[0m
[ 48%] [32mBuilding CXX object CMakeFiles/tide_msgs__rosidl_typesupport_introspection_cpp.dir/rosidl_typesupport_introspection_cpp/tide_msgs/msg/detail/armors__type_support.cpp.o[0m
[ 48%] [32mBuilding CXX object CMakeFiles/tide_msgs__rosidl_typesupport_c.dir/rosidl_typesupport_c/tide_msgs/msg/shoot_data__type_support.cpp.o[0m
[ 48%] [32mBuilding CXX object CMakeFiles/tide_msgs__rosidl_typesupport_cpp.dir/rosidl_typesupport_cpp/tide_msgs/msg/robot_hurt__type_support.cpp.o[0m
[ 48%] [32mBuilding CXX object CMakeFiles/tide_msgs__rosidl_typesupport_introspection_cpp.dir/rosidl_typesupport_introspection_cpp/tide_msgs/msg/detail/debug_armor__type_support.cpp.o[0m
[ 48%] [32mBuilding CXX object CMakeFiles/tide_msgs__rosidl_typesupport_fastrtps_c.dir/rosidl_typesupport_fastrtps_c/tide_msgs/msg/detail/bigyaw_state__type_support_c.cpp.o[0m
[ 48%] [32mBuilding C object CMakeFiles/tide_msgs__rosidl_typesupport_introspection_c.dir/rosidl_typesupport_introspection_c/tide_msgs/msg/detail/armors__type_support.c.o[0m
[ 48%] [32m[1mLinking CXX shared library libtide_msgs__rosidl_typesupport_c.so[0m
[ 48%] [32mBuilding C object CMakeFiles/tide_msgs__rosidl_typesupport_introspection_c.dir/rosidl_typesupport_introspection_c/tide_msgs/msg/detail/debug_armor__type_support.c.o[0m
[ 48%] Built target tide_msgs__rosidl_typesupport_c
[ 49%] [32mBuilding C object CMakeFiles/tide_msgs__rosidl_typesupport_introspection_c.dir/rosidl_typesupport_introspection_c/tide_msgs/msg/detail/debug_armors__type_support.c.o[0m
[ 50%] [32mBuilding CXX object CMakeFiles/tide_msgs__rosidl_typesupport_fastrtps_c.dir/rosidl_typesupport_fastrtps_c/tide_msgs/msg/detail/bigyaw_cmd__type_support_c.cpp.o[0m
[ 50%] [32mBuilding C object CMakeFiles/tide_msgs__rosidl_typesupport_introspection_c.dir/rosidl_typesupport_introspection_c/tide_msgs/msg/detail/debug_light__type_support.c.o[0m
[ 50%] [32mBuilding C object CMakeFiles/tide_msgs__rosidl_typesupport_introspection_c.dir/rosidl_typesupport_introspection_c/tide_msgs/msg/detail/debug_lights__type_support.c.o[0m
[ 51%] [32mBuilding CXX object CMakeFiles/tide_msgs__rosidl_typesupport_cpp.dir/rosidl_typesupport_cpp/tide_msgs/msg/sentry_info__type_support.cpp.o[0m
[ 51%] [32mBuilding CXX object CMakeFiles/tide_msgs__rosidl_typesupport_fastrtps_c.dir/rosidl_typesupport_fastrtps_c/tide_msgs/msg/detail/fd_frame__type_support_c.cpp.o[0m
[ 52%] [32mBuilding C object CMakeFiles/tide_msgs__rosidl_typesupport_introspection_c.dir/rosidl_typesupport_introspection_c/tide_msgs/msg/detail/target__type_support.c.o[0m
[ 52%] [32mBuilding CXX object CMakeFiles/tide_msgs__rosidl_typesupport_fastrtps_cpp.dir/rosidl_typesupport_fastrtps_cpp/tide_msgs/msg/detail/dds_fastrtps/fd_frame__type_support.cpp.o[0m
[ 52%] [32mBuilding CXX object CMakeFiles/tide_msgs__rosidl_typesupport_fastrtps_c.dir/rosidl_typesupport_fastrtps_c/tide_msgs/msg/detail/armor__type_support_c.cpp.o[0m
[ 52%] [32mBuilding C object CMakeFiles/tide_msgs__rosidl_typesupport_introspection_c.dir/rosidl_typesupport_introspection_c/tide_msgs/msg/detail/time_info__type_support.c.o[0m
[ 52%] [32mBuilding C object CMakeFiles/tide_msgs__rosidl_typesupport_introspection_c.dir/rosidl_typesupport_introspection_c/tide_msgs/msg/detail/tracker_info__type_support.c.o[0m
[ 53%] [32mBuilding CXX object CMakeFiles/tide_msgs__rosidl_typesupport_fastrtps_c.dir/rosidl_typesupport_fastrtps_c/tide_msgs/msg/detail/armors__type_support_c.cpp.o[0m
[ 54%] [32mBuilding C object CMakeFiles/tide_msgs__rosidl_typesupport_introspection_c.dir/rosidl_typesupport_introspection_c/tide_msgs/msg/detail/buff__type_support.c.o[0m
[ 54%] [32mBuilding CXX object CMakeFiles/tide_msgs__rosidl_typesupport_cpp.dir/rosidl_typesupport_cpp/tide_msgs/msg/shoot_data__type_support.cpp.o[0m
[ 54%] [32mBuilding C object CMakeFiles/tide_msgs__rosidl_typesupport_introspection_c.dir/rosidl_typesupport_introspection_c/tide_msgs/msg/detail/bullet_remaining__type_support.c.o[0m
[ 54%] [32mBuilding CXX object CMakeFiles/tide_msgs__rosidl_typesupport_fastrtps_c.dir/rosidl_typesupport_fastrtps_c/tide_msgs/msg/detail/debug_armor__type_support_c.cpp.o[0m
[ 54%] [32mBuilding CXX object CMakeFiles/tide_msgs__rosidl_typesupport_fastrtps_cpp.dir/rosidl_typesupport_fastrtps_cpp/tide_msgs/msg/detail/dds_fastrtps/armor__type_support.cpp.o[0m
[ 55%] [32mBuilding CXX object CMakeFiles/tide_msgs__rosidl_typesupport_fastrtps_c.dir/rosidl_typesupport_fastrtps_c/tide_msgs/msg/detail/debug_armors__type_support_c.cpp.o[0m
[ 55%] [32mBuilding C object CMakeFiles/tide_msgs__rosidl_typesupport_introspection_c.dir/rosidl_typesupport_introspection_c/tide_msgs/msg/detail/event_data__type_support.c.o[0m
[ 56%] [32mBuilding C object CMakeFiles/tide_msgs__rosidl_typesupport_introspection_c.dir/rosidl_typesupport_introspection_c/tide_msgs/msg/detail/game_result__type_support.c.o[0m
[ 57%] [32mBuilding CXX object CMakeFiles/tide_msgs__rosidl_typesupport_fastrtps_cpp.dir/rosidl_typesupport_fastrtps_cpp/tide_msgs/msg/detail/dds_fastrtps/armors__type_support.cpp.o[0m
[ 57%] [32mBuilding CXX object CMakeFiles/tide_msgs__rosidl_typesupport_introspection_cpp.dir/rosidl_typesupport_introspection_cpp/tide_msgs/msg/detail/debug_armors__type_support.cpp.o[0m
[ 57%] [32mBuilding C object CMakeFiles/tide_msgs__rosidl_typesupport_introspection_c.dir/rosidl_typesupport_introspection_c/tide_msgs/msg/detail/game_robot_hp__type_support.c.o[0m
[ 57%] [32mBuilding CXX object CMakeFiles/tide_msgs__rosidl_typesupport_fastrtps_c.dir/rosidl_typesupport_fastrtps_c/tide_msgs/msg/detail/debug_light__type_support_c.cpp.o[0m
[ 57%] [32mBuilding C object CMakeFiles/tide_msgs__rosidl_typesupport_introspection_c.dir/rosidl_typesupport_introspection_c/tide_msgs/msg/detail/game_robot_pos__type_support.c.o[0m
[ 57%] [32m[1mLinking CXX shared library libtide_msgs__rosidl_typesupport_cpp.so[0m
[ 57%] [32mBuilding CXX object CMakeFiles/tide_msgs__rosidl_typesupport_fastrtps_c.dir/rosidl_typesupport_fastrtps_c/tide_msgs/msg/detail/debug_lights__type_support_c.cpp.o[0m
[ 58%] [32mBuilding C object CMakeFiles/tide_msgs__rosidl_typesupport_introspection_c.dir/rosidl_typesupport_introspection_c/tide_msgs/msg/detail/game_robot_status__type_support.c.o[0m
[ 58%] [32mBuilding C object CMakeFiles/tide_msgs__rosidl_typesupport_introspection_c.dir/rosidl_typesupport_introspection_c/tide_msgs/msg/detail/game_status__type_support.c.o[0m
[ 59%] [32mBuilding CXX object CMakeFiles/tide_msgs__rosidl_typesupport_fastrtps_c.dir/rosidl_typesupport_fastrtps_c/tide_msgs/msg/detail/target__type_support_c.cpp.o[0m
[ 59%] Built target tide_msgs__rosidl_typesupport_cpp
[ 60%] [32mBuilding CXX object CMakeFiles/tide_msgs__rosidl_typesupport_introspection_cpp.dir/rosidl_typesupport_introspection_cpp/tide_msgs/msg/detail/debug_light__type_support.cpp.o[0m
[ 60%] [32mBuilding C object CMakeFiles/tide_msgs__rosidl_typesupport_introspection_c.dir/rosidl_typesupport_introspection_c/tide_msgs/msg/detail/ground_robot__type_support.c.o[0m
[ 60%] [32mBuilding CXX object CMakeFiles/tide_msgs__rosidl_typesupport_fastrtps_c.dir/rosidl_typesupport_fastrtps_c/tide_msgs/msg/detail/time_info__type_support_c.cpp.o[0m
[ 61%] [32mBuilding C object CMakeFiles/tide_msgs__rosidl_typesupport_introspection_c.dir/rosidl_typesupport_introspection_c/tide_msgs/msg/detail/interact_id__type_support.c.o[0m
[ 61%] [32mBuilding CXX object CMakeFiles/tide_msgs__rosidl_typesupport_fastrtps_cpp.dir/rosidl_typesupport_fastrtps_cpp/tide_msgs/msg/detail/dds_fastrtps/debug_armor__type_support.cpp.o[0m
[ 61%] [32mBuilding C object CMakeFiles/tide_msgs__rosidl_typesupport_introspection_c.dir/rosidl_typesupport_introspection_c/tide_msgs/msg/detail/power_heat_data__type_support.c.o[0m
[ 61%] [32mBuilding CXX object CMakeFiles/tide_msgs__rosidl_typesupport_introspection_cpp.dir/rosidl_typesupport_introspection_cpp/tide_msgs/msg/detail/debug_lights__type_support.cpp.o[0m
[ 61%] [32mBuilding CXX object CMakeFiles/tide_msgs__rosidl_typesupport_fastrtps_c.dir/rosidl_typesupport_fastrtps_c/tide_msgs/msg/detail/tracker_info__type_support_c.cpp.o[0m
[ 62%] [32mBuilding C object CMakeFiles/tide_msgs__rosidl_typesupport_introspection_c.dir/rosidl_typesupport_introspection_c/tide_msgs/msg/detail/referee_data__type_support.c.o[0m
[ 63%] [32mBuilding CXX object CMakeFiles/tide_msgs__rosidl_typesupport_fastrtps_c.dir/rosidl_typesupport_fastrtps_c/tide_msgs/msg/detail/buff__type_support_c.cpp.o[0m
[ 64%] [32mBuilding CXX object CMakeFiles/tide_msgs__rosidl_typesupport_introspection_cpp.dir/rosidl_typesupport_introspection_cpp/tide_msgs/msg/detail/target__type_support.cpp.o[0m
[ 64%] [32mBuilding CXX object CMakeFiles/tide_msgs__rosidl_typesupport_fastrtps_cpp.dir/rosidl_typesupport_fastrtps_cpp/tide_msgs/msg/detail/dds_fastrtps/debug_armors__type_support.cpp.o[0m
[ 64%] [32mBuilding C object CMakeFiles/tide_msgs__rosidl_typesupport_introspection_c.dir/rosidl_typesupport_introspection_c/tide_msgs/msg/detail/referee_warning__type_support.c.o[0m
[ 64%] [32mBuilding CXX object CMakeFiles/tide_msgs__rosidl_typesupport_fastrtps_c.dir/rosidl_typesupport_fastrtps_c/tide_msgs/msg/detail/bullet_remaining__type_support_c.cpp.o[0m
[ 64%] [32mBuilding C object CMakeFiles/tide_msgs__rosidl_typesupport_introspection_c.dir/rosidl_typesupport_introspection_c/tide_msgs/msg/detail/rfid_status__type_support.c.o[0m
[ 64%] [32mBuilding CXX object CMakeFiles/tide_msgs__rosidl_typesupport_introspection_cpp.dir/rosidl_typesupport_introspection_cpp/tide_msgs/msg/detail/time_info__type_support.cpp.o[0m
[ 65%] [32mBuilding C object CMakeFiles/tide_msgs__rosidl_typesupport_introspection_c.dir/rosidl_typesupport_introspection_c/tide_msgs/msg/detail/robot_hurt__type_support.c.o[0m
[ 65%] [32mBuilding CXX object CMakeFiles/tide_msgs__rosidl_typesupport_introspection_cpp.dir/rosidl_typesupport_introspection_cpp/tide_msgs/msg/detail/tracker_info__type_support.cpp.o[0m
[ 66%] [32mBuilding CXX object CMakeFiles/tide_msgs__rosidl_typesupport_fastrtps_cpp.dir/rosidl_typesupport_fastrtps_cpp/tide_msgs/msg/detail/dds_fastrtps/debug_light__type_support.cpp.o[0m
[ 66%] [32mBuilding CXX object CMakeFiles/tide_msgs__rosidl_typesupport_fastrtps_cpp.dir/rosidl_typesupport_fastrtps_cpp/tide_msgs/msg/detail/dds_fastrtps/debug_lights__type_support.cpp.o[0m
[ 66%] [32mBuilding C object CMakeFiles/tide_msgs__rosidl_typesupport_introspection_c.dir/rosidl_typesupport_introspection_c/tide_msgs/msg/detail/sentry_info__type_support.c.o[0m
[ 66%] [32mBuilding C object CMakeFiles/tide_msgs__rosidl_typesupport_introspection_c.dir/rosidl_typesupport_introspection_c/tide_msgs/msg/detail/shoot_data__type_support.c.o[0m
[ 67%] [32mBuilding CXX object CMakeFiles/tide_msgs__rosidl_typesupport_introspection_cpp.dir/rosidl_typesupport_introspection_cpp/tide_msgs/msg/detail/buff__type_support.cpp.o[0m
[ 67%] [32mBuilding CXX object CMakeFiles/tide_msgs__rosidl_typesupport_fastrtps_cpp.dir/rosidl_typesupport_fastrtps_cpp/tide_msgs/msg/detail/dds_fastrtps/target__type_support.cpp.o[0m
[ 68%] [32m[1mLinking C shared library libtide_msgs__rosidl_typesupport_introspection_c.so[0m
[ 69%] [32mBuilding CXX object CMakeFiles/tide_msgs__rosidl_typesupport_fastrtps_cpp.dir/rosidl_typesupport_fastrtps_cpp/tide_msgs/msg/detail/dds_fastrtps/time_info__type_support.cpp.o[0m
[ 69%] Built target tide_msgs__rosidl_typesupport_introspection_c
[ 69%] [32mBuilding CXX object CMakeFiles/tide_msgs__rosidl_typesupport_fastrtps_c.dir/rosidl_typesupport_fastrtps_c/tide_msgs/msg/detail/event_data__type_support_c.cpp.o[0m
[ 70%] [32mBuilding CXX object CMakeFiles/tide_msgs__rosidl_typesupport_fastrtps_c.dir/rosidl_typesupport_fastrtps_c/tide_msgs/msg/detail/game_result__type_support_c.cpp.o[0m
[ 70%] [32mBuilding CXX object CMakeFiles/tide_msgs__rosidl_typesupport_introspection_cpp.dir/rosidl_typesupport_introspection_cpp/tide_msgs/msg/detail/bullet_remaining__type_support.cpp.o[0m
[ 70%] [32mBuilding CXX object CMakeFiles/tide_msgs__rosidl_typesupport_fastrtps_cpp.dir/rosidl_typesupport_fastrtps_cpp/tide_msgs/msg/detail/dds_fastrtps/tracker_info__type_support.cpp.o[0m
[ 70%] [32mBuilding CXX object CMakeFiles/tide_msgs__rosidl_typesupport_fastrtps_c.dir/rosidl_typesupport_fastrtps_c/tide_msgs/msg/detail/game_robot_hp__type_support_c.cpp.o[0m
[ 70%] [32mBuilding CXX object CMakeFiles/tide_msgs__rosidl_typesupport_fastrtps_cpp.dir/rosidl_typesupport_fastrtps_cpp/tide_msgs/msg/detail/dds_fastrtps/buff__type_support.cpp.o[0m
[ 70%] [32mBuilding CXX object CMakeFiles/tide_msgs__rosidl_typesupport_introspection_cpp.dir/rosidl_typesupport_introspection_cpp/tide_msgs/msg/detail/event_data__type_support.cpp.o[0m
[ 71%] [32mBuilding CXX object CMakeFiles/tide_msgs__rosidl_typesupport_fastrtps_cpp.dir/rosidl_typesupport_fastrtps_cpp/tide_msgs/msg/detail/dds_fastrtps/bullet_remaining__type_support.cpp.o[0m
[ 71%] [32mBuilding CXX object CMakeFiles/tide_msgs__rosidl_typesupport_fastrtps_cpp.dir/rosidl_typesupport_fastrtps_cpp/tide_msgs/msg/detail/dds_fastrtps/event_data__type_support.cpp.o[0m
[ 71%] [32mBuilding CXX object CMakeFiles/tide_msgs__rosidl_typesupport_fastrtps_c.dir/rosidl_typesupport_fastrtps_c/tide_msgs/msg/detail/game_robot_pos__type_support_c.cpp.o[0m
[ 72%] [32mBuilding CXX object CMakeFiles/tide_msgs__rosidl_typesupport_introspection_cpp.dir/rosidl_typesupport_introspection_cpp/tide_msgs/msg/detail/game_result__type_support.cpp.o[0m
[ 73%] [32mBuilding CXX object CMakeFiles/tide_msgs__rosidl_typesupport_fastrtps_cpp.dir/rosidl_typesupport_fastrtps_cpp/tide_msgs/msg/detail/dds_fastrtps/game_result__type_support.cpp.o[0m
[ 73%] [32mBuilding CXX object CMakeFiles/tide_msgs__rosidl_typesupport_fastrtps_cpp.dir/rosidl_typesupport_fastrtps_cpp/tide_msgs/msg/detail/dds_fastrtps/game_robot_hp__type_support.cpp.o[0m
[ 73%] [32mBuilding CXX object CMakeFiles/tide_msgs__rosidl_typesupport_fastrtps_cpp.dir/rosidl_typesupport_fastrtps_cpp/tide_msgs/msg/detail/dds_fastrtps/game_robot_pos__type_support.cpp.o[0m
[ 74%] [32mBuilding CXX object CMakeFiles/tide_msgs__rosidl_typesupport_fastrtps_c.dir/rosidl_typesupport_fastrtps_c/tide_msgs/msg/detail/game_robot_status__type_support_c.cpp.o[0m
[ 75%] [32mBuilding CXX object CMakeFiles/tide_msgs__rosidl_typesupport_fastrtps_cpp.dir/rosidl_typesupport_fastrtps_cpp/tide_msgs/msg/detail/dds_fastrtps/game_robot_status__type_support.cpp.o[0m
[ 75%] [32mBuilding CXX object CMakeFiles/tide_msgs__rosidl_typesupport_introspection_cpp.dir/rosidl_typesupport_introspection_cpp/tide_msgs/msg/detail/game_robot_hp__type_support.cpp.o[0m
[ 75%] [32mBuilding CXX object CMakeFiles/tide_msgs__rosidl_typesupport_fastrtps_c.dir/rosidl_typesupport_fastrtps_c/tide_msgs/msg/detail/game_status__type_support_c.cpp.o[0m
[ 75%] [32mBuilding CXX object CMakeFiles/tide_msgs__rosidl_typesupport_introspection_cpp.dir/rosidl_typesupport_introspection_cpp/tide_msgs/msg/detail/game_robot_pos__type_support.cpp.o[0m
[ 76%] [32mBuilding CXX object CMakeFiles/tide_msgs__rosidl_typesupport_introspection_cpp.dir/rosidl_typesupport_introspection_cpp/tide_msgs/msg/detail/game_robot_status__type_support.cpp.o[0m
[ 76%] [32mBuilding CXX object CMakeFiles/tide_msgs__rosidl_typesupport_introspection_cpp.dir/rosidl_typesupport_introspection_cpp/tide_msgs/msg/detail/game_status__type_support.cpp.o[0m
[ 76%] [32mBuilding CXX object CMakeFiles/tide_msgs__rosidl_typesupport_fastrtps_c.dir/rosidl_typesupport_fastrtps_c/tide_msgs/msg/detail/ground_robot__type_support_c.cpp.o[0m
[ 76%] [32mBuilding CXX object CMakeFiles/tide_msgs__rosidl_typesupport_fastrtps_cpp.dir/rosidl_typesupport_fastrtps_cpp/tide_msgs/msg/detail/dds_fastrtps/game_status__type_support.cpp.o[0m
[ 77%] [32mBuilding CXX object CMakeFiles/tide_msgs__rosidl_typesupport_fastrtps_c.dir/rosidl_typesupport_fastrtps_c/tide_msgs/msg/detail/interact_id__type_support_c.cpp.o[0m
[ 77%] [32mBuilding CXX object CMakeFiles/tide_msgs__rosidl_typesupport_fastrtps_cpp.dir/rosidl_typesupport_fastrtps_cpp/tide_msgs/msg/detail/dds_fastrtps/ground_robot__type_support.cpp.o[0m
[ 78%] [32mBuilding CXX object CMakeFiles/tide_msgs__rosidl_typesupport_fastrtps_cpp.dir/rosidl_typesupport_fastrtps_cpp/tide_msgs/msg/detail/dds_fastrtps/interact_id__type_support.cpp.o[0m
[ 78%] [32mBuilding CXX object CMakeFiles/tide_msgs__rosidl_typesupport_fastrtps_c.dir/rosidl_typesupport_fastrtps_c/tide_msgs/msg/detail/power_heat_data__type_support_c.cpp.o[0m
[ 78%] [32mBuilding CXX object CMakeFiles/tide_msgs__rosidl_typesupport_introspection_cpp.dir/rosidl_typesupport_introspection_cpp/tide_msgs/msg/detail/ground_robot__type_support.cpp.o[0m
[ 78%] [32mBuilding CXX object CMakeFiles/tide_msgs__rosidl_typesupport_fastrtps_cpp.dir/rosidl_typesupport_fastrtps_cpp/tide_msgs/msg/detail/dds_fastrtps/power_heat_data__type_support.cpp.o[0m
[ 78%] [32mBuilding CXX object CMakeFiles/tide_msgs__rosidl_typesupport_fastrtps_cpp.dir/rosidl_typesupport_fastrtps_cpp/tide_msgs/msg/detail/dds_fastrtps/referee_data__type_support.cpp.o[0m
[ 78%] [32mBuilding CXX object CMakeFiles/tide_msgs__rosidl_typesupport_fastrtps_c.dir/rosidl_typesupport_fastrtps_c/tide_msgs/msg/detail/referee_data__type_support_c.cpp.o[0m
[ 79%] [32mBuilding CXX object CMakeFiles/tide_msgs__rosidl_typesupport_introspection_cpp.dir/rosidl_typesupport_introspection_cpp/tide_msgs/msg/detail/interact_id__type_support.cpp.o[0m
[ 79%] [32mBuilding CXX object CMakeFiles/tide_msgs__rosidl_typesupport_introspection_cpp.dir/rosidl_typesupport_introspection_cpp/tide_msgs/msg/detail/power_heat_data__type_support.cpp.o[0m
[ 80%] [32mBuilding CXX object CMakeFiles/tide_msgs__rosidl_typesupport_fastrtps_c.dir/rosidl_typesupport_fastrtps_c/tide_msgs/msg/detail/referee_warning__type_support_c.cpp.o[0m
[ 81%] [32mBuilding CXX object CMakeFiles/tide_msgs__rosidl_typesupport_fastrtps_cpp.dir/rosidl_typesupport_fastrtps_cpp/tide_msgs/msg/detail/dds_fastrtps/referee_warning__type_support.cpp.o[0m
[ 81%] [32mBuilding CXX object CMakeFiles/tide_msgs__rosidl_typesupport_introspection_cpp.dir/rosidl_typesupport_introspection_cpp/tide_msgs/msg/detail/referee_data__type_support.cpp.o[0m
[ 81%] [32mBuilding CXX object CMakeFiles/tide_msgs__rosidl_typesupport_fastrtps_c.dir/rosidl_typesupport_fastrtps_c/tide_msgs/msg/detail/rfid_status__type_support_c.cpp.o[0m
[ 81%] [32mBuilding CXX object CMakeFiles/tide_msgs__rosidl_typesupport_fastrtps_cpp.dir/rosidl_typesupport_fastrtps_cpp/tide_msgs/msg/detail/dds_fastrtps/rfid_status__type_support.cpp.o[0m
[ 82%] [32mBuilding CXX object CMakeFiles/tide_msgs__rosidl_typesupport_introspection_cpp.dir/rosidl_typesupport_introspection_cpp/tide_msgs/msg/detail/referee_warning__type_support.cpp.o[0m
[ 82%] [32mBuilding CXX object CMakeFiles/tide_msgs__rosidl_typesupport_fastrtps_cpp.dir/rosidl_typesupport_fastrtps_cpp/tide_msgs/msg/detail/dds_fastrtps/robot_hurt__type_support.cpp.o[0m
[ 82%] [32mBuilding CXX object CMakeFiles/tide_msgs__rosidl_typesupport_introspection_cpp.dir/rosidl_typesupport_introspection_cpp/tide_msgs/msg/detail/rfid_status__type_support.cpp.o[0m
[ 82%] [32mBuilding CXX object CMakeFiles/tide_msgs__rosidl_typesupport_introspection_cpp.dir/rosidl_typesupport_introspection_cpp/tide_msgs/msg/detail/robot_hurt__type_support.cpp.o[0m
[ 83%] [32mBuilding CXX object CMakeFiles/tide_msgs__rosidl_typesupport_fastrtps_cpp.dir/rosidl_typesupport_fastrtps_cpp/tide_msgs/msg/detail/dds_fastrtps/sentry_info__type_support.cpp.o[0m
[ 83%] [32mBuilding CXX object CMakeFiles/tide_msgs__rosidl_typesupport_fastrtps_c.dir/rosidl_typesupport_fastrtps_c/tide_msgs/msg/detail/robot_hurt__type_support_c.cpp.o[0m
[ 84%] [32mBuilding CXX object CMakeFiles/tide_msgs__rosidl_typesupport_introspection_cpp.dir/rosidl_typesupport_introspection_cpp/tide_msgs/msg/detail/sentry_info__type_support.cpp.o[0m
[ 84%] [32mBuilding CXX object CMakeFiles/tide_msgs__rosidl_typesupport_introspection_cpp.dir/rosidl_typesupport_introspection_cpp/tide_msgs/msg/detail/shoot_data__type_support.cpp.o[0m
[ 84%] [32mBuilding CXX object CMakeFiles/tide_msgs__rosidl_typesupport_fastrtps_cpp.dir/rosidl_typesupport_fastrtps_cpp/tide_msgs/msg/detail/dds_fastrtps/shoot_data__type_support.cpp.o[0m
[ 85%] [32mBuilding CXX object CMakeFiles/tide_msgs__rosidl_typesupport_fastrtps_c.dir/rosidl_typesupport_fastrtps_c/tide_msgs/msg/detail/sentry_info__type_support_c.cpp.o[0m
[ 85%] [32mBuilding CXX object CMakeFiles/tide_msgs__rosidl_typesupport_fastrtps_c.dir/rosidl_typesupport_fastrtps_c/tide_msgs/msg/detail/shoot_data__type_support_c.cpp.o[0m
[ 85%] [32m[1mLinking CXX shared library libtide_msgs__rosidl_typesupport_fastrtps_cpp.so[0m
[ 86%] [32m[1mLinking CXX shared library libtide_msgs__rosidl_typesupport_introspection_cpp.so[0m
[ 87%] [32m[1mLinking CXX shared library libtide_msgs__rosidl_typesupport_fastrtps_c.so[0m
[ 87%] Built target tide_msgs__rosidl_typesupport_fastrtps_cpp
[ 87%] Built target tide_msgs__rosidl_typesupport_introspection_cpp
