[0.054s] Invoking command in '/home/luis/azure_sky_ros2/build/tide_msgs': CMAKE_PREFIX_PATH=${CMAKE_PREFIX_PATH}:/opt/ros/humble /usr/bin/cmake /home/luis/azure_sky_ros2/src/tide_msgs -DCMAKE_INSTALL_PREFIX=/home/luis/azure_sky_ros2/install/tide_msgs
[0.211s] -- The C compiler identification is GNU 12.3.0
[0.356s] -- The CXX compiler identification is GNU 11.4.0
[0.372s] -- Detecting C compiler ABI info
[0.555s] -- Detecting C compiler ABI info - done
[0.573s] -- Check for working C compiler: /usr/bin/cc - skipped
[0.573s] -- Detecting C compile features
[0.574s] -- Detecting C compile features - done
[0.579s] -- Detecting CXX compiler ABI info
[0.788s] -- Detecting CXX compiler ABI info - done
[0.800s] -- Check for working CXX compiler: /usr/bin/c++ - skipped
[0.800s] -- Detecting CXX compile features
[0.801s] -- Detecting CXX compile features - done
[0.805s] -- Found ament_cmake: 1.3.11 (/opt/ros/humble/share/ament_cmake/cmake)
[1.169s] -- Found Python3: /usr/bin/python3 (found version "3.10.12") found components: Interpreter 
[1.368s] -- Found geometry_msgs: 4.9.0 (/opt/ros/humble/share/geometry_msgs/cmake)
[1.433s] -- Found rosidl_generator_c: 3.1.6 (/opt/ros/humble/share/rosidl_generator_c/cmake)
[1.445s] -- Found rosidl_adapter: 3.1.6 (/opt/ros/humble/share/rosidl_adapter/cmake)
[1.464s] -- Found rosidl_generator_cpp: 3.1.6 (/opt/ros/humble/share/rosidl_generator_cpp/cmake)
[1.486s] -- Using all available rosidl_typesupport_c: rosidl_typesupport_fastrtps_c;rosidl_typesupport_introspection_c
[1.514s] -- Using all available rosidl_typesupport_cpp: rosidl_typesupport_fastrtps_cpp;rosidl_typesupport_introspection_cpp
[1.575s] -- Found rosidl_default_generators: 1.2.0 (/opt/ros/humble/share/rosidl_default_generators/cmake)
[2.563s] -- Found ament_cmake_ros: 0.10.0 (/opt/ros/humble/share/ament_cmake_ros/cmake)
[3.354s] -- Using all available rosidl_typesupport_c: rosidl_typesupport_fastrtps_c;rosidl_typesupport_introspection_c
[3.735s] -- Using all available rosidl_typesupport_cpp: rosidl_typesupport_fastrtps_cpp;rosidl_typesupport_introspection_cpp
[3.792s] -- Found PythonInterp: /usr/bin/python3 (found suitable version "3.10.12", minimum required is "3.6") 
[3.796s] -- Found python_cmake_module: 0.10.0 (/opt/ros/humble/share/python_cmake_module/cmake)
[3.865s] -- Found PythonLibs: /usr/lib/x86_64-linux-gnu/libpython3.10.so (found suitable version "3.10.12", minimum required is "3.5") 
[3.865s] -- Using PYTHON_EXECUTABLE: /usr/bin/python3
[3.865s] -- Using PYTHON_INCLUDE_DIRS: /usr/include/python3.10
[3.865s] -- Using PYTHON_LIBRARIES: /usr/lib/x86_64-linux-gnu/libpython3.10.so
[3.917s] -- Found PythonExtra: .so  
[4.134s] -- Found ament_lint_auto: 0.12.12 (/opt/ros/humble/share/ament_lint_auto/cmake)
[4.186s] -- Added test 'copyright' to check source files copyright and LICENSE
[4.203s] -- Added test 'lint_cmake' to check CMake code style
[4.220s] -- Added test 'xmllint' to check XML markup files
[4.237s] -- Configuring done
[4.481s] -- Generating done
[4.534s] -- Build files have been written to: /home/luis/azure_sky_ros2/build/tide_msgs
[4.572s] Invoked command in '/home/luis/azure_sky_ros2/build/tide_msgs' returned '0': CMAKE_PREFIX_PATH=${CMAKE_PREFIX_PATH}:/opt/ros/humble /usr/bin/cmake /home/luis/azure_sky_ros2/src/tide_msgs -DCMAKE_INSTALL_PREFIX=/home/luis/azure_sky_ros2/install/tide_msgs
[4.581s] Invoking command in '/home/luis/azure_sky_ros2/build/tide_msgs': CMAKE_PREFIX_PATH=${CMAKE_PREFIX_PATH}:/opt/ros/humble /usr/bin/cmake --build /home/luis/azure_sky_ros2/build/tide_msgs -- -j12 -l12
[4.893s] [  1%] [34m[1mGenerating C code for ROS interfaces[0m
[4.955s] [  1%] [34m[1mGenerating C++ code for ROS interfaces[0m
[5.019s] [  1%] Built target ament_cmake_python_copy_tide_msgs
[5.972s] running egg_info
[5.983s] creating tide_msgs.egg-info
[5.983s] writing tide_msgs.egg-info/PKG-INFO
[5.984s] writing dependency_links to tide_msgs.egg-info/dependency_links.txt
[5.984s] writing top-level names to tide_msgs.egg-info/top_level.txt
[5.984s] writing manifest file 'tide_msgs.egg-info/SOURCES.txt'
[5.990s] reading manifest file 'tide_msgs.egg-info/SOURCES.txt'
[5.992s] writing manifest file 'tide_msgs.egg-info/SOURCES.txt'
[6.134s] [  1%] Built target ament_cmake_python_build_tide_msgs_egg
[14.024s] [  1%] Built target tide_msgs__cpp
[14.076s] [  1%] [34m[1mGenerating C++ type support dispatch for ROS interfaces[0m
[14.091s] [  2%] [34m[1mGenerating C++ type support for eProsima Fast-RTPS[0m
[14.095s] [  3%] [34m[1mGenerating C++ introspection for ROS interfaces[0m
[14.586s] [  3%] [32mBuilding C object CMakeFiles/tide_msgs__rosidl_generator_c.dir/rosidl_generator_c/tide_msgs/msg/detail/gimbal_state__functions.c.o[0m
[14.586s] [  4%] [32mBuilding C object CMakeFiles/tide_msgs__rosidl_generator_c.dir/rosidl_generator_c/tide_msgs/msg/detail/shooter_state__functions.c.o[0m
[14.592s] [  4%] [32mBuilding C object CMakeFiles/tide_msgs__rosidl_generator_c.dir/rosidl_generator_c/tide_msgs/msg/detail/shooter_cmd__functions.c.o[0m
[14.592s] [  4%] [32mBuilding C object CMakeFiles/tide_msgs__rosidl_generator_c.dir/rosidl_generator_c/tide_msgs/msg/detail/gimbal_cmd__functions.c.o[0m
[14.603s] [  5%] [32mBuilding C object CMakeFiles/tide_msgs__rosidl_generator_c.dir/rosidl_generator_c/tide_msgs/msg/detail/bigyaw_cmd__functions.c.o[0m
[14.607s] [  5%] [32mBuilding C object CMakeFiles/tide_msgs__rosidl_generator_c.dir/rosidl_generator_c/tide_msgs/msg/detail/bigyaw_state__functions.c.o[0m
[14.609s] [  5%] [32mBuilding C object CMakeFiles/tide_msgs__rosidl_generator_c.dir/rosidl_generator_c/tide_msgs/msg/detail/armor__functions.c.o[0m
[14.612s] [  6%] [32mBuilding C object CMakeFiles/tide_msgs__rosidl_generator_c.dir/rosidl_generator_c/tide_msgs/msg/detail/armors__functions.c.o[0m
[14.621s] [  6%] [32mBuilding C object CMakeFiles/tide_msgs__rosidl_generator_c.dir/rosidl_generator_c/tide_msgs/msg/detail/fd_frame__functions.c.o[0m
[14.741s] [  6%] [32mBuilding C object CMakeFiles/tide_msgs__rosidl_generator_c.dir/rosidl_generator_c/tide_msgs/msg/detail/debug_armor__functions.c.o[0m
[14.767s] [  7%] [32mBuilding C object CMakeFiles/tide_msgs__rosidl_generator_c.dir/rosidl_generator_c/tide_msgs/msg/detail/debug_light__functions.c.o[0m
[14.772s] [  7%] [32mBuilding C object CMakeFiles/tide_msgs__rosidl_generator_c.dir/rosidl_generator_c/tide_msgs/msg/detail/debug_armors__functions.c.o[0m
[14.798s] [  8%] [32mBuilding C object CMakeFiles/tide_msgs__rosidl_generator_c.dir/rosidl_generator_c/tide_msgs/msg/detail/time_info__functions.c.o[0m
[14.808s] [  8%] [32mBuilding C object CMakeFiles/tide_msgs__rosidl_generator_c.dir/rosidl_generator_c/tide_msgs/msg/detail/debug_lights__functions.c.o[0m
[14.819s] [  8%] [32mBuilding C object CMakeFiles/tide_msgs__rosidl_generator_c.dir/rosidl_generator_c/tide_msgs/msg/detail/target__functions.c.o[0m
[14.820s] [  8%] [32mBuilding C object CMakeFiles/tide_msgs__rosidl_generator_c.dir/rosidl_generator_c/tide_msgs/msg/detail/tracker_info__functions.c.o[0m
[14.840s] [  8%] [32mBuilding C object CMakeFiles/tide_msgs__rosidl_generator_c.dir/rosidl_generator_c/tide_msgs/msg/detail/buff__functions.c.o[0m
[14.848s] [  9%] [32mBuilding C object CMakeFiles/tide_msgs__rosidl_generator_c.dir/rosidl_generator_c/tide_msgs/msg/detail/bullet_remaining__functions.c.o[0m
[14.898s] [  9%] [32mBuilding C object CMakeFiles/tide_msgs__rosidl_generator_c.dir/rosidl_generator_c/tide_msgs/msg/detail/event_data__functions.c.o[0m
[14.953s] [ 10%] [32mBuilding C object CMakeFiles/tide_msgs__rosidl_generator_c.dir/rosidl_generator_c/tide_msgs/msg/detail/game_result__functions.c.o[0m
[14.977s] [ 10%] [32mBuilding C object CMakeFiles/tide_msgs__rosidl_generator_c.dir/rosidl_generator_c/tide_msgs/msg/detail/game_robot_hp__functions.c.o[0m
[14.988s] [ 10%] [32mBuilding C object CMakeFiles/tide_msgs__rosidl_generator_c.dir/rosidl_generator_c/tide_msgs/msg/detail/game_robot_pos__functions.c.o[0m
[14.997s] [ 11%] [32mBuilding C object CMakeFiles/tide_msgs__rosidl_generator_c.dir/rosidl_generator_c/tide_msgs/msg/detail/game_robot_status__functions.c.o[0m
[14.997s] [ 11%] [32mBuilding C object CMakeFiles/tide_msgs__rosidl_generator_c.dir/rosidl_generator_c/tide_msgs/msg/detail/game_status__functions.c.o[0m
[15.019s] [ 11%] [32mBuilding C object CMakeFiles/tide_msgs__rosidl_generator_c.dir/rosidl_generator_c/tide_msgs/msg/detail/ground_robot__functions.c.o[0m
[15.031s] [ 12%] [32mBuilding C object CMakeFiles/tide_msgs__rosidl_generator_c.dir/rosidl_generator_c/tide_msgs/msg/detail/interact_id__functions.c.o[0m
[15.053s] [ 12%] [32mBuilding C object CMakeFiles/tide_msgs__rosidl_generator_c.dir/rosidl_generator_c/tide_msgs/msg/detail/power_heat_data__functions.c.o[0m
[15.090s] [ 12%] [32mBuilding C object CMakeFiles/tide_msgs__rosidl_generator_c.dir/rosidl_generator_c/tide_msgs/msg/detail/referee_data__functions.c.o[0m
[15.094s] [ 13%] [32mBuilding C object CMakeFiles/tide_msgs__rosidl_generator_c.dir/rosidl_generator_c/tide_msgs/msg/detail/referee_warning__functions.c.o[0m
[15.113s] [ 13%] [32mBuilding C object CMakeFiles/tide_msgs__rosidl_generator_c.dir/rosidl_generator_c/tide_msgs/msg/detail/rfid_status__functions.c.o[0m
[15.124s] [ 13%] [32mBuilding C object CMakeFiles/tide_msgs__rosidl_generator_c.dir/rosidl_generator_c/tide_msgs/msg/detail/robot_hurt__functions.c.o[0m
[15.154s] [ 14%] [32mBuilding C object CMakeFiles/tide_msgs__rosidl_generator_c.dir/rosidl_generator_c/tide_msgs/msg/detail/sentry_info__functions.c.o[0m
[15.204s] [ 14%] [32mBuilding C object CMakeFiles/tide_msgs__rosidl_generator_c.dir/rosidl_generator_c/tide_msgs/msg/detail/shoot_data__functions.c.o[0m
[15.293s] [ 14%] [32m[1mLinking C shared library libtide_msgs__rosidl_generator_c.so[0m
[15.370s] [ 14%] Built target tide_msgs__rosidl_generator_c
[15.393s] [ 15%] [34m[1mGenerating C introspection for ROS interfaces[0m
[15.395s] [ 17%] [34m[1mGenerating C type support for eProsima Fast-RTPS[0m
[15.396s] [ 17%] [34m[1mGenerating C type support dispatch for ROS interfaces[0m
[16.607s] [ 17%] [32mBuilding CXX object CMakeFiles/tide_msgs__rosidl_typesupport_cpp.dir/rosidl_typesupport_cpp/tide_msgs/msg/gimbal_cmd__type_support.cpp.o[0m
[16.607s] [ 18%] [32mBuilding CXX object CMakeFiles/tide_msgs__rosidl_typesupport_cpp.dir/rosidl_typesupport_cpp/tide_msgs/msg/gimbal_state__type_support.cpp.o[0m
[16.612s] [ 18%] [32mBuilding CXX object CMakeFiles/tide_msgs__rosidl_typesupport_cpp.dir/rosidl_typesupport_cpp/tide_msgs/msg/bigyaw_state__type_support.cpp.o[0m
[16.612s] [ 19%] [32mBuilding CXX object CMakeFiles/tide_msgs__rosidl_typesupport_cpp.dir/rosidl_typesupport_cpp/tide_msgs/msg/shooter_state__type_support.cpp.o[0m
[16.615s] [ 19%] [32mBuilding CXX object CMakeFiles/tide_msgs__rosidl_typesupport_cpp.dir/rosidl_typesupport_cpp/tide_msgs/msg/shooter_cmd__type_support.cpp.o[0m
[16.622s] [ 19%] [32mBuilding CXX object CMakeFiles/tide_msgs__rosidl_typesupport_cpp.dir/rosidl_typesupport_cpp/tide_msgs/msg/fd_frame__type_support.cpp.o[0m
[16.635s] [ 20%] [32mBuilding CXX object CMakeFiles/tide_msgs__rosidl_typesupport_cpp.dir/rosidl_typesupport_cpp/tide_msgs/msg/bigyaw_cmd__type_support.cpp.o[0m
[17.154s] [ 20%] [32mBuilding CXX object CMakeFiles/tide_msgs__rosidl_typesupport_cpp.dir/rosidl_typesupport_cpp/tide_msgs/msg/armor__type_support.cpp.o[0m
[17.167s] [ 21%] [32mBuilding CXX object CMakeFiles/tide_msgs__rosidl_typesupport_cpp.dir/rosidl_typesupport_cpp/tide_msgs/msg/armors__type_support.cpp.o[0m
[17.168s] [ 21%] [32mBuilding CXX object CMakeFiles/tide_msgs__rosidl_typesupport_cpp.dir/rosidl_typesupport_cpp/tide_msgs/msg/debug_armor__type_support.cpp.o[0m
[17.173s] [ 21%] [32mBuilding CXX object CMakeFiles/tide_msgs__rosidl_typesupport_cpp.dir/rosidl_typesupport_cpp/tide_msgs/msg/debug_armors__type_support.cpp.o[0m
[17.246s] [ 22%] [32mBuilding CXX object CMakeFiles/tide_msgs__rosidl_typesupport_cpp.dir/rosidl_typesupport_cpp/tide_msgs/msg/debug_light__type_support.cpp.o[0m
[17.324s] [ 22%] [32mBuilding CXX object CMakeFiles/tide_msgs__rosidl_typesupport_cpp.dir/rosidl_typesupport_cpp/tide_msgs/msg/debug_lights__type_support.cpp.o[0m
[17.430s] [ 22%] [32mBuilding CXX object CMakeFiles/tide_msgs__rosidl_typesupport_cpp.dir/rosidl_typesupport_cpp/tide_msgs/msg/target__type_support.cpp.o[0m
[17.663s] [ 23%] [32mBuilding CXX object CMakeFiles/tide_msgs__rosidl_typesupport_cpp.dir/rosidl_typesupport_cpp/tide_msgs/msg/time_info__type_support.cpp.o[0m
[17.703s] [ 23%] [32mBuilding CXX object CMakeFiles/tide_msgs__rosidl_typesupport_cpp.dir/rosidl_typesupport_cpp/tide_msgs/msg/tracker_info__type_support.cpp.o[0m
[17.710s] [ 23%] [32mBuilding CXX object CMakeFiles/tide_msgs__rosidl_typesupport_cpp.dir/rosidl_typesupport_cpp/tide_msgs/msg/buff__type_support.cpp.o[0m
[17.714s] [ 24%] [32mBuilding CXX object CMakeFiles/tide_msgs__rosidl_typesupport_cpp.dir/rosidl_typesupport_cpp/tide_msgs/msg/bullet_remaining__type_support.cpp.o[0m
[17.758s] [ 24%] [32mBuilding CXX object CMakeFiles/tide_msgs__rosidl_typesupport_cpp.dir/rosidl_typesupport_cpp/tide_msgs/msg/event_data__type_support.cpp.o[0m
[18.010s] [ 24%] [32mBuilding CXX object CMakeFiles/tide_msgs__rosidl_typesupport_c.dir/rosidl_typesupport_c/tide_msgs/msg/gimbal_state__type_support.cpp.o[0m
[18.086s] [ 24%] [32mBuilding CXX object CMakeFiles/tide_msgs__rosidl_typesupport_cpp.dir/rosidl_typesupport_cpp/tide_msgs/msg/game_result__type_support.cpp.o[0m
[18.107s] [ 24%] [32mBuilding CXX object CMakeFiles/tide_msgs__rosidl_typesupport_c.dir/rosidl_typesupport_c/tide_msgs/msg/gimbal_cmd__type_support.cpp.o[0m
[18.164s] [ 25%] [32mBuilding CXX object CMakeFiles/tide_msgs__rosidl_typesupport_c.dir/rosidl_typesupport_c/tide_msgs/msg/shooter_state__type_support.cpp.o[0m
[18.249s] [ 25%] [32mBuilding CXX object CMakeFiles/tide_msgs__rosidl_typesupport_c.dir/rosidl_typesupport_c/tide_msgs/msg/shooter_cmd__type_support.cpp.o[0m
[18.394s] [ 25%] [32mBuilding CXX object CMakeFiles/tide_msgs__rosidl_typesupport_c.dir/rosidl_typesupport_c/tide_msgs/msg/bigyaw_state__type_support.cpp.o[0m
[18.404s] [ 26%] [32mBuilding CXX object CMakeFiles/tide_msgs__rosidl_typesupport_c.dir/rosidl_typesupport_c/tide_msgs/msg/bigyaw_cmd__type_support.cpp.o[0m
[18.462s] [ 26%] [32mBuilding CXX object CMakeFiles/tide_msgs__rosidl_typesupport_c.dir/rosidl_typesupport_c/tide_msgs/msg/fd_frame__type_support.cpp.o[0m
[18.485s] [ 27%] [32mBuilding CXX object CMakeFiles/tide_msgs__rosidl_typesupport_cpp.dir/rosidl_typesupport_cpp/tide_msgs/msg/game_robot_hp__type_support.cpp.o[0m
[18.524s] [ 27%] [32mBuilding CXX object CMakeFiles/tide_msgs__rosidl_typesupport_cpp.dir/rosidl_typesupport_cpp/tide_msgs/msg/game_robot_pos__type_support.cpp.o[0m
[18.583s] [ 27%] [32mBuilding CXX object CMakeFiles/tide_msgs__rosidl_typesupport_cpp.dir/rosidl_typesupport_cpp/tide_msgs/msg/game_robot_status__type_support.cpp.o[0m
[18.586s] [ 27%] [32mBuilding CXX object CMakeFiles/tide_msgs__rosidl_typesupport_c.dir/rosidl_typesupport_c/tide_msgs/msg/armor__type_support.cpp.o[0m
[18.619s] [ 27%] [32mBuilding CXX object CMakeFiles/tide_msgs__rosidl_typesupport_introspection_cpp.dir/rosidl_typesupport_introspection_cpp/tide_msgs/msg/detail/gimbal_state__type_support.cpp.o[0m
[18.643s] [ 28%] [32mBuilding CXX object CMakeFiles/tide_msgs__rosidl_typesupport_cpp.dir/rosidl_typesupport_cpp/tide_msgs/msg/game_status__type_support.cpp.o[0m
[18.704s] [ 29%] [32mBuilding CXX object CMakeFiles/tide_msgs__rosidl_typesupport_introspection_cpp.dir/rosidl_typesupport_introspection_cpp/tide_msgs/msg/detail/gimbal_cmd__type_support.cpp.o[0m
[18.711s] [ 29%] [32mBuilding CXX object CMakeFiles/tide_msgs__rosidl_typesupport_introspection_cpp.dir/rosidl_typesupport_introspection_cpp/tide_msgs/msg/detail/shooter_state__type_support.cpp.o[0m
[18.764s] [ 30%] [32mBuilding CXX object CMakeFiles/tide_msgs__rosidl_typesupport_c.dir/rosidl_typesupport_c/tide_msgs/msg/armors__type_support.cpp.o[0m
[18.879s] [ 30%] [32mBuilding CXX object CMakeFiles/tide_msgs__rosidl_typesupport_c.dir/rosidl_typesupport_c/tide_msgs/msg/debug_armor__type_support.cpp.o[0m
[18.986s] [ 30%] [32mBuilding CXX object CMakeFiles/tide_msgs__rosidl_typesupport_c.dir/rosidl_typesupport_c/tide_msgs/msg/debug_armors__type_support.cpp.o[0m
[19.075s] [ 31%] [32mBuilding CXX object CMakeFiles/tide_msgs__rosidl_typesupport_c.dir/rosidl_typesupport_c/tide_msgs/msg/debug_light__type_support.cpp.o[0m
[19.108s] [ 31%] [32mBuilding CXX object CMakeFiles/tide_msgs__rosidl_typesupport_c.dir/rosidl_typesupport_c/tide_msgs/msg/debug_lights__type_support.cpp.o[0m
[19.161s] [ 31%] [32mBuilding CXX object CMakeFiles/tide_msgs__rosidl_typesupport_introspection_cpp.dir/rosidl_typesupport_introspection_cpp/tide_msgs/msg/detail/shooter_cmd__type_support.cpp.o[0m
[19.192s] [ 31%] [32mBuilding CXX object CMakeFiles/tide_msgs__rosidl_typesupport_introspection_cpp.dir/rosidl_typesupport_introspection_cpp/tide_msgs/msg/detail/bigyaw_state__type_support.cpp.o[0m
[19.252s] [ 31%] [32mBuilding CXX object CMakeFiles/tide_msgs__rosidl_typesupport_c.dir/rosidl_typesupport_c/tide_msgs/msg/target__type_support.cpp.o[0m
[19.284s] [ 31%] [32mBuilding CXX object CMakeFiles/tide_msgs__rosidl_typesupport_cpp.dir/rosidl_typesupport_cpp/tide_msgs/msg/ground_robot__type_support.cpp.o[0m
[19.386s] [ 32%] [32mBuilding CXX object CMakeFiles/tide_msgs__rosidl_typesupport_c.dir/rosidl_typesupport_c/tide_msgs/msg/time_info__type_support.cpp.o[0m
[19.411s] [ 33%] [32mBuilding CXX object CMakeFiles/tide_msgs__rosidl_typesupport_introspection_cpp.dir/rosidl_typesupport_introspection_cpp/tide_msgs/msg/detail/bigyaw_cmd__type_support.cpp.o[0m
[19.417s] [ 33%] [32mBuilding CXX object CMakeFiles/tide_msgs__rosidl_typesupport_fastrtps_cpp.dir/rosidl_typesupport_fastrtps_cpp/tide_msgs/msg/detail/dds_fastrtps/gimbal_state__type_support.cpp.o[0m
[19.431s] [ 33%] [32mBuilding CXX object CMakeFiles/tide_msgs__rosidl_typesupport_fastrtps_cpp.dir/rosidl_typesupport_fastrtps_cpp/tide_msgs/msg/detail/dds_fastrtps/gimbal_cmd__type_support.cpp.o[0m
[19.508s] [ 33%] [32mBuilding CXX object CMakeFiles/tide_msgs__rosidl_typesupport_c.dir/rosidl_typesupport_c/tide_msgs/msg/tracker_info__type_support.cpp.o[0m
[19.642s] [ 34%] [32mBuilding CXX object CMakeFiles/tide_msgs__rosidl_typesupport_c.dir/rosidl_typesupport_c/tide_msgs/msg/buff__type_support.cpp.o[0m
[19.674s] [ 35%] [32mBuilding CXX object CMakeFiles/tide_msgs__rosidl_typesupport_fastrtps_cpp.dir/rosidl_typesupport_fastrtps_cpp/tide_msgs/msg/detail/dds_fastrtps/shooter_state__type_support.cpp.o[0m
[19.800s] [ 35%] [32mBuilding CXX object CMakeFiles/tide_msgs__rosidl_typesupport_c.dir/rosidl_typesupport_c/tide_msgs/msg/bullet_remaining__type_support.cpp.o[0m
[19.903s] [ 35%] [32mBuilding CXX object CMakeFiles/tide_msgs__rosidl_typesupport_c.dir/rosidl_typesupport_c/tide_msgs/msg/event_data__type_support.cpp.o[0m
[19.946s] [ 36%] [32mBuilding CXX object CMakeFiles/tide_msgs__rosidl_typesupport_cpp.dir/rosidl_typesupport_cpp/tide_msgs/msg/interact_id__type_support.cpp.o[0m
[20.014s] [ 37%] [32mBuilding CXX object CMakeFiles/tide_msgs__rosidl_typesupport_c.dir/rosidl_typesupport_c/tide_msgs/msg/game_result__type_support.cpp.o[0m
[20.110s] [ 37%] [32mBuilding CXX object CMakeFiles/tide_msgs__rosidl_typesupport_c.dir/rosidl_typesupport_c/tide_msgs/msg/game_robot_hp__type_support.cpp.o[0m
[20.141s] [ 37%] [32mBuilding CXX object CMakeFiles/tide_msgs__rosidl_typesupport_c.dir/rosidl_typesupport_c/tide_msgs/msg/game_robot_pos__type_support.cpp.o[0m
[20.216s] [ 37%] [32mBuilding CXX object CMakeFiles/tide_msgs__rosidl_typesupport_fastrtps_cpp.dir/rosidl_typesupport_fastrtps_cpp/tide_msgs/msg/detail/dds_fastrtps/shooter_cmd__type_support.cpp.o[0m
[20.245s] [ 37%] [32mBuilding CXX object CMakeFiles/tide_msgs__rosidl_typesupport_cpp.dir/rosidl_typesupport_cpp/tide_msgs/msg/power_heat_data__type_support.cpp.o[0m
[20.251s] [ 38%] [32mBuilding CXX object CMakeFiles/tide_msgs__rosidl_typesupport_c.dir/rosidl_typesupport_c/tide_msgs/msg/game_robot_status__type_support.cpp.o[0m
[20.335s] [ 38%] [32mBuilding C object CMakeFiles/tide_msgs__rosidl_typesupport_introspection_c.dir/rosidl_typesupport_introspection_c/tide_msgs/msg/detail/gimbal_state__type_support.c.o[0m
[20.344s] [ 38%] [32mBuilding C object CMakeFiles/tide_msgs__rosidl_typesupport_introspection_c.dir/rosidl_typesupport_introspection_c/tide_msgs/msg/detail/gimbal_cmd__type_support.c.o[0m
[20.365s] [ 38%] [32mBuilding CXX object CMakeFiles/tide_msgs__rosidl_typesupport_c.dir/rosidl_typesupport_c/tide_msgs/msg/game_status__type_support.cpp.o[0m
[20.455s] [ 38%] [32mBuilding CXX object CMakeFiles/tide_msgs__rosidl_typesupport_cpp.dir/rosidl_typesupport_cpp/tide_msgs/msg/referee_data__type_support.cpp.o[0m
[20.496s] [ 39%] [32mBuilding C object CMakeFiles/tide_msgs__rosidl_typesupport_introspection_c.dir/rosidl_typesupport_introspection_c/tide_msgs/msg/detail/shooter_state__type_support.c.o[0m
[20.496s] [ 39%] [32mBuilding CXX object CMakeFiles/tide_msgs__rosidl_typesupport_c.dir/rosidl_typesupport_c/tide_msgs/msg/ground_robot__type_support.cpp.o[0m
[20.496s] [ 40%] [32mBuilding CXX object CMakeFiles/tide_msgs__rosidl_typesupport_c.dir/rosidl_typesupport_c/tide_msgs/msg/interact_id__type_support.cpp.o[0m
[20.544s] [ 40%] [32mBuilding CXX object CMakeFiles/tide_msgs__rosidl_typesupport_fastrtps_c.dir/rosidl_typesupport_fastrtps_c/tide_msgs/msg/detail/gimbal_state__type_support_c.cpp.o[0m
[20.587s] [ 40%] [32mBuilding CXX object CMakeFiles/tide_msgs__rosidl_typesupport_fastrtps_cpp.dir/rosidl_typesupport_fastrtps_cpp/tide_msgs/msg/detail/dds_fastrtps/bigyaw_state__type_support.cpp.o[0m
[20.611s] [ 40%] [32mBuilding CXX object CMakeFiles/tide_msgs__rosidl_typesupport_fastrtps_c.dir/rosidl_typesupport_fastrtps_c/tide_msgs/msg/detail/gimbal_cmd__type_support_c.cpp.o[0m
[20.612s] [ 40%] [32mBuilding CXX object CMakeFiles/tide_msgs__rosidl_typesupport_c.dir/rosidl_typesupport_c/tide_msgs/msg/power_heat_data__type_support.cpp.o[0m
[20.634s] [ 40%] [32mBuilding C object CMakeFiles/tide_msgs__rosidl_typesupport_introspection_c.dir/rosidl_typesupport_introspection_c/tide_msgs/msg/detail/shooter_cmd__type_support.c.o[0m
[20.639s] [ 41%] [32mBuilding CXX object CMakeFiles/tide_msgs__rosidl_typesupport_cpp.dir/rosidl_typesupport_cpp/tide_msgs/msg/referee_warning__type_support.cpp.o[0m
[20.689s] [ 41%] [32mBuilding CXX object CMakeFiles/tide_msgs__rosidl_typesupport_cpp.dir/rosidl_typesupport_cpp/tide_msgs/msg/rfid_status__type_support.cpp.o[0m
[20.739s] [ 41%] [32mBuilding CXX object CMakeFiles/tide_msgs__rosidl_typesupport_c.dir/rosidl_typesupport_c/tide_msgs/msg/referee_data__type_support.cpp.o[0m
[20.754s] [ 41%] [32mBuilding CXX object CMakeFiles/tide_msgs__rosidl_typesupport_introspection_cpp.dir/rosidl_typesupport_introspection_cpp/tide_msgs/msg/detail/fd_frame__type_support.cpp.o[0m
[20.774s] [ 42%] [32mBuilding C object CMakeFiles/tide_msgs__rosidl_typesupport_introspection_c.dir/rosidl_typesupport_introspection_c/tide_msgs/msg/detail/bigyaw_state__type_support.c.o[0m
[20.779s] [ 43%] [32mBuilding CXX object CMakeFiles/tide_msgs__rosidl_typesupport_fastrtps_cpp.dir/rosidl_typesupport_fastrtps_cpp/tide_msgs/msg/detail/dds_fastrtps/bigyaw_cmd__type_support.cpp.o[0m
[20.870s] [ 44%] [32mBuilding CXX object CMakeFiles/tide_msgs__rosidl_typesupport_c.dir/rosidl_typesupport_c/tide_msgs/msg/referee_warning__type_support.cpp.o[0m
[20.922s] [ 44%] [32mBuilding C object CMakeFiles/tide_msgs__rosidl_typesupport_introspection_c.dir/rosidl_typesupport_introspection_c/tide_msgs/msg/detail/bigyaw_cmd__type_support.c.o[0m
[20.929s] [ 44%] [32mBuilding CXX object CMakeFiles/tide_msgs__rosidl_typesupport_introspection_cpp.dir/rosidl_typesupport_introspection_cpp/tide_msgs/msg/detail/armor__type_support.cpp.o[0m
[20.983s] [ 44%] [32mBuilding CXX object CMakeFiles/tide_msgs__rosidl_typesupport_c.dir/rosidl_typesupport_c/tide_msgs/msg/rfid_status__type_support.cpp.o[0m
[21.070s] [ 44%] [32mBuilding C object CMakeFiles/tide_msgs__rosidl_typesupport_introspection_c.dir/rosidl_typesupport_introspection_c/tide_msgs/msg/detail/fd_frame__type_support.c.o[0m
[21.113s] [ 44%] [32mBuilding CXX object CMakeFiles/tide_msgs__rosidl_typesupport_c.dir/rosidl_typesupport_c/tide_msgs/msg/robot_hurt__type_support.cpp.o[0m
[21.158s] [ 45%] [32mBuilding CXX object CMakeFiles/tide_msgs__rosidl_typesupport_fastrtps_c.dir/rosidl_typesupport_fastrtps_c/tide_msgs/msg/detail/shooter_state__type_support_c.cpp.o[0m
[21.241s] [ 46%] [32mBuilding CXX object CMakeFiles/tide_msgs__rosidl_typesupport_c.dir/rosidl_typesupport_c/tide_msgs/msg/sentry_info__type_support.cpp.o[0m
[21.246s] [ 46%] [32mBuilding CXX object CMakeFiles/tide_msgs__rosidl_typesupport_fastrtps_c.dir/rosidl_typesupport_fastrtps_c/tide_msgs/msg/detail/shooter_cmd__type_support_c.cpp.o[0m
[21.252s] [ 47%] [32mBuilding C object CMakeFiles/tide_msgs__rosidl_typesupport_introspection_c.dir/rosidl_typesupport_introspection_c/tide_msgs/msg/detail/armor__type_support.c.o[0m
[21.331s] [ 48%] [32mBuilding CXX object CMakeFiles/tide_msgs__rosidl_typesupport_introspection_cpp.dir/rosidl_typesupport_introspection_cpp/tide_msgs/msg/detail/armors__type_support.cpp.o[0m
[21.350s] [ 48%] [32mBuilding CXX object CMakeFiles/tide_msgs__rosidl_typesupport_c.dir/rosidl_typesupport_c/tide_msgs/msg/shoot_data__type_support.cpp.o[0m
[21.352s] [ 48%] [32mBuilding CXX object CMakeFiles/tide_msgs__rosidl_typesupport_cpp.dir/rosidl_typesupport_cpp/tide_msgs/msg/robot_hurt__type_support.cpp.o[0m
[21.376s] [ 48%] [32mBuilding CXX object CMakeFiles/tide_msgs__rosidl_typesupport_introspection_cpp.dir/rosidl_typesupport_introspection_cpp/tide_msgs/msg/detail/debug_armor__type_support.cpp.o[0m
[21.393s] [ 48%] [32mBuilding CXX object CMakeFiles/tide_msgs__rosidl_typesupport_fastrtps_c.dir/rosidl_typesupport_fastrtps_c/tide_msgs/msg/detail/bigyaw_state__type_support_c.cpp.o[0m
[21.416s] [ 48%] [32mBuilding C object CMakeFiles/tide_msgs__rosidl_typesupport_introspection_c.dir/rosidl_typesupport_introspection_c/tide_msgs/msg/detail/armors__type_support.c.o[0m
[21.451s] [ 48%] [32m[1mLinking CXX shared library libtide_msgs__rosidl_typesupport_c.so[0m
[21.558s] [ 48%] [32mBuilding C object CMakeFiles/tide_msgs__rosidl_typesupport_introspection_c.dir/rosidl_typesupport_introspection_c/tide_msgs/msg/detail/debug_armor__type_support.c.o[0m
[21.638s] [ 48%] Built target tide_msgs__rosidl_typesupport_c
[21.648s] [ 49%] [32mBuilding C object CMakeFiles/tide_msgs__rosidl_typesupport_introspection_c.dir/rosidl_typesupport_introspection_c/tide_msgs/msg/detail/debug_armors__type_support.c.o[0m
[21.679s] [ 50%] [32mBuilding CXX object CMakeFiles/tide_msgs__rosidl_typesupport_fastrtps_c.dir/rosidl_typesupport_fastrtps_c/tide_msgs/msg/detail/bigyaw_cmd__type_support_c.cpp.o[0m
[21.732s] [ 50%] [32mBuilding C object CMakeFiles/tide_msgs__rosidl_typesupport_introspection_c.dir/rosidl_typesupport_introspection_c/tide_msgs/msg/detail/debug_light__type_support.c.o[0m
[21.827s] [ 50%] [32mBuilding C object CMakeFiles/tide_msgs__rosidl_typesupport_introspection_c.dir/rosidl_typesupport_introspection_c/tide_msgs/msg/detail/debug_lights__type_support.c.o[0m
[21.882s] [ 51%] [32mBuilding CXX object CMakeFiles/tide_msgs__rosidl_typesupport_cpp.dir/rosidl_typesupport_cpp/tide_msgs/msg/sentry_info__type_support.cpp.o[0m
[21.925s] [ 51%] [32mBuilding CXX object CMakeFiles/tide_msgs__rosidl_typesupport_fastrtps_c.dir/rosidl_typesupport_fastrtps_c/tide_msgs/msg/detail/fd_frame__type_support_c.cpp.o[0m
[21.948s] [ 52%] [32mBuilding C object CMakeFiles/tide_msgs__rosidl_typesupport_introspection_c.dir/rosidl_typesupport_introspection_c/tide_msgs/msg/detail/target__type_support.c.o[0m
[22.007s] [ 52%] [32mBuilding CXX object CMakeFiles/tide_msgs__rosidl_typesupport_fastrtps_cpp.dir/rosidl_typesupport_fastrtps_cpp/tide_msgs/msg/detail/dds_fastrtps/fd_frame__type_support.cpp.o[0m
[22.051s] [ 52%] [32mBuilding CXX object CMakeFiles/tide_msgs__rosidl_typesupport_fastrtps_c.dir/rosidl_typesupport_fastrtps_c/tide_msgs/msg/detail/armor__type_support_c.cpp.o[0m
[22.097s] [ 52%] [32mBuilding C object CMakeFiles/tide_msgs__rosidl_typesupport_introspection_c.dir/rosidl_typesupport_introspection_c/tide_msgs/msg/detail/time_info__type_support.c.o[0m
[22.129s] [ 52%] [32mBuilding C object CMakeFiles/tide_msgs__rosidl_typesupport_introspection_c.dir/rosidl_typesupport_introspection_c/tide_msgs/msg/detail/tracker_info__type_support.c.o[0m
[22.134s] [ 53%] [32mBuilding CXX object CMakeFiles/tide_msgs__rosidl_typesupport_fastrtps_c.dir/rosidl_typesupport_fastrtps_c/tide_msgs/msg/detail/armors__type_support_c.cpp.o[0m
[22.187s] [ 54%] [32mBuilding C object CMakeFiles/tide_msgs__rosidl_typesupport_introspection_c.dir/rosidl_typesupport_introspection_c/tide_msgs/msg/detail/buff__type_support.c.o[0m
[22.220s] [ 54%] [32mBuilding CXX object CMakeFiles/tide_msgs__rosidl_typesupport_cpp.dir/rosidl_typesupport_cpp/tide_msgs/msg/shoot_data__type_support.cpp.o[0m
[22.261s] [ 54%] [32mBuilding C object CMakeFiles/tide_msgs__rosidl_typesupport_introspection_c.dir/rosidl_typesupport_introspection_c/tide_msgs/msg/detail/bullet_remaining__type_support.c.o[0m
[22.261s] [ 54%] [32mBuilding CXX object CMakeFiles/tide_msgs__rosidl_typesupport_fastrtps_c.dir/rosidl_typesupport_fastrtps_c/tide_msgs/msg/detail/debug_armor__type_support_c.cpp.o[0m
[22.317s] [ 54%] [32mBuilding CXX object CMakeFiles/tide_msgs__rosidl_typesupport_fastrtps_cpp.dir/rosidl_typesupport_fastrtps_cpp/tide_msgs/msg/detail/dds_fastrtps/armor__type_support.cpp.o[0m
[22.319s] [ 55%] [32mBuilding CXX object CMakeFiles/tide_msgs__rosidl_typesupport_fastrtps_c.dir/rosidl_typesupport_fastrtps_c/tide_msgs/msg/detail/debug_armors__type_support_c.cpp.o[0m
[22.407s] [ 55%] [32mBuilding C object CMakeFiles/tide_msgs__rosidl_typesupport_introspection_c.dir/rosidl_typesupport_introspection_c/tide_msgs/msg/detail/event_data__type_support.c.o[0m
[22.530s] [ 56%] [32mBuilding C object CMakeFiles/tide_msgs__rosidl_typesupport_introspection_c.dir/rosidl_typesupport_introspection_c/tide_msgs/msg/detail/game_result__type_support.c.o[0m
[22.618s] [ 57%] [32mBuilding CXX object CMakeFiles/tide_msgs__rosidl_typesupport_fastrtps_cpp.dir/rosidl_typesupport_fastrtps_cpp/tide_msgs/msg/detail/dds_fastrtps/armors__type_support.cpp.o[0m
[22.641s] [ 57%] [32mBuilding CXX object CMakeFiles/tide_msgs__rosidl_typesupport_introspection_cpp.dir/rosidl_typesupport_introspection_cpp/tide_msgs/msg/detail/debug_armors__type_support.cpp.o[0m
[22.675s] [ 57%] [32mBuilding C object CMakeFiles/tide_msgs__rosidl_typesupport_introspection_c.dir/rosidl_typesupport_introspection_c/tide_msgs/msg/detail/game_robot_hp__type_support.c.o[0m
[22.773s] [ 57%] [32mBuilding CXX object CMakeFiles/tide_msgs__rosidl_typesupport_fastrtps_c.dir/rosidl_typesupport_fastrtps_c/tide_msgs/msg/detail/debug_light__type_support_c.cpp.o[0m
[22.821s] [ 57%] [32mBuilding C object CMakeFiles/tide_msgs__rosidl_typesupport_introspection_c.dir/rosidl_typesupport_introspection_c/tide_msgs/msg/detail/game_robot_pos__type_support.c.o[0m
[22.865s] [ 57%] [32m[1mLinking CXX shared library libtide_msgs__rosidl_typesupport_cpp.so[0m
[22.954s] [ 57%] [32mBuilding CXX object CMakeFiles/tide_msgs__rosidl_typesupport_fastrtps_c.dir/rosidl_typesupport_fastrtps_c/tide_msgs/msg/detail/debug_lights__type_support_c.cpp.o[0m
[22.955s] [ 58%] [32mBuilding C object CMakeFiles/tide_msgs__rosidl_typesupport_introspection_c.dir/rosidl_typesupport_introspection_c/tide_msgs/msg/detail/game_robot_status__type_support.c.o[0m
[22.967s] [ 58%] [32mBuilding C object CMakeFiles/tide_msgs__rosidl_typesupport_introspection_c.dir/rosidl_typesupport_introspection_c/tide_msgs/msg/detail/game_status__type_support.c.o[0m
[23.044s] [ 59%] [32mBuilding CXX object CMakeFiles/tide_msgs__rosidl_typesupport_fastrtps_c.dir/rosidl_typesupport_fastrtps_c/tide_msgs/msg/detail/target__type_support_c.cpp.o[0m
[23.058s] [ 59%] Built target tide_msgs__rosidl_typesupport_cpp
[23.096s] [ 60%] [32mBuilding CXX object CMakeFiles/tide_msgs__rosidl_typesupport_introspection_cpp.dir/rosidl_typesupport_introspection_cpp/tide_msgs/msg/detail/debug_light__type_support.cpp.o[0m
[23.098s] [ 60%] [32mBuilding C object CMakeFiles/tide_msgs__rosidl_typesupport_introspection_c.dir/rosidl_typesupport_introspection_c/tide_msgs/msg/detail/ground_robot__type_support.c.o[0m
[23.117s] [ 60%] [32mBuilding CXX object CMakeFiles/tide_msgs__rosidl_typesupport_fastrtps_c.dir/rosidl_typesupport_fastrtps_c/tide_msgs/msg/detail/time_info__type_support_c.cpp.o[0m
[23.224s] [ 61%] [32mBuilding C object CMakeFiles/tide_msgs__rosidl_typesupport_introspection_c.dir/rosidl_typesupport_introspection_c/tide_msgs/msg/detail/interact_id__type_support.c.o[0m
[23.344s] [ 61%] [32mBuilding CXX object CMakeFiles/tide_msgs__rosidl_typesupport_fastrtps_cpp.dir/rosidl_typesupport_fastrtps_cpp/tide_msgs/msg/detail/dds_fastrtps/debug_armor__type_support.cpp.o[0m
[23.372s] [ 61%] [32mBuilding C object CMakeFiles/tide_msgs__rosidl_typesupport_introspection_c.dir/rosidl_typesupport_introspection_c/tide_msgs/msg/detail/power_heat_data__type_support.c.o[0m
[23.420s] [ 61%] [32mBuilding CXX object CMakeFiles/tide_msgs__rosidl_typesupport_introspection_cpp.dir/rosidl_typesupport_introspection_cpp/tide_msgs/msg/detail/debug_lights__type_support.cpp.o[0m
[23.446s] [ 61%] [32mBuilding CXX object CMakeFiles/tide_msgs__rosidl_typesupport_fastrtps_c.dir/rosidl_typesupport_fastrtps_c/tide_msgs/msg/detail/tracker_info__type_support_c.cpp.o[0m
[23.515s] [ 62%] [32mBuilding C object CMakeFiles/tide_msgs__rosidl_typesupport_introspection_c.dir/rosidl_typesupport_introspection_c/tide_msgs/msg/detail/referee_data__type_support.c.o[0m
[23.608s] [ 63%] [32mBuilding CXX object CMakeFiles/tide_msgs__rosidl_typesupport_fastrtps_c.dir/rosidl_typesupport_fastrtps_c/tide_msgs/msg/detail/buff__type_support_c.cpp.o[0m
[23.663s] [ 64%] [32mBuilding CXX object CMakeFiles/tide_msgs__rosidl_typesupport_introspection_cpp.dir/rosidl_typesupport_introspection_cpp/tide_msgs/msg/detail/target__type_support.cpp.o[0m
[23.676s] [ 64%] [32mBuilding CXX object CMakeFiles/tide_msgs__rosidl_typesupport_fastrtps_cpp.dir/rosidl_typesupport_fastrtps_cpp/tide_msgs/msg/detail/dds_fastrtps/debug_armors__type_support.cpp.o[0m
[23.677s] [ 64%] [32mBuilding C object CMakeFiles/tide_msgs__rosidl_typesupport_introspection_c.dir/rosidl_typesupport_introspection_c/tide_msgs/msg/detail/referee_warning__type_support.c.o[0m
[23.826s] [ 64%] [32mBuilding CXX object CMakeFiles/tide_msgs__rosidl_typesupport_fastrtps_c.dir/rosidl_typesupport_fastrtps_c/tide_msgs/msg/detail/bullet_remaining__type_support_c.cpp.o[0m
[23.858s] [ 64%] [32mBuilding C object CMakeFiles/tide_msgs__rosidl_typesupport_introspection_c.dir/rosidl_typesupport_introspection_c/tide_msgs/msg/detail/rfid_status__type_support.c.o[0m
[23.917s] [ 64%] [32mBuilding CXX object CMakeFiles/tide_msgs__rosidl_typesupport_introspection_cpp.dir/rosidl_typesupport_introspection_cpp/tide_msgs/msg/detail/time_info__type_support.cpp.o[0m
[24.000s] [ 65%] [32mBuilding C object CMakeFiles/tide_msgs__rosidl_typesupport_introspection_c.dir/rosidl_typesupport_introspection_c/tide_msgs/msg/detail/robot_hurt__type_support.c.o[0m
[24.017s] [ 65%] [32mBuilding CXX object CMakeFiles/tide_msgs__rosidl_typesupport_introspection_cpp.dir/rosidl_typesupport_introspection_cpp/tide_msgs/msg/detail/tracker_info__type_support.cpp.o[0m
[24.087s] [ 66%] [32mBuilding CXX object CMakeFiles/tide_msgs__rosidl_typesupport_fastrtps_cpp.dir/rosidl_typesupport_fastrtps_cpp/tide_msgs/msg/detail/dds_fastrtps/debug_light__type_support.cpp.o[0m
[24.095s] [ 66%] [32mBuilding CXX object CMakeFiles/tide_msgs__rosidl_typesupport_fastrtps_cpp.dir/rosidl_typesupport_fastrtps_cpp/tide_msgs/msg/detail/dds_fastrtps/debug_lights__type_support.cpp.o[0m
[24.159s] [ 66%] [32mBuilding C object CMakeFiles/tide_msgs__rosidl_typesupport_introspection_c.dir/rosidl_typesupport_introspection_c/tide_msgs/msg/detail/sentry_info__type_support.c.o[0m
[24.365s] [ 66%] [32mBuilding C object CMakeFiles/tide_msgs__rosidl_typesupport_introspection_c.dir/rosidl_typesupport_introspection_c/tide_msgs/msg/detail/shoot_data__type_support.c.o[0m
[24.480s] [ 67%] [32mBuilding CXX object CMakeFiles/tide_msgs__rosidl_typesupport_introspection_cpp.dir/rosidl_typesupport_introspection_cpp/tide_msgs/msg/detail/buff__type_support.cpp.o[0m
[24.533s] [ 67%] [32mBuilding CXX object CMakeFiles/tide_msgs__rosidl_typesupport_fastrtps_cpp.dir/rosidl_typesupport_fastrtps_cpp/tide_msgs/msg/detail/dds_fastrtps/target__type_support.cpp.o[0m
[24.574s] [ 68%] [32m[1mLinking C shared library libtide_msgs__rosidl_typesupport_introspection_c.so[0m
[24.645s] [ 69%] [32mBuilding CXX object CMakeFiles/tide_msgs__rosidl_typesupport_fastrtps_cpp.dir/rosidl_typesupport_fastrtps_cpp/tide_msgs/msg/detail/dds_fastrtps/time_info__type_support.cpp.o[0m
[24.798s] [ 69%] Built target tide_msgs__rosidl_typesupport_introspection_c
[24.816s] [ 69%] [32mBuilding CXX object CMakeFiles/tide_msgs__rosidl_typesupport_fastrtps_c.dir/rosidl_typesupport_fastrtps_c/tide_msgs/msg/detail/event_data__type_support_c.cpp.o[0m
[24.981s] [ 70%] [32mBuilding CXX object CMakeFiles/tide_msgs__rosidl_typesupport_fastrtps_c.dir/rosidl_typesupport_fastrtps_c/tide_msgs/msg/detail/game_result__type_support_c.cpp.o[0m
[25.096s] [ 70%] [32mBuilding CXX object CMakeFiles/tide_msgs__rosidl_typesupport_introspection_cpp.dir/rosidl_typesupport_introspection_cpp/tide_msgs/msg/detail/bullet_remaining__type_support.cpp.o[0m
[25.174s] [ 70%] [32mBuilding CXX object CMakeFiles/tide_msgs__rosidl_typesupport_fastrtps_cpp.dir/rosidl_typesupport_fastrtps_cpp/tide_msgs/msg/detail/dds_fastrtps/tracker_info__type_support.cpp.o[0m
[25.192s] [ 70%] [32mBuilding CXX object CMakeFiles/tide_msgs__rosidl_typesupport_fastrtps_c.dir/rosidl_typesupport_fastrtps_c/tide_msgs/msg/detail/game_robot_hp__type_support_c.cpp.o[0m
[25.221s] [ 70%] [32mBuilding CXX object CMakeFiles/tide_msgs__rosidl_typesupport_fastrtps_cpp.dir/rosidl_typesupport_fastrtps_cpp/tide_msgs/msg/detail/dds_fastrtps/buff__type_support.cpp.o[0m
[25.267s] [ 70%] [32mBuilding CXX object CMakeFiles/tide_msgs__rosidl_typesupport_introspection_cpp.dir/rosidl_typesupport_introspection_cpp/tide_msgs/msg/detail/event_data__type_support.cpp.o[0m
[25.306s] [ 71%] [32mBuilding CXX object CMakeFiles/tide_msgs__rosidl_typesupport_fastrtps_cpp.dir/rosidl_typesupport_fastrtps_cpp/tide_msgs/msg/detail/dds_fastrtps/bullet_remaining__type_support.cpp.o[0m
[25.556s] [ 71%] [32mBuilding CXX object CMakeFiles/tide_msgs__rosidl_typesupport_fastrtps_cpp.dir/rosidl_typesupport_fastrtps_cpp/tide_msgs/msg/detail/dds_fastrtps/event_data__type_support.cpp.o[0m
[25.699s] [ 71%] [32mBuilding CXX object CMakeFiles/tide_msgs__rosidl_typesupport_fastrtps_c.dir/rosidl_typesupport_fastrtps_c/tide_msgs/msg/detail/game_robot_pos__type_support_c.cpp.o[0m
[25.762s] [ 72%] [32mBuilding CXX object CMakeFiles/tide_msgs__rosidl_typesupport_introspection_cpp.dir/rosidl_typesupport_introspection_cpp/tide_msgs/msg/detail/game_result__type_support.cpp.o[0m
[25.992s] [ 73%] [32mBuilding CXX object CMakeFiles/tide_msgs__rosidl_typesupport_fastrtps_cpp.dir/rosidl_typesupport_fastrtps_cpp/tide_msgs/msg/detail/dds_fastrtps/game_result__type_support.cpp.o[0m
[26.296s] [ 73%] [32mBuilding CXX object CMakeFiles/tide_msgs__rosidl_typesupport_fastrtps_cpp.dir/rosidl_typesupport_fastrtps_cpp/tide_msgs/msg/detail/dds_fastrtps/game_robot_hp__type_support.cpp.o[0m
[26.367s] [ 73%] [32mBuilding CXX object CMakeFiles/tide_msgs__rosidl_typesupport_fastrtps_cpp.dir/rosidl_typesupport_fastrtps_cpp/tide_msgs/msg/detail/dds_fastrtps/game_robot_pos__type_support.cpp.o[0m
[26.375s] [ 74%] [32mBuilding CXX object CMakeFiles/tide_msgs__rosidl_typesupport_fastrtps_c.dir/rosidl_typesupport_fastrtps_c/tide_msgs/msg/detail/game_robot_status__type_support_c.cpp.o[0m
[26.537s] [ 75%] [32mBuilding CXX object CMakeFiles/tide_msgs__rosidl_typesupport_fastrtps_cpp.dir/rosidl_typesupport_fastrtps_cpp/tide_msgs/msg/detail/dds_fastrtps/game_robot_status__type_support.cpp.o[0m
[26.537s] [ 75%] [32mBuilding CXX object CMakeFiles/tide_msgs__rosidl_typesupport_introspection_cpp.dir/rosidl_typesupport_introspection_cpp/tide_msgs/msg/detail/game_robot_hp__type_support.cpp.o[0m
[26.635s] [ 75%] [32mBuilding CXX object CMakeFiles/tide_msgs__rosidl_typesupport_fastrtps_c.dir/rosidl_typesupport_fastrtps_c/tide_msgs/msg/detail/game_status__type_support_c.cpp.o[0m
[26.834s] [ 75%] [32mBuilding CXX object CMakeFiles/tide_msgs__rosidl_typesupport_introspection_cpp.dir/rosidl_typesupport_introspection_cpp/tide_msgs/msg/detail/game_robot_pos__type_support.cpp.o[0m
[26.945s] [ 76%] [32mBuilding CXX object CMakeFiles/tide_msgs__rosidl_typesupport_introspection_cpp.dir/rosidl_typesupport_introspection_cpp/tide_msgs/msg/detail/game_robot_status__type_support.cpp.o[0m
[26.980s] [ 76%] [32mBuilding CXX object CMakeFiles/tide_msgs__rosidl_typesupport_introspection_cpp.dir/rosidl_typesupport_introspection_cpp/tide_msgs/msg/detail/game_status__type_support.cpp.o[0m
[27.095s] [ 76%] [32mBuilding CXX object CMakeFiles/tide_msgs__rosidl_typesupport_fastrtps_c.dir/rosidl_typesupport_fastrtps_c/tide_msgs/msg/detail/ground_robot__type_support_c.cpp.o[0m
[27.167s] [ 76%] [32mBuilding CXX object CMakeFiles/tide_msgs__rosidl_typesupport_fastrtps_cpp.dir/rosidl_typesupport_fastrtps_cpp/tide_msgs/msg/detail/dds_fastrtps/game_status__type_support.cpp.o[0m
[27.507s] [ 77%] [32mBuilding CXX object CMakeFiles/tide_msgs__rosidl_typesupport_fastrtps_c.dir/rosidl_typesupport_fastrtps_c/tide_msgs/msg/detail/interact_id__type_support_c.cpp.o[0m
[27.526s] [ 77%] [32mBuilding CXX object CMakeFiles/tide_msgs__rosidl_typesupport_fastrtps_cpp.dir/rosidl_typesupport_fastrtps_cpp/tide_msgs/msg/detail/dds_fastrtps/ground_robot__type_support.cpp.o[0m
[27.745s] [ 78%] [32mBuilding CXX object CMakeFiles/tide_msgs__rosidl_typesupport_fastrtps_cpp.dir/rosidl_typesupport_fastrtps_cpp/tide_msgs/msg/detail/dds_fastrtps/interact_id__type_support.cpp.o[0m
[27.967s] [ 78%] [32mBuilding CXX object CMakeFiles/tide_msgs__rosidl_typesupport_fastrtps_c.dir/rosidl_typesupport_fastrtps_c/tide_msgs/msg/detail/power_heat_data__type_support_c.cpp.o[0m
[27.978s] [ 78%] [32mBuilding CXX object CMakeFiles/tide_msgs__rosidl_typesupport_introspection_cpp.dir/rosidl_typesupport_introspection_cpp/tide_msgs/msg/detail/ground_robot__type_support.cpp.o[0m
[28.012s] [ 78%] [32mBuilding CXX object CMakeFiles/tide_msgs__rosidl_typesupport_fastrtps_cpp.dir/rosidl_typesupport_fastrtps_cpp/tide_msgs/msg/detail/dds_fastrtps/power_heat_data__type_support.cpp.o[0m
[28.487s] [ 78%] [32mBuilding CXX object CMakeFiles/tide_msgs__rosidl_typesupport_fastrtps_cpp.dir/rosidl_typesupport_fastrtps_cpp/tide_msgs/msg/detail/dds_fastrtps/referee_data__type_support.cpp.o[0m
[28.757s] [ 78%] [32mBuilding CXX object CMakeFiles/tide_msgs__rosidl_typesupport_fastrtps_c.dir/rosidl_typesupport_fastrtps_c/tide_msgs/msg/detail/referee_data__type_support_c.cpp.o[0m
[28.874s] [ 79%] [32mBuilding CXX object CMakeFiles/tide_msgs__rosidl_typesupport_introspection_cpp.dir/rosidl_typesupport_introspection_cpp/tide_msgs/msg/detail/interact_id__type_support.cpp.o[0m
[29.128s] [ 79%] [32mBuilding CXX object CMakeFiles/tide_msgs__rosidl_typesupport_introspection_cpp.dir/rosidl_typesupport_introspection_cpp/tide_msgs/msg/detail/power_heat_data__type_support.cpp.o[0m
[29.137s] [ 80%] [32mBuilding CXX object CMakeFiles/tide_msgs__rosidl_typesupport_fastrtps_c.dir/rosidl_typesupport_fastrtps_c/tide_msgs/msg/detail/referee_warning__type_support_c.cpp.o[0m
[29.224s] [ 81%] [32mBuilding CXX object CMakeFiles/tide_msgs__rosidl_typesupport_fastrtps_cpp.dir/rosidl_typesupport_fastrtps_cpp/tide_msgs/msg/detail/dds_fastrtps/referee_warning__type_support.cpp.o[0m
[29.528s] [ 81%] [32mBuilding CXX object CMakeFiles/tide_msgs__rosidl_typesupport_introspection_cpp.dir/rosidl_typesupport_introspection_cpp/tide_msgs/msg/detail/referee_data__type_support.cpp.o[0m
[29.712s] [ 81%] [32mBuilding CXX object CMakeFiles/tide_msgs__rosidl_typesupport_fastrtps_c.dir/rosidl_typesupport_fastrtps_c/tide_msgs/msg/detail/rfid_status__type_support_c.cpp.o[0m
[29.800s] [ 81%] [32mBuilding CXX object CMakeFiles/tide_msgs__rosidl_typesupport_fastrtps_cpp.dir/rosidl_typesupport_fastrtps_cpp/tide_msgs/msg/detail/dds_fastrtps/rfid_status__type_support.cpp.o[0m
[29.806s] [ 82%] [32mBuilding CXX object CMakeFiles/tide_msgs__rosidl_typesupport_introspection_cpp.dir/rosidl_typesupport_introspection_cpp/tide_msgs/msg/detail/referee_warning__type_support.cpp.o[0m
[29.849s] [ 82%] [32mBuilding CXX object CMakeFiles/tide_msgs__rosidl_typesupport_fastrtps_cpp.dir/rosidl_typesupport_fastrtps_cpp/tide_msgs/msg/detail/dds_fastrtps/robot_hurt__type_support.cpp.o[0m
[29.892s] [ 82%] [32mBuilding CXX object CMakeFiles/tide_msgs__rosidl_typesupport_introspection_cpp.dir/rosidl_typesupport_introspection_cpp/tide_msgs/msg/detail/rfid_status__type_support.cpp.o[0m
[30.358s] [ 82%] [32mBuilding CXX object CMakeFiles/tide_msgs__rosidl_typesupport_introspection_cpp.dir/rosidl_typesupport_introspection_cpp/tide_msgs/msg/detail/robot_hurt__type_support.cpp.o[0m
[30.376s] [ 83%] [32mBuilding CXX object CMakeFiles/tide_msgs__rosidl_typesupport_fastrtps_cpp.dir/rosidl_typesupport_fastrtps_cpp/tide_msgs/msg/detail/dds_fastrtps/sentry_info__type_support.cpp.o[0m
[30.443s] [ 83%] [32mBuilding CXX object CMakeFiles/tide_msgs__rosidl_typesupport_fastrtps_c.dir/rosidl_typesupport_fastrtps_c/tide_msgs/msg/detail/robot_hurt__type_support_c.cpp.o[0m
[31.075s] [ 84%] [32mBuilding CXX object CMakeFiles/tide_msgs__rosidl_typesupport_introspection_cpp.dir/rosidl_typesupport_introspection_cpp/tide_msgs/msg/detail/sentry_info__type_support.cpp.o[0m
[31.169s] [ 84%] [32mBuilding CXX object CMakeFiles/tide_msgs__rosidl_typesupport_introspection_cpp.dir/rosidl_typesupport_introspection_cpp/tide_msgs/msg/detail/shoot_data__type_support.cpp.o[0m
[31.290s] [ 84%] [32mBuilding CXX object CMakeFiles/tide_msgs__rosidl_typesupport_fastrtps_cpp.dir/rosidl_typesupport_fastrtps_cpp/tide_msgs/msg/detail/dds_fastrtps/shoot_data__type_support.cpp.o[0m
[31.328s] [ 85%] [32mBuilding CXX object CMakeFiles/tide_msgs__rosidl_typesupport_fastrtps_c.dir/rosidl_typesupport_fastrtps_c/tide_msgs/msg/detail/sentry_info__type_support_c.cpp.o[0m
[31.603s] [ 85%] [32mBuilding CXX object CMakeFiles/tide_msgs__rosidl_typesupport_fastrtps_c.dir/rosidl_typesupport_fastrtps_c/tide_msgs/msg/detail/shoot_data__type_support_c.cpp.o[0m
[32.914s] [ 85%] [32m[1mLinking CXX shared library libtide_msgs__rosidl_typesupport_fastrtps_cpp.so[0m
[33.127s] [ 86%] [32m[1mLinking CXX shared library libtide_msgs__rosidl_typesupport_introspection_cpp.so[0m
[33.432s] [ 87%] [32m[1mLinking CXX shared library libtide_msgs__rosidl_typesupport_fastrtps_c.so[0m
[33.479s] [ 87%] Built target tide_msgs__rosidl_typesupport_fastrtps_cpp
[33.732s] [ 87%] Built target tide_msgs__rosidl_typesupport_introspection_cpp
