[0.059s] Invoking command in '/home/luis/azure_sky_ros2/build/my_hardware_interface': AMENT_PREFIX_PATH=/home/luis/azure_sky_ros2/install/ros2_socketcan:/home/luis/azure_sky_ros2/install/serial:/home/luis/azure_sky_ros2/install/ros2_socketcan_msgs:${AMENT_PREFIX_PATH} CMAKE_PREFIX_PATH=/home/luis/azure_sky_ros2/install/ros2_socketcan:/home/luis/azure_sky_ros2/install/serial:/home/luis/azure_sky_ros2/install/ros2_socketcan_msgs:/opt/ros/humble LD_LIBRARY_PATH=/home/luis/azure_sky_ros2/install/ros2_socketcan/lib:/home/luis/azure_sky_ros2/install/serial/lib:/home/luis/azure_sky_ros2/install/ros2_socketcan_msgs/lib:/opt/MVS/lib/64:/opt/MVS/lib/32:/usr/lib/x86_64-linux-gnu/gazebo-11/plugins:/opt/ros/humble/opt/rviz_ogre_vendor/lib:/opt/ros/humble/lib/x86_64-linux-gnu:/opt/ros/humble/lib:/opt/MVS/lib/64:/opt/MVS/lib/32:/opt/MVS/lib/64:/opt/MVS/lib/32 PYTHONPATH=/home/luis/azure_sky_ros2/install/ros2_socketcan_msgs/local/lib/python3.10/dist-packages:${PYTHONPATH} /usr/bin/cmake --build /home/luis/azure_sky_ros2/build/my_hardware_interface -- -j12 -l12
[0.160s] [ 16%] Built target gmock_main
[0.164s] [ 41%] Built target gmock
[0.174s] [ 83%] Built target my_hardware_interface
[0.211s] [100%] Built target test_rrbot_hardware_interface
[0.239s] Invoked command in '/home/luis/azure_sky_ros2/build/my_hardware_interface' returned '0': AMENT_PREFIX_PATH=/home/luis/azure_sky_ros2/install/ros2_socketcan:/home/luis/azure_sky_ros2/install/serial:/home/luis/azure_sky_ros2/install/ros2_socketcan_msgs:${AMENT_PREFIX_PATH} CMAKE_PREFIX_PATH=/home/luis/azure_sky_ros2/install/ros2_socketcan:/home/luis/azure_sky_ros2/install/serial:/home/luis/azure_sky_ros2/install/ros2_socketcan_msgs:/opt/ros/humble LD_LIBRARY_PATH=/home/luis/azure_sky_ros2/install/ros2_socketcan/lib:/home/luis/azure_sky_ros2/install/serial/lib:/home/luis/azure_sky_ros2/install/ros2_socketcan_msgs/lib:/opt/MVS/lib/64:/opt/MVS/lib/32:/usr/lib/x86_64-linux-gnu/gazebo-11/plugins:/opt/ros/humble/opt/rviz_ogre_vendor/lib:/opt/ros/humble/lib/x86_64-linux-gnu:/opt/ros/humble/lib:/opt/MVS/lib/64:/opt/MVS/lib/32:/opt/MVS/lib/64:/opt/MVS/lib/32 PYTHONPATH=/home/luis/azure_sky_ros2/install/ros2_socketcan_msgs/local/lib/python3.10/dist-packages:${PYTHONPATH} /usr/bin/cmake --build /home/luis/azure_sky_ros2/build/my_hardware_interface -- -j12 -l12
[0.241s] Invoking command in '/home/luis/azure_sky_ros2/build/my_hardware_interface': AMENT_PREFIX_PATH=/home/luis/azure_sky_ros2/install/ros2_socketcan:/home/luis/azure_sky_ros2/install/serial:/home/luis/azure_sky_ros2/install/ros2_socketcan_msgs:${AMENT_PREFIX_PATH} CMAKE_PREFIX_PATH=/home/luis/azure_sky_ros2/install/ros2_socketcan:/home/luis/azure_sky_ros2/install/serial:/home/luis/azure_sky_ros2/install/ros2_socketcan_msgs:/opt/ros/humble LD_LIBRARY_PATH=/home/luis/azure_sky_ros2/install/ros2_socketcan/lib:/home/luis/azure_sky_ros2/install/serial/lib:/home/luis/azure_sky_ros2/install/ros2_socketcan_msgs/lib:/opt/MVS/lib/64:/opt/MVS/lib/32:/usr/lib/x86_64-linux-gnu/gazebo-11/plugins:/opt/ros/humble/opt/rviz_ogre_vendor/lib:/opt/ros/humble/lib/x86_64-linux-gnu:/opt/ros/humble/lib:/opt/MVS/lib/64:/opt/MVS/lib/32:/opt/MVS/lib/64:/opt/MVS/lib/32 PYTHONPATH=/home/luis/azure_sky_ros2/install/ros2_socketcan_msgs/local/lib/python3.10/dist-packages:${PYTHONPATH} /usr/bin/cmake --install /home/luis/azure_sky_ros2/build/my_hardware_interface
[0.258s] -- Install configuration: ""
[0.258s] -- Up-to-date: /home/luis/azure_sky_ros2/install/my_hardware_interface/share/my_hardware_interface/my_hardware_interface.xml
[0.258s] -- Up-to-date: /home/luis/azure_sky_ros2/install/my_hardware_interface/share/my_hardware_interface/my_hardware_interface.xml
[0.258s] -- Up-to-date: /home/luis/azure_sky_ros2/install/my_hardware_interface/lib/libmy_hardware_interface.so
[0.258s] -- Up-to-date: /home/luis/azure_sky_ros2/install/my_hardware_interface/include
[0.258s] -- Up-to-date: /home/luis/azure_sky_ros2/install/my_hardware_interface/include/my_hardware_interface
[0.258s] -- Up-to-date: /home/luis/azure_sky_ros2/install/my_hardware_interface/include/my_hardware_interface/tide_motor.hpp
[0.258s] -- Up-to-date: /home/luis/azure_sky_ros2/install/my_hardware_interface/include/my_hardware_interface/visibility_control.h
[0.258s] -- Up-to-date: /home/luis/azure_sky_ros2/install/my_hardware_interface/include/my_hardware_interface/custom_mecanum_controller.hpp
[0.258s] -- Up-to-date: /home/luis/azure_sky_ros2/install/my_hardware_interface/include/my_hardware_interface/remote_controller.hpp
[0.258s] -- Up-to-date: /home/luis/azure_sky_ros2/install/my_hardware_interface/include/my_hardware_interface/rrbot_hardware_interface.hpp
[0.258s] -- Up-to-date: /home/luis/azure_sky_ros2/install/my_hardware_interface/share/my_hardware_interface/my_hardware_interface.xml
[0.259s] -- Up-to-date: /home/luis/azure_sky_ros2/install/my_hardware_interface/share/my_hardware_interface/urdf
[0.259s] -- Up-to-date: /home/luis/azure_sky_ros2/install/my_hardware_interface/share/my_hardware_interface/urdf/rrbot.urdf.xacro
[0.259s] -- Up-to-date: /home/luis/azure_sky_ros2/install/my_hardware_interface/share/my_hardware_interface/urdf/common.xacro
[0.259s] -- Up-to-date: /home/luis/azure_sky_ros2/install/my_hardware_interface/share/my_hardware_interface/urdf/rrbot
[0.259s] -- Up-to-date: /home/luis/azure_sky_ros2/install/my_hardware_interface/share/my_hardware_interface/urdf/rrbot/rrbot_macro.xacro
[0.259s] -- Up-to-date: /home/luis/azure_sky_ros2/install/my_hardware_interface/share/my_hardware_interface/urdf/rrbot/rrbot_macro.ros2_control.xacro
[0.259s] -- Up-to-date: /home/luis/azure_sky_ros2/install/my_hardware_interface/share/my_hardware_interface/meshes
[0.259s] -- Up-to-date: /home/luis/azure_sky_ros2/install/my_hardware_interface/share/my_hardware_interface/meshes/rrbot
[0.259s] -- Up-to-date: /home/luis/azure_sky_ros2/install/my_hardware_interface/share/my_hardware_interface/meshes/rrbot/visual
[0.259s] -- Up-to-date: /home/luis/azure_sky_ros2/install/my_hardware_interface/share/my_hardware_interface/meshes/rrbot/visual/.gitkeep
[0.260s] -- Up-to-date: /home/luis/azure_sky_ros2/install/my_hardware_interface/share/my_hardware_interface/rviz
[0.260s] -- Up-to-date: /home/luis/azure_sky_ros2/install/my_hardware_interface/share/my_hardware_interface/rviz/rrbot.rviz
[0.260s] -- Up-to-date: /home/luis/azure_sky_ros2/install/my_hardware_interface/share/my_hardware_interface/environment/library_path.sh
[0.260s] -- Up-to-date: /home/luis/azure_sky_ros2/install/my_hardware_interface/share/my_hardware_interface/environment/library_path.dsv
[0.260s] -- Up-to-date: /home/luis/azure_sky_ros2/install/my_hardware_interface/share/ament_index/resource_index/package_run_dependencies/my_hardware_interface
[0.260s] -- Up-to-date: /home/luis/azure_sky_ros2/install/my_hardware_interface/share/ament_index/resource_index/parent_prefix_path/my_hardware_interface
[0.260s] -- Up-to-date: /home/luis/azure_sky_ros2/install/my_hardware_interface/share/my_hardware_interface/environment/ament_prefix_path.sh
[0.260s] -- Up-to-date: /home/luis/azure_sky_ros2/install/my_hardware_interface/share/my_hardware_interface/environment/ament_prefix_path.dsv
[0.261s] -- Up-to-date: /home/luis/azure_sky_ros2/install/my_hardware_interface/share/my_hardware_interface/environment/path.sh
[0.261s] -- Up-to-date: /home/luis/azure_sky_ros2/install/my_hardware_interface/share/my_hardware_interface/environment/path.dsv
[0.261s] -- Up-to-date: /home/luis/azure_sky_ros2/install/my_hardware_interface/share/my_hardware_interface/local_setup.bash
[0.262s] -- Up-to-date: /home/luis/azure_sky_ros2/install/my_hardware_interface/share/my_hardware_interface/local_setup.sh
[0.262s] -- Up-to-date: /home/luis/azure_sky_ros2/install/my_hardware_interface/share/my_hardware_interface/local_setup.zsh
[0.263s] -- Up-to-date: /home/luis/azure_sky_ros2/install/my_hardware_interface/share/my_hardware_interface/local_setup.dsv
[0.263s] -- Installing: /home/luis/azure_sky_ros2/install/my_hardware_interface/share/my_hardware_interface/package.dsv
[0.263s] -- Up-to-date: /home/luis/azure_sky_ros2/install/my_hardware_interface/share/ament_index/resource_index/packages/my_hardware_interface
[0.263s] -- Up-to-date: /home/luis/azure_sky_ros2/install/my_hardware_interface/share/ament_index/resource_index/hardware_interface__pluginlib__plugin/my_hardware_interface
[0.263s] -- Up-to-date: /home/luis/azure_sky_ros2/install/my_hardware_interface/share/ament_index/resource_index/controller_interface__pluginlib__plugin/my_hardware_interface
[0.263s] -- Up-to-date: /home/luis/azure_sky_ros2/install/my_hardware_interface/share/my_hardware_interface/cmake/ament_cmake_export_include_directories-extras.cmake
[0.263s] -- Up-to-date: /home/luis/azure_sky_ros2/install/my_hardware_interface/share/my_hardware_interface/cmake/ament_cmake_export_libraries-extras.cmake
[0.264s] -- Up-to-date: /home/luis/azure_sky_ros2/install/my_hardware_interface/share/my_hardware_interface/cmake/ament_cmake_export_dependencies-extras.cmake
[0.264s] -- Up-to-date: /home/luis/azure_sky_ros2/install/my_hardware_interface/share/my_hardware_interface/cmake/my_hardware_interfaceConfig.cmake
[0.264s] -- Up-to-date: /home/luis/azure_sky_ros2/install/my_hardware_interface/share/my_hardware_interface/cmake/my_hardware_interfaceConfig-version.cmake
[0.264s] -- Up-to-date: /home/luis/azure_sky_ros2/install/my_hardware_interface/share/my_hardware_interface/package.xml
[0.264s] Invoked command in '/home/luis/azure_sky_ros2/build/my_hardware_interface' returned '0': AMENT_PREFIX_PATH=/home/luis/azure_sky_ros2/install/ros2_socketcan:/home/luis/azure_sky_ros2/install/serial:/home/luis/azure_sky_ros2/install/ros2_socketcan_msgs:${AMENT_PREFIX_PATH} CMAKE_PREFIX_PATH=/home/luis/azure_sky_ros2/install/ros2_socketcan:/home/luis/azure_sky_ros2/install/serial:/home/luis/azure_sky_ros2/install/ros2_socketcan_msgs:/opt/ros/humble LD_LIBRARY_PATH=/home/luis/azure_sky_ros2/install/ros2_socketcan/lib:/home/luis/azure_sky_ros2/install/serial/lib:/home/luis/azure_sky_ros2/install/ros2_socketcan_msgs/lib:/opt/MVS/lib/64:/opt/MVS/lib/32:/usr/lib/x86_64-linux-gnu/gazebo-11/plugins:/opt/ros/humble/opt/rviz_ogre_vendor/lib:/opt/ros/humble/lib/x86_64-linux-gnu:/opt/ros/humble/lib:/opt/MVS/lib/64:/opt/MVS/lib/32:/opt/MVS/lib/64:/opt/MVS/lib/32 PYTHONPATH=/home/luis/azure_sky_ros2/install/ros2_socketcan_msgs/local/lib/python3.10/dist-packages:${PYTHONPATH} /usr/bin/cmake --install /home/luis/azure_sky_ros2/build/my_hardware_interface
