[35m[1mConsolidate compiler generated dependencies of target socket_can_sender_node_exe[0m
[35m[1mConsolidate compiler generated dependencies of target ros2_socketcan[0m
[35m[1mConsolidate compiler generated dependencies of target gtest_main[0m
[35m[1mConsolidate compiler generated dependencies of target gtest[0m
[35m[1mConsolidate compiler generated dependencies of target socket_can_receiver_node_exe[0m
[  9%] Built target gtest_main
[ 19%] Built target gtest
[ 28%] Built target socket_can_sender_node_exe
[ 52%] Built target ros2_socketcan
[ 61%] Built target socket_can_receiver_node_exe
[ 66%] [32mBuilding CXX object CMakeFiles/socket_can_receiver_node.dir/src/socket_can_receiver_node.cpp.o[0m
[ 71%] [32mBuilding CXX object CMakeFiles/ros2_socketcan_test.dir/test/gtest_main.cpp.o[0m
[ 76%] [32mBuilding CXX object CMakeFiles/ros2_socketcan_test.dir/test/receiver.cpp.o[0m
[ 80%] [32mBuilding CXX object CMakeFiles/ros2_socketcan_test.dir/test/sanity_checks.cpp.o[0m
[ 85%] [32m[1mLinking CXX executable ros2_socketcan_test[0m
[ 85%] Built target ros2_socketcan_test
[ 90%] [32m[1mLinking CXX shared library libsocket_can_receiver_node.so[0m
[ 90%] Built target socket_can_receiver_node
[ 95%] [32mBuilding CXX object CMakeFiles/socket_can_sender_node.dir/src/socket_can_sender_node.cpp.o[0m
[100%] [32m[1mLinking CXX shared library libsocket_can_sender_node.so[0m
[100%] Built target socket_can_sender_node
