[0.061s] Invoking command in '/home/luis/azure_sky_ros2/build/ros2_socketcan': CMAKE_PREFIX_PATH=/home/luis/azure_sky_ros2/install/ros2_socketcan_msgs:/home/luis/azure_sky_ros2/install/tide_msgs:/home/luis/azure_sky_ros2/install/serial:/home/luis/azure_sky_ros2/install/rm_gimbal_description:/home/luis/azure_sky_ros2/install/rm_auto_record:/home/luis/azure_sky_ros2/install/hik_camera:/home/luis/azure_sky_ros2/install/buff_interfaces:/home/luis/azure_sky_ros2/install/auto_aim_interfaces:/opt/ros/humble LD_LIBRARY_PATH=/home/luis/azure_sky_ros2/install/ros2_socketcan_msgs/lib:/home/luis/azure_sky_ros2/install/tide_msgs/lib:/home/luis/azure_sky_ros2/install/serial/lib:/home/luis/azure_sky_ros2/install/rm_auto_record/lib:/home/luis/azure_sky_ros2/install/hik_camera/lib:/home/luis/azure_sky_ros2/install/buff_interfaces/lib:/home/luis/azure_sky_ros2/install/auto_aim_interfaces/lib:/opt/MVS/lib/64:/opt/MVS/lib/32:/usr/lib/x86_64-linux-gnu/gazebo-11/plugins:/opt/ros/humble/opt/rviz_ogre_vendor/lib:/opt/ros/humble/lib/x86_64-linux-gnu:/opt/ros/humble/lib:/opt/MVS/lib/64:/opt/MVS/lib/32:/opt/MVS/lib/64:/opt/MVS/lib/32 /usr/bin/cmake --build /home/luis/azure_sky_ros2/build/ros2_socketcan -- -j12 -l12
[0.196s] [35m[1mConsolidate compiler generated dependencies of target socket_can_sender_node_exe[0m
[0.196s] [35m[1mConsolidate compiler generated dependencies of target ros2_socketcan[0m
[0.202s] [35m[1mConsolidate compiler generated dependencies of target gtest_main[0m
[0.202s] [35m[1mConsolidate compiler generated dependencies of target gtest[0m
[0.206s] [35m[1mConsolidate compiler generated dependencies of target socket_can_receiver_node_exe[0m
[0.272s] [  9%] Built target gtest_main
[0.290s] [ 19%] Built target gtest
[0.297s] [ 28%] Built target socket_can_sender_node_exe
[0.300s] [ 52%] Built target ros2_socketcan
[0.313s] [ 61%] Built target socket_can_receiver_node_exe
[0.414s] [ 66%] [32mBuilding CXX object CMakeFiles/socket_can_receiver_node.dir/src/socket_can_receiver_node.cpp.o[0m
[0.431s] [ 71%] [32mBuilding CXX object CMakeFiles/ros2_socketcan_test.dir/test/gtest_main.cpp.o[0m
[0.468s] [ 76%] [32mBuilding CXX object CMakeFiles/ros2_socketcan_test.dir/test/receiver.cpp.o[0m
[0.468s] [ 80%] [32mBuilding CXX object CMakeFiles/ros2_socketcan_test.dir/test/sanity_checks.cpp.o[0m
[7.908s] [ 85%] [32m[1mLinking CXX executable ros2_socketcan_test[0m
[9.609s] [ 85%] Built target ros2_socketcan_test
[18.481s] [ 90%] [32m[1mLinking CXX shared library libsocket_can_receiver_node.so[0m
[19.314s] [ 90%] Built target socket_can_receiver_node
[19.361s] [ 95%] [32mBuilding CXX object CMakeFiles/socket_can_sender_node.dir/src/socket_can_sender_node.cpp.o[0m
[32.469s] [100%] [32m[1mLinking CXX shared library libsocket_can_sender_node.so[0m
[33.736s] [100%] Built target socket_can_sender_node
