[0.051s] Invoking command in '/home/luis/workshop_ws/build/controlko_description': CMAKE_PREFIX_PATH=${CMAKE_PREFIX_PATH}:/opt/ros/humble /usr/bin/cmake /home/luis/workshop_ws/src/controlko_description -DAMENT_CMAKE_SYMLINK_INSTALL=1 -DCMAKE_INSTALL_PREFIX=/home/luis/workshop_ws/install/controlko_description
[0.077s] -- Found ament_cmake: 1.3.11 (/opt/ros/humble/share/ament_cmake/cmake)
[0.281s] -- Override CMake install command with custom implementation using symlinks instead of copying resources
[0.297s] -- Found ament_lint_auto: 0.12.12 (/opt/ros/humble/share/ament_lint_auto/cmake)
[0.411s] -- Added test 'flake8' to check Python code syntax and style conventions
[0.412s] -- Added test 'lint_cmake' to check CMake code style
[0.413s] -- Added test 'pep257' to check Python code against some of the docstring style conventions in PEP 257
[0.415s] -- Added test 'xmllint' to check XML markup files
[0.417s] -- Configuring done
[0.421s] -- Generating done
[0.424s] -- Build files have been written to: /home/luis/workshop_ws/build/controlko_description
[0.432s] Invoked command in '/home/luis/workshop_ws/build/controlko_description' returned '0': CMAKE_PREFIX_PATH=${CMAKE_PREFIX_PATH}:/opt/ros/humble /usr/bin/cmake /home/luis/workshop_ws/src/controlko_description -DAMENT_CMAKE_SYMLINK_INSTALL=1 -DCMAKE_INSTALL_PREFIX=/home/luis/workshop_ws/install/controlko_description
[0.434s] Invoking command in '/home/luis/workshop_ws/build/controlko_description': CMAKE_PREFIX_PATH=${CMAKE_PREFIX_PATH}:/opt/ros/humble /usr/bin/cmake --build /home/luis/workshop_ws/build/controlko_description -- -j12 -l12
[0.531s] Invoked command in '/home/luis/workshop_ws/build/controlko_description' returned '0': CMAKE_PREFIX_PATH=${CMAKE_PREFIX_PATH}:/opt/ros/humble /usr/bin/cmake --build /home/luis/workshop_ws/build/controlko_description -- -j12 -l12
[0.555s] Invoking command in '/home/luis/workshop_ws/build/controlko_description': CMAKE_PREFIX_PATH=${CMAKE_PREFIX_PATH}:/opt/ros/humble /usr/bin/cmake --install /home/luis/workshop_ws/build/controlko_description
[0.570s] -- Install configuration: ""
[0.571s] -- Execute custom install script
[0.572s] -- Up-to-date symlink: /home/luis/workshop_ws/install/controlko_description/share/controlko_description/config/.gitkeep
[0.572s] -- Up-to-date symlink: /home/luis/workshop_ws/install/controlko_description/share/controlko_description/view_rrbot.launch.py
[0.573s] -- Up-to-date symlink: /home/luis/workshop_ws/install/controlko_description/share/controlko_description/meshes/rrbot/visual/.gitkeep
[0.573s] -- Up-to-date symlink: /home/luis/workshop_ws/install/controlko_description/share/controlko_description/rviz/rrbot.rviz
[0.574s] -- Up-to-date symlink: /home/luis/workshop_ws/install/controlko_description/share/controlko_description/urdf/common.xacro
[0.574s] -- Up-to-date symlink: /home/luis/workshop_ws/install/controlko_description/share/controlko_description/urdf/rrbot.urdf.xacro
[0.574s] -- Up-to-date symlink: /home/luis/workshop_ws/install/controlko_description/share/controlko_description/urdf/rrbot/rrbot_macro.ros2_control.xacro
[0.574s] -- Up-to-date symlink: /home/luis/workshop_ws/install/controlko_description/share/controlko_description/urdf/rrbot/rrbot_macro.xacro
[0.575s] -- Up-to-date symlink: /home/luis/workshop_ws/install/controlko_description/share/ament_index/resource_index/package_run_dependencies/controlko_description
[0.576s] -- Up-to-date symlink: /home/luis/workshop_ws/install/controlko_description/share/ament_index/resource_index/parent_prefix_path/controlko_description
[0.576s] -- Up-to-date symlink: /home/luis/workshop_ws/install/controlko_description/share/controlko_description/environment/ament_prefix_path.sh
[0.576s] -- Up-to-date symlink: /home/luis/workshop_ws/install/controlko_description/share/controlko_description/environment/ament_prefix_path.dsv
[0.576s] -- Up-to-date symlink: /home/luis/workshop_ws/install/controlko_description/share/controlko_description/environment/path.sh
[0.577s] -- Up-to-date symlink: /home/luis/workshop_ws/install/controlko_description/share/controlko_description/environment/path.dsv
[0.577s] -- Up-to-date symlink: /home/luis/workshop_ws/install/controlko_description/share/controlko_description/local_setup.bash
[0.577s] -- Up-to-date symlink: /home/luis/workshop_ws/install/controlko_description/share/controlko_description/local_setup.sh
[0.578s] -- Up-to-date symlink: /home/luis/workshop_ws/install/controlko_description/share/controlko_description/local_setup.zsh
[0.578s] -- Up-to-date symlink: /home/luis/workshop_ws/install/controlko_description/share/controlko_description/local_setup.dsv
[0.578s] -- Symlinking: /home/luis/workshop_ws/install/controlko_description/share/controlko_description/package.dsv
[0.596s] -- Up-to-date symlink: /home/luis/workshop_ws/install/controlko_description/share/ament_index/resource_index/packages/controlko_description
[0.596s] -- Up-to-date symlink: /home/luis/workshop_ws/install/controlko_description/share/controlko_description/cmake/controlko_descriptionConfig.cmake
[0.597s] -- Up-to-date symlink: /home/luis/workshop_ws/install/controlko_description/share/controlko_description/cmake/controlko_descriptionConfig-version.cmake
[0.597s] -- Up-to-date symlink: /home/luis/workshop_ws/install/controlko_description/share/controlko_description/package.xml
[0.631s] Invoked command in '/home/luis/workshop_ws/build/controlko_description' returned '0': CMAKE_PREFIX_PATH=${CMAKE_PREFIX_PATH}:/opt/ros/humble /usr/bin/cmake --install /home/luis/workshop_ws/build/controlko_description
