[0.014s] Invoking command in '/home/luis/workshop_ws/build/ros2_socketcan': AMENT_PREFIX_PATH=/home/luis/workshop_ws/install/ros2_socketcan_msgs:${AMENT_PREFIX_PATH} CMAKE_PREFIX_PATH=/home/luis/workshop_ws/install/ros2_socketcan_msgs:/opt/ros/humble LD_LIBRARY_PATH=/home/luis/workshop_ws/install/ros2_socketcan_msgs/lib:${LD_LIBRARY_PATH} PYTHONPATH=/home/luis/workshop_ws/install/ros2_socketcan_msgs/local/lib/python3.10/dist-packages:${PYTHONPATH} /usr/bin/cmake --build /home/luis/workshop_ws/build/ros2_socketcan -- -j12 -l12
[0.064s] [35m[1mConsolidate compiler generated dependencies of target ros2_socketcan[0m
[0.065s] [35m[1mConsolidate compiler generated dependencies of target gtest_main[0m
[0.067s] [35m[1mConsolidate compiler generated dependencies of target gtest[0m
[0.067s] [35m[1mConsolidate compiler generated dependencies of target socket_can_sender_node_exe[0m
[0.067s] [35m[1mConsolidate compiler generated dependencies of target socket_can_receiver_node_exe[0m
[0.083s] [  9%] Built target gtest_main
[0.083s] [ 19%] Built target gtest
[0.083s] [ 42%] Built target ros2_socketcan
[0.089s] [ 57%] Built target socket_can_receiver_node_exe
[0.089s] [ 61%] Built target socket_can_sender_node_exe
[0.098s] [35m[1mConsolidate compiler generated dependencies of target socket_can_receiver_node[0m
[0.098s] [35m[1mConsolidate compiler generated dependencies of target ros2_socketcan_test[0m
[0.119s] [ 90%] Built target ros2_socketcan_test
[0.119s] [ 90%] Built target socket_can_receiver_node
[0.134s] [35m[1mConsolidate compiler generated dependencies of target socket_can_sender_node[0m
[0.158s] [100%] Built target socket_can_sender_node
[0.172s] Invoked command in '/home/luis/workshop_ws/build/ros2_socketcan' returned '0': AMENT_PREFIX_PATH=/home/luis/workshop_ws/install/ros2_socketcan_msgs:${AMENT_PREFIX_PATH} CMAKE_PREFIX_PATH=/home/luis/workshop_ws/install/ros2_socketcan_msgs:/opt/ros/humble LD_LIBRARY_PATH=/home/luis/workshop_ws/install/ros2_socketcan_msgs/lib:${LD_LIBRARY_PATH} PYTHONPATH=/home/luis/workshop_ws/install/ros2_socketcan_msgs/local/lib/python3.10/dist-packages:${PYTHONPATH} /usr/bin/cmake --build /home/luis/workshop_ws/build/ros2_socketcan -- -j12 -l12
[0.173s] Invoking command in '/home/luis/workshop_ws/build/ros2_socketcan': AMENT_PREFIX_PATH=/home/luis/workshop_ws/install/ros2_socketcan_msgs:${AMENT_PREFIX_PATH} CMAKE_PREFIX_PATH=/home/luis/workshop_ws/install/ros2_socketcan_msgs:/opt/ros/humble LD_LIBRARY_PATH=/home/luis/workshop_ws/install/ros2_socketcan_msgs/lib:${LD_LIBRARY_PATH} PYTHONPATH=/home/luis/workshop_ws/install/ros2_socketcan_msgs/local/lib/python3.10/dist-packages:${PYTHONPATH} /usr/bin/cmake --install /home/luis/workshop_ws/build/ros2_socketcan
[0.184s] -- Install configuration: ""
[0.184s] -- Execute custom install script
[0.185s] -- Up-to-date symlink: /home/luis/workshop_ws/install/ros2_socketcan/lib/ros2_socketcan/socket_can_receiver_node_exe
[0.185s] -- Up-to-date symlink: /home/luis/workshop_ws/install/ros2_socketcan/lib/ros2_socketcan/socket_can_sender_node_exe
[0.185s] -- Up-to-date symlink: /home/luis/workshop_ws/install/ros2_socketcan/include/ros2_socketcan/socket_can_common.hpp
[0.185s] -- Up-to-date symlink: /home/luis/workshop_ws/install/ros2_socketcan/include/ros2_socketcan/socket_can_id.hpp
[0.186s] -- Up-to-date symlink: /home/luis/workshop_ws/install/ros2_socketcan/include/ros2_socketcan/socket_can_receiver.hpp
[0.186s] -- Up-to-date symlink: /home/luis/workshop_ws/install/ros2_socketcan/include/ros2_socketcan/socket_can_receiver_node.hpp
[0.186s] -- Up-to-date symlink: /home/luis/workshop_ws/install/ros2_socketcan/include/ros2_socketcan/socket_can_sender.hpp
[0.186s] -- Up-to-date symlink: /home/luis/workshop_ws/install/ros2_socketcan/include/ros2_socketcan/socket_can_sender_node.hpp
[0.186s] -- Up-to-date symlink: /home/luis/workshop_ws/install/ros2_socketcan/include/ros2_socketcan/visibility_control.hpp
[0.186s] -- Up-to-date symlink: /home/luis/workshop_ws/install/ros2_socketcan/share/ros2_socketcan/environment/library_path.sh
[0.187s] -- Up-to-date symlink: /home/luis/workshop_ws/install/ros2_socketcan/share/ros2_socketcan/environment/library_path.dsv
[0.187s] -- Up-to-date symlink: /home/luis/workshop_ws/install/ros2_socketcan/lib/libros2_socketcan.so
[0.187s] -- Up-to-date symlink: /home/luis/workshop_ws/install/ros2_socketcan/lib/libsocket_can_receiver_node.so
[0.187s] -- Up-to-date symlink: /home/luis/workshop_ws/install/ros2_socketcan/lib/libsocket_can_sender_node.so
[0.188s] -- Up-to-date symlink: /home/luis/workshop_ws/install/ros2_socketcan/share/ros2_socketcan/launch/socket_can_bridge.launch.xml
[0.188s] -- Up-to-date symlink: /home/luis/workshop_ws/install/ros2_socketcan/share/ros2_socketcan/launch/socket_can_receiver.launch.py
[0.188s] -- Up-to-date symlink: /home/luis/workshop_ws/install/ros2_socketcan/share/ros2_socketcan/launch/socket_can_sender.launch.py
[0.188s] -- Up-to-date symlink: /home/luis/workshop_ws/install/ros2_socketcan/share/ament_index/resource_index/package_run_dependencies/ros2_socketcan
[0.188s] -- Up-to-date symlink: /home/luis/workshop_ws/install/ros2_socketcan/share/ament_index/resource_index/parent_prefix_path/ros2_socketcan
[0.189s] -- Up-to-date symlink: /home/luis/workshop_ws/install/ros2_socketcan/share/ros2_socketcan/environment/ament_prefix_path.sh
[0.189s] -- Up-to-date symlink: /home/luis/workshop_ws/install/ros2_socketcan/share/ros2_socketcan/environment/ament_prefix_path.dsv
[0.189s] -- Up-to-date symlink: /home/luis/workshop_ws/install/ros2_socketcan/share/ros2_socketcan/environment/path.sh
[0.189s] -- Up-to-date symlink: /home/luis/workshop_ws/install/ros2_socketcan/share/ros2_socketcan/environment/path.dsv
[0.189s] -- Up-to-date symlink: /home/luis/workshop_ws/install/ros2_socketcan/share/ros2_socketcan/local_setup.bash
[0.189s] -- Up-to-date symlink: /home/luis/workshop_ws/install/ros2_socketcan/share/ros2_socketcan/local_setup.sh
[0.190s] -- Up-to-date symlink: /home/luis/workshop_ws/install/ros2_socketcan/share/ros2_socketcan/local_setup.zsh
[0.190s] -- Up-to-date symlink: /home/luis/workshop_ws/install/ros2_socketcan/share/ros2_socketcan/local_setup.dsv
[0.190s] -- Symlinking: /home/luis/workshop_ws/install/ros2_socketcan/share/ros2_socketcan/package.dsv
[0.201s] -- Up-to-date symlink: /home/luis/workshop_ws/install/ros2_socketcan/share/ament_index/resource_index/packages/ros2_socketcan
[0.201s] -- Up-to-date symlink: /home/luis/workshop_ws/install/ros2_socketcan/share/ament_index/resource_index/rclcpp_components/ros2_socketcan
[0.201s] -- Up-to-date symlink: /home/luis/workshop_ws/install/ros2_socketcan/share/ros2_socketcan/cmake/ament_cmake_export_dependencies-extras.cmake
[0.201s] -- Up-to-date symlink: /home/luis/workshop_ws/install/ros2_socketcan/share/ros2_socketcan/cmake/ament_cmake_export_include_directories-extras.cmake
[0.201s] -- Up-to-date symlink: /home/luis/workshop_ws/install/ros2_socketcan/share/ros2_socketcan/cmake/ament_cmake_export_libraries-extras.cmake
[0.201s] -- Up-to-date symlink: /home/luis/workshop_ws/install/ros2_socketcan/share/ros2_socketcan/cmake/ros2_socketcanConfig.cmake
[0.202s] -- Up-to-date symlink: /home/luis/workshop_ws/install/ros2_socketcan/share/ros2_socketcan/cmake/ros2_socketcanConfig-version.cmake
[0.202s] -- Up-to-date symlink: /home/luis/workshop_ws/install/ros2_socketcan/share/ros2_socketcan/package.xml
[0.205s] Invoked command in '/home/luis/workshop_ws/build/ros2_socketcan' returned '0': AMENT_PREFIX_PATH=/home/luis/workshop_ws/install/ros2_socketcan_msgs:${AMENT_PREFIX_PATH} CMAKE_PREFIX_PATH=/home/luis/workshop_ws/install/ros2_socketcan_msgs:/opt/ros/humble LD_LIBRARY_PATH=/home/luis/workshop_ws/install/ros2_socketcan_msgs/lib:${LD_LIBRARY_PATH} PYTHONPATH=/home/luis/workshop_ws/install/ros2_socketcan_msgs/local/lib/python3.10/dist-packages:${PYTHONPATH} /usr/bin/cmake --install /home/luis/workshop_ws/build/ros2_socketcan
