[0.050s] Invoking command in '/home/luis/azure_sky_ros2/build/hik_camera': CMAKE_PREFIX_PATH=${CMAKE_PREFIX_PATH}:/opt/ros/humble /usr/bin/cmake /home/luis/azure_sky_ros2/src/ros2_hik_camera -DCMAKE_INSTALL_PREFIX=/home/luis/azure_sky_ros2/install/hik_camera
[0.180s] -- The C compiler identification is GNU 12.3.0
[0.313s] -- The CXX compiler identification is GNU 11.4.0
[0.328s] -- Detecting C compiler ABI info
[0.527s] -- Detecting C compiler ABI info - done
[0.541s] -- Check for working C compiler: /usr/bin/cc - skipped
[0.541s] -- Detecting C compile features
[0.542s] -- Detecting C compile features - done
[0.549s] -- Detecting CXX compiler ABI info
[0.766s] -- Detecting CXX compiler ABI info - done
[0.778s] -- Check for working CXX compiler: /usr/bin/c++ - skipped
[0.778s] -- Detecting CXX compile features
[0.779s] -- Detecting CXX compile features - done
[0.783s] -- Found ament_cmake_auto: 1.3.11 (/opt/ros/humble/share/ament_cmake_auto/cmake)
[1.137s] -- Found Python3: /usr/bin/python3 (found version "3.10.12") found components: Interpreter 
[1.533s] -- Found rosidl_generator_c: 3.1.6 (/opt/ros/humble/share/rosidl_generator_c/cmake)
[1.544s] -- Found rosidl_adapter: 3.1.6 (/opt/ros/humble/share/rosidl_adapter/cmake)
[1.562s] -- Found rosidl_generator_cpp: 3.1.6 (/opt/ros/humble/share/rosidl_generator_cpp/cmake)
[1.590s] -- Using all available rosidl_typesupport_c: rosidl_typesupport_fastrtps_c;rosidl_typesupport_introspection_c
[1.628s] -- Using all available rosidl_typesupport_cpp: rosidl_typesupport_fastrtps_cpp;rosidl_typesupport_introspection_cpp
[1.731s] -- Found rmw_implementation_cmake: 6.1.2 (/opt/ros/humble/share/rmw_implementation_cmake/cmake)
[1.739s] -- Found rmw_fastrtps_cpp: 6.2.7 (/opt/ros/humble/share/rmw_fastrtps_cpp/cmake)
[1.959s] -- Found OpenSSL: /usr/lib/x86_64-linux-gnu/libcrypto.so (found version "3.0.2")  
[2.025s] -- Found FastRTPS: /opt/ros/humble/include  
[2.121s] -- Using RMW implementation 'rmw_fastrtps_cpp' as default
[2.137s] -- Looking for pthread.h
[2.313s] -- Looking for pthread.h - found
[2.314s] -- Performing Test CMAKE_HAVE_LIBC_PTHREAD
[2.484s] -- Performing Test CMAKE_HAVE_LIBC_PTHREAD - Success
[2.486s] -- Found Threads: TRUE  
[2.796s] -- Found ament_lint_auto: 0.12.12 (/opt/ros/humble/share/ament_lint_auto/cmake)
[2.846s] -- Added test 'cppcheck' to perform static code analysis on C / C++ code
[2.846s] -- Configured cppcheck include dirs: /home/luis/azure_sky_ros2/src/ros2_hik_camera/hikSDK/include
[2.846s] -- Configured cppcheck exclude dirs and/or files: 
[2.848s] -- Added test 'flake8' to check Python code syntax and style conventions
[2.850s] -- Added test 'lint_cmake' to check CMake code style
[2.852s] -- Added test 'pep257' to check Python code against some of the docstring style conventions in PEP 257
[2.854s] -- Added test 'xmllint' to check XML markup files
[2.860s] -- Configuring done
[2.893s] -- Generating done
[2.904s] -- Build files have been written to: /home/luis/azure_sky_ros2/build/hik_camera
[2.924s] Invoked command in '/home/luis/azure_sky_ros2/build/hik_camera' returned '0': CMAKE_PREFIX_PATH=${CMAKE_PREFIX_PATH}:/opt/ros/humble /usr/bin/cmake /home/luis/azure_sky_ros2/src/ros2_hik_camera -DCMAKE_INSTALL_PREFIX=/home/luis/azure_sky_ros2/install/hik_camera
[2.927s] Invoking command in '/home/luis/azure_sky_ros2/build/hik_camera': CMAKE_PREFIX_PATH=${CMAKE_PREFIX_PATH}:/opt/ros/humble /usr/bin/cmake --build /home/luis/azure_sky_ros2/build/hik_camera -- -j12 -l12
[3.053s] [ 25%] [32mBuilding CXX object CMakeFiles/hik_camera.dir/src/hik_camera_node.cpp.o[0m
[3.057s] [ 50%] [32mBuilding CXX object CMakeFiles/hik_camera_node.dir/rclcpp_components/node_main_hik_camera_node.cpp.o[0m
[14.160s] [ 75%] [32m[1mLinking CXX executable hik_camera_node[0m
[14.910s] [ 75%] Built target hik_camera_node
[15.945s] [100%] [32m[1mLinking CXX shared library libhik_camera.so[0m
[16.420s] [100%] Built target hik_camera
[16.450s] Invoked command in '/home/luis/azure_sky_ros2/build/hik_camera' returned '0': CMAKE_PREFIX_PATH=${CMAKE_PREFIX_PATH}:/opt/ros/humble /usr/bin/cmake --build /home/luis/azure_sky_ros2/build/hik_camera -- -j12 -l12
[16.451s] Invoking command in '/home/luis/azure_sky_ros2/build/hik_camera': CMAKE_PREFIX_PATH=${CMAKE_PREFIX_PATH}:/opt/ros/humble /usr/bin/cmake --install /home/luis/azure_sky_ros2/build/hik_camera
[16.486s] -- Install configuration: ""
[16.486s] -- Installing: /home/luis/azure_sky_ros2/install/hik_camera/lib
[16.486s] -- Installing: /home/luis/azure_sky_ros2/install/hik_camera/lib/libMvUsb3vTL.so
[16.508s] -- Installing: /home/luis/azure_sky_ros2/install/hik_camera/lib/libFormatConversion.so
[16.516s] -- Installing: /home/luis/azure_sky_ros2/install/hik_camera/lib/libMvCameraControl.so
[16.537s] -- Installing: /home/luis/azure_sky_ros2/install/hik_camera/lib/libMVRender.so
[16.543s] -- Installing: /home/luis/azure_sky_ros2/install/hik_camera/lib/libMediaProcess.so
[16.551s] -- Installing: /home/luis/azure_sky_ros2/install/hik_camera/lib/hik_camera/hik_camera_node
[16.552s] -- Set runtime path of "/home/luis/azure_sky_ros2/install/hik_camera/lib/hik_camera/hik_camera_node" to ""
[16.552s] -- Installing: /home/luis/azure_sky_ros2/install/hik_camera/share/hik_camera/environment/library_path.sh
[16.554s] -- Installing: /home/luis/azure_sky_ros2/install/hik_camera/share/hik_camera/environment/library_path.dsv
[16.554s] -- Installing: /home/luis/azure_sky_ros2/install/hik_camera/lib/libhik_camera.so
[16.554s] -- Set runtime path of "/home/luis/azure_sky_ros2/install/hik_camera/lib/libhik_camera.so" to ""
[16.554s] -- Installing: /home/luis/azure_sky_ros2/install/hik_camera/share/hik_camera/config
[16.555s] -- Installing: /home/luis/azure_sky_ros2/install/hik_camera/share/hik_camera/config/camera_info.yaml
[16.557s] -- Installing: /home/luis/azure_sky_ros2/install/hik_camera/share/hik_camera/config/camera_params.yaml
[16.557s] -- Installing: /home/luis/azure_sky_ros2/install/hik_camera/share/hik_camera/launch
[16.565s] -- Installing: /home/luis/azure_sky_ros2/install/hik_camera/share/hik_camera/launch/hik_camera.launch.py
[16.565s] -- Installing: /home/luis/azure_sky_ros2/install/hik_camera/share/ament_index/resource_index/package_run_dependencies/hik_camera
[16.566s] -- Installing: /home/luis/azure_sky_ros2/install/hik_camera/share/ament_index/resource_index/parent_prefix_path/hik_camera
[16.566s] -- Installing: /home/luis/azure_sky_ros2/install/hik_camera/share/hik_camera/environment/ament_prefix_path.sh
[16.566s] -- Installing: /home/luis/azure_sky_ros2/install/hik_camera/share/hik_camera/environment/ament_prefix_path.dsv
[16.566s] -- Installing: /home/luis/azure_sky_ros2/install/hik_camera/share/hik_camera/environment/path.sh
[16.566s] -- Installing: /home/luis/azure_sky_ros2/install/hik_camera/share/hik_camera/environment/path.dsv
[16.566s] -- Installing: /home/luis/azure_sky_ros2/install/hik_camera/share/hik_camera/local_setup.bash
[16.566s] -- Installing: /home/luis/azure_sky_ros2/install/hik_camera/share/hik_camera/local_setup.sh
[16.566s] -- Installing: /home/luis/azure_sky_ros2/install/hik_camera/share/hik_camera/local_setup.zsh
[16.566s] -- Installing: /home/luis/azure_sky_ros2/install/hik_camera/share/hik_camera/local_setup.dsv
[16.566s] -- Installing: /home/luis/azure_sky_ros2/install/hik_camera/share/hik_camera/package.dsv
[16.566s] -- Installing: /home/luis/azure_sky_ros2/install/hik_camera/share/ament_index/resource_index/packages/hik_camera
[16.566s] -- Installing: /home/luis/azure_sky_ros2/install/hik_camera/share/ament_index/resource_index/rclcpp_components/hik_camera
[16.569s] -- Installing: /home/luis/azure_sky_ros2/install/hik_camera/share/hik_camera/cmake/ament_cmake_export_dependencies-extras.cmake
[16.569s] -- Installing: /home/luis/azure_sky_ros2/install/hik_camera/share/hik_camera/cmake/ament_cmake_export_libraries-extras.cmake
[16.571s] -- Installing: /home/luis/azure_sky_ros2/install/hik_camera/share/hik_camera/cmake/hik_cameraConfig.cmake
[16.571s] -- Installing: /home/luis/azure_sky_ros2/install/hik_camera/share/hik_camera/cmake/hik_cameraConfig-version.cmake
[16.571s] -- Installing: /home/luis/azure_sky_ros2/install/hik_camera/share/hik_camera/package.xml
[16.581s] Invoked command in '/home/luis/azure_sky_ros2/build/hik_camera' returned '0': CMAKE_PREFIX_PATH=${CMAKE_PREFIX_PATH}:/opt/ros/humble /usr/bin/cmake --install /home/luis/azure_sky_ros2/build/hik_camera
