-- The C compiler identification is GNU 12.3.0
-- The CXX compiler identification is GNU 11.4.0
-- Detecting C compiler ABI info
-- Detecting C compiler ABI info - done
-- Check for working C compiler: /usr/bin/cc - skipped
-- Detecting C compile features
-- Detecting C compile features - done
-- Detecting CXX compiler ABI info
-- Detecting CXX compiler ABI info - done
-- Check for working CXX compiler: /usr/bin/c++ - skipped
-- Detecting CXX compile features
-- Detecting CXX compile features - done
-- Found ament_cmake: 1.3.11 (/opt/ros/humble/share/ament_cmake/cmake)
-- Found Python3: /usr/bin/python3 (found version "3.10.12") found components: Interpreter 
-- Override CMake install command with custom implementation using symlinks instead of copying resources
-- Found generate_parameter_library: 0.5.0 (/opt/ros/humble/share/generate_parameter_library/cmake)
-- Found parameter_traits: 0.5.0 (/opt/ros/humble/share/parameter_traits/cmake)
-- Found rosidl_generator_c: 3.1.6 (/opt/ros/humble/share/rosidl_generator_c/cmake)
-- Found rosidl_adapter: 3.1.6 (/opt/ros/humble/share/rosidl_adapter/cmake)
-- Found rosidl_generator_cpp: 3.1.6 (/opt/ros/humble/share/rosidl_generator_cpp/cmake)
-- Using all available rosidl_typesupport_c: rosidl_typesupport_fastrtps_c;rosidl_typesupport_introspection_c
-- Using all available rosidl_typesupport_cpp: rosidl_typesupport_fastrtps_cpp;rosidl_typesupport_introspection_cpp
-- Found rmw_implementation_cmake: 6.1.2 (/opt/ros/humble/share/rmw_implementation_cmake/cmake)
-- Found rmw_fastrtps_cpp: 6.2.7 (/opt/ros/humble/share/rmw_fastrtps_cpp/cmake)
-- Found OpenSSL: /usr/lib/x86_64-linux-gnu/libcrypto.so (found version "3.0.2")  
-- Found FastRTPS: /opt/ros/humble/include  
-- Using RMW implementation 'rmw_fastrtps_cpp' as default
-- Looking for pthread.h
-- Looking for pthread.h - found
-- Performing Test CMAKE_HAVE_LIBC_PTHREAD
-- Performing Test CMAKE_HAVE_LIBC_PTHREAD - Success
-- Found Threads: TRUE  
-- Found rclcpp_lifecycle: 16.0.12 (/opt/ros/humble/share/rclcpp_lifecycle/cmake)
-- Found control_msgs: 4.8.0 (/opt/ros/humble/share/control_msgs/cmake)
-- Found controller_interface: 2.51.0 (/opt/ros/humble/share/controller_interface/cmake)
-- Found realtime_tools: 2.14.0 (/opt/ros/humble/share/realtime_tools/cmake)
-- Found std_srvs: 4.9.0 (/opt/ros/humble/share/std_srvs/cmake)
-- Found ament_lint_auto: 0.12.12 (/opt/ros/humble/share/ament_lint_auto/cmake)
-- Found ament_cmake_gmock: 1.3.11 (/opt/ros/humble/share/ament_cmake_gmock/cmake)
-- Found controller_manager: 2.51.0 (/opt/ros/humble/share/controller_manager/cmake)
-- Found ros2_control_test_assets: 2.51.0 (/opt/ros/humble/share/ros2_control_test_assets/cmake)
-- Found gmock sources under '/opt/ros/humble/src/gmock_vendor': C++ tests using 'Google Mock' will be built
-- Found ament_cmake_gtest: 1.3.11 (/opt/ros/humble/share/ament_cmake_gtest/cmake)
-- Found gtest sources under '/opt/ros/humble/src/gtest_vendor': C++ tests using 'Google Test' will be built
-- Configuring done
-- Generating done
-- Build files have been written to: /home/luis/workshop_ws/build/controlko_controllers
[ 13%] [34m[1mRunning `/opt/ros/humble/bin/generate_parameter_library_cpp /home/luis/workshop_ws/build/controlko_controllers/include/controlko_controllers/displacement_controller_parameters.hpp /home/luis/workshop_ws/src/controlko_controllers/src/displacement_controller.yaml validate_displacement_controller_parameters.hpp`[0m
[ 13%] [32mBuilding CXX object gmock/CMakeFiles/gmock_main.dir/src/gmock_main.cc.o[0m
[ 20%] [32mBuilding CXX object gmock/CMakeFiles/gmock.dir/src/gmock-all.cc.o[0m
[ 26%] [32mBuilding CXX object gmock/CMakeFiles/gmock.dir/opt/ros/humble/src/gtest_vendor/src/gtest-all.cc.o[0m
[ 33%] [34m[1mCreating deprecated header file /home/luis/workshop_ws/build/controlko_controllers/include/displacement_controller_parameters.hpp[0m
[ 33%] Built target displacement_controller_parameters
[ 40%] [32mBuilding CXX object CMakeFiles/displacement_controller.dir/src/displacement_controller.cpp.o[0m
[ 46%] [32m[1mLinking CXX static library libgmock_main.a[0m
[ 46%] Built target gmock_main
[ 53%] [32m[1mLinking CXX static library libgmock.a[0m
[ 53%] Built target gmock
[ 60%] [32mBuilding CXX object CMakeFiles/test_load_displacement_controller.dir/test/test_load_displacement_controller.cpp.o[0m
[ 66%] [32m[1mLinking CXX executable test_load_displacement_controller[0m
[ 66%] Built target test_load_displacement_controller
[ 73%] [32m[1mLinking CXX shared library libdisplacement_controller.so[0m
[ 73%] Built target displacement_controller
[ 80%] [32mBuilding CXX object CMakeFiles/test_displacement_controller.dir/test/test_displacement_controller.cpp.o[0m
[ 86%] [32mBuilding CXX object CMakeFiles/test_displacement_controller_preceeding.dir/test/test_displacement_controller_preceeding.cpp.o[0m
[ 93%] [32m[1mLinking CXX executable test_displacement_controller_preceeding[0m
[ 93%] Built target test_displacement_controller_preceeding
[100%] [32m[1mLinking CXX executable test_displacement_controller[0m
[100%] Built target test_displacement_controller
-- Install configuration: ""
-- Execute custom install script
-- Symlinking: /home/luis/workshop_ws/install/controlko_controllers/include/controlko_controllers/displacement_controller_parameters.hpp
-- Symlinking: /home/luis/workshop_ws/install/controlko_controllers/include/controlko_controllers/validate_displacement_controller_parameters.hpp
-- Symlinking: /home/luis/workshop_ws/install/controlko_controllers/share/controlko_controllers//controlko_controllers.xml
-- Symlinking: /home/luis/workshop_ws/install/controlko_controllers/lib/libdisplacement_controller.so
-- Symlinking: /home/luis/workshop_ws/install/controlko_controllers/include/controlko_controllers/displacement_controller.hpp
-- Symlinking: /home/luis/workshop_ws/install/controlko_controllers/include/controlko_controllers/validate_displacement_controller_parameters.hpp
-- Symlinking: /home/luis/workshop_ws/install/controlko_controllers/include/controlko_controllers/visibility_control.h
-- Symlinking: /home/luis/workshop_ws/install/controlko_controllers/share/controlko_controllers/environment/library_path.sh
-- Symlinking: /home/luis/workshop_ws/install/controlko_controllers/share/controlko_controllers/environment/library_path.dsv
-- Symlinking: /home/luis/workshop_ws/install/controlko_controllers/share/ament_index/resource_index/package_run_dependencies/controlko_controllers
-- Symlinking: /home/luis/workshop_ws/install/controlko_controllers/share/ament_index/resource_index/parent_prefix_path/controlko_controllers
-- Symlinking: /home/luis/workshop_ws/install/controlko_controllers/share/controlko_controllers/environment/ament_prefix_path.sh
-- Symlinking: /home/luis/workshop_ws/install/controlko_controllers/share/controlko_controllers/environment/ament_prefix_path.dsv
-- Symlinking: /home/luis/workshop_ws/install/controlko_controllers/share/controlko_controllers/environment/path.sh
-- Symlinking: /home/luis/workshop_ws/install/controlko_controllers/share/controlko_controllers/environment/path.dsv
-- Symlinking: /home/luis/workshop_ws/install/controlko_controllers/share/controlko_controllers/local_setup.bash
-- Symlinking: /home/luis/workshop_ws/install/controlko_controllers/share/controlko_controllers/local_setup.sh
-- Symlinking: /home/luis/workshop_ws/install/controlko_controllers/share/controlko_controllers/local_setup.zsh
-- Symlinking: /home/luis/workshop_ws/install/controlko_controllers/share/controlko_controllers/local_setup.dsv
-- Symlinking: /home/luis/workshop_ws/install/controlko_controllers/share/controlko_controllers/package.dsv
-- Symlinking: /home/luis/workshop_ws/install/controlko_controllers/share/ament_index/resource_index/packages/controlko_controllers
-- Symlinking: /home/luis/workshop_ws/install/controlko_controllers/share/ament_index/resource_index/controller_interface__pluginlib__plugin/controlko_controllers
-- Symlinking: /home/luis/workshop_ws/install/controlko_controllers/share/controlko_controllers/cmake/ament_cmake_export_dependencies-extras.cmake
-- Symlinking: /home/luis/workshop_ws/install/controlko_controllers/share/controlko_controllers/cmake/ament_cmake_export_include_directories-extras.cmake
-- Symlinking: /home/luis/workshop_ws/install/controlko_controllers/share/controlko_controllers/cmake/ament_cmake_export_libraries-extras.cmake
-- Symlinking: /home/luis/workshop_ws/install/controlko_controllers/share/controlko_controllers/cmake/controlko_controllersConfig.cmake
-- Symlinking: /home/luis/workshop_ws/install/controlko_controllers/share/controlko_controllers/cmake/controlko_controllersConfig-version.cmake
-- Symlinking: /home/luis/workshop_ws/install/controlko_controllers/share/controlko_controllers/package.xml
