[0.022s] Invoking command in '/home/luis/workshop_ws/build/tide_gimbal_controller': CMAKE_PREFIX_PATH=/home/luis/workshop_ws/install/tide_msgs:/home/luis/workshop_ws/install/controlko_bringup:/home/luis/workshop_ws/install/tide_shooter_controller:/home/luis/workshop_ws/install/tide_gimbal_controller:/home/luis/workshop_ws/install/my_hardware_interface:/home/luis/workshop_ws/install/serial:/home/luis/workshop_ws/install/roscon2022_control_workshop:/home/luis/workshop_ws/install/ros2_socketcan:/home/luis/workshop_ws/install/ros2_socketcan_msgs:/home/luis/workshop_ws/install/controlko_hardware_interface:/home/luis/workshop_ws/install/controlko_description:/home/luis/workshop_ws/install/controlko_controllers:/opt/ros/humble LD_LIBRARY_PATH=/home/luis/workshop_ws/install/tide_msgs/lib:/home/luis/workshop_ws/install/tide_shooter_controller/lib:/home/luis/workshop_ws/install/tide_gimbal_controller/lib:/home/luis/workshop_ws/install/my_hardware_interface/lib:/home/luis/workshop_ws/install/serial/lib:/home/luis/workshop_ws/install/ros2_socketcan/lib:/home/luis/workshop_ws/install/ros2_socketcan_msgs/lib:/home/luis/workshop_ws/install/controlko_hardware_interface/lib:/home/luis/workshop_ws/install/controlko_controllers/lib:/usr/lib/x86_64-linux-gnu/gazebo-11/plugins:/opt/ros/humble/opt/rviz_ogre_vendor/lib:/opt/ros/humble/lib/x86_64-linux-gnu:/opt/ros/humble/lib /usr/bin/cmake /home/luis/workshop_ws/src/tide_controllers/tide_gimbal_controller -DCMAKE_INSTALL_PREFIX=/home/luis/workshop_ws/install/tide_gimbal_controller
[0.041s] -- Found ament_cmake: 1.3.11 (/opt/ros/humble/share/ament_cmake/cmake)
[0.152s] -- Override CMake install command with custom implementation using symlinks instead of copying resources
[0.169s] -- Found controller_interface: 2.51.0 (/opt/ros/humble/share/controller_interface/cmake)
[0.212s] -- Found rosidl_generator_c: 3.1.6 (/opt/ros/humble/share/rosidl_generator_c/cmake)
[0.214s] -- Found rosidl_adapter: 3.1.6 (/opt/ros/humble/share/rosidl_adapter/cmake)
[0.219s] -- Found rosidl_generator_cpp: 3.1.6 (/opt/ros/humble/share/rosidl_generator_cpp/cmake)
[0.228s] -- Using all available rosidl_typesupport_c: rosidl_typesupport_fastrtps_c;rosidl_typesupport_introspection_c
[0.240s] -- Using all available rosidl_typesupport_cpp: rosidl_typesupport_fastrtps_cpp;rosidl_typesupport_introspection_cpp
[0.393s] -- Found rmw_implementation_cmake: 6.1.2 (/opt/ros/humble/share/rmw_implementation_cmake/cmake)
[0.395s] -- Found rmw_fastrtps_cpp: 6.2.7 (/opt/ros/humble/share/rmw_fastrtps_cpp/cmake)
[0.412s] -- Found TinyXML2 via Config file: TinyXML2_DIR-NOTFOUND
[0.424s] -- Found TinyXML2 via Config file: TinyXML2_DIR-NOTFOUND
[0.442s] -- Found TinyXML2 via Config file: TinyXML2_DIR-NOTFOUND
[0.454s] -- Found TinyXML2 via Config file: TinyXML2_DIR-NOTFOUND
[0.468s] -- Using RMW implementation 'rmw_fastrtps_cpp' as default
[0.511s] -- Found generate_parameter_library: 0.5.0 (/opt/ros/humble/share/generate_parameter_library/cmake)
[0.511s] -- Found parameter_traits: 0.5.0 (/opt/ros/humble/share/parameter_traits/cmake)
[0.519s] -- Found realtime_tools: 2.14.0 (/opt/ros/humble/share/realtime_tools/cmake)
[0.528s] -- Found tf2: 0.25.13 (/opt/ros/humble/share/tf2/cmake)
[0.531s] -- Found tf2_msgs: 0.25.13 (/opt/ros/humble/share/tf2_msgs/cmake)
[0.549s] -- Found tide_msgs: 0.0.0 (/home/luis/workshop_ws/install/tide_msgs/share/tide_msgs/cmake)
[0.562s] -- Found control_toolbox: 3.6.1 (/opt/ros/humble/share/control_toolbox/cmake)
[0.579s] -- Found angles: 1.15.0 (/opt/ros/humble/share/angles/cmake)
[0.580s] -- Found tf2_geometry_msgs: 0.25.13 (/opt/ros/humble/share/tf2_geometry_msgs/cmake)
[0.583s] -- Found eigen3_cmake_module: 0.1.1 (/opt/ros/humble/share/eigen3_cmake_module/cmake)
[0.584s] -- Ensuring Eigen3 include directory is part of orocos-kdl CMake target
[0.612s] -- Found visualization_msgs: 4.9.0 (/opt/ros/humble/share/visualization_msgs/cmake)
[0.719s] -- Configuring done
[0.753s] -- Generating done
[0.759s] -- Build files have been written to: /home/luis/workshop_ws/build/tide_gimbal_controller
[0.771s] Invoked command in '/home/luis/workshop_ws/build/tide_gimbal_controller' returned '0': CMAKE_PREFIX_PATH=/home/luis/workshop_ws/install/tide_msgs:/home/luis/workshop_ws/install/controlko_bringup:/home/luis/workshop_ws/install/tide_shooter_controller:/home/luis/workshop_ws/install/tide_gimbal_controller:/home/luis/workshop_ws/install/my_hardware_interface:/home/luis/workshop_ws/install/serial:/home/luis/workshop_ws/install/roscon2022_control_workshop:/home/luis/workshop_ws/install/ros2_socketcan:/home/luis/workshop_ws/install/ros2_socketcan_msgs:/home/luis/workshop_ws/install/controlko_hardware_interface:/home/luis/workshop_ws/install/controlko_description:/home/luis/workshop_ws/install/controlko_controllers:/opt/ros/humble LD_LIBRARY_PATH=/home/luis/workshop_ws/install/tide_msgs/lib:/home/luis/workshop_ws/install/tide_shooter_controller/lib:/home/luis/workshop_ws/install/tide_gimbal_controller/lib:/home/luis/workshop_ws/install/my_hardware_interface/lib:/home/luis/workshop_ws/install/serial/lib:/home/luis/workshop_ws/install/ros2_socketcan/lib:/home/luis/workshop_ws/install/ros2_socketcan_msgs/lib:/home/luis/workshop_ws/install/controlko_hardware_interface/lib:/home/luis/workshop_ws/install/controlko_controllers/lib:/usr/lib/x86_64-linux-gnu/gazebo-11/plugins:/opt/ros/humble/opt/rviz_ogre_vendor/lib:/opt/ros/humble/lib/x86_64-linux-gnu:/opt/ros/humble/lib /usr/bin/cmake /home/luis/workshop_ws/src/tide_controllers/tide_gimbal_controller -DCMAKE_INSTALL_PREFIX=/home/luis/workshop_ws/install/tide_gimbal_controller
[0.772s] Invoking command in '/home/luis/workshop_ws/build/tide_gimbal_controller': CMAKE_PREFIX_PATH=/home/luis/workshop_ws/install/tide_msgs:/home/luis/workshop_ws/install/controlko_bringup:/home/luis/workshop_ws/install/tide_shooter_controller:/home/luis/workshop_ws/install/tide_gimbal_controller:/home/luis/workshop_ws/install/my_hardware_interface:/home/luis/workshop_ws/install/serial:/home/luis/workshop_ws/install/roscon2022_control_workshop:/home/luis/workshop_ws/install/ros2_socketcan:/home/luis/workshop_ws/install/ros2_socketcan_msgs:/home/luis/workshop_ws/install/controlko_hardware_interface:/home/luis/workshop_ws/install/controlko_description:/home/luis/workshop_ws/install/controlko_controllers:/opt/ros/humble LD_LIBRARY_PATH=/home/luis/workshop_ws/install/tide_msgs/lib:/home/luis/workshop_ws/install/tide_shooter_controller/lib:/home/luis/workshop_ws/install/tide_gimbal_controller/lib:/home/luis/workshop_ws/install/my_hardware_interface/lib:/home/luis/workshop_ws/install/serial/lib:/home/luis/workshop_ws/install/ros2_socketcan/lib:/home/luis/workshop_ws/install/ros2_socketcan_msgs/lib:/home/luis/workshop_ws/install/controlko_hardware_interface/lib:/home/luis/workshop_ws/install/controlko_controllers/lib:/usr/lib/x86_64-linux-gnu/gazebo-11/plugins:/opt/ros/humble/opt/rviz_ogre_vendor/lib:/opt/ros/humble/lib/x86_64-linux-gnu:/opt/ros/humble/lib /usr/bin/cmake --build /home/luis/workshop_ws/build/tide_gimbal_controller -- -j12 -l12
[0.853s] [ 40%] Built target gimbal_controller_parameters
[0.870s] [35m[1mConsolidate compiler generated dependencies of target tide_gimbal_controller[0m
[0.897s] [100%] Built target tide_gimbal_controller
[0.911s] Invoked command in '/home/luis/workshop_ws/build/tide_gimbal_controller' returned '0': CMAKE_PREFIX_PATH=/home/luis/workshop_ws/install/tide_msgs:/home/luis/workshop_ws/install/controlko_bringup:/home/luis/workshop_ws/install/tide_shooter_controller:/home/luis/workshop_ws/install/tide_gimbal_controller:/home/luis/workshop_ws/install/my_hardware_interface:/home/luis/workshop_ws/install/serial:/home/luis/workshop_ws/install/roscon2022_control_workshop:/home/luis/workshop_ws/install/ros2_socketcan:/home/luis/workshop_ws/install/ros2_socketcan_msgs:/home/luis/workshop_ws/install/controlko_hardware_interface:/home/luis/workshop_ws/install/controlko_description:/home/luis/workshop_ws/install/controlko_controllers:/opt/ros/humble LD_LIBRARY_PATH=/home/luis/workshop_ws/install/tide_msgs/lib:/home/luis/workshop_ws/install/tide_shooter_controller/lib:/home/luis/workshop_ws/install/tide_gimbal_controller/lib:/home/luis/workshop_ws/install/my_hardware_interface/lib:/home/luis/workshop_ws/install/serial/lib:/home/luis/workshop_ws/install/ros2_socketcan/lib:/home/luis/workshop_ws/install/ros2_socketcan_msgs/lib:/home/luis/workshop_ws/install/controlko_hardware_interface/lib:/home/luis/workshop_ws/install/controlko_controllers/lib:/usr/lib/x86_64-linux-gnu/gazebo-11/plugins:/opt/ros/humble/opt/rviz_ogre_vendor/lib:/opt/ros/humble/lib/x86_64-linux-gnu:/opt/ros/humble/lib /usr/bin/cmake --build /home/luis/workshop_ws/build/tide_gimbal_controller -- -j12 -l12
[0.913s] Invoking command in '/home/luis/workshop_ws/build/tide_gimbal_controller': CMAKE_PREFIX_PATH=/home/luis/workshop_ws/install/tide_msgs:/home/luis/workshop_ws/install/controlko_bringup:/home/luis/workshop_ws/install/tide_shooter_controller:/home/luis/workshop_ws/install/tide_gimbal_controller:/home/luis/workshop_ws/install/my_hardware_interface:/home/luis/workshop_ws/install/serial:/home/luis/workshop_ws/install/roscon2022_control_workshop:/home/luis/workshop_ws/install/ros2_socketcan:/home/luis/workshop_ws/install/ros2_socketcan_msgs:/home/luis/workshop_ws/install/controlko_hardware_interface:/home/luis/workshop_ws/install/controlko_description:/home/luis/workshop_ws/install/controlko_controllers:/opt/ros/humble LD_LIBRARY_PATH=/home/luis/workshop_ws/install/tide_msgs/lib:/home/luis/workshop_ws/install/tide_shooter_controller/lib:/home/luis/workshop_ws/install/tide_gimbal_controller/lib:/home/luis/workshop_ws/install/my_hardware_interface/lib:/home/luis/workshop_ws/install/serial/lib:/home/luis/workshop_ws/install/ros2_socketcan/lib:/home/luis/workshop_ws/install/ros2_socketcan_msgs/lib:/home/luis/workshop_ws/install/controlko_hardware_interface/lib:/home/luis/workshop_ws/install/controlko_controllers/lib:/usr/lib/x86_64-linux-gnu/gazebo-11/plugins:/opt/ros/humble/opt/rviz_ogre_vendor/lib:/opt/ros/humble/lib/x86_64-linux-gnu:/opt/ros/humble/lib /usr/bin/cmake --install /home/luis/workshop_ws/build/tide_gimbal_controller
[0.921s] -- Install configuration: ""
[0.921s] -- Execute custom install script
[0.922s] -- Up-to-date symlink: /home/luis/workshop_ws/install/tide_gimbal_controller/include/tide_gimbal_controller/gimbal_controller_parameters.hpp
[0.922s] -- Up-to-date symlink: /home/luis/workshop_ws/install/tide_gimbal_controller/share/tide_gimbal_controller//tide_gimbal_controller.xml
[0.922s] -- Up-to-date symlink: /home/luis/workshop_ws/install/tide_gimbal_controller/include//bullet_solver.hpp
[0.922s] -- Up-to-date symlink: /home/luis/workshop_ws/install/tide_gimbal_controller/include//tide_gimbal_controller.hpp
[0.922s] -- Up-to-date symlink: /home/luis/workshop_ws/install/tide_gimbal_controller/share/tide_gimbal_controller/environment/library_path.sh
[0.922s] -- Up-to-date symlink: /home/luis/workshop_ws/install/tide_gimbal_controller/share/tide_gimbal_controller/environment/library_path.dsv
[0.923s] -- Up-to-date symlink: /home/luis/workshop_ws/install/tide_gimbal_controller/share/ament_index/resource_index/package_run_dependencies/tide_gimbal_controller
[0.923s] -- Up-to-date symlink: /home/luis/workshop_ws/install/tide_gimbal_controller/share/ament_index/resource_index/parent_prefix_path/tide_gimbal_controller
[0.923s] -- Up-to-date symlink: /home/luis/workshop_ws/install/tide_gimbal_controller/share/tide_gimbal_controller/environment/ament_prefix_path.sh
[0.923s] -- Up-to-date symlink: /home/luis/workshop_ws/install/tide_gimbal_controller/share/tide_gimbal_controller/environment/ament_prefix_path.dsv
[0.923s] -- Up-to-date symlink: /home/luis/workshop_ws/install/tide_gimbal_controller/share/tide_gimbal_controller/environment/path.sh
[0.923s] -- Up-to-date symlink: /home/luis/workshop_ws/install/tide_gimbal_controller/share/tide_gimbal_controller/environment/path.dsv
[0.924s] -- Up-to-date symlink: /home/luis/workshop_ws/install/tide_gimbal_controller/share/tide_gimbal_controller/local_setup.bash
[0.924s] -- Up-to-date symlink: /home/luis/workshop_ws/install/tide_gimbal_controller/share/tide_gimbal_controller/local_setup.sh
[0.924s] -- Up-to-date symlink: /home/luis/workshop_ws/install/tide_gimbal_controller/share/tide_gimbal_controller/local_setup.zsh
[0.924s] -- Up-to-date symlink: /home/luis/workshop_ws/install/tide_gimbal_controller/share/tide_gimbal_controller/local_setup.dsv
[0.924s] -- Symlinking: /home/luis/workshop_ws/install/tide_gimbal_controller/share/tide_gimbal_controller/package.dsv
[0.935s] -- Up-to-date symlink: /home/luis/workshop_ws/install/tide_gimbal_controller/share/ament_index/resource_index/packages/tide_gimbal_controller
[0.936s] -- Up-to-date symlink: /home/luis/workshop_ws/install/tide_gimbal_controller/share/ament_index/resource_index/controller_interface__pluginlib__plugin/tide_gimbal_controller
[0.936s] -- Up-to-date symlink: /home/luis/workshop_ws/install/tide_gimbal_controller/share/tide_gimbal_controller/cmake/ament_cmake_export_dependencies-extras.cmake
[0.936s] -- Up-to-date symlink: /home/luis/workshop_ws/install/tide_gimbal_controller/share/tide_gimbal_controller/cmake/ament_cmake_export_targets-extras.cmake
[0.937s] -- Up-to-date symlink: /home/luis/workshop_ws/install/tide_gimbal_controller/share/tide_gimbal_controller/cmake/tide_gimbal_controllerConfig.cmake
[0.937s] -- Up-to-date symlink: /home/luis/workshop_ws/install/tide_gimbal_controller/share/tide_gimbal_controller/cmake/tide_gimbal_controllerConfig-version.cmake
[0.937s] -- Up-to-date symlink: /home/luis/workshop_ws/install/tide_gimbal_controller/share/tide_gimbal_controller/package.xml
[0.937s] -- Up-to-date: /home/luis/workshop_ws/install/tide_gimbal_controller/lib/libtide_gimbal_controller.so
[0.937s] -- Up-to-date: /home/luis/workshop_ws/install/tide_gimbal_controller/share/tide_gimbal_controller/cmake/export_tide_gimbal_controllerExport.cmake
[0.937s] -- Up-to-date: /home/luis/workshop_ws/install/tide_gimbal_controller/share/tide_gimbal_controller/cmake/export_tide_gimbal_controllerExport-noconfig.cmake
[0.940s] Invoked command in '/home/luis/workshop_ws/build/tide_gimbal_controller' returned '0': CMAKE_PREFIX_PATH=/home/luis/workshop_ws/install/tide_msgs:/home/luis/workshop_ws/install/controlko_bringup:/home/luis/workshop_ws/install/tide_shooter_controller:/home/luis/workshop_ws/install/tide_gimbal_controller:/home/luis/workshop_ws/install/my_hardware_interface:/home/luis/workshop_ws/install/serial:/home/luis/workshop_ws/install/roscon2022_control_workshop:/home/luis/workshop_ws/install/ros2_socketcan:/home/luis/workshop_ws/install/ros2_socketcan_msgs:/home/luis/workshop_ws/install/controlko_hardware_interface:/home/luis/workshop_ws/install/controlko_description:/home/luis/workshop_ws/install/controlko_controllers:/opt/ros/humble LD_LIBRARY_PATH=/home/luis/workshop_ws/install/tide_msgs/lib:/home/luis/workshop_ws/install/tide_shooter_controller/lib:/home/luis/workshop_ws/install/tide_gimbal_controller/lib:/home/luis/workshop_ws/install/my_hardware_interface/lib:/home/luis/workshop_ws/install/serial/lib:/home/luis/workshop_ws/install/ros2_socketcan/lib:/home/luis/workshop_ws/install/ros2_socketcan_msgs/lib:/home/luis/workshop_ws/install/controlko_hardware_interface/lib:/home/luis/workshop_ws/install/controlko_controllers/lib:/usr/lib/x86_64-linux-gnu/gazebo-11/plugins:/opt/ros/humble/opt/rviz_ogre_vendor/lib:/opt/ros/humble/lib/x86_64-linux-gnu:/opt/ros/humble/lib /usr/bin/cmake --install /home/luis/workshop_ws/build/tide_gimbal_controller
