[0.026s] Invoking command in '/home/luis/workshop_ws/build/ros2_socketcan_msgs': CMAKE_PREFIX_PATH=/opt/ros/humble /usr/bin/cmake /home/luis/workshop_ws/src/ros2_socketcan/ros2_socketcan_msgs -DAMENT_CMAKE_SYMLINK_INSTALL=1 -DCMAKE_INSTALL_PREFIX=/home/luis/workshop_ws/install/ros2_socketcan_msgs
[0.109s] -- The C compiler identification is GNU 12.3.0
[0.174s] -- The CXX compiler identification is GNU 11.4.0
[0.182s] -- Detecting C compiler ABI info
[0.266s] -- Detecting C compiler ABI info - done
[0.277s] -- Check for working C compiler: /usr/bin/cc - skipped
[0.277s] -- Detecting C compile features
[0.277s] -- Detecting C compile features - done
[0.281s] -- Detecting CXX compiler ABI info
[0.373s] -- Detecting CXX compiler ABI info - done
[0.381s] -- Check for working CXX compiler: /usr/bin/c++ - skipped
[0.381s] -- Detecting CXX compile features
[0.381s] -- Detecting CXX compile features - done
[0.383s] -- Found ament_cmake_auto: 1.3.11 (/opt/ros/humble/share/ament_cmake_auto/cmake)
[0.545s] -- Found Python3: /usr/bin/python3 (found version "3.10.12") found components: Interpreter 
[0.617s] -- Override CMake install command with custom implementation using symlinks instead of copying resources
[0.714s] -- Using all available rosidl_typesupport_c: rosidl_typesupport_fastrtps_c;rosidl_typesupport_introspection_c
[0.722s] -- Found rosidl_adapter: 3.1.6 (/opt/ros/humble/share/rosidl_adapter/cmake)
[0.777s] -- Using all available rosidl_typesupport_cpp: rosidl_typesupport_fastrtps_cpp;rosidl_typesupport_introspection_cpp
[1.108s] -- Found ament_cmake_cppcheck: 0.12.12 (/opt/ros/humble/share/ament_cmake_cppcheck/cmake)
[1.110s] -- Found ament_cmake_cpplint: 0.12.12 (/opt/ros/humble/share/ament_cmake_cpplint/cmake)
[1.113s] -- Found ament_cmake_uncrustify: 0.12.12 (/opt/ros/humble/share/ament_cmake_uncrustify/cmake)
[1.115s] -- Found ament_cmake_ros: 0.10.0 (/opt/ros/humble/share/ament_cmake_ros/cmake)
[1.396s] -- Using all available rosidl_typesupport_c: rosidl_typesupport_fastrtps_c;rosidl_typesupport_introspection_c
[1.718s] -- Using all available rosidl_typesupport_cpp: rosidl_typesupport_fastrtps_cpp;rosidl_typesupport_introspection_cpp
[1.750s] -- Found PythonInterp: /usr/bin/python3 (found suitable version "3.10.12", minimum required is "3.6") 
[1.753s] -- Found python_cmake_module: 0.10.0 (/opt/ros/humble/share/python_cmake_module/cmake)
[1.791s] -- Found PythonLibs: /usr/lib/x86_64-linux-gnu/libpython3.10.so (found suitable version "3.10.12", minimum required is "3.5") 
[1.791s] -- Using PYTHON_EXECUTABLE: /usr/bin/python3
[1.791s] -- Using PYTHON_INCLUDE_DIRS: /usr/include/python3.10
[1.791s] -- Using PYTHON_LIBRARIES: /usr/lib/x86_64-linux-gnu/libpython3.10.so
[1.824s] -- Found PythonExtra: .so  
[1.905s] -- Found ament_cmake_flake8: 0.12.12 (/opt/ros/humble/share/ament_cmake_flake8/cmake)
[1.907s] -- Found ament_cmake_pep257: 0.12.12 (/opt/ros/humble/share/ament_cmake_pep257/cmake)
[1.913s] -- Found ament_lint_auto: 0.12.12 (/opt/ros/humble/share/ament_lint_auto/cmake)
[1.942s] -- Added test 'copyright' to check source files copyright and LICENSE
[1.943s] -- Added test 'lint_cmake' to check CMake code style
[1.943s] -- Added test 'xmllint' to check XML markup files
[1.950s] -- Configuring done
[2.014s] -- Generating done
[2.034s] -- Build files have been written to: /home/luis/workshop_ws/build/ros2_socketcan_msgs
[2.058s] Invoked command in '/home/luis/workshop_ws/build/ros2_socketcan_msgs' returned '0': CMAKE_PREFIX_PATH=/opt/ros/humble /usr/bin/cmake /home/luis/workshop_ws/src/ros2_socketcan/ros2_socketcan_msgs -DAMENT_CMAKE_SYMLINK_INSTALL=1 -DCMAKE_INSTALL_PREFIX=/home/luis/workshop_ws/install/ros2_socketcan_msgs
[2.061s] Invoking command in '/home/luis/workshop_ws/build/ros2_socketcan_msgs': CMAKE_PREFIX_PATH=/opt/ros/humble /usr/bin/cmake --build /home/luis/workshop_ws/build/ros2_socketcan_msgs -- -j12 -l12
[2.129s] [  3%] [34m[1mGenerating C code for ROS interfaces[0m
[2.157s] [  6%] [34m[1mGenerating C++ code for ROS interfaces[0m
[2.175s] [  6%] Built target ament_cmake_python_symlink_ros2_socketcan_msgs
[2.655s] [  6%] Built target ros2_socketcan_msgs__cpp
[2.679s] [  9%] [34m[1mGenerating C++ type support dispatch for ROS interfaces[0m
[2.683s] [ 16%] [34m[1mGenerating C++ introspection for ROS interfaces[0m
[2.683s] [ 16%] [34m[1mGenerating C++ type support for eProsima Fast-RTPS[0m
[2.691s] [ 19%] [32mBuilding C object CMakeFiles/ros2_socketcan_msgs__rosidl_generator_c.dir/rosidl_generator_c/ros2_socketcan_msgs/msg/detail/fd_frame__functions.c.o[0m
[2.827s] [ 22%] [32m[1mLinking C shared library libros2_socketcan_msgs__rosidl_generator_c.so[0m
[2.938s] [ 22%] Built target ros2_socketcan_msgs__rosidl_generator_c
[2.973s] [ 25%] [34m[1mGenerating C type support for eProsima Fast-RTPS[0m
[2.977s] [ 29%] [34m[1mGenerating C introspection for ROS interfaces[0m
[2.982s] [ 32%] [34m[1mGenerating C type support dispatch for ROS interfaces[0m
[3.247s] [ 35%] [32mBuilding CXX object CMakeFiles/ros2_socketcan_msgs__rosidl_typesupport_cpp.dir/rosidl_typesupport_cpp/ros2_socketcan_msgs/msg/fd_frame__type_support.cpp.o[0m
[3.305s] [ 38%] [32mBuilding CXX object CMakeFiles/ros2_socketcan_msgs__rosidl_typesupport_introspection_cpp.dir/rosidl_typesupport_introspection_cpp/ros2_socketcan_msgs/msg/detail/fd_frame__type_support.cpp.o[0m
[3.358s] [ 41%] [32mBuilding CXX object CMakeFiles/ros2_socketcan_msgs__rosidl_typesupport_fastrtps_cpp.dir/rosidl_typesupport_fastrtps_cpp/ros2_socketcan_msgs/msg/detail/dds_fastrtps/fd_frame__type_support.cpp.o[0m
[3.388s] running egg_info
[3.388s] creating ros2_socketcan_msgs.egg-info
[3.388s] writing ros2_socketcan_msgs.egg-info/PKG-INFO
[3.389s] writing dependency_links to ros2_socketcan_msgs.egg-info/dependency_links.txt
[3.389s] writing top-level names to ros2_socketcan_msgs.egg-info/top_level.txt
[3.389s] writing manifest file 'ros2_socketcan_msgs.egg-info/SOURCES.txt'
[3.398s] reading manifest file 'ros2_socketcan_msgs.egg-info/SOURCES.txt'
[3.398s] writing manifest file 'ros2_socketcan_msgs.egg-info/SOURCES.txt'
[3.555s] [ 41%] Built target ament_cmake_python_build_ros2_socketcan_msgs_egg
[3.556s] [ 45%] [32mBuilding C object CMakeFiles/ros2_socketcan_msgs__rosidl_typesupport_introspection_c.dir/rosidl_typesupport_introspection_c/ros2_socketcan_msgs/msg/detail/fd_frame__type_support.c.o[0m
[3.559s] [ 48%] [32mBuilding CXX object CMakeFiles/ros2_socketcan_msgs__rosidl_typesupport_fastrtps_c.dir/rosidl_typesupport_fastrtps_c/ros2_socketcan_msgs/msg/detail/fd_frame__type_support_c.cpp.o[0m
[3.710s] [ 51%] [32mBuilding CXX object CMakeFiles/ros2_socketcan_msgs__rosidl_typesupport_c.dir/rosidl_typesupport_c/ros2_socketcan_msgs/msg/fd_frame__type_support.cpp.o[0m
[3.808s] [ 54%] [32m[1mLinking C shared library libros2_socketcan_msgs__rosidl_typesupport_introspection_c.so[0m
[3.817s] [ 58%] [32m[1mLinking CXX shared library libros2_socketcan_msgs__rosidl_typesupport_c.so[0m
[3.899s] [ 61%] [32m[1mLinking CXX shared library libros2_socketcan_msgs__rosidl_typesupport_cpp.so[0m
[3.926s] [ 61%] Built target ros2_socketcan_msgs__rosidl_typesupport_introspection_c
[3.948s] [ 61%] Built target ros2_socketcan_msgs__rosidl_typesupport_c
[3.979s] [ 64%] [32m[1mLinking CXX shared library libros2_socketcan_msgs__rosidl_typesupport_introspection_cpp.so[0m
[3.996s] [ 64%] Built target ros2_socketcan_msgs__rosidl_typesupport_cpp
[4.159s] [ 67%] [32m[1mLinking CXX shared library libros2_socketcan_msgs__rosidl_typesupport_fastrtps_c.so[0m
[4.189s] [ 67%] Built target ros2_socketcan_msgs__rosidl_typesupport_introspection_cpp
[4.191s] [ 70%] [32m[1mLinking CXX shared library libros2_socketcan_msgs__rosidl_typesupport_fastrtps_cpp.so[0m
[4.368s] [ 70%] Built target ros2_socketcan_msgs__rosidl_typesupport_fastrtps_c
[4.396s] [ 70%] Built target ros2_socketcan_msgs__rosidl_typesupport_fastrtps_cpp
[4.446s] [ 70%] Built target ros2_socketcan_msgs
[4.488s] [ 74%] [34m[1mGenerating Python code for ROS interfaces[0m
[4.908s] [ 74%] Built target ros2_socketcan_msgs__py
[4.936s] [ 77%] [32mBuilding C object CMakeFiles/ros2_socketcan_msgs__rosidl_generator_py.dir/rosidl_generator_py/ros2_socketcan_msgs/msg/_fd_frame_s.c.o[0m
[5.115s] [ 80%] [32m[1mLinking C shared library rosidl_generator_py/ros2_socketcan_msgs/libros2_socketcan_msgs__rosidl_generator_py.so[0m
[5.179s] [ 80%] Built target ros2_socketcan_msgs__rosidl_generator_py
[5.208s] [ 83%] [32mBuilding C object CMakeFiles/ros2_socketcan_msgs__rosidl_typesupport_fastrtps_c__pyext.dir/rosidl_generator_py/ros2_socketcan_msgs/_ros2_socketcan_msgs_s.ep.rosidl_typesupport_fastrtps_c.c.o[0m
[5.210s] [ 87%] [32mBuilding C object CMakeFiles/ros2_socketcan_msgs__rosidl_typesupport_introspection_c__pyext.dir/rosidl_generator_py/ros2_socketcan_msgs/_ros2_socketcan_msgs_s.ep.rosidl_typesupport_introspection_c.c.o[0m
[5.210s] [ 90%] [32mBuilding C object CMakeFiles/ros2_socketcan_msgs__rosidl_typesupport_c__pyext.dir/rosidl_generator_py/ros2_socketcan_msgs/_ros2_socketcan_msgs_s.ep.rosidl_typesupport_c.c.o[0m
[5.340s] [ 93%] [32m[1mLinking C shared library rosidl_generator_py/ros2_socketcan_msgs/ros2_socketcan_msgs_s__rosidl_typesupport_introspection_c.cpython-310-x86_64-linux-gnu.so[0m
[5.386s] [ 96%] [32m[1mLinking C shared library rosidl_generator_py/ros2_socketcan_msgs/ros2_socketcan_msgs_s__rosidl_typesupport_fastrtps_c.cpython-310-x86_64-linux-gnu.so[0m
[5.386s] [100%] [32m[1mLinking C shared library rosidl_generator_py/ros2_socketcan_msgs/ros2_socketcan_msgs_s__rosidl_typesupport_c.cpython-310-x86_64-linux-gnu.so[0m
[5.396s] [100%] Built target ros2_socketcan_msgs__rosidl_typesupport_introspection_c__pyext
[5.439s] [100%] Built target ros2_socketcan_msgs__rosidl_typesupport_c__pyext
[5.446s] [100%] Built target ros2_socketcan_msgs__rosidl_typesupport_fastrtps_c__pyext
[5.462s] Invoked command in '/home/luis/workshop_ws/build/ros2_socketcan_msgs' returned '0': CMAKE_PREFIX_PATH=/opt/ros/humble /usr/bin/cmake --build /home/luis/workshop_ws/build/ros2_socketcan_msgs -- -j12 -l12
[5.464s] Invoking command in '/home/luis/workshop_ws/build/ros2_socketcan_msgs': CMAKE_PREFIX_PATH=/opt/ros/humble /usr/bin/cmake --install /home/luis/workshop_ws/build/ros2_socketcan_msgs
[5.473s] -- Install configuration: ""
[5.474s] -- Execute custom install script
[5.474s] -- Symlinking: /home/luis/workshop_ws/install/ros2_socketcan_msgs/share/ament_index/resource_index/rosidl_interfaces/ros2_socketcan_msgs
[5.487s] -- Symlinking: /home/luis/workshop_ws/install/ros2_socketcan_msgs/include/ros2_socketcan_msgs/ros2_socketcan_msgs/msg/detail/fd_frame__functions.h
[5.498s] -- Symlinking: /home/luis/workshop_ws/install/ros2_socketcan_msgs/include/ros2_socketcan_msgs/ros2_socketcan_msgs/msg/detail/fd_frame__struct.h
[5.509s] -- Symlinking: /home/luis/workshop_ws/install/ros2_socketcan_msgs/include/ros2_socketcan_msgs/ros2_socketcan_msgs/msg/detail/fd_frame__type_support.h
[5.520s] -- Symlinking: /home/luis/workshop_ws/install/ros2_socketcan_msgs/include/ros2_socketcan_msgs/ros2_socketcan_msgs/msg/fd_frame.h
[5.530s] -- Symlinking: /home/luis/workshop_ws/install/ros2_socketcan_msgs/include/ros2_socketcan_msgs/ros2_socketcan_msgs/msg/rosidl_generator_c__visibility_control.h
[5.541s] -- Symlinking: /home/luis/workshop_ws/install/ros2_socketcan_msgs/share/ros2_socketcan_msgs/environment/library_path.sh
[5.553s] -- Symlinking: /home/luis/workshop_ws/install/ros2_socketcan_msgs/share/ros2_socketcan_msgs/environment/library_path.dsv
[5.565s] -- Symlinking: /home/luis/workshop_ws/install/ros2_socketcan_msgs/include/ros2_socketcan_msgs/ros2_socketcan_msgs/msg/detail/fd_frame__rosidl_typesupport_fastrtps_c.h
[5.577s] -- Symlinking: /home/luis/workshop_ws/install/ros2_socketcan_msgs/include/ros2_socketcan_msgs/ros2_socketcan_msgs/msg/rosidl_typesupport_fastrtps_c__visibility_control.h
[5.589s] -- Symlinking: /home/luis/workshop_ws/install/ros2_socketcan_msgs/include/ros2_socketcan_msgs/ros2_socketcan_msgs/msg/detail/fd_frame__rosidl_typesupport_introspection_c.h
[5.601s] -- Symlinking: /home/luis/workshop_ws/install/ros2_socketcan_msgs/include/ros2_socketcan_msgs/ros2_socketcan_msgs/msg/rosidl_typesupport_introspection_c__visibility_control.h
[5.612s] -- Symlinking: /home/luis/workshop_ws/install/ros2_socketcan_msgs/include/ros2_socketcan_msgs/ros2_socketcan_msgs/msg/detail/fd_frame__builder.hpp
[5.623s] -- Symlinking: /home/luis/workshop_ws/install/ros2_socketcan_msgs/include/ros2_socketcan_msgs/ros2_socketcan_msgs/msg/detail/fd_frame__struct.hpp
[5.635s] -- Symlinking: /home/luis/workshop_ws/install/ros2_socketcan_msgs/include/ros2_socketcan_msgs/ros2_socketcan_msgs/msg/detail/fd_frame__traits.hpp
[5.646s] -- Symlinking: /home/luis/workshop_ws/install/ros2_socketcan_msgs/include/ros2_socketcan_msgs/ros2_socketcan_msgs/msg/detail/fd_frame__type_support.hpp
[5.657s] -- Symlinking: /home/luis/workshop_ws/install/ros2_socketcan_msgs/include/ros2_socketcan_msgs/ros2_socketcan_msgs/msg/fd_frame.hpp
[5.669s] -- Symlinking: /home/luis/workshop_ws/install/ros2_socketcan_msgs/include/ros2_socketcan_msgs/ros2_socketcan_msgs/msg/rosidl_generator_cpp__visibility_control.hpp
[5.681s] -- Symlinking: /home/luis/workshop_ws/install/ros2_socketcan_msgs/include/ros2_socketcan_msgs/ros2_socketcan_msgs/msg/detail/fd_frame__rosidl_typesupport_fastrtps_cpp.hpp
[5.693s] -- Symlinking: /home/luis/workshop_ws/install/ros2_socketcan_msgs/include/ros2_socketcan_msgs/ros2_socketcan_msgs/msg/rosidl_typesupport_fastrtps_cpp__visibility_control.h
[5.705s] -- Symlinking: /home/luis/workshop_ws/install/ros2_socketcan_msgs/include/ros2_socketcan_msgs/ros2_socketcan_msgs/msg/detail/fd_frame__rosidl_typesupport_introspection_cpp.hpp
[5.716s] -- Symlinking: /home/luis/workshop_ws/install/ros2_socketcan_msgs/share/ros2_socketcan_msgs/environment/pythonpath.sh
[5.728s] -- Symlinking: /home/luis/workshop_ws/install/ros2_socketcan_msgs/share/ros2_socketcan_msgs/environment/pythonpath.dsv
[5.739s] -- Symlinking: /home/luis/workshop_ws/install/ros2_socketcan_msgs/local/lib/python3.10/dist-packages/ros2_socketcan_msgs-1.3.0-py3.10.egg-info/PKG-INFO
[5.751s] -- Symlinking: /home/luis/workshop_ws/install/ros2_socketcan_msgs/local/lib/python3.10/dist-packages/ros2_socketcan_msgs-1.3.0-py3.10.egg-info/SOURCES.txt
[5.762s] -- Symlinking: /home/luis/workshop_ws/install/ros2_socketcan_msgs/local/lib/python3.10/dist-packages/ros2_socketcan_msgs-1.3.0-py3.10.egg-info/dependency_links.txt
[5.774s] -- Symlinking: /home/luis/workshop_ws/install/ros2_socketcan_msgs/local/lib/python3.10/dist-packages/ros2_socketcan_msgs-1.3.0-py3.10.egg-info/top_level.txt
[5.786s] -- Symlinking: /home/luis/workshop_ws/install/ros2_socketcan_msgs/local/lib/python3.10/dist-packages/ros2_socketcan_msgs/__init__.py
[5.797s] -- Symlinking: /home/luis/workshop_ws/install/ros2_socketcan_msgs/local/lib/python3.10/dist-packages/ros2_socketcan_msgs/_ros2_socketcan_msgs_s.ep.rosidl_typesupport_c.c
[5.809s] -- Symlinking: /home/luis/workshop_ws/install/ros2_socketcan_msgs/local/lib/python3.10/dist-packages/ros2_socketcan_msgs/_ros2_socketcan_msgs_s.ep.rosidl_typesupport_fastrtps_c.c
[5.820s] -- Symlinking: /home/luis/workshop_ws/install/ros2_socketcan_msgs/local/lib/python3.10/dist-packages/ros2_socketcan_msgs/_ros2_socketcan_msgs_s.ep.rosidl_typesupport_introspection_c.c
[5.831s] -- Symlinking: /home/luis/workshop_ws/install/ros2_socketcan_msgs/local/lib/python3.10/dist-packages/ros2_socketcan_msgs/libros2_socketcan_msgs__rosidl_generator_py.so
[5.843s] -- Symlinking: /home/luis/workshop_ws/install/ros2_socketcan_msgs/local/lib/python3.10/dist-packages/ros2_socketcan_msgs/msg/__init__.py
[5.854s] -- Symlinking: /home/luis/workshop_ws/install/ros2_socketcan_msgs/local/lib/python3.10/dist-packages/ros2_socketcan_msgs/msg/_fd_frame.py
[5.866s] -- Symlinking: /home/luis/workshop_ws/install/ros2_socketcan_msgs/local/lib/python3.10/dist-packages/ros2_socketcan_msgs/msg/_fd_frame_s.c
[5.881s] -- Symlinking: /home/luis/workshop_ws/install/ros2_socketcan_msgs/local/lib/python3.10/dist-packages/ros2_socketcan_msgs/ros2_socketcan_msgs_s__rosidl_typesupport_c.cpython-310-x86_64-linux-gnu.so
[5.897s] -- Symlinking: /home/luis/workshop_ws/install/ros2_socketcan_msgs/local/lib/python3.10/dist-packages/ros2_socketcan_msgs/ros2_socketcan_msgs_s__rosidl_typesupport_fastrtps_c.cpython-310-x86_64-linux-gnu.so
[5.908s] -- Symlinking: /home/luis/workshop_ws/install/ros2_socketcan_msgs/local/lib/python3.10/dist-packages/ros2_socketcan_msgs/ros2_socketcan_msgs_s__rosidl_typesupport_introspection_c.cpython-310-x86_64-linux-gnu.so
[5.920s] -- Up-to-date symlink: /home/luis/workshop_ws/install/ros2_socketcan_msgs/local/lib/python3.10/dist-packages/ros2_socketcan_msgs/ros2_socketcan_msgs_s__rosidl_typesupport_fastrtps_c.cpython-310-x86_64-linux-gnu.so
[5.921s] -- Up-to-date symlink: /home/luis/workshop_ws/install/ros2_socketcan_msgs/local/lib/python3.10/dist-packages/ros2_socketcan_msgs/ros2_socketcan_msgs_s__rosidl_typesupport_introspection_c.cpython-310-x86_64-linux-gnu.so
[5.921s] -- Up-to-date symlink: /home/luis/workshop_ws/install/ros2_socketcan_msgs/local/lib/python3.10/dist-packages/ros2_socketcan_msgs/ros2_socketcan_msgs_s__rosidl_typesupport_c.cpython-310-x86_64-linux-gnu.so
[5.922s] -- Symlinking: /home/luis/workshop_ws/install/ros2_socketcan_msgs/share/ros2_socketcan_msgs/msg/FdFrame.idl
[5.934s] -- Symlinking: /home/luis/workshop_ws/install/ros2_socketcan_msgs/share/ros2_socketcan_msgs/msg/FdFrame.msg
[5.946s] -- Symlinking: /home/luis/workshop_ws/install/ros2_socketcan_msgs/share/ament_index/resource_index/package_run_dependencies/ros2_socketcan_msgs
[5.959s] -- Symlinking: /home/luis/workshop_ws/install/ros2_socketcan_msgs/share/ament_index/resource_index/parent_prefix_path/ros2_socketcan_msgs
[5.977s] -- Symlinking: /home/luis/workshop_ws/install/ros2_socketcan_msgs/share/ros2_socketcan_msgs/environment/ament_prefix_path.sh
[5.988s] -- Symlinking: /home/luis/workshop_ws/install/ros2_socketcan_msgs/share/ros2_socketcan_msgs/environment/ament_prefix_path.dsv
[5.999s] -- Symlinking: /home/luis/workshop_ws/install/ros2_socketcan_msgs/share/ros2_socketcan_msgs/environment/path.sh
[6.011s] -- Symlinking: /home/luis/workshop_ws/install/ros2_socketcan_msgs/share/ros2_socketcan_msgs/environment/path.dsv
[6.023s] -- Symlinking: /home/luis/workshop_ws/install/ros2_socketcan_msgs/share/ros2_socketcan_msgs/local_setup.bash
[6.042s] -- Symlinking: /home/luis/workshop_ws/install/ros2_socketcan_msgs/share/ros2_socketcan_msgs/local_setup.sh
[6.060s] -- Symlinking: /home/luis/workshop_ws/install/ros2_socketcan_msgs/share/ros2_socketcan_msgs/local_setup.zsh
[6.072s] -- Symlinking: /home/luis/workshop_ws/install/ros2_socketcan_msgs/share/ros2_socketcan_msgs/local_setup.dsv
[6.083s] -- Symlinking: /home/luis/workshop_ws/install/ros2_socketcan_msgs/share/ros2_socketcan_msgs/package.dsv
[6.095s] -- Symlinking: /home/luis/workshop_ws/install/ros2_socketcan_msgs/share/ament_index/resource_index/packages/ros2_socketcan_msgs
[6.106s] -- Symlinking: /home/luis/workshop_ws/install/ros2_socketcan_msgs/share/ros2_socketcan_msgs/cmake/rosidl_cmake-extras.cmake
[6.117s] -- Symlinking: /home/luis/workshop_ws/install/ros2_socketcan_msgs/share/ros2_socketcan_msgs/cmake/ament_cmake_export_dependencies-extras.cmake
[6.128s] -- Symlinking: /home/luis/workshop_ws/install/ros2_socketcan_msgs/share/ros2_socketcan_msgs/cmake/ament_cmake_export_include_directories-extras.cmake
[6.139s] -- Symlinking: /home/luis/workshop_ws/install/ros2_socketcan_msgs/share/ros2_socketcan_msgs/cmake/ament_cmake_export_libraries-extras.cmake
[6.150s] -- Symlinking: /home/luis/workshop_ws/install/ros2_socketcan_msgs/share/ros2_socketcan_msgs/cmake/ament_cmake_export_targets-extras.cmake
[6.160s] -- Symlinking: /home/luis/workshop_ws/install/ros2_socketcan_msgs/share/ros2_socketcan_msgs/cmake/rosidl_cmake_export_typesupport_targets-extras.cmake
[6.170s] -- Symlinking: /home/luis/workshop_ws/install/ros2_socketcan_msgs/share/ros2_socketcan_msgs/cmake/rosidl_cmake_export_typesupport_libraries-extras.cmake
[6.180s] -- Symlinking: /home/luis/workshop_ws/install/ros2_socketcan_msgs/share/ros2_socketcan_msgs/cmake/ros2_socketcan_msgsConfig.cmake
[6.191s] -- Symlinking: /home/luis/workshop_ws/install/ros2_socketcan_msgs/share/ros2_socketcan_msgs/cmake/ros2_socketcan_msgsConfig-version.cmake
[6.203s] -- Symlinking: /home/luis/workshop_ws/install/ros2_socketcan_msgs/share/ros2_socketcan_msgs/package.xml
[6.214s] -- Installing: /home/luis/workshop_ws/install/ros2_socketcan_msgs/lib/libros2_socketcan_msgs__rosidl_generator_c.so
[6.214s] -- Set runtime path of "/home/luis/workshop_ws/install/ros2_socketcan_msgs/lib/libros2_socketcan_msgs__rosidl_generator_c.so" to ""
[6.214s] -- Installing: /home/luis/workshop_ws/install/ros2_socketcan_msgs/lib/libros2_socketcan_msgs__rosidl_typesupport_fastrtps_c.so
[6.215s] -- Set runtime path of "/home/luis/workshop_ws/install/ros2_socketcan_msgs/lib/libros2_socketcan_msgs__rosidl_typesupport_fastrtps_c.so" to ""
[6.215s] -- Installing: /home/luis/workshop_ws/install/ros2_socketcan_msgs/lib/libros2_socketcan_msgs__rosidl_typesupport_introspection_c.so
[6.215s] -- Set runtime path of "/home/luis/workshop_ws/install/ros2_socketcan_msgs/lib/libros2_socketcan_msgs__rosidl_typesupport_introspection_c.so" to ""
[6.215s] -- Installing: /home/luis/workshop_ws/install/ros2_socketcan_msgs/lib/libros2_socketcan_msgs__rosidl_typesupport_c.so
[6.216s] -- Set runtime path of "/home/luis/workshop_ws/install/ros2_socketcan_msgs/lib/libros2_socketcan_msgs__rosidl_typesupport_c.so" to ""
[6.216s] -- Installing: /home/luis/workshop_ws/install/ros2_socketcan_msgs/lib/libros2_socketcan_msgs__rosidl_typesupport_fastrtps_cpp.so
[6.216s] -- Set runtime path of "/home/luis/workshop_ws/install/ros2_socketcan_msgs/lib/libros2_socketcan_msgs__rosidl_typesupport_fastrtps_cpp.so" to ""
[6.216s] -- Installing: /home/luis/workshop_ws/install/ros2_socketcan_msgs/lib/libros2_socketcan_msgs__rosidl_typesupport_introspection_cpp.so
[6.217s] -- Set runtime path of "/home/luis/workshop_ws/install/ros2_socketcan_msgs/lib/libros2_socketcan_msgs__rosidl_typesupport_introspection_cpp.so" to ""
[6.217s] -- Installing: /home/luis/workshop_ws/install/ros2_socketcan_msgs/lib/libros2_socketcan_msgs__rosidl_typesupport_cpp.so
[6.217s] -- Set runtime path of "/home/luis/workshop_ws/install/ros2_socketcan_msgs/lib/libros2_socketcan_msgs__rosidl_typesupport_cpp.so" to ""
[6.257s] Listing '/home/luis/workshop_ws/install/ros2_socketcan_msgs/local/lib/python3.10/dist-packages/ros2_socketcan_msgs'...
[6.257s] Compiling '/home/luis/workshop_ws/install/ros2_socketcan_msgs/local/lib/python3.10/dist-packages/ros2_socketcan_msgs/__init__.py'...
[6.257s] Listing '/home/luis/workshop_ws/install/ros2_socketcan_msgs/local/lib/python3.10/dist-packages/ros2_socketcan_msgs/msg'...
[6.257s] Compiling '/home/luis/workshop_ws/install/ros2_socketcan_msgs/local/lib/python3.10/dist-packages/ros2_socketcan_msgs/msg/__init__.py'...
[6.257s] Compiling '/home/luis/workshop_ws/install/ros2_socketcan_msgs/local/lib/python3.10/dist-packages/ros2_socketcan_msgs/msg/_fd_frame.py'...
[6.265s] -- Installing: /home/luis/workshop_ws/install/ros2_socketcan_msgs/lib/libros2_socketcan_msgs__rosidl_generator_py.so
[6.265s] -- Set runtime path of "/home/luis/workshop_ws/install/ros2_socketcan_msgs/lib/libros2_socketcan_msgs__rosidl_generator_py.so" to ""
[6.265s] -- Installing: /home/luis/workshop_ws/install/ros2_socketcan_msgs/share/ros2_socketcan_msgs/cmake/export_ros2_socketcan_msgs__rosidl_generator_cExport.cmake
[6.266s] -- Installing: /home/luis/workshop_ws/install/ros2_socketcan_msgs/share/ros2_socketcan_msgs/cmake/export_ros2_socketcan_msgs__rosidl_generator_cExport-noconfig.cmake
[6.266s] -- Installing: /home/luis/workshop_ws/install/ros2_socketcan_msgs/share/ros2_socketcan_msgs/cmake/export_ros2_socketcan_msgs__rosidl_typesupport_fastrtps_cExport.cmake
[6.266s] -- Installing: /home/luis/workshop_ws/install/ros2_socketcan_msgs/share/ros2_socketcan_msgs/cmake/export_ros2_socketcan_msgs__rosidl_typesupport_fastrtps_cExport-noconfig.cmake
[6.266s] -- Installing: /home/luis/workshop_ws/install/ros2_socketcan_msgs/share/ros2_socketcan_msgs/cmake/ros2_socketcan_msgs__rosidl_typesupport_introspection_cExport.cmake
[6.267s] -- Installing: /home/luis/workshop_ws/install/ros2_socketcan_msgs/share/ros2_socketcan_msgs/cmake/ros2_socketcan_msgs__rosidl_typesupport_introspection_cExport-noconfig.cmake
[6.267s] -- Installing: /home/luis/workshop_ws/install/ros2_socketcan_msgs/share/ros2_socketcan_msgs/cmake/ros2_socketcan_msgs__rosidl_typesupport_cExport.cmake
[6.267s] -- Installing: /home/luis/workshop_ws/install/ros2_socketcan_msgs/share/ros2_socketcan_msgs/cmake/ros2_socketcan_msgs__rosidl_typesupport_cExport-noconfig.cmake
[6.267s] -- Installing: /home/luis/workshop_ws/install/ros2_socketcan_msgs/share/ros2_socketcan_msgs/cmake/export_ros2_socketcan_msgs__rosidl_generator_cppExport.cmake
[6.268s] -- Installing: /home/luis/workshop_ws/install/ros2_socketcan_msgs/share/ros2_socketcan_msgs/cmake/export_ros2_socketcan_msgs__rosidl_typesupport_fastrtps_cppExport.cmake
[6.268s] -- Installing: /home/luis/workshop_ws/install/ros2_socketcan_msgs/share/ros2_socketcan_msgs/cmake/export_ros2_socketcan_msgs__rosidl_typesupport_fastrtps_cppExport-noconfig.cmake
[6.268s] -- Installing: /home/luis/workshop_ws/install/ros2_socketcan_msgs/share/ros2_socketcan_msgs/cmake/ros2_socketcan_msgs__rosidl_typesupport_introspection_cppExport.cmake
[6.268s] -- Installing: /home/luis/workshop_ws/install/ros2_socketcan_msgs/share/ros2_socketcan_msgs/cmake/ros2_socketcan_msgs__rosidl_typesupport_introspection_cppExport-noconfig.cmake
[6.269s] -- Installing: /home/luis/workshop_ws/install/ros2_socketcan_msgs/share/ros2_socketcan_msgs/cmake/ros2_socketcan_msgs__rosidl_typesupport_cppExport.cmake
[6.269s] -- Installing: /home/luis/workshop_ws/install/ros2_socketcan_msgs/share/ros2_socketcan_msgs/cmake/ros2_socketcan_msgs__rosidl_typesupport_cppExport-noconfig.cmake
[6.269s] -- Installing: /home/luis/workshop_ws/install/ros2_socketcan_msgs/share/ros2_socketcan_msgs/cmake/export_ros2_socketcan_msgs__rosidl_generator_pyExport.cmake
[6.269s] -- Installing: /home/luis/workshop_ws/install/ros2_socketcan_msgs/share/ros2_socketcan_msgs/cmake/export_ros2_socketcan_msgs__rosidl_generator_pyExport-noconfig.cmake
[6.273s] Invoked command in '/home/luis/workshop_ws/build/ros2_socketcan_msgs' returned '0': CMAKE_PREFIX_PATH=/opt/ros/humble /usr/bin/cmake --install /home/luis/workshop_ws/build/ros2_socketcan_msgs
