[0.054s] Invoking command in '/home/luis/workshop_ws/build/ros2_socketcan_msgs': CMAKE_PREFIX_PATH=${CMAKE_PREFIX_PATH}:/opt/ros/humble /usr/bin/cmake /home/luis/workshop_ws/src/ros2_socketcan/ros2_socketcan_msgs -DCMAKE_INSTALL_PREFIX=/home/luis/workshop_ws/install/ros2_socketcan_msgs
[0.083s] -- Found ament_cmake_auto: 1.3.11 (/opt/ros/humble/share/ament_cmake_auto/cmake)
[0.292s] -- Override CMake install command with custom implementation using symlinks instead of copying resources
[0.409s] -- Using all available rosidl_typesupport_c: rosidl_typesupport_fastrtps_c;rosidl_typesupport_introspection_c
[0.416s] -- Found rosidl_adapter: 3.1.6 (/opt/ros/humble/share/rosidl_adapter/cmake)
[0.476s] -- Using all available rosidl_typesupport_cpp: rosidl_typesupport_fastrtps_cpp;rosidl_typesupport_introspection_cpp
[0.895s] -- Found ament_cmake_cppcheck: 0.12.12 (/opt/ros/humble/share/ament_cmake_cppcheck/cmake)
[0.896s] -- Found ament_cmake_cpplint: 0.12.12 (/opt/ros/humble/share/ament_cmake_cpplint/cmake)
[0.898s] -- Found ament_cmake_uncrustify: 0.12.12 (/opt/ros/humble/share/ament_cmake_uncrustify/cmake)
[0.900s] -- Found ament_cmake_ros: 0.10.0 (/opt/ros/humble/share/ament_cmake_ros/cmake)
[1.273s] -- Using all available rosidl_typesupport_c: rosidl_typesupport_fastrtps_c;rosidl_typesupport_introspection_c
[1.787s] -- Using all available rosidl_typesupport_cpp: rosidl_typesupport_fastrtps_cpp;rosidl_typesupport_introspection_cpp
[1.830s] -- Found python_cmake_module: 0.10.0 (/opt/ros/humble/share/python_cmake_module/cmake)
[1.865s] -- Using PYTHON_EXECUTABLE: /usr/bin/python3
[1.865s] -- Using PYTHON_INCLUDE_DIRS: /usr/include/python3.10
[1.865s] -- Using PYTHON_LIBRARIES: /usr/lib/x86_64-linux-gnu/libpython3.10.so
[1.913s] -- Found ament_cmake_flake8: 0.12.12 (/opt/ros/humble/share/ament_cmake_flake8/cmake)
[1.914s] -- Found ament_cmake_pep257: 0.12.12 (/opt/ros/humble/share/ament_cmake_pep257/cmake)
[1.916s] -- Found ament_lint_auto: 0.12.12 (/opt/ros/humble/share/ament_lint_auto/cmake)
[1.937s] -- Added test 'copyright' to check source files copyright and LICENSE
[1.937s] -- Added test 'lint_cmake' to check CMake code style
[1.938s] -- Added test 'xmllint' to check XML markup files
[1.943s] -- Configuring done
[2.015s] -- Generating done
[2.034s] -- Build files have been written to: /home/luis/workshop_ws/build/ros2_socketcan_msgs
[2.045s] Invoked command in '/home/luis/workshop_ws/build/ros2_socketcan_msgs' returned '0': CMAKE_PREFIX_PATH=${CMAKE_PREFIX_PATH}:/opt/ros/humble /usr/bin/cmake /home/luis/workshop_ws/src/ros2_socketcan/ros2_socketcan_msgs -DCMAKE_INSTALL_PREFIX=/home/luis/workshop_ws/install/ros2_socketcan_msgs
[2.046s] Invoking command in '/home/luis/workshop_ws/build/ros2_socketcan_msgs': CMAKE_PREFIX_PATH=${CMAKE_PREFIX_PATH}:/opt/ros/humble /usr/bin/cmake --build /home/luis/workshop_ws/build/ros2_socketcan_msgs -- -j12 -l12
[2.143s] [35m[1mConsolidate compiler generated dependencies of target ros2_socketcan_msgs__rosidl_generator_c[0m
[2.167s] [ 12%] Built target ros2_socketcan_msgs__cpp
[2.167s] [ 12%] Built target ros2_socketcan_msgs__rosidl_generator_c
[2.183s] [ 12%] Built target ament_cmake_python_symlink_ros2_socketcan_msgs
[2.188s] [35m[1mConsolidate compiler generated dependencies of target ros2_socketcan_msgs__rosidl_typesupport_introspection_c[0m
[2.188s] [35m[1mConsolidate compiler generated dependencies of target ros2_socketcan_msgs__rosidl_typesupport_fastrtps_cpp[0m
[2.189s] [35m[1mConsolidate compiler generated dependencies of target ros2_socketcan_msgs__rosidl_typesupport_introspection_cpp[0m
[2.192s] [35m[1mConsolidate compiler generated dependencies of target ros2_socketcan_msgs__rosidl_typesupport_c[0m
[2.195s] [35m[1mConsolidate compiler generated dependencies of target ros2_socketcan_msgs__rosidl_typesupport_fastrtps_c[0m
[2.196s] [35m[1mConsolidate compiler generated dependencies of target ros2_socketcan_msgs__rosidl_typesupport_cpp[0m
[2.214s] [ 22%] Built target ros2_socketcan_msgs__rosidl_typesupport_introspection_c
[2.216s] [ 41%] Built target ros2_socketcan_msgs__rosidl_typesupport_fastrtps_cpp
[2.216s] [ 41%] Built target ros2_socketcan_msgs__rosidl_typesupport_introspection_cpp
[2.218s] [ 51%] Built target ros2_socketcan_msgs__rosidl_typesupport_c
[2.222s] [ 70%] Built target ros2_socketcan_msgs__rosidl_typesupport_fastrtps_c
[2.223s] [ 70%] Built target ros2_socketcan_msgs__rosidl_typesupport_cpp
[2.264s] [ 70%] Built target ros2_socketcan_msgs
[2.308s] [ 74%] Built target ros2_socketcan_msgs__py
[2.334s] [35m[1mConsolidate compiler generated dependencies of target ros2_socketcan_msgs__rosidl_generator_py[0m
[2.372s] [ 80%] Built target ros2_socketcan_msgs__rosidl_generator_py
[2.394s] [35m[1mConsolidate compiler generated dependencies of target ros2_socketcan_msgs__rosidl_typesupport_fastrtps_c__pyext[0m
[2.396s] [35m[1mConsolidate compiler generated dependencies of target ros2_socketcan_msgs__rosidl_typesupport_introspection_c__pyext[0m
[2.398s] [35m[1mConsolidate compiler generated dependencies of target ros2_socketcan_msgs__rosidl_typesupport_c__pyext[0m
[2.421s] [ 87%] Built target ros2_socketcan_msgs__rosidl_typesupport_introspection_c__pyext
[2.422s] [ 96%] Built target ros2_socketcan_msgs__rosidl_typesupport_fastrtps_c__pyext
[2.423s] [100%] Built target ros2_socketcan_msgs__rosidl_typesupport_c__pyext
[2.547s] running egg_info
[2.548s] writing ros2_socketcan_msgs.egg-info/PKG-INFO
[2.548s] writing dependency_links to ros2_socketcan_msgs.egg-info/dependency_links.txt
[2.548s] writing top-level names to ros2_socketcan_msgs.egg-info/top_level.txt
[2.552s] reading manifest file 'ros2_socketcan_msgs.egg-info/SOURCES.txt'
[2.552s] writing manifest file 'ros2_socketcan_msgs.egg-info/SOURCES.txt'
[2.598s] [100%] Built target ament_cmake_python_build_ros2_socketcan_msgs_egg
[2.620s] Invoked command in '/home/luis/workshop_ws/build/ros2_socketcan_msgs' returned '0': CMAKE_PREFIX_PATH=${CMAKE_PREFIX_PATH}:/opt/ros/humble /usr/bin/cmake --build /home/luis/workshop_ws/build/ros2_socketcan_msgs -- -j12 -l12
[2.624s] Invoking command in '/home/luis/workshop_ws/build/ros2_socketcan_msgs': CMAKE_PREFIX_PATH=${CMAKE_PREFIX_PATH}:/opt/ros/humble /usr/bin/cmake --install /home/luis/workshop_ws/build/ros2_socketcan_msgs
[2.644s] -- Install configuration: ""
[2.645s] -- Execute custom install script
[2.645s] -- Up-to-date symlink: /home/luis/workshop_ws/install/ros2_socketcan_msgs/share/ament_index/resource_index/rosidl_interfaces/ros2_socketcan_msgs
[2.645s] -- Up-to-date symlink: /home/luis/workshop_ws/install/ros2_socketcan_msgs/include/ros2_socketcan_msgs/ros2_socketcan_msgs/msg/detail/fd_frame__functions.h
[2.646s] -- Up-to-date symlink: /home/luis/workshop_ws/install/ros2_socketcan_msgs/include/ros2_socketcan_msgs/ros2_socketcan_msgs/msg/detail/fd_frame__struct.h
[2.646s] -- Up-to-date symlink: /home/luis/workshop_ws/install/ros2_socketcan_msgs/include/ros2_socketcan_msgs/ros2_socketcan_msgs/msg/detail/fd_frame__type_support.h
[2.646s] -- Up-to-date symlink: /home/luis/workshop_ws/install/ros2_socketcan_msgs/include/ros2_socketcan_msgs/ros2_socketcan_msgs/msg/fd_frame.h
[2.646s] -- Up-to-date symlink: /home/luis/workshop_ws/install/ros2_socketcan_msgs/include/ros2_socketcan_msgs/ros2_socketcan_msgs/msg/rosidl_generator_c__visibility_control.h
[2.646s] -- Up-to-date symlink: /home/luis/workshop_ws/install/ros2_socketcan_msgs/share/ros2_socketcan_msgs/environment/library_path.sh
[2.647s] -- Up-to-date symlink: /home/luis/workshop_ws/install/ros2_socketcan_msgs/share/ros2_socketcan_msgs/environment/library_path.dsv
[2.647s] -- Up-to-date symlink: /home/luis/workshop_ws/install/ros2_socketcan_msgs/include/ros2_socketcan_msgs/ros2_socketcan_msgs/msg/detail/fd_frame__rosidl_typesupport_fastrtps_c.h
[2.647s] -- Up-to-date symlink: /home/luis/workshop_ws/install/ros2_socketcan_msgs/include/ros2_socketcan_msgs/ros2_socketcan_msgs/msg/rosidl_typesupport_fastrtps_c__visibility_control.h
[2.648s] -- Up-to-date symlink: /home/luis/workshop_ws/install/ros2_socketcan_msgs/include/ros2_socketcan_msgs/ros2_socketcan_msgs/msg/detail/fd_frame__rosidl_typesupport_introspection_c.h
[2.648s] -- Up-to-date symlink: /home/luis/workshop_ws/install/ros2_socketcan_msgs/include/ros2_socketcan_msgs/ros2_socketcan_msgs/msg/rosidl_typesupport_introspection_c__visibility_control.h
[2.649s] -- Up-to-date symlink: /home/luis/workshop_ws/install/ros2_socketcan_msgs/include/ros2_socketcan_msgs/ros2_socketcan_msgs/msg/detail/fd_frame__builder.hpp
[2.649s] -- Up-to-date symlink: /home/luis/workshop_ws/install/ros2_socketcan_msgs/include/ros2_socketcan_msgs/ros2_socketcan_msgs/msg/detail/fd_frame__struct.hpp
[2.649s] -- Up-to-date symlink: /home/luis/workshop_ws/install/ros2_socketcan_msgs/include/ros2_socketcan_msgs/ros2_socketcan_msgs/msg/detail/fd_frame__traits.hpp
[2.649s] -- Up-to-date symlink: /home/luis/workshop_ws/install/ros2_socketcan_msgs/include/ros2_socketcan_msgs/ros2_socketcan_msgs/msg/detail/fd_frame__type_support.hpp
[2.650s] -- Up-to-date symlink: /home/luis/workshop_ws/install/ros2_socketcan_msgs/include/ros2_socketcan_msgs/ros2_socketcan_msgs/msg/fd_frame.hpp
[2.650s] -- Up-to-date symlink: /home/luis/workshop_ws/install/ros2_socketcan_msgs/include/ros2_socketcan_msgs/ros2_socketcan_msgs/msg/rosidl_generator_cpp__visibility_control.hpp
[2.650s] -- Up-to-date symlink: /home/luis/workshop_ws/install/ros2_socketcan_msgs/include/ros2_socketcan_msgs/ros2_socketcan_msgs/msg/detail/fd_frame__rosidl_typesupport_fastrtps_cpp.hpp
[2.651s] -- Up-to-date symlink: /home/luis/workshop_ws/install/ros2_socketcan_msgs/include/ros2_socketcan_msgs/ros2_socketcan_msgs/msg/rosidl_typesupport_fastrtps_cpp__visibility_control.h
[2.651s] -- Up-to-date symlink: /home/luis/workshop_ws/install/ros2_socketcan_msgs/include/ros2_socketcan_msgs/ros2_socketcan_msgs/msg/detail/fd_frame__rosidl_typesupport_introspection_cpp.hpp
[2.651s] -- Up-to-date symlink: /home/luis/workshop_ws/install/ros2_socketcan_msgs/share/ros2_socketcan_msgs/environment/pythonpath.sh
[2.651s] -- Up-to-date symlink: /home/luis/workshop_ws/install/ros2_socketcan_msgs/share/ros2_socketcan_msgs/environment/pythonpath.dsv
[2.652s] -- Up-to-date symlink: /home/luis/workshop_ws/install/ros2_socketcan_msgs/local/lib/python3.10/dist-packages/ros2_socketcan_msgs-1.3.0-py3.10.egg-info/PKG-INFO
[2.652s] -- Up-to-date symlink: /home/luis/workshop_ws/install/ros2_socketcan_msgs/local/lib/python3.10/dist-packages/ros2_socketcan_msgs-1.3.0-py3.10.egg-info/SOURCES.txt
[2.652s] -- Up-to-date symlink: /home/luis/workshop_ws/install/ros2_socketcan_msgs/local/lib/python3.10/dist-packages/ros2_socketcan_msgs-1.3.0-py3.10.egg-info/dependency_links.txt
[2.653s] -- Up-to-date symlink: /home/luis/workshop_ws/install/ros2_socketcan_msgs/local/lib/python3.10/dist-packages/ros2_socketcan_msgs-1.3.0-py3.10.egg-info/top_level.txt
[2.654s] -- Up-to-date symlink: /home/luis/workshop_ws/install/ros2_socketcan_msgs/local/lib/python3.10/dist-packages/ros2_socketcan_msgs/__init__.py
[2.654s] -- Up-to-date symlink: /home/luis/workshop_ws/install/ros2_socketcan_msgs/local/lib/python3.10/dist-packages/ros2_socketcan_msgs/_ros2_socketcan_msgs_s.ep.rosidl_typesupport_c.c
[2.654s] -- Up-to-date symlink: /home/luis/workshop_ws/install/ros2_socketcan_msgs/local/lib/python3.10/dist-packages/ros2_socketcan_msgs/_ros2_socketcan_msgs_s.ep.rosidl_typesupport_fastrtps_c.c
[2.654s] -- Up-to-date symlink: /home/luis/workshop_ws/install/ros2_socketcan_msgs/local/lib/python3.10/dist-packages/ros2_socketcan_msgs/_ros2_socketcan_msgs_s.ep.rosidl_typesupport_introspection_c.c
[2.654s] -- Up-to-date symlink: /home/luis/workshop_ws/install/ros2_socketcan_msgs/local/lib/python3.10/dist-packages/ros2_socketcan_msgs/libros2_socketcan_msgs__rosidl_generator_py.so
[2.655s] -- Up-to-date symlink: /home/luis/workshop_ws/install/ros2_socketcan_msgs/local/lib/python3.10/dist-packages/ros2_socketcan_msgs/msg/__init__.py
[2.655s] -- Up-to-date symlink: /home/luis/workshop_ws/install/ros2_socketcan_msgs/local/lib/python3.10/dist-packages/ros2_socketcan_msgs/msg/_fd_frame.py
[2.655s] -- Up-to-date symlink: /home/luis/workshop_ws/install/ros2_socketcan_msgs/local/lib/python3.10/dist-packages/ros2_socketcan_msgs/msg/_fd_frame_s.c
[2.655s] -- Up-to-date symlink: /home/luis/workshop_ws/install/ros2_socketcan_msgs/local/lib/python3.10/dist-packages/ros2_socketcan_msgs/ros2_socketcan_msgs_s__rosidl_typesupport_c.cpython-310-x86_64-linux-gnu.so
[2.655s] -- Up-to-date symlink: /home/luis/workshop_ws/install/ros2_socketcan_msgs/local/lib/python3.10/dist-packages/ros2_socketcan_msgs/ros2_socketcan_msgs_s__rosidl_typesupport_fastrtps_c.cpython-310-x86_64-linux-gnu.so
[2.655s] -- Up-to-date symlink: /home/luis/workshop_ws/install/ros2_socketcan_msgs/local/lib/python3.10/dist-packages/ros2_socketcan_msgs/ros2_socketcan_msgs_s__rosidl_typesupport_introspection_c.cpython-310-x86_64-linux-gnu.so
[2.656s] -- Up-to-date symlink: /home/luis/workshop_ws/install/ros2_socketcan_msgs/local/lib/python3.10/dist-packages/ros2_socketcan_msgs/ros2_socketcan_msgs_s__rosidl_typesupport_fastrtps_c.cpython-310-x86_64-linux-gnu.so
[2.656s] -- Up-to-date symlink: /home/luis/workshop_ws/install/ros2_socketcan_msgs/local/lib/python3.10/dist-packages/ros2_socketcan_msgs/ros2_socketcan_msgs_s__rosidl_typesupport_introspection_c.cpython-310-x86_64-linux-gnu.so
[2.656s] -- Up-to-date symlink: /home/luis/workshop_ws/install/ros2_socketcan_msgs/local/lib/python3.10/dist-packages/ros2_socketcan_msgs/ros2_socketcan_msgs_s__rosidl_typesupport_c.cpython-310-x86_64-linux-gnu.so
[2.657s] -- Up-to-date symlink: /home/luis/workshop_ws/install/ros2_socketcan_msgs/share/ros2_socketcan_msgs/msg/FdFrame.idl
[2.657s] -- Up-to-date symlink: /home/luis/workshop_ws/install/ros2_socketcan_msgs/share/ros2_socketcan_msgs/msg/FdFrame.msg
[2.657s] -- Up-to-date symlink: /home/luis/workshop_ws/install/ros2_socketcan_msgs/share/ament_index/resource_index/package_run_dependencies/ros2_socketcan_msgs
[2.658s] -- Up-to-date symlink: /home/luis/workshop_ws/install/ros2_socketcan_msgs/share/ament_index/resource_index/parent_prefix_path/ros2_socketcan_msgs
[2.658s] -- Up-to-date symlink: /home/luis/workshop_ws/install/ros2_socketcan_msgs/share/ros2_socketcan_msgs/environment/ament_prefix_path.sh
[2.658s] -- Up-to-date symlink: /home/luis/workshop_ws/install/ros2_socketcan_msgs/share/ros2_socketcan_msgs/environment/ament_prefix_path.dsv
[2.658s] -- Up-to-date symlink: /home/luis/workshop_ws/install/ros2_socketcan_msgs/share/ros2_socketcan_msgs/environment/path.sh
[2.658s] -- Up-to-date symlink: /home/luis/workshop_ws/install/ros2_socketcan_msgs/share/ros2_socketcan_msgs/environment/path.dsv
[2.659s] -- Up-to-date symlink: /home/luis/workshop_ws/install/ros2_socketcan_msgs/share/ros2_socketcan_msgs/local_setup.bash
[2.659s] -- Up-to-date symlink: /home/luis/workshop_ws/install/ros2_socketcan_msgs/share/ros2_socketcan_msgs/local_setup.sh
[2.659s] -- Up-to-date symlink: /home/luis/workshop_ws/install/ros2_socketcan_msgs/share/ros2_socketcan_msgs/local_setup.zsh
[2.659s] -- Up-to-date symlink: /home/luis/workshop_ws/install/ros2_socketcan_msgs/share/ros2_socketcan_msgs/local_setup.dsv
[2.659s] -- Symlinking: /home/luis/workshop_ws/install/ros2_socketcan_msgs/share/ros2_socketcan_msgs/package.dsv
[2.678s] -- Up-to-date symlink: /home/luis/workshop_ws/install/ros2_socketcan_msgs/share/ament_index/resource_index/packages/ros2_socketcan_msgs
[2.678s] -- Up-to-date symlink: /home/luis/workshop_ws/install/ros2_socketcan_msgs/share/ros2_socketcan_msgs/cmake/rosidl_cmake-extras.cmake
[2.678s] -- Up-to-date symlink: /home/luis/workshop_ws/install/ros2_socketcan_msgs/share/ros2_socketcan_msgs/cmake/ament_cmake_export_dependencies-extras.cmake
[2.679s] -- Up-to-date symlink: /home/luis/workshop_ws/install/ros2_socketcan_msgs/share/ros2_socketcan_msgs/cmake/ament_cmake_export_include_directories-extras.cmake
[2.679s] -- Up-to-date symlink: /home/luis/workshop_ws/install/ros2_socketcan_msgs/share/ros2_socketcan_msgs/cmake/ament_cmake_export_libraries-extras.cmake
[2.679s] -- Up-to-date symlink: /home/luis/workshop_ws/install/ros2_socketcan_msgs/share/ros2_socketcan_msgs/cmake/ament_cmake_export_targets-extras.cmake
[2.679s] -- Up-to-date symlink: /home/luis/workshop_ws/install/ros2_socketcan_msgs/share/ros2_socketcan_msgs/cmake/rosidl_cmake_export_typesupport_targets-extras.cmake
[2.680s] -- Up-to-date symlink: /home/luis/workshop_ws/install/ros2_socketcan_msgs/share/ros2_socketcan_msgs/cmake/rosidl_cmake_export_typesupport_libraries-extras.cmake
[2.680s] -- Up-to-date symlink: /home/luis/workshop_ws/install/ros2_socketcan_msgs/share/ros2_socketcan_msgs/cmake/ros2_socketcan_msgsConfig.cmake
[2.680s] -- Up-to-date symlink: /home/luis/workshop_ws/install/ros2_socketcan_msgs/share/ros2_socketcan_msgs/cmake/ros2_socketcan_msgsConfig-version.cmake
[2.680s] -- Up-to-date symlink: /home/luis/workshop_ws/install/ros2_socketcan_msgs/share/ros2_socketcan_msgs/package.xml
[2.680s] -- Up-to-date: /home/luis/workshop_ws/install/ros2_socketcan_msgs/lib/libros2_socketcan_msgs__rosidl_generator_c.so
[2.681s] -- Up-to-date: /home/luis/workshop_ws/install/ros2_socketcan_msgs/lib/libros2_socketcan_msgs__rosidl_typesupport_fastrtps_c.so
[2.681s] -- Up-to-date: /home/luis/workshop_ws/install/ros2_socketcan_msgs/lib/libros2_socketcan_msgs__rosidl_typesupport_introspection_c.so
[2.682s] -- Up-to-date: /home/luis/workshop_ws/install/ros2_socketcan_msgs/lib/libros2_socketcan_msgs__rosidl_typesupport_c.so
[2.682s] -- Up-to-date: /home/luis/workshop_ws/install/ros2_socketcan_msgs/lib/libros2_socketcan_msgs__rosidl_typesupport_fastrtps_cpp.so
[2.682s] -- Up-to-date: /home/luis/workshop_ws/install/ros2_socketcan_msgs/lib/libros2_socketcan_msgs__rosidl_typesupport_introspection_cpp.so
[2.683s] -- Up-to-date: /home/luis/workshop_ws/install/ros2_socketcan_msgs/lib/libros2_socketcan_msgs__rosidl_typesupport_cpp.so
[2.730s] Listing '/home/luis/workshop_ws/install/ros2_socketcan_msgs/local/lib/python3.10/dist-packages/ros2_socketcan_msgs'...
[2.730s] Compiling '/home/luis/workshop_ws/install/ros2_socketcan_msgs/local/lib/python3.10/dist-packages/ros2_socketcan_msgs/__init__.py'...
[2.730s] Listing '/home/luis/workshop_ws/install/ros2_socketcan_msgs/local/lib/python3.10/dist-packages/ros2_socketcan_msgs/msg'...
[2.737s] -- Up-to-date: /home/luis/workshop_ws/install/ros2_socketcan_msgs/lib/libros2_socketcan_msgs__rosidl_generator_py.so
[2.737s] -- Up-to-date: /home/luis/workshop_ws/install/ros2_socketcan_msgs/share/ros2_socketcan_msgs/cmake/export_ros2_socketcan_msgs__rosidl_generator_cExport.cmake
[2.738s] -- Up-to-date: /home/luis/workshop_ws/install/ros2_socketcan_msgs/share/ros2_socketcan_msgs/cmake/export_ros2_socketcan_msgs__rosidl_generator_cExport-noconfig.cmake
[2.738s] -- Up-to-date: /home/luis/workshop_ws/install/ros2_socketcan_msgs/share/ros2_socketcan_msgs/cmake/export_ros2_socketcan_msgs__rosidl_typesupport_fastrtps_cExport.cmake
[2.738s] -- Up-to-date: /home/luis/workshop_ws/install/ros2_socketcan_msgs/share/ros2_socketcan_msgs/cmake/export_ros2_socketcan_msgs__rosidl_typesupport_fastrtps_cExport-noconfig.cmake
[2.738s] -- Up-to-date: /home/luis/workshop_ws/install/ros2_socketcan_msgs/share/ros2_socketcan_msgs/cmake/ros2_socketcan_msgs__rosidl_typesupport_introspection_cExport.cmake
[2.738s] -- Up-to-date: /home/luis/workshop_ws/install/ros2_socketcan_msgs/share/ros2_socketcan_msgs/cmake/ros2_socketcan_msgs__rosidl_typesupport_introspection_cExport-noconfig.cmake
[2.738s] -- Up-to-date: /home/luis/workshop_ws/install/ros2_socketcan_msgs/share/ros2_socketcan_msgs/cmake/ros2_socketcan_msgs__rosidl_typesupport_cExport.cmake
[2.739s] -- Up-to-date: /home/luis/workshop_ws/install/ros2_socketcan_msgs/share/ros2_socketcan_msgs/cmake/ros2_socketcan_msgs__rosidl_typesupport_cExport-noconfig.cmake
[2.739s] -- Up-to-date: /home/luis/workshop_ws/install/ros2_socketcan_msgs/share/ros2_socketcan_msgs/cmake/export_ros2_socketcan_msgs__rosidl_generator_cppExport.cmake
[2.739s] -- Up-to-date: /home/luis/workshop_ws/install/ros2_socketcan_msgs/share/ros2_socketcan_msgs/cmake/export_ros2_socketcan_msgs__rosidl_typesupport_fastrtps_cppExport.cmake
[2.739s] -- Up-to-date: /home/luis/workshop_ws/install/ros2_socketcan_msgs/share/ros2_socketcan_msgs/cmake/export_ros2_socketcan_msgs__rosidl_typesupport_fastrtps_cppExport-noconfig.cmake
[2.739s] -- Up-to-date: /home/luis/workshop_ws/install/ros2_socketcan_msgs/share/ros2_socketcan_msgs/cmake/ros2_socketcan_msgs__rosidl_typesupport_introspection_cppExport.cmake
[2.740s] -- Up-to-date: /home/luis/workshop_ws/install/ros2_socketcan_msgs/share/ros2_socketcan_msgs/cmake/ros2_socketcan_msgs__rosidl_typesupport_introspection_cppExport-noconfig.cmake
[2.740s] -- Up-to-date: /home/luis/workshop_ws/install/ros2_socketcan_msgs/share/ros2_socketcan_msgs/cmake/ros2_socketcan_msgs__rosidl_typesupport_cppExport.cmake
[2.740s] -- Up-to-date: /home/luis/workshop_ws/install/ros2_socketcan_msgs/share/ros2_socketcan_msgs/cmake/ros2_socketcan_msgs__rosidl_typesupport_cppExport-noconfig.cmake
[2.740s] -- Up-to-date: /home/luis/workshop_ws/install/ros2_socketcan_msgs/share/ros2_socketcan_msgs/cmake/export_ros2_socketcan_msgs__rosidl_generator_pyExport.cmake
[2.740s] -- Up-to-date: /home/luis/workshop_ws/install/ros2_socketcan_msgs/share/ros2_socketcan_msgs/cmake/export_ros2_socketcan_msgs__rosidl_generator_pyExport-noconfig.cmake
[2.746s] Invoked command in '/home/luis/workshop_ws/build/ros2_socketcan_msgs' returned '0': CMAKE_PREFIX_PATH=${CMAKE_PREFIX_PATH}:/opt/ros/humble /usr/bin/cmake --install /home/luis/workshop_ws/build/ros2_socketcan_msgs
