[0.055s] Invoking command in '/home/luis/workshop_ws/build/ros2_socketcan_msgs': CMAKE_PREFIX_PATH=${CMAKE_PREFIX_PATH}:/opt/ros/humble /usr/bin/cmake --build /home/luis/workshop_ws/build/ros2_socketcan_msgs -- -j12 -l12
[0.176s] [  9%] Built target ros2_socketcan_msgs__rosidl_generator_c
[0.176s] [ 12%] Built target ros2_socketcan_msgs__cpp
[0.197s] [ 12%] Built target ament_cmake_python_symlink_ros2_socketcan_msgs
[0.254s] [ 22%] Built target ros2_socketcan_msgs__rosidl_typesupport_fastrtps_c
[0.270s] [ 32%] Built target ros2_socketcan_msgs__rosidl_typesupport_introspection_c
[0.274s] [ 41%] Built target ros2_socketcan_msgs__rosidl_typesupport_fastrtps_cpp
[0.283s] [ 51%] Built target ros2_socketcan_msgs__rosidl_typesupport_cpp
[0.293s] [ 61%] Built target ros2_socketcan_msgs__rosidl_typesupport_introspection_cpp
[0.300s] [ 70%] Built target ros2_socketcan_msgs__rosidl_typesupport_c
[0.352s] [ 70%] Built target ros2_socketcan_msgs
[0.401s] [ 74%] Built target ros2_socketcan_msgs__py
[0.448s] [ 80%] Built target ros2_socketcan_msgs__rosidl_generator_py
[0.498s] [ 93%] Built target ros2_socketcan_msgs__rosidl_typesupport_fastrtps_c__pyext
[0.498s] [ 93%] Built target ros2_socketcan_msgs__rosidl_typesupport_introspection_c__pyext
[0.499s] [100%] Built target ros2_socketcan_msgs__rosidl_typesupport_c__pyext
[0.660s] running egg_info
[0.661s] writing ros2_socketcan_msgs.egg-info/PKG-INFO
[0.661s] writing dependency_links to ros2_socketcan_msgs.egg-info/dependency_links.txt
[0.661s] writing top-level names to ros2_socketcan_msgs.egg-info/top_level.txt
[0.664s] reading manifest file 'ros2_socketcan_msgs.egg-info/SOURCES.txt'
[0.665s] writing manifest file 'ros2_socketcan_msgs.egg-info/SOURCES.txt'
[0.716s] [100%] Built target ament_cmake_python_build_ros2_socketcan_msgs_egg
[0.744s] Invoked command in '/home/luis/workshop_ws/build/ros2_socketcan_msgs' returned '0': CMAKE_PREFIX_PATH=${CMAKE_PREFIX_PATH}:/opt/ros/humble /usr/bin/cmake --build /home/luis/workshop_ws/build/ros2_socketcan_msgs -- -j12 -l12
[0.746s] Invoking command in '/home/luis/workshop_ws/build/ros2_socketcan_msgs': CMAKE_PREFIX_PATH=${CMAKE_PREFIX_PATH}:/opt/ros/humble /usr/bin/cmake --install /home/luis/workshop_ws/build/ros2_socketcan_msgs
[0.769s] -- Install configuration: ""
[0.769s] -- Execute custom install script
[0.770s] -- Up-to-date symlink: /home/luis/workshop_ws/install/ros2_socketcan_msgs/share/ament_index/resource_index/rosidl_interfaces/ros2_socketcan_msgs
[0.770s] -- Up-to-date symlink: /home/luis/workshop_ws/install/ros2_socketcan_msgs/include/ros2_socketcan_msgs/ros2_socketcan_msgs/msg/detail/fd_frame__functions.h
[0.770s] -- Up-to-date symlink: /home/luis/workshop_ws/install/ros2_socketcan_msgs/include/ros2_socketcan_msgs/ros2_socketcan_msgs/msg/detail/fd_frame__struct.h
[0.771s] -- Up-to-date symlink: /home/luis/workshop_ws/install/ros2_socketcan_msgs/include/ros2_socketcan_msgs/ros2_socketcan_msgs/msg/detail/fd_frame__type_support.h
[0.771s] -- Up-to-date symlink: /home/luis/workshop_ws/install/ros2_socketcan_msgs/include/ros2_socketcan_msgs/ros2_socketcan_msgs/msg/fd_frame.h
[0.771s] -- Up-to-date symlink: /home/luis/workshop_ws/install/ros2_socketcan_msgs/include/ros2_socketcan_msgs/ros2_socketcan_msgs/msg/rosidl_generator_c__visibility_control.h
[0.771s] -- Up-to-date symlink: /home/luis/workshop_ws/install/ros2_socketcan_msgs/share/ros2_socketcan_msgs/environment/library_path.sh
[0.771s] -- Up-to-date symlink: /home/luis/workshop_ws/install/ros2_socketcan_msgs/share/ros2_socketcan_msgs/environment/library_path.dsv
[0.772s] -- Up-to-date symlink: /home/luis/workshop_ws/install/ros2_socketcan_msgs/include/ros2_socketcan_msgs/ros2_socketcan_msgs/msg/detail/fd_frame__rosidl_typesupport_fastrtps_c.h
[0.773s] -- Up-to-date symlink: /home/luis/workshop_ws/install/ros2_socketcan_msgs/include/ros2_socketcan_msgs/ros2_socketcan_msgs/msg/rosidl_typesupport_fastrtps_c__visibility_control.h
[0.774s] -- Up-to-date symlink: /home/luis/workshop_ws/install/ros2_socketcan_msgs/include/ros2_socketcan_msgs/ros2_socketcan_msgs/msg/detail/fd_frame__rosidl_typesupport_introspection_c.h
[0.774s] -- Up-to-date symlink: /home/luis/workshop_ws/install/ros2_socketcan_msgs/include/ros2_socketcan_msgs/ros2_socketcan_msgs/msg/rosidl_typesupport_introspection_c__visibility_control.h
[0.774s] -- Up-to-date symlink: /home/luis/workshop_ws/install/ros2_socketcan_msgs/include/ros2_socketcan_msgs/ros2_socketcan_msgs/msg/detail/fd_frame__builder.hpp
[0.774s] -- Up-to-date symlink: /home/luis/workshop_ws/install/ros2_socketcan_msgs/include/ros2_socketcan_msgs/ros2_socketcan_msgs/msg/detail/fd_frame__struct.hpp
[0.775s] -- Up-to-date symlink: /home/luis/workshop_ws/install/ros2_socketcan_msgs/include/ros2_socketcan_msgs/ros2_socketcan_msgs/msg/detail/fd_frame__traits.hpp
[0.775s] -- Up-to-date symlink: /home/luis/workshop_ws/install/ros2_socketcan_msgs/include/ros2_socketcan_msgs/ros2_socketcan_msgs/msg/detail/fd_frame__type_support.hpp
[0.775s] -- Up-to-date symlink: /home/luis/workshop_ws/install/ros2_socketcan_msgs/include/ros2_socketcan_msgs/ros2_socketcan_msgs/msg/fd_frame.hpp
[0.775s] -- Up-to-date symlink: /home/luis/workshop_ws/install/ros2_socketcan_msgs/include/ros2_socketcan_msgs/ros2_socketcan_msgs/msg/rosidl_generator_cpp__visibility_control.hpp
[0.775s] -- Up-to-date symlink: /home/luis/workshop_ws/install/ros2_socketcan_msgs/include/ros2_socketcan_msgs/ros2_socketcan_msgs/msg/detail/fd_frame__rosidl_typesupport_fastrtps_cpp.hpp
[0.775s] -- Up-to-date symlink: /home/luis/workshop_ws/install/ros2_socketcan_msgs/include/ros2_socketcan_msgs/ros2_socketcan_msgs/msg/rosidl_typesupport_fastrtps_cpp__visibility_control.h
[0.778s] -- Up-to-date symlink: /home/luis/workshop_ws/install/ros2_socketcan_msgs/include/ros2_socketcan_msgs/ros2_socketcan_msgs/msg/detail/fd_frame__rosidl_typesupport_introspection_cpp.hpp
[0.778s] -- Up-to-date symlink: /home/luis/workshop_ws/install/ros2_socketcan_msgs/share/ros2_socketcan_msgs/environment/pythonpath.sh
[0.778s] -- Up-to-date symlink: /home/luis/workshop_ws/install/ros2_socketcan_msgs/share/ros2_socketcan_msgs/environment/pythonpath.dsv
[0.779s] -- Up-to-date symlink: /home/luis/workshop_ws/install/ros2_socketcan_msgs/local/lib/python3.10/dist-packages/ros2_socketcan_msgs-1.3.0-py3.10.egg-info/PKG-INFO
[0.779s] -- Up-to-date symlink: /home/luis/workshop_ws/install/ros2_socketcan_msgs/local/lib/python3.10/dist-packages/ros2_socketcan_msgs-1.3.0-py3.10.egg-info/SOURCES.txt
[0.779s] -- Up-to-date symlink: /home/luis/workshop_ws/install/ros2_socketcan_msgs/local/lib/python3.10/dist-packages/ros2_socketcan_msgs-1.3.0-py3.10.egg-info/dependency_links.txt
[0.779s] -- Up-to-date symlink: /home/luis/workshop_ws/install/ros2_socketcan_msgs/local/lib/python3.10/dist-packages/ros2_socketcan_msgs-1.3.0-py3.10.egg-info/top_level.txt
[0.780s] -- Up-to-date symlink: /home/luis/workshop_ws/install/ros2_socketcan_msgs/local/lib/python3.10/dist-packages/ros2_socketcan_msgs/__init__.py
[0.780s] -- Up-to-date symlink: /home/luis/workshop_ws/install/ros2_socketcan_msgs/local/lib/python3.10/dist-packages/ros2_socketcan_msgs/_ros2_socketcan_msgs_s.ep.rosidl_typesupport_c.c
[0.781s] -- Up-to-date symlink: /home/luis/workshop_ws/install/ros2_socketcan_msgs/local/lib/python3.10/dist-packages/ros2_socketcan_msgs/_ros2_socketcan_msgs_s.ep.rosidl_typesupport_fastrtps_c.c
[0.781s] -- Up-to-date symlink: /home/luis/workshop_ws/install/ros2_socketcan_msgs/local/lib/python3.10/dist-packages/ros2_socketcan_msgs/_ros2_socketcan_msgs_s.ep.rosidl_typesupport_introspection_c.c
[0.781s] -- Up-to-date symlink: /home/luis/workshop_ws/install/ros2_socketcan_msgs/local/lib/python3.10/dist-packages/ros2_socketcan_msgs/libros2_socketcan_msgs__rosidl_generator_py.so
[0.781s] -- Up-to-date symlink: /home/luis/workshop_ws/install/ros2_socketcan_msgs/local/lib/python3.10/dist-packages/ros2_socketcan_msgs/msg/__init__.py
[0.781s] -- Up-to-date symlink: /home/luis/workshop_ws/install/ros2_socketcan_msgs/local/lib/python3.10/dist-packages/ros2_socketcan_msgs/msg/_fd_frame.py
[0.782s] -- Up-to-date symlink: /home/luis/workshop_ws/install/ros2_socketcan_msgs/local/lib/python3.10/dist-packages/ros2_socketcan_msgs/msg/_fd_frame_s.c
[0.782s] -- Up-to-date symlink: /home/luis/workshop_ws/install/ros2_socketcan_msgs/local/lib/python3.10/dist-packages/ros2_socketcan_msgs/ros2_socketcan_msgs_s__rosidl_typesupport_c.cpython-310-x86_64-linux-gnu.so
[0.782s] -- Up-to-date symlink: /home/luis/workshop_ws/install/ros2_socketcan_msgs/local/lib/python3.10/dist-packages/ros2_socketcan_msgs/ros2_socketcan_msgs_s__rosidl_typesupport_fastrtps_c.cpython-310-x86_64-linux-gnu.so
[0.782s] -- Up-to-date symlink: /home/luis/workshop_ws/install/ros2_socketcan_msgs/local/lib/python3.10/dist-packages/ros2_socketcan_msgs/ros2_socketcan_msgs_s__rosidl_typesupport_introspection_c.cpython-310-x86_64-linux-gnu.so
[0.783s] -- Up-to-date symlink: /home/luis/workshop_ws/install/ros2_socketcan_msgs/local/lib/python3.10/dist-packages/ros2_socketcan_msgs/ros2_socketcan_msgs_s__rosidl_typesupport_fastrtps_c.cpython-310-x86_64-linux-gnu.so
[0.783s] -- Up-to-date symlink: /home/luis/workshop_ws/install/ros2_socketcan_msgs/local/lib/python3.10/dist-packages/ros2_socketcan_msgs/ros2_socketcan_msgs_s__rosidl_typesupport_introspection_c.cpython-310-x86_64-linux-gnu.so
[0.783s] -- Up-to-date symlink: /home/luis/workshop_ws/install/ros2_socketcan_msgs/local/lib/python3.10/dist-packages/ros2_socketcan_msgs/ros2_socketcan_msgs_s__rosidl_typesupport_c.cpython-310-x86_64-linux-gnu.so
[0.783s] -- Up-to-date symlink: /home/luis/workshop_ws/install/ros2_socketcan_msgs/share/ros2_socketcan_msgs/msg/FdFrame.idl
[0.784s] -- Up-to-date symlink: /home/luis/workshop_ws/install/ros2_socketcan_msgs/share/ros2_socketcan_msgs/msg/FdFrame.msg
[0.784s] -- Up-to-date symlink: /home/luis/workshop_ws/install/ros2_socketcan_msgs/share/ament_index/resource_index/package_run_dependencies/ros2_socketcan_msgs
[0.784s] -- Up-to-date symlink: /home/luis/workshop_ws/install/ros2_socketcan_msgs/share/ament_index/resource_index/parent_prefix_path/ros2_socketcan_msgs
[0.784s] -- Up-to-date symlink: /home/luis/workshop_ws/install/ros2_socketcan_msgs/share/ros2_socketcan_msgs/environment/ament_prefix_path.sh
[0.784s] -- Up-to-date symlink: /home/luis/workshop_ws/install/ros2_socketcan_msgs/share/ros2_socketcan_msgs/environment/ament_prefix_path.dsv
[0.784s] -- Up-to-date symlink: /home/luis/workshop_ws/install/ros2_socketcan_msgs/share/ros2_socketcan_msgs/environment/path.sh
[0.785s] -- Up-to-date symlink: /home/luis/workshop_ws/install/ros2_socketcan_msgs/share/ros2_socketcan_msgs/environment/path.dsv
[0.785s] -- Up-to-date symlink: /home/luis/workshop_ws/install/ros2_socketcan_msgs/share/ros2_socketcan_msgs/local_setup.bash
[0.785s] -- Up-to-date symlink: /home/luis/workshop_ws/install/ros2_socketcan_msgs/share/ros2_socketcan_msgs/local_setup.sh
[0.785s] -- Up-to-date symlink: /home/luis/workshop_ws/install/ros2_socketcan_msgs/share/ros2_socketcan_msgs/local_setup.zsh
[0.785s] -- Up-to-date symlink: /home/luis/workshop_ws/install/ros2_socketcan_msgs/share/ros2_socketcan_msgs/local_setup.dsv
[0.786s] -- Symlinking: /home/luis/workshop_ws/install/ros2_socketcan_msgs/share/ros2_socketcan_msgs/package.dsv
[0.809s] -- Up-to-date symlink: /home/luis/workshop_ws/install/ros2_socketcan_msgs/share/ament_index/resource_index/packages/ros2_socketcan_msgs
[0.809s] -- Up-to-date symlink: /home/luis/workshop_ws/install/ros2_socketcan_msgs/share/ros2_socketcan_msgs/cmake/rosidl_cmake-extras.cmake
[0.809s] -- Up-to-date symlink: /home/luis/workshop_ws/install/ros2_socketcan_msgs/share/ros2_socketcan_msgs/cmake/ament_cmake_export_dependencies-extras.cmake
[0.809s] -- Up-to-date symlink: /home/luis/workshop_ws/install/ros2_socketcan_msgs/share/ros2_socketcan_msgs/cmake/ament_cmake_export_include_directories-extras.cmake
[0.810s] -- Up-to-date symlink: /home/luis/workshop_ws/install/ros2_socketcan_msgs/share/ros2_socketcan_msgs/cmake/ament_cmake_export_libraries-extras.cmake
[0.810s] -- Up-to-date symlink: /home/luis/workshop_ws/install/ros2_socketcan_msgs/share/ros2_socketcan_msgs/cmake/ament_cmake_export_targets-extras.cmake
[0.810s] -- Up-to-date symlink: /home/luis/workshop_ws/install/ros2_socketcan_msgs/share/ros2_socketcan_msgs/cmake/rosidl_cmake_export_typesupport_targets-extras.cmake
[0.813s] -- Up-to-date symlink: /home/luis/workshop_ws/install/ros2_socketcan_msgs/share/ros2_socketcan_msgs/cmake/rosidl_cmake_export_typesupport_libraries-extras.cmake
[0.813s] -- Up-to-date symlink: /home/luis/workshop_ws/install/ros2_socketcan_msgs/share/ros2_socketcan_msgs/cmake/ros2_socketcan_msgsConfig.cmake
[0.814s] -- Up-to-date symlink: /home/luis/workshop_ws/install/ros2_socketcan_msgs/share/ros2_socketcan_msgs/cmake/ros2_socketcan_msgsConfig-version.cmake
[0.814s] -- Up-to-date symlink: /home/luis/workshop_ws/install/ros2_socketcan_msgs/share/ros2_socketcan_msgs/package.xml
[0.814s] -- Up-to-date: /home/luis/workshop_ws/install/ros2_socketcan_msgs/lib/libros2_socketcan_msgs__rosidl_generator_c.so
[0.814s] -- Up-to-date: /home/luis/workshop_ws/install/ros2_socketcan_msgs/lib/libros2_socketcan_msgs__rosidl_typesupport_fastrtps_c.so
[0.814s] -- Up-to-date: /home/luis/workshop_ws/install/ros2_socketcan_msgs/lib/libros2_socketcan_msgs__rosidl_typesupport_introspection_c.so
[0.816s] -- Up-to-date: /home/luis/workshop_ws/install/ros2_socketcan_msgs/lib/libros2_socketcan_msgs__rosidl_typesupport_c.so
[0.816s] -- Up-to-date: /home/luis/workshop_ws/install/ros2_socketcan_msgs/lib/libros2_socketcan_msgs__rosidl_typesupport_fastrtps_cpp.so
[0.817s] -- Up-to-date: /home/luis/workshop_ws/install/ros2_socketcan_msgs/lib/libros2_socketcan_msgs__rosidl_typesupport_introspection_cpp.so
[0.818s] -- Up-to-date: /home/luis/workshop_ws/install/ros2_socketcan_msgs/lib/libros2_socketcan_msgs__rosidl_typesupport_cpp.so
[0.859s] Listing '/home/luis/workshop_ws/install/ros2_socketcan_msgs/local/lib/python3.10/dist-packages/ros2_socketcan_msgs'...
[0.859s] Listing '/home/luis/workshop_ws/install/ros2_socketcan_msgs/local/lib/python3.10/dist-packages/ros2_socketcan_msgs/msg'...
[0.866s] -- Up-to-date: /home/luis/workshop_ws/install/ros2_socketcan_msgs/lib/libros2_socketcan_msgs__rosidl_generator_py.so
[0.866s] -- Up-to-date: /home/luis/workshop_ws/install/ros2_socketcan_msgs/share/ros2_socketcan_msgs/cmake/export_ros2_socketcan_msgs__rosidl_generator_cExport.cmake
[0.867s] -- Up-to-date: /home/luis/workshop_ws/install/ros2_socketcan_msgs/share/ros2_socketcan_msgs/cmake/export_ros2_socketcan_msgs__rosidl_generator_cExport-noconfig.cmake
[0.867s] -- Up-to-date: /home/luis/workshop_ws/install/ros2_socketcan_msgs/share/ros2_socketcan_msgs/cmake/export_ros2_socketcan_msgs__rosidl_typesupport_fastrtps_cExport.cmake
[0.867s] -- Up-to-date: /home/luis/workshop_ws/install/ros2_socketcan_msgs/share/ros2_socketcan_msgs/cmake/export_ros2_socketcan_msgs__rosidl_typesupport_fastrtps_cExport-noconfig.cmake
[0.867s] -- Up-to-date: /home/luis/workshop_ws/install/ros2_socketcan_msgs/share/ros2_socketcan_msgs/cmake/ros2_socketcan_msgs__rosidl_typesupport_introspection_cExport.cmake
[0.867s] -- Up-to-date: /home/luis/workshop_ws/install/ros2_socketcan_msgs/share/ros2_socketcan_msgs/cmake/ros2_socketcan_msgs__rosidl_typesupport_introspection_cExport-noconfig.cmake
[0.868s] -- Up-to-date: /home/luis/workshop_ws/install/ros2_socketcan_msgs/share/ros2_socketcan_msgs/cmake/ros2_socketcan_msgs__rosidl_typesupport_cExport.cmake
[0.868s] -- Up-to-date: /home/luis/workshop_ws/install/ros2_socketcan_msgs/share/ros2_socketcan_msgs/cmake/ros2_socketcan_msgs__rosidl_typesupport_cExport-noconfig.cmake
[0.868s] -- Up-to-date: /home/luis/workshop_ws/install/ros2_socketcan_msgs/share/ros2_socketcan_msgs/cmake/export_ros2_socketcan_msgs__rosidl_generator_cppExport.cmake
[0.868s] -- Up-to-date: /home/luis/workshop_ws/install/ros2_socketcan_msgs/share/ros2_socketcan_msgs/cmake/export_ros2_socketcan_msgs__rosidl_typesupport_fastrtps_cppExport.cmake
[0.868s] -- Up-to-date: /home/luis/workshop_ws/install/ros2_socketcan_msgs/share/ros2_socketcan_msgs/cmake/export_ros2_socketcan_msgs__rosidl_typesupport_fastrtps_cppExport-noconfig.cmake
[0.868s] -- Up-to-date: /home/luis/workshop_ws/install/ros2_socketcan_msgs/share/ros2_socketcan_msgs/cmake/ros2_socketcan_msgs__rosidl_typesupport_introspection_cppExport.cmake
[0.869s] -- Up-to-date: /home/luis/workshop_ws/install/ros2_socketcan_msgs/share/ros2_socketcan_msgs/cmake/ros2_socketcan_msgs__rosidl_typesupport_introspection_cppExport-noconfig.cmake
[0.869s] -- Up-to-date: /home/luis/workshop_ws/install/ros2_socketcan_msgs/share/ros2_socketcan_msgs/cmake/ros2_socketcan_msgs__rosidl_typesupport_cppExport.cmake
[0.869s] -- Up-to-date: /home/luis/workshop_ws/install/ros2_socketcan_msgs/share/ros2_socketcan_msgs/cmake/ros2_socketcan_msgs__rosidl_typesupport_cppExport-noconfig.cmake
[0.869s] -- Up-to-date: /home/luis/workshop_ws/install/ros2_socketcan_msgs/share/ros2_socketcan_msgs/cmake/export_ros2_socketcan_msgs__rosidl_generator_pyExport.cmake
[0.869s] -- Up-to-date: /home/luis/workshop_ws/install/ros2_socketcan_msgs/share/ros2_socketcan_msgs/cmake/export_ros2_socketcan_msgs__rosidl_generator_pyExport-noconfig.cmake
[0.875s] Invoked command in '/home/luis/workshop_ws/build/ros2_socketcan_msgs' returned '0': CMAKE_PREFIX_PATH=${CMAKE_PREFIX_PATH}:/opt/ros/humble /usr/bin/cmake --install /home/luis/workshop_ws/build/ros2_socketcan_msgs
