[35m[1mConsolidate compiler generated dependencies of target rm_can_driver_node[0m
[ 50%] [32mBuilding CXX object CMakeFiles/rm_can_driver_node.dir/src/rm_can_driver.cpp.o[0m
[100%] [32m[1mLinking CXX executable rm_can_driver_node[0m
[100%] Built target rm_can_driver_node
-- Install configuration: ""
-- Installing: /home/luis/azure_sky_ros2/install/rm_can_driver/lib/rm_can_driver/rm_can_driver_node
-- Set runtime path of "/home/luis/azure_sky_ros2/install/rm_can_driver/lib/rm_can_driver/rm_can_driver_node" to ""
-- Up-to-date: /home/luis/azure_sky_ros2/install/rm_can_driver/share/ament_index/resource_index/package_run_dependencies/rm_can_driver
-- Up-to-date: /home/luis/azure_sky_ros2/install/rm_can_driver/share/ament_index/resource_index/parent_prefix_path/rm_can_driver
-- Up-to-date: /home/luis/azure_sky_ros2/install/rm_can_driver/share/rm_can_driver/environment/ament_prefix_path.sh
-- Up-to-date: /home/luis/azure_sky_ros2/install/rm_can_driver/share/rm_can_driver/environment/ament_prefix_path.dsv
-- Up-to-date: /home/luis/azure_sky_ros2/install/rm_can_driver/share/rm_can_driver/environment/path.sh
-- Up-to-date: /home/luis/azure_sky_ros2/install/rm_can_driver/share/rm_can_driver/environment/path.dsv
-- Up-to-date: /home/luis/azure_sky_ros2/install/rm_can_driver/share/rm_can_driver/local_setup.bash
-- Up-to-date: /home/luis/azure_sky_ros2/install/rm_can_driver/share/rm_can_driver/local_setup.sh
-- Up-to-date: /home/luis/azure_sky_ros2/install/rm_can_driver/share/rm_can_driver/local_setup.zsh
-- Up-to-date: /home/luis/azure_sky_ros2/install/rm_can_driver/share/rm_can_driver/local_setup.dsv
-- Installing: /home/luis/azure_sky_ros2/install/rm_can_driver/share/rm_can_driver/package.dsv
-- Up-to-date: /home/luis/azure_sky_ros2/install/rm_can_driver/share/ament_index/resource_index/packages/rm_can_driver
-- Up-to-date: /home/luis/azure_sky_ros2/install/rm_can_driver/share/rm_can_driver/cmake/rm_can_driverConfig.cmake
-- Up-to-date: /home/luis/azure_sky_ros2/install/rm_can_driver/share/rm_can_driver/cmake/rm_can_driverConfig-version.cmake
-- Up-to-date: /home/luis/azure_sky_ros2/install/rm_can_driver/share/rm_can_driver/package.xml
