[0.029s] Invoking command in '/home/luis/workshop_ws/build/controlko_controllers': CMAKE_PREFIX_PATH=/opt/ros/humble /usr/bin/cmake --build /home/luis/workshop_ws/build/controlko_controllers -- -j12 -l12
[0.125s] [ 13%] Built target displacement_controller_parameters
[0.125s] [ 26%] Built target gmock_main
[0.128s] [ 46%] Built target gmock
[0.171s] [ 60%] Built target displacement_controller
[0.173s] [ 73%] Built target test_load_displacement_controller
[0.208s] [ 86%] Built target test_displacement_controller
[0.213s] [100%] Built target test_displacement_controller_preceeding
[0.235s] Invoked command in '/home/luis/workshop_ws/build/controlko_controllers' returned '0': CMAKE_PREFIX_PATH=/opt/ros/humble /usr/bin/cmake --build /home/luis/workshop_ws/build/controlko_controllers -- -j12 -l12
[0.237s] Invoking command in '/home/luis/workshop_ws/build/controlko_controllers': CMAKE_PREFIX_PATH=/opt/ros/humble /usr/bin/cmake --install /home/luis/workshop_ws/build/controlko_controllers
[0.247s] -- Install configuration: ""
[0.248s] -- Execute custom install script
[0.248s] -- Up-to-date symlink: /home/luis/workshop_ws/install/controlko_controllers/include/controlko_controllers/displacement_controller_parameters.hpp
[0.248s] -- Symlinking: /home/luis/workshop_ws/install/controlko_controllers/include/controlko_controllers/validate_displacement_controller_parameters.hpp
[0.265s] -- Up-to-date symlink: /home/luis/workshop_ws/install/controlko_controllers/share/controlko_controllers//controlko_controllers.xml
[0.266s] -- Up-to-date symlink: /home/luis/workshop_ws/install/controlko_controllers/lib/libdisplacement_controller.so
[0.266s] -- Up-to-date symlink: /home/luis/workshop_ws/install/controlko_controllers/include/controlko_controllers/displacement_controller.hpp
[0.266s] -- Symlinking: /home/luis/workshop_ws/install/controlko_controllers/include/controlko_controllers/validate_displacement_controller_parameters.hpp
[0.280s] -- Up-to-date symlink: /home/luis/workshop_ws/install/controlko_controllers/include/controlko_controllers/visibility_control.h
[0.280s] -- Up-to-date symlink: /home/luis/workshop_ws/install/controlko_controllers/share/controlko_controllers/environment/library_path.sh
[0.280s] -- Up-to-date symlink: /home/luis/workshop_ws/install/controlko_controllers/share/controlko_controllers/environment/library_path.dsv
[0.280s] -- Up-to-date symlink: /home/luis/workshop_ws/install/controlko_controllers/share/ament_index/resource_index/package_run_dependencies/controlko_controllers
[0.281s] -- Up-to-date symlink: /home/luis/workshop_ws/install/controlko_controllers/share/ament_index/resource_index/parent_prefix_path/controlko_controllers
[0.281s] -- Up-to-date symlink: /home/luis/workshop_ws/install/controlko_controllers/share/controlko_controllers/environment/ament_prefix_path.sh
[0.281s] -- Up-to-date symlink: /home/luis/workshop_ws/install/controlko_controllers/share/controlko_controllers/environment/ament_prefix_path.dsv
[0.283s] -- Up-to-date symlink: /home/luis/workshop_ws/install/controlko_controllers/share/controlko_controllers/environment/path.sh
[0.283s] -- Up-to-date symlink: /home/luis/workshop_ws/install/controlko_controllers/share/controlko_controllers/environment/path.dsv
[0.283s] -- Up-to-date symlink: /home/luis/workshop_ws/install/controlko_controllers/share/controlko_controllers/local_setup.bash
[0.283s] -- Up-to-date symlink: /home/luis/workshop_ws/install/controlko_controllers/share/controlko_controllers/local_setup.sh
[0.284s] -- Up-to-date symlink: /home/luis/workshop_ws/install/controlko_controllers/share/controlko_controllers/local_setup.zsh
[0.284s] -- Up-to-date symlink: /home/luis/workshop_ws/install/controlko_controllers/share/controlko_controllers/local_setup.dsv
[0.284s] -- Symlinking: /home/luis/workshop_ws/install/controlko_controllers/share/controlko_controllers/package.dsv
[0.294s] -- Up-to-date symlink: /home/luis/workshop_ws/install/controlko_controllers/share/ament_index/resource_index/packages/controlko_controllers
[0.294s] -- Up-to-date symlink: /home/luis/workshop_ws/install/controlko_controllers/share/ament_index/resource_index/controller_interface__pluginlib__plugin/controlko_controllers
[0.295s] -- Up-to-date symlink: /home/luis/workshop_ws/install/controlko_controllers/share/controlko_controllers/cmake/ament_cmake_export_dependencies-extras.cmake
[0.295s] -- Up-to-date symlink: /home/luis/workshop_ws/install/controlko_controllers/share/controlko_controllers/cmake/ament_cmake_export_include_directories-extras.cmake
[0.295s] -- Up-to-date symlink: /home/luis/workshop_ws/install/controlko_controllers/share/controlko_controllers/cmake/ament_cmake_export_libraries-extras.cmake
[0.296s] -- Up-to-date symlink: /home/luis/workshop_ws/install/controlko_controllers/share/controlko_controllers/cmake/controlko_controllersConfig.cmake
[0.296s] -- Up-to-date symlink: /home/luis/workshop_ws/install/controlko_controllers/share/controlko_controllers/cmake/controlko_controllersConfig-version.cmake
[0.296s] -- Up-to-date symlink: /home/luis/workshop_ws/install/controlko_controllers/share/controlko_controllers/package.xml
[0.299s] Invoked command in '/home/luis/workshop_ws/build/controlko_controllers' returned '0': CMAKE_PREFIX_PATH=/opt/ros/humble /usr/bin/cmake --install /home/luis/workshop_ws/build/controlko_controllers
