[0.033s] Invoking command in '/home/luis/workshop_ws/build/controlko_hardware_interface': CMAKE_PREFIX_PATH=${CMAKE_PREFIX_PATH}:/opt/ros/humble /usr/bin/cmake --build /home/luis/workshop_ws/build/controlko_hardware_interface -- -j12 -l12
[0.135s] [ 22%] Built target gmock_main
[0.135s] [ 55%] Built target gmock
[0.142s] [ 77%] Built target controlko_hardware_interface
[0.207s] [100%] Built target test_rrbot_hardware_interface
[0.256s] Invoked command in '/home/luis/workshop_ws/build/controlko_hardware_interface' returned '0': CMAKE_PREFIX_PATH=${CMAKE_PREFIX_PATH}:/opt/ros/humble /usr/bin/cmake --build /home/luis/workshop_ws/build/controlko_hardware_interface -- -j12 -l12
[0.258s] Invoking command in '/home/luis/workshop_ws/build/controlko_hardware_interface': CMAKE_PREFIX_PATH=${CMAKE_PREFIX_PATH}:/opt/ros/humble /usr/bin/cmake --install /home/luis/workshop_ws/build/controlko_hardware_interface
[0.269s] -- Install configuration: ""
[0.269s] -- Execute custom install script
[0.269s] -- Up-to-date symlink: /home/luis/workshop_ws/install/controlko_hardware_interface/share/controlko_hardware_interface//controlko_hardware_interface.xml
[0.270s] -- Up-to-date symlink: /home/luis/workshop_ws/install/controlko_hardware_interface/lib/libcontrolko_hardware_interface.so
[0.270s] -- Up-to-date symlink: /home/luis/workshop_ws/install/controlko_hardware_interface/include/controlko_hardware_interface/dr_denis_rrbot_comms.hpp
[0.270s] -- Up-to-date symlink: /home/luis/workshop_ws/install/controlko_hardware_interface/include/controlko_hardware_interface/rrbot_hardware_interface.hpp
[0.271s] -- Up-to-date symlink: /home/luis/workshop_ws/install/controlko_hardware_interface/include/controlko_hardware_interface/visibility_control.h
[0.271s] -- Up-to-date symlink: /home/luis/workshop_ws/install/controlko_hardware_interface/share/controlko_hardware_interface/environment/library_path.sh
[0.271s] -- Up-to-date symlink: /home/luis/workshop_ws/install/controlko_hardware_interface/share/controlko_hardware_interface/environment/library_path.dsv
[0.271s] -- Up-to-date symlink: /home/luis/workshop_ws/install/controlko_hardware_interface/share/ament_index/resource_index/package_run_dependencies/controlko_hardware_interface
[0.272s] -- Up-to-date symlink: /home/luis/workshop_ws/install/controlko_hardware_interface/share/ament_index/resource_index/parent_prefix_path/controlko_hardware_interface
[0.272s] -- Up-to-date symlink: /home/luis/workshop_ws/install/controlko_hardware_interface/share/controlko_hardware_interface/environment/ament_prefix_path.sh
[0.272s] -- Up-to-date symlink: /home/luis/workshop_ws/install/controlko_hardware_interface/share/controlko_hardware_interface/environment/ament_prefix_path.dsv
[0.272s] -- Up-to-date symlink: /home/luis/workshop_ws/install/controlko_hardware_interface/share/controlko_hardware_interface/environment/path.sh
[0.272s] -- Up-to-date symlink: /home/luis/workshop_ws/install/controlko_hardware_interface/share/controlko_hardware_interface/environment/path.dsv
[0.273s] -- Up-to-date symlink: /home/luis/workshop_ws/install/controlko_hardware_interface/share/controlko_hardware_interface/local_setup.bash
[0.273s] -- Up-to-date symlink: /home/luis/workshop_ws/install/controlko_hardware_interface/share/controlko_hardware_interface/local_setup.sh
[0.273s] -- Up-to-date symlink: /home/luis/workshop_ws/install/controlko_hardware_interface/share/controlko_hardware_interface/local_setup.zsh
[0.273s] -- Up-to-date symlink: /home/luis/workshop_ws/install/controlko_hardware_interface/share/controlko_hardware_interface/local_setup.dsv
[0.273s] -- Symlinking: /home/luis/workshop_ws/install/controlko_hardware_interface/share/controlko_hardware_interface/package.dsv
[0.286s] -- Up-to-date symlink: /home/luis/workshop_ws/install/controlko_hardware_interface/share/ament_index/resource_index/packages/controlko_hardware_interface
[0.286s] -- Up-to-date symlink: /home/luis/workshop_ws/install/controlko_hardware_interface/share/ament_index/resource_index/hardware_interface__pluginlib__plugin/controlko_hardware_interface
[0.287s] -- Up-to-date symlink: /home/luis/workshop_ws/install/controlko_hardware_interface/share/controlko_hardware_interface/cmake/ament_cmake_export_include_directories-extras.cmake
[0.287s] -- Up-to-date symlink: /home/luis/workshop_ws/install/controlko_hardware_interface/share/controlko_hardware_interface/cmake/ament_cmake_export_libraries-extras.cmake
[0.287s] -- Up-to-date symlink: /home/luis/workshop_ws/install/controlko_hardware_interface/share/controlko_hardware_interface/cmake/ament_cmake_export_dependencies-extras.cmake
[0.287s] -- Up-to-date symlink: /home/luis/workshop_ws/install/controlko_hardware_interface/share/controlko_hardware_interface/cmake/controlko_hardware_interfaceConfig.cmake
[0.287s] -- Up-to-date symlink: /home/luis/workshop_ws/install/controlko_hardware_interface/share/controlko_hardware_interface/cmake/controlko_hardware_interfaceConfig-version.cmake
[0.287s] -- Up-to-date symlink: /home/luis/workshop_ws/install/controlko_hardware_interface/share/controlko_hardware_interface/package.xml
[0.291s] Invoked command in '/home/luis/workshop_ws/build/controlko_hardware_interface' returned '0': CMAKE_PREFIX_PATH=${CMAKE_PREFIX_PATH}:/opt/ros/humble /usr/bin/cmake --install /home/luis/workshop_ws/build/controlko_hardware_interface
