[0.038s] Invoking command in '/home/luis/workshop_ws/build/serial': CMAKE_PREFIX_PATH=/opt/ros/humble /usr/bin/cmake /home/luis/workshop_ws/src/serial -DAMENT_CMAKE_SYMLINK_INSTALL=1 -DCMAKE_INSTALL_PREFIX=/home/luis/workshop_ws/install/serial
[0.097s] -- The C compiler identification is GNU 12.3.0
[0.162s] -- The CXX compiler identification is GNU 11.4.0
[0.170s] -- Detecting C compiler ABI info
[0.255s] -- Detecting C compiler ABI info - done
[0.264s] -- Check for working C compiler: /usr/bin/cc - skipped
[0.265s] -- Detecting C compile features
[0.265s] -- Detecting C compile features - done
[0.269s] -- Detecting CXX compiler ABI info
[0.365s] -- Detecting CXX compiler ABI info - done
[0.373s] -- Check for working CXX compiler: /usr/bin/c++ - skipped
[0.373s] -- Detecting CXX compile features
[0.373s] -- Detecting CXX compile features - done
[0.375s] -- Found ament_cmake: 1.3.11 (/opt/ros/humble/share/ament_cmake/cmake)
[0.549s] -- Found Python3: /usr/bin/python3 (found version "3.10.12") found components: Interpreter 
[0.622s] -- Override CMake install command with custom implementation using symlinks instead of copying resources
[0.727s] -- Configuring done
[0.734s] -- Generating done
[0.738s] -- Build files have been written to: /home/luis/workshop_ws/build/serial
[0.746s] Invoked command in '/home/luis/workshop_ws/build/serial' returned '0': CMAKE_PREFIX_PATH=/opt/ros/humble /usr/bin/cmake /home/luis/workshop_ws/src/serial -DAMENT_CMAKE_SYMLINK_INSTALL=1 -DCMAKE_INSTALL_PREFIX=/home/luis/workshop_ws/install/serial
[0.749s] Invoking command in '/home/luis/workshop_ws/build/serial': CMAKE_PREFIX_PATH=/opt/ros/humble /usr/bin/cmake --build /home/luis/workshop_ws/build/serial -- -j12 -l12
[0.815s] [ 25%] [32mBuilding CXX object CMakeFiles/serial.dir/src/serial.cc.o[0m
[0.817s] [ 50%] [32mBuilding CXX object CMakeFiles/serial.dir/src/impl/list_ports/list_ports_linux.cc.o[0m
[0.817s] [ 75%] [32mBuilding CXX object CMakeFiles/serial.dir/src/impl/unix.cc.o[0m
[1.411s] [100%] [32m[1mLinking CXX static library libserial.a[0m
[1.453s] [100%] Built target serial
[1.467s] Invoked command in '/home/luis/workshop_ws/build/serial' returned '0': CMAKE_PREFIX_PATH=/opt/ros/humble /usr/bin/cmake --build /home/luis/workshop_ws/build/serial -- -j12 -l12
[1.469s] Invoking command in '/home/luis/workshop_ws/build/serial': CMAKE_PREFIX_PATH=/opt/ros/humble /usr/bin/cmake --install /home/luis/workshop_ws/build/serial
[1.476s] -- Install configuration: ""
[1.477s] -- Execute custom install script
[1.477s] -- Symlinking: /home/luis/workshop_ws/install/serial/include/serial/impl/unix.h
[1.488s] -- Symlinking: /home/luis/workshop_ws/install/serial/include/serial/impl/win.h
[1.497s] -- Symlinking: /home/luis/workshop_ws/install/serial/include/serial/serial.h
[1.508s] -- Symlinking: /home/luis/workshop_ws/install/serial/include/serial/v8stdint.h
[1.518s] -- Symlinking: /home/luis/workshop_ws/install/serial/share/serial/environment/library_path.sh
[1.529s] -- Symlinking: /home/luis/workshop_ws/install/serial/share/serial/environment/library_path.dsv
[1.539s] -- Symlinking: /home/luis/workshop_ws/install/serial/share/ament_index/resource_index/package_run_dependencies/serial
[1.550s] -- Symlinking: /home/luis/workshop_ws/install/serial/share/ament_index/resource_index/parent_prefix_path/serial
[1.560s] -- Symlinking: /home/luis/workshop_ws/install/serial/share/serial/environment/ament_prefix_path.sh
[1.571s] -- Symlinking: /home/luis/workshop_ws/install/serial/share/serial/environment/ament_prefix_path.dsv
[1.580s] -- Symlinking: /home/luis/workshop_ws/install/serial/share/serial/environment/path.sh
[1.591s] -- Symlinking: /home/luis/workshop_ws/install/serial/share/serial/environment/path.dsv
[1.608s] -- Symlinking: /home/luis/workshop_ws/install/serial/share/serial/local_setup.bash
[1.619s] -- Symlinking: /home/luis/workshop_ws/install/serial/share/serial/local_setup.sh
[1.633s] -- Symlinking: /home/luis/workshop_ws/install/serial/share/serial/local_setup.zsh
[1.643s] -- Symlinking: /home/luis/workshop_ws/install/serial/share/serial/local_setup.dsv
[1.655s] -- Symlinking: /home/luis/workshop_ws/install/serial/share/serial/package.dsv
[1.666s] -- Symlinking: /home/luis/workshop_ws/install/serial/share/ament_index/resource_index/packages/serial
[1.677s] -- Symlinking: /home/luis/workshop_ws/install/serial/share/serial/cmake/ament_cmake_export_include_directories-extras.cmake
[1.692s] -- Symlinking: /home/luis/workshop_ws/install/serial/share/serial/cmake/ament_cmake_export_libraries-extras.cmake
[1.706s] -- Symlinking: /home/luis/workshop_ws/install/serial/share/serial/cmake/ament_cmake_export_targets-extras.cmake
[1.718s] -- Symlinking: /home/luis/workshop_ws/install/serial/share/serial/cmake/serialConfig.cmake
[1.732s] -- Symlinking: /home/luis/workshop_ws/install/serial/share/serial/cmake/serialConfig-version.cmake
[1.744s] -- Symlinking: /home/luis/workshop_ws/install/serial/share/serial/package.xml
[1.758s] -- Installing: /home/luis/workshop_ws/install/serial/lib/libserial.a
[1.758s] -- Installing: /home/luis/workshop_ws/install/serial/share/serial/cmake/export_serialExport.cmake
[1.759s] -- Installing: /home/luis/workshop_ws/install/serial/share/serial/cmake/export_serialExport-noconfig.cmake
[1.762s] Invoked command in '/home/luis/workshop_ws/build/serial' returned '0': CMAKE_PREFIX_PATH=/opt/ros/humble /usr/bin/cmake --install /home/luis/workshop_ws/build/serial
