[0.053s] Invoking command in '/home/luis/workshop_ws/build/controlko_description': CMAKE_PREFIX_PATH=${CMAKE_PREFIX_PATH}:/opt/ros/humble /usr/bin/cmake --build /home/luis/workshop_ws/build/controlko_description -- -j12 -l12
[0.127s] Invoked command in '/home/luis/workshop_ws/build/controlko_description' returned '0': CMAKE_PREFIX_PATH=${CMAKE_PREFIX_PATH}:/opt/ros/humble /usr/bin/cmake --build /home/luis/workshop_ws/build/controlko_description -- -j12 -l12
[0.153s] Invoking command in '/home/luis/workshop_ws/build/controlko_description': CMAKE_PREFIX_PATH=${CMAKE_PREFIX_PATH}:/opt/ros/humble /usr/bin/cmake --install /home/luis/workshop_ws/build/controlko_description
[0.175s] -- Install configuration: ""
[0.178s] -- Execute custom install script
[0.178s] -- Up-to-date symlink: /home/luis/workshop_ws/install/controlko_description/share/controlko_description/config/.gitkeep
[0.178s] -- Up-to-date symlink: /home/luis/workshop_ws/install/controlko_description/share/controlko_description/view_rrbot.launch.py
[0.178s] -- Up-to-date symlink: /home/luis/workshop_ws/install/controlko_description/share/controlko_description/meshes/rrbot/visual/.gitkeep
[0.178s] -- Up-to-date symlink: /home/luis/workshop_ws/install/controlko_description/share/controlko_description/rviz/rrbot.rviz
[0.178s] -- Up-to-date symlink: /home/luis/workshop_ws/install/controlko_description/share/controlko_description/urdf/common.xacro
[0.178s] -- Up-to-date symlink: /home/luis/workshop_ws/install/controlko_description/share/controlko_description/urdf/rrbot.urdf.xacro
[0.181s] -- Up-to-date symlink: /home/luis/workshop_ws/install/controlko_description/share/controlko_description/urdf/rrbot/rrbot_macro.ros2_control.xacro
[0.182s] -- Up-to-date symlink: /home/luis/workshop_ws/install/controlko_description/share/controlko_description/urdf/rrbot/rrbot_macro.xacro
[0.182s] -- Up-to-date symlink: /home/luis/workshop_ws/install/controlko_description/share/ament_index/resource_index/package_run_dependencies/controlko_description
[0.182s] -- Up-to-date symlink: /home/luis/workshop_ws/install/controlko_description/share/ament_index/resource_index/parent_prefix_path/controlko_description
[0.182s] -- Up-to-date symlink: /home/luis/workshop_ws/install/controlko_description/share/controlko_description/environment/ament_prefix_path.sh
[0.182s] -- Up-to-date symlink: /home/luis/workshop_ws/install/controlko_description/share/controlko_description/environment/ament_prefix_path.dsv
[0.182s] -- Up-to-date symlink: /home/luis/workshop_ws/install/controlko_description/share/controlko_description/environment/path.sh
[0.182s] -- Up-to-date symlink: /home/luis/workshop_ws/install/controlko_description/share/controlko_description/environment/path.dsv
[0.183s] -- Up-to-date symlink: /home/luis/workshop_ws/install/controlko_description/share/controlko_description/local_setup.bash
[0.183s] -- Up-to-date symlink: /home/luis/workshop_ws/install/controlko_description/share/controlko_description/local_setup.sh
[0.183s] -- Up-to-date symlink: /home/luis/workshop_ws/install/controlko_description/share/controlko_description/local_setup.zsh
[0.183s] -- Up-to-date symlink: /home/luis/workshop_ws/install/controlko_description/share/controlko_description/local_setup.dsv
[0.183s] -- Symlinking: /home/luis/workshop_ws/install/controlko_description/share/controlko_description/package.dsv
[0.210s] -- Up-to-date symlink: /home/luis/workshop_ws/install/controlko_description/share/ament_index/resource_index/packages/controlko_description
[0.212s] -- Up-to-date symlink: /home/luis/workshop_ws/install/controlko_description/share/controlko_description/cmake/controlko_descriptionConfig.cmake
[0.212s] -- Up-to-date symlink: /home/luis/workshop_ws/install/controlko_description/share/controlko_description/cmake/controlko_descriptionConfig-version.cmake
[0.212s] -- Up-to-date symlink: /home/luis/workshop_ws/install/controlko_description/share/controlko_description/package.xml
[0.226s] Invoked command in '/home/luis/workshop_ws/build/controlko_description' returned '0': CMAKE_PREFIX_PATH=${CMAKE_PREFIX_PATH}:/opt/ros/humble /usr/bin/cmake --install /home/luis/workshop_ws/build/controlko_description
