-- Found ament_cmake_auto: 1.3.11 (/opt/ros/humble/share/ament_cmake_auto/cmake)
-- Override CMake install command with custom implementation using symlinks instead of copying resources
-- Found geometry_msgs: 4.9.0 (/opt/ros/humble/share/geometry_msgs/cmake)
-- Found rosidl_generator_c: 3.1.6 (/opt/ros/humble/share/rosidl_generator_c/cmake)
-- Found rosidl_adapter: 3.1.6 (/opt/ros/humble/share/rosidl_adapter/cmake)
-- Found rosidl_generator_cpp: 3.1.6 (/opt/ros/humble/share/rosidl_generator_cpp/cmake)
-- Using all available rosidl_typesupport_c: rosidl_typesupport_fastrtps_c;rosidl_typesupport_introspection_c
-- Using all available rosidl_typesupport_cpp: rosidl_typesupport_fastrtps_cpp;rosidl_typesupport_introspection_cpp
-- Found ament_cmake_cppcheck: 0.12.12 (/opt/ros/humble/share/ament_cmake_cppcheck/cmake)
-- Found ament_cmake_cpplint: 0.12.12 (/opt/ros/humble/share/ament_cmake_cpplint/cmake)
-- Found ament_cmake_uncrustify: 0.12.12 (/opt/ros/humble/share/ament_cmake_uncrustify/cmake)
-- Found ament_cmake_ros: 0.10.0 (/opt/ros/humble/share/ament_cmake_ros/cmake)
-- Using all available rosidl_typesupport_c: rosidl_typesupport_fastrtps_c;rosidl_typesupport_introspection_c
-- Using all available rosidl_typesupport_cpp: rosidl_typesupport_fastrtps_cpp;rosidl_typesupport_introspection_cpp
-- Found python_cmake_module: 0.10.0 (/opt/ros/humble/share/python_cmake_module/cmake)
-- Using PYTHON_EXECUTABLE: /usr/bin/python3
-- Using PYTHON_INCLUDE_DIRS: /usr/include/python3.10
-- Using PYTHON_LIBRARIES: /usr/lib/x86_64-linux-gnu/libpython3.10.so
-- Found ament_cmake_flake8: 0.12.12 (/opt/ros/humble/share/ament_cmake_flake8/cmake)
-- Found ament_cmake_pep257: 0.12.12 (/opt/ros/humble/share/ament_cmake_pep257/cmake)
-- Found ament_lint_auto: 0.12.12 (/opt/ros/humble/share/ament_lint_auto/cmake)
-- Added test 'copyright' to check source files copyright and LICENSE
-- Added test 'lint_cmake' to check CMake code style
-- Added test 'xmllint' to check XML markup files
-- Configuring done
-- Generating done
-- Build files have been written to: /home/luis/workshop_ws/build/tide_msgs
[35m[1mConsolidate compiler generated dependencies of target tide_msgs__rosidl_generator_c[0m
[  0%] Built target tide_msgs__cpp
[  0%] Built target ament_cmake_python_symlink_tide_msgs
[ 12%] Built target tide_msgs__rosidl_generator_c
[35m[1mConsolidate compiler generated dependencies of target tide_msgs__rosidl_typesupport_cpp[0m
[35m[1mConsolidate compiler generated dependencies of target tide_msgs__rosidl_typesupport_fastrtps_cpp[0m
[35m[1mConsolidate compiler generated dependencies of target tide_msgs__rosidl_typesupport_introspection_cpp[0m
[35m[1mConsolidate compiler generated dependencies of target tide_msgs__rosidl_typesupport_c[0m
[35m[1mConsolidate compiler generated dependencies of target tide_msgs__rosidl_typesupport_introspection_c[0m
[35m[1mConsolidate compiler generated dependencies of target tide_msgs__rosidl_typesupport_fastrtps_c[0m
[ 24%] Built target tide_msgs__rosidl_typesupport_c
[ 36%] Built target tide_msgs__rosidl_typesupport_cpp
[ 48%] Built target tide_msgs__rosidl_typesupport_fastrtps_cpp
[ 61%] Built target tide_msgs__rosidl_typesupport_introspection_cpp
[ 74%] Built target tide_msgs__rosidl_typesupport_introspection_c
[ 87%] Built target tide_msgs__rosidl_typesupport_fastrtps_c
[ 87%] Built target tide_msgs
[ 87%] Built target tide_msgs__py
[35m[1mConsolidate compiler generated dependencies of target tide_msgs__rosidl_generator_py[0m
[ 99%] Built target tide_msgs__rosidl_generator_py
[35m[1mConsolidate compiler generated dependencies of target tide_msgs__rosidl_typesupport_c__pyext[0m
[35m[1mConsolidate compiler generated dependencies of target tide_msgs__rosidl_typesupport_introspection_c__pyext[0m
[35m[1mConsolidate compiler generated dependencies of target tide_msgs__rosidl_typesupport_fastrtps_c__pyext[0m
[100%] Built target tide_msgs__rosidl_typesupport_c__pyext
running egg_info
writing tide_msgs.egg-info/PKG-INFO
writing dependency_links to tide_msgs.egg-info/dependency_links.txt
writing top-level names to tide_msgs.egg-info/top_level.txt
[100%] Built target tide_msgs__rosidl_typesupport_introspection_c__pyext
reading manifest file 'tide_msgs.egg-info/SOURCES.txt'
writing manifest file 'tide_msgs.egg-info/SOURCES.txt'
[100%] Built target tide_msgs__rosidl_typesupport_fastrtps_c__pyext
[100%] Built target ament_cmake_python_build_tide_msgs_egg
-- Install configuration: ""
-- Execute custom install script
-- Up-to-date symlink: /home/luis/workshop_ws/install/tide_msgs/share/ament_index/resource_index/rosidl_interfaces/tide_msgs
-- Up-to-date symlink: /home/luis/workshop_ws/install/tide_msgs/include/tide_msgs/tide_msgs/msg/armor.h
-- Up-to-date symlink: /home/luis/workshop_ws/install/tide_msgs/include/tide_msgs/tide_msgs/msg/armors.h
-- Up-to-date symlink: /home/luis/workshop_ws/install/tide_msgs/include/tide_msgs/tide_msgs/msg/bigyaw_cmd.h
-- Up-to-date symlink: /home/luis/workshop_ws/install/tide_msgs/include/tide_msgs/tide_msgs/msg/bigyaw_state.h
-- Up-to-date symlink: /home/luis/workshop_ws/install/tide_msgs/include/tide_msgs/tide_msgs/msg/buff.h
-- Up-to-date symlink: /home/luis/workshop_ws/install/tide_msgs/include/tide_msgs/tide_msgs/msg/bullet_remaining.h
-- Up-to-date symlink: /home/luis/workshop_ws/install/tide_msgs/include/tide_msgs/tide_msgs/msg/debug_armor.h
-- Up-to-date symlink: /home/luis/workshop_ws/install/tide_msgs/include/tide_msgs/tide_msgs/msg/debug_armors.h
-- Up-to-date symlink: /home/luis/workshop_ws/install/tide_msgs/include/tide_msgs/tide_msgs/msg/debug_light.h
-- Up-to-date symlink: /home/luis/workshop_ws/install/tide_msgs/include/tide_msgs/tide_msgs/msg/debug_lights.h
-- Up-to-date symlink: /home/luis/workshop_ws/install/tide_msgs/include/tide_msgs/tide_msgs/msg/detail/armor__functions.h
-- Up-to-date symlink: /home/luis/workshop_ws/install/tide_msgs/include/tide_msgs/tide_msgs/msg/detail/armor__struct.h
-- Up-to-date symlink: /home/luis/workshop_ws/install/tide_msgs/include/tide_msgs/tide_msgs/msg/detail/armor__type_support.h
-- Up-to-date symlink: /home/luis/workshop_ws/install/tide_msgs/include/tide_msgs/tide_msgs/msg/detail/armors__functions.h
-- Up-to-date symlink: /home/luis/workshop_ws/install/tide_msgs/include/tide_msgs/tide_msgs/msg/detail/armors__struct.h
-- Up-to-date symlink: /home/luis/workshop_ws/install/tide_msgs/include/tide_msgs/tide_msgs/msg/detail/armors__type_support.h
-- Up-to-date symlink: /home/luis/workshop_ws/install/tide_msgs/include/tide_msgs/tide_msgs/msg/detail/bigyaw_cmd__functions.h
-- Up-to-date symlink: /home/luis/workshop_ws/install/tide_msgs/include/tide_msgs/tide_msgs/msg/detail/bigyaw_cmd__struct.h
-- Up-to-date symlink: /home/luis/workshop_ws/install/tide_msgs/include/tide_msgs/tide_msgs/msg/detail/bigyaw_cmd__type_support.h
-- Up-to-date symlink: /home/luis/workshop_ws/install/tide_msgs/include/tide_msgs/tide_msgs/msg/detail/bigyaw_state__functions.h
-- Up-to-date symlink: /home/luis/workshop_ws/install/tide_msgs/include/tide_msgs/tide_msgs/msg/detail/bigyaw_state__struct.h
-- Up-to-date symlink: /home/luis/workshop_ws/install/tide_msgs/include/tide_msgs/tide_msgs/msg/detail/bigyaw_state__type_support.h
-- Up-to-date symlink: /home/luis/workshop_ws/install/tide_msgs/include/tide_msgs/tide_msgs/msg/detail/buff__functions.h
-- Up-to-date symlink: /home/luis/workshop_ws/install/tide_msgs/include/tide_msgs/tide_msgs/msg/detail/buff__struct.h
-- Up-to-date symlink: /home/luis/workshop_ws/install/tide_msgs/include/tide_msgs/tide_msgs/msg/detail/buff__type_support.h
-- Up-to-date symlink: /home/luis/workshop_ws/install/tide_msgs/include/tide_msgs/tide_msgs/msg/detail/bullet_remaining__functions.h
-- Up-to-date symlink: /home/luis/workshop_ws/install/tide_msgs/include/tide_msgs/tide_msgs/msg/detail/bullet_remaining__struct.h
-- Up-to-date symlink: /home/luis/workshop_ws/install/tide_msgs/include/tide_msgs/tide_msgs/msg/detail/bullet_remaining__type_support.h
-- Up-to-date symlink: /home/luis/workshop_ws/install/tide_msgs/include/tide_msgs/tide_msgs/msg/detail/debug_armor__functions.h
-- Up-to-date symlink: /home/luis/workshop_ws/install/tide_msgs/include/tide_msgs/tide_msgs/msg/detail/debug_armor__struct.h
-- Up-to-date symlink: /home/luis/workshop_ws/install/tide_msgs/include/tide_msgs/tide_msgs/msg/detail/debug_armor__type_support.h
-- Up-to-date symlink: /home/luis/workshop_ws/install/tide_msgs/include/tide_msgs/tide_msgs/msg/detail/debug_armors__functions.h
-- Up-to-date symlink: /home/luis/workshop_ws/install/tide_msgs/include/tide_msgs/tide_msgs/msg/detail/debug_armors__struct.h
-- Up-to-date symlink: /home/luis/workshop_ws/install/tide_msgs/include/tide_msgs/tide_msgs/msg/detail/debug_armors__type_support.h
-- Up-to-date symlink: /home/luis/workshop_ws/install/tide_msgs/include/tide_msgs/tide_msgs/msg/detail/debug_light__functions.h
-- Up-to-date symlink: /home/luis/workshop_ws/install/tide_msgs/include/tide_msgs/tide_msgs/msg/detail/debug_light__struct.h
-- Up-to-date symlink: /home/luis/workshop_ws/install/tide_msgs/include/tide_msgs/tide_msgs/msg/detail/debug_light__type_support.h
-- Up-to-date symlink: /home/luis/workshop_ws/install/tide_msgs/include/tide_msgs/tide_msgs/msg/detail/debug_lights__functions.h
-- Up-to-date symlink: /home/luis/workshop_ws/install/tide_msgs/include/tide_msgs/tide_msgs/msg/detail/debug_lights__struct.h
-- Up-to-date symlink: /home/luis/workshop_ws/install/tide_msgs/include/tide_msgs/tide_msgs/msg/detail/debug_lights__type_support.h
-- Up-to-date symlink: /home/luis/workshop_ws/install/tide_msgs/include/tide_msgs/tide_msgs/msg/detail/event_data__functions.h
-- Up-to-date symlink: /home/luis/workshop_ws/install/tide_msgs/include/tide_msgs/tide_msgs/msg/detail/event_data__struct.h
-- Up-to-date symlink: /home/luis/workshop_ws/install/tide_msgs/include/tide_msgs/tide_msgs/msg/detail/event_data__type_support.h
-- Up-to-date symlink: /home/luis/workshop_ws/install/tide_msgs/include/tide_msgs/tide_msgs/msg/detail/fd_frame__functions.h
-- Up-to-date symlink: /home/luis/workshop_ws/install/tide_msgs/include/tide_msgs/tide_msgs/msg/detail/fd_frame__struct.h
-- Up-to-date symlink: /home/luis/workshop_ws/install/tide_msgs/include/tide_msgs/tide_msgs/msg/detail/fd_frame__type_support.h
-- Up-to-date symlink: /home/luis/workshop_ws/install/tide_msgs/include/tide_msgs/tide_msgs/msg/detail/game_result__functions.h
-- Up-to-date symlink: /home/luis/workshop_ws/install/tide_msgs/include/tide_msgs/tide_msgs/msg/detail/game_result__struct.h
-- Up-to-date symlink: /home/luis/workshop_ws/install/tide_msgs/include/tide_msgs/tide_msgs/msg/detail/game_result__type_support.h
-- Up-to-date symlink: /home/luis/workshop_ws/install/tide_msgs/include/tide_msgs/tide_msgs/msg/detail/game_robot_hp__functions.h
-- Up-to-date symlink: /home/luis/workshop_ws/install/tide_msgs/include/tide_msgs/tide_msgs/msg/detail/game_robot_hp__struct.h
-- Up-to-date symlink: /home/luis/workshop_ws/install/tide_msgs/include/tide_msgs/tide_msgs/msg/detail/game_robot_hp__type_support.h
-- Up-to-date symlink: /home/luis/workshop_ws/install/tide_msgs/include/tide_msgs/tide_msgs/msg/detail/game_robot_pos__functions.h
-- Up-to-date symlink: /home/luis/workshop_ws/install/tide_msgs/include/tide_msgs/tide_msgs/msg/detail/game_robot_pos__struct.h
-- Up-to-date symlink: /home/luis/workshop_ws/install/tide_msgs/include/tide_msgs/tide_msgs/msg/detail/game_robot_pos__type_support.h
-- Up-to-date symlink: /home/luis/workshop_ws/install/tide_msgs/include/tide_msgs/tide_msgs/msg/detail/game_robot_status__functions.h
-- Up-to-date symlink: /home/luis/workshop_ws/install/tide_msgs/include/tide_msgs/tide_msgs/msg/detail/game_robot_status__struct.h
-- Up-to-date symlink: /home/luis/workshop_ws/install/tide_msgs/include/tide_msgs/tide_msgs/msg/detail/game_robot_status__type_support.h
-- Up-to-date symlink: /home/luis/workshop_ws/install/tide_msgs/include/tide_msgs/tide_msgs/msg/detail/game_status__functions.h
-- Up-to-date symlink: /home/luis/workshop_ws/install/tide_msgs/include/tide_msgs/tide_msgs/msg/detail/game_status__struct.h
-- Up-to-date symlink: /home/luis/workshop_ws/install/tide_msgs/include/tide_msgs/tide_msgs/msg/detail/game_status__type_support.h
-- Up-to-date symlink: /home/luis/workshop_ws/install/tide_msgs/include/tide_msgs/tide_msgs/msg/detail/gimbal_cmd__functions.h
-- Up-to-date symlink: /home/luis/workshop_ws/install/tide_msgs/include/tide_msgs/tide_msgs/msg/detail/gimbal_cmd__struct.h
-- Up-to-date symlink: /home/luis/workshop_ws/install/tide_msgs/include/tide_msgs/tide_msgs/msg/detail/gimbal_cmd__type_support.h
-- Up-to-date symlink: /home/luis/workshop_ws/install/tide_msgs/include/tide_msgs/tide_msgs/msg/detail/gimbal_state__functions.h
-- Up-to-date symlink: /home/luis/workshop_ws/install/tide_msgs/include/tide_msgs/tide_msgs/msg/detail/gimbal_state__struct.h
-- Up-to-date symlink: /home/luis/workshop_ws/install/tide_msgs/include/tide_msgs/tide_msgs/msg/detail/gimbal_state__type_support.h
-- Up-to-date symlink: /home/luis/workshop_ws/install/tide_msgs/include/tide_msgs/tide_msgs/msg/detail/ground_robot__functions.h
-- Up-to-date symlink: /home/luis/workshop_ws/install/tide_msgs/include/tide_msgs/tide_msgs/msg/detail/ground_robot__struct.h
-- Up-to-date symlink: /home/luis/workshop_ws/install/tide_msgs/include/tide_msgs/tide_msgs/msg/detail/ground_robot__type_support.h
-- Up-to-date symlink: /home/luis/workshop_ws/install/tide_msgs/include/tide_msgs/tide_msgs/msg/detail/interact_id__functions.h
-- Up-to-date symlink: /home/luis/workshop_ws/install/tide_msgs/include/tide_msgs/tide_msgs/msg/detail/interact_id__struct.h
-- Up-to-date symlink: /home/luis/workshop_ws/install/tide_msgs/include/tide_msgs/tide_msgs/msg/detail/interact_id__type_support.h
-- Up-to-date symlink: /home/luis/workshop_ws/install/tide_msgs/include/tide_msgs/tide_msgs/msg/detail/power_heat_data__functions.h
-- Up-to-date symlink: /home/luis/workshop_ws/install/tide_msgs/include/tide_msgs/tide_msgs/msg/detail/power_heat_data__struct.h
-- Up-to-date symlink: /home/luis/workshop_ws/install/tide_msgs/include/tide_msgs/tide_msgs/msg/detail/power_heat_data__type_support.h
-- Up-to-date symlink: /home/luis/workshop_ws/install/tide_msgs/include/tide_msgs/tide_msgs/msg/detail/referee_data__functions.h
-- Up-to-date symlink: /home/luis/workshop_ws/install/tide_msgs/include/tide_msgs/tide_msgs/msg/detail/referee_data__struct.h
-- Up-to-date symlink: /home/luis/workshop_ws/install/tide_msgs/include/tide_msgs/tide_msgs/msg/detail/referee_data__type_support.h
-- Up-to-date symlink: /home/luis/workshop_ws/install/tide_msgs/include/tide_msgs/tide_msgs/msg/detail/referee_warning__functions.h
-- Up-to-date symlink: /home/luis/workshop_ws/install/tide_msgs/include/tide_msgs/tide_msgs/msg/detail/referee_warning__struct.h
-- Up-to-date symlink: /home/luis/workshop_ws/install/tide_msgs/include/tide_msgs/tide_msgs/msg/detail/referee_warning__type_support.h
-- Up-to-date symlink: /home/luis/workshop_ws/install/tide_msgs/include/tide_msgs/tide_msgs/msg/detail/rfid_status__functions.h
-- Up-to-date symlink: /home/luis/workshop_ws/install/tide_msgs/include/tide_msgs/tide_msgs/msg/detail/rfid_status__struct.h
-- Up-to-date symlink: /home/luis/workshop_ws/install/tide_msgs/include/tide_msgs/tide_msgs/msg/detail/rfid_status__type_support.h
-- Up-to-date symlink: /home/luis/workshop_ws/install/tide_msgs/include/tide_msgs/tide_msgs/msg/detail/robot_hurt__functions.h
-- Up-to-date symlink: /home/luis/workshop_ws/install/tide_msgs/include/tide_msgs/tide_msgs/msg/detail/robot_hurt__struct.h
-- Up-to-date symlink: /home/luis/workshop_ws/install/tide_msgs/include/tide_msgs/tide_msgs/msg/detail/robot_hurt__type_support.h
-- Up-to-date symlink: /home/luis/workshop_ws/install/tide_msgs/include/tide_msgs/tide_msgs/msg/detail/sentry_info__functions.h
-- Up-to-date symlink: /home/luis/workshop_ws/install/tide_msgs/include/tide_msgs/tide_msgs/msg/detail/sentry_info__struct.h
-- Up-to-date symlink: /home/luis/workshop_ws/install/tide_msgs/include/tide_msgs/tide_msgs/msg/detail/sentry_info__type_support.h
-- Up-to-date symlink: /home/luis/workshop_ws/install/tide_msgs/include/tide_msgs/tide_msgs/msg/detail/shoot_data__functions.h
-- Up-to-date symlink: /home/luis/workshop_ws/install/tide_msgs/include/tide_msgs/tide_msgs/msg/detail/shoot_data__struct.h
-- Up-to-date symlink: /home/luis/workshop_ws/install/tide_msgs/include/tide_msgs/tide_msgs/msg/detail/shoot_data__type_support.h
-- Up-to-date symlink: /home/luis/workshop_ws/install/tide_msgs/include/tide_msgs/tide_msgs/msg/detail/shooter_cmd__functions.h
-- Up-to-date symlink: /home/luis/workshop_ws/install/tide_msgs/include/tide_msgs/tide_msgs/msg/detail/shooter_cmd__struct.h
-- Up-to-date symlink: /home/luis/workshop_ws/install/tide_msgs/include/tide_msgs/tide_msgs/msg/detail/shooter_cmd__type_support.h
-- Up-to-date symlink: /home/luis/workshop_ws/install/tide_msgs/include/tide_msgs/tide_msgs/msg/detail/shooter_state__functions.h
-- Up-to-date symlink: /home/luis/workshop_ws/install/tide_msgs/include/tide_msgs/tide_msgs/msg/detail/shooter_state__struct.h
-- Up-to-date symlink: /home/luis/workshop_ws/install/tide_msgs/include/tide_msgs/tide_msgs/msg/detail/shooter_state__type_support.h
-- Up-to-date symlink: /home/luis/workshop_ws/install/tide_msgs/include/tide_msgs/tide_msgs/msg/detail/target__functions.h
-- Up-to-date symlink: /home/luis/workshop_ws/install/tide_msgs/include/tide_msgs/tide_msgs/msg/detail/target__struct.h
-- Up-to-date symlink: /home/luis/workshop_ws/install/tide_msgs/include/tide_msgs/tide_msgs/msg/detail/target__type_support.h
-- Up-to-date symlink: /home/luis/workshop_ws/install/tide_msgs/include/tide_msgs/tide_msgs/msg/detail/time_info__functions.h
-- Up-to-date symlink: /home/luis/workshop_ws/install/tide_msgs/include/tide_msgs/tide_msgs/msg/detail/time_info__struct.h
-- Up-to-date symlink: /home/luis/workshop_ws/install/tide_msgs/include/tide_msgs/tide_msgs/msg/detail/time_info__type_support.h
-- Up-to-date symlink: /home/luis/workshop_ws/install/tide_msgs/include/tide_msgs/tide_msgs/msg/detail/tracker_info__functions.h
-- Up-to-date symlink: /home/luis/workshop_ws/install/tide_msgs/include/tide_msgs/tide_msgs/msg/detail/tracker_info__struct.h
-- Up-to-date symlink: /home/luis/workshop_ws/install/tide_msgs/include/tide_msgs/tide_msgs/msg/detail/tracker_info__type_support.h
-- Up-to-date symlink: /home/luis/workshop_ws/install/tide_msgs/include/tide_msgs/tide_msgs/msg/event_data.h
-- Up-to-date symlink: /home/luis/workshop_ws/install/tide_msgs/include/tide_msgs/tide_msgs/msg/fd_frame.h
-- Up-to-date symlink: /home/luis/workshop_ws/install/tide_msgs/include/tide_msgs/tide_msgs/msg/game_result.h
-- Up-to-date symlink: /home/luis/workshop_ws/install/tide_msgs/include/tide_msgs/tide_msgs/msg/game_robot_hp.h
-- Up-to-date symlink: /home/luis/workshop_ws/install/tide_msgs/include/tide_msgs/tide_msgs/msg/game_robot_pos.h
-- Up-to-date symlink: /home/luis/workshop_ws/install/tide_msgs/include/tide_msgs/tide_msgs/msg/game_robot_status.h
-- Up-to-date symlink: /home/luis/workshop_ws/install/tide_msgs/include/tide_msgs/tide_msgs/msg/game_status.h
-- Up-to-date symlink: /home/luis/workshop_ws/install/tide_msgs/include/tide_msgs/tide_msgs/msg/gimbal_cmd.h
-- Up-to-date symlink: /home/luis/workshop_ws/install/tide_msgs/include/tide_msgs/tide_msgs/msg/gimbal_state.h
-- Up-to-date symlink: /home/luis/workshop_ws/install/tide_msgs/include/tide_msgs/tide_msgs/msg/ground_robot.h
-- Up-to-date symlink: /home/luis/workshop_ws/install/tide_msgs/include/tide_msgs/tide_msgs/msg/interact_id.h
-- Up-to-date symlink: /home/luis/workshop_ws/install/tide_msgs/include/tide_msgs/tide_msgs/msg/power_heat_data.h
-- Up-to-date symlink: /home/luis/workshop_ws/install/tide_msgs/include/tide_msgs/tide_msgs/msg/referee_data.h
-- Up-to-date symlink: /home/luis/workshop_ws/install/tide_msgs/include/tide_msgs/tide_msgs/msg/referee_warning.h
-- Up-to-date symlink: /home/luis/workshop_ws/install/tide_msgs/include/tide_msgs/tide_msgs/msg/rfid_status.h
-- Up-to-date symlink: /home/luis/workshop_ws/install/tide_msgs/include/tide_msgs/tide_msgs/msg/robot_hurt.h
-- Up-to-date symlink: /home/luis/workshop_ws/install/tide_msgs/include/tide_msgs/tide_msgs/msg/rosidl_generator_c__visibility_control.h
-- Up-to-date symlink: /home/luis/workshop_ws/install/tide_msgs/include/tide_msgs/tide_msgs/msg/sentry_info.h
-- Up-to-date symlink: /home/luis/workshop_ws/install/tide_msgs/include/tide_msgs/tide_msgs/msg/shoot_data.h
-- Up-to-date symlink: /home/luis/workshop_ws/install/tide_msgs/include/tide_msgs/tide_msgs/msg/shooter_cmd.h
-- Up-to-date symlink: /home/luis/workshop_ws/install/tide_msgs/include/tide_msgs/tide_msgs/msg/shooter_state.h
-- Up-to-date symlink: /home/luis/workshop_ws/install/tide_msgs/include/tide_msgs/tide_msgs/msg/target.h
-- Up-to-date symlink: /home/luis/workshop_ws/install/tide_msgs/include/tide_msgs/tide_msgs/msg/time_info.h
-- Up-to-date symlink: /home/luis/workshop_ws/install/tide_msgs/include/tide_msgs/tide_msgs/msg/tracker_info.h
-- Up-to-date symlink: /home/luis/workshop_ws/install/tide_msgs/share/tide_msgs/environment/library_path.sh
-- Up-to-date symlink: /home/luis/workshop_ws/install/tide_msgs/share/tide_msgs/environment/library_path.dsv
-- Up-to-date symlink: /home/luis/workshop_ws/install/tide_msgs/include/tide_msgs/tide_msgs/msg/detail/armor__rosidl_typesupport_fastrtps_c.h
-- Up-to-date symlink: /home/luis/workshop_ws/install/tide_msgs/include/tide_msgs/tide_msgs/msg/detail/armors__rosidl_typesupport_fastrtps_c.h
-- Up-to-date symlink: /home/luis/workshop_ws/install/tide_msgs/include/tide_msgs/tide_msgs/msg/detail/bigyaw_cmd__rosidl_typesupport_fastrtps_c.h
-- Up-to-date symlink: /home/luis/workshop_ws/install/tide_msgs/include/tide_msgs/tide_msgs/msg/detail/bigyaw_state__rosidl_typesupport_fastrtps_c.h
-- Up-to-date symlink: /home/luis/workshop_ws/install/tide_msgs/include/tide_msgs/tide_msgs/msg/detail/buff__rosidl_typesupport_fastrtps_c.h
-- Up-to-date symlink: /home/luis/workshop_ws/install/tide_msgs/include/tide_msgs/tide_msgs/msg/detail/bullet_remaining__rosidl_typesupport_fastrtps_c.h
-- Up-to-date symlink: /home/luis/workshop_ws/install/tide_msgs/include/tide_msgs/tide_msgs/msg/detail/debug_armor__rosidl_typesupport_fastrtps_c.h
-- Up-to-date symlink: /home/luis/workshop_ws/install/tide_msgs/include/tide_msgs/tide_msgs/msg/detail/debug_armors__rosidl_typesupport_fastrtps_c.h
-- Up-to-date symlink: /home/luis/workshop_ws/install/tide_msgs/include/tide_msgs/tide_msgs/msg/detail/debug_light__rosidl_typesupport_fastrtps_c.h
-- Up-to-date symlink: /home/luis/workshop_ws/install/tide_msgs/include/tide_msgs/tide_msgs/msg/detail/debug_lights__rosidl_typesupport_fastrtps_c.h
-- Up-to-date symlink: /home/luis/workshop_ws/install/tide_msgs/include/tide_msgs/tide_msgs/msg/detail/event_data__rosidl_typesupport_fastrtps_c.h
-- Up-to-date symlink: /home/luis/workshop_ws/install/tide_msgs/include/tide_msgs/tide_msgs/msg/detail/fd_frame__rosidl_typesupport_fastrtps_c.h
-- Up-to-date symlink: /home/luis/workshop_ws/install/tide_msgs/include/tide_msgs/tide_msgs/msg/detail/game_result__rosidl_typesupport_fastrtps_c.h
-- Up-to-date symlink: /home/luis/workshop_ws/install/tide_msgs/include/tide_msgs/tide_msgs/msg/detail/game_robot_hp__rosidl_typesupport_fastrtps_c.h
-- Up-to-date symlink: /home/luis/workshop_ws/install/tide_msgs/include/tide_msgs/tide_msgs/msg/detail/game_robot_pos__rosidl_typesupport_fastrtps_c.h
-- Up-to-date symlink: /home/luis/workshop_ws/install/tide_msgs/include/tide_msgs/tide_msgs/msg/detail/game_robot_status__rosidl_typesupport_fastrtps_c.h
-- Up-to-date symlink: /home/luis/workshop_ws/install/tide_msgs/include/tide_msgs/tide_msgs/msg/detail/game_status__rosidl_typesupport_fastrtps_c.h
-- Up-to-date symlink: /home/luis/workshop_ws/install/tide_msgs/include/tide_msgs/tide_msgs/msg/detail/gimbal_cmd__rosidl_typesupport_fastrtps_c.h
-- Up-to-date symlink: /home/luis/workshop_ws/install/tide_msgs/include/tide_msgs/tide_msgs/msg/detail/gimbal_state__rosidl_typesupport_fastrtps_c.h
-- Up-to-date symlink: /home/luis/workshop_ws/install/tide_msgs/include/tide_msgs/tide_msgs/msg/detail/ground_robot__rosidl_typesupport_fastrtps_c.h
-- Up-to-date symlink: /home/luis/workshop_ws/install/tide_msgs/include/tide_msgs/tide_msgs/msg/detail/interact_id__rosidl_typesupport_fastrtps_c.h
-- Up-to-date symlink: /home/luis/workshop_ws/install/tide_msgs/include/tide_msgs/tide_msgs/msg/detail/power_heat_data__rosidl_typesupport_fastrtps_c.h
-- Up-to-date symlink: /home/luis/workshop_ws/install/tide_msgs/include/tide_msgs/tide_msgs/msg/detail/referee_data__rosidl_typesupport_fastrtps_c.h
-- Up-to-date symlink: /home/luis/workshop_ws/install/tide_msgs/include/tide_msgs/tide_msgs/msg/detail/referee_warning__rosidl_typesupport_fastrtps_c.h
-- Up-to-date symlink: /home/luis/workshop_ws/install/tide_msgs/include/tide_msgs/tide_msgs/msg/detail/rfid_status__rosidl_typesupport_fastrtps_c.h
-- Up-to-date symlink: /home/luis/workshop_ws/install/tide_msgs/include/tide_msgs/tide_msgs/msg/detail/robot_hurt__rosidl_typesupport_fastrtps_c.h
-- Up-to-date symlink: /home/luis/workshop_ws/install/tide_msgs/include/tide_msgs/tide_msgs/msg/detail/sentry_info__rosidl_typesupport_fastrtps_c.h
-- Up-to-date symlink: /home/luis/workshop_ws/install/tide_msgs/include/tide_msgs/tide_msgs/msg/detail/shoot_data__rosidl_typesupport_fastrtps_c.h
-- Up-to-date symlink: /home/luis/workshop_ws/install/tide_msgs/include/tide_msgs/tide_msgs/msg/detail/shooter_cmd__rosidl_typesupport_fastrtps_c.h
-- Up-to-date symlink: /home/luis/workshop_ws/install/tide_msgs/include/tide_msgs/tide_msgs/msg/detail/shooter_state__rosidl_typesupport_fastrtps_c.h
-- Up-to-date symlink: /home/luis/workshop_ws/install/tide_msgs/include/tide_msgs/tide_msgs/msg/detail/target__rosidl_typesupport_fastrtps_c.h
-- Up-to-date symlink: /home/luis/workshop_ws/install/tide_msgs/include/tide_msgs/tide_msgs/msg/detail/time_info__rosidl_typesupport_fastrtps_c.h
-- Up-to-date symlink: /home/luis/workshop_ws/install/tide_msgs/include/tide_msgs/tide_msgs/msg/detail/tracker_info__rosidl_typesupport_fastrtps_c.h
-- Up-to-date symlink: /home/luis/workshop_ws/install/tide_msgs/include/tide_msgs/tide_msgs/msg/rosidl_typesupport_fastrtps_c__visibility_control.h
-- Up-to-date symlink: /home/luis/workshop_ws/install/tide_msgs/include/tide_msgs/tide_msgs/msg/armor.hpp
-- Up-to-date symlink: /home/luis/workshop_ws/install/tide_msgs/include/tide_msgs/tide_msgs/msg/armors.hpp
-- Up-to-date symlink: /home/luis/workshop_ws/install/tide_msgs/include/tide_msgs/tide_msgs/msg/bigyaw_cmd.hpp
-- Up-to-date symlink: /home/luis/workshop_ws/install/tide_msgs/include/tide_msgs/tide_msgs/msg/bigyaw_state.hpp
-- Up-to-date symlink: /home/luis/workshop_ws/install/tide_msgs/include/tide_msgs/tide_msgs/msg/buff.hpp
-- Up-to-date symlink: /home/luis/workshop_ws/install/tide_msgs/include/tide_msgs/tide_msgs/msg/bullet_remaining.hpp
-- Up-to-date symlink: /home/luis/workshop_ws/install/tide_msgs/include/tide_msgs/tide_msgs/msg/debug_armor.hpp
-- Up-to-date symlink: /home/luis/workshop_ws/install/tide_msgs/include/tide_msgs/tide_msgs/msg/debug_armors.hpp
-- Up-to-date symlink: /home/luis/workshop_ws/install/tide_msgs/include/tide_msgs/tide_msgs/msg/debug_light.hpp
-- Up-to-date symlink: /home/luis/workshop_ws/install/tide_msgs/include/tide_msgs/tide_msgs/msg/debug_lights.hpp
-- Up-to-date symlink: /home/luis/workshop_ws/install/tide_msgs/include/tide_msgs/tide_msgs/msg/detail/armor__builder.hpp
-- Up-to-date symlink: /home/luis/workshop_ws/install/tide_msgs/include/tide_msgs/tide_msgs/msg/detail/armor__struct.hpp
-- Up-to-date symlink: /home/luis/workshop_ws/install/tide_msgs/include/tide_msgs/tide_msgs/msg/detail/armor__traits.hpp
-- Up-to-date symlink: /home/luis/workshop_ws/install/tide_msgs/include/tide_msgs/tide_msgs/msg/detail/armor__type_support.hpp
-- Up-to-date symlink: /home/luis/workshop_ws/install/tide_msgs/include/tide_msgs/tide_msgs/msg/detail/armors__builder.hpp
-- Up-to-date symlink: /home/luis/workshop_ws/install/tide_msgs/include/tide_msgs/tide_msgs/msg/detail/armors__struct.hpp
-- Up-to-date symlink: /home/luis/workshop_ws/install/tide_msgs/include/tide_msgs/tide_msgs/msg/detail/armors__traits.hpp
-- Up-to-date symlink: /home/luis/workshop_ws/install/tide_msgs/include/tide_msgs/tide_msgs/msg/detail/armors__type_support.hpp
-- Up-to-date symlink: /home/luis/workshop_ws/install/tide_msgs/include/tide_msgs/tide_msgs/msg/detail/bigyaw_cmd__builder.hpp
-- Up-to-date symlink: /home/luis/workshop_ws/install/tide_msgs/include/tide_msgs/tide_msgs/msg/detail/bigyaw_cmd__struct.hpp
-- Up-to-date symlink: /home/luis/workshop_ws/install/tide_msgs/include/tide_msgs/tide_msgs/msg/detail/bigyaw_cmd__traits.hpp
-- Up-to-date symlink: /home/luis/workshop_ws/install/tide_msgs/include/tide_msgs/tide_msgs/msg/detail/bigyaw_cmd__type_support.hpp
-- Up-to-date symlink: /home/luis/workshop_ws/install/tide_msgs/include/tide_msgs/tide_msgs/msg/detail/bigyaw_state__builder.hpp
-- Up-to-date symlink: /home/luis/workshop_ws/install/tide_msgs/include/tide_msgs/tide_msgs/msg/detail/bigyaw_state__struct.hpp
-- Up-to-date symlink: /home/luis/workshop_ws/install/tide_msgs/include/tide_msgs/tide_msgs/msg/detail/bigyaw_state__traits.hpp
-- Up-to-date symlink: /home/luis/workshop_ws/install/tide_msgs/include/tide_msgs/tide_msgs/msg/detail/bigyaw_state__type_support.hpp
-- Up-to-date symlink: /home/luis/workshop_ws/install/tide_msgs/include/tide_msgs/tide_msgs/msg/detail/buff__builder.hpp
-- Up-to-date symlink: /home/luis/workshop_ws/install/tide_msgs/include/tide_msgs/tide_msgs/msg/detail/buff__struct.hpp
-- Up-to-date symlink: /home/luis/workshop_ws/install/tide_msgs/include/tide_msgs/tide_msgs/msg/detail/buff__traits.hpp
-- Up-to-date symlink: /home/luis/workshop_ws/install/tide_msgs/include/tide_msgs/tide_msgs/msg/detail/buff__type_support.hpp
-- Up-to-date symlink: /home/luis/workshop_ws/install/tide_msgs/include/tide_msgs/tide_msgs/msg/detail/bullet_remaining__builder.hpp
-- Up-to-date symlink: /home/luis/workshop_ws/install/tide_msgs/include/tide_msgs/tide_msgs/msg/detail/bullet_remaining__struct.hpp
-- Up-to-date symlink: /home/luis/workshop_ws/install/tide_msgs/include/tide_msgs/tide_msgs/msg/detail/bullet_remaining__traits.hpp
-- Up-to-date symlink: /home/luis/workshop_ws/install/tide_msgs/include/tide_msgs/tide_msgs/msg/detail/bullet_remaining__type_support.hpp
-- Up-to-date symlink: /home/luis/workshop_ws/install/tide_msgs/include/tide_msgs/tide_msgs/msg/detail/debug_armor__builder.hpp
-- Up-to-date symlink: /home/luis/workshop_ws/install/tide_msgs/include/tide_msgs/tide_msgs/msg/detail/debug_armor__struct.hpp
-- Up-to-date symlink: /home/luis/workshop_ws/install/tide_msgs/include/tide_msgs/tide_msgs/msg/detail/debug_armor__traits.hpp
-- Up-to-date symlink: /home/luis/workshop_ws/install/tide_msgs/include/tide_msgs/tide_msgs/msg/detail/debug_armor__type_support.hpp
-- Up-to-date symlink: /home/luis/workshop_ws/install/tide_msgs/include/tide_msgs/tide_msgs/msg/detail/debug_armors__builder.hpp
-- Up-to-date symlink: /home/luis/workshop_ws/install/tide_msgs/include/tide_msgs/tide_msgs/msg/detail/debug_armors__struct.hpp
-- Up-to-date symlink: /home/luis/workshop_ws/install/tide_msgs/include/tide_msgs/tide_msgs/msg/detail/debug_armors__traits.hpp
-- Up-to-date symlink: /home/luis/workshop_ws/install/tide_msgs/include/tide_msgs/tide_msgs/msg/detail/debug_armors__type_support.hpp
-- Up-to-date symlink: /home/luis/workshop_ws/install/tide_msgs/include/tide_msgs/tide_msgs/msg/detail/debug_light__builder.hpp
-- Up-to-date symlink: /home/luis/workshop_ws/install/tide_msgs/include/tide_msgs/tide_msgs/msg/detail/debug_light__struct.hpp
-- Up-to-date symlink: /home/luis/workshop_ws/install/tide_msgs/include/tide_msgs/tide_msgs/msg/detail/debug_light__traits.hpp
-- Up-to-date symlink: /home/luis/workshop_ws/install/tide_msgs/include/tide_msgs/tide_msgs/msg/detail/debug_light__type_support.hpp
-- Up-to-date symlink: /home/luis/workshop_ws/install/tide_msgs/include/tide_msgs/tide_msgs/msg/detail/debug_lights__builder.hpp
-- Up-to-date symlink: /home/luis/workshop_ws/install/tide_msgs/include/tide_msgs/tide_msgs/msg/detail/debug_lights__struct.hpp
-- Up-to-date symlink: /home/luis/workshop_ws/install/tide_msgs/include/tide_msgs/tide_msgs/msg/detail/debug_lights__traits.hpp
-- Up-to-date symlink: /home/luis/workshop_ws/install/tide_msgs/include/tide_msgs/tide_msgs/msg/detail/debug_lights__type_support.hpp
-- Up-to-date symlink: /home/luis/workshop_ws/install/tide_msgs/include/tide_msgs/tide_msgs/msg/detail/event_data__builder.hpp
-- Up-to-date symlink: /home/luis/workshop_ws/install/tide_msgs/include/tide_msgs/tide_msgs/msg/detail/event_data__struct.hpp
-- Up-to-date symlink: /home/luis/workshop_ws/install/tide_msgs/include/tide_msgs/tide_msgs/msg/detail/event_data__traits.hpp
-- Up-to-date symlink: /home/luis/workshop_ws/install/tide_msgs/include/tide_msgs/tide_msgs/msg/detail/event_data__type_support.hpp
-- Up-to-date symlink: /home/luis/workshop_ws/install/tide_msgs/include/tide_msgs/tide_msgs/msg/detail/fd_frame__builder.hpp
-- Up-to-date symlink: /home/luis/workshop_ws/install/tide_msgs/include/tide_msgs/tide_msgs/msg/detail/fd_frame__struct.hpp
-- Up-to-date symlink: /home/luis/workshop_ws/install/tide_msgs/include/tide_msgs/tide_msgs/msg/detail/fd_frame__traits.hpp
-- Up-to-date symlink: /home/luis/workshop_ws/install/tide_msgs/include/tide_msgs/tide_msgs/msg/detail/fd_frame__type_support.hpp
-- Up-to-date symlink: /home/luis/workshop_ws/install/tide_msgs/include/tide_msgs/tide_msgs/msg/detail/game_result__builder.hpp
-- Up-to-date symlink: /home/luis/workshop_ws/install/tide_msgs/include/tide_msgs/tide_msgs/msg/detail/game_result__struct.hpp
-- Up-to-date symlink: /home/luis/workshop_ws/install/tide_msgs/include/tide_msgs/tide_msgs/msg/detail/game_result__traits.hpp
-- Up-to-date symlink: /home/luis/workshop_ws/install/tide_msgs/include/tide_msgs/tide_msgs/msg/detail/game_result__type_support.hpp
-- Up-to-date symlink: /home/luis/workshop_ws/install/tide_msgs/include/tide_msgs/tide_msgs/msg/detail/game_robot_hp__builder.hpp
-- Up-to-date symlink: /home/luis/workshop_ws/install/tide_msgs/include/tide_msgs/tide_msgs/msg/detail/game_robot_hp__struct.hpp
-- Up-to-date symlink: /home/luis/workshop_ws/install/tide_msgs/include/tide_msgs/tide_msgs/msg/detail/game_robot_hp__traits.hpp
-- Up-to-date symlink: /home/luis/workshop_ws/install/tide_msgs/include/tide_msgs/tide_msgs/msg/detail/game_robot_hp__type_support.hpp
-- Up-to-date symlink: /home/luis/workshop_ws/install/tide_msgs/include/tide_msgs/tide_msgs/msg/detail/game_robot_pos__builder.hpp
-- Up-to-date symlink: /home/luis/workshop_ws/install/tide_msgs/include/tide_msgs/tide_msgs/msg/detail/game_robot_pos__struct.hpp
-- Up-to-date symlink: /home/luis/workshop_ws/install/tide_msgs/include/tide_msgs/tide_msgs/msg/detail/game_robot_pos__traits.hpp
-- Up-to-date symlink: /home/luis/workshop_ws/install/tide_msgs/include/tide_msgs/tide_msgs/msg/detail/game_robot_pos__type_support.hpp
-- Up-to-date symlink: /home/luis/workshop_ws/install/tide_msgs/include/tide_msgs/tide_msgs/msg/detail/game_robot_status__builder.hpp
-- Up-to-date symlink: /home/luis/workshop_ws/install/tide_msgs/include/tide_msgs/tide_msgs/msg/detail/game_robot_status__struct.hpp
-- Up-to-date symlink: /home/luis/workshop_ws/install/tide_msgs/include/tide_msgs/tide_msgs/msg/detail/game_robot_status__traits.hpp
-- Up-to-date symlink: /home/luis/workshop_ws/install/tide_msgs/include/tide_msgs/tide_msgs/msg/detail/game_robot_status__type_support.hpp
-- Up-to-date symlink: /home/luis/workshop_ws/install/tide_msgs/include/tide_msgs/tide_msgs/msg/detail/game_status__builder.hpp
-- Up-to-date symlink: /home/luis/workshop_ws/install/tide_msgs/include/tide_msgs/tide_msgs/msg/detail/game_status__struct.hpp
-- Up-to-date symlink: /home/luis/workshop_ws/install/tide_msgs/include/tide_msgs/tide_msgs/msg/detail/game_status__traits.hpp
-- Up-to-date symlink: /home/luis/workshop_ws/install/tide_msgs/include/tide_msgs/tide_msgs/msg/detail/game_status__type_support.hpp
-- Up-to-date symlink: /home/luis/workshop_ws/install/tide_msgs/include/tide_msgs/tide_msgs/msg/detail/gimbal_cmd__builder.hpp
-- Up-to-date symlink: /home/luis/workshop_ws/install/tide_msgs/include/tide_msgs/tide_msgs/msg/detail/gimbal_cmd__struct.hpp
-- Up-to-date symlink: /home/luis/workshop_ws/install/tide_msgs/include/tide_msgs/tide_msgs/msg/detail/gimbal_cmd__traits.hpp
-- Up-to-date symlink: /home/luis/workshop_ws/install/tide_msgs/include/tide_msgs/tide_msgs/msg/detail/gimbal_cmd__type_support.hpp
-- Up-to-date symlink: /home/luis/workshop_ws/install/tide_msgs/include/tide_msgs/tide_msgs/msg/detail/gimbal_state__builder.hpp
-- Up-to-date symlink: /home/luis/workshop_ws/install/tide_msgs/include/tide_msgs/tide_msgs/msg/detail/gimbal_state__struct.hpp
-- Up-to-date symlink: /home/luis/workshop_ws/install/tide_msgs/include/tide_msgs/tide_msgs/msg/detail/gimbal_state__traits.hpp
-- Up-to-date symlink: /home/luis/workshop_ws/install/tide_msgs/include/tide_msgs/tide_msgs/msg/detail/gimbal_state__type_support.hpp
-- Up-to-date symlink: /home/luis/workshop_ws/install/tide_msgs/include/tide_msgs/tide_msgs/msg/detail/ground_robot__builder.hpp
-- Up-to-date symlink: /home/luis/workshop_ws/install/tide_msgs/include/tide_msgs/tide_msgs/msg/detail/ground_robot__struct.hpp
-- Up-to-date symlink: /home/luis/workshop_ws/install/tide_msgs/include/tide_msgs/tide_msgs/msg/detail/ground_robot__traits.hpp
-- Up-to-date symlink: /home/luis/workshop_ws/install/tide_msgs/include/tide_msgs/tide_msgs/msg/detail/ground_robot__type_support.hpp
-- Up-to-date symlink: /home/luis/workshop_ws/install/tide_msgs/include/tide_msgs/tide_msgs/msg/detail/interact_id__builder.hpp
-- Up-to-date symlink: /home/luis/workshop_ws/install/tide_msgs/include/tide_msgs/tide_msgs/msg/detail/interact_id__struct.hpp
-- Up-to-date symlink: /home/luis/workshop_ws/install/tide_msgs/include/tide_msgs/tide_msgs/msg/detail/interact_id__traits.hpp
-- Up-to-date symlink: /home/luis/workshop_ws/install/tide_msgs/include/tide_msgs/tide_msgs/msg/detail/interact_id__type_support.hpp
-- Up-to-date symlink: /home/luis/workshop_ws/install/tide_msgs/include/tide_msgs/tide_msgs/msg/detail/power_heat_data__builder.hpp
-- Up-to-date symlink: /home/luis/workshop_ws/install/tide_msgs/include/tide_msgs/tide_msgs/msg/detail/power_heat_data__struct.hpp
-- Up-to-date symlink: /home/luis/workshop_ws/install/tide_msgs/include/tide_msgs/tide_msgs/msg/detail/power_heat_data__traits.hpp
-- Up-to-date symlink: /home/luis/workshop_ws/install/tide_msgs/include/tide_msgs/tide_msgs/msg/detail/power_heat_data__type_support.hpp
-- Up-to-date symlink: /home/luis/workshop_ws/install/tide_msgs/include/tide_msgs/tide_msgs/msg/detail/referee_data__builder.hpp
-- Up-to-date symlink: /home/luis/workshop_ws/install/tide_msgs/include/tide_msgs/tide_msgs/msg/detail/referee_data__struct.hpp
-- Up-to-date symlink: /home/luis/workshop_ws/install/tide_msgs/include/tide_msgs/tide_msgs/msg/detail/referee_data__traits.hpp
-- Up-to-date symlink: /home/luis/workshop_ws/install/tide_msgs/include/tide_msgs/tide_msgs/msg/detail/referee_data__type_support.hpp
-- Up-to-date symlink: /home/luis/workshop_ws/install/tide_msgs/include/tide_msgs/tide_msgs/msg/detail/referee_warning__builder.hpp
-- Up-to-date symlink: /home/luis/workshop_ws/install/tide_msgs/include/tide_msgs/tide_msgs/msg/detail/referee_warning__struct.hpp
-- Up-to-date symlink: /home/luis/workshop_ws/install/tide_msgs/include/tide_msgs/tide_msgs/msg/detail/referee_warning__traits.hpp
-- Up-to-date symlink: /home/luis/workshop_ws/install/tide_msgs/include/tide_msgs/tide_msgs/msg/detail/referee_warning__type_support.hpp
-- Up-to-date symlink: /home/luis/workshop_ws/install/tide_msgs/include/tide_msgs/tide_msgs/msg/detail/rfid_status__builder.hpp
-- Up-to-date symlink: /home/luis/workshop_ws/install/tide_msgs/include/tide_msgs/tide_msgs/msg/detail/rfid_status__struct.hpp
-- Up-to-date symlink: /home/luis/workshop_ws/install/tide_msgs/include/tide_msgs/tide_msgs/msg/detail/rfid_status__traits.hpp
-- Up-to-date symlink: /home/luis/workshop_ws/install/tide_msgs/include/tide_msgs/tide_msgs/msg/detail/rfid_status__type_support.hpp
-- Up-to-date symlink: /home/luis/workshop_ws/install/tide_msgs/include/tide_msgs/tide_msgs/msg/detail/robot_hurt__builder.hpp
-- Up-to-date symlink: /home/luis/workshop_ws/install/tide_msgs/include/tide_msgs/tide_msgs/msg/detail/robot_hurt__struct.hpp
-- Up-to-date symlink: /home/luis/workshop_ws/install/tide_msgs/include/tide_msgs/tide_msgs/msg/detail/robot_hurt__traits.hpp
-- Up-to-date symlink: /home/luis/workshop_ws/install/tide_msgs/include/tide_msgs/tide_msgs/msg/detail/robot_hurt__type_support.hpp
-- Up-to-date symlink: /home/luis/workshop_ws/install/tide_msgs/include/tide_msgs/tide_msgs/msg/detail/sentry_info__builder.hpp
-- Up-to-date symlink: /home/luis/workshop_ws/install/tide_msgs/include/tide_msgs/tide_msgs/msg/detail/sentry_info__struct.hpp
-- Up-to-date symlink: /home/luis/workshop_ws/install/tide_msgs/include/tide_msgs/tide_msgs/msg/detail/sentry_info__traits.hpp
-- Up-to-date symlink: /home/luis/workshop_ws/install/tide_msgs/include/tide_msgs/tide_msgs/msg/detail/sentry_info__type_support.hpp
-- Up-to-date symlink: /home/luis/workshop_ws/install/tide_msgs/include/tide_msgs/tide_msgs/msg/detail/shoot_data__builder.hpp
-- Up-to-date symlink: /home/luis/workshop_ws/install/tide_msgs/include/tide_msgs/tide_msgs/msg/detail/shoot_data__struct.hpp
-- Up-to-date symlink: /home/luis/workshop_ws/install/tide_msgs/include/tide_msgs/tide_msgs/msg/detail/shoot_data__traits.hpp
-- Up-to-date symlink: /home/luis/workshop_ws/install/tide_msgs/include/tide_msgs/tide_msgs/msg/detail/shoot_data__type_support.hpp
-- Up-to-date symlink: /home/luis/workshop_ws/install/tide_msgs/include/tide_msgs/tide_msgs/msg/detail/shooter_cmd__builder.hpp
-- Up-to-date symlink: /home/luis/workshop_ws/install/tide_msgs/include/tide_msgs/tide_msgs/msg/detail/shooter_cmd__struct.hpp
-- Up-to-date symlink: /home/luis/workshop_ws/install/tide_msgs/include/tide_msgs/tide_msgs/msg/detail/shooter_cmd__traits.hpp
-- Up-to-date symlink: /home/luis/workshop_ws/install/tide_msgs/include/tide_msgs/tide_msgs/msg/detail/shooter_cmd__type_support.hpp
-- Up-to-date symlink: /home/luis/workshop_ws/install/tide_msgs/include/tide_msgs/tide_msgs/msg/detail/shooter_state__builder.hpp
-- Up-to-date symlink: /home/luis/workshop_ws/install/tide_msgs/include/tide_msgs/tide_msgs/msg/detail/shooter_state__struct.hpp
-- Up-to-date symlink: /home/luis/workshop_ws/install/tide_msgs/include/tide_msgs/tide_msgs/msg/detail/shooter_state__traits.hpp
-- Up-to-date symlink: /home/luis/workshop_ws/install/tide_msgs/include/tide_msgs/tide_msgs/msg/detail/shooter_state__type_support.hpp
-- Up-to-date symlink: /home/luis/workshop_ws/install/tide_msgs/include/tide_msgs/tide_msgs/msg/detail/target__builder.hpp
-- Up-to-date symlink: /home/luis/workshop_ws/install/tide_msgs/include/tide_msgs/tide_msgs/msg/detail/target__struct.hpp
-- Up-to-date symlink: /home/luis/workshop_ws/install/tide_msgs/include/tide_msgs/tide_msgs/msg/detail/target__traits.hpp
-- Up-to-date symlink: /home/luis/workshop_ws/install/tide_msgs/include/tide_msgs/tide_msgs/msg/detail/target__type_support.hpp
-- Up-to-date symlink: /home/luis/workshop_ws/install/tide_msgs/include/tide_msgs/tide_msgs/msg/detail/time_info__builder.hpp
-- Up-to-date symlink: /home/luis/workshop_ws/install/tide_msgs/include/tide_msgs/tide_msgs/msg/detail/time_info__struct.hpp
-- Up-to-date symlink: /home/luis/workshop_ws/install/tide_msgs/include/tide_msgs/tide_msgs/msg/detail/time_info__traits.hpp
-- Up-to-date symlink: /home/luis/workshop_ws/install/tide_msgs/include/tide_msgs/tide_msgs/msg/detail/time_info__type_support.hpp
-- Up-to-date symlink: /home/luis/workshop_ws/install/tide_msgs/include/tide_msgs/tide_msgs/msg/detail/tracker_info__builder.hpp
-- Up-to-date symlink: /home/luis/workshop_ws/install/tide_msgs/include/tide_msgs/tide_msgs/msg/detail/tracker_info__struct.hpp
-- Up-to-date symlink: /home/luis/workshop_ws/install/tide_msgs/include/tide_msgs/tide_msgs/msg/detail/tracker_info__traits.hpp
-- Up-to-date symlink: /home/luis/workshop_ws/install/tide_msgs/include/tide_msgs/tide_msgs/msg/detail/tracker_info__type_support.hpp
-- Up-to-date symlink: /home/luis/workshop_ws/install/tide_msgs/include/tide_msgs/tide_msgs/msg/event_data.hpp
-- Up-to-date symlink: /home/luis/workshop_ws/install/tide_msgs/include/tide_msgs/tide_msgs/msg/fd_frame.hpp
-- Up-to-date symlink: /home/luis/workshop_ws/install/tide_msgs/include/tide_msgs/tide_msgs/msg/game_result.hpp
-- Up-to-date symlink: /home/luis/workshop_ws/install/tide_msgs/include/tide_msgs/tide_msgs/msg/game_robot_hp.hpp
-- Up-to-date symlink: /home/luis/workshop_ws/install/tide_msgs/include/tide_msgs/tide_msgs/msg/game_robot_pos.hpp
-- Up-to-date symlink: /home/luis/workshop_ws/install/tide_msgs/include/tide_msgs/tide_msgs/msg/game_robot_status.hpp
-- Up-to-date symlink: /home/luis/workshop_ws/install/tide_msgs/include/tide_msgs/tide_msgs/msg/game_status.hpp
-- Up-to-date symlink: /home/luis/workshop_ws/install/tide_msgs/include/tide_msgs/tide_msgs/msg/gimbal_cmd.hpp
-- Up-to-date symlink: /home/luis/workshop_ws/install/tide_msgs/include/tide_msgs/tide_msgs/msg/gimbal_state.hpp
-- Up-to-date symlink: /home/luis/workshop_ws/install/tide_msgs/include/tide_msgs/tide_msgs/msg/ground_robot.hpp
-- Up-to-date symlink: /home/luis/workshop_ws/install/tide_msgs/include/tide_msgs/tide_msgs/msg/interact_id.hpp
-- Up-to-date symlink: /home/luis/workshop_ws/install/tide_msgs/include/tide_msgs/tide_msgs/msg/power_heat_data.hpp
-- Up-to-date symlink: /home/luis/workshop_ws/install/tide_msgs/include/tide_msgs/tide_msgs/msg/referee_data.hpp
-- Up-to-date symlink: /home/luis/workshop_ws/install/tide_msgs/include/tide_msgs/tide_msgs/msg/referee_warning.hpp
-- Up-to-date symlink: /home/luis/workshop_ws/install/tide_msgs/include/tide_msgs/tide_msgs/msg/rfid_status.hpp
-- Up-to-date symlink: /home/luis/workshop_ws/install/tide_msgs/include/tide_msgs/tide_msgs/msg/robot_hurt.hpp
-- Up-to-date symlink: /home/luis/workshop_ws/install/tide_msgs/include/tide_msgs/tide_msgs/msg/rosidl_generator_cpp__visibility_control.hpp
-- Up-to-date symlink: /home/luis/workshop_ws/install/tide_msgs/include/tide_msgs/tide_msgs/msg/sentry_info.hpp
-- Up-to-date symlink: /home/luis/workshop_ws/install/tide_msgs/include/tide_msgs/tide_msgs/msg/shoot_data.hpp
-- Up-to-date symlink: /home/luis/workshop_ws/install/tide_msgs/include/tide_msgs/tide_msgs/msg/shooter_cmd.hpp
-- Up-to-date symlink: /home/luis/workshop_ws/install/tide_msgs/include/tide_msgs/tide_msgs/msg/shooter_state.hpp
-- Up-to-date symlink: /home/luis/workshop_ws/install/tide_msgs/include/tide_msgs/tide_msgs/msg/target.hpp
-- Up-to-date symlink: /home/luis/workshop_ws/install/tide_msgs/include/tide_msgs/tide_msgs/msg/time_info.hpp
-- Up-to-date symlink: /home/luis/workshop_ws/install/tide_msgs/include/tide_msgs/tide_msgs/msg/tracker_info.hpp
-- Up-to-date symlink: /home/luis/workshop_ws/install/tide_msgs/include/tide_msgs/tide_msgs/msg/detail/armor__rosidl_typesupport_fastrtps_cpp.hpp
-- Up-to-date symlink: /home/luis/workshop_ws/install/tide_msgs/include/tide_msgs/tide_msgs/msg/detail/armors__rosidl_typesupport_fastrtps_cpp.hpp
-- Up-to-date symlink: /home/luis/workshop_ws/install/tide_msgs/include/tide_msgs/tide_msgs/msg/detail/bigyaw_cmd__rosidl_typesupport_fastrtps_cpp.hpp
-- Up-to-date symlink: /home/luis/workshop_ws/install/tide_msgs/include/tide_msgs/tide_msgs/msg/detail/bigyaw_state__rosidl_typesupport_fastrtps_cpp.hpp
-- Up-to-date symlink: /home/luis/workshop_ws/install/tide_msgs/include/tide_msgs/tide_msgs/msg/detail/buff__rosidl_typesupport_fastrtps_cpp.hpp
-- Up-to-date symlink: /home/luis/workshop_ws/install/tide_msgs/include/tide_msgs/tide_msgs/msg/detail/bullet_remaining__rosidl_typesupport_fastrtps_cpp.hpp
-- Up-to-date symlink: /home/luis/workshop_ws/install/tide_msgs/include/tide_msgs/tide_msgs/msg/detail/debug_armor__rosidl_typesupport_fastrtps_cpp.hpp
-- Up-to-date symlink: /home/luis/workshop_ws/install/tide_msgs/include/tide_msgs/tide_msgs/msg/detail/debug_armors__rosidl_typesupport_fastrtps_cpp.hpp
-- Up-to-date symlink: /home/luis/workshop_ws/install/tide_msgs/include/tide_msgs/tide_msgs/msg/detail/debug_light__rosidl_typesupport_fastrtps_cpp.hpp
-- Up-to-date symlink: /home/luis/workshop_ws/install/tide_msgs/include/tide_msgs/tide_msgs/msg/detail/debug_lights__rosidl_typesupport_fastrtps_cpp.hpp
-- Up-to-date symlink: /home/luis/workshop_ws/install/tide_msgs/include/tide_msgs/tide_msgs/msg/detail/event_data__rosidl_typesupport_fastrtps_cpp.hpp
-- Up-to-date symlink: /home/luis/workshop_ws/install/tide_msgs/include/tide_msgs/tide_msgs/msg/detail/fd_frame__rosidl_typesupport_fastrtps_cpp.hpp
-- Up-to-date symlink: /home/luis/workshop_ws/install/tide_msgs/include/tide_msgs/tide_msgs/msg/detail/game_result__rosidl_typesupport_fastrtps_cpp.hpp
-- Up-to-date symlink: /home/luis/workshop_ws/install/tide_msgs/include/tide_msgs/tide_msgs/msg/detail/game_robot_hp__rosidl_typesupport_fastrtps_cpp.hpp
-- Up-to-date symlink: /home/luis/workshop_ws/install/tide_msgs/include/tide_msgs/tide_msgs/msg/detail/game_robot_pos__rosidl_typesupport_fastrtps_cpp.hpp
-- Up-to-date symlink: /home/luis/workshop_ws/install/tide_msgs/include/tide_msgs/tide_msgs/msg/detail/game_robot_status__rosidl_typesupport_fastrtps_cpp.hpp
-- Up-to-date symlink: /home/luis/workshop_ws/install/tide_msgs/include/tide_msgs/tide_msgs/msg/detail/game_status__rosidl_typesupport_fastrtps_cpp.hpp
-- Up-to-date symlink: /home/luis/workshop_ws/install/tide_msgs/include/tide_msgs/tide_msgs/msg/detail/gimbal_cmd__rosidl_typesupport_fastrtps_cpp.hpp
-- Up-to-date symlink: /home/luis/workshop_ws/install/tide_msgs/include/tide_msgs/tide_msgs/msg/detail/gimbal_state__rosidl_typesupport_fastrtps_cpp.hpp
-- Up-to-date symlink: /home/luis/workshop_ws/install/tide_msgs/include/tide_msgs/tide_msgs/msg/detail/ground_robot__rosidl_typesupport_fastrtps_cpp.hpp
-- Up-to-date symlink: /home/luis/workshop_ws/install/tide_msgs/include/tide_msgs/tide_msgs/msg/detail/interact_id__rosidl_typesupport_fastrtps_cpp.hpp
-- Up-to-date symlink: /home/luis/workshop_ws/install/tide_msgs/include/tide_msgs/tide_msgs/msg/detail/power_heat_data__rosidl_typesupport_fastrtps_cpp.hpp
-- Up-to-date symlink: /home/luis/workshop_ws/install/tide_msgs/include/tide_msgs/tide_msgs/msg/detail/referee_data__rosidl_typesupport_fastrtps_cpp.hpp
-- Up-to-date symlink: /home/luis/workshop_ws/install/tide_msgs/include/tide_msgs/tide_msgs/msg/detail/referee_warning__rosidl_typesupport_fastrtps_cpp.hpp
-- Up-to-date symlink: /home/luis/workshop_ws/install/tide_msgs/include/tide_msgs/tide_msgs/msg/detail/rfid_status__rosidl_typesupport_fastrtps_cpp.hpp
-- Up-to-date symlink: /home/luis/workshop_ws/install/tide_msgs/include/tide_msgs/tide_msgs/msg/detail/robot_hurt__rosidl_typesupport_fastrtps_cpp.hpp
-- Up-to-date symlink: /home/luis/workshop_ws/install/tide_msgs/include/tide_msgs/tide_msgs/msg/detail/sentry_info__rosidl_typesupport_fastrtps_cpp.hpp
-- Up-to-date symlink: /home/luis/workshop_ws/install/tide_msgs/include/tide_msgs/tide_msgs/msg/detail/shoot_data__rosidl_typesupport_fastrtps_cpp.hpp
-- Up-to-date symlink: /home/luis/workshop_ws/install/tide_msgs/include/tide_msgs/tide_msgs/msg/detail/shooter_cmd__rosidl_typesupport_fastrtps_cpp.hpp
-- Up-to-date symlink: /home/luis/workshop_ws/install/tide_msgs/include/tide_msgs/tide_msgs/msg/detail/shooter_state__rosidl_typesupport_fastrtps_cpp.hpp
-- Up-to-date symlink: /home/luis/workshop_ws/install/tide_msgs/include/tide_msgs/tide_msgs/msg/detail/target__rosidl_typesupport_fastrtps_cpp.hpp
-- Up-to-date symlink: /home/luis/workshop_ws/install/tide_msgs/include/tide_msgs/tide_msgs/msg/detail/time_info__rosidl_typesupport_fastrtps_cpp.hpp
-- Up-to-date symlink: /home/luis/workshop_ws/install/tide_msgs/include/tide_msgs/tide_msgs/msg/detail/tracker_info__rosidl_typesupport_fastrtps_cpp.hpp
-- Up-to-date symlink: /home/luis/workshop_ws/install/tide_msgs/include/tide_msgs/tide_msgs/msg/rosidl_typesupport_fastrtps_cpp__visibility_control.h
-- Up-to-date symlink: /home/luis/workshop_ws/install/tide_msgs/include/tide_msgs/tide_msgs/msg/detail/armor__rosidl_typesupport_introspection_c.h
-- Up-to-date symlink: /home/luis/workshop_ws/install/tide_msgs/include/tide_msgs/tide_msgs/msg/detail/armors__rosidl_typesupport_introspection_c.h
-- Up-to-date symlink: /home/luis/workshop_ws/install/tide_msgs/include/tide_msgs/tide_msgs/msg/detail/bigyaw_cmd__rosidl_typesupport_introspection_c.h
-- Up-to-date symlink: /home/luis/workshop_ws/install/tide_msgs/include/tide_msgs/tide_msgs/msg/detail/bigyaw_state__rosidl_typesupport_introspection_c.h
-- Up-to-date symlink: /home/luis/workshop_ws/install/tide_msgs/include/tide_msgs/tide_msgs/msg/detail/buff__rosidl_typesupport_introspection_c.h
-- Up-to-date symlink: /home/luis/workshop_ws/install/tide_msgs/include/tide_msgs/tide_msgs/msg/detail/bullet_remaining__rosidl_typesupport_introspection_c.h
-- Up-to-date symlink: /home/luis/workshop_ws/install/tide_msgs/include/tide_msgs/tide_msgs/msg/detail/debug_armor__rosidl_typesupport_introspection_c.h
-- Up-to-date symlink: /home/luis/workshop_ws/install/tide_msgs/include/tide_msgs/tide_msgs/msg/detail/debug_armors__rosidl_typesupport_introspection_c.h
-- Up-to-date symlink: /home/luis/workshop_ws/install/tide_msgs/include/tide_msgs/tide_msgs/msg/detail/debug_light__rosidl_typesupport_introspection_c.h
-- Up-to-date symlink: /home/luis/workshop_ws/install/tide_msgs/include/tide_msgs/tide_msgs/msg/detail/debug_lights__rosidl_typesupport_introspection_c.h
-- Up-to-date symlink: /home/luis/workshop_ws/install/tide_msgs/include/tide_msgs/tide_msgs/msg/detail/event_data__rosidl_typesupport_introspection_c.h
-- Up-to-date symlink: /home/luis/workshop_ws/install/tide_msgs/include/tide_msgs/tide_msgs/msg/detail/fd_frame__rosidl_typesupport_introspection_c.h
-- Up-to-date symlink: /home/luis/workshop_ws/install/tide_msgs/include/tide_msgs/tide_msgs/msg/detail/game_result__rosidl_typesupport_introspection_c.h
-- Up-to-date symlink: /home/luis/workshop_ws/install/tide_msgs/include/tide_msgs/tide_msgs/msg/detail/game_robot_hp__rosidl_typesupport_introspection_c.h
-- Up-to-date symlink: /home/luis/workshop_ws/install/tide_msgs/include/tide_msgs/tide_msgs/msg/detail/game_robot_pos__rosidl_typesupport_introspection_c.h
-- Up-to-date symlink: /home/luis/workshop_ws/install/tide_msgs/include/tide_msgs/tide_msgs/msg/detail/game_robot_status__rosidl_typesupport_introspection_c.h
-- Up-to-date symlink: /home/luis/workshop_ws/install/tide_msgs/include/tide_msgs/tide_msgs/msg/detail/game_status__rosidl_typesupport_introspection_c.h
-- Up-to-date symlink: /home/luis/workshop_ws/install/tide_msgs/include/tide_msgs/tide_msgs/msg/detail/gimbal_cmd__rosidl_typesupport_introspection_c.h
-- Up-to-date symlink: /home/luis/workshop_ws/install/tide_msgs/include/tide_msgs/tide_msgs/msg/detail/gimbal_state__rosidl_typesupport_introspection_c.h
-- Up-to-date symlink: /home/luis/workshop_ws/install/tide_msgs/include/tide_msgs/tide_msgs/msg/detail/ground_robot__rosidl_typesupport_introspection_c.h
-- Up-to-date symlink: /home/luis/workshop_ws/install/tide_msgs/include/tide_msgs/tide_msgs/msg/detail/interact_id__rosidl_typesupport_introspection_c.h
-- Up-to-date symlink: /home/luis/workshop_ws/install/tide_msgs/include/tide_msgs/tide_msgs/msg/detail/power_heat_data__rosidl_typesupport_introspection_c.h
-- Up-to-date symlink: /home/luis/workshop_ws/install/tide_msgs/include/tide_msgs/tide_msgs/msg/detail/referee_data__rosidl_typesupport_introspection_c.h
-- Up-to-date symlink: /home/luis/workshop_ws/install/tide_msgs/include/tide_msgs/tide_msgs/msg/detail/referee_warning__rosidl_typesupport_introspection_c.h
-- Up-to-date symlink: /home/luis/workshop_ws/install/tide_msgs/include/tide_msgs/tide_msgs/msg/detail/rfid_status__rosidl_typesupport_introspection_c.h
-- Up-to-date symlink: /home/luis/workshop_ws/install/tide_msgs/include/tide_msgs/tide_msgs/msg/detail/robot_hurt__rosidl_typesupport_introspection_c.h
-- Up-to-date symlink: /home/luis/workshop_ws/install/tide_msgs/include/tide_msgs/tide_msgs/msg/detail/sentry_info__rosidl_typesupport_introspection_c.h
-- Up-to-date symlink: /home/luis/workshop_ws/install/tide_msgs/include/tide_msgs/tide_msgs/msg/detail/shoot_data__rosidl_typesupport_introspection_c.h
-- Up-to-date symlink: /home/luis/workshop_ws/install/tide_msgs/include/tide_msgs/tide_msgs/msg/detail/shooter_cmd__rosidl_typesupport_introspection_c.h
-- Up-to-date symlink: /home/luis/workshop_ws/install/tide_msgs/include/tide_msgs/tide_msgs/msg/detail/shooter_state__rosidl_typesupport_introspection_c.h
-- Up-to-date symlink: /home/luis/workshop_ws/install/tide_msgs/include/tide_msgs/tide_msgs/msg/detail/target__rosidl_typesupport_introspection_c.h
-- Up-to-date symlink: /home/luis/workshop_ws/install/tide_msgs/include/tide_msgs/tide_msgs/msg/detail/time_info__rosidl_typesupport_introspection_c.h
-- Up-to-date symlink: /home/luis/workshop_ws/install/tide_msgs/include/tide_msgs/tide_msgs/msg/detail/tracker_info__rosidl_typesupport_introspection_c.h
-- Up-to-date symlink: /home/luis/workshop_ws/install/tide_msgs/include/tide_msgs/tide_msgs/msg/rosidl_typesupport_introspection_c__visibility_control.h
-- Up-to-date symlink: /home/luis/workshop_ws/install/tide_msgs/include/tide_msgs/tide_msgs/msg/detail/armor__rosidl_typesupport_introspection_cpp.hpp
-- Up-to-date symlink: /home/luis/workshop_ws/install/tide_msgs/include/tide_msgs/tide_msgs/msg/detail/armors__rosidl_typesupport_introspection_cpp.hpp
-- Up-to-date symlink: /home/luis/workshop_ws/install/tide_msgs/include/tide_msgs/tide_msgs/msg/detail/bigyaw_cmd__rosidl_typesupport_introspection_cpp.hpp
-- Up-to-date symlink: /home/luis/workshop_ws/install/tide_msgs/include/tide_msgs/tide_msgs/msg/detail/bigyaw_state__rosidl_typesupport_introspection_cpp.hpp
-- Up-to-date symlink: /home/luis/workshop_ws/install/tide_msgs/include/tide_msgs/tide_msgs/msg/detail/buff__rosidl_typesupport_introspection_cpp.hpp
-- Up-to-date symlink: /home/luis/workshop_ws/install/tide_msgs/include/tide_msgs/tide_msgs/msg/detail/bullet_remaining__rosidl_typesupport_introspection_cpp.hpp
-- Up-to-date symlink: /home/luis/workshop_ws/install/tide_msgs/include/tide_msgs/tide_msgs/msg/detail/debug_armor__rosidl_typesupport_introspection_cpp.hpp
-- Up-to-date symlink: /home/luis/workshop_ws/install/tide_msgs/include/tide_msgs/tide_msgs/msg/detail/debug_armors__rosidl_typesupport_introspection_cpp.hpp
-- Up-to-date symlink: /home/luis/workshop_ws/install/tide_msgs/include/tide_msgs/tide_msgs/msg/detail/debug_light__rosidl_typesupport_introspection_cpp.hpp
-- Up-to-date symlink: /home/luis/workshop_ws/install/tide_msgs/include/tide_msgs/tide_msgs/msg/detail/debug_lights__rosidl_typesupport_introspection_cpp.hpp
-- Up-to-date symlink: /home/luis/workshop_ws/install/tide_msgs/include/tide_msgs/tide_msgs/msg/detail/event_data__rosidl_typesupport_introspection_cpp.hpp
-- Up-to-date symlink: /home/luis/workshop_ws/install/tide_msgs/include/tide_msgs/tide_msgs/msg/detail/fd_frame__rosidl_typesupport_introspection_cpp.hpp
-- Up-to-date symlink: /home/luis/workshop_ws/install/tide_msgs/include/tide_msgs/tide_msgs/msg/detail/game_result__rosidl_typesupport_introspection_cpp.hpp
-- Up-to-date symlink: /home/luis/workshop_ws/install/tide_msgs/include/tide_msgs/tide_msgs/msg/detail/game_robot_hp__rosidl_typesupport_introspection_cpp.hpp
-- Up-to-date symlink: /home/luis/workshop_ws/install/tide_msgs/include/tide_msgs/tide_msgs/msg/detail/game_robot_pos__rosidl_typesupport_introspection_cpp.hpp
-- Up-to-date symlink: /home/luis/workshop_ws/install/tide_msgs/include/tide_msgs/tide_msgs/msg/detail/game_robot_status__rosidl_typesupport_introspection_cpp.hpp
-- Up-to-date symlink: /home/luis/workshop_ws/install/tide_msgs/include/tide_msgs/tide_msgs/msg/detail/game_status__rosidl_typesupport_introspection_cpp.hpp
-- Up-to-date symlink: /home/luis/workshop_ws/install/tide_msgs/include/tide_msgs/tide_msgs/msg/detail/gimbal_cmd__rosidl_typesupport_introspection_cpp.hpp
-- Up-to-date symlink: /home/luis/workshop_ws/install/tide_msgs/include/tide_msgs/tide_msgs/msg/detail/gimbal_state__rosidl_typesupport_introspection_cpp.hpp
-- Up-to-date symlink: /home/luis/workshop_ws/install/tide_msgs/include/tide_msgs/tide_msgs/msg/detail/ground_robot__rosidl_typesupport_introspection_cpp.hpp
-- Up-to-date symlink: /home/luis/workshop_ws/install/tide_msgs/include/tide_msgs/tide_msgs/msg/detail/interact_id__rosidl_typesupport_introspection_cpp.hpp
-- Up-to-date symlink: /home/luis/workshop_ws/install/tide_msgs/include/tide_msgs/tide_msgs/msg/detail/power_heat_data__rosidl_typesupport_introspection_cpp.hpp
-- Up-to-date symlink: /home/luis/workshop_ws/install/tide_msgs/include/tide_msgs/tide_msgs/msg/detail/referee_data__rosidl_typesupport_introspection_cpp.hpp
-- Up-to-date symlink: /home/luis/workshop_ws/install/tide_msgs/include/tide_msgs/tide_msgs/msg/detail/referee_warning__rosidl_typesupport_introspection_cpp.hpp
-- Up-to-date symlink: /home/luis/workshop_ws/install/tide_msgs/include/tide_msgs/tide_msgs/msg/detail/rfid_status__rosidl_typesupport_introspection_cpp.hpp
-- Up-to-date symlink: /home/luis/workshop_ws/install/tide_msgs/include/tide_msgs/tide_msgs/msg/detail/robot_hurt__rosidl_typesupport_introspection_cpp.hpp
-- Up-to-date symlink: /home/luis/workshop_ws/install/tide_msgs/include/tide_msgs/tide_msgs/msg/detail/sentry_info__rosidl_typesupport_introspection_cpp.hpp
-- Up-to-date symlink: /home/luis/workshop_ws/install/tide_msgs/include/tide_msgs/tide_msgs/msg/detail/shoot_data__rosidl_typesupport_introspection_cpp.hpp
-- Up-to-date symlink: /home/luis/workshop_ws/install/tide_msgs/include/tide_msgs/tide_msgs/msg/detail/shooter_cmd__rosidl_typesupport_introspection_cpp.hpp
-- Up-to-date symlink: /home/luis/workshop_ws/install/tide_msgs/include/tide_msgs/tide_msgs/msg/detail/shooter_state__rosidl_typesupport_introspection_cpp.hpp
-- Up-to-date symlink: /home/luis/workshop_ws/install/tide_msgs/include/tide_msgs/tide_msgs/msg/detail/target__rosidl_typesupport_introspection_cpp.hpp
-- Up-to-date symlink: /home/luis/workshop_ws/install/tide_msgs/include/tide_msgs/tide_msgs/msg/detail/time_info__rosidl_typesupport_introspection_cpp.hpp
-- Up-to-date symlink: /home/luis/workshop_ws/install/tide_msgs/include/tide_msgs/tide_msgs/msg/detail/tracker_info__rosidl_typesupport_introspection_cpp.hpp
-- Up-to-date symlink: /home/luis/workshop_ws/install/tide_msgs/share/tide_msgs/environment/pythonpath.sh
-- Up-to-date symlink: /home/luis/workshop_ws/install/tide_msgs/share/tide_msgs/environment/pythonpath.dsv
-- Up-to-date symlink: /home/luis/workshop_ws/install/tide_msgs/local/lib/python3.10/dist-packages/tide_msgs-0.0.0-py3.10.egg-info/PKG-INFO
-- Up-to-date symlink: /home/luis/workshop_ws/install/tide_msgs/local/lib/python3.10/dist-packages/tide_msgs-0.0.0-py3.10.egg-info/SOURCES.txt
-- Up-to-date symlink: /home/luis/workshop_ws/install/tide_msgs/local/lib/python3.10/dist-packages/tide_msgs-0.0.0-py3.10.egg-info/dependency_links.txt
-- Up-to-date symlink: /home/luis/workshop_ws/install/tide_msgs/local/lib/python3.10/dist-packages/tide_msgs-0.0.0-py3.10.egg-info/top_level.txt
-- Up-to-date symlink: /home/luis/workshop_ws/install/tide_msgs/local/lib/python3.10/dist-packages/tide_msgs/__init__.py
-- Up-to-date symlink: /home/luis/workshop_ws/install/tide_msgs/local/lib/python3.10/dist-packages/tide_msgs/_tide_msgs_s.ep.rosidl_typesupport_c.c
-- Up-to-date symlink: /home/luis/workshop_ws/install/tide_msgs/local/lib/python3.10/dist-packages/tide_msgs/_tide_msgs_s.ep.rosidl_typesupport_fastrtps_c.c
-- Up-to-date symlink: /home/luis/workshop_ws/install/tide_msgs/local/lib/python3.10/dist-packages/tide_msgs/_tide_msgs_s.ep.rosidl_typesupport_introspection_c.c
-- Up-to-date symlink: /home/luis/workshop_ws/install/tide_msgs/local/lib/python3.10/dist-packages/tide_msgs/libtide_msgs__rosidl_generator_py.so
-- Up-to-date symlink: /home/luis/workshop_ws/install/tide_msgs/local/lib/python3.10/dist-packages/tide_msgs/msg/__init__.py
-- Up-to-date symlink: /home/luis/workshop_ws/install/tide_msgs/local/lib/python3.10/dist-packages/tide_msgs/msg/_armor.py
-- Up-to-date symlink: /home/luis/workshop_ws/install/tide_msgs/local/lib/python3.10/dist-packages/tide_msgs/msg/_armor_s.c
-- Up-to-date symlink: /home/luis/workshop_ws/install/tide_msgs/local/lib/python3.10/dist-packages/tide_msgs/msg/_armors.py
-- Up-to-date symlink: /home/luis/workshop_ws/install/tide_msgs/local/lib/python3.10/dist-packages/tide_msgs/msg/_armors_s.c
-- Up-to-date symlink: /home/luis/workshop_ws/install/tide_msgs/local/lib/python3.10/dist-packages/tide_msgs/msg/_bigyaw_cmd.py
-- Up-to-date symlink: /home/luis/workshop_ws/install/tide_msgs/local/lib/python3.10/dist-packages/tide_msgs/msg/_bigyaw_cmd_s.c
-- Up-to-date symlink: /home/luis/workshop_ws/install/tide_msgs/local/lib/python3.10/dist-packages/tide_msgs/msg/_bigyaw_state.py
-- Up-to-date symlink: /home/luis/workshop_ws/install/tide_msgs/local/lib/python3.10/dist-packages/tide_msgs/msg/_bigyaw_state_s.c
-- Up-to-date symlink: /home/luis/workshop_ws/install/tide_msgs/local/lib/python3.10/dist-packages/tide_msgs/msg/_buff.py
-- Up-to-date symlink: /home/luis/workshop_ws/install/tide_msgs/local/lib/python3.10/dist-packages/tide_msgs/msg/_buff_s.c
-- Up-to-date symlink: /home/luis/workshop_ws/install/tide_msgs/local/lib/python3.10/dist-packages/tide_msgs/msg/_bullet_remaining.py
-- Up-to-date symlink: /home/luis/workshop_ws/install/tide_msgs/local/lib/python3.10/dist-packages/tide_msgs/msg/_bullet_remaining_s.c
-- Up-to-date symlink: /home/luis/workshop_ws/install/tide_msgs/local/lib/python3.10/dist-packages/tide_msgs/msg/_debug_armor.py
-- Up-to-date symlink: /home/luis/workshop_ws/install/tide_msgs/local/lib/python3.10/dist-packages/tide_msgs/msg/_debug_armor_s.c
-- Up-to-date symlink: /home/luis/workshop_ws/install/tide_msgs/local/lib/python3.10/dist-packages/tide_msgs/msg/_debug_armors.py
-- Up-to-date symlink: /home/luis/workshop_ws/install/tide_msgs/local/lib/python3.10/dist-packages/tide_msgs/msg/_debug_armors_s.c
-- Up-to-date symlink: /home/luis/workshop_ws/install/tide_msgs/local/lib/python3.10/dist-packages/tide_msgs/msg/_debug_light.py
-- Up-to-date symlink: /home/luis/workshop_ws/install/tide_msgs/local/lib/python3.10/dist-packages/tide_msgs/msg/_debug_light_s.c
-- Up-to-date symlink: /home/luis/workshop_ws/install/tide_msgs/local/lib/python3.10/dist-packages/tide_msgs/msg/_debug_lights.py
-- Up-to-date symlink: /home/luis/workshop_ws/install/tide_msgs/local/lib/python3.10/dist-packages/tide_msgs/msg/_debug_lights_s.c
-- Up-to-date symlink: /home/luis/workshop_ws/install/tide_msgs/local/lib/python3.10/dist-packages/tide_msgs/msg/_event_data.py
-- Up-to-date symlink: /home/luis/workshop_ws/install/tide_msgs/local/lib/python3.10/dist-packages/tide_msgs/msg/_event_data_s.c
-- Up-to-date symlink: /home/luis/workshop_ws/install/tide_msgs/local/lib/python3.10/dist-packages/tide_msgs/msg/_fd_frame.py
-- Up-to-date symlink: /home/luis/workshop_ws/install/tide_msgs/local/lib/python3.10/dist-packages/tide_msgs/msg/_fd_frame_s.c
-- Up-to-date symlink: /home/luis/workshop_ws/install/tide_msgs/local/lib/python3.10/dist-packages/tide_msgs/msg/_game_result.py
-- Up-to-date symlink: /home/luis/workshop_ws/install/tide_msgs/local/lib/python3.10/dist-packages/tide_msgs/msg/_game_result_s.c
-- Up-to-date symlink: /home/luis/workshop_ws/install/tide_msgs/local/lib/python3.10/dist-packages/tide_msgs/msg/_game_robot_hp.py
-- Up-to-date symlink: /home/luis/workshop_ws/install/tide_msgs/local/lib/python3.10/dist-packages/tide_msgs/msg/_game_robot_hp_s.c
-- Up-to-date symlink: /home/luis/workshop_ws/install/tide_msgs/local/lib/python3.10/dist-packages/tide_msgs/msg/_game_robot_pos.py
-- Up-to-date symlink: /home/luis/workshop_ws/install/tide_msgs/local/lib/python3.10/dist-packages/tide_msgs/msg/_game_robot_pos_s.c
-- Up-to-date symlink: /home/luis/workshop_ws/install/tide_msgs/local/lib/python3.10/dist-packages/tide_msgs/msg/_game_robot_status.py
-- Up-to-date symlink: /home/luis/workshop_ws/install/tide_msgs/local/lib/python3.10/dist-packages/tide_msgs/msg/_game_robot_status_s.c
-- Up-to-date symlink: /home/luis/workshop_ws/install/tide_msgs/local/lib/python3.10/dist-packages/tide_msgs/msg/_game_status.py
-- Up-to-date symlink: /home/luis/workshop_ws/install/tide_msgs/local/lib/python3.10/dist-packages/tide_msgs/msg/_game_status_s.c
-- Up-to-date symlink: /home/luis/workshop_ws/install/tide_msgs/local/lib/python3.10/dist-packages/tide_msgs/msg/_gimbal_cmd.py
-- Up-to-date symlink: /home/luis/workshop_ws/install/tide_msgs/local/lib/python3.10/dist-packages/tide_msgs/msg/_gimbal_cmd_s.c
-- Up-to-date symlink: /home/luis/workshop_ws/install/tide_msgs/local/lib/python3.10/dist-packages/tide_msgs/msg/_gimbal_state.py
-- Up-to-date symlink: /home/luis/workshop_ws/install/tide_msgs/local/lib/python3.10/dist-packages/tide_msgs/msg/_gimbal_state_s.c
-- Up-to-date symlink: /home/luis/workshop_ws/install/tide_msgs/local/lib/python3.10/dist-packages/tide_msgs/msg/_ground_robot.py
-- Up-to-date symlink: /home/luis/workshop_ws/install/tide_msgs/local/lib/python3.10/dist-packages/tide_msgs/msg/_ground_robot_s.c
-- Up-to-date symlink: /home/luis/workshop_ws/install/tide_msgs/local/lib/python3.10/dist-packages/tide_msgs/msg/_interact_id.py
-- Up-to-date symlink: /home/luis/workshop_ws/install/tide_msgs/local/lib/python3.10/dist-packages/tide_msgs/msg/_interact_id_s.c
-- Up-to-date symlink: /home/luis/workshop_ws/install/tide_msgs/local/lib/python3.10/dist-packages/tide_msgs/msg/_power_heat_data.py
-- Up-to-date symlink: /home/luis/workshop_ws/install/tide_msgs/local/lib/python3.10/dist-packages/tide_msgs/msg/_power_heat_data_s.c
-- Up-to-date symlink: /home/luis/workshop_ws/install/tide_msgs/local/lib/python3.10/dist-packages/tide_msgs/msg/_referee_data.py
-- Up-to-date symlink: /home/luis/workshop_ws/install/tide_msgs/local/lib/python3.10/dist-packages/tide_msgs/msg/_referee_data_s.c
-- Up-to-date symlink: /home/luis/workshop_ws/install/tide_msgs/local/lib/python3.10/dist-packages/tide_msgs/msg/_referee_warning.py
-- Up-to-date symlink: /home/luis/workshop_ws/install/tide_msgs/local/lib/python3.10/dist-packages/tide_msgs/msg/_referee_warning_s.c
-- Up-to-date symlink: /home/luis/workshop_ws/install/tide_msgs/local/lib/python3.10/dist-packages/tide_msgs/msg/_rfid_status.py
-- Up-to-date symlink: /home/luis/workshop_ws/install/tide_msgs/local/lib/python3.10/dist-packages/tide_msgs/msg/_rfid_status_s.c
-- Up-to-date symlink: /home/luis/workshop_ws/install/tide_msgs/local/lib/python3.10/dist-packages/tide_msgs/msg/_robot_hurt.py
-- Up-to-date symlink: /home/luis/workshop_ws/install/tide_msgs/local/lib/python3.10/dist-packages/tide_msgs/msg/_robot_hurt_s.c
-- Up-to-date symlink: /home/luis/workshop_ws/install/tide_msgs/local/lib/python3.10/dist-packages/tide_msgs/msg/_sentry_info.py
-- Up-to-date symlink: /home/luis/workshop_ws/install/tide_msgs/local/lib/python3.10/dist-packages/tide_msgs/msg/_sentry_info_s.c
-- Up-to-date symlink: /home/luis/workshop_ws/install/tide_msgs/local/lib/python3.10/dist-packages/tide_msgs/msg/_shoot_data.py
-- Up-to-date symlink: /home/luis/workshop_ws/install/tide_msgs/local/lib/python3.10/dist-packages/tide_msgs/msg/_shoot_data_s.c
-- Up-to-date symlink: /home/luis/workshop_ws/install/tide_msgs/local/lib/python3.10/dist-packages/tide_msgs/msg/_shooter_cmd.py
-- Up-to-date symlink: /home/luis/workshop_ws/install/tide_msgs/local/lib/python3.10/dist-packages/tide_msgs/msg/_shooter_cmd_s.c
-- Up-to-date symlink: /home/luis/workshop_ws/install/tide_msgs/local/lib/python3.10/dist-packages/tide_msgs/msg/_shooter_state.py
-- Up-to-date symlink: /home/luis/workshop_ws/install/tide_msgs/local/lib/python3.10/dist-packages/tide_msgs/msg/_shooter_state_s.c
-- Up-to-date symlink: /home/luis/workshop_ws/install/tide_msgs/local/lib/python3.10/dist-packages/tide_msgs/msg/_target.py
-- Up-to-date symlink: /home/luis/workshop_ws/install/tide_msgs/local/lib/python3.10/dist-packages/tide_msgs/msg/_target_s.c
-- Up-to-date symlink: /home/luis/workshop_ws/install/tide_msgs/local/lib/python3.10/dist-packages/tide_msgs/msg/_time_info.py
-- Up-to-date symlink: /home/luis/workshop_ws/install/tide_msgs/local/lib/python3.10/dist-packages/tide_msgs/msg/_time_info_s.c
-- Up-to-date symlink: /home/luis/workshop_ws/install/tide_msgs/local/lib/python3.10/dist-packages/tide_msgs/msg/_tracker_info.py
-- Up-to-date symlink: /home/luis/workshop_ws/install/tide_msgs/local/lib/python3.10/dist-packages/tide_msgs/msg/_tracker_info_s.c
-- Up-to-date symlink: /home/luis/workshop_ws/install/tide_msgs/local/lib/python3.10/dist-packages/tide_msgs/tide_msgs_s__rosidl_typesupport_c.cpython-310-x86_64-linux-gnu.so
-- Up-to-date symlink: /home/luis/workshop_ws/install/tide_msgs/local/lib/python3.10/dist-packages/tide_msgs/tide_msgs_s__rosidl_typesupport_fastrtps_c.cpython-310-x86_64-linux-gnu.so
-- Up-to-date symlink: /home/luis/workshop_ws/install/tide_msgs/local/lib/python3.10/dist-packages/tide_msgs/tide_msgs_s__rosidl_typesupport_introspection_c.cpython-310-x86_64-linux-gnu.so
-- Up-to-date symlink: /home/luis/workshop_ws/install/tide_msgs/local/lib/python3.10/dist-packages/tide_msgs/tide_msgs_s__rosidl_typesupport_fastrtps_c.cpython-310-x86_64-linux-gnu.so
-- Up-to-date symlink: /home/luis/workshop_ws/install/tide_msgs/local/lib/python3.10/dist-packages/tide_msgs/tide_msgs_s__rosidl_typesupport_introspection_c.cpython-310-x86_64-linux-gnu.so
-- Up-to-date symlink: /home/luis/workshop_ws/install/tide_msgs/local/lib/python3.10/dist-packages/tide_msgs/tide_msgs_s__rosidl_typesupport_c.cpython-310-x86_64-linux-gnu.so
-- Up-to-date symlink: /home/luis/workshop_ws/install/tide_msgs/share/tide_msgs/msg/GimbalState.idl
-- Up-to-date symlink: /home/luis/workshop_ws/install/tide_msgs/share/tide_msgs/msg/GimbalCmd.idl
-- Up-to-date symlink: /home/luis/workshop_ws/install/tide_msgs/share/tide_msgs/msg/ShooterState.idl
-- Up-to-date symlink: /home/luis/workshop_ws/install/tide_msgs/share/tide_msgs/msg/ShooterCmd.idl
-- Up-to-date symlink: /home/luis/workshop_ws/install/tide_msgs/share/tide_msgs/msg/BigyawState.idl
-- Up-to-date symlink: /home/luis/workshop_ws/install/tide_msgs/share/tide_msgs/msg/BigyawCmd.idl
-- Up-to-date symlink: /home/luis/workshop_ws/install/tide_msgs/share/tide_msgs/msg/FdFrame.idl
-- Up-to-date symlink: /home/luis/workshop_ws/install/tide_msgs/share/tide_msgs/msg/Armor.idl
-- Up-to-date symlink: /home/luis/workshop_ws/install/tide_msgs/share/tide_msgs/msg/Armors.idl
-- Up-to-date symlink: /home/luis/workshop_ws/install/tide_msgs/share/tide_msgs/msg/DebugArmor.idl
-- Up-to-date symlink: /home/luis/workshop_ws/install/tide_msgs/share/tide_msgs/msg/DebugArmors.idl
-- Up-to-date symlink: /home/luis/workshop_ws/install/tide_msgs/share/tide_msgs/msg/DebugLight.idl
-- Up-to-date symlink: /home/luis/workshop_ws/install/tide_msgs/share/tide_msgs/msg/DebugLights.idl
-- Up-to-date symlink: /home/luis/workshop_ws/install/tide_msgs/share/tide_msgs/msg/Target.idl
-- Up-to-date symlink: /home/luis/workshop_ws/install/tide_msgs/share/tide_msgs/msg/TimeInfo.idl
-- Up-to-date symlink: /home/luis/workshop_ws/install/tide_msgs/share/tide_msgs/msg/TrackerInfo.idl
-- Up-to-date symlink: /home/luis/workshop_ws/install/tide_msgs/share/tide_msgs/msg/Buff.idl
-- Up-to-date symlink: /home/luis/workshop_ws/install/tide_msgs/share/tide_msgs/msg/BulletRemaining.idl
-- Up-to-date symlink: /home/luis/workshop_ws/install/tide_msgs/share/tide_msgs/msg/EventData.idl
-- Up-to-date symlink: /home/luis/workshop_ws/install/tide_msgs/share/tide_msgs/msg/GameResult.idl
-- Up-to-date symlink: /home/luis/workshop_ws/install/tide_msgs/share/tide_msgs/msg/GameRobotHP.idl
-- Up-to-date symlink: /home/luis/workshop_ws/install/tide_msgs/share/tide_msgs/msg/GameRobotPos.idl
-- Up-to-date symlink: /home/luis/workshop_ws/install/tide_msgs/share/tide_msgs/msg/GameRobotStatus.idl
-- Up-to-date symlink: /home/luis/workshop_ws/install/tide_msgs/share/tide_msgs/msg/GameStatus.idl
-- Up-to-date symlink: /home/luis/workshop_ws/install/tide_msgs/share/tide_msgs/msg/GroundRobot.idl
-- Up-to-date symlink: /home/luis/workshop_ws/install/tide_msgs/share/tide_msgs/msg/InteractID.idl
-- Up-to-date symlink: /home/luis/workshop_ws/install/tide_msgs/share/tide_msgs/msg/PowerHeatData.idl
-- Up-to-date symlink: /home/luis/workshop_ws/install/tide_msgs/share/tide_msgs/msg/RefereeData.idl
-- Up-to-date symlink: /home/luis/workshop_ws/install/tide_msgs/share/tide_msgs/msg/RefereeWarning.idl
-- Up-to-date symlink: /home/luis/workshop_ws/install/tide_msgs/share/tide_msgs/msg/RFIDStatus.idl
-- Up-to-date symlink: /home/luis/workshop_ws/install/tide_msgs/share/tide_msgs/msg/RobotHurt.idl
-- Up-to-date symlink: /home/luis/workshop_ws/install/tide_msgs/share/tide_msgs/msg/SentryInfo.idl
-- Up-to-date symlink: /home/luis/workshop_ws/install/tide_msgs/share/tide_msgs/msg/ShootData.idl
-- Up-to-date symlink: /home/luis/workshop_ws/install/tide_msgs/share/tide_msgs/msg/GimbalState.msg
-- Up-to-date symlink: /home/luis/workshop_ws/install/tide_msgs/share/tide_msgs/msg/GimbalCmd.msg
-- Up-to-date symlink: /home/luis/workshop_ws/install/tide_msgs/share/tide_msgs/msg/ShooterState.msg
-- Up-to-date symlink: /home/luis/workshop_ws/install/tide_msgs/share/tide_msgs/msg/ShooterCmd.msg
-- Up-to-date symlink: /home/luis/workshop_ws/install/tide_msgs/share/tide_msgs/msg/BigyawState.msg
-- Up-to-date symlink: /home/luis/workshop_ws/install/tide_msgs/share/tide_msgs/msg/BigyawCmd.msg
-- Up-to-date symlink: /home/luis/workshop_ws/install/tide_msgs/share/tide_msgs/msg/FdFrame.msg
-- Up-to-date symlink: /home/luis/workshop_ws/install/tide_msgs/share/tide_msgs/vision/Armor.msg
-- Up-to-date symlink: /home/luis/workshop_ws/install/tide_msgs/share/tide_msgs/vision/Armors.msg
-- Up-to-date symlink: /home/luis/workshop_ws/install/tide_msgs/share/tide_msgs/vision/DebugArmor.msg
-- Up-to-date symlink: /home/luis/workshop_ws/install/tide_msgs/share/tide_msgs/vision/DebugArmors.msg
-- Up-to-date symlink: /home/luis/workshop_ws/install/tide_msgs/share/tide_msgs/vision/DebugLight.msg
-- Up-to-date symlink: /home/luis/workshop_ws/install/tide_msgs/share/tide_msgs/vision/DebugLights.msg
-- Up-to-date symlink: /home/luis/workshop_ws/install/tide_msgs/share/tide_msgs/vision/Target.msg
-- Up-to-date symlink: /home/luis/workshop_ws/install/tide_msgs/share/tide_msgs/vision/TimeInfo.msg
-- Up-to-date symlink: /home/luis/workshop_ws/install/tide_msgs/share/tide_msgs/vision/TrackerInfo.msg
-- Up-to-date symlink: /home/luis/workshop_ws/install/tide_msgs/share/tide_msgs/referee/Buff.msg
-- Up-to-date symlink: /home/luis/workshop_ws/install/tide_msgs/share/tide_msgs/referee/BulletRemaining.msg
-- Up-to-date symlink: /home/luis/workshop_ws/install/tide_msgs/share/tide_msgs/referee/EventData.msg
-- Up-to-date symlink: /home/luis/workshop_ws/install/tide_msgs/share/tide_msgs/referee/GameResult.msg
-- Up-to-date symlink: /home/luis/workshop_ws/install/tide_msgs/share/tide_msgs/referee/GameRobotHP.msg
-- Up-to-date symlink: /home/luis/workshop_ws/install/tide_msgs/share/tide_msgs/referee/GameRobotPos.msg
-- Up-to-date symlink: /home/luis/workshop_ws/install/tide_msgs/share/tide_msgs/referee/GameRobotStatus.msg
-- Up-to-date symlink: /home/luis/workshop_ws/install/tide_msgs/share/tide_msgs/referee/GameStatus.msg
-- Up-to-date symlink: /home/luis/workshop_ws/install/tide_msgs/share/tide_msgs/referee/GroundRobot.msg
-- Up-to-date symlink: /home/luis/workshop_ws/install/tide_msgs/share/tide_msgs/referee/InteractID.msg
-- Up-to-date symlink: /home/luis/workshop_ws/install/tide_msgs/share/tide_msgs/referee/PowerHeatData.msg
-- Up-to-date symlink: /home/luis/workshop_ws/install/tide_msgs/share/tide_msgs/referee/RefereeData.msg
-- Up-to-date symlink: /home/luis/workshop_ws/install/tide_msgs/share/tide_msgs/referee/RefereeWarning.msg
-- Up-to-date symlink: /home/luis/workshop_ws/install/tide_msgs/share/tide_msgs/referee/RFIDStatus.msg
-- Up-to-date symlink: /home/luis/workshop_ws/install/tide_msgs/share/tide_msgs/referee/RobotHurt.msg
-- Up-to-date symlink: /home/luis/workshop_ws/install/tide_msgs/share/tide_msgs/referee/SentryInfo.msg
-- Up-to-date symlink: /home/luis/workshop_ws/install/tide_msgs/share/tide_msgs/referee/ShootData.msg
-- Up-to-date symlink: /home/luis/workshop_ws/install/tide_msgs/share/ament_index/resource_index/package_run_dependencies/tide_msgs
-- Up-to-date symlink: /home/luis/workshop_ws/install/tide_msgs/share/ament_index/resource_index/parent_prefix_path/tide_msgs
-- Up-to-date symlink: /home/luis/workshop_ws/install/tide_msgs/share/tide_msgs/environment/ament_prefix_path.sh
-- Up-to-date symlink: /home/luis/workshop_ws/install/tide_msgs/share/tide_msgs/environment/ament_prefix_path.dsv
-- Up-to-date symlink: /home/luis/workshop_ws/install/tide_msgs/share/tide_msgs/environment/path.sh
-- Up-to-date symlink: /home/luis/workshop_ws/install/tide_msgs/share/tide_msgs/environment/path.dsv
-- Up-to-date symlink: /home/luis/workshop_ws/install/tide_msgs/share/tide_msgs/local_setup.bash
-- Up-to-date symlink: /home/luis/workshop_ws/install/tide_msgs/share/tide_msgs/local_setup.sh
-- Up-to-date symlink: /home/luis/workshop_ws/install/tide_msgs/share/tide_msgs/local_setup.zsh
-- Up-to-date symlink: /home/luis/workshop_ws/install/tide_msgs/share/tide_msgs/local_setup.dsv
-- Symlinking: /home/luis/workshop_ws/install/tide_msgs/share/tide_msgs/package.dsv
-- Up-to-date symlink: /home/luis/workshop_ws/install/tide_msgs/share/ament_index/resource_index/packages/tide_msgs
-- Up-to-date symlink: /home/luis/workshop_ws/install/tide_msgs/share/tide_msgs/cmake/rosidl_cmake-extras.cmake
-- Up-to-date symlink: /home/luis/workshop_ws/install/tide_msgs/share/tide_msgs/cmake/ament_cmake_export_dependencies-extras.cmake
-- Up-to-date symlink: /home/luis/workshop_ws/install/tide_msgs/share/tide_msgs/cmake/ament_cmake_export_include_directories-extras.cmake
-- Up-to-date symlink: /home/luis/workshop_ws/install/tide_msgs/share/tide_msgs/cmake/ament_cmake_export_libraries-extras.cmake
-- Up-to-date symlink: /home/luis/workshop_ws/install/tide_msgs/share/tide_msgs/cmake/ament_cmake_export_targets-extras.cmake
-- Up-to-date symlink: /home/luis/workshop_ws/install/tide_msgs/share/tide_msgs/cmake/rosidl_cmake_export_typesupport_targets-extras.cmake
-- Up-to-date symlink: /home/luis/workshop_ws/install/tide_msgs/share/tide_msgs/cmake/rosidl_cmake_export_typesupport_libraries-extras.cmake
-- Up-to-date symlink: /home/luis/workshop_ws/install/tide_msgs/share/tide_msgs/cmake/tide_msgsConfig.cmake
-- Up-to-date symlink: /home/luis/workshop_ws/install/tide_msgs/share/tide_msgs/cmake/tide_msgsConfig-version.cmake
-- Up-to-date symlink: /home/luis/workshop_ws/install/tide_msgs/share/tide_msgs/package.xml
-- Up-to-date: /home/luis/workshop_ws/install/tide_msgs/lib/libtide_msgs__rosidl_generator_c.so
-- Up-to-date: /home/luis/workshop_ws/install/tide_msgs/lib/libtide_msgs__rosidl_typesupport_fastrtps_c.so
-- Up-to-date: /home/luis/workshop_ws/install/tide_msgs/lib/libtide_msgs__rosidl_typesupport_fastrtps_cpp.so
-- Up-to-date: /home/luis/workshop_ws/install/tide_msgs/lib/libtide_msgs__rosidl_typesupport_introspection_c.so
-- Up-to-date: /home/luis/workshop_ws/install/tide_msgs/lib/libtide_msgs__rosidl_typesupport_c.so
-- Up-to-date: /home/luis/workshop_ws/install/tide_msgs/lib/libtide_msgs__rosidl_typesupport_introspection_cpp.so
-- Up-to-date: /home/luis/workshop_ws/install/tide_msgs/lib/libtide_msgs__rosidl_typesupport_cpp.so
Listing '/home/luis/workshop_ws/install/tide_msgs/local/lib/python3.10/dist-packages/tide_msgs'...
Compiling '/home/luis/workshop_ws/install/tide_msgs/local/lib/python3.10/dist-packages/tide_msgs/__init__.py'...
Listing '/home/luis/workshop_ws/install/tide_msgs/local/lib/python3.10/dist-packages/tide_msgs/msg'...
-- Up-to-date: /home/luis/workshop_ws/install/tide_msgs/lib/libtide_msgs__rosidl_generator_py.so
-- Up-to-date: /home/luis/workshop_ws/install/tide_msgs/share/tide_msgs/cmake/export_tide_msgs__rosidl_generator_cExport.cmake
-- Up-to-date: /home/luis/workshop_ws/install/tide_msgs/share/tide_msgs/cmake/export_tide_msgs__rosidl_generator_cExport-noconfig.cmake
-- Up-to-date: /home/luis/workshop_ws/install/tide_msgs/share/tide_msgs/cmake/export_tide_msgs__rosidl_typesupport_fastrtps_cExport.cmake
-- Up-to-date: /home/luis/workshop_ws/install/tide_msgs/share/tide_msgs/cmake/export_tide_msgs__rosidl_typesupport_fastrtps_cExport-noconfig.cmake
-- Up-to-date: /home/luis/workshop_ws/install/tide_msgs/share/tide_msgs/cmake/export_tide_msgs__rosidl_generator_cppExport.cmake
-- Up-to-date: /home/luis/workshop_ws/install/tide_msgs/share/tide_msgs/cmake/export_tide_msgs__rosidl_typesupport_fastrtps_cppExport.cmake
-- Up-to-date: /home/luis/workshop_ws/install/tide_msgs/share/tide_msgs/cmake/export_tide_msgs__rosidl_typesupport_fastrtps_cppExport-noconfig.cmake
-- Up-to-date: /home/luis/workshop_ws/install/tide_msgs/share/tide_msgs/cmake/tide_msgs__rosidl_typesupport_introspection_cExport.cmake
-- Up-to-date: /home/luis/workshop_ws/install/tide_msgs/share/tide_msgs/cmake/tide_msgs__rosidl_typesupport_introspection_cExport-noconfig.cmake
-- Up-to-date: /home/luis/workshop_ws/install/tide_msgs/share/tide_msgs/cmake/tide_msgs__rosidl_typesupport_cExport.cmake
-- Up-to-date: /home/luis/workshop_ws/install/tide_msgs/share/tide_msgs/cmake/tide_msgs__rosidl_typesupport_cExport-noconfig.cmake
-- Up-to-date: /home/luis/workshop_ws/install/tide_msgs/share/tide_msgs/cmake/tide_msgs__rosidl_typesupport_introspection_cppExport.cmake
-- Up-to-date: /home/luis/workshop_ws/install/tide_msgs/share/tide_msgs/cmake/tide_msgs__rosidl_typesupport_introspection_cppExport-noconfig.cmake
-- Up-to-date: /home/luis/workshop_ws/install/tide_msgs/share/tide_msgs/cmake/tide_msgs__rosidl_typesupport_cppExport.cmake
-- Up-to-date: /home/luis/workshop_ws/install/tide_msgs/share/tide_msgs/cmake/tide_msgs__rosidl_typesupport_cppExport-noconfig.cmake
-- Up-to-date: /home/luis/workshop_ws/install/tide_msgs/share/tide_msgs/cmake/export_tide_msgs__rosidl_generator_pyExport.cmake
-- Up-to-date: /home/luis/workshop_ws/install/tide_msgs/share/tide_msgs/cmake/export_tide_msgs__rosidl_generator_pyExport-noconfig.cmake
