[0.067s] Invoking command in '/home/luis/workshop_ws/build/tide_msgs': CMAKE_PREFIX_PATH=${CMAKE_PREFIX_PATH}:/opt/ros/humble /usr/bin/cmake /home/luis/workshop_ws/src/tide_msgs -DAMENT_CMAKE_SYMLINK_INSTALL=1 -DCMAKE_INSTALL_PREFIX=/home/luis/workshop_ws/install/tide_msgs
[0.102s] -- Found ament_cmake_auto: 1.3.11 (/opt/ros/humble/share/ament_cmake_auto/cmake)
[0.414s] -- Override CMake install command with custom implementation using symlinks instead of copying resources
[0.424s] -- Found geometry_msgs: 4.9.0 (/opt/ros/humble/share/geometry_msgs/cmake)
[0.468s] -- Found rosidl_generator_c: 3.1.6 (/opt/ros/humble/share/rosidl_generator_c/cmake)
[0.473s] -- Found rosidl_adapter: 3.1.6 (/opt/ros/humble/share/rosidl_adapter/cmake)
[0.482s] -- Found rosidl_generator_cpp: 3.1.6 (/opt/ros/humble/share/rosidl_generator_cpp/cmake)
[0.498s] -- Using all available rosidl_typesupport_c: rosidl_typesupport_fastrtps_c;rosidl_typesupport_introspection_c
[0.521s] -- Using all available rosidl_typesupport_cpp: rosidl_typesupport_fastrtps_cpp;rosidl_typesupport_introspection_cpp
[1.314s] -- Found ament_cmake_cppcheck: 0.12.12 (/opt/ros/humble/share/ament_cmake_cppcheck/cmake)
[1.315s] -- Found ament_cmake_cpplint: 0.12.12 (/opt/ros/humble/share/ament_cmake_cpplint/cmake)
[1.317s] -- Found ament_cmake_uncrustify: 0.12.12 (/opt/ros/humble/share/ament_cmake_uncrustify/cmake)
[1.320s] -- Found ament_cmake_ros: 0.10.0 (/opt/ros/humble/share/ament_cmake_ros/cmake)
[2.053s] -- Using all available rosidl_typesupport_c: rosidl_typesupport_fastrtps_c;rosidl_typesupport_introspection_c
[2.361s] -- Using all available rosidl_typesupport_cpp: rosidl_typesupport_fastrtps_cpp;rosidl_typesupport_introspection_cpp
[2.398s] -- Found python_cmake_module: 0.10.0 (/opt/ros/humble/share/python_cmake_module/cmake)
[2.436s] -- Using PYTHON_EXECUTABLE: /usr/bin/python3
[2.436s] -- Using PYTHON_INCLUDE_DIRS: /usr/include/python3.10
[2.437s] -- Using PYTHON_LIBRARIES: /usr/lib/x86_64-linux-gnu/libpython3.10.so
[2.526s] -- Found ament_cmake_flake8: 0.12.12 (/opt/ros/humble/share/ament_cmake_flake8/cmake)
[2.527s] -- Found ament_cmake_pep257: 0.12.12 (/opt/ros/humble/share/ament_cmake_pep257/cmake)
[2.539s] -- Found ament_lint_auto: 0.12.12 (/opt/ros/humble/share/ament_lint_auto/cmake)
[2.561s] -- Added test 'copyright' to check source files copyright and LICENSE
[2.562s] -- Added test 'lint_cmake' to check CMake code style
[2.562s] -- Added test 'xmllint' to check XML markup files
[2.567s] -- Configuring done
[2.699s] -- Generating done
[2.724s] -- Build files have been written to: /home/luis/workshop_ws/build/tide_msgs
[2.738s] Invoked command in '/home/luis/workshop_ws/build/tide_msgs' returned '0': CMAKE_PREFIX_PATH=${CMAKE_PREFIX_PATH}:/opt/ros/humble /usr/bin/cmake /home/luis/workshop_ws/src/tide_msgs -DAMENT_CMAKE_SYMLINK_INSTALL=1 -DCMAKE_INSTALL_PREFIX=/home/luis/workshop_ws/install/tide_msgs
[2.741s] Invoking command in '/home/luis/workshop_ws/build/tide_msgs': CMAKE_PREFIX_PATH=${CMAKE_PREFIX_PATH}:/opt/ros/humble /usr/bin/cmake --build /home/luis/workshop_ws/build/tide_msgs -- -j12 -l12
[2.871s] [35m[1mConsolidate compiler generated dependencies of target tide_msgs__rosidl_generator_c[0m
[2.883s] [  0%] Built target tide_msgs__cpp
[2.894s] [  0%] Built target ament_cmake_python_symlink_tide_msgs
[2.909s] [ 12%] Built target tide_msgs__rosidl_generator_c
[2.915s] [35m[1mConsolidate compiler generated dependencies of target tide_msgs__rosidl_typesupport_cpp[0m
[2.917s] [35m[1mConsolidate compiler generated dependencies of target tide_msgs__rosidl_typesupport_fastrtps_cpp[0m
[2.924s] [35m[1mConsolidate compiler generated dependencies of target tide_msgs__rosidl_typesupport_introspection_cpp[0m
[2.938s] [35m[1mConsolidate compiler generated dependencies of target tide_msgs__rosidl_typesupport_c[0m
[2.944s] [35m[1mConsolidate compiler generated dependencies of target tide_msgs__rosidl_typesupport_introspection_c[0m
[2.955s] [35m[1mConsolidate compiler generated dependencies of target tide_msgs__rosidl_typesupport_fastrtps_c[0m
[2.970s] [ 24%] Built target tide_msgs__rosidl_typesupport_c
[2.972s] [ 36%] Built target tide_msgs__rosidl_typesupport_cpp
[2.980s] [ 48%] Built target tide_msgs__rosidl_typesupport_fastrtps_cpp
[2.983s] [ 61%] Built target tide_msgs__rosidl_typesupport_introspection_cpp
[2.991s] [ 74%] Built target tide_msgs__rosidl_typesupport_introspection_c
[3.025s] [ 87%] Built target tide_msgs__rosidl_typesupport_fastrtps_c
[3.072s] [ 87%] Built target tide_msgs
[3.118s] [ 87%] Built target tide_msgs__py
[3.151s] [35m[1mConsolidate compiler generated dependencies of target tide_msgs__rosidl_generator_py[0m
[3.216s] [ 99%] Built target tide_msgs__rosidl_generator_py
[3.240s] [35m[1mConsolidate compiler generated dependencies of target tide_msgs__rosidl_typesupport_c__pyext[0m
[3.241s] [35m[1mConsolidate compiler generated dependencies of target tide_msgs__rosidl_typesupport_introspection_c__pyext[0m
[3.247s] [35m[1mConsolidate compiler generated dependencies of target tide_msgs__rosidl_typesupport_fastrtps_c__pyext[0m
[3.269s] [100%] Built target tide_msgs__rosidl_typesupport_c__pyext
[3.272s] running egg_info
[3.273s] writing tide_msgs.egg-info/PKG-INFO
[3.273s] writing dependency_links to tide_msgs.egg-info/dependency_links.txt
[3.273s] writing top-level names to tide_msgs.egg-info/top_level.txt
[3.277s] [100%] Built target tide_msgs__rosidl_typesupport_introspection_c__pyext
[3.277s] reading manifest file 'tide_msgs.egg-info/SOURCES.txt'
[3.279s] writing manifest file 'tide_msgs.egg-info/SOURCES.txt'
[3.282s] [100%] Built target tide_msgs__rosidl_typesupport_fastrtps_c__pyext
[3.325s] [100%] Built target ament_cmake_python_build_tide_msgs_egg
[3.357s] Invoked command in '/home/luis/workshop_ws/build/tide_msgs' returned '0': CMAKE_PREFIX_PATH=${CMAKE_PREFIX_PATH}:/opt/ros/humble /usr/bin/cmake --build /home/luis/workshop_ws/build/tide_msgs -- -j12 -l12
[3.359s] Invoking command in '/home/luis/workshop_ws/build/tide_msgs': CMAKE_PREFIX_PATH=${CMAKE_PREFIX_PATH}:/opt/ros/humble /usr/bin/cmake --install /home/luis/workshop_ws/build/tide_msgs
[3.375s] -- Install configuration: ""
[3.376s] -- Execute custom install script
[3.377s] -- Up-to-date symlink: /home/luis/workshop_ws/install/tide_msgs/share/ament_index/resource_index/rosidl_interfaces/tide_msgs
[3.379s] -- Up-to-date symlink: /home/luis/workshop_ws/install/tide_msgs/include/tide_msgs/tide_msgs/msg/armor.h
[3.380s] -- Up-to-date symlink: /home/luis/workshop_ws/install/tide_msgs/include/tide_msgs/tide_msgs/msg/armors.h
[3.380s] -- Up-to-date symlink: /home/luis/workshop_ws/install/tide_msgs/include/tide_msgs/tide_msgs/msg/bigyaw_cmd.h
[3.380s] -- Up-to-date symlink: /home/luis/workshop_ws/install/tide_msgs/include/tide_msgs/tide_msgs/msg/bigyaw_state.h
[3.381s] -- Up-to-date symlink: /home/luis/workshop_ws/install/tide_msgs/include/tide_msgs/tide_msgs/msg/buff.h
[3.381s] -- Up-to-date symlink: /home/luis/workshop_ws/install/tide_msgs/include/tide_msgs/tide_msgs/msg/bullet_remaining.h
[3.381s] -- Up-to-date symlink: /home/luis/workshop_ws/install/tide_msgs/include/tide_msgs/tide_msgs/msg/debug_armor.h
[3.381s] -- Up-to-date symlink: /home/luis/workshop_ws/install/tide_msgs/include/tide_msgs/tide_msgs/msg/debug_armors.h
[3.381s] -- Up-to-date symlink: /home/luis/workshop_ws/install/tide_msgs/include/tide_msgs/tide_msgs/msg/debug_light.h
[3.381s] -- Up-to-date symlink: /home/luis/workshop_ws/install/tide_msgs/include/tide_msgs/tide_msgs/msg/debug_lights.h
[3.382s] -- Up-to-date symlink: /home/luis/workshop_ws/install/tide_msgs/include/tide_msgs/tide_msgs/msg/detail/armor__functions.h
[3.382s] -- Up-to-date symlink: /home/luis/workshop_ws/install/tide_msgs/include/tide_msgs/tide_msgs/msg/detail/armor__struct.h
[3.382s] -- Up-to-date symlink: /home/luis/workshop_ws/install/tide_msgs/include/tide_msgs/tide_msgs/msg/detail/armor__type_support.h
[3.382s] -- Up-to-date symlink: /home/luis/workshop_ws/install/tide_msgs/include/tide_msgs/tide_msgs/msg/detail/armors__functions.h
[3.382s] -- Up-to-date symlink: /home/luis/workshop_ws/install/tide_msgs/include/tide_msgs/tide_msgs/msg/detail/armors__struct.h
[3.382s] -- Up-to-date symlink: /home/luis/workshop_ws/install/tide_msgs/include/tide_msgs/tide_msgs/msg/detail/armors__type_support.h
[3.383s] -- Up-to-date symlink: /home/luis/workshop_ws/install/tide_msgs/include/tide_msgs/tide_msgs/msg/detail/bigyaw_cmd__functions.h
[3.383s] -- Up-to-date symlink: /home/luis/workshop_ws/install/tide_msgs/include/tide_msgs/tide_msgs/msg/detail/bigyaw_cmd__struct.h
[3.383s] -- Up-to-date symlink: /home/luis/workshop_ws/install/tide_msgs/include/tide_msgs/tide_msgs/msg/detail/bigyaw_cmd__type_support.h
[3.383s] -- Up-to-date symlink: /home/luis/workshop_ws/install/tide_msgs/include/tide_msgs/tide_msgs/msg/detail/bigyaw_state__functions.h
[3.383s] -- Up-to-date symlink: /home/luis/workshop_ws/install/tide_msgs/include/tide_msgs/tide_msgs/msg/detail/bigyaw_state__struct.h
[3.384s] -- Up-to-date symlink: /home/luis/workshop_ws/install/tide_msgs/include/tide_msgs/tide_msgs/msg/detail/bigyaw_state__type_support.h
[3.384s] -- Up-to-date symlink: /home/luis/workshop_ws/install/tide_msgs/include/tide_msgs/tide_msgs/msg/detail/buff__functions.h
[3.384s] -- Up-to-date symlink: /home/luis/workshop_ws/install/tide_msgs/include/tide_msgs/tide_msgs/msg/detail/buff__struct.h
[3.384s] -- Up-to-date symlink: /home/luis/workshop_ws/install/tide_msgs/include/tide_msgs/tide_msgs/msg/detail/buff__type_support.h
[3.384s] -- Up-to-date symlink: /home/luis/workshop_ws/install/tide_msgs/include/tide_msgs/tide_msgs/msg/detail/bullet_remaining__functions.h
[3.385s] -- Up-to-date symlink: /home/luis/workshop_ws/install/tide_msgs/include/tide_msgs/tide_msgs/msg/detail/bullet_remaining__struct.h
[3.385s] -- Up-to-date symlink: /home/luis/workshop_ws/install/tide_msgs/include/tide_msgs/tide_msgs/msg/detail/bullet_remaining__type_support.h
[3.385s] -- Up-to-date symlink: /home/luis/workshop_ws/install/tide_msgs/include/tide_msgs/tide_msgs/msg/detail/debug_armor__functions.h
[3.385s] -- Up-to-date symlink: /home/luis/workshop_ws/install/tide_msgs/include/tide_msgs/tide_msgs/msg/detail/debug_armor__struct.h
[3.385s] -- Up-to-date symlink: /home/luis/workshop_ws/install/tide_msgs/include/tide_msgs/tide_msgs/msg/detail/debug_armor__type_support.h
[3.385s] -- Up-to-date symlink: /home/luis/workshop_ws/install/tide_msgs/include/tide_msgs/tide_msgs/msg/detail/debug_armors__functions.h
[3.386s] -- Up-to-date symlink: /home/luis/workshop_ws/install/tide_msgs/include/tide_msgs/tide_msgs/msg/detail/debug_armors__struct.h
[3.386s] -- Up-to-date symlink: /home/luis/workshop_ws/install/tide_msgs/include/tide_msgs/tide_msgs/msg/detail/debug_armors__type_support.h
[3.386s] -- Up-to-date symlink: /home/luis/workshop_ws/install/tide_msgs/include/tide_msgs/tide_msgs/msg/detail/debug_light__functions.h
[3.386s] -- Up-to-date symlink: /home/luis/workshop_ws/install/tide_msgs/include/tide_msgs/tide_msgs/msg/detail/debug_light__struct.h
[3.386s] -- Up-to-date symlink: /home/luis/workshop_ws/install/tide_msgs/include/tide_msgs/tide_msgs/msg/detail/debug_light__type_support.h
[3.387s] -- Up-to-date symlink: /home/luis/workshop_ws/install/tide_msgs/include/tide_msgs/tide_msgs/msg/detail/debug_lights__functions.h
[3.387s] -- Up-to-date symlink: /home/luis/workshop_ws/install/tide_msgs/include/tide_msgs/tide_msgs/msg/detail/debug_lights__struct.h
[3.387s] -- Up-to-date symlink: /home/luis/workshop_ws/install/tide_msgs/include/tide_msgs/tide_msgs/msg/detail/debug_lights__type_support.h
[3.387s] -- Up-to-date symlink: /home/luis/workshop_ws/install/tide_msgs/include/tide_msgs/tide_msgs/msg/detail/event_data__functions.h
[3.387s] -- Up-to-date symlink: /home/luis/workshop_ws/install/tide_msgs/include/tide_msgs/tide_msgs/msg/detail/event_data__struct.h
[3.388s] -- Up-to-date symlink: /home/luis/workshop_ws/install/tide_msgs/include/tide_msgs/tide_msgs/msg/detail/event_data__type_support.h
[3.388s] -- Up-to-date symlink: /home/luis/workshop_ws/install/tide_msgs/include/tide_msgs/tide_msgs/msg/detail/fd_frame__functions.h
[3.388s] -- Up-to-date symlink: /home/luis/workshop_ws/install/tide_msgs/include/tide_msgs/tide_msgs/msg/detail/fd_frame__struct.h
[3.388s] -- Up-to-date symlink: /home/luis/workshop_ws/install/tide_msgs/include/tide_msgs/tide_msgs/msg/detail/fd_frame__type_support.h
[3.388s] -- Up-to-date symlink: /home/luis/workshop_ws/install/tide_msgs/include/tide_msgs/tide_msgs/msg/detail/game_result__functions.h
[3.389s] -- Up-to-date symlink: /home/luis/workshop_ws/install/tide_msgs/include/tide_msgs/tide_msgs/msg/detail/game_result__struct.h
[3.389s] -- Up-to-date symlink: /home/luis/workshop_ws/install/tide_msgs/include/tide_msgs/tide_msgs/msg/detail/game_result__type_support.h
[3.389s] -- Up-to-date symlink: /home/luis/workshop_ws/install/tide_msgs/include/tide_msgs/tide_msgs/msg/detail/game_robot_hp__functions.h
[3.389s] -- Up-to-date symlink: /home/luis/workshop_ws/install/tide_msgs/include/tide_msgs/tide_msgs/msg/detail/game_robot_hp__struct.h
[3.389s] -- Up-to-date symlink: /home/luis/workshop_ws/install/tide_msgs/include/tide_msgs/tide_msgs/msg/detail/game_robot_hp__type_support.h
[3.389s] -- Up-to-date symlink: /home/luis/workshop_ws/install/tide_msgs/include/tide_msgs/tide_msgs/msg/detail/game_robot_pos__functions.h
[3.390s] -- Up-to-date symlink: /home/luis/workshop_ws/install/tide_msgs/include/tide_msgs/tide_msgs/msg/detail/game_robot_pos__struct.h
[3.390s] -- Up-to-date symlink: /home/luis/workshop_ws/install/tide_msgs/include/tide_msgs/tide_msgs/msg/detail/game_robot_pos__type_support.h
[3.390s] -- Up-to-date symlink: /home/luis/workshop_ws/install/tide_msgs/include/tide_msgs/tide_msgs/msg/detail/game_robot_status__functions.h
[3.390s] -- Up-to-date symlink: /home/luis/workshop_ws/install/tide_msgs/include/tide_msgs/tide_msgs/msg/detail/game_robot_status__struct.h
[3.390s] -- Up-to-date symlink: /home/luis/workshop_ws/install/tide_msgs/include/tide_msgs/tide_msgs/msg/detail/game_robot_status__type_support.h
[3.391s] -- Up-to-date symlink: /home/luis/workshop_ws/install/tide_msgs/include/tide_msgs/tide_msgs/msg/detail/game_status__functions.h
[3.391s] -- Up-to-date symlink: /home/luis/workshop_ws/install/tide_msgs/include/tide_msgs/tide_msgs/msg/detail/game_status__struct.h
[3.391s] -- Up-to-date symlink: /home/luis/workshop_ws/install/tide_msgs/include/tide_msgs/tide_msgs/msg/detail/game_status__type_support.h
[3.391s] -- Up-to-date symlink: /home/luis/workshop_ws/install/tide_msgs/include/tide_msgs/tide_msgs/msg/detail/gimbal_cmd__functions.h
[3.391s] -- Up-to-date symlink: /home/luis/workshop_ws/install/tide_msgs/include/tide_msgs/tide_msgs/msg/detail/gimbal_cmd__struct.h
[3.392s] -- Up-to-date symlink: /home/luis/workshop_ws/install/tide_msgs/include/tide_msgs/tide_msgs/msg/detail/gimbal_cmd__type_support.h
[3.392s] -- Up-to-date symlink: /home/luis/workshop_ws/install/tide_msgs/include/tide_msgs/tide_msgs/msg/detail/gimbal_state__functions.h
[3.392s] -- Up-to-date symlink: /home/luis/workshop_ws/install/tide_msgs/include/tide_msgs/tide_msgs/msg/detail/gimbal_state__struct.h
[3.392s] -- Up-to-date symlink: /home/luis/workshop_ws/install/tide_msgs/include/tide_msgs/tide_msgs/msg/detail/gimbal_state__type_support.h
[3.392s] -- Up-to-date symlink: /home/luis/workshop_ws/install/tide_msgs/include/tide_msgs/tide_msgs/msg/detail/ground_robot__functions.h
[3.393s] -- Up-to-date symlink: /home/luis/workshop_ws/install/tide_msgs/include/tide_msgs/tide_msgs/msg/detail/ground_robot__struct.h
[3.393s] -- Up-to-date symlink: /home/luis/workshop_ws/install/tide_msgs/include/tide_msgs/tide_msgs/msg/detail/ground_robot__type_support.h
[3.393s] -- Up-to-date symlink: /home/luis/workshop_ws/install/tide_msgs/include/tide_msgs/tide_msgs/msg/detail/interact_id__functions.h
[3.393s] -- Up-to-date symlink: /home/luis/workshop_ws/install/tide_msgs/include/tide_msgs/tide_msgs/msg/detail/interact_id__struct.h
[3.393s] -- Up-to-date symlink: /home/luis/workshop_ws/install/tide_msgs/include/tide_msgs/tide_msgs/msg/detail/interact_id__type_support.h
[3.394s] -- Up-to-date symlink: /home/luis/workshop_ws/install/tide_msgs/include/tide_msgs/tide_msgs/msg/detail/power_heat_data__functions.h
[3.394s] -- Up-to-date symlink: /home/luis/workshop_ws/install/tide_msgs/include/tide_msgs/tide_msgs/msg/detail/power_heat_data__struct.h
[3.394s] -- Up-to-date symlink: /home/luis/workshop_ws/install/tide_msgs/include/tide_msgs/tide_msgs/msg/detail/power_heat_data__type_support.h
[3.394s] -- Up-to-date symlink: /home/luis/workshop_ws/install/tide_msgs/include/tide_msgs/tide_msgs/msg/detail/referee_data__functions.h
[3.394s] -- Up-to-date symlink: /home/luis/workshop_ws/install/tide_msgs/include/tide_msgs/tide_msgs/msg/detail/referee_data__struct.h
[3.394s] -- Up-to-date symlink: /home/luis/workshop_ws/install/tide_msgs/include/tide_msgs/tide_msgs/msg/detail/referee_data__type_support.h
[3.395s] -- Up-to-date symlink: /home/luis/workshop_ws/install/tide_msgs/include/tide_msgs/tide_msgs/msg/detail/referee_warning__functions.h
[3.395s] -- Up-to-date symlink: /home/luis/workshop_ws/install/tide_msgs/include/tide_msgs/tide_msgs/msg/detail/referee_warning__struct.h
[3.395s] -- Up-to-date symlink: /home/luis/workshop_ws/install/tide_msgs/include/tide_msgs/tide_msgs/msg/detail/referee_warning__type_support.h
[3.395s] -- Up-to-date symlink: /home/luis/workshop_ws/install/tide_msgs/include/tide_msgs/tide_msgs/msg/detail/rfid_status__functions.h
[3.395s] -- Up-to-date symlink: /home/luis/workshop_ws/install/tide_msgs/include/tide_msgs/tide_msgs/msg/detail/rfid_status__struct.h
[3.396s] -- Up-to-date symlink: /home/luis/workshop_ws/install/tide_msgs/include/tide_msgs/tide_msgs/msg/detail/rfid_status__type_support.h
[3.396s] -- Up-to-date symlink: /home/luis/workshop_ws/install/tide_msgs/include/tide_msgs/tide_msgs/msg/detail/robot_hurt__functions.h
[3.396s] -- Up-to-date symlink: /home/luis/workshop_ws/install/tide_msgs/include/tide_msgs/tide_msgs/msg/detail/robot_hurt__struct.h
[3.396s] -- Up-to-date symlink: /home/luis/workshop_ws/install/tide_msgs/include/tide_msgs/tide_msgs/msg/detail/robot_hurt__type_support.h
[3.396s] -- Up-to-date symlink: /home/luis/workshop_ws/install/tide_msgs/include/tide_msgs/tide_msgs/msg/detail/sentry_info__functions.h
[3.397s] -- Up-to-date symlink: /home/luis/workshop_ws/install/tide_msgs/include/tide_msgs/tide_msgs/msg/detail/sentry_info__struct.h
[3.397s] -- Up-to-date symlink: /home/luis/workshop_ws/install/tide_msgs/include/tide_msgs/tide_msgs/msg/detail/sentry_info__type_support.h
[3.397s] -- Up-to-date symlink: /home/luis/workshop_ws/install/tide_msgs/include/tide_msgs/tide_msgs/msg/detail/shoot_data__functions.h
[3.397s] -- Up-to-date symlink: /home/luis/workshop_ws/install/tide_msgs/include/tide_msgs/tide_msgs/msg/detail/shoot_data__struct.h
[3.397s] -- Up-to-date symlink: /home/luis/workshop_ws/install/tide_msgs/include/tide_msgs/tide_msgs/msg/detail/shoot_data__type_support.h
[3.397s] -- Up-to-date symlink: /home/luis/workshop_ws/install/tide_msgs/include/tide_msgs/tide_msgs/msg/detail/shooter_cmd__functions.h
[3.398s] -- Up-to-date symlink: /home/luis/workshop_ws/install/tide_msgs/include/tide_msgs/tide_msgs/msg/detail/shooter_cmd__struct.h
[3.398s] -- Up-to-date symlink: /home/luis/workshop_ws/install/tide_msgs/include/tide_msgs/tide_msgs/msg/detail/shooter_cmd__type_support.h
[3.398s] -- Up-to-date symlink: /home/luis/workshop_ws/install/tide_msgs/include/tide_msgs/tide_msgs/msg/detail/shooter_state__functions.h
[3.398s] -- Up-to-date symlink: /home/luis/workshop_ws/install/tide_msgs/include/tide_msgs/tide_msgs/msg/detail/shooter_state__struct.h
[3.398s] -- Up-to-date symlink: /home/luis/workshop_ws/install/tide_msgs/include/tide_msgs/tide_msgs/msg/detail/shooter_state__type_support.h
[3.399s] -- Up-to-date symlink: /home/luis/workshop_ws/install/tide_msgs/include/tide_msgs/tide_msgs/msg/detail/target__functions.h
[3.399s] -- Up-to-date symlink: /home/luis/workshop_ws/install/tide_msgs/include/tide_msgs/tide_msgs/msg/detail/target__struct.h
[3.399s] -- Up-to-date symlink: /home/luis/workshop_ws/install/tide_msgs/include/tide_msgs/tide_msgs/msg/detail/target__type_support.h
[3.399s] -- Up-to-date symlink: /home/luis/workshop_ws/install/tide_msgs/include/tide_msgs/tide_msgs/msg/detail/time_info__functions.h
[3.399s] -- Up-to-date symlink: /home/luis/workshop_ws/install/tide_msgs/include/tide_msgs/tide_msgs/msg/detail/time_info__struct.h
[3.400s] -- Up-to-date symlink: /home/luis/workshop_ws/install/tide_msgs/include/tide_msgs/tide_msgs/msg/detail/time_info__type_support.h
[3.400s] -- Up-to-date symlink: /home/luis/workshop_ws/install/tide_msgs/include/tide_msgs/tide_msgs/msg/detail/tracker_info__functions.h
[3.400s] -- Up-to-date symlink: /home/luis/workshop_ws/install/tide_msgs/include/tide_msgs/tide_msgs/msg/detail/tracker_info__struct.h
[3.400s] -- Up-to-date symlink: /home/luis/workshop_ws/install/tide_msgs/include/tide_msgs/tide_msgs/msg/detail/tracker_info__type_support.h
[3.400s] -- Up-to-date symlink: /home/luis/workshop_ws/install/tide_msgs/include/tide_msgs/tide_msgs/msg/event_data.h
[3.401s] -- Up-to-date symlink: /home/luis/workshop_ws/install/tide_msgs/include/tide_msgs/tide_msgs/msg/fd_frame.h
[3.401s] -- Up-to-date symlink: /home/luis/workshop_ws/install/tide_msgs/include/tide_msgs/tide_msgs/msg/game_result.h
[3.401s] -- Up-to-date symlink: /home/luis/workshop_ws/install/tide_msgs/include/tide_msgs/tide_msgs/msg/game_robot_hp.h
[3.401s] -- Up-to-date symlink: /home/luis/workshop_ws/install/tide_msgs/include/tide_msgs/tide_msgs/msg/game_robot_pos.h
[3.401s] -- Up-to-date symlink: /home/luis/workshop_ws/install/tide_msgs/include/tide_msgs/tide_msgs/msg/game_robot_status.h
[3.401s] -- Up-to-date symlink: /home/luis/workshop_ws/install/tide_msgs/include/tide_msgs/tide_msgs/msg/game_status.h
[3.402s] -- Up-to-date symlink: /home/luis/workshop_ws/install/tide_msgs/include/tide_msgs/tide_msgs/msg/gimbal_cmd.h
[3.402s] -- Up-to-date symlink: /home/luis/workshop_ws/install/tide_msgs/include/tide_msgs/tide_msgs/msg/gimbal_state.h
[3.402s] -- Up-to-date symlink: /home/luis/workshop_ws/install/tide_msgs/include/tide_msgs/tide_msgs/msg/ground_robot.h
[3.402s] -- Up-to-date symlink: /home/luis/workshop_ws/install/tide_msgs/include/tide_msgs/tide_msgs/msg/interact_id.h
[3.402s] -- Up-to-date symlink: /home/luis/workshop_ws/install/tide_msgs/include/tide_msgs/tide_msgs/msg/power_heat_data.h
[3.402s] -- Up-to-date symlink: /home/luis/workshop_ws/install/tide_msgs/include/tide_msgs/tide_msgs/msg/referee_data.h
[3.403s] -- Up-to-date symlink: /home/luis/workshop_ws/install/tide_msgs/include/tide_msgs/tide_msgs/msg/referee_warning.h
[3.403s] -- Up-to-date symlink: /home/luis/workshop_ws/install/tide_msgs/include/tide_msgs/tide_msgs/msg/rfid_status.h
[3.403s] -- Up-to-date symlink: /home/luis/workshop_ws/install/tide_msgs/include/tide_msgs/tide_msgs/msg/robot_hurt.h
[3.403s] -- Up-to-date symlink: /home/luis/workshop_ws/install/tide_msgs/include/tide_msgs/tide_msgs/msg/rosidl_generator_c__visibility_control.h
[3.403s] -- Up-to-date symlink: /home/luis/workshop_ws/install/tide_msgs/include/tide_msgs/tide_msgs/msg/sentry_info.h
[3.404s] -- Up-to-date symlink: /home/luis/workshop_ws/install/tide_msgs/include/tide_msgs/tide_msgs/msg/shoot_data.h
[3.404s] -- Up-to-date symlink: /home/luis/workshop_ws/install/tide_msgs/include/tide_msgs/tide_msgs/msg/shooter_cmd.h
[3.404s] -- Up-to-date symlink: /home/luis/workshop_ws/install/tide_msgs/include/tide_msgs/tide_msgs/msg/shooter_state.h
[3.404s] -- Up-to-date symlink: /home/luis/workshop_ws/install/tide_msgs/include/tide_msgs/tide_msgs/msg/target.h
[3.404s] -- Up-to-date symlink: /home/luis/workshop_ws/install/tide_msgs/include/tide_msgs/tide_msgs/msg/time_info.h
[3.405s] -- Up-to-date symlink: /home/luis/workshop_ws/install/tide_msgs/include/tide_msgs/tide_msgs/msg/tracker_info.h
[3.405s] -- Up-to-date symlink: /home/luis/workshop_ws/install/tide_msgs/share/tide_msgs/environment/library_path.sh
[3.405s] -- Up-to-date symlink: /home/luis/workshop_ws/install/tide_msgs/share/tide_msgs/environment/library_path.dsv
[3.407s] -- Up-to-date symlink: /home/luis/workshop_ws/install/tide_msgs/include/tide_msgs/tide_msgs/msg/detail/armor__rosidl_typesupport_fastrtps_c.h
[3.407s] -- Up-to-date symlink: /home/luis/workshop_ws/install/tide_msgs/include/tide_msgs/tide_msgs/msg/detail/armors__rosidl_typesupport_fastrtps_c.h
[3.408s] -- Up-to-date symlink: /home/luis/workshop_ws/install/tide_msgs/include/tide_msgs/tide_msgs/msg/detail/bigyaw_cmd__rosidl_typesupport_fastrtps_c.h
[3.408s] -- Up-to-date symlink: /home/luis/workshop_ws/install/tide_msgs/include/tide_msgs/tide_msgs/msg/detail/bigyaw_state__rosidl_typesupport_fastrtps_c.h
[3.408s] -- Up-to-date symlink: /home/luis/workshop_ws/install/tide_msgs/include/tide_msgs/tide_msgs/msg/detail/buff__rosidl_typesupport_fastrtps_c.h
[3.408s] -- Up-to-date symlink: /home/luis/workshop_ws/install/tide_msgs/include/tide_msgs/tide_msgs/msg/detail/bullet_remaining__rosidl_typesupport_fastrtps_c.h
[3.408s] -- Up-to-date symlink: /home/luis/workshop_ws/install/tide_msgs/include/tide_msgs/tide_msgs/msg/detail/debug_armor__rosidl_typesupport_fastrtps_c.h
[3.409s] -- Up-to-date symlink: /home/luis/workshop_ws/install/tide_msgs/include/tide_msgs/tide_msgs/msg/detail/debug_armors__rosidl_typesupport_fastrtps_c.h
[3.409s] -- Up-to-date symlink: /home/luis/workshop_ws/install/tide_msgs/include/tide_msgs/tide_msgs/msg/detail/debug_light__rosidl_typesupport_fastrtps_c.h
[3.409s] -- Up-to-date symlink: /home/luis/workshop_ws/install/tide_msgs/include/tide_msgs/tide_msgs/msg/detail/debug_lights__rosidl_typesupport_fastrtps_c.h
[3.409s] -- Up-to-date symlink: /home/luis/workshop_ws/install/tide_msgs/include/tide_msgs/tide_msgs/msg/detail/event_data__rosidl_typesupport_fastrtps_c.h
[3.409s] -- Up-to-date symlink: /home/luis/workshop_ws/install/tide_msgs/include/tide_msgs/tide_msgs/msg/detail/fd_frame__rosidl_typesupport_fastrtps_c.h
[3.410s] -- Up-to-date symlink: /home/luis/workshop_ws/install/tide_msgs/include/tide_msgs/tide_msgs/msg/detail/game_result__rosidl_typesupport_fastrtps_c.h
[3.410s] -- Up-to-date symlink: /home/luis/workshop_ws/install/tide_msgs/include/tide_msgs/tide_msgs/msg/detail/game_robot_hp__rosidl_typesupport_fastrtps_c.h
[3.410s] -- Up-to-date symlink: /home/luis/workshop_ws/install/tide_msgs/include/tide_msgs/tide_msgs/msg/detail/game_robot_pos__rosidl_typesupport_fastrtps_c.h
[3.410s] -- Up-to-date symlink: /home/luis/workshop_ws/install/tide_msgs/include/tide_msgs/tide_msgs/msg/detail/game_robot_status__rosidl_typesupport_fastrtps_c.h
[3.410s] -- Up-to-date symlink: /home/luis/workshop_ws/install/tide_msgs/include/tide_msgs/tide_msgs/msg/detail/game_status__rosidl_typesupport_fastrtps_c.h
[3.411s] -- Up-to-date symlink: /home/luis/workshop_ws/install/tide_msgs/include/tide_msgs/tide_msgs/msg/detail/gimbal_cmd__rosidl_typesupport_fastrtps_c.h
[3.411s] -- Up-to-date symlink: /home/luis/workshop_ws/install/tide_msgs/include/tide_msgs/tide_msgs/msg/detail/gimbal_state__rosidl_typesupport_fastrtps_c.h
[3.411s] -- Up-to-date symlink: /home/luis/workshop_ws/install/tide_msgs/include/tide_msgs/tide_msgs/msg/detail/ground_robot__rosidl_typesupport_fastrtps_c.h
[3.411s] -- Up-to-date symlink: /home/luis/workshop_ws/install/tide_msgs/include/tide_msgs/tide_msgs/msg/detail/interact_id__rosidl_typesupport_fastrtps_c.h
[3.411s] -- Up-to-date symlink: /home/luis/workshop_ws/install/tide_msgs/include/tide_msgs/tide_msgs/msg/detail/power_heat_data__rosidl_typesupport_fastrtps_c.h
[3.411s] -- Up-to-date symlink: /home/luis/workshop_ws/install/tide_msgs/include/tide_msgs/tide_msgs/msg/detail/referee_data__rosidl_typesupport_fastrtps_c.h
[3.412s] -- Up-to-date symlink: /home/luis/workshop_ws/install/tide_msgs/include/tide_msgs/tide_msgs/msg/detail/referee_warning__rosidl_typesupport_fastrtps_c.h
[3.412s] -- Up-to-date symlink: /home/luis/workshop_ws/install/tide_msgs/include/tide_msgs/tide_msgs/msg/detail/rfid_status__rosidl_typesupport_fastrtps_c.h
[3.412s] -- Up-to-date symlink: /home/luis/workshop_ws/install/tide_msgs/include/tide_msgs/tide_msgs/msg/detail/robot_hurt__rosidl_typesupport_fastrtps_c.h
[3.412s] -- Up-to-date symlink: /home/luis/workshop_ws/install/tide_msgs/include/tide_msgs/tide_msgs/msg/detail/sentry_info__rosidl_typesupport_fastrtps_c.h
[3.412s] -- Up-to-date symlink: /home/luis/workshop_ws/install/tide_msgs/include/tide_msgs/tide_msgs/msg/detail/shoot_data__rosidl_typesupport_fastrtps_c.h
[3.413s] -- Up-to-date symlink: /home/luis/workshop_ws/install/tide_msgs/include/tide_msgs/tide_msgs/msg/detail/shooter_cmd__rosidl_typesupport_fastrtps_c.h
[3.413s] -- Up-to-date symlink: /home/luis/workshop_ws/install/tide_msgs/include/tide_msgs/tide_msgs/msg/detail/shooter_state__rosidl_typesupport_fastrtps_c.h
[3.413s] -- Up-to-date symlink: /home/luis/workshop_ws/install/tide_msgs/include/tide_msgs/tide_msgs/msg/detail/target__rosidl_typesupport_fastrtps_c.h
[3.413s] -- Up-to-date symlink: /home/luis/workshop_ws/install/tide_msgs/include/tide_msgs/tide_msgs/msg/detail/time_info__rosidl_typesupport_fastrtps_c.h
[3.413s] -- Up-to-date symlink: /home/luis/workshop_ws/install/tide_msgs/include/tide_msgs/tide_msgs/msg/detail/tracker_info__rosidl_typesupport_fastrtps_c.h
[3.414s] -- Up-to-date symlink: /home/luis/workshop_ws/install/tide_msgs/include/tide_msgs/tide_msgs/msg/rosidl_typesupport_fastrtps_c__visibility_control.h
[3.416s] -- Up-to-date symlink: /home/luis/workshop_ws/install/tide_msgs/include/tide_msgs/tide_msgs/msg/armor.hpp
[3.417s] -- Up-to-date symlink: /home/luis/workshop_ws/install/tide_msgs/include/tide_msgs/tide_msgs/msg/armors.hpp
[3.417s] -- Up-to-date symlink: /home/luis/workshop_ws/install/tide_msgs/include/tide_msgs/tide_msgs/msg/bigyaw_cmd.hpp
[3.417s] -- Up-to-date symlink: /home/luis/workshop_ws/install/tide_msgs/include/tide_msgs/tide_msgs/msg/bigyaw_state.hpp
[3.417s] -- Up-to-date symlink: /home/luis/workshop_ws/install/tide_msgs/include/tide_msgs/tide_msgs/msg/buff.hpp
[3.417s] -- Up-to-date symlink: /home/luis/workshop_ws/install/tide_msgs/include/tide_msgs/tide_msgs/msg/bullet_remaining.hpp
[3.418s] -- Up-to-date symlink: /home/luis/workshop_ws/install/tide_msgs/include/tide_msgs/tide_msgs/msg/debug_armor.hpp
[3.418s] -- Up-to-date symlink: /home/luis/workshop_ws/install/tide_msgs/include/tide_msgs/tide_msgs/msg/debug_armors.hpp
[3.418s] -- Up-to-date symlink: /home/luis/workshop_ws/install/tide_msgs/include/tide_msgs/tide_msgs/msg/debug_light.hpp
[3.418s] -- Up-to-date symlink: /home/luis/workshop_ws/install/tide_msgs/include/tide_msgs/tide_msgs/msg/debug_lights.hpp
[3.418s] -- Up-to-date symlink: /home/luis/workshop_ws/install/tide_msgs/include/tide_msgs/tide_msgs/msg/detail/armor__builder.hpp
[3.418s] -- Up-to-date symlink: /home/luis/workshop_ws/install/tide_msgs/include/tide_msgs/tide_msgs/msg/detail/armor__struct.hpp
[3.419s] -- Up-to-date symlink: /home/luis/workshop_ws/install/tide_msgs/include/tide_msgs/tide_msgs/msg/detail/armor__traits.hpp
[3.419s] -- Up-to-date symlink: /home/luis/workshop_ws/install/tide_msgs/include/tide_msgs/tide_msgs/msg/detail/armor__type_support.hpp
[3.419s] -- Up-to-date symlink: /home/luis/workshop_ws/install/tide_msgs/include/tide_msgs/tide_msgs/msg/detail/armors__builder.hpp
[3.419s] -- Up-to-date symlink: /home/luis/workshop_ws/install/tide_msgs/include/tide_msgs/tide_msgs/msg/detail/armors__struct.hpp
[3.419s] -- Up-to-date symlink: /home/luis/workshop_ws/install/tide_msgs/include/tide_msgs/tide_msgs/msg/detail/armors__traits.hpp
[3.420s] -- Up-to-date symlink: /home/luis/workshop_ws/install/tide_msgs/include/tide_msgs/tide_msgs/msg/detail/armors__type_support.hpp
[3.420s] -- Up-to-date symlink: /home/luis/workshop_ws/install/tide_msgs/include/tide_msgs/tide_msgs/msg/detail/bigyaw_cmd__builder.hpp
[3.420s] -- Up-to-date symlink: /home/luis/workshop_ws/install/tide_msgs/include/tide_msgs/tide_msgs/msg/detail/bigyaw_cmd__struct.hpp
[3.420s] -- Up-to-date symlink: /home/luis/workshop_ws/install/tide_msgs/include/tide_msgs/tide_msgs/msg/detail/bigyaw_cmd__traits.hpp
[3.420s] -- Up-to-date symlink: /home/luis/workshop_ws/install/tide_msgs/include/tide_msgs/tide_msgs/msg/detail/bigyaw_cmd__type_support.hpp
[3.421s] -- Up-to-date symlink: /home/luis/workshop_ws/install/tide_msgs/include/tide_msgs/tide_msgs/msg/detail/bigyaw_state__builder.hpp
[3.421s] -- Up-to-date symlink: /home/luis/workshop_ws/install/tide_msgs/include/tide_msgs/tide_msgs/msg/detail/bigyaw_state__struct.hpp
[3.421s] -- Up-to-date symlink: /home/luis/workshop_ws/install/tide_msgs/include/tide_msgs/tide_msgs/msg/detail/bigyaw_state__traits.hpp
[3.421s] -- Up-to-date symlink: /home/luis/workshop_ws/install/tide_msgs/include/tide_msgs/tide_msgs/msg/detail/bigyaw_state__type_support.hpp
[3.421s] -- Up-to-date symlink: /home/luis/workshop_ws/install/tide_msgs/include/tide_msgs/tide_msgs/msg/detail/buff__builder.hpp
[3.421s] -- Up-to-date symlink: /home/luis/workshop_ws/install/tide_msgs/include/tide_msgs/tide_msgs/msg/detail/buff__struct.hpp
[3.422s] -- Up-to-date symlink: /home/luis/workshop_ws/install/tide_msgs/include/tide_msgs/tide_msgs/msg/detail/buff__traits.hpp
[3.422s] -- Up-to-date symlink: /home/luis/workshop_ws/install/tide_msgs/include/tide_msgs/tide_msgs/msg/detail/buff__type_support.hpp
[3.422s] -- Up-to-date symlink: /home/luis/workshop_ws/install/tide_msgs/include/tide_msgs/tide_msgs/msg/detail/bullet_remaining__builder.hpp
[3.422s] -- Up-to-date symlink: /home/luis/workshop_ws/install/tide_msgs/include/tide_msgs/tide_msgs/msg/detail/bullet_remaining__struct.hpp
[3.422s] -- Up-to-date symlink: /home/luis/workshop_ws/install/tide_msgs/include/tide_msgs/tide_msgs/msg/detail/bullet_remaining__traits.hpp
[3.423s] -- Up-to-date symlink: /home/luis/workshop_ws/install/tide_msgs/include/tide_msgs/tide_msgs/msg/detail/bullet_remaining__type_support.hpp
[3.423s] -- Up-to-date symlink: /home/luis/workshop_ws/install/tide_msgs/include/tide_msgs/tide_msgs/msg/detail/debug_armor__builder.hpp
[3.423s] -- Up-to-date symlink: /home/luis/workshop_ws/install/tide_msgs/include/tide_msgs/tide_msgs/msg/detail/debug_armor__struct.hpp
[3.423s] -- Up-to-date symlink: /home/luis/workshop_ws/install/tide_msgs/include/tide_msgs/tide_msgs/msg/detail/debug_armor__traits.hpp
[3.423s] -- Up-to-date symlink: /home/luis/workshop_ws/install/tide_msgs/include/tide_msgs/tide_msgs/msg/detail/debug_armor__type_support.hpp
[3.423s] -- Up-to-date symlink: /home/luis/workshop_ws/install/tide_msgs/include/tide_msgs/tide_msgs/msg/detail/debug_armors__builder.hpp
[3.424s] -- Up-to-date symlink: /home/luis/workshop_ws/install/tide_msgs/include/tide_msgs/tide_msgs/msg/detail/debug_armors__struct.hpp
[3.424s] -- Up-to-date symlink: /home/luis/workshop_ws/install/tide_msgs/include/tide_msgs/tide_msgs/msg/detail/debug_armors__traits.hpp
[3.424s] -- Up-to-date symlink: /home/luis/workshop_ws/install/tide_msgs/include/tide_msgs/tide_msgs/msg/detail/debug_armors__type_support.hpp
[3.424s] -- Up-to-date symlink: /home/luis/workshop_ws/install/tide_msgs/include/tide_msgs/tide_msgs/msg/detail/debug_light__builder.hpp
[3.425s] -- Up-to-date symlink: /home/luis/workshop_ws/install/tide_msgs/include/tide_msgs/tide_msgs/msg/detail/debug_light__struct.hpp
[3.425s] -- Up-to-date symlink: /home/luis/workshop_ws/install/tide_msgs/include/tide_msgs/tide_msgs/msg/detail/debug_light__traits.hpp
[3.425s] -- Up-to-date symlink: /home/luis/workshop_ws/install/tide_msgs/include/tide_msgs/tide_msgs/msg/detail/debug_light__type_support.hpp
[3.425s] -- Up-to-date symlink: /home/luis/workshop_ws/install/tide_msgs/include/tide_msgs/tide_msgs/msg/detail/debug_lights__builder.hpp
[3.425s] -- Up-to-date symlink: /home/luis/workshop_ws/install/tide_msgs/include/tide_msgs/tide_msgs/msg/detail/debug_lights__struct.hpp
[3.426s] -- Up-to-date symlink: /home/luis/workshop_ws/install/tide_msgs/include/tide_msgs/tide_msgs/msg/detail/debug_lights__traits.hpp
[3.426s] -- Up-to-date symlink: /home/luis/workshop_ws/install/tide_msgs/include/tide_msgs/tide_msgs/msg/detail/debug_lights__type_support.hpp
[3.426s] -- Up-to-date symlink: /home/luis/workshop_ws/install/tide_msgs/include/tide_msgs/tide_msgs/msg/detail/event_data__builder.hpp
[3.426s] -- Up-to-date symlink: /home/luis/workshop_ws/install/tide_msgs/include/tide_msgs/tide_msgs/msg/detail/event_data__struct.hpp
[3.426s] -- Up-to-date symlink: /home/luis/workshop_ws/install/tide_msgs/include/tide_msgs/tide_msgs/msg/detail/event_data__traits.hpp
[3.426s] -- Up-to-date symlink: /home/luis/workshop_ws/install/tide_msgs/include/tide_msgs/tide_msgs/msg/detail/event_data__type_support.hpp
[3.427s] -- Up-to-date symlink: /home/luis/workshop_ws/install/tide_msgs/include/tide_msgs/tide_msgs/msg/detail/fd_frame__builder.hpp
[3.427s] -- Up-to-date symlink: /home/luis/workshop_ws/install/tide_msgs/include/tide_msgs/tide_msgs/msg/detail/fd_frame__struct.hpp
[3.427s] -- Up-to-date symlink: /home/luis/workshop_ws/install/tide_msgs/include/tide_msgs/tide_msgs/msg/detail/fd_frame__traits.hpp
[3.427s] -- Up-to-date symlink: /home/luis/workshop_ws/install/tide_msgs/include/tide_msgs/tide_msgs/msg/detail/fd_frame__type_support.hpp
[3.427s] -- Up-to-date symlink: /home/luis/workshop_ws/install/tide_msgs/include/tide_msgs/tide_msgs/msg/detail/game_result__builder.hpp
[3.428s] -- Up-to-date symlink: /home/luis/workshop_ws/install/tide_msgs/include/tide_msgs/tide_msgs/msg/detail/game_result__struct.hpp
[3.428s] -- Up-to-date symlink: /home/luis/workshop_ws/install/tide_msgs/include/tide_msgs/tide_msgs/msg/detail/game_result__traits.hpp
[3.428s] -- Up-to-date symlink: /home/luis/workshop_ws/install/tide_msgs/include/tide_msgs/tide_msgs/msg/detail/game_result__type_support.hpp
[3.428s] -- Up-to-date symlink: /home/luis/workshop_ws/install/tide_msgs/include/tide_msgs/tide_msgs/msg/detail/game_robot_hp__builder.hpp
[3.428s] -- Up-to-date symlink: /home/luis/workshop_ws/install/tide_msgs/include/tide_msgs/tide_msgs/msg/detail/game_robot_hp__struct.hpp
[3.428s] -- Up-to-date symlink: /home/luis/workshop_ws/install/tide_msgs/include/tide_msgs/tide_msgs/msg/detail/game_robot_hp__traits.hpp
[3.429s] -- Up-to-date symlink: /home/luis/workshop_ws/install/tide_msgs/include/tide_msgs/tide_msgs/msg/detail/game_robot_hp__type_support.hpp
[3.429s] -- Up-to-date symlink: /home/luis/workshop_ws/install/tide_msgs/include/tide_msgs/tide_msgs/msg/detail/game_robot_pos__builder.hpp
[3.429s] -- Up-to-date symlink: /home/luis/workshop_ws/install/tide_msgs/include/tide_msgs/tide_msgs/msg/detail/game_robot_pos__struct.hpp
[3.429s] -- Up-to-date symlink: /home/luis/workshop_ws/install/tide_msgs/include/tide_msgs/tide_msgs/msg/detail/game_robot_pos__traits.hpp
[3.429s] -- Up-to-date symlink: /home/luis/workshop_ws/install/tide_msgs/include/tide_msgs/tide_msgs/msg/detail/game_robot_pos__type_support.hpp
[3.430s] -- Up-to-date symlink: /home/luis/workshop_ws/install/tide_msgs/include/tide_msgs/tide_msgs/msg/detail/game_robot_status__builder.hpp
[3.430s] -- Up-to-date symlink: /home/luis/workshop_ws/install/tide_msgs/include/tide_msgs/tide_msgs/msg/detail/game_robot_status__struct.hpp
[3.430s] -- Up-to-date symlink: /home/luis/workshop_ws/install/tide_msgs/include/tide_msgs/tide_msgs/msg/detail/game_robot_status__traits.hpp
[3.430s] -- Up-to-date symlink: /home/luis/workshop_ws/install/tide_msgs/include/tide_msgs/tide_msgs/msg/detail/game_robot_status__type_support.hpp
[3.430s] -- Up-to-date symlink: /home/luis/workshop_ws/install/tide_msgs/include/tide_msgs/tide_msgs/msg/detail/game_status__builder.hpp
[3.431s] -- Up-to-date symlink: /home/luis/workshop_ws/install/tide_msgs/include/tide_msgs/tide_msgs/msg/detail/game_status__struct.hpp
[3.431s] -- Up-to-date symlink: /home/luis/workshop_ws/install/tide_msgs/include/tide_msgs/tide_msgs/msg/detail/game_status__traits.hpp
[3.431s] -- Up-to-date symlink: /home/luis/workshop_ws/install/tide_msgs/include/tide_msgs/tide_msgs/msg/detail/game_status__type_support.hpp
[3.431s] -- Up-to-date symlink: /home/luis/workshop_ws/install/tide_msgs/include/tide_msgs/tide_msgs/msg/detail/gimbal_cmd__builder.hpp
[3.431s] -- Up-to-date symlink: /home/luis/workshop_ws/install/tide_msgs/include/tide_msgs/tide_msgs/msg/detail/gimbal_cmd__struct.hpp
[3.431s] -- Up-to-date symlink: /home/luis/workshop_ws/install/tide_msgs/include/tide_msgs/tide_msgs/msg/detail/gimbal_cmd__traits.hpp
[3.432s] -- Up-to-date symlink: /home/luis/workshop_ws/install/tide_msgs/include/tide_msgs/tide_msgs/msg/detail/gimbal_cmd__type_support.hpp
[3.432s] -- Up-to-date symlink: /home/luis/workshop_ws/install/tide_msgs/include/tide_msgs/tide_msgs/msg/detail/gimbal_state__builder.hpp
[3.432s] -- Up-to-date symlink: /home/luis/workshop_ws/install/tide_msgs/include/tide_msgs/tide_msgs/msg/detail/gimbal_state__struct.hpp
[3.432s] -- Up-to-date symlink: /home/luis/workshop_ws/install/tide_msgs/include/tide_msgs/tide_msgs/msg/detail/gimbal_state__traits.hpp
[3.432s] -- Up-to-date symlink: /home/luis/workshop_ws/install/tide_msgs/include/tide_msgs/tide_msgs/msg/detail/gimbal_state__type_support.hpp
[3.433s] -- Up-to-date symlink: /home/luis/workshop_ws/install/tide_msgs/include/tide_msgs/tide_msgs/msg/detail/ground_robot__builder.hpp
[3.433s] -- Up-to-date symlink: /home/luis/workshop_ws/install/tide_msgs/include/tide_msgs/tide_msgs/msg/detail/ground_robot__struct.hpp
[3.433s] -- Up-to-date symlink: /home/luis/workshop_ws/install/tide_msgs/include/tide_msgs/tide_msgs/msg/detail/ground_robot__traits.hpp
[3.433s] -- Up-to-date symlink: /home/luis/workshop_ws/install/tide_msgs/include/tide_msgs/tide_msgs/msg/detail/ground_robot__type_support.hpp
[3.433s] -- Up-to-date symlink: /home/luis/workshop_ws/install/tide_msgs/include/tide_msgs/tide_msgs/msg/detail/interact_id__builder.hpp
[3.434s] -- Up-to-date symlink: /home/luis/workshop_ws/install/tide_msgs/include/tide_msgs/tide_msgs/msg/detail/interact_id__struct.hpp
[3.434s] -- Up-to-date symlink: /home/luis/workshop_ws/install/tide_msgs/include/tide_msgs/tide_msgs/msg/detail/interact_id__traits.hpp
[3.434s] -- Up-to-date symlink: /home/luis/workshop_ws/install/tide_msgs/include/tide_msgs/tide_msgs/msg/detail/interact_id__type_support.hpp
[3.434s] -- Up-to-date symlink: /home/luis/workshop_ws/install/tide_msgs/include/tide_msgs/tide_msgs/msg/detail/power_heat_data__builder.hpp
[3.434s] -- Up-to-date symlink: /home/luis/workshop_ws/install/tide_msgs/include/tide_msgs/tide_msgs/msg/detail/power_heat_data__struct.hpp
[3.435s] -- Up-to-date symlink: /home/luis/workshop_ws/install/tide_msgs/include/tide_msgs/tide_msgs/msg/detail/power_heat_data__traits.hpp
[3.435s] -- Up-to-date symlink: /home/luis/workshop_ws/install/tide_msgs/include/tide_msgs/tide_msgs/msg/detail/power_heat_data__type_support.hpp
[3.435s] -- Up-to-date symlink: /home/luis/workshop_ws/install/tide_msgs/include/tide_msgs/tide_msgs/msg/detail/referee_data__builder.hpp
[3.435s] -- Up-to-date symlink: /home/luis/workshop_ws/install/tide_msgs/include/tide_msgs/tide_msgs/msg/detail/referee_data__struct.hpp
[3.435s] -- Up-to-date symlink: /home/luis/workshop_ws/install/tide_msgs/include/tide_msgs/tide_msgs/msg/detail/referee_data__traits.hpp
[3.436s] -- Up-to-date symlink: /home/luis/workshop_ws/install/tide_msgs/include/tide_msgs/tide_msgs/msg/detail/referee_data__type_support.hpp
[3.436s] -- Up-to-date symlink: /home/luis/workshop_ws/install/tide_msgs/include/tide_msgs/tide_msgs/msg/detail/referee_warning__builder.hpp
[3.436s] -- Up-to-date symlink: /home/luis/workshop_ws/install/tide_msgs/include/tide_msgs/tide_msgs/msg/detail/referee_warning__struct.hpp
[3.436s] -- Up-to-date symlink: /home/luis/workshop_ws/install/tide_msgs/include/tide_msgs/tide_msgs/msg/detail/referee_warning__traits.hpp
[3.436s] -- Up-to-date symlink: /home/luis/workshop_ws/install/tide_msgs/include/tide_msgs/tide_msgs/msg/detail/referee_warning__type_support.hpp
[3.436s] -- Up-to-date symlink: /home/luis/workshop_ws/install/tide_msgs/include/tide_msgs/tide_msgs/msg/detail/rfid_status__builder.hpp
[3.437s] -- Up-to-date symlink: /home/luis/workshop_ws/install/tide_msgs/include/tide_msgs/tide_msgs/msg/detail/rfid_status__struct.hpp
[3.437s] -- Up-to-date symlink: /home/luis/workshop_ws/install/tide_msgs/include/tide_msgs/tide_msgs/msg/detail/rfid_status__traits.hpp
[3.437s] -- Up-to-date symlink: /home/luis/workshop_ws/install/tide_msgs/include/tide_msgs/tide_msgs/msg/detail/rfid_status__type_support.hpp
[3.437s] -- Up-to-date symlink: /home/luis/workshop_ws/install/tide_msgs/include/tide_msgs/tide_msgs/msg/detail/robot_hurt__builder.hpp
[3.437s] -- Up-to-date symlink: /home/luis/workshop_ws/install/tide_msgs/include/tide_msgs/tide_msgs/msg/detail/robot_hurt__struct.hpp
[3.438s] -- Up-to-date symlink: /home/luis/workshop_ws/install/tide_msgs/include/tide_msgs/tide_msgs/msg/detail/robot_hurt__traits.hpp
[3.438s] -- Up-to-date symlink: /home/luis/workshop_ws/install/tide_msgs/include/tide_msgs/tide_msgs/msg/detail/robot_hurt__type_support.hpp
[3.438s] -- Up-to-date symlink: /home/luis/workshop_ws/install/tide_msgs/include/tide_msgs/tide_msgs/msg/detail/sentry_info__builder.hpp
[3.438s] -- Up-to-date symlink: /home/luis/workshop_ws/install/tide_msgs/include/tide_msgs/tide_msgs/msg/detail/sentry_info__struct.hpp
[3.438s] -- Up-to-date symlink: /home/luis/workshop_ws/install/tide_msgs/include/tide_msgs/tide_msgs/msg/detail/sentry_info__traits.hpp
[3.439s] -- Up-to-date symlink: /home/luis/workshop_ws/install/tide_msgs/include/tide_msgs/tide_msgs/msg/detail/sentry_info__type_support.hpp
[3.439s] -- Up-to-date symlink: /home/luis/workshop_ws/install/tide_msgs/include/tide_msgs/tide_msgs/msg/detail/shoot_data__builder.hpp
[3.439s] -- Up-to-date symlink: /home/luis/workshop_ws/install/tide_msgs/include/tide_msgs/tide_msgs/msg/detail/shoot_data__struct.hpp
[3.439s] -- Up-to-date symlink: /home/luis/workshop_ws/install/tide_msgs/include/tide_msgs/tide_msgs/msg/detail/shoot_data__traits.hpp
[3.439s] -- Up-to-date symlink: /home/luis/workshop_ws/install/tide_msgs/include/tide_msgs/tide_msgs/msg/detail/shoot_data__type_support.hpp
[3.440s] -- Up-to-date symlink: /home/luis/workshop_ws/install/tide_msgs/include/tide_msgs/tide_msgs/msg/detail/shooter_cmd__builder.hpp
[3.440s] -- Up-to-date symlink: /home/luis/workshop_ws/install/tide_msgs/include/tide_msgs/tide_msgs/msg/detail/shooter_cmd__struct.hpp
[3.440s] -- Up-to-date symlink: /home/luis/workshop_ws/install/tide_msgs/include/tide_msgs/tide_msgs/msg/detail/shooter_cmd__traits.hpp
[3.440s] -- Up-to-date symlink: /home/luis/workshop_ws/install/tide_msgs/include/tide_msgs/tide_msgs/msg/detail/shooter_cmd__type_support.hpp
[3.440s] -- Up-to-date symlink: /home/luis/workshop_ws/install/tide_msgs/include/tide_msgs/tide_msgs/msg/detail/shooter_state__builder.hpp
[3.441s] -- Up-to-date symlink: /home/luis/workshop_ws/install/tide_msgs/include/tide_msgs/tide_msgs/msg/detail/shooter_state__struct.hpp
[3.441s] -- Up-to-date symlink: /home/luis/workshop_ws/install/tide_msgs/include/tide_msgs/tide_msgs/msg/detail/shooter_state__traits.hpp
[3.441s] -- Up-to-date symlink: /home/luis/workshop_ws/install/tide_msgs/include/tide_msgs/tide_msgs/msg/detail/shooter_state__type_support.hpp
[3.441s] -- Up-to-date symlink: /home/luis/workshop_ws/install/tide_msgs/include/tide_msgs/tide_msgs/msg/detail/target__builder.hpp
[3.442s] -- Up-to-date symlink: /home/luis/workshop_ws/install/tide_msgs/include/tide_msgs/tide_msgs/msg/detail/target__struct.hpp
[3.442s] -- Up-to-date symlink: /home/luis/workshop_ws/install/tide_msgs/include/tide_msgs/tide_msgs/msg/detail/target__traits.hpp
[3.442s] -- Up-to-date symlink: /home/luis/workshop_ws/install/tide_msgs/include/tide_msgs/tide_msgs/msg/detail/target__type_support.hpp
[3.442s] -- Up-to-date symlink: /home/luis/workshop_ws/install/tide_msgs/include/tide_msgs/tide_msgs/msg/detail/time_info__builder.hpp
[3.443s] -- Up-to-date symlink: /home/luis/workshop_ws/install/tide_msgs/include/tide_msgs/tide_msgs/msg/detail/time_info__struct.hpp
[3.443s] -- Up-to-date symlink: /home/luis/workshop_ws/install/tide_msgs/include/tide_msgs/tide_msgs/msg/detail/time_info__traits.hpp
[3.443s] -- Up-to-date symlink: /home/luis/workshop_ws/install/tide_msgs/include/tide_msgs/tide_msgs/msg/detail/time_info__type_support.hpp
[3.443s] -- Up-to-date symlink: /home/luis/workshop_ws/install/tide_msgs/include/tide_msgs/tide_msgs/msg/detail/tracker_info__builder.hpp
[3.443s] -- Up-to-date symlink: /home/luis/workshop_ws/install/tide_msgs/include/tide_msgs/tide_msgs/msg/detail/tracker_info__struct.hpp
[3.444s] -- Up-to-date symlink: /home/luis/workshop_ws/install/tide_msgs/include/tide_msgs/tide_msgs/msg/detail/tracker_info__traits.hpp
[3.444s] -- Up-to-date symlink: /home/luis/workshop_ws/install/tide_msgs/include/tide_msgs/tide_msgs/msg/detail/tracker_info__type_support.hpp
[3.444s] -- Up-to-date symlink: /home/luis/workshop_ws/install/tide_msgs/include/tide_msgs/tide_msgs/msg/event_data.hpp
[3.444s] -- Up-to-date symlink: /home/luis/workshop_ws/install/tide_msgs/include/tide_msgs/tide_msgs/msg/fd_frame.hpp
[3.444s] -- Up-to-date symlink: /home/luis/workshop_ws/install/tide_msgs/include/tide_msgs/tide_msgs/msg/game_result.hpp
[3.445s] -- Up-to-date symlink: /home/luis/workshop_ws/install/tide_msgs/include/tide_msgs/tide_msgs/msg/game_robot_hp.hpp
[3.445s] -- Up-to-date symlink: /home/luis/workshop_ws/install/tide_msgs/include/tide_msgs/tide_msgs/msg/game_robot_pos.hpp
[3.445s] -- Up-to-date symlink: /home/luis/workshop_ws/install/tide_msgs/include/tide_msgs/tide_msgs/msg/game_robot_status.hpp
[3.445s] -- Up-to-date symlink: /home/luis/workshop_ws/install/tide_msgs/include/tide_msgs/tide_msgs/msg/game_status.hpp
[3.445s] -- Up-to-date symlink: /home/luis/workshop_ws/install/tide_msgs/include/tide_msgs/tide_msgs/msg/gimbal_cmd.hpp
[3.445s] -- Up-to-date symlink: /home/luis/workshop_ws/install/tide_msgs/include/tide_msgs/tide_msgs/msg/gimbal_state.hpp
[3.445s] -- Up-to-date symlink: /home/luis/workshop_ws/install/tide_msgs/include/tide_msgs/tide_msgs/msg/ground_robot.hpp
[3.445s] -- Up-to-date symlink: /home/luis/workshop_ws/install/tide_msgs/include/tide_msgs/tide_msgs/msg/interact_id.hpp
[3.446s] -- Up-to-date symlink: /home/luis/workshop_ws/install/tide_msgs/include/tide_msgs/tide_msgs/msg/power_heat_data.hpp
[3.446s] -- Up-to-date symlink: /home/luis/workshop_ws/install/tide_msgs/include/tide_msgs/tide_msgs/msg/referee_data.hpp
[3.446s] -- Up-to-date symlink: /home/luis/workshop_ws/install/tide_msgs/include/tide_msgs/tide_msgs/msg/referee_warning.hpp
[3.446s] -- Up-to-date symlink: /home/luis/workshop_ws/install/tide_msgs/include/tide_msgs/tide_msgs/msg/rfid_status.hpp
[3.446s] -- Up-to-date symlink: /home/luis/workshop_ws/install/tide_msgs/include/tide_msgs/tide_msgs/msg/robot_hurt.hpp
[3.446s] -- Up-to-date symlink: /home/luis/workshop_ws/install/tide_msgs/include/tide_msgs/tide_msgs/msg/rosidl_generator_cpp__visibility_control.hpp
[3.446s] -- Up-to-date symlink: /home/luis/workshop_ws/install/tide_msgs/include/tide_msgs/tide_msgs/msg/sentry_info.hpp
[3.446s] -- Up-to-date symlink: /home/luis/workshop_ws/install/tide_msgs/include/tide_msgs/tide_msgs/msg/shoot_data.hpp
[3.447s] -- Up-to-date symlink: /home/luis/workshop_ws/install/tide_msgs/include/tide_msgs/tide_msgs/msg/shooter_cmd.hpp
[3.447s] -- Up-to-date symlink: /home/luis/workshop_ws/install/tide_msgs/include/tide_msgs/tide_msgs/msg/shooter_state.hpp
[3.447s] -- Up-to-date symlink: /home/luis/workshop_ws/install/tide_msgs/include/tide_msgs/tide_msgs/msg/target.hpp
[3.447s] -- Up-to-date symlink: /home/luis/workshop_ws/install/tide_msgs/include/tide_msgs/tide_msgs/msg/time_info.hpp
[3.447s] -- Up-to-date symlink: /home/luis/workshop_ws/install/tide_msgs/include/tide_msgs/tide_msgs/msg/tracker_info.hpp
[3.450s] -- Up-to-date symlink: /home/luis/workshop_ws/install/tide_msgs/include/tide_msgs/tide_msgs/msg/detail/armor__rosidl_typesupport_fastrtps_cpp.hpp
[3.450s] -- Up-to-date symlink: /home/luis/workshop_ws/install/tide_msgs/include/tide_msgs/tide_msgs/msg/detail/armors__rosidl_typesupport_fastrtps_cpp.hpp
[3.450s] -- Up-to-date symlink: /home/luis/workshop_ws/install/tide_msgs/include/tide_msgs/tide_msgs/msg/detail/bigyaw_cmd__rosidl_typesupport_fastrtps_cpp.hpp
[3.451s] -- Up-to-date symlink: /home/luis/workshop_ws/install/tide_msgs/include/tide_msgs/tide_msgs/msg/detail/bigyaw_state__rosidl_typesupport_fastrtps_cpp.hpp
[3.451s] -- Up-to-date symlink: /home/luis/workshop_ws/install/tide_msgs/include/tide_msgs/tide_msgs/msg/detail/buff__rosidl_typesupport_fastrtps_cpp.hpp
[3.451s] -- Up-to-date symlink: /home/luis/workshop_ws/install/tide_msgs/include/tide_msgs/tide_msgs/msg/detail/bullet_remaining__rosidl_typesupport_fastrtps_cpp.hpp
[3.451s] -- Up-to-date symlink: /home/luis/workshop_ws/install/tide_msgs/include/tide_msgs/tide_msgs/msg/detail/debug_armor__rosidl_typesupport_fastrtps_cpp.hpp
[3.451s] -- Up-to-date symlink: /home/luis/workshop_ws/install/tide_msgs/include/tide_msgs/tide_msgs/msg/detail/debug_armors__rosidl_typesupport_fastrtps_cpp.hpp
[3.451s] -- Up-to-date symlink: /home/luis/workshop_ws/install/tide_msgs/include/tide_msgs/tide_msgs/msg/detail/debug_light__rosidl_typesupport_fastrtps_cpp.hpp
[3.451s] -- Up-to-date symlink: /home/luis/workshop_ws/install/tide_msgs/include/tide_msgs/tide_msgs/msg/detail/debug_lights__rosidl_typesupport_fastrtps_cpp.hpp
[3.452s] -- Up-to-date symlink: /home/luis/workshop_ws/install/tide_msgs/include/tide_msgs/tide_msgs/msg/detail/event_data__rosidl_typesupport_fastrtps_cpp.hpp
[3.452s] -- Up-to-date symlink: /home/luis/workshop_ws/install/tide_msgs/include/tide_msgs/tide_msgs/msg/detail/fd_frame__rosidl_typesupport_fastrtps_cpp.hpp
[3.452s] -- Up-to-date symlink: /home/luis/workshop_ws/install/tide_msgs/include/tide_msgs/tide_msgs/msg/detail/game_result__rosidl_typesupport_fastrtps_cpp.hpp
[3.452s] -- Up-to-date symlink: /home/luis/workshop_ws/install/tide_msgs/include/tide_msgs/tide_msgs/msg/detail/game_robot_hp__rosidl_typesupport_fastrtps_cpp.hpp
[3.452s] -- Up-to-date symlink: /home/luis/workshop_ws/install/tide_msgs/include/tide_msgs/tide_msgs/msg/detail/game_robot_pos__rosidl_typesupport_fastrtps_cpp.hpp
[3.453s] -- Up-to-date symlink: /home/luis/workshop_ws/install/tide_msgs/include/tide_msgs/tide_msgs/msg/detail/game_robot_status__rosidl_typesupport_fastrtps_cpp.hpp
[3.453s] -- Up-to-date symlink: /home/luis/workshop_ws/install/tide_msgs/include/tide_msgs/tide_msgs/msg/detail/game_status__rosidl_typesupport_fastrtps_cpp.hpp
[3.453s] -- Up-to-date symlink: /home/luis/workshop_ws/install/tide_msgs/include/tide_msgs/tide_msgs/msg/detail/gimbal_cmd__rosidl_typesupport_fastrtps_cpp.hpp
[3.453s] -- Up-to-date symlink: /home/luis/workshop_ws/install/tide_msgs/include/tide_msgs/tide_msgs/msg/detail/gimbal_state__rosidl_typesupport_fastrtps_cpp.hpp
[3.453s] -- Up-to-date symlink: /home/luis/workshop_ws/install/tide_msgs/include/tide_msgs/tide_msgs/msg/detail/ground_robot__rosidl_typesupport_fastrtps_cpp.hpp
[3.454s] -- Up-to-date symlink: /home/luis/workshop_ws/install/tide_msgs/include/tide_msgs/tide_msgs/msg/detail/interact_id__rosidl_typesupport_fastrtps_cpp.hpp
[3.454s] -- Up-to-date symlink: /home/luis/workshop_ws/install/tide_msgs/include/tide_msgs/tide_msgs/msg/detail/power_heat_data__rosidl_typesupport_fastrtps_cpp.hpp
[3.454s] -- Up-to-date symlink: /home/luis/workshop_ws/install/tide_msgs/include/tide_msgs/tide_msgs/msg/detail/referee_data__rosidl_typesupport_fastrtps_cpp.hpp
[3.454s] -- Up-to-date symlink: /home/luis/workshop_ws/install/tide_msgs/include/tide_msgs/tide_msgs/msg/detail/referee_warning__rosidl_typesupport_fastrtps_cpp.hpp
[3.454s] -- Up-to-date symlink: /home/luis/workshop_ws/install/tide_msgs/include/tide_msgs/tide_msgs/msg/detail/rfid_status__rosidl_typesupport_fastrtps_cpp.hpp
[3.455s] -- Up-to-date symlink: /home/luis/workshop_ws/install/tide_msgs/include/tide_msgs/tide_msgs/msg/detail/robot_hurt__rosidl_typesupport_fastrtps_cpp.hpp
[3.455s] -- Up-to-date symlink: /home/luis/workshop_ws/install/tide_msgs/include/tide_msgs/tide_msgs/msg/detail/sentry_info__rosidl_typesupport_fastrtps_cpp.hpp
[3.455s] -- Up-to-date symlink: /home/luis/workshop_ws/install/tide_msgs/include/tide_msgs/tide_msgs/msg/detail/shoot_data__rosidl_typesupport_fastrtps_cpp.hpp
[3.455s] -- Up-to-date symlink: /home/luis/workshop_ws/install/tide_msgs/include/tide_msgs/tide_msgs/msg/detail/shooter_cmd__rosidl_typesupport_fastrtps_cpp.hpp
[3.455s] -- Up-to-date symlink: /home/luis/workshop_ws/install/tide_msgs/include/tide_msgs/tide_msgs/msg/detail/shooter_state__rosidl_typesupport_fastrtps_cpp.hpp
[3.456s] -- Up-to-date symlink: /home/luis/workshop_ws/install/tide_msgs/include/tide_msgs/tide_msgs/msg/detail/target__rosidl_typesupport_fastrtps_cpp.hpp
[3.456s] -- Up-to-date symlink: /home/luis/workshop_ws/install/tide_msgs/include/tide_msgs/tide_msgs/msg/detail/time_info__rosidl_typesupport_fastrtps_cpp.hpp
[3.456s] -- Up-to-date symlink: /home/luis/workshop_ws/install/tide_msgs/include/tide_msgs/tide_msgs/msg/detail/tracker_info__rosidl_typesupport_fastrtps_cpp.hpp
[3.456s] -- Up-to-date symlink: /home/luis/workshop_ws/install/tide_msgs/include/tide_msgs/tide_msgs/msg/rosidl_typesupport_fastrtps_cpp__visibility_control.h
[3.457s] -- Up-to-date symlink: /home/luis/workshop_ws/install/tide_msgs/include/tide_msgs/tide_msgs/msg/detail/armor__rosidl_typesupport_introspection_c.h
[3.458s] -- Up-to-date symlink: /home/luis/workshop_ws/install/tide_msgs/include/tide_msgs/tide_msgs/msg/detail/armors__rosidl_typesupport_introspection_c.h
[3.458s] -- Up-to-date symlink: /home/luis/workshop_ws/install/tide_msgs/include/tide_msgs/tide_msgs/msg/detail/bigyaw_cmd__rosidl_typesupport_introspection_c.h
[3.458s] -- Up-to-date symlink: /home/luis/workshop_ws/install/tide_msgs/include/tide_msgs/tide_msgs/msg/detail/bigyaw_state__rosidl_typesupport_introspection_c.h
[3.458s] -- Up-to-date symlink: /home/luis/workshop_ws/install/tide_msgs/include/tide_msgs/tide_msgs/msg/detail/buff__rosidl_typesupport_introspection_c.h
[3.458s] -- Up-to-date symlink: /home/luis/workshop_ws/install/tide_msgs/include/tide_msgs/tide_msgs/msg/detail/bullet_remaining__rosidl_typesupport_introspection_c.h
[3.459s] -- Up-to-date symlink: /home/luis/workshop_ws/install/tide_msgs/include/tide_msgs/tide_msgs/msg/detail/debug_armor__rosidl_typesupport_introspection_c.h
[3.459s] -- Up-to-date symlink: /home/luis/workshop_ws/install/tide_msgs/include/tide_msgs/tide_msgs/msg/detail/debug_armors__rosidl_typesupport_introspection_c.h
[3.459s] -- Up-to-date symlink: /home/luis/workshop_ws/install/tide_msgs/include/tide_msgs/tide_msgs/msg/detail/debug_light__rosidl_typesupport_introspection_c.h
[3.459s] -- Up-to-date symlink: /home/luis/workshop_ws/install/tide_msgs/include/tide_msgs/tide_msgs/msg/detail/debug_lights__rosidl_typesupport_introspection_c.h
[3.459s] -- Up-to-date symlink: /home/luis/workshop_ws/install/tide_msgs/include/tide_msgs/tide_msgs/msg/detail/event_data__rosidl_typesupport_introspection_c.h
[3.459s] -- Up-to-date symlink: /home/luis/workshop_ws/install/tide_msgs/include/tide_msgs/tide_msgs/msg/detail/fd_frame__rosidl_typesupport_introspection_c.h
[3.460s] -- Up-to-date symlink: /home/luis/workshop_ws/install/tide_msgs/include/tide_msgs/tide_msgs/msg/detail/game_result__rosidl_typesupport_introspection_c.h
[3.460s] -- Up-to-date symlink: /home/luis/workshop_ws/install/tide_msgs/include/tide_msgs/tide_msgs/msg/detail/game_robot_hp__rosidl_typesupport_introspection_c.h
[3.460s] -- Up-to-date symlink: /home/luis/workshop_ws/install/tide_msgs/include/tide_msgs/tide_msgs/msg/detail/game_robot_pos__rosidl_typesupport_introspection_c.h
[3.460s] -- Up-to-date symlink: /home/luis/workshop_ws/install/tide_msgs/include/tide_msgs/tide_msgs/msg/detail/game_robot_status__rosidl_typesupport_introspection_c.h
[3.460s] -- Up-to-date symlink: /home/luis/workshop_ws/install/tide_msgs/include/tide_msgs/tide_msgs/msg/detail/game_status__rosidl_typesupport_introspection_c.h
[3.461s] -- Up-to-date symlink: /home/luis/workshop_ws/install/tide_msgs/include/tide_msgs/tide_msgs/msg/detail/gimbal_cmd__rosidl_typesupport_introspection_c.h
[3.461s] -- Up-to-date symlink: /home/luis/workshop_ws/install/tide_msgs/include/tide_msgs/tide_msgs/msg/detail/gimbal_state__rosidl_typesupport_introspection_c.h
[3.461s] -- Up-to-date symlink: /home/luis/workshop_ws/install/tide_msgs/include/tide_msgs/tide_msgs/msg/detail/ground_robot__rosidl_typesupport_introspection_c.h
[3.461s] -- Up-to-date symlink: /home/luis/workshop_ws/install/tide_msgs/include/tide_msgs/tide_msgs/msg/detail/interact_id__rosidl_typesupport_introspection_c.h
[3.461s] -- Up-to-date symlink: /home/luis/workshop_ws/install/tide_msgs/include/tide_msgs/tide_msgs/msg/detail/power_heat_data__rosidl_typesupport_introspection_c.h
[3.462s] -- Up-to-date symlink: /home/luis/workshop_ws/install/tide_msgs/include/tide_msgs/tide_msgs/msg/detail/referee_data__rosidl_typesupport_introspection_c.h
[3.462s] -- Up-to-date symlink: /home/luis/workshop_ws/install/tide_msgs/include/tide_msgs/tide_msgs/msg/detail/referee_warning__rosidl_typesupport_introspection_c.h
[3.462s] -- Up-to-date symlink: /home/luis/workshop_ws/install/tide_msgs/include/tide_msgs/tide_msgs/msg/detail/rfid_status__rosidl_typesupport_introspection_c.h
[3.462s] -- Up-to-date symlink: /home/luis/workshop_ws/install/tide_msgs/include/tide_msgs/tide_msgs/msg/detail/robot_hurt__rosidl_typesupport_introspection_c.h
[3.462s] -- Up-to-date symlink: /home/luis/workshop_ws/install/tide_msgs/include/tide_msgs/tide_msgs/msg/detail/sentry_info__rosidl_typesupport_introspection_c.h
[3.463s] -- Up-to-date symlink: /home/luis/workshop_ws/install/tide_msgs/include/tide_msgs/tide_msgs/msg/detail/shoot_data__rosidl_typesupport_introspection_c.h
[3.463s] -- Up-to-date symlink: /home/luis/workshop_ws/install/tide_msgs/include/tide_msgs/tide_msgs/msg/detail/shooter_cmd__rosidl_typesupport_introspection_c.h
[3.463s] -- Up-to-date symlink: /home/luis/workshop_ws/install/tide_msgs/include/tide_msgs/tide_msgs/msg/detail/shooter_state__rosidl_typesupport_introspection_c.h
[3.463s] -- Up-to-date symlink: /home/luis/workshop_ws/install/tide_msgs/include/tide_msgs/tide_msgs/msg/detail/target__rosidl_typesupport_introspection_c.h
[3.463s] -- Up-to-date symlink: /home/luis/workshop_ws/install/tide_msgs/include/tide_msgs/tide_msgs/msg/detail/time_info__rosidl_typesupport_introspection_c.h
[3.464s] -- Up-to-date symlink: /home/luis/workshop_ws/install/tide_msgs/include/tide_msgs/tide_msgs/msg/detail/tracker_info__rosidl_typesupport_introspection_c.h
[3.464s] -- Up-to-date symlink: /home/luis/workshop_ws/install/tide_msgs/include/tide_msgs/tide_msgs/msg/rosidl_typesupport_introspection_c__visibility_control.h
[3.465s] -- Up-to-date symlink: /home/luis/workshop_ws/install/tide_msgs/include/tide_msgs/tide_msgs/msg/detail/armor__rosidl_typesupport_introspection_cpp.hpp
[3.465s] -- Up-to-date symlink: /home/luis/workshop_ws/install/tide_msgs/include/tide_msgs/tide_msgs/msg/detail/armors__rosidl_typesupport_introspection_cpp.hpp
[3.466s] -- Up-to-date symlink: /home/luis/workshop_ws/install/tide_msgs/include/tide_msgs/tide_msgs/msg/detail/bigyaw_cmd__rosidl_typesupport_introspection_cpp.hpp
[3.466s] -- Up-to-date symlink: /home/luis/workshop_ws/install/tide_msgs/include/tide_msgs/tide_msgs/msg/detail/bigyaw_state__rosidl_typesupport_introspection_cpp.hpp
[3.466s] -- Up-to-date symlink: /home/luis/workshop_ws/install/tide_msgs/include/tide_msgs/tide_msgs/msg/detail/buff__rosidl_typesupport_introspection_cpp.hpp
[3.466s] -- Up-to-date symlink: /home/luis/workshop_ws/install/tide_msgs/include/tide_msgs/tide_msgs/msg/detail/bullet_remaining__rosidl_typesupport_introspection_cpp.hpp
[3.466s] -- Up-to-date symlink: /home/luis/workshop_ws/install/tide_msgs/include/tide_msgs/tide_msgs/msg/detail/debug_armor__rosidl_typesupport_introspection_cpp.hpp
[3.466s] -- Up-to-date symlink: /home/luis/workshop_ws/install/tide_msgs/include/tide_msgs/tide_msgs/msg/detail/debug_armors__rosidl_typesupport_introspection_cpp.hpp
[3.467s] -- Up-to-date symlink: /home/luis/workshop_ws/install/tide_msgs/include/tide_msgs/tide_msgs/msg/detail/debug_light__rosidl_typesupport_introspection_cpp.hpp
[3.467s] -- Up-to-date symlink: /home/luis/workshop_ws/install/tide_msgs/include/tide_msgs/tide_msgs/msg/detail/debug_lights__rosidl_typesupport_introspection_cpp.hpp
[3.467s] -- Up-to-date symlink: /home/luis/workshop_ws/install/tide_msgs/include/tide_msgs/tide_msgs/msg/detail/event_data__rosidl_typesupport_introspection_cpp.hpp
[3.467s] -- Up-to-date symlink: /home/luis/workshop_ws/install/tide_msgs/include/tide_msgs/tide_msgs/msg/detail/fd_frame__rosidl_typesupport_introspection_cpp.hpp
[3.467s] -- Up-to-date symlink: /home/luis/workshop_ws/install/tide_msgs/include/tide_msgs/tide_msgs/msg/detail/game_result__rosidl_typesupport_introspection_cpp.hpp
[3.468s] -- Up-to-date symlink: /home/luis/workshop_ws/install/tide_msgs/include/tide_msgs/tide_msgs/msg/detail/game_robot_hp__rosidl_typesupport_introspection_cpp.hpp
[3.468s] -- Up-to-date symlink: /home/luis/workshop_ws/install/tide_msgs/include/tide_msgs/tide_msgs/msg/detail/game_robot_pos__rosidl_typesupport_introspection_cpp.hpp
[3.468s] -- Up-to-date symlink: /home/luis/workshop_ws/install/tide_msgs/include/tide_msgs/tide_msgs/msg/detail/game_robot_status__rosidl_typesupport_introspection_cpp.hpp
[3.468s] -- Up-to-date symlink: /home/luis/workshop_ws/install/tide_msgs/include/tide_msgs/tide_msgs/msg/detail/game_status__rosidl_typesupport_introspection_cpp.hpp
[3.468s] -- Up-to-date symlink: /home/luis/workshop_ws/install/tide_msgs/include/tide_msgs/tide_msgs/msg/detail/gimbal_cmd__rosidl_typesupport_introspection_cpp.hpp
[3.469s] -- Up-to-date symlink: /home/luis/workshop_ws/install/tide_msgs/include/tide_msgs/tide_msgs/msg/detail/gimbal_state__rosidl_typesupport_introspection_cpp.hpp
[3.469s] -- Up-to-date symlink: /home/luis/workshop_ws/install/tide_msgs/include/tide_msgs/tide_msgs/msg/detail/ground_robot__rosidl_typesupport_introspection_cpp.hpp
[3.469s] -- Up-to-date symlink: /home/luis/workshop_ws/install/tide_msgs/include/tide_msgs/tide_msgs/msg/detail/interact_id__rosidl_typesupport_introspection_cpp.hpp
[3.469s] -- Up-to-date symlink: /home/luis/workshop_ws/install/tide_msgs/include/tide_msgs/tide_msgs/msg/detail/power_heat_data__rosidl_typesupport_introspection_cpp.hpp
[3.469s] -- Up-to-date symlink: /home/luis/workshop_ws/install/tide_msgs/include/tide_msgs/tide_msgs/msg/detail/referee_data__rosidl_typesupport_introspection_cpp.hpp
[3.470s] -- Up-to-date symlink: /home/luis/workshop_ws/install/tide_msgs/include/tide_msgs/tide_msgs/msg/detail/referee_warning__rosidl_typesupport_introspection_cpp.hpp
[3.470s] -- Up-to-date symlink: /home/luis/workshop_ws/install/tide_msgs/include/tide_msgs/tide_msgs/msg/detail/rfid_status__rosidl_typesupport_introspection_cpp.hpp
[3.470s] -- Up-to-date symlink: /home/luis/workshop_ws/install/tide_msgs/include/tide_msgs/tide_msgs/msg/detail/robot_hurt__rosidl_typesupport_introspection_cpp.hpp
[3.470s] -- Up-to-date symlink: /home/luis/workshop_ws/install/tide_msgs/include/tide_msgs/tide_msgs/msg/detail/sentry_info__rosidl_typesupport_introspection_cpp.hpp
[3.470s] -- Up-to-date symlink: /home/luis/workshop_ws/install/tide_msgs/include/tide_msgs/tide_msgs/msg/detail/shoot_data__rosidl_typesupport_introspection_cpp.hpp
[3.470s] -- Up-to-date symlink: /home/luis/workshop_ws/install/tide_msgs/include/tide_msgs/tide_msgs/msg/detail/shooter_cmd__rosidl_typesupport_introspection_cpp.hpp
[3.471s] -- Up-to-date symlink: /home/luis/workshop_ws/install/tide_msgs/include/tide_msgs/tide_msgs/msg/detail/shooter_state__rosidl_typesupport_introspection_cpp.hpp
[3.471s] -- Up-to-date symlink: /home/luis/workshop_ws/install/tide_msgs/include/tide_msgs/tide_msgs/msg/detail/target__rosidl_typesupport_introspection_cpp.hpp
[3.471s] -- Up-to-date symlink: /home/luis/workshop_ws/install/tide_msgs/include/tide_msgs/tide_msgs/msg/detail/time_info__rosidl_typesupport_introspection_cpp.hpp
[3.471s] -- Up-to-date symlink: /home/luis/workshop_ws/install/tide_msgs/include/tide_msgs/tide_msgs/msg/detail/tracker_info__rosidl_typesupport_introspection_cpp.hpp
[3.472s] -- Up-to-date symlink: /home/luis/workshop_ws/install/tide_msgs/share/tide_msgs/environment/pythonpath.sh
[3.472s] -- Up-to-date symlink: /home/luis/workshop_ws/install/tide_msgs/share/tide_msgs/environment/pythonpath.dsv
[3.472s] -- Up-to-date symlink: /home/luis/workshop_ws/install/tide_msgs/local/lib/python3.10/dist-packages/tide_msgs-0.0.0-py3.10.egg-info/PKG-INFO
[3.473s] -- Up-to-date symlink: /home/luis/workshop_ws/install/tide_msgs/local/lib/python3.10/dist-packages/tide_msgs-0.0.0-py3.10.egg-info/SOURCES.txt
[3.473s] -- Up-to-date symlink: /home/luis/workshop_ws/install/tide_msgs/local/lib/python3.10/dist-packages/tide_msgs-0.0.0-py3.10.egg-info/dependency_links.txt
[3.473s] -- Up-to-date symlink: /home/luis/workshop_ws/install/tide_msgs/local/lib/python3.10/dist-packages/tide_msgs-0.0.0-py3.10.egg-info/top_level.txt
[3.476s] -- Up-to-date symlink: /home/luis/workshop_ws/install/tide_msgs/local/lib/python3.10/dist-packages/tide_msgs/__init__.py
[3.476s] -- Up-to-date symlink: /home/luis/workshop_ws/install/tide_msgs/local/lib/python3.10/dist-packages/tide_msgs/_tide_msgs_s.ep.rosidl_typesupport_c.c
[3.476s] -- Up-to-date symlink: /home/luis/workshop_ws/install/tide_msgs/local/lib/python3.10/dist-packages/tide_msgs/_tide_msgs_s.ep.rosidl_typesupport_fastrtps_c.c
[3.476s] -- Up-to-date symlink: /home/luis/workshop_ws/install/tide_msgs/local/lib/python3.10/dist-packages/tide_msgs/_tide_msgs_s.ep.rosidl_typesupport_introspection_c.c
[3.476s] -- Up-to-date symlink: /home/luis/workshop_ws/install/tide_msgs/local/lib/python3.10/dist-packages/tide_msgs/libtide_msgs__rosidl_generator_py.so
[3.477s] -- Up-to-date symlink: /home/luis/workshop_ws/install/tide_msgs/local/lib/python3.10/dist-packages/tide_msgs/msg/__init__.py
[3.477s] -- Up-to-date symlink: /home/luis/workshop_ws/install/tide_msgs/local/lib/python3.10/dist-packages/tide_msgs/msg/_armor.py
[3.477s] -- Up-to-date symlink: /home/luis/workshop_ws/install/tide_msgs/local/lib/python3.10/dist-packages/tide_msgs/msg/_armor_s.c
[3.477s] -- Up-to-date symlink: /home/luis/workshop_ws/install/tide_msgs/local/lib/python3.10/dist-packages/tide_msgs/msg/_armors.py
[3.477s] -- Up-to-date symlink: /home/luis/workshop_ws/install/tide_msgs/local/lib/python3.10/dist-packages/tide_msgs/msg/_armors_s.c
[3.477s] -- Up-to-date symlink: /home/luis/workshop_ws/install/tide_msgs/local/lib/python3.10/dist-packages/tide_msgs/msg/_bigyaw_cmd.py
[3.478s] -- Up-to-date symlink: /home/luis/workshop_ws/install/tide_msgs/local/lib/python3.10/dist-packages/tide_msgs/msg/_bigyaw_cmd_s.c
[3.478s] -- Up-to-date symlink: /home/luis/workshop_ws/install/tide_msgs/local/lib/python3.10/dist-packages/tide_msgs/msg/_bigyaw_state.py
[3.478s] -- Up-to-date symlink: /home/luis/workshop_ws/install/tide_msgs/local/lib/python3.10/dist-packages/tide_msgs/msg/_bigyaw_state_s.c
[3.478s] -- Up-to-date symlink: /home/luis/workshop_ws/install/tide_msgs/local/lib/python3.10/dist-packages/tide_msgs/msg/_buff.py
[3.478s] -- Up-to-date symlink: /home/luis/workshop_ws/install/tide_msgs/local/lib/python3.10/dist-packages/tide_msgs/msg/_buff_s.c
[3.479s] -- Up-to-date symlink: /home/luis/workshop_ws/install/tide_msgs/local/lib/python3.10/dist-packages/tide_msgs/msg/_bullet_remaining.py
[3.479s] -- Up-to-date symlink: /home/luis/workshop_ws/install/tide_msgs/local/lib/python3.10/dist-packages/tide_msgs/msg/_bullet_remaining_s.c
[3.479s] -- Up-to-date symlink: /home/luis/workshop_ws/install/tide_msgs/local/lib/python3.10/dist-packages/tide_msgs/msg/_debug_armor.py
[3.479s] -- Up-to-date symlink: /home/luis/workshop_ws/install/tide_msgs/local/lib/python3.10/dist-packages/tide_msgs/msg/_debug_armor_s.c
[3.479s] -- Up-to-date symlink: /home/luis/workshop_ws/install/tide_msgs/local/lib/python3.10/dist-packages/tide_msgs/msg/_debug_armors.py
[3.480s] -- Up-to-date symlink: /home/luis/workshop_ws/install/tide_msgs/local/lib/python3.10/dist-packages/tide_msgs/msg/_debug_armors_s.c
[3.480s] -- Up-to-date symlink: /home/luis/workshop_ws/install/tide_msgs/local/lib/python3.10/dist-packages/tide_msgs/msg/_debug_light.py
[3.480s] -- Up-to-date symlink: /home/luis/workshop_ws/install/tide_msgs/local/lib/python3.10/dist-packages/tide_msgs/msg/_debug_light_s.c
[3.480s] -- Up-to-date symlink: /home/luis/workshop_ws/install/tide_msgs/local/lib/python3.10/dist-packages/tide_msgs/msg/_debug_lights.py
[3.480s] -- Up-to-date symlink: /home/luis/workshop_ws/install/tide_msgs/local/lib/python3.10/dist-packages/tide_msgs/msg/_debug_lights_s.c
[3.481s] -- Up-to-date symlink: /home/luis/workshop_ws/install/tide_msgs/local/lib/python3.10/dist-packages/tide_msgs/msg/_event_data.py
[3.481s] -- Up-to-date symlink: /home/luis/workshop_ws/install/tide_msgs/local/lib/python3.10/dist-packages/tide_msgs/msg/_event_data_s.c
[3.481s] -- Up-to-date symlink: /home/luis/workshop_ws/install/tide_msgs/local/lib/python3.10/dist-packages/tide_msgs/msg/_fd_frame.py
[3.481s] -- Up-to-date symlink: /home/luis/workshop_ws/install/tide_msgs/local/lib/python3.10/dist-packages/tide_msgs/msg/_fd_frame_s.c
[3.481s] -- Up-to-date symlink: /home/luis/workshop_ws/install/tide_msgs/local/lib/python3.10/dist-packages/tide_msgs/msg/_game_result.py
[3.481s] -- Up-to-date symlink: /home/luis/workshop_ws/install/tide_msgs/local/lib/python3.10/dist-packages/tide_msgs/msg/_game_result_s.c
[3.482s] -- Up-to-date symlink: /home/luis/workshop_ws/install/tide_msgs/local/lib/python3.10/dist-packages/tide_msgs/msg/_game_robot_hp.py
[3.482s] -- Up-to-date symlink: /home/luis/workshop_ws/install/tide_msgs/local/lib/python3.10/dist-packages/tide_msgs/msg/_game_robot_hp_s.c
[3.482s] -- Up-to-date symlink: /home/luis/workshop_ws/install/tide_msgs/local/lib/python3.10/dist-packages/tide_msgs/msg/_game_robot_pos.py
[3.482s] -- Up-to-date symlink: /home/luis/workshop_ws/install/tide_msgs/local/lib/python3.10/dist-packages/tide_msgs/msg/_game_robot_pos_s.c
[3.482s] -- Up-to-date symlink: /home/luis/workshop_ws/install/tide_msgs/local/lib/python3.10/dist-packages/tide_msgs/msg/_game_robot_status.py
[3.483s] -- Up-to-date symlink: /home/luis/workshop_ws/install/tide_msgs/local/lib/python3.10/dist-packages/tide_msgs/msg/_game_robot_status_s.c
[3.483s] -- Up-to-date symlink: /home/luis/workshop_ws/install/tide_msgs/local/lib/python3.10/dist-packages/tide_msgs/msg/_game_status.py
[3.483s] -- Up-to-date symlink: /home/luis/workshop_ws/install/tide_msgs/local/lib/python3.10/dist-packages/tide_msgs/msg/_game_status_s.c
[3.483s] -- Up-to-date symlink: /home/luis/workshop_ws/install/tide_msgs/local/lib/python3.10/dist-packages/tide_msgs/msg/_gimbal_cmd.py
[3.483s] -- Up-to-date symlink: /home/luis/workshop_ws/install/tide_msgs/local/lib/python3.10/dist-packages/tide_msgs/msg/_gimbal_cmd_s.c
[3.483s] -- Up-to-date symlink: /home/luis/workshop_ws/install/tide_msgs/local/lib/python3.10/dist-packages/tide_msgs/msg/_gimbal_state.py
[3.484s] -- Up-to-date symlink: /home/luis/workshop_ws/install/tide_msgs/local/lib/python3.10/dist-packages/tide_msgs/msg/_gimbal_state_s.c
[3.484s] -- Up-to-date symlink: /home/luis/workshop_ws/install/tide_msgs/local/lib/python3.10/dist-packages/tide_msgs/msg/_ground_robot.py
[3.484s] -- Up-to-date symlink: /home/luis/workshop_ws/install/tide_msgs/local/lib/python3.10/dist-packages/tide_msgs/msg/_ground_robot_s.c
[3.484s] -- Up-to-date symlink: /home/luis/workshop_ws/install/tide_msgs/local/lib/python3.10/dist-packages/tide_msgs/msg/_interact_id.py
[3.484s] -- Up-to-date symlink: /home/luis/workshop_ws/install/tide_msgs/local/lib/python3.10/dist-packages/tide_msgs/msg/_interact_id_s.c
[3.485s] -- Up-to-date symlink: /home/luis/workshop_ws/install/tide_msgs/local/lib/python3.10/dist-packages/tide_msgs/msg/_power_heat_data.py
[3.485s] -- Up-to-date symlink: /home/luis/workshop_ws/install/tide_msgs/local/lib/python3.10/dist-packages/tide_msgs/msg/_power_heat_data_s.c
[3.485s] -- Up-to-date symlink: /home/luis/workshop_ws/install/tide_msgs/local/lib/python3.10/dist-packages/tide_msgs/msg/_referee_data.py
[3.485s] -- Up-to-date symlink: /home/luis/workshop_ws/install/tide_msgs/local/lib/python3.10/dist-packages/tide_msgs/msg/_referee_data_s.c
[3.485s] -- Up-to-date symlink: /home/luis/workshop_ws/install/tide_msgs/local/lib/python3.10/dist-packages/tide_msgs/msg/_referee_warning.py
[3.486s] -- Up-to-date symlink: /home/luis/workshop_ws/install/tide_msgs/local/lib/python3.10/dist-packages/tide_msgs/msg/_referee_warning_s.c
[3.486s] -- Up-to-date symlink: /home/luis/workshop_ws/install/tide_msgs/local/lib/python3.10/dist-packages/tide_msgs/msg/_rfid_status.py
[3.486s] -- Up-to-date symlink: /home/luis/workshop_ws/install/tide_msgs/local/lib/python3.10/dist-packages/tide_msgs/msg/_rfid_status_s.c
[3.486s] -- Up-to-date symlink: /home/luis/workshop_ws/install/tide_msgs/local/lib/python3.10/dist-packages/tide_msgs/msg/_robot_hurt.py
[3.486s] -- Up-to-date symlink: /home/luis/workshop_ws/install/tide_msgs/local/lib/python3.10/dist-packages/tide_msgs/msg/_robot_hurt_s.c
[3.486s] -- Up-to-date symlink: /home/luis/workshop_ws/install/tide_msgs/local/lib/python3.10/dist-packages/tide_msgs/msg/_sentry_info.py
[3.487s] -- Up-to-date symlink: /home/luis/workshop_ws/install/tide_msgs/local/lib/python3.10/dist-packages/tide_msgs/msg/_sentry_info_s.c
[3.487s] -- Up-to-date symlink: /home/luis/workshop_ws/install/tide_msgs/local/lib/python3.10/dist-packages/tide_msgs/msg/_shoot_data.py
[3.487s] -- Up-to-date symlink: /home/luis/workshop_ws/install/tide_msgs/local/lib/python3.10/dist-packages/tide_msgs/msg/_shoot_data_s.c
[3.487s] -- Up-to-date symlink: /home/luis/workshop_ws/install/tide_msgs/local/lib/python3.10/dist-packages/tide_msgs/msg/_shooter_cmd.py
[3.488s] -- Up-to-date symlink: /home/luis/workshop_ws/install/tide_msgs/local/lib/python3.10/dist-packages/tide_msgs/msg/_shooter_cmd_s.c
[3.488s] -- Up-to-date symlink: /home/luis/workshop_ws/install/tide_msgs/local/lib/python3.10/dist-packages/tide_msgs/msg/_shooter_state.py
[3.488s] -- Up-to-date symlink: /home/luis/workshop_ws/install/tide_msgs/local/lib/python3.10/dist-packages/tide_msgs/msg/_shooter_state_s.c
[3.488s] -- Up-to-date symlink: /home/luis/workshop_ws/install/tide_msgs/local/lib/python3.10/dist-packages/tide_msgs/msg/_target.py
[3.488s] -- Up-to-date symlink: /home/luis/workshop_ws/install/tide_msgs/local/lib/python3.10/dist-packages/tide_msgs/msg/_target_s.c
[3.488s] -- Up-to-date symlink: /home/luis/workshop_ws/install/tide_msgs/local/lib/python3.10/dist-packages/tide_msgs/msg/_time_info.py
[3.489s] -- Up-to-date symlink: /home/luis/workshop_ws/install/tide_msgs/local/lib/python3.10/dist-packages/tide_msgs/msg/_time_info_s.c
[3.489s] -- Up-to-date symlink: /home/luis/workshop_ws/install/tide_msgs/local/lib/python3.10/dist-packages/tide_msgs/msg/_tracker_info.py
[3.489s] -- Up-to-date symlink: /home/luis/workshop_ws/install/tide_msgs/local/lib/python3.10/dist-packages/tide_msgs/msg/_tracker_info_s.c
[3.489s] -- Up-to-date symlink: /home/luis/workshop_ws/install/tide_msgs/local/lib/python3.10/dist-packages/tide_msgs/tide_msgs_s__rosidl_typesupport_c.cpython-310-x86_64-linux-gnu.so
[3.489s] -- Up-to-date symlink: /home/luis/workshop_ws/install/tide_msgs/local/lib/python3.10/dist-packages/tide_msgs/tide_msgs_s__rosidl_typesupport_fastrtps_c.cpython-310-x86_64-linux-gnu.so
[3.490s] -- Up-to-date symlink: /home/luis/workshop_ws/install/tide_msgs/local/lib/python3.10/dist-packages/tide_msgs/tide_msgs_s__rosidl_typesupport_introspection_c.cpython-310-x86_64-linux-gnu.so
[3.490s] -- Up-to-date symlink: /home/luis/workshop_ws/install/tide_msgs/local/lib/python3.10/dist-packages/tide_msgs/tide_msgs_s__rosidl_typesupport_fastrtps_c.cpython-310-x86_64-linux-gnu.so
[3.490s] -- Up-to-date symlink: /home/luis/workshop_ws/install/tide_msgs/local/lib/python3.10/dist-packages/tide_msgs/tide_msgs_s__rosidl_typesupport_introspection_c.cpython-310-x86_64-linux-gnu.so
[3.491s] -- Up-to-date symlink: /home/luis/workshop_ws/install/tide_msgs/local/lib/python3.10/dist-packages/tide_msgs/tide_msgs_s__rosidl_typesupport_c.cpython-310-x86_64-linux-gnu.so
[3.491s] -- Up-to-date symlink: /home/luis/workshop_ws/install/tide_msgs/share/tide_msgs/msg/GimbalState.idl
[3.491s] -- Up-to-date symlink: /home/luis/workshop_ws/install/tide_msgs/share/tide_msgs/msg/GimbalCmd.idl
[3.491s] -- Up-to-date symlink: /home/luis/workshop_ws/install/tide_msgs/share/tide_msgs/msg/ShooterState.idl
[3.492s] -- Up-to-date symlink: /home/luis/workshop_ws/install/tide_msgs/share/tide_msgs/msg/ShooterCmd.idl
[3.492s] -- Up-to-date symlink: /home/luis/workshop_ws/install/tide_msgs/share/tide_msgs/msg/BigyawState.idl
[3.492s] -- Up-to-date symlink: /home/luis/workshop_ws/install/tide_msgs/share/tide_msgs/msg/BigyawCmd.idl
[3.492s] -- Up-to-date symlink: /home/luis/workshop_ws/install/tide_msgs/share/tide_msgs/msg/FdFrame.idl
[3.493s] -- Up-to-date symlink: /home/luis/workshop_ws/install/tide_msgs/share/tide_msgs/msg/Armor.idl
[3.493s] -- Up-to-date symlink: /home/luis/workshop_ws/install/tide_msgs/share/tide_msgs/msg/Armors.idl
[3.493s] -- Up-to-date symlink: /home/luis/workshop_ws/install/tide_msgs/share/tide_msgs/msg/DebugArmor.idl
[3.493s] -- Up-to-date symlink: /home/luis/workshop_ws/install/tide_msgs/share/tide_msgs/msg/DebugArmors.idl
[3.494s] -- Up-to-date symlink: /home/luis/workshop_ws/install/tide_msgs/share/tide_msgs/msg/DebugLight.idl
[3.494s] -- Up-to-date symlink: /home/luis/workshop_ws/install/tide_msgs/share/tide_msgs/msg/DebugLights.idl
[3.494s] -- Up-to-date symlink: /home/luis/workshop_ws/install/tide_msgs/share/tide_msgs/msg/Target.idl
[3.494s] -- Up-to-date symlink: /home/luis/workshop_ws/install/tide_msgs/share/tide_msgs/msg/TimeInfo.idl
[3.495s] -- Up-to-date symlink: /home/luis/workshop_ws/install/tide_msgs/share/tide_msgs/msg/TrackerInfo.idl
[3.495s] -- Up-to-date symlink: /home/luis/workshop_ws/install/tide_msgs/share/tide_msgs/msg/Buff.idl
[3.495s] -- Up-to-date symlink: /home/luis/workshop_ws/install/tide_msgs/share/tide_msgs/msg/BulletRemaining.idl
[3.495s] -- Up-to-date symlink: /home/luis/workshop_ws/install/tide_msgs/share/tide_msgs/msg/EventData.idl
[3.495s] -- Up-to-date symlink: /home/luis/workshop_ws/install/tide_msgs/share/tide_msgs/msg/GameResult.idl
[3.496s] -- Up-to-date symlink: /home/luis/workshop_ws/install/tide_msgs/share/tide_msgs/msg/GameRobotHP.idl
[3.496s] -- Up-to-date symlink: /home/luis/workshop_ws/install/tide_msgs/share/tide_msgs/msg/GameRobotPos.idl
[3.496s] -- Up-to-date symlink: /home/luis/workshop_ws/install/tide_msgs/share/tide_msgs/msg/GameRobotStatus.idl
[3.496s] -- Up-to-date symlink: /home/luis/workshop_ws/install/tide_msgs/share/tide_msgs/msg/GameStatus.idl
[3.497s] -- Up-to-date symlink: /home/luis/workshop_ws/install/tide_msgs/share/tide_msgs/msg/GroundRobot.idl
[3.497s] -- Up-to-date symlink: /home/luis/workshop_ws/install/tide_msgs/share/tide_msgs/msg/InteractID.idl
[3.497s] -- Up-to-date symlink: /home/luis/workshop_ws/install/tide_msgs/share/tide_msgs/msg/PowerHeatData.idl
[3.497s] -- Up-to-date symlink: /home/luis/workshop_ws/install/tide_msgs/share/tide_msgs/msg/RefereeData.idl
[3.498s] -- Up-to-date symlink: /home/luis/workshop_ws/install/tide_msgs/share/tide_msgs/msg/RefereeWarning.idl
[3.498s] -- Up-to-date symlink: /home/luis/workshop_ws/install/tide_msgs/share/tide_msgs/msg/RFIDStatus.idl
[3.498s] -- Up-to-date symlink: /home/luis/workshop_ws/install/tide_msgs/share/tide_msgs/msg/RobotHurt.idl
[3.498s] -- Up-to-date symlink: /home/luis/workshop_ws/install/tide_msgs/share/tide_msgs/msg/SentryInfo.idl
[3.498s] -- Up-to-date symlink: /home/luis/workshop_ws/install/tide_msgs/share/tide_msgs/msg/ShootData.idl
[3.499s] -- Up-to-date symlink: /home/luis/workshop_ws/install/tide_msgs/share/tide_msgs/msg/GimbalState.msg
[3.499s] -- Up-to-date symlink: /home/luis/workshop_ws/install/tide_msgs/share/tide_msgs/msg/GimbalCmd.msg
[3.499s] -- Up-to-date symlink: /home/luis/workshop_ws/install/tide_msgs/share/tide_msgs/msg/ShooterState.msg
[3.499s] -- Up-to-date symlink: /home/luis/workshop_ws/install/tide_msgs/share/tide_msgs/msg/ShooterCmd.msg
[3.500s] -- Up-to-date symlink: /home/luis/workshop_ws/install/tide_msgs/share/tide_msgs/msg/BigyawState.msg
[3.500s] -- Up-to-date symlink: /home/luis/workshop_ws/install/tide_msgs/share/tide_msgs/msg/BigyawCmd.msg
[3.500s] -- Up-to-date symlink: /home/luis/workshop_ws/install/tide_msgs/share/tide_msgs/msg/FdFrame.msg
[3.500s] -- Up-to-date symlink: /home/luis/workshop_ws/install/tide_msgs/share/tide_msgs/vision/Armor.msg
[3.500s] -- Up-to-date symlink: /home/luis/workshop_ws/install/tide_msgs/share/tide_msgs/vision/Armors.msg
[3.501s] -- Up-to-date symlink: /home/luis/workshop_ws/install/tide_msgs/share/tide_msgs/vision/DebugArmor.msg
[3.501s] -- Up-to-date symlink: /home/luis/workshop_ws/install/tide_msgs/share/tide_msgs/vision/DebugArmors.msg
[3.501s] -- Up-to-date symlink: /home/luis/workshop_ws/install/tide_msgs/share/tide_msgs/vision/DebugLight.msg
[3.501s] -- Up-to-date symlink: /home/luis/workshop_ws/install/tide_msgs/share/tide_msgs/vision/DebugLights.msg
[3.502s] -- Up-to-date symlink: /home/luis/workshop_ws/install/tide_msgs/share/tide_msgs/vision/Target.msg
[3.502s] -- Up-to-date symlink: /home/luis/workshop_ws/install/tide_msgs/share/tide_msgs/vision/TimeInfo.msg
[3.502s] -- Up-to-date symlink: /home/luis/workshop_ws/install/tide_msgs/share/tide_msgs/vision/TrackerInfo.msg
[3.502s] -- Up-to-date symlink: /home/luis/workshop_ws/install/tide_msgs/share/tide_msgs/referee/Buff.msg
[3.503s] -- Up-to-date symlink: /home/luis/workshop_ws/install/tide_msgs/share/tide_msgs/referee/BulletRemaining.msg
[3.503s] -- Up-to-date symlink: /home/luis/workshop_ws/install/tide_msgs/share/tide_msgs/referee/EventData.msg
[3.503s] -- Up-to-date symlink: /home/luis/workshop_ws/install/tide_msgs/share/tide_msgs/referee/GameResult.msg
[3.503s] -- Up-to-date symlink: /home/luis/workshop_ws/install/tide_msgs/share/tide_msgs/referee/GameRobotHP.msg
[3.503s] -- Up-to-date symlink: /home/luis/workshop_ws/install/tide_msgs/share/tide_msgs/referee/GameRobotPos.msg
[3.504s] -- Up-to-date symlink: /home/luis/workshop_ws/install/tide_msgs/share/tide_msgs/referee/GameRobotStatus.msg
[3.504s] -- Up-to-date symlink: /home/luis/workshop_ws/install/tide_msgs/share/tide_msgs/referee/GameStatus.msg
[3.504s] -- Up-to-date symlink: /home/luis/workshop_ws/install/tide_msgs/share/tide_msgs/referee/GroundRobot.msg
[3.504s] -- Up-to-date symlink: /home/luis/workshop_ws/install/tide_msgs/share/tide_msgs/referee/InteractID.msg
[3.505s] -- Up-to-date symlink: /home/luis/workshop_ws/install/tide_msgs/share/tide_msgs/referee/PowerHeatData.msg
[3.505s] -- Up-to-date symlink: /home/luis/workshop_ws/install/tide_msgs/share/tide_msgs/referee/RefereeData.msg
[3.505s] -- Up-to-date symlink: /home/luis/workshop_ws/install/tide_msgs/share/tide_msgs/referee/RefereeWarning.msg
[3.505s] -- Up-to-date symlink: /home/luis/workshop_ws/install/tide_msgs/share/tide_msgs/referee/RFIDStatus.msg
[3.506s] -- Up-to-date symlink: /home/luis/workshop_ws/install/tide_msgs/share/tide_msgs/referee/RobotHurt.msg
[3.506s] -- Up-to-date symlink: /home/luis/workshop_ws/install/tide_msgs/share/tide_msgs/referee/SentryInfo.msg
[3.506s] -- Up-to-date symlink: /home/luis/workshop_ws/install/tide_msgs/share/tide_msgs/referee/ShootData.msg
[3.506s] -- Up-to-date symlink: /home/luis/workshop_ws/install/tide_msgs/share/ament_index/resource_index/package_run_dependencies/tide_msgs
[3.507s] -- Up-to-date symlink: /home/luis/workshop_ws/install/tide_msgs/share/ament_index/resource_index/parent_prefix_path/tide_msgs
[3.507s] -- Up-to-date symlink: /home/luis/workshop_ws/install/tide_msgs/share/tide_msgs/environment/ament_prefix_path.sh
[3.507s] -- Up-to-date symlink: /home/luis/workshop_ws/install/tide_msgs/share/tide_msgs/environment/ament_prefix_path.dsv
[3.507s] -- Up-to-date symlink: /home/luis/workshop_ws/install/tide_msgs/share/tide_msgs/environment/path.sh
[3.508s] -- Up-to-date symlink: /home/luis/workshop_ws/install/tide_msgs/share/tide_msgs/environment/path.dsv
[3.508s] -- Up-to-date symlink: /home/luis/workshop_ws/install/tide_msgs/share/tide_msgs/local_setup.bash
[3.508s] -- Up-to-date symlink: /home/luis/workshop_ws/install/tide_msgs/share/tide_msgs/local_setup.sh
[3.508s] -- Up-to-date symlink: /home/luis/workshop_ws/install/tide_msgs/share/tide_msgs/local_setup.zsh
[3.508s] -- Up-to-date symlink: /home/luis/workshop_ws/install/tide_msgs/share/tide_msgs/local_setup.dsv
[3.509s] -- Symlinking: /home/luis/workshop_ws/install/tide_msgs/share/tide_msgs/package.dsv
[3.529s] -- Up-to-date symlink: /home/luis/workshop_ws/install/tide_msgs/share/ament_index/resource_index/packages/tide_msgs
[3.529s] -- Up-to-date symlink: /home/luis/workshop_ws/install/tide_msgs/share/tide_msgs/cmake/rosidl_cmake-extras.cmake
[3.530s] -- Up-to-date symlink: /home/luis/workshop_ws/install/tide_msgs/share/tide_msgs/cmake/ament_cmake_export_dependencies-extras.cmake
[3.530s] -- Up-to-date symlink: /home/luis/workshop_ws/install/tide_msgs/share/tide_msgs/cmake/ament_cmake_export_include_directories-extras.cmake
[3.531s] -- Up-to-date symlink: /home/luis/workshop_ws/install/tide_msgs/share/tide_msgs/cmake/ament_cmake_export_libraries-extras.cmake
[3.531s] -- Up-to-date symlink: /home/luis/workshop_ws/install/tide_msgs/share/tide_msgs/cmake/ament_cmake_export_targets-extras.cmake
[3.531s] -- Up-to-date symlink: /home/luis/workshop_ws/install/tide_msgs/share/tide_msgs/cmake/rosidl_cmake_export_typesupport_targets-extras.cmake
[3.531s] -- Up-to-date symlink: /home/luis/workshop_ws/install/tide_msgs/share/tide_msgs/cmake/rosidl_cmake_export_typesupport_libraries-extras.cmake
[3.531s] -- Up-to-date symlink: /home/luis/workshop_ws/install/tide_msgs/share/tide_msgs/cmake/tide_msgsConfig.cmake
[3.532s] -- Up-to-date symlink: /home/luis/workshop_ws/install/tide_msgs/share/tide_msgs/cmake/tide_msgsConfig-version.cmake
[3.532s] -- Up-to-date symlink: /home/luis/workshop_ws/install/tide_msgs/share/tide_msgs/package.xml
[3.532s] -- Up-to-date: /home/luis/workshop_ws/install/tide_msgs/lib/libtide_msgs__rosidl_generator_c.so
[3.533s] -- Up-to-date: /home/luis/workshop_ws/install/tide_msgs/lib/libtide_msgs__rosidl_typesupport_fastrtps_c.so
[3.533s] -- Up-to-date: /home/luis/workshop_ws/install/tide_msgs/lib/libtide_msgs__rosidl_typesupport_fastrtps_cpp.so
[3.534s] -- Up-to-date: /home/luis/workshop_ws/install/tide_msgs/lib/libtide_msgs__rosidl_typesupport_introspection_c.so
[3.534s] -- Up-to-date: /home/luis/workshop_ws/install/tide_msgs/lib/libtide_msgs__rosidl_typesupport_c.so
[3.534s] -- Up-to-date: /home/luis/workshop_ws/install/tide_msgs/lib/libtide_msgs__rosidl_typesupport_introspection_cpp.so
[3.535s] -- Up-to-date: /home/luis/workshop_ws/install/tide_msgs/lib/libtide_msgs__rosidl_typesupport_cpp.so
[3.584s] Listing '/home/luis/workshop_ws/install/tide_msgs/local/lib/python3.10/dist-packages/tide_msgs'...
[3.584s] Compiling '/home/luis/workshop_ws/install/tide_msgs/local/lib/python3.10/dist-packages/tide_msgs/__init__.py'...
[3.584s] Listing '/home/luis/workshop_ws/install/tide_msgs/local/lib/python3.10/dist-packages/tide_msgs/msg'...
[3.591s] -- Up-to-date: /home/luis/workshop_ws/install/tide_msgs/lib/libtide_msgs__rosidl_generator_py.so
[3.592s] -- Up-to-date: /home/luis/workshop_ws/install/tide_msgs/share/tide_msgs/cmake/export_tide_msgs__rosidl_generator_cExport.cmake
[3.592s] -- Up-to-date: /home/luis/workshop_ws/install/tide_msgs/share/tide_msgs/cmake/export_tide_msgs__rosidl_generator_cExport-noconfig.cmake
[3.592s] -- Up-to-date: /home/luis/workshop_ws/install/tide_msgs/share/tide_msgs/cmake/export_tide_msgs__rosidl_typesupport_fastrtps_cExport.cmake
[3.593s] -- Up-to-date: /home/luis/workshop_ws/install/tide_msgs/share/tide_msgs/cmake/export_tide_msgs__rosidl_typesupport_fastrtps_cExport-noconfig.cmake
[3.593s] -- Up-to-date: /home/luis/workshop_ws/install/tide_msgs/share/tide_msgs/cmake/export_tide_msgs__rosidl_generator_cppExport.cmake
[3.593s] -- Up-to-date: /home/luis/workshop_ws/install/tide_msgs/share/tide_msgs/cmake/export_tide_msgs__rosidl_typesupport_fastrtps_cppExport.cmake
[3.593s] -- Up-to-date: /home/luis/workshop_ws/install/tide_msgs/share/tide_msgs/cmake/export_tide_msgs__rosidl_typesupport_fastrtps_cppExport-noconfig.cmake
[3.593s] -- Up-to-date: /home/luis/workshop_ws/install/tide_msgs/share/tide_msgs/cmake/tide_msgs__rosidl_typesupport_introspection_cExport.cmake
[3.593s] -- Up-to-date: /home/luis/workshop_ws/install/tide_msgs/share/tide_msgs/cmake/tide_msgs__rosidl_typesupport_introspection_cExport-noconfig.cmake
[3.594s] -- Up-to-date: /home/luis/workshop_ws/install/tide_msgs/share/tide_msgs/cmake/tide_msgs__rosidl_typesupport_cExport.cmake
[3.594s] -- Up-to-date: /home/luis/workshop_ws/install/tide_msgs/share/tide_msgs/cmake/tide_msgs__rosidl_typesupport_cExport-noconfig.cmake
[3.594s] -- Up-to-date: /home/luis/workshop_ws/install/tide_msgs/share/tide_msgs/cmake/tide_msgs__rosidl_typesupport_introspection_cppExport.cmake
[3.594s] -- Up-to-date: /home/luis/workshop_ws/install/tide_msgs/share/tide_msgs/cmake/tide_msgs__rosidl_typesupport_introspection_cppExport-noconfig.cmake
[3.594s] -- Up-to-date: /home/luis/workshop_ws/install/tide_msgs/share/tide_msgs/cmake/tide_msgs__rosidl_typesupport_cppExport.cmake
[3.594s] -- Up-to-date: /home/luis/workshop_ws/install/tide_msgs/share/tide_msgs/cmake/tide_msgs__rosidl_typesupport_cppExport-noconfig.cmake
[3.595s] -- Up-to-date: /home/luis/workshop_ws/install/tide_msgs/share/tide_msgs/cmake/export_tide_msgs__rosidl_generator_pyExport.cmake
[3.595s] -- Up-to-date: /home/luis/workshop_ws/install/tide_msgs/share/tide_msgs/cmake/export_tide_msgs__rosidl_generator_pyExport-noconfig.cmake
[3.600s] Invoked command in '/home/luis/workshop_ws/build/tide_msgs' returned '0': CMAKE_PREFIX_PATH=${CMAKE_PREFIX_PATH}:/opt/ros/humble /usr/bin/cmake --install /home/luis/workshop_ws/build/tide_msgs
