[0.027s] Invoking command in '/home/luis/workshop_ws/build/tide_gimbal_controller': CMAKE_PREFIX_PATH=/home/luis/workshop_ws/install/tide_msgs:/home/luis/workshop_ws/install/tide_shooter_controller:/home/luis/workshop_ws/install/tide_gimbal_controller:/home/luis/workshop_ws/install/my_hardware_interface:/home/luis/workshop_ws/install/serial:/home/luis/workshop_ws/install/roscon2022_control_workshop:/home/luis/workshop_ws/install/ros2_socketcan:/home/luis/workshop_ws/install/ros2_socketcan_msgs:/home/luis/workshop_ws/install/controlko_hardware_interface:/home/luis/workshop_ws/install/controlko_bringup:/home/luis/workshop_ws/install/controlko_description:/home/luis/workshop_ws/install/controlko_controllers:/opt/ros/humble LD_LIBRARY_PATH=/home/luis/workshop_ws/install/tide_msgs/lib:/home/luis/workshop_ws/install/tide_shooter_controller/lib:/home/luis/workshop_ws/install/tide_gimbal_controller/lib:/home/luis/workshop_ws/install/my_hardware_interface/lib:/home/luis/workshop_ws/install/serial/lib:/home/luis/workshop_ws/install/ros2_socketcan/lib:/home/luis/workshop_ws/install/ros2_socketcan_msgs/lib:/home/luis/workshop_ws/install/controlko_hardware_interface/lib:/home/luis/workshop_ws/install/controlko_controllers/lib:/usr/lib/x86_64-linux-gnu/gazebo-11/plugins:/opt/ros/humble/opt/rviz_ogre_vendor/lib:/opt/ros/humble/lib/x86_64-linux-gnu:/opt/ros/humble/lib /usr/bin/cmake /home/luis/workshop_ws/src/tide_controllers/tide_gimbal_controller -DAMENT_CMAKE_SYMLINK_INSTALL=1 -DCMAKE_INSTALL_PREFIX=/home/luis/workshop_ws/install/tide_gimbal_controller
[0.045s] -- Found ament_cmake: 1.3.11 (/opt/ros/humble/share/ament_cmake/cmake)
[0.237s] -- Override CMake install command with custom implementation using symlinks instead of copying resources
[0.264s] -- Found controller_interface: 2.51.0 (/opt/ros/humble/share/controller_interface/cmake)
[0.320s] -- Found rosidl_generator_c: 3.1.6 (/opt/ros/humble/share/rosidl_generator_c/cmake)
[0.324s] -- Found rosidl_adapter: 3.1.6 (/opt/ros/humble/share/rosidl_adapter/cmake)
[0.333s] -- Found rosidl_generator_cpp: 3.1.6 (/opt/ros/humble/share/rosidl_generator_cpp/cmake)
[0.348s] -- Using all available rosidl_typesupport_c: rosidl_typesupport_fastrtps_c;rosidl_typesupport_introspection_c
[0.367s] -- Using all available rosidl_typesupport_cpp: rosidl_typesupport_fastrtps_cpp;rosidl_typesupport_introspection_cpp
[0.621s] -- Found rmw_implementation_cmake: 6.1.2 (/opt/ros/humble/share/rmw_implementation_cmake/cmake)
[0.624s] -- Found rmw_fastrtps_cpp: 6.2.7 (/opt/ros/humble/share/rmw_fastrtps_cpp/cmake)
[0.651s] -- Found TinyXML2 via Config file: TinyXML2_DIR-NOTFOUND
[0.668s] -- Found TinyXML2 via Config file: TinyXML2_DIR-NOTFOUND
[0.696s] -- Found TinyXML2 via Config file: TinyXML2_DIR-NOTFOUND
[0.711s] -- Found TinyXML2 via Config file: TinyXML2_DIR-NOTFOUND
[0.731s] -- Using RMW implementation 'rmw_fastrtps_cpp' as default
[0.803s] -- Found generate_parameter_library: 0.5.0 (/opt/ros/humble/share/generate_parameter_library/cmake)
[0.804s] -- Found parameter_traits: 0.5.0 (/opt/ros/humble/share/parameter_traits/cmake)
[0.816s] -- Found realtime_tools: 2.14.0 (/opt/ros/humble/share/realtime_tools/cmake)
[0.831s] -- Found tf2: 0.25.13 (/opt/ros/humble/share/tf2/cmake)
[0.836s] -- Found tf2_msgs: 0.25.13 (/opt/ros/humble/share/tf2_msgs/cmake)
[0.864s] -- Found tide_msgs: 0.0.0 (/home/luis/workshop_ws/install/tide_msgs/share/tide_msgs/cmake)
[0.886s] -- Found control_toolbox: 3.6.1 (/opt/ros/humble/share/control_toolbox/cmake)
[0.913s] -- Found angles: 1.15.0 (/opt/ros/humble/share/angles/cmake)
[0.915s] -- Found tf2_geometry_msgs: 0.25.13 (/opt/ros/humble/share/tf2_geometry_msgs/cmake)
[0.919s] -- Found eigen3_cmake_module: 0.1.1 (/opt/ros/humble/share/eigen3_cmake_module/cmake)
[0.921s] -- Ensuring Eigen3 include directory is part of orocos-kdl CMake target
[0.961s] -- Found visualization_msgs: 4.9.0 (/opt/ros/humble/share/visualization_msgs/cmake)
[1.117s] -- Configuring done
[1.171s] -- Generating done
[1.181s] -- Build files have been written to: /home/luis/workshop_ws/build/tide_gimbal_controller
[1.197s] Invoked command in '/home/luis/workshop_ws/build/tide_gimbal_controller' returned '0': CMAKE_PREFIX_PATH=/home/luis/workshop_ws/install/tide_msgs:/home/luis/workshop_ws/install/tide_shooter_controller:/home/luis/workshop_ws/install/tide_gimbal_controller:/home/luis/workshop_ws/install/my_hardware_interface:/home/luis/workshop_ws/install/serial:/home/luis/workshop_ws/install/roscon2022_control_workshop:/home/luis/workshop_ws/install/ros2_socketcan:/home/luis/workshop_ws/install/ros2_socketcan_msgs:/home/luis/workshop_ws/install/controlko_hardware_interface:/home/luis/workshop_ws/install/controlko_bringup:/home/luis/workshop_ws/install/controlko_description:/home/luis/workshop_ws/install/controlko_controllers:/opt/ros/humble LD_LIBRARY_PATH=/home/luis/workshop_ws/install/tide_msgs/lib:/home/luis/workshop_ws/install/tide_shooter_controller/lib:/home/luis/workshop_ws/install/tide_gimbal_controller/lib:/home/luis/workshop_ws/install/my_hardware_interface/lib:/home/luis/workshop_ws/install/serial/lib:/home/luis/workshop_ws/install/ros2_socketcan/lib:/home/luis/workshop_ws/install/ros2_socketcan_msgs/lib:/home/luis/workshop_ws/install/controlko_hardware_interface/lib:/home/luis/workshop_ws/install/controlko_controllers/lib:/usr/lib/x86_64-linux-gnu/gazebo-11/plugins:/opt/ros/humble/opt/rviz_ogre_vendor/lib:/opt/ros/humble/lib/x86_64-linux-gnu:/opt/ros/humble/lib /usr/bin/cmake /home/luis/workshop_ws/src/tide_controllers/tide_gimbal_controller -DAMENT_CMAKE_SYMLINK_INSTALL=1 -DCMAKE_INSTALL_PREFIX=/home/luis/workshop_ws/install/tide_gimbal_controller
[1.200s] Invoking command in '/home/luis/workshop_ws/build/tide_gimbal_controller': CMAKE_PREFIX_PATH=/home/luis/workshop_ws/install/tide_msgs:/home/luis/workshop_ws/install/tide_shooter_controller:/home/luis/workshop_ws/install/tide_gimbal_controller:/home/luis/workshop_ws/install/my_hardware_interface:/home/luis/workshop_ws/install/serial:/home/luis/workshop_ws/install/roscon2022_control_workshop:/home/luis/workshop_ws/install/ros2_socketcan:/home/luis/workshop_ws/install/ros2_socketcan_msgs:/home/luis/workshop_ws/install/controlko_hardware_interface:/home/luis/workshop_ws/install/controlko_bringup:/home/luis/workshop_ws/install/controlko_description:/home/luis/workshop_ws/install/controlko_controllers:/opt/ros/humble LD_LIBRARY_PATH=/home/luis/workshop_ws/install/tide_msgs/lib:/home/luis/workshop_ws/install/tide_shooter_controller/lib:/home/luis/workshop_ws/install/tide_gimbal_controller/lib:/home/luis/workshop_ws/install/my_hardware_interface/lib:/home/luis/workshop_ws/install/serial/lib:/home/luis/workshop_ws/install/ros2_socketcan/lib:/home/luis/workshop_ws/install/ros2_socketcan_msgs/lib:/home/luis/workshop_ws/install/controlko_hardware_interface/lib:/home/luis/workshop_ws/install/controlko_controllers/lib:/usr/lib/x86_64-linux-gnu/gazebo-11/plugins:/opt/ros/humble/opt/rviz_ogre_vendor/lib:/opt/ros/humble/lib/x86_64-linux-gnu:/opt/ros/humble/lib /usr/bin/cmake --build /home/luis/workshop_ws/build/tide_gimbal_controller -- -j12 -l12
[1.305s] [ 40%] Built target gimbal_controller_parameters
[1.332s] [35m[1mConsolidate compiler generated dependencies of target tide_gimbal_controller[0m
[1.379s] [100%] Built target tide_gimbal_controller
[1.401s] Invoked command in '/home/luis/workshop_ws/build/tide_gimbal_controller' returned '0': CMAKE_PREFIX_PATH=/home/luis/workshop_ws/install/tide_msgs:/home/luis/workshop_ws/install/tide_shooter_controller:/home/luis/workshop_ws/install/tide_gimbal_controller:/home/luis/workshop_ws/install/my_hardware_interface:/home/luis/workshop_ws/install/serial:/home/luis/workshop_ws/install/roscon2022_control_workshop:/home/luis/workshop_ws/install/ros2_socketcan:/home/luis/workshop_ws/install/ros2_socketcan_msgs:/home/luis/workshop_ws/install/controlko_hardware_interface:/home/luis/workshop_ws/install/controlko_bringup:/home/luis/workshop_ws/install/controlko_description:/home/luis/workshop_ws/install/controlko_controllers:/opt/ros/humble LD_LIBRARY_PATH=/home/luis/workshop_ws/install/tide_msgs/lib:/home/luis/workshop_ws/install/tide_shooter_controller/lib:/home/luis/workshop_ws/install/tide_gimbal_controller/lib:/home/luis/workshop_ws/install/my_hardware_interface/lib:/home/luis/workshop_ws/install/serial/lib:/home/luis/workshop_ws/install/ros2_socketcan/lib:/home/luis/workshop_ws/install/ros2_socketcan_msgs/lib:/home/luis/workshop_ws/install/controlko_hardware_interface/lib:/home/luis/workshop_ws/install/controlko_controllers/lib:/usr/lib/x86_64-linux-gnu/gazebo-11/plugins:/opt/ros/humble/opt/rviz_ogre_vendor/lib:/opt/ros/humble/lib/x86_64-linux-gnu:/opt/ros/humble/lib /usr/bin/cmake --build /home/luis/workshop_ws/build/tide_gimbal_controller -- -j12 -l12
[1.404s] Invoking command in '/home/luis/workshop_ws/build/tide_gimbal_controller': CMAKE_PREFIX_PATH=/home/luis/workshop_ws/install/tide_msgs:/home/luis/workshop_ws/install/tide_shooter_controller:/home/luis/workshop_ws/install/tide_gimbal_controller:/home/luis/workshop_ws/install/my_hardware_interface:/home/luis/workshop_ws/install/serial:/home/luis/workshop_ws/install/roscon2022_control_workshop:/home/luis/workshop_ws/install/ros2_socketcan:/home/luis/workshop_ws/install/ros2_socketcan_msgs:/home/luis/workshop_ws/install/controlko_hardware_interface:/home/luis/workshop_ws/install/controlko_bringup:/home/luis/workshop_ws/install/controlko_description:/home/luis/workshop_ws/install/controlko_controllers:/opt/ros/humble LD_LIBRARY_PATH=/home/luis/workshop_ws/install/tide_msgs/lib:/home/luis/workshop_ws/install/tide_shooter_controller/lib:/home/luis/workshop_ws/install/tide_gimbal_controller/lib:/home/luis/workshop_ws/install/my_hardware_interface/lib:/home/luis/workshop_ws/install/serial/lib:/home/luis/workshop_ws/install/ros2_socketcan/lib:/home/luis/workshop_ws/install/ros2_socketcan_msgs/lib:/home/luis/workshop_ws/install/controlko_hardware_interface/lib:/home/luis/workshop_ws/install/controlko_controllers/lib:/usr/lib/x86_64-linux-gnu/gazebo-11/plugins:/opt/ros/humble/opt/rviz_ogre_vendor/lib:/opt/ros/humble/lib/x86_64-linux-gnu:/opt/ros/humble/lib /usr/bin/cmake --install /home/luis/workshop_ws/build/tide_gimbal_controller
[1.424s] -- Install configuration: ""
[1.425s] -- Execute custom install script
[1.426s] -- Up-to-date symlink: /home/luis/workshop_ws/install/tide_gimbal_controller/include/tide_gimbal_controller/gimbal_controller_parameters.hpp
[1.426s] -- Up-to-date symlink: /home/luis/workshop_ws/install/tide_gimbal_controller/share/tide_gimbal_controller//tide_gimbal_controller.xml
[1.427s] -- Up-to-date symlink: /home/luis/workshop_ws/install/tide_gimbal_controller/include//bullet_solver.hpp
[1.427s] -- Up-to-date symlink: /home/luis/workshop_ws/install/tide_gimbal_controller/include//tide_gimbal_controller.hpp
[1.427s] -- Up-to-date symlink: /home/luis/workshop_ws/install/tide_gimbal_controller/share/tide_gimbal_controller/environment/library_path.sh
[1.428s] -- Up-to-date symlink: /home/luis/workshop_ws/install/tide_gimbal_controller/share/tide_gimbal_controller/environment/library_path.dsv
[1.428s] -- Up-to-date symlink: /home/luis/workshop_ws/install/tide_gimbal_controller/share/ament_index/resource_index/package_run_dependencies/tide_gimbal_controller
[1.428s] -- Up-to-date symlink: /home/luis/workshop_ws/install/tide_gimbal_controller/share/ament_index/resource_index/parent_prefix_path/tide_gimbal_controller
[1.429s] -- Up-to-date symlink: /home/luis/workshop_ws/install/tide_gimbal_controller/share/tide_gimbal_controller/environment/ament_prefix_path.sh
[1.429s] -- Up-to-date symlink: /home/luis/workshop_ws/install/tide_gimbal_controller/share/tide_gimbal_controller/environment/ament_prefix_path.dsv
[1.429s] -- Up-to-date symlink: /home/luis/workshop_ws/install/tide_gimbal_controller/share/tide_gimbal_controller/environment/path.sh
[1.429s] -- Up-to-date symlink: /home/luis/workshop_ws/install/tide_gimbal_controller/share/tide_gimbal_controller/environment/path.dsv
[1.430s] -- Up-to-date symlink: /home/luis/workshop_ws/install/tide_gimbal_controller/share/tide_gimbal_controller/local_setup.bash
[1.430s] -- Up-to-date symlink: /home/luis/workshop_ws/install/tide_gimbal_controller/share/tide_gimbal_controller/local_setup.sh
[1.430s] -- Up-to-date symlink: /home/luis/workshop_ws/install/tide_gimbal_controller/share/tide_gimbal_controller/local_setup.zsh
[1.431s] -- Up-to-date symlink: /home/luis/workshop_ws/install/tide_gimbal_controller/share/tide_gimbal_controller/local_setup.dsv
[1.431s] -- Symlinking: /home/luis/workshop_ws/install/tide_gimbal_controller/share/tide_gimbal_controller/package.dsv
[1.451s] -- Up-to-date symlink: /home/luis/workshop_ws/install/tide_gimbal_controller/share/ament_index/resource_index/packages/tide_gimbal_controller
[1.451s] -- Up-to-date symlink: /home/luis/workshop_ws/install/tide_gimbal_controller/share/ament_index/resource_index/controller_interface__pluginlib__plugin/tide_gimbal_controller
[1.452s] -- Up-to-date symlink: /home/luis/workshop_ws/install/tide_gimbal_controller/share/tide_gimbal_controller/cmake/ament_cmake_export_dependencies-extras.cmake
[1.452s] -- Up-to-date symlink: /home/luis/workshop_ws/install/tide_gimbal_controller/share/tide_gimbal_controller/cmake/ament_cmake_export_targets-extras.cmake
[1.452s] -- Up-to-date symlink: /home/luis/workshop_ws/install/tide_gimbal_controller/share/tide_gimbal_controller/cmake/tide_gimbal_controllerConfig.cmake
[1.452s] -- Up-to-date symlink: /home/luis/workshop_ws/install/tide_gimbal_controller/share/tide_gimbal_controller/cmake/tide_gimbal_controllerConfig-version.cmake
[1.453s] -- Up-to-date symlink: /home/luis/workshop_ws/install/tide_gimbal_controller/share/tide_gimbal_controller/package.xml
[1.453s] -- Up-to-date: /home/luis/workshop_ws/install/tide_gimbal_controller/lib/libtide_gimbal_controller.so
[1.454s] -- Up-to-date: /home/luis/workshop_ws/install/tide_gimbal_controller/share/tide_gimbal_controller/cmake/export_tide_gimbal_controllerExport.cmake
[1.454s] -- Up-to-date: /home/luis/workshop_ws/install/tide_gimbal_controller/share/tide_gimbal_controller/cmake/export_tide_gimbal_controllerExport-noconfig.cmake
[1.468s] Invoked command in '/home/luis/workshop_ws/build/tide_gimbal_controller' returned '0': CMAKE_PREFIX_PATH=/home/luis/workshop_ws/install/tide_msgs:/home/luis/workshop_ws/install/tide_shooter_controller:/home/luis/workshop_ws/install/tide_gimbal_controller:/home/luis/workshop_ws/install/my_hardware_interface:/home/luis/workshop_ws/install/serial:/home/luis/workshop_ws/install/roscon2022_control_workshop:/home/luis/workshop_ws/install/ros2_socketcan:/home/luis/workshop_ws/install/ros2_socketcan_msgs:/home/luis/workshop_ws/install/controlko_hardware_interface:/home/luis/workshop_ws/install/controlko_bringup:/home/luis/workshop_ws/install/controlko_description:/home/luis/workshop_ws/install/controlko_controllers:/opt/ros/humble LD_LIBRARY_PATH=/home/luis/workshop_ws/install/tide_msgs/lib:/home/luis/workshop_ws/install/tide_shooter_controller/lib:/home/luis/workshop_ws/install/tide_gimbal_controller/lib:/home/luis/workshop_ws/install/my_hardware_interface/lib:/home/luis/workshop_ws/install/serial/lib:/home/luis/workshop_ws/install/ros2_socketcan/lib:/home/luis/workshop_ws/install/ros2_socketcan_msgs/lib:/home/luis/workshop_ws/install/controlko_hardware_interface/lib:/home/luis/workshop_ws/install/controlko_controllers/lib:/usr/lib/x86_64-linux-gnu/gazebo-11/plugins:/opt/ros/humble/opt/rviz_ogre_vendor/lib:/opt/ros/humble/lib/x86_64-linux-gnu:/opt/ros/humble/lib /usr/bin/cmake --install /home/luis/workshop_ws/build/tide_gimbal_controller
