-- Found ament_cmake: 1.3.11 (/opt/ros/humble/share/ament_cmake/cmake)
-- Override CMake install command with custom implementation using symlinks instead of copying resources
-- Found generate_parameter_library: 0.5.0 (/opt/ros/humble/share/generate_parameter_library/cmake)
-- Found parameter_traits: 0.5.0 (/opt/ros/humble/share/parameter_traits/cmake)
-- Found rosidl_generator_c: 3.1.6 (/opt/ros/humble/share/rosidl_generator_c/cmake)
-- Found rosidl_adapter: 3.1.6 (/opt/ros/humble/share/rosidl_adapter/cmake)
-- Found rosidl_generator_cpp: 3.1.6 (/opt/ros/humble/share/rosidl_generator_cpp/cmake)
-- Using all available rosidl_typesupport_c: rosidl_typesupport_fastrtps_c;rosidl_typesupport_introspection_c
-- Using all available rosidl_typesupport_cpp: rosidl_typesupport_fastrtps_cpp;rosidl_typesupport_introspection_cpp
-- Found rmw_implementation_cmake: 6.1.2 (/opt/ros/humble/share/rmw_implementation_cmake/cmake)
-- Found rmw_fastrtps_cpp: 6.2.7 (/opt/ros/humble/share/rmw_fastrtps_cpp/cmake)
-- Using RMW implementation 'rmw_fastrtps_cpp' as default
-- Found rclcpp_lifecycle: 16.0.12 (/opt/ros/humble/share/rclcpp_lifecycle/cmake)
-- Found control_msgs: 4.8.0 (/opt/ros/humble/share/control_msgs/cmake)
-- Found controller_interface: 2.51.0 (/opt/ros/humble/share/controller_interface/cmake)
-- Found realtime_tools: 2.14.0 (/opt/ros/humble/share/realtime_tools/cmake)
-- Found std_srvs: 4.9.0 (/opt/ros/humble/share/std_srvs/cmake)
-- Found ament_lint_auto: 0.12.12 (/opt/ros/humble/share/ament_lint_auto/cmake)
-- Found ament_cmake_gmock: 1.3.11 (/opt/ros/humble/share/ament_cmake_gmock/cmake)
-- Found controller_manager: 2.51.0 (/opt/ros/humble/share/controller_manager/cmake)
-- Found ros2_control_test_assets: 2.51.0 (/opt/ros/humble/share/ros2_control_test_assets/cmake)
-- Found gmock sources under '/opt/ros/humble/src/gmock_vendor': C++ tests using 'Google Mock' will be built
-- Found ament_cmake_gtest: 1.3.11 (/opt/ros/humble/share/ament_cmake_gtest/cmake)
-- Found gtest sources under '/opt/ros/humble/src/gtest_vendor': C++ tests using 'Google Test' will be built
-- Configuring done
-- Generating done
-- Build files have been written to: /home/luis/workshop_ws/build/controlko_controllers
[35m[1mConsolidate compiler generated dependencies of target gmock_main[0m
[35m[1mConsolidate compiler generated dependencies of target gmock[0m
[ 13%] Built target displacement_controller_parameters
[ 33%] Built target gmock
[ 46%] Built target gmock_main
[35m[1mConsolidate compiler generated dependencies of target displacement_controller[0m
[35m[1mConsolidate compiler generated dependencies of target test_load_displacement_controller[0m
[ 60%] Built target displacement_controller
[ 73%] Built target test_load_displacement_controller
[35m[1mConsolidate compiler generated dependencies of target test_displacement_controller_preceeding[0m
[35m[1mConsolidate compiler generated dependencies of target test_displacement_controller[0m
[100%] Built target test_displacement_controller_preceeding
[100%] Built target test_displacement_controller
-- Install configuration: ""
-- Execute custom install script
-- Up-to-date symlink: /home/luis/workshop_ws/install/controlko_controllers/include/controlko_controllers/displacement_controller_parameters.hpp
-- Symlinking: /home/luis/workshop_ws/install/controlko_controllers/include/controlko_controllers/validate_displacement_controller_parameters.hpp
-- Up-to-date symlink: /home/luis/workshop_ws/install/controlko_controllers/share/controlko_controllers//controlko_controllers.xml
-- Up-to-date symlink: /home/luis/workshop_ws/install/controlko_controllers/lib/libdisplacement_controller.so
-- Up-to-date symlink: /home/luis/workshop_ws/install/controlko_controllers/include/controlko_controllers/displacement_controller.hpp
-- Symlinking: /home/luis/workshop_ws/install/controlko_controllers/include/controlko_controllers/validate_displacement_controller_parameters.hpp
-- Up-to-date symlink: /home/luis/workshop_ws/install/controlko_controllers/include/controlko_controllers/visibility_control.h
-- Up-to-date symlink: /home/luis/workshop_ws/install/controlko_controllers/share/controlko_controllers/environment/library_path.sh
-- Up-to-date symlink: /home/luis/workshop_ws/install/controlko_controllers/share/controlko_controllers/environment/library_path.dsv
-- Up-to-date symlink: /home/luis/workshop_ws/install/controlko_controllers/share/ament_index/resource_index/package_run_dependencies/controlko_controllers
-- Up-to-date symlink: /home/luis/workshop_ws/install/controlko_controllers/share/ament_index/resource_index/parent_prefix_path/controlko_controllers
-- Up-to-date symlink: /home/luis/workshop_ws/install/controlko_controllers/share/controlko_controllers/environment/ament_prefix_path.sh
-- Up-to-date symlink: /home/luis/workshop_ws/install/controlko_controllers/share/controlko_controllers/environment/ament_prefix_path.dsv
-- Up-to-date symlink: /home/luis/workshop_ws/install/controlko_controllers/share/controlko_controllers/environment/path.sh
-- Up-to-date symlink: /home/luis/workshop_ws/install/controlko_controllers/share/controlko_controllers/environment/path.dsv
-- Up-to-date symlink: /home/luis/workshop_ws/install/controlko_controllers/share/controlko_controllers/local_setup.bash
-- Up-to-date symlink: /home/luis/workshop_ws/install/controlko_controllers/share/controlko_controllers/local_setup.sh
-- Up-to-date symlink: /home/luis/workshop_ws/install/controlko_controllers/share/controlko_controllers/local_setup.zsh
-- Up-to-date symlink: /home/luis/workshop_ws/install/controlko_controllers/share/controlko_controllers/local_setup.dsv
-- Symlinking: /home/luis/workshop_ws/install/controlko_controllers/share/controlko_controllers/package.dsv
-- Up-to-date symlink: /home/luis/workshop_ws/install/controlko_controllers/share/ament_index/resource_index/packages/controlko_controllers
-- Up-to-date symlink: /home/luis/workshop_ws/install/controlko_controllers/share/ament_index/resource_index/controller_interface__pluginlib__plugin/controlko_controllers
-- Up-to-date symlink: /home/luis/workshop_ws/install/controlko_controllers/share/controlko_controllers/cmake/ament_cmake_export_dependencies-extras.cmake
-- Up-to-date symlink: /home/luis/workshop_ws/install/controlko_controllers/share/controlko_controllers/cmake/ament_cmake_export_include_directories-extras.cmake
-- Up-to-date symlink: /home/luis/workshop_ws/install/controlko_controllers/share/controlko_controllers/cmake/ament_cmake_export_libraries-extras.cmake
-- Up-to-date symlink: /home/luis/workshop_ws/install/controlko_controllers/share/controlko_controllers/cmake/controlko_controllersConfig.cmake
-- Up-to-date symlink: /home/luis/workshop_ws/install/controlko_controllers/share/controlko_controllers/cmake/controlko_controllersConfig-version.cmake
-- Up-to-date symlink: /home/luis/workshop_ws/install/controlko_controllers/share/controlko_controllers/package.xml
