[0.043s] Invoking command in '/home/luis/workshop_ws/build/controlko_controllers': CMAKE_PREFIX_PATH=${CMAKE_PREFIX_PATH}:/opt/ros/humble /usr/bin/cmake /home/luis/workshop_ws/src/controlko_controllers -DCMAKE_INSTALL_PREFIX=/home/luis/workshop_ws/install/controlko_controllers
[0.064s] -- Found ament_cmake: 1.3.11 (/opt/ros/humble/share/ament_cmake/cmake)
[0.282s] -- Override CMake install command with custom implementation using symlinks instead of copying resources
[0.296s] -- Found generate_parameter_library: 0.5.0 (/opt/ros/humble/share/generate_parameter_library/cmake)
[0.297s] -- Found parameter_traits: 0.5.0 (/opt/ros/humble/share/parameter_traits/cmake)
[0.348s] -- Found rosidl_generator_c: 3.1.6 (/opt/ros/humble/share/rosidl_generator_c/cmake)
[0.352s] -- Found rosidl_adapter: 3.1.6 (/opt/ros/humble/share/rosidl_adapter/cmake)
[0.360s] -- Found rosidl_generator_cpp: 3.1.6 (/opt/ros/humble/share/rosidl_generator_cpp/cmake)
[0.376s] -- Using all available rosidl_typesupport_c: rosidl_typesupport_fastrtps_c;rosidl_typesupport_introspection_c
[0.395s] -- Using all available rosidl_typesupport_cpp: rosidl_typesupport_fastrtps_cpp;rosidl_typesupport_introspection_cpp
[0.453s] -- Found rmw_implementation_cmake: 6.1.2 (/opt/ros/humble/share/rmw_implementation_cmake/cmake)
[0.457s] -- Found rmw_fastrtps_cpp: 6.2.7 (/opt/ros/humble/share/rmw_fastrtps_cpp/cmake)
[0.694s] -- Using RMW implementation 'rmw_fastrtps_cpp' as default
[0.779s] -- Found rclcpp_lifecycle: 16.0.12 (/opt/ros/humble/share/rclcpp_lifecycle/cmake)
[0.803s] -- Found control_msgs: 4.8.0 (/opt/ros/humble/share/control_msgs/cmake)
[0.937s] -- Found controller_interface: 2.51.0 (/opt/ros/humble/share/controller_interface/cmake)
[0.979s] -- Found realtime_tools: 2.14.0 (/opt/ros/humble/share/realtime_tools/cmake)
[0.995s] -- Found std_srvs: 4.9.0 (/opt/ros/humble/share/std_srvs/cmake)
[1.032s] -- Found ament_lint_auto: 0.12.12 (/opt/ros/humble/share/ament_lint_auto/cmake)
[1.033s] -- Found ament_cmake_gmock: 1.3.11 (/opt/ros/humble/share/ament_cmake_gmock/cmake)
[1.034s] -- Found controller_manager: 2.51.0 (/opt/ros/humble/share/controller_manager/cmake)
[1.072s] -- Found ros2_control_test_assets: 2.51.0 (/opt/ros/humble/share/ros2_control_test_assets/cmake)
[1.074s] -- Found gmock sources under '/opt/ros/humble/src/gmock_vendor': C++ tests using 'Google Mock' will be built
[1.076s] -- Found ament_cmake_gtest: 1.3.11 (/opt/ros/humble/share/ament_cmake_gtest/cmake)
[1.077s] -- Found gtest sources under '/opt/ros/humble/src/gtest_vendor': C++ tests using 'Google Test' will be built
[1.241s] -- Configuring done
[1.365s] -- Generating done
[1.388s] -- Build files have been written to: /home/luis/workshop_ws/build/controlko_controllers
[1.407s] Invoked command in '/home/luis/workshop_ws/build/controlko_controllers' returned '0': CMAKE_PREFIX_PATH=${CMAKE_PREFIX_PATH}:/opt/ros/humble /usr/bin/cmake /home/luis/workshop_ws/src/controlko_controllers -DCMAKE_INSTALL_PREFIX=/home/luis/workshop_ws/install/controlko_controllers
[1.410s] Invoking command in '/home/luis/workshop_ws/build/controlko_controllers': CMAKE_PREFIX_PATH=${CMAKE_PREFIX_PATH}:/opt/ros/humble /usr/bin/cmake --build /home/luis/workshop_ws/build/controlko_controllers -- -j12 -l12
[1.495s] [35m[1mConsolidate compiler generated dependencies of target gmock_main[0m
[1.496s] [35m[1mConsolidate compiler generated dependencies of target gmock[0m
[1.522s] [ 13%] Built target displacement_controller_parameters
[1.524s] [ 33%] Built target gmock
[1.530s] [ 46%] Built target gmock_main
[1.544s] [35m[1mConsolidate compiler generated dependencies of target displacement_controller[0m
[1.556s] [35m[1mConsolidate compiler generated dependencies of target test_load_displacement_controller[0m
[1.579s] [ 60%] Built target displacement_controller
[1.591s] [ 73%] Built target test_load_displacement_controller
[1.602s] [35m[1mConsolidate compiler generated dependencies of target test_displacement_controller_preceeding[0m
[1.602s] [35m[1mConsolidate compiler generated dependencies of target test_displacement_controller[0m
[1.638s] [100%] Built target test_displacement_controller_preceeding
[1.638s] [100%] Built target test_displacement_controller
[1.661s] Invoked command in '/home/luis/workshop_ws/build/controlko_controllers' returned '0': CMAKE_PREFIX_PATH=${CMAKE_PREFIX_PATH}:/opt/ros/humble /usr/bin/cmake --build /home/luis/workshop_ws/build/controlko_controllers -- -j12 -l12
[1.665s] Invoking command in '/home/luis/workshop_ws/build/controlko_controllers': CMAKE_PREFIX_PATH=${CMAKE_PREFIX_PATH}:/opt/ros/humble /usr/bin/cmake --install /home/luis/workshop_ws/build/controlko_controllers
[1.677s] -- Install configuration: ""
[1.678s] -- Execute custom install script
[1.678s] -- Up-to-date symlink: /home/luis/workshop_ws/install/controlko_controllers/include/controlko_controllers/displacement_controller_parameters.hpp
[1.679s] -- Symlinking: /home/luis/workshop_ws/install/controlko_controllers/include/controlko_controllers/validate_displacement_controller_parameters.hpp
[1.696s] -- Up-to-date symlink: /home/luis/workshop_ws/install/controlko_controllers/share/controlko_controllers//controlko_controllers.xml
[1.697s] -- Up-to-date symlink: /home/luis/workshop_ws/install/controlko_controllers/lib/libdisplacement_controller.so
[1.698s] -- Up-to-date symlink: /home/luis/workshop_ws/install/controlko_controllers/include/controlko_controllers/displacement_controller.hpp
[1.698s] -- Symlinking: /home/luis/workshop_ws/install/controlko_controllers/include/controlko_controllers/validate_displacement_controller_parameters.hpp
[1.715s] -- Up-to-date symlink: /home/luis/workshop_ws/install/controlko_controllers/include/controlko_controllers/visibility_control.h
[1.715s] -- Up-to-date symlink: /home/luis/workshop_ws/install/controlko_controllers/share/controlko_controllers/environment/library_path.sh
[1.715s] -- Up-to-date symlink: /home/luis/workshop_ws/install/controlko_controllers/share/controlko_controllers/environment/library_path.dsv
[1.716s] -- Up-to-date symlink: /home/luis/workshop_ws/install/controlko_controllers/share/ament_index/resource_index/package_run_dependencies/controlko_controllers
[1.716s] -- Up-to-date symlink: /home/luis/workshop_ws/install/controlko_controllers/share/ament_index/resource_index/parent_prefix_path/controlko_controllers
[1.717s] -- Up-to-date symlink: /home/luis/workshop_ws/install/controlko_controllers/share/controlko_controllers/environment/ament_prefix_path.sh
[1.717s] -- Up-to-date symlink: /home/luis/workshop_ws/install/controlko_controllers/share/controlko_controllers/environment/ament_prefix_path.dsv
[1.717s] -- Up-to-date symlink: /home/luis/workshop_ws/install/controlko_controllers/share/controlko_controllers/environment/path.sh
[1.717s] -- Up-to-date symlink: /home/luis/workshop_ws/install/controlko_controllers/share/controlko_controllers/environment/path.dsv
[1.718s] -- Up-to-date symlink: /home/luis/workshop_ws/install/controlko_controllers/share/controlko_controllers/local_setup.bash
[1.718s] -- Up-to-date symlink: /home/luis/workshop_ws/install/controlko_controllers/share/controlko_controllers/local_setup.sh
[1.718s] -- Up-to-date symlink: /home/luis/workshop_ws/install/controlko_controllers/share/controlko_controllers/local_setup.zsh
[1.718s] -- Up-to-date symlink: /home/luis/workshop_ws/install/controlko_controllers/share/controlko_controllers/local_setup.dsv
[1.718s] -- Symlinking: /home/luis/workshop_ws/install/controlko_controllers/share/controlko_controllers/package.dsv
[1.743s] -- Up-to-date symlink: /home/luis/workshop_ws/install/controlko_controllers/share/ament_index/resource_index/packages/controlko_controllers
[1.743s] -- Up-to-date symlink: /home/luis/workshop_ws/install/controlko_controllers/share/ament_index/resource_index/controller_interface__pluginlib__plugin/controlko_controllers
[1.743s] -- Up-to-date symlink: /home/luis/workshop_ws/install/controlko_controllers/share/controlko_controllers/cmake/ament_cmake_export_dependencies-extras.cmake
[1.743s] -- Up-to-date symlink: /home/luis/workshop_ws/install/controlko_controllers/share/controlko_controllers/cmake/ament_cmake_export_include_directories-extras.cmake
[1.744s] -- Up-to-date symlink: /home/luis/workshop_ws/install/controlko_controllers/share/controlko_controllers/cmake/ament_cmake_export_libraries-extras.cmake
[1.744s] -- Up-to-date symlink: /home/luis/workshop_ws/install/controlko_controllers/share/controlko_controllers/cmake/controlko_controllersConfig.cmake
[1.744s] -- Up-to-date symlink: /home/luis/workshop_ws/install/controlko_controllers/share/controlko_controllers/cmake/controlko_controllersConfig-version.cmake
[1.745s] -- Up-to-date symlink: /home/luis/workshop_ws/install/controlko_controllers/share/controlko_controllers/package.xml
[1.749s] Invoked command in '/home/luis/workshop_ws/build/controlko_controllers' returned '0': CMAKE_PREFIX_PATH=${CMAKE_PREFIX_PATH}:/opt/ros/humble /usr/bin/cmake --install /home/luis/workshop_ws/build/controlko_controllers
