[0.124s] Invoking command in '/home/luis/azure_sky_ros2/build/ros2_socketcan': AMENT_PREFIX_PATH=/home/luis/azure_sky_ros2/install/ros2_socketcan_msgs:${AMENT_PREFIX_PATH} CMAKE_PREFIX_PATH=/home/luis/azure_sky_ros2/install/ros2_socketcan_msgs:/opt/ros/humble LD_LIBRARY_PATH=/home/luis/azure_sky_ros2/install/ros2_socketcan_msgs/lib:/opt/MVS/lib/64:/opt/MVS/lib/32:/usr/lib/x86_64-linux-gnu/gazebo-11/plugins:/opt/ros/humble/opt/rviz_ogre_vendor/lib:/opt/ros/humble/lib/x86_64-linux-gnu:/opt/ros/humble/lib:/opt/MVS/lib/64:/opt/MVS/lib/32:/opt/MVS/lib/64:/opt/MVS/lib/32 PYTHONPATH=/home/luis/azure_sky_ros2/install/ros2_socketcan_msgs/local/lib/python3.10/dist-packages:${PYTHONPATH} /usr/bin/cmake --build /home/luis/azure_sky_ros2/build/ros2_socketcan -- -j12 -l12
[0.272s] [ 23%] Built target ros2_socketcan
[0.277s] [ 33%] Built target socket_can_receiver_node_exe
[0.278s] [ 42%] Built target gtest
[0.282s] [ 52%] Built target gtest_main
[0.292s] [ 61%] Built target socket_can_sender_node_exe
[0.339s] [ 80%] Built target ros2_socketcan_test
[0.341s] [ 90%] Built target socket_can_receiver_node
[0.393s] [100%] Built target socket_can_sender_node
[0.448s] Invoked command in '/home/luis/azure_sky_ros2/build/ros2_socketcan' returned '0': AMENT_PREFIX_PATH=/home/luis/azure_sky_ros2/install/ros2_socketcan_msgs:${AMENT_PREFIX_PATH} CMAKE_PREFIX_PATH=/home/luis/azure_sky_ros2/install/ros2_socketcan_msgs:/opt/ros/humble LD_LIBRARY_PATH=/home/luis/azure_sky_ros2/install/ros2_socketcan_msgs/lib:/opt/MVS/lib/64:/opt/MVS/lib/32:/usr/lib/x86_64-linux-gnu/gazebo-11/plugins:/opt/ros/humble/opt/rviz_ogre_vendor/lib:/opt/ros/humble/lib/x86_64-linux-gnu:/opt/ros/humble/lib:/opt/MVS/lib/64:/opt/MVS/lib/32:/opt/MVS/lib/64:/opt/MVS/lib/32 PYTHONPATH=/home/luis/azure_sky_ros2/install/ros2_socketcan_msgs/local/lib/python3.10/dist-packages:${PYTHONPATH} /usr/bin/cmake --build /home/luis/azure_sky_ros2/build/ros2_socketcan -- -j12 -l12
[0.452s] Invoking command in '/home/luis/azure_sky_ros2/build/ros2_socketcan': AMENT_PREFIX_PATH=/home/luis/azure_sky_ros2/install/ros2_socketcan_msgs:${AMENT_PREFIX_PATH} CMAKE_PREFIX_PATH=/home/luis/azure_sky_ros2/install/ros2_socketcan_msgs:/opt/ros/humble LD_LIBRARY_PATH=/home/luis/azure_sky_ros2/install/ros2_socketcan_msgs/lib:/opt/MVS/lib/64:/opt/MVS/lib/32:/usr/lib/x86_64-linux-gnu/gazebo-11/plugins:/opt/ros/humble/opt/rviz_ogre_vendor/lib:/opt/ros/humble/lib/x86_64-linux-gnu:/opt/ros/humble/lib:/opt/MVS/lib/64:/opt/MVS/lib/32:/opt/MVS/lib/64:/opt/MVS/lib/32 PYTHONPATH=/home/luis/azure_sky_ros2/install/ros2_socketcan_msgs/local/lib/python3.10/dist-packages:${PYTHONPATH} /usr/bin/cmake --install /home/luis/azure_sky_ros2/build/ros2_socketcan
[0.469s] -- Install configuration: ""
[0.469s] -- Up-to-date: /home/luis/azure_sky_ros2/install/ros2_socketcan/lib/ros2_socketcan/socket_can_receiver_node_exe
[0.469s] -- Up-to-date: /home/luis/azure_sky_ros2/install/ros2_socketcan/lib/ros2_socketcan/socket_can_sender_node_exe
[0.469s] -- Up-to-date: /home/luis/azure_sky_ros2/install/ros2_socketcan/include
[0.469s] -- Up-to-date: /home/luis/azure_sky_ros2/install/ros2_socketcan/include/ros2_socketcan
[0.470s] -- Up-to-date: /home/luis/azure_sky_ros2/install/ros2_socketcan/include/ros2_socketcan/socket_can_receiver_node.hpp
[0.470s] -- Up-to-date: /home/luis/azure_sky_ros2/install/ros2_socketcan/include/ros2_socketcan/socket_can_id.hpp
[0.470s] -- Up-to-date: /home/luis/azure_sky_ros2/install/ros2_socketcan/include/ros2_socketcan/socket_can_receiver.hpp
[0.470s] -- Up-to-date: /home/luis/azure_sky_ros2/install/ros2_socketcan/include/ros2_socketcan/socket_can_sender_node.hpp
[0.470s] -- Up-to-date: /home/luis/azure_sky_ros2/install/ros2_socketcan/include/ros2_socketcan/socket_can_sender.hpp
[0.470s] -- Up-to-date: /home/luis/azure_sky_ros2/install/ros2_socketcan/include/ros2_socketcan/socket_can_common.hpp
[0.470s] -- Up-to-date: /home/luis/azure_sky_ros2/install/ros2_socketcan/include/ros2_socketcan/visibility_control.hpp
[0.470s] -- Up-to-date: /home/luis/azure_sky_ros2/install/ros2_socketcan/share/ros2_socketcan/environment/library_path.sh
[0.471s] -- Up-to-date: /home/luis/azure_sky_ros2/install/ros2_socketcan/share/ros2_socketcan/environment/library_path.dsv
[0.471s] -- Up-to-date: /home/luis/azure_sky_ros2/install/ros2_socketcan/lib/libros2_socketcan.so
[0.471s] -- Up-to-date: /home/luis/azure_sky_ros2/install/ros2_socketcan/lib/libsocket_can_receiver_node.so
[0.471s] -- Up-to-date: /home/luis/azure_sky_ros2/install/ros2_socketcan/lib/libsocket_can_sender_node.so
[0.471s] -- Up-to-date: /home/luis/azure_sky_ros2/install/ros2_socketcan/share/ros2_socketcan/launch
[0.471s] -- Up-to-date: /home/luis/azure_sky_ros2/install/ros2_socketcan/share/ros2_socketcan/launch/socket_can_sender.launch.py
[0.472s] -- Up-to-date: /home/luis/azure_sky_ros2/install/ros2_socketcan/share/ros2_socketcan/launch/socket_can_receiver.launch.py
[0.472s] -- Up-to-date: /home/luis/azure_sky_ros2/install/ros2_socketcan/share/ros2_socketcan/launch/socket_can_bridge.launch.xml
[0.472s] -- Up-to-date: /home/luis/azure_sky_ros2/install/ros2_socketcan/share/ament_index/resource_index/package_run_dependencies/ros2_socketcan
[0.472s] -- Up-to-date: /home/luis/azure_sky_ros2/install/ros2_socketcan/share/ament_index/resource_index/parent_prefix_path/ros2_socketcan
[0.472s] -- Up-to-date: /home/luis/azure_sky_ros2/install/ros2_socketcan/share/ros2_socketcan/environment/ament_prefix_path.sh
[0.472s] -- Up-to-date: /home/luis/azure_sky_ros2/install/ros2_socketcan/share/ros2_socketcan/environment/ament_prefix_path.dsv
[0.472s] -- Up-to-date: /home/luis/azure_sky_ros2/install/ros2_socketcan/share/ros2_socketcan/environment/path.sh
[0.472s] -- Up-to-date: /home/luis/azure_sky_ros2/install/ros2_socketcan/share/ros2_socketcan/environment/path.dsv
[0.473s] -- Up-to-date: /home/luis/azure_sky_ros2/install/ros2_socketcan/share/ros2_socketcan/local_setup.bash
[0.473s] -- Up-to-date: /home/luis/azure_sky_ros2/install/ros2_socketcan/share/ros2_socketcan/local_setup.sh
[0.474s] -- Up-to-date: /home/luis/azure_sky_ros2/install/ros2_socketcan/share/ros2_socketcan/local_setup.zsh
[0.474s] -- Up-to-date: /home/luis/azure_sky_ros2/install/ros2_socketcan/share/ros2_socketcan/local_setup.dsv
[0.474s] -- Installing: /home/luis/azure_sky_ros2/install/ros2_socketcan/share/ros2_socketcan/package.dsv
[0.474s] -- Up-to-date: /home/luis/azure_sky_ros2/install/ros2_socketcan/share/ament_index/resource_index/packages/ros2_socketcan
[0.475s] -- Up-to-date: /home/luis/azure_sky_ros2/install/ros2_socketcan/share/ament_index/resource_index/rclcpp_components/ros2_socketcan
[0.475s] -- Up-to-date: /home/luis/azure_sky_ros2/install/ros2_socketcan/share/ros2_socketcan/cmake/ament_cmake_export_dependencies-extras.cmake
[0.476s] -- Up-to-date: /home/luis/azure_sky_ros2/install/ros2_socketcan/share/ros2_socketcan/cmake/ament_cmake_export_include_directories-extras.cmake
[0.476s] -- Up-to-date: /home/luis/azure_sky_ros2/install/ros2_socketcan/share/ros2_socketcan/cmake/ament_cmake_export_libraries-extras.cmake
[0.476s] -- Up-to-date: /home/luis/azure_sky_ros2/install/ros2_socketcan/share/ros2_socketcan/cmake/ros2_socketcanConfig.cmake
[0.476s] -- Up-to-date: /home/luis/azure_sky_ros2/install/ros2_socketcan/share/ros2_socketcan/cmake/ros2_socketcanConfig-version.cmake
[0.476s] -- Up-to-date: /home/luis/azure_sky_ros2/install/ros2_socketcan/share/ros2_socketcan/package.xml
[0.528s] Invoked command in '/home/luis/azure_sky_ros2/build/ros2_socketcan' returned '0': AMENT_PREFIX_PATH=/home/luis/azure_sky_ros2/install/ros2_socketcan_msgs:${AMENT_PREFIX_PATH} CMAKE_PREFIX_PATH=/home/luis/azure_sky_ros2/install/ros2_socketcan_msgs:/opt/ros/humble LD_LIBRARY_PATH=/home/luis/azure_sky_ros2/install/ros2_socketcan_msgs/lib:/opt/MVS/lib/64:/opt/MVS/lib/32:/usr/lib/x86_64-linux-gnu/gazebo-11/plugins:/opt/ros/humble/opt/rviz_ogre_vendor/lib:/opt/ros/humble/lib/x86_64-linux-gnu:/opt/ros/humble/lib:/opt/MVS/lib/64:/opt/MVS/lib/32:/opt/MVS/lib/64:/opt/MVS/lib/32 PYTHONPATH=/home/luis/azure_sky_ros2/install/ros2_socketcan_msgs/local/lib/python3.10/dist-packages:${PYTHONPATH} /usr/bin/cmake --install /home/luis/azure_sky_ros2/build/ros2_socketcan
