[0.046s] Invoking command in '/home/luis/azure_sky_ros2/build/buff_detector': CMAKE_PREFIX_PATH=/home/luis/azure_sky_ros2/install/buff_interfaces:/home/luis/azure_sky_ros2/install/autoaim_bridge:/home/luis/azure_sky_ros2/install/rm_buff:/home/luis/azure_sky_ros2/install/rm_auto_aim:/home/luis/azure_sky_ros2/install/rm_gimbal_description:/home/luis/azure_sky_ros2/install/buff_tracker:/home/luis/azure_sky_ros2/install/buff_detector:/home/luis/azure_sky_ros2/install/armor_tracker:/home/luis/azure_sky_ros2/install/armor_detector:/home/luis/azure_sky_ros2/install/tide_shooter_controller:/home/luis/azure_sky_ros2/install/tide_gimbal_controller:/home/luis/azure_sky_ros2/install/ros2_socketcan:/home/luis/azure_sky_ros2/install/tide_msgs:/home/luis/azure_sky_ros2/install/ros2_socketcan_msgs:/home/luis/azure_sky_ros2/install/auto_aim_interfaces:/home/luis/azure_sky_ros2/install/my_hardware_interface:/home/luis/azure_sky_ros2/install/serial:/home/luis/azure_sky_ros2/install/rm_auto_record:/home/luis/azure_sky_ros2/install/hik_camera:/opt/ros/humble LD_LIBRARY_PATH=/home/luis/azure_sky_ros2/install/buff_interfaces/lib:/home/luis/azure_sky_ros2/install/buff_tracker/lib:/home/luis/azure_sky_ros2/install/buff_detector/lib:/home/luis/azure_sky_ros2/install/armor_tracker/lib:/home/luis/azure_sky_ros2/install/armor_detector/lib:/home/luis/azure_sky_ros2/install/tide_shooter_controller/lib:/home/luis/azure_sky_ros2/install/tide_gimbal_controller/lib:/home/luis/azure_sky_ros2/install/ros2_socketcan/lib:/home/luis/azure_sky_ros2/install/tide_msgs/lib:/home/luis/azure_sky_ros2/install/ros2_socketcan_msgs/lib:/home/luis/azure_sky_ros2/install/auto_aim_interfaces/lib:/home/luis/azure_sky_ros2/install/my_hardware_interface/lib:/home/luis/azure_sky_ros2/install/serial/lib:/home/luis/azure_sky_ros2/install/rm_auto_record/lib:/home/luis/azure_sky_ros2/install/hik_camera/lib:/opt/MVS/lib/64:/opt/MVS/lib/32:/usr/lib/x86_64-linux-gnu/gazebo-11/plugins:/opt/ros/humble/opt/rviz_ogre_vendor/lib:/opt/ros/humble/lib/x86_64-linux-gnu:/opt/ros/humble/lib:/opt/MVS/lib/64:/opt/MVS/lib/32:/opt/MVS/lib/64:/opt/MVS/lib/32 /usr/bin/cmake /home/luis/azure_sky_ros2/src/rm_buff/buff_detector -DCMAKE_INSTALL_PREFIX=/home/luis/azure_sky_ros2/install/buff_detector
[0.245s] -- The C compiler identification is GNU 12.3.0
[0.405s] -- The CXX compiler identification is GNU 11.4.0
[0.433s] -- Detecting C compiler ABI info
[0.914s] -- Detecting C compiler ABI info - done
[0.941s] -- Check for working C compiler: /usr/bin/cc - skipped
[0.948s] -- Detecting C compile features
[0.948s] -- Detecting C compile features - done
[0.961s] -- Detecting CXX compiler ABI info
[1.376s] -- Detecting CXX compiler ABI info - done
[1.404s] -- Check for working CXX compiler: /usr/bin/c++ - skipped
[1.405s] -- Detecting CXX compile features
[1.405s] -- Detecting CXX compile features - done
[1.412s] -- Found ament_cmake_auto: 1.3.11 (/opt/ros/humble/share/ament_cmake_auto/cmake)
[2.110s] -- Found Python3: /usr/bin/python3 (found version "3.10.12") found components: Interpreter 
[2.418s] -- Found OpenCV: /usr (found version "4.5.4") 
[2.428s] -- Looking for pthread.h
[2.745s] -- Looking for pthread.h - found
[2.745s] -- Performing Test CMAKE_HAVE_LIBC_PTHREAD
[3.058s] -- Performing Test CMAKE_HAVE_LIBC_PTHREAD - Success
[3.062s] -- Found Threads: TRUE  
[3.404s] -- Found rosidl_generator_c: 3.1.6 (/opt/ros/humble/share/rosidl_generator_c/cmake)
[3.426s] -- Found rosidl_adapter: 3.1.6 (/opt/ros/humble/share/rosidl_adapter/cmake)
[3.464s] -- Found rosidl_generator_cpp: 3.1.6 (/opt/ros/humble/share/rosidl_generator_cpp/cmake)
[3.539s] -- Using all available rosidl_typesupport_c: rosidl_typesupport_fastrtps_c;rosidl_typesupport_introspection_c
[3.622s] -- Using all available rosidl_typesupport_cpp: rosidl_typesupport_fastrtps_cpp;rosidl_typesupport_introspection_cpp
[3.807s] -- Found rmw_implementation_cmake: 6.1.2 (/opt/ros/humble/share/rmw_implementation_cmake/cmake)
[3.826s] -- Found rmw_fastrtps_cpp: 6.2.7 (/opt/ros/humble/share/rmw_fastrtps_cpp/cmake)
[4.297s] -- Found OpenSSL: /usr/lib/x86_64-linux-gnu/libcrypto.so (found version "3.0.2")  
[4.432s] -- Found FastRTPS: /opt/ros/humble/include  
[4.598s] -- Using RMW implementation 'rmw_fastrtps_cpp' as default
[5.280s] -- Found eigen3_cmake_module: 0.1.1 (/opt/ros/humble/share/eigen3_cmake_module/cmake)
[5.284s] -- Found Eigen3: TRUE (found version "3.4.0") 
[5.288s] -- Ensuring Eigen3 include directory is part of orocos-kdl CMake target
[5.615s] -- Found ament_lint_auto: 0.12.12 (/opt/ros/humble/share/ament_lint_auto/cmake)
[5.719s] -- Added test 'cppcheck' to perform static code analysis on C / C++ code
[5.719s] -- Configured cppcheck include dirs: /home/luis/azure_sky_ros2/src/rm_buff/buff_detector/include
[5.719s] -- Configured cppcheck exclude dirs and/or files: 
[5.725s] -- Added test 'flake8' to check Python code syntax and style conventions
[5.728s] -- Added test 'lint_cmake' to check CMake code style
[5.732s] -- Added test 'pep257' to check Python code against some of the docstring style conventions in PEP 257
[5.733s] -- Added test 'xmllint' to check XML markup files
[5.753s] -- Configuring done
[5.841s] -- Generating done
[5.873s] -- Build files have been written to: /home/luis/azure_sky_ros2/build/buff_detector
[5.951s] Invoked command in '/home/luis/azure_sky_ros2/build/buff_detector' returned '0': CMAKE_PREFIX_PATH=/home/luis/azure_sky_ros2/install/buff_interfaces:/home/luis/azure_sky_ros2/install/autoaim_bridge:/home/luis/azure_sky_ros2/install/rm_buff:/home/luis/azure_sky_ros2/install/rm_auto_aim:/home/luis/azure_sky_ros2/install/rm_gimbal_description:/home/luis/azure_sky_ros2/install/buff_tracker:/home/luis/azure_sky_ros2/install/buff_detector:/home/luis/azure_sky_ros2/install/armor_tracker:/home/luis/azure_sky_ros2/install/armor_detector:/home/luis/azure_sky_ros2/install/tide_shooter_controller:/home/luis/azure_sky_ros2/install/tide_gimbal_controller:/home/luis/azure_sky_ros2/install/ros2_socketcan:/home/luis/azure_sky_ros2/install/tide_msgs:/home/luis/azure_sky_ros2/install/ros2_socketcan_msgs:/home/luis/azure_sky_ros2/install/auto_aim_interfaces:/home/luis/azure_sky_ros2/install/my_hardware_interface:/home/luis/azure_sky_ros2/install/serial:/home/luis/azure_sky_ros2/install/rm_auto_record:/home/luis/azure_sky_ros2/install/hik_camera:/opt/ros/humble LD_LIBRARY_PATH=/home/luis/azure_sky_ros2/install/buff_interfaces/lib:/home/luis/azure_sky_ros2/install/buff_tracker/lib:/home/luis/azure_sky_ros2/install/buff_detector/lib:/home/luis/azure_sky_ros2/install/armor_tracker/lib:/home/luis/azure_sky_ros2/install/armor_detector/lib:/home/luis/azure_sky_ros2/install/tide_shooter_controller/lib:/home/luis/azure_sky_ros2/install/tide_gimbal_controller/lib:/home/luis/azure_sky_ros2/install/ros2_socketcan/lib:/home/luis/azure_sky_ros2/install/tide_msgs/lib:/home/luis/azure_sky_ros2/install/ros2_socketcan_msgs/lib:/home/luis/azure_sky_ros2/install/auto_aim_interfaces/lib:/home/luis/azure_sky_ros2/install/my_hardware_interface/lib:/home/luis/azure_sky_ros2/install/serial/lib:/home/luis/azure_sky_ros2/install/rm_auto_record/lib:/home/luis/azure_sky_ros2/install/hik_camera/lib:/opt/MVS/lib/64:/opt/MVS/lib/32:/usr/lib/x86_64-linux-gnu/gazebo-11/plugins:/opt/ros/humble/opt/rviz_ogre_vendor/lib:/opt/ros/humble/lib/x86_64-linux-gnu:/opt/ros/humble/lib:/opt/MVS/lib/64:/opt/MVS/lib/32:/opt/MVS/lib/64:/opt/MVS/lib/32 /usr/bin/cmake /home/luis/azure_sky_ros2/src/rm_buff/buff_detector -DCMAKE_INSTALL_PREFIX=/home/luis/azure_sky_ros2/install/buff_detector
[5.952s] Invoking command in '/home/luis/azure_sky_ros2/build/buff_detector': CMAKE_PREFIX_PATH=/home/luis/azure_sky_ros2/install/buff_interfaces:/home/luis/azure_sky_ros2/install/autoaim_bridge:/home/luis/azure_sky_ros2/install/rm_buff:/home/luis/azure_sky_ros2/install/rm_auto_aim:/home/luis/azure_sky_ros2/install/rm_gimbal_description:/home/luis/azure_sky_ros2/install/buff_tracker:/home/luis/azure_sky_ros2/install/buff_detector:/home/luis/azure_sky_ros2/install/armor_tracker:/home/luis/azure_sky_ros2/install/armor_detector:/home/luis/azure_sky_ros2/install/tide_shooter_controller:/home/luis/azure_sky_ros2/install/tide_gimbal_controller:/home/luis/azure_sky_ros2/install/ros2_socketcan:/home/luis/azure_sky_ros2/install/tide_msgs:/home/luis/azure_sky_ros2/install/ros2_socketcan_msgs:/home/luis/azure_sky_ros2/install/auto_aim_interfaces:/home/luis/azure_sky_ros2/install/my_hardware_interface:/home/luis/azure_sky_ros2/install/serial:/home/luis/azure_sky_ros2/install/rm_auto_record:/home/luis/azure_sky_ros2/install/hik_camera:/opt/ros/humble LD_LIBRARY_PATH=/home/luis/azure_sky_ros2/install/buff_interfaces/lib:/home/luis/azure_sky_ros2/install/buff_tracker/lib:/home/luis/azure_sky_ros2/install/buff_detector/lib:/home/luis/azure_sky_ros2/install/armor_tracker/lib:/home/luis/azure_sky_ros2/install/armor_detector/lib:/home/luis/azure_sky_ros2/install/tide_shooter_controller/lib:/home/luis/azure_sky_ros2/install/tide_gimbal_controller/lib:/home/luis/azure_sky_ros2/install/ros2_socketcan/lib:/home/luis/azure_sky_ros2/install/tide_msgs/lib:/home/luis/azure_sky_ros2/install/ros2_socketcan_msgs/lib:/home/luis/azure_sky_ros2/install/auto_aim_interfaces/lib:/home/luis/azure_sky_ros2/install/my_hardware_interface/lib:/home/luis/azure_sky_ros2/install/serial/lib:/home/luis/azure_sky_ros2/install/rm_auto_record/lib:/home/luis/azure_sky_ros2/install/hik_camera/lib:/opt/MVS/lib/64:/opt/MVS/lib/32:/usr/lib/x86_64-linux-gnu/gazebo-11/plugins:/opt/ros/humble/opt/rviz_ogre_vendor/lib:/opt/ros/humble/lib/x86_64-linux-gnu:/opt/ros/humble/lib:/opt/MVS/lib/64:/opt/MVS/lib/32:/opt/MVS/lib/64:/opt/MVS/lib/32 /usr/bin/cmake --build /home/luis/azure_sky_ros2/build/buff_detector -- -j12 -l12
[6.193s] [ 16%] [32mBuilding CXX object CMakeFiles/buff_detector.dir/src/detector.cpp.o[0m
[6.195s] [ 33%] [32mBuilding CXX object CMakeFiles/buff_detector.dir/src/detector_node.cpp.o[0m
[6.200s] [ 50%] [32mBuilding CXX object CMakeFiles/buff_detector.dir/src/pnp_solver.cpp.o[0m
[6.204s] [ 66%] [32mBuilding CXX object CMakeFiles/buff_detector_node.dir/rclcpp_components/node_main_buff_detector_node.cpp.o[0m
