[0.042s] Invoking command in '/home/luis/azure_sky_ros2/build/armor_detector': CMAKE_PREFIX_PATH=/home/luis/azure_sky_ros2/install/auto_aim_interfaces:/home/luis/azure_sky_ros2/install/controlko_bringup:/home/luis/azure_sky_ros2/install/tide_shooter_controller:/home/luis/azure_sky_ros2/install/tide_gimbal_controller:/home/luis/azure_sky_ros2/install/autoaim_bridge:/home/luis/azure_sky_ros2/install/tide_msgs:/home/luis/azure_sky_ros2/install/my_hardware_interface:/home/luis/azure_sky_ros2/install/serial:/home/luis/azure_sky_ros2/install/rm_can_driver:/home/luis/azure_sky_ros2/install/ros2_socketcan:/home/luis/azure_sky_ros2/install/ros2_socketcan_msgs:/home/luis/azure_sky_ros2/install/rm_vision_bringup:/home/luis/azure_sky_ros2/install/rm_buff_bringup:/home/luis/azure_sky_ros2/install/rm_gimbal_description:/home/luis/azure_sky_ros2/install/rm_buff:/home/luis/azure_sky_ros2/install/rm_auto_record:/home/luis/azure_sky_ros2/install/rm_auto_aim:/home/luis/azure_sky_ros2/install/hik_camera:/home/luis/azure_sky_ros2/install/buff_tracker:/home/luis/azure_sky_ros2/install/buff_detector:/home/luis/azure_sky_ros2/install/buff_interfaces:/home/luis/azure_sky_ros2/install/armor_tracker:/home/luis/azure_sky_ros2/install/armor_detector:/opt/ros/humble LD_LIBRARY_PATH=/home/luis/azure_sky_ros2/install/auto_aim_interfaces/lib:/home/luis/azure_sky_ros2/install/tide_shooter_controller/lib:/home/luis/azure_sky_ros2/install/tide_gimbal_controller/lib:/home/luis/azure_sky_ros2/install/tide_msgs/lib:/home/luis/azure_sky_ros2/install/my_hardware_interface/lib:/home/luis/azure_sky_ros2/install/serial/lib:/home/luis/azure_sky_ros2/install/ros2_socketcan/lib:/home/luis/azure_sky_ros2/install/ros2_socketcan_msgs/lib:/home/luis/azure_sky_ros2/install/rm_auto_record/lib:/home/luis/azure_sky_ros2/install/hik_camera/lib:/home/luis/azure_sky_ros2/install/buff_tracker/lib:/home/luis/azure_sky_ros2/install/buff_detector/lib:/home/luis/azure_sky_ros2/install/buff_interfaces/lib:/home/luis/azure_sky_ros2/install/armor_tracker/lib:/home/luis/azure_sky_ros2/install/armor_detector/lib:/opt/MVS/lib/64:/opt/MVS/lib/32:/usr/lib/x86_64-linux-gnu/gazebo-11/plugins:/opt/ros/humble/opt/rviz_ogre_vendor/lib:/opt/ros/humble/lib/x86_64-linux-gnu:/opt/ros/humble/lib:/opt/MVS/lib/64:/opt/MVS/lib/32:/opt/MVS/lib/64:/opt/MVS/lib/32 /usr/bin/cmake --build /home/luis/azure_sky_ros2/build/armor_detector -- -j12 -l12
[0.142s] [35m[1mConsolidate compiler generated dependencies of target armor_detector[0m
[0.163s] [ 26%] Built target armor_detector_node
[0.163s] [ 20%] Built target gtest
[0.169s] [ 40%] Built target gtest_main
[0.181s] [ 73%] Built target armor_detector
[0.205s] [35m[1mConsolidate compiler generated dependencies of target test_number_cls[0m
[0.210s] [35m[1mConsolidate compiler generated dependencies of target test_node_startup[0m
[0.229s] [ 86%] Built target test_number_cls
[0.235s] [100%] Built target test_node_startup
[0.331s] Invoked command in '/home/luis/azure_sky_ros2/build/armor_detector' returned '0': CMAKE_PREFIX_PATH=/home/luis/azure_sky_ros2/install/auto_aim_interfaces:/home/luis/azure_sky_ros2/install/controlko_bringup:/home/luis/azure_sky_ros2/install/tide_shooter_controller:/home/luis/azure_sky_ros2/install/tide_gimbal_controller:/home/luis/azure_sky_ros2/install/autoaim_bridge:/home/luis/azure_sky_ros2/install/tide_msgs:/home/luis/azure_sky_ros2/install/my_hardware_interface:/home/luis/azure_sky_ros2/install/serial:/home/luis/azure_sky_ros2/install/rm_can_driver:/home/luis/azure_sky_ros2/install/ros2_socketcan:/home/luis/azure_sky_ros2/install/ros2_socketcan_msgs:/home/luis/azure_sky_ros2/install/rm_vision_bringup:/home/luis/azure_sky_ros2/install/rm_buff_bringup:/home/luis/azure_sky_ros2/install/rm_gimbal_description:/home/luis/azure_sky_ros2/install/rm_buff:/home/luis/azure_sky_ros2/install/rm_auto_record:/home/luis/azure_sky_ros2/install/rm_auto_aim:/home/luis/azure_sky_ros2/install/hik_camera:/home/luis/azure_sky_ros2/install/buff_tracker:/home/luis/azure_sky_ros2/install/buff_detector:/home/luis/azure_sky_ros2/install/buff_interfaces:/home/luis/azure_sky_ros2/install/armor_tracker:/home/luis/azure_sky_ros2/install/armor_detector:/opt/ros/humble LD_LIBRARY_PATH=/home/luis/azure_sky_ros2/install/auto_aim_interfaces/lib:/home/luis/azure_sky_ros2/install/tide_shooter_controller/lib:/home/luis/azure_sky_ros2/install/tide_gimbal_controller/lib:/home/luis/azure_sky_ros2/install/tide_msgs/lib:/home/luis/azure_sky_ros2/install/my_hardware_interface/lib:/home/luis/azure_sky_ros2/install/serial/lib:/home/luis/azure_sky_ros2/install/ros2_socketcan/lib:/home/luis/azure_sky_ros2/install/ros2_socketcan_msgs/lib:/home/luis/azure_sky_ros2/install/rm_auto_record/lib:/home/luis/azure_sky_ros2/install/hik_camera/lib:/home/luis/azure_sky_ros2/install/buff_tracker/lib:/home/luis/azure_sky_ros2/install/buff_detector/lib:/home/luis/azure_sky_ros2/install/buff_interfaces/lib:/home/luis/azure_sky_ros2/install/armor_tracker/lib:/home/luis/azure_sky_ros2/install/armor_detector/lib:/opt/MVS/lib/64:/opt/MVS/lib/32:/usr/lib/x86_64-linux-gnu/gazebo-11/plugins:/opt/ros/humble/opt/rviz_ogre_vendor/lib:/opt/ros/humble/lib/x86_64-linux-gnu:/opt/ros/humble/lib:/opt/MVS/lib/64:/opt/MVS/lib/32:/opt/MVS/lib/64:/opt/MVS/lib/32 /usr/bin/cmake --build /home/luis/azure_sky_ros2/build/armor_detector -- -j12 -l12
[0.333s] Invoking command in '/home/luis/azure_sky_ros2/build/armor_detector': CMAKE_PREFIX_PATH=/home/luis/azure_sky_ros2/install/auto_aim_interfaces:/home/luis/azure_sky_ros2/install/controlko_bringup:/home/luis/azure_sky_ros2/install/tide_shooter_controller:/home/luis/azure_sky_ros2/install/tide_gimbal_controller:/home/luis/azure_sky_ros2/install/autoaim_bridge:/home/luis/azure_sky_ros2/install/tide_msgs:/home/luis/azure_sky_ros2/install/my_hardware_interface:/home/luis/azure_sky_ros2/install/serial:/home/luis/azure_sky_ros2/install/rm_can_driver:/home/luis/azure_sky_ros2/install/ros2_socketcan:/home/luis/azure_sky_ros2/install/ros2_socketcan_msgs:/home/luis/azure_sky_ros2/install/rm_vision_bringup:/home/luis/azure_sky_ros2/install/rm_buff_bringup:/home/luis/azure_sky_ros2/install/rm_gimbal_description:/home/luis/azure_sky_ros2/install/rm_buff:/home/luis/azure_sky_ros2/install/rm_auto_record:/home/luis/azure_sky_ros2/install/rm_auto_aim:/home/luis/azure_sky_ros2/install/hik_camera:/home/luis/azure_sky_ros2/install/buff_tracker:/home/luis/azure_sky_ros2/install/buff_detector:/home/luis/azure_sky_ros2/install/buff_interfaces:/home/luis/azure_sky_ros2/install/armor_tracker:/home/luis/azure_sky_ros2/install/armor_detector:/opt/ros/humble LD_LIBRARY_PATH=/home/luis/azure_sky_ros2/install/auto_aim_interfaces/lib:/home/luis/azure_sky_ros2/install/tide_shooter_controller/lib:/home/luis/azure_sky_ros2/install/tide_gimbal_controller/lib:/home/luis/azure_sky_ros2/install/tide_msgs/lib:/home/luis/azure_sky_ros2/install/my_hardware_interface/lib:/home/luis/azure_sky_ros2/install/serial/lib:/home/luis/azure_sky_ros2/install/ros2_socketcan/lib:/home/luis/azure_sky_ros2/install/ros2_socketcan_msgs/lib:/home/luis/azure_sky_ros2/install/rm_auto_record/lib:/home/luis/azure_sky_ros2/install/hik_camera/lib:/home/luis/azure_sky_ros2/install/buff_tracker/lib:/home/luis/azure_sky_ros2/install/buff_detector/lib:/home/luis/azure_sky_ros2/install/buff_interfaces/lib:/home/luis/azure_sky_ros2/install/armor_tracker/lib:/home/luis/azure_sky_ros2/install/armor_detector/lib:/opt/MVS/lib/64:/opt/MVS/lib/32:/usr/lib/x86_64-linux-gnu/gazebo-11/plugins:/opt/ros/humble/opt/rviz_ogre_vendor/lib:/opt/ros/humble/lib/x86_64-linux-gnu:/opt/ros/humble/lib:/opt/MVS/lib/64:/opt/MVS/lib/32:/opt/MVS/lib/64:/opt/MVS/lib/32 /usr/bin/cmake --install /home/luis/azure_sky_ros2/build/armor_detector
[0.366s] -- Install configuration: ""
[0.366s] -- Up-to-date: /home/luis/azure_sky_ros2/install/armor_detector/lib/armor_detector/armor_detector_node
[0.366s] -- Up-to-date: /home/luis/azure_sky_ros2/install/armor_detector/include
[0.367s] -- Up-to-date: /home/luis/azure_sky_ros2/install/armor_detector/include/armor_detector
[0.367s] -- Up-to-date: /home/luis/azure_sky_ros2/install/armor_detector/include/armor_detector/pnp_solver.hpp
[0.367s] -- Up-to-date: /home/luis/azure_sky_ros2/install/armor_detector/include/armor_detector/number_classifier.hpp
[0.367s] -- Up-to-date: /home/luis/azure_sky_ros2/install/armor_detector/include/armor_detector/armor.hpp
[0.367s] -- Up-to-date: /home/luis/azure_sky_ros2/install/armor_detector/include/armor_detector/detector.hpp
[0.367s] -- Up-to-date: /home/luis/azure_sky_ros2/install/armor_detector/include/armor_detector/detector_node.hpp
[0.367s] -- Up-to-date: /home/luis/azure_sky_ros2/install/armor_detector/share/armor_detector/environment/library_path.sh
[0.367s] -- Up-to-date: /home/luis/azure_sky_ros2/install/armor_detector/share/armor_detector/environment/library_path.dsv
[0.367s] -- Up-to-date: /home/luis/azure_sky_ros2/install/armor_detector/lib/libarmor_detector.so
[0.367s] -- Up-to-date: /home/luis/azure_sky_ros2/install/armor_detector/share/armor_detector/model
[0.367s] -- Up-to-date: /home/luis/azure_sky_ros2/install/armor_detector/share/armor_detector/model/label.txt
[0.367s] -- Up-to-date: /home/luis/azure_sky_ros2/install/armor_detector/share/armor_detector/model/mlp.onnx
[0.367s] -- Up-to-date: /home/luis/azure_sky_ros2/install/armor_detector/share/ament_index/resource_index/package_run_dependencies/armor_detector
[0.368s] -- Up-to-date: /home/luis/azure_sky_ros2/install/armor_detector/share/ament_index/resource_index/parent_prefix_path/armor_detector
[0.368s] -- Up-to-date: /home/luis/azure_sky_ros2/install/armor_detector/share/armor_detector/environment/ament_prefix_path.sh
[0.368s] -- Up-to-date: /home/luis/azure_sky_ros2/install/armor_detector/share/armor_detector/environment/ament_prefix_path.dsv
[0.368s] -- Up-to-date: /home/luis/azure_sky_ros2/install/armor_detector/share/armor_detector/environment/path.sh
[0.368s] -- Up-to-date: /home/luis/azure_sky_ros2/install/armor_detector/share/armor_detector/environment/path.dsv
[0.368s] -- Up-to-date: /home/luis/azure_sky_ros2/install/armor_detector/share/armor_detector/local_setup.bash
[0.368s] -- Up-to-date: /home/luis/azure_sky_ros2/install/armor_detector/share/armor_detector/local_setup.sh
[0.368s] -- Up-to-date: /home/luis/azure_sky_ros2/install/armor_detector/share/armor_detector/local_setup.zsh
[0.368s] -- Up-to-date: /home/luis/azure_sky_ros2/install/armor_detector/share/armor_detector/local_setup.dsv
[0.368s] -- Installing: /home/luis/azure_sky_ros2/install/armor_detector/share/armor_detector/package.dsv
[0.368s] -- Up-to-date: /home/luis/azure_sky_ros2/install/armor_detector/share/ament_index/resource_index/packages/armor_detector
[0.368s] -- Up-to-date: /home/luis/azure_sky_ros2/install/armor_detector/share/ament_index/resource_index/rclcpp_components/armor_detector
[0.368s] -- Up-to-date: /home/luis/azure_sky_ros2/install/armor_detector/share/armor_detector/cmake/ament_cmake_export_dependencies-extras.cmake
[0.368s] -- Up-to-date: /home/luis/azure_sky_ros2/install/armor_detector/share/armor_detector/cmake/ament_cmake_export_include_directories-extras.cmake
[0.368s] -- Up-to-date: /home/luis/azure_sky_ros2/install/armor_detector/share/armor_detector/cmake/ament_cmake_export_libraries-extras.cmake
[0.368s] -- Up-to-date: /home/luis/azure_sky_ros2/install/armor_detector/share/armor_detector/cmake/armor_detectorConfig.cmake
[0.369s] -- Up-to-date: /home/luis/azure_sky_ros2/install/armor_detector/share/armor_detector/cmake/armor_detectorConfig-version.cmake
[0.369s] -- Up-to-date: /home/luis/azure_sky_ros2/install/armor_detector/share/armor_detector/package.xml
[0.375s] Invoked command in '/home/luis/azure_sky_ros2/build/armor_detector' returned '0': CMAKE_PREFIX_PATH=/home/luis/azure_sky_ros2/install/auto_aim_interfaces:/home/luis/azure_sky_ros2/install/controlko_bringup:/home/luis/azure_sky_ros2/install/tide_shooter_controller:/home/luis/azure_sky_ros2/install/tide_gimbal_controller:/home/luis/azure_sky_ros2/install/autoaim_bridge:/home/luis/azure_sky_ros2/install/tide_msgs:/home/luis/azure_sky_ros2/install/my_hardware_interface:/home/luis/azure_sky_ros2/install/serial:/home/luis/azure_sky_ros2/install/rm_can_driver:/home/luis/azure_sky_ros2/install/ros2_socketcan:/home/luis/azure_sky_ros2/install/ros2_socketcan_msgs:/home/luis/azure_sky_ros2/install/rm_vision_bringup:/home/luis/azure_sky_ros2/install/rm_buff_bringup:/home/luis/azure_sky_ros2/install/rm_gimbal_description:/home/luis/azure_sky_ros2/install/rm_buff:/home/luis/azure_sky_ros2/install/rm_auto_record:/home/luis/azure_sky_ros2/install/rm_auto_aim:/home/luis/azure_sky_ros2/install/hik_camera:/home/luis/azure_sky_ros2/install/buff_tracker:/home/luis/azure_sky_ros2/install/buff_detector:/home/luis/azure_sky_ros2/install/buff_interfaces:/home/luis/azure_sky_ros2/install/armor_tracker:/home/luis/azure_sky_ros2/install/armor_detector:/opt/ros/humble LD_LIBRARY_PATH=/home/luis/azure_sky_ros2/install/auto_aim_interfaces/lib:/home/luis/azure_sky_ros2/install/tide_shooter_controller/lib:/home/luis/azure_sky_ros2/install/tide_gimbal_controller/lib:/home/luis/azure_sky_ros2/install/tide_msgs/lib:/home/luis/azure_sky_ros2/install/my_hardware_interface/lib:/home/luis/azure_sky_ros2/install/serial/lib:/home/luis/azure_sky_ros2/install/ros2_socketcan/lib:/home/luis/azure_sky_ros2/install/ros2_socketcan_msgs/lib:/home/luis/azure_sky_ros2/install/rm_auto_record/lib:/home/luis/azure_sky_ros2/install/hik_camera/lib:/home/luis/azure_sky_ros2/install/buff_tracker/lib:/home/luis/azure_sky_ros2/install/buff_detector/lib:/home/luis/azure_sky_ros2/install/buff_interfaces/lib:/home/luis/azure_sky_ros2/install/armor_tracker/lib:/home/luis/azure_sky_ros2/install/armor_detector/lib:/opt/MVS/lib/64:/opt/MVS/lib/32:/usr/lib/x86_64-linux-gnu/gazebo-11/plugins:/opt/ros/humble/opt/rviz_ogre_vendor/lib:/opt/ros/humble/lib/x86_64-linux-gnu:/opt/ros/humble/lib:/opt/MVS/lib/64:/opt/MVS/lib/32:/opt/MVS/lib/64:/opt/MVS/lib/32 /usr/bin/cmake --install /home/luis/azure_sky_ros2/build/armor_detector
