[0.044s] Invoking command in '/home/luis/azure_sky_ros2/build/rm_auto_aim': AMENT_PREFIX_PATH=/home/luis/azure_sky_ros2/install/armor_tracker:/home/luis/azure_sky_ros2/install/armor_detector:${AMENT_PREFIX_PATH} CMAKE_PREFIX_PATH=/home/luis/azure_sky_ros2/install/armor_tracker:/home/luis/azure_sky_ros2/install/armor_detector:/home/luis/azure_sky_ros2/install/auto_aim_interfaces:/home/luis/azure_sky_ros2/install/tide_msgs:/home/luis/azure_sky_ros2/install/serial:/home/luis/azure_sky_ros2/install/ros2_socketcan_msgs:/home/luis/azure_sky_ros2/install/rm_gimbal_description:/home/luis/azure_sky_ros2/install/rm_auto_record:/home/luis/azure_sky_ros2/install/hik_camera:/home/luis/azure_sky_ros2/install/buff_interfaces:/opt/ros/humble LD_LIBRARY_PATH=/home/luis/azure_sky_ros2/install/armor_tracker/lib:/home/luis/azure_sky_ros2/install/armor_detector/lib:/home/luis/azure_sky_ros2/install/auto_aim_interfaces/lib:/home/luis/azure_sky_ros2/install/tide_msgs/lib:/home/luis/azure_sky_ros2/install/serial/lib:/home/luis/azure_sky_ros2/install/ros2_socketcan_msgs/lib:/home/luis/azure_sky_ros2/install/rm_auto_record/lib:/home/luis/azure_sky_ros2/install/hik_camera/lib:/home/luis/azure_sky_ros2/install/buff_interfaces/lib:/opt/MVS/lib/64:/opt/MVS/lib/32:/usr/lib/x86_64-linux-gnu/gazebo-11/plugins:/opt/ros/humble/opt/rviz_ogre_vendor/lib:/opt/ros/humble/lib/x86_64-linux-gnu:/opt/ros/humble/lib:/opt/MVS/lib/64:/opt/MVS/lib/32:/opt/MVS/lib/64:/opt/MVS/lib/32 /usr/bin/cmake /home/luis/azure_sky_ros2/src/rm_auto_aim/rm_auto_aim -DCMAKE_INSTALL_PREFIX=/home/luis/azure_sky_ros2/install/rm_auto_aim
[0.187s] -- The C compiler identification is GNU 12.3.0
[0.301s] -- The CXX compiler identification is GNU 11.4.0
[0.322s] -- Detecting C compiler ABI info
[0.483s] -- Detecting C compiler ABI info - done
[0.496s] -- Check for working C compiler: /usr/bin/cc - skipped
[0.497s] -- Detecting C compile features
[0.498s] -- Detecting C compile features - done
[0.504s] -- Detecting CXX compiler ABI info
[0.658s] -- Detecting CXX compiler ABI info - done
[0.670s] -- Check for working CXX compiler: /usr/bin/c++ - skipped
[0.670s] -- Detecting CXX compile features
[0.671s] -- Detecting CXX compile features - done
[0.677s] -- Found ament_cmake_auto: 1.3.11 (/opt/ros/humble/share/ament_cmake_auto/cmake)
[0.944s] -- Found Python3: /usr/bin/python3 (found version "3.10.12") found components: Interpreter 
[1.137s] -- Found ament_lint_auto: 0.12.12 (/opt/ros/humble/share/ament_lint_auto/cmake)
[1.277s] -- Added test 'lint_cmake' to check CMake code style
[1.280s] -- Added test 'xmllint' to check XML markup files
[1.283s] -- Configuring done
[1.288s] -- Generating done
[1.291s] -- Build files have been written to: /home/luis/azure_sky_ros2/build/rm_auto_aim
[1.299s] Invoked command in '/home/luis/azure_sky_ros2/build/rm_auto_aim' returned '0': AMENT_PREFIX_PATH=/home/luis/azure_sky_ros2/install/armor_tracker:/home/luis/azure_sky_ros2/install/armor_detector:${AMENT_PREFIX_PATH} CMAKE_PREFIX_PATH=/home/luis/azure_sky_ros2/install/armor_tracker:/home/luis/azure_sky_ros2/install/armor_detector:/home/luis/azure_sky_ros2/install/auto_aim_interfaces:/home/luis/azure_sky_ros2/install/tide_msgs:/home/luis/azure_sky_ros2/install/serial:/home/luis/azure_sky_ros2/install/ros2_socketcan_msgs:/home/luis/azure_sky_ros2/install/rm_gimbal_description:/home/luis/azure_sky_ros2/install/rm_auto_record:/home/luis/azure_sky_ros2/install/hik_camera:/home/luis/azure_sky_ros2/install/buff_interfaces:/opt/ros/humble LD_LIBRARY_PATH=/home/luis/azure_sky_ros2/install/armor_tracker/lib:/home/luis/azure_sky_ros2/install/armor_detector/lib:/home/luis/azure_sky_ros2/install/auto_aim_interfaces/lib:/home/luis/azure_sky_ros2/install/tide_msgs/lib:/home/luis/azure_sky_ros2/install/serial/lib:/home/luis/azure_sky_ros2/install/ros2_socketcan_msgs/lib:/home/luis/azure_sky_ros2/install/rm_auto_record/lib:/home/luis/azure_sky_ros2/install/hik_camera/lib:/home/luis/azure_sky_ros2/install/buff_interfaces/lib:/opt/MVS/lib/64:/opt/MVS/lib/32:/usr/lib/x86_64-linux-gnu/gazebo-11/plugins:/opt/ros/humble/opt/rviz_ogre_vendor/lib:/opt/ros/humble/lib/x86_64-linux-gnu:/opt/ros/humble/lib:/opt/MVS/lib/64:/opt/MVS/lib/32:/opt/MVS/lib/64:/opt/MVS/lib/32 /usr/bin/cmake /home/luis/azure_sky_ros2/src/rm_auto_aim/rm_auto_aim -DCMAKE_INSTALL_PREFIX=/home/luis/azure_sky_ros2/install/rm_auto_aim
[1.303s] Invoking command in '/home/luis/azure_sky_ros2/build/rm_auto_aim': AMENT_PREFIX_PATH=/home/luis/azure_sky_ros2/install/armor_tracker:/home/luis/azure_sky_ros2/install/armor_detector:${AMENT_PREFIX_PATH} CMAKE_PREFIX_PATH=/home/luis/azure_sky_ros2/install/armor_tracker:/home/luis/azure_sky_ros2/install/armor_detector:/home/luis/azure_sky_ros2/install/auto_aim_interfaces:/home/luis/azure_sky_ros2/install/tide_msgs:/home/luis/azure_sky_ros2/install/serial:/home/luis/azure_sky_ros2/install/ros2_socketcan_msgs:/home/luis/azure_sky_ros2/install/rm_gimbal_description:/home/luis/azure_sky_ros2/install/rm_auto_record:/home/luis/azure_sky_ros2/install/hik_camera:/home/luis/azure_sky_ros2/install/buff_interfaces:/opt/ros/humble LD_LIBRARY_PATH=/home/luis/azure_sky_ros2/install/armor_tracker/lib:/home/luis/azure_sky_ros2/install/armor_detector/lib:/home/luis/azure_sky_ros2/install/auto_aim_interfaces/lib:/home/luis/azure_sky_ros2/install/tide_msgs/lib:/home/luis/azure_sky_ros2/install/serial/lib:/home/luis/azure_sky_ros2/install/ros2_socketcan_msgs/lib:/home/luis/azure_sky_ros2/install/rm_auto_record/lib:/home/luis/azure_sky_ros2/install/hik_camera/lib:/home/luis/azure_sky_ros2/install/buff_interfaces/lib:/opt/MVS/lib/64:/opt/MVS/lib/32:/usr/lib/x86_64-linux-gnu/gazebo-11/plugins:/opt/ros/humble/opt/rviz_ogre_vendor/lib:/opt/ros/humble/lib/x86_64-linux-gnu:/opt/ros/humble/lib:/opt/MVS/lib/64:/opt/MVS/lib/32:/opt/MVS/lib/64:/opt/MVS/lib/32 /usr/bin/cmake --build /home/luis/azure_sky_ros2/build/rm_auto_aim -- -j12 -l12
[1.407s] Invoked command in '/home/luis/azure_sky_ros2/build/rm_auto_aim' returned '0': AMENT_PREFIX_PATH=/home/luis/azure_sky_ros2/install/armor_tracker:/home/luis/azure_sky_ros2/install/armor_detector:${AMENT_PREFIX_PATH} CMAKE_PREFIX_PATH=/home/luis/azure_sky_ros2/install/armor_tracker:/home/luis/azure_sky_ros2/install/armor_detector:/home/luis/azure_sky_ros2/install/auto_aim_interfaces:/home/luis/azure_sky_ros2/install/tide_msgs:/home/luis/azure_sky_ros2/install/serial:/home/luis/azure_sky_ros2/install/ros2_socketcan_msgs:/home/luis/azure_sky_ros2/install/rm_gimbal_description:/home/luis/azure_sky_ros2/install/rm_auto_record:/home/luis/azure_sky_ros2/install/hik_camera:/home/luis/azure_sky_ros2/install/buff_interfaces:/opt/ros/humble LD_LIBRARY_PATH=/home/luis/azure_sky_ros2/install/armor_tracker/lib:/home/luis/azure_sky_ros2/install/armor_detector/lib:/home/luis/azure_sky_ros2/install/auto_aim_interfaces/lib:/home/luis/azure_sky_ros2/install/tide_msgs/lib:/home/luis/azure_sky_ros2/install/serial/lib:/home/luis/azure_sky_ros2/install/ros2_socketcan_msgs/lib:/home/luis/azure_sky_ros2/install/rm_auto_record/lib:/home/luis/azure_sky_ros2/install/hik_camera/lib:/home/luis/azure_sky_ros2/install/buff_interfaces/lib:/opt/MVS/lib/64:/opt/MVS/lib/32:/usr/lib/x86_64-linux-gnu/gazebo-11/plugins:/opt/ros/humble/opt/rviz_ogre_vendor/lib:/opt/ros/humble/lib/x86_64-linux-gnu:/opt/ros/humble/lib:/opt/MVS/lib/64:/opt/MVS/lib/32:/opt/MVS/lib/64:/opt/MVS/lib/32 /usr/bin/cmake --build /home/luis/azure_sky_ros2/build/rm_auto_aim -- -j12 -l12
[1.411s] Invoking command in '/home/luis/azure_sky_ros2/build/rm_auto_aim': AMENT_PREFIX_PATH=/home/luis/azure_sky_ros2/install/armor_tracker:/home/luis/azure_sky_ros2/install/armor_detector:${AMENT_PREFIX_PATH} CMAKE_PREFIX_PATH=/home/luis/azure_sky_ros2/install/armor_tracker:/home/luis/azure_sky_ros2/install/armor_detector:/home/luis/azure_sky_ros2/install/auto_aim_interfaces:/home/luis/azure_sky_ros2/install/tide_msgs:/home/luis/azure_sky_ros2/install/serial:/home/luis/azure_sky_ros2/install/ros2_socketcan_msgs:/home/luis/azure_sky_ros2/install/rm_gimbal_description:/home/luis/azure_sky_ros2/install/rm_auto_record:/home/luis/azure_sky_ros2/install/hik_camera:/home/luis/azure_sky_ros2/install/buff_interfaces:/opt/ros/humble LD_LIBRARY_PATH=/home/luis/azure_sky_ros2/install/armor_tracker/lib:/home/luis/azure_sky_ros2/install/armor_detector/lib:/home/luis/azure_sky_ros2/install/auto_aim_interfaces/lib:/home/luis/azure_sky_ros2/install/tide_msgs/lib:/home/luis/azure_sky_ros2/install/serial/lib:/home/luis/azure_sky_ros2/install/ros2_socketcan_msgs/lib:/home/luis/azure_sky_ros2/install/rm_auto_record/lib:/home/luis/azure_sky_ros2/install/hik_camera/lib:/home/luis/azure_sky_ros2/install/buff_interfaces/lib:/opt/MVS/lib/64:/opt/MVS/lib/32:/usr/lib/x86_64-linux-gnu/gazebo-11/plugins:/opt/ros/humble/opt/rviz_ogre_vendor/lib:/opt/ros/humble/lib/x86_64-linux-gnu:/opt/ros/humble/lib:/opt/MVS/lib/64:/opt/MVS/lib/32:/opt/MVS/lib/64:/opt/MVS/lib/32 /usr/bin/cmake --install /home/luis/azure_sky_ros2/build/rm_auto_aim
[1.423s] -- Install configuration: ""
[1.424s] -- Installing: /home/luis/azure_sky_ros2/install/rm_auto_aim/share/ament_index/resource_index/package_run_dependencies/rm_auto_aim
[1.424s] -- Installing: /home/luis/azure_sky_ros2/install/rm_auto_aim/share/ament_index/resource_index/parent_prefix_path/rm_auto_aim
[1.425s] -- Installing: /home/luis/azure_sky_ros2/install/rm_auto_aim/share/rm_auto_aim/environment/ament_prefix_path.sh
[1.425s] -- Installing: /home/luis/azure_sky_ros2/install/rm_auto_aim/share/rm_auto_aim/environment/ament_prefix_path.dsv
[1.425s] -- Installing: /home/luis/azure_sky_ros2/install/rm_auto_aim/share/rm_auto_aim/environment/path.sh
[1.426s] -- Installing: /home/luis/azure_sky_ros2/install/rm_auto_aim/share/rm_auto_aim/environment/path.dsv
[1.426s] -- Installing: /home/luis/azure_sky_ros2/install/rm_auto_aim/share/rm_auto_aim/local_setup.bash
[1.427s] -- Installing: /home/luis/azure_sky_ros2/install/rm_auto_aim/share/rm_auto_aim/local_setup.sh
[1.427s] -- Installing: /home/luis/azure_sky_ros2/install/rm_auto_aim/share/rm_auto_aim/local_setup.zsh
[1.427s] -- Installing: /home/luis/azure_sky_ros2/install/rm_auto_aim/share/rm_auto_aim/local_setup.dsv
[1.427s] -- Installing: /home/luis/azure_sky_ros2/install/rm_auto_aim/share/rm_auto_aim/package.dsv
[1.428s] -- Installing: /home/luis/azure_sky_ros2/install/rm_auto_aim/share/ament_index/resource_index/packages/rm_auto_aim
[1.428s] -- Installing: /home/luis/azure_sky_ros2/install/rm_auto_aim/share/rm_auto_aim/cmake/rm_auto_aimConfig.cmake
[1.428s] -- Installing: /home/luis/azure_sky_ros2/install/rm_auto_aim/share/rm_auto_aim/cmake/rm_auto_aimConfig-version.cmake
[1.428s] -- Installing: /home/luis/azure_sky_ros2/install/rm_auto_aim/share/rm_auto_aim/package.xml
[1.432s] Invoked command in '/home/luis/azure_sky_ros2/build/rm_auto_aim' returned '0': AMENT_PREFIX_PATH=/home/luis/azure_sky_ros2/install/armor_tracker:/home/luis/azure_sky_ros2/install/armor_detector:${AMENT_PREFIX_PATH} CMAKE_PREFIX_PATH=/home/luis/azure_sky_ros2/install/armor_tracker:/home/luis/azure_sky_ros2/install/armor_detector:/home/luis/azure_sky_ros2/install/auto_aim_interfaces:/home/luis/azure_sky_ros2/install/tide_msgs:/home/luis/azure_sky_ros2/install/serial:/home/luis/azure_sky_ros2/install/ros2_socketcan_msgs:/home/luis/azure_sky_ros2/install/rm_gimbal_description:/home/luis/azure_sky_ros2/install/rm_auto_record:/home/luis/azure_sky_ros2/install/hik_camera:/home/luis/azure_sky_ros2/install/buff_interfaces:/opt/ros/humble LD_LIBRARY_PATH=/home/luis/azure_sky_ros2/install/armor_tracker/lib:/home/luis/azure_sky_ros2/install/armor_detector/lib:/home/luis/azure_sky_ros2/install/auto_aim_interfaces/lib:/home/luis/azure_sky_ros2/install/tide_msgs/lib:/home/luis/azure_sky_ros2/install/serial/lib:/home/luis/azure_sky_ros2/install/ros2_socketcan_msgs/lib:/home/luis/azure_sky_ros2/install/rm_auto_record/lib:/home/luis/azure_sky_ros2/install/hik_camera/lib:/home/luis/azure_sky_ros2/install/buff_interfaces/lib:/opt/MVS/lib/64:/opt/MVS/lib/32:/usr/lib/x86_64-linux-gnu/gazebo-11/plugins:/opt/ros/humble/opt/rviz_ogre_vendor/lib:/opt/ros/humble/lib/x86_64-linux-gnu:/opt/ros/humble/lib:/opt/MVS/lib/64:/opt/MVS/lib/32:/opt/MVS/lib/64:/opt/MVS/lib/32 /usr/bin/cmake --install /home/luis/azure_sky_ros2/build/rm_auto_aim
