[0.028s] Invoking command in '/home/luis/workshop_ws/build/controlko_bringup': CMAKE_PREFIX_PATH=/home/luis/workshop_ws/install/tide_shooter_controller:/home/luis/workshop_ws/install/tide_gimbal_controller:/home/luis/workshop_ws/install/tide_msgs:/home/luis/workshop_ws/install/controlko_description:/home/luis/workshop_ws/install/my_hardware_interface:/home/luis/workshop_ws/install/serial:/home/luis/workshop_ws/install/roscon2022_control_workshop:/home/luis/workshop_ws/install/ros2_socketcan:/home/luis/workshop_ws/install/ros2_socketcan_msgs:/home/luis/workshop_ws/install/controlko_hardware_interface:/home/luis/workshop_ws/install/controlko_bringup:/home/luis/workshop_ws/install/controlko_controllers:/opt/ros/humble /usr/bin/cmake --build /home/luis/workshop_ws/build/controlko_bringup -- -j12 -l12
[0.100s] Invoked command in '/home/luis/workshop_ws/build/controlko_bringup' returned '0': CMAKE_PREFIX_PATH=/home/luis/workshop_ws/install/tide_shooter_controller:/home/luis/workshop_ws/install/tide_gimbal_controller:/home/luis/workshop_ws/install/tide_msgs:/home/luis/workshop_ws/install/controlko_description:/home/luis/workshop_ws/install/my_hardware_interface:/home/luis/workshop_ws/install/serial:/home/luis/workshop_ws/install/roscon2022_control_workshop:/home/luis/workshop_ws/install/ros2_socketcan:/home/luis/workshop_ws/install/ros2_socketcan_msgs:/home/luis/workshop_ws/install/controlko_hardware_interface:/home/luis/workshop_ws/install/controlko_bringup:/home/luis/workshop_ws/install/controlko_controllers:/opt/ros/humble /usr/bin/cmake --build /home/luis/workshop_ws/build/controlko_bringup -- -j12 -l12
[0.102s] Invoking command in '/home/luis/workshop_ws/build/controlko_bringup': CMAKE_PREFIX_PATH=/home/luis/workshop_ws/install/tide_shooter_controller:/home/luis/workshop_ws/install/tide_gimbal_controller:/home/luis/workshop_ws/install/tide_msgs:/home/luis/workshop_ws/install/controlko_description:/home/luis/workshop_ws/install/my_hardware_interface:/home/luis/workshop_ws/install/serial:/home/luis/workshop_ws/install/roscon2022_control_workshop:/home/luis/workshop_ws/install/ros2_socketcan:/home/luis/workshop_ws/install/ros2_socketcan_msgs:/home/luis/workshop_ws/install/controlko_hardware_interface:/home/luis/workshop_ws/install/controlko_bringup:/home/luis/workshop_ws/install/controlko_controllers:/opt/ros/humble /usr/bin/cmake --install /home/luis/workshop_ws/build/controlko_bringup
[0.115s] -- Install configuration: ""
[0.116s] -- Execute custom install script
[0.116s] -- Up-to-date symlink: /home/luis/workshop_ws/install/controlko_bringup/share/controlko_bringup/config/rrbot_controllers.yaml
[0.117s] -- Up-to-date symlink: /home/luis/workshop_ws/install/controlko_bringup/share/controlko_bringup/config/soho-12_controllers.yaml
[0.117s] -- Up-to-date symlink: /home/luis/workshop_ws/install/controlko_bringup/share/controlko_bringup/config/test_goal_publishers_config.yaml
[0.117s] -- Up-to-date symlink: /home/luis/workshop_ws/install/controlko_bringup/share/controlko_bringup/rrbot.launch.py
[0.117s] -- Up-to-date symlink: /home/luis/workshop_ws/install/controlko_bringup/share/controlko_bringup/rrbot_real.launch.py
[0.117s] -- Up-to-date symlink: /home/luis/workshop_ws/install/controlko_bringup/share/controlko_bringup/rrbot_sim_gazebo.launch.py
[0.117s] -- Up-to-date symlink: /home/luis/workshop_ws/install/controlko_bringup/share/controlko_bringup/rrbot_sim_gazebo_classic.launch.py
[0.118s] -- Up-to-date symlink: /home/luis/workshop_ws/install/controlko_bringup/share/controlko_bringup/soho-12.launch.py
[0.118s] -- Up-to-date symlink: /home/luis/workshop_ws/install/controlko_bringup/share/controlko_bringup/test_forward_position_controller.launch.py
[0.118s] -- Up-to-date symlink: /home/luis/workshop_ws/install/controlko_bringup/share/controlko_bringup/test_joint_trajectory_controller.launch.py
[0.118s] -- Up-to-date symlink: /home/luis/workshop_ws/install/controlko_bringup/share/ament_index/resource_index/package_run_dependencies/controlko_bringup
[0.118s] -- Up-to-date symlink: /home/luis/workshop_ws/install/controlko_bringup/share/ament_index/resource_index/parent_prefix_path/controlko_bringup
[0.119s] -- Up-to-date symlink: /home/luis/workshop_ws/install/controlko_bringup/share/controlko_bringup/environment/ament_prefix_path.sh
[0.119s] -- Up-to-date symlink: /home/luis/workshop_ws/install/controlko_bringup/share/controlko_bringup/environment/ament_prefix_path.dsv
[0.119s] -- Up-to-date symlink: /home/luis/workshop_ws/install/controlko_bringup/share/controlko_bringup/environment/path.sh
[0.119s] -- Up-to-date symlink: /home/luis/workshop_ws/install/controlko_bringup/share/controlko_bringup/environment/path.dsv
[0.120s] -- Up-to-date symlink: /home/luis/workshop_ws/install/controlko_bringup/share/controlko_bringup/local_setup.bash
[0.120s] -- Up-to-date symlink: /home/luis/workshop_ws/install/controlko_bringup/share/controlko_bringup/local_setup.sh
[0.120s] -- Up-to-date symlink: /home/luis/workshop_ws/install/controlko_bringup/share/controlko_bringup/local_setup.zsh
[0.120s] -- Up-to-date symlink: /home/luis/workshop_ws/install/controlko_bringup/share/controlko_bringup/local_setup.dsv
[0.120s] -- Symlinking: /home/luis/workshop_ws/install/controlko_bringup/share/controlko_bringup/package.dsv
[0.137s] -- Up-to-date symlink: /home/luis/workshop_ws/install/controlko_bringup/share/ament_index/resource_index/packages/controlko_bringup
[0.137s] -- Up-to-date symlink: /home/luis/workshop_ws/install/controlko_bringup/share/controlko_bringup/cmake/controlko_bringupConfig.cmake
[0.138s] -- Up-to-date symlink: /home/luis/workshop_ws/install/controlko_bringup/share/controlko_bringup/cmake/controlko_bringupConfig-version.cmake
[0.138s] -- Up-to-date symlink: /home/luis/workshop_ws/install/controlko_bringup/share/controlko_bringup/package.xml
[0.142s] Invoked command in '/home/luis/workshop_ws/build/controlko_bringup' returned '0': CMAKE_PREFIX_PATH=/home/luis/workshop_ws/install/tide_shooter_controller:/home/luis/workshop_ws/install/tide_gimbal_controller:/home/luis/workshop_ws/install/tide_msgs:/home/luis/workshop_ws/install/controlko_description:/home/luis/workshop_ws/install/my_hardware_interface:/home/luis/workshop_ws/install/serial:/home/luis/workshop_ws/install/roscon2022_control_workshop:/home/luis/workshop_ws/install/ros2_socketcan:/home/luis/workshop_ws/install/ros2_socketcan_msgs:/home/luis/workshop_ws/install/controlko_hardware_interface:/home/luis/workshop_ws/install/controlko_bringup:/home/luis/workshop_ws/install/controlko_controllers:/opt/ros/humble /usr/bin/cmake --install /home/luis/workshop_ws/build/controlko_bringup
