[35m[1mConsolidate compiler generated dependencies of target autoaim_bridge_node[0m
[100%] Built target autoaim_bridge_node
-- Install configuration: ""
-- Installing: /home/luis/azure_sky_ros2/install/autoaim_bridge/lib/autoaim_bridge/autoaim_bridge_node
-- Set runtime path of "/home/luis/azure_sky_ros2/install/autoaim_bridge/lib/autoaim_bridge/autoaim_bridge_node" to ""
-- Installing: /home/luis/azure_sky_ros2/install/autoaim_bridge/include
-- Installing: /home/luis/azure_sky_ros2/install/autoaim_bridge/include/autoaim_bridge
-- Installing: /home/luis/azure_sky_ros2/install/autoaim_bridge/include/autoaim_bridge/autoaim_bridge.hpp
-- Installing: /home/luis/azure_sky_ros2/install/autoaim_bridge/share/ament_index/resource_index/package_run_dependencies/autoaim_bridge
-- Installing: /home/luis/azure_sky_ros2/install/autoaim_bridge/share/ament_index/resource_index/parent_prefix_path/autoaim_bridge
-- Installing: /home/luis/azure_sky_ros2/install/autoaim_bridge/share/autoaim_bridge/environment/ament_prefix_path.sh
-- Installing: /home/luis/azure_sky_ros2/install/autoaim_bridge/share/autoaim_bridge/environment/ament_prefix_path.dsv
-- Installing: /home/luis/azure_sky_ros2/install/autoaim_bridge/share/autoaim_bridge/environment/path.sh
-- Installing: /home/luis/azure_sky_ros2/install/autoaim_bridge/share/autoaim_bridge/environment/path.dsv
-- Installing: /home/luis/azure_sky_ros2/install/autoaim_bridge/share/autoaim_bridge/local_setup.bash
-- Installing: /home/luis/azure_sky_ros2/install/autoaim_bridge/share/autoaim_bridge/local_setup.sh
-- Installing: /home/luis/azure_sky_ros2/install/autoaim_bridge/share/autoaim_bridge/local_setup.zsh
-- Installing: /home/luis/azure_sky_ros2/install/autoaim_bridge/share/autoaim_bridge/local_setup.dsv
-- Installing: /home/luis/azure_sky_ros2/install/autoaim_bridge/share/autoaim_bridge/package.dsv
-- Installing: /home/luis/azure_sky_ros2/install/autoaim_bridge/share/ament_index/resource_index/packages/autoaim_bridge
-- Installing: /home/luis/azure_sky_ros2/install/autoaim_bridge/share/autoaim_bridge/cmake/autoaim_bridgeConfig.cmake
-- Installing: /home/luis/azure_sky_ros2/install/autoaim_bridge/share/autoaim_bridge/cmake/autoaim_bridgeConfig-version.cmake
-- Installing: /home/luis/azure_sky_ros2/install/autoaim_bridge/share/autoaim_bridge/package.xml
