[0.065s] Invoking command in '/home/luis/azure_sky_ros2/build/autoaim_bridge': CMAKE_PREFIX_PATH=/home/luis/azure_sky_ros2/install/tide_msgs:/home/luis/azure_sky_ros2/install/auto_aim_interfaces:/home/luis/azure_sky_ros2/install/serial:/home/luis/azure_sky_ros2/install/ros2_socketcan_msgs:/home/luis/azure_sky_ros2/install/rm_gimbal_description:/home/luis/azure_sky_ros2/install/rm_auto_record:/home/luis/azure_sky_ros2/install/hik_camera:/home/luis/azure_sky_ros2/install/buff_interfaces:/opt/ros/humble LD_LIBRARY_PATH=/home/luis/azure_sky_ros2/install/tide_msgs/lib:/home/luis/azure_sky_ros2/install/auto_aim_interfaces/lib:/home/luis/azure_sky_ros2/install/serial/lib:/home/luis/azure_sky_ros2/install/ros2_socketcan_msgs/lib:/home/luis/azure_sky_ros2/install/rm_auto_record/lib:/home/luis/azure_sky_ros2/install/hik_camera/lib:/home/luis/azure_sky_ros2/install/buff_interfaces/lib:/opt/MVS/lib/64:/opt/MVS/lib/32:/usr/lib/x86_64-linux-gnu/gazebo-11/plugins:/opt/ros/humble/opt/rviz_ogre_vendor/lib:/opt/ros/humble/lib/x86_64-linux-gnu:/opt/ros/humble/lib:/opt/MVS/lib/64:/opt/MVS/lib/32:/opt/MVS/lib/64:/opt/MVS/lib/32 /usr/bin/cmake --build /home/luis/azure_sky_ros2/build/autoaim_bridge -- -j12 -l12
[0.218s] [35m[1mConsolidate compiler generated dependencies of target autoaim_bridge_node[0m
[0.284s] [100%] Built target autoaim_bridge_node
[0.316s] Invoked command in '/home/luis/azure_sky_ros2/build/autoaim_bridge' returned '0': CMAKE_PREFIX_PATH=/home/luis/azure_sky_ros2/install/tide_msgs:/home/luis/azure_sky_ros2/install/auto_aim_interfaces:/home/luis/azure_sky_ros2/install/serial:/home/luis/azure_sky_ros2/install/ros2_socketcan_msgs:/home/luis/azure_sky_ros2/install/rm_gimbal_description:/home/luis/azure_sky_ros2/install/rm_auto_record:/home/luis/azure_sky_ros2/install/hik_camera:/home/luis/azure_sky_ros2/install/buff_interfaces:/opt/ros/humble LD_LIBRARY_PATH=/home/luis/azure_sky_ros2/install/tide_msgs/lib:/home/luis/azure_sky_ros2/install/auto_aim_interfaces/lib:/home/luis/azure_sky_ros2/install/serial/lib:/home/luis/azure_sky_ros2/install/ros2_socketcan_msgs/lib:/home/luis/azure_sky_ros2/install/rm_auto_record/lib:/home/luis/azure_sky_ros2/install/hik_camera/lib:/home/luis/azure_sky_ros2/install/buff_interfaces/lib:/opt/MVS/lib/64:/opt/MVS/lib/32:/usr/lib/x86_64-linux-gnu/gazebo-11/plugins:/opt/ros/humble/opt/rviz_ogre_vendor/lib:/opt/ros/humble/lib/x86_64-linux-gnu:/opt/ros/humble/lib:/opt/MVS/lib/64:/opt/MVS/lib/32:/opt/MVS/lib/64:/opt/MVS/lib/32 /usr/bin/cmake --build /home/luis/azure_sky_ros2/build/autoaim_bridge -- -j12 -l12
[0.343s] Invoking command in '/home/luis/azure_sky_ros2/build/autoaim_bridge': CMAKE_PREFIX_PATH=/home/luis/azure_sky_ros2/install/tide_msgs:/home/luis/azure_sky_ros2/install/auto_aim_interfaces:/home/luis/azure_sky_ros2/install/serial:/home/luis/azure_sky_ros2/install/ros2_socketcan_msgs:/home/luis/azure_sky_ros2/install/rm_gimbal_description:/home/luis/azure_sky_ros2/install/rm_auto_record:/home/luis/azure_sky_ros2/install/hik_camera:/home/luis/azure_sky_ros2/install/buff_interfaces:/opt/ros/humble LD_LIBRARY_PATH=/home/luis/azure_sky_ros2/install/tide_msgs/lib:/home/luis/azure_sky_ros2/install/auto_aim_interfaces/lib:/home/luis/azure_sky_ros2/install/serial/lib:/home/luis/azure_sky_ros2/install/ros2_socketcan_msgs/lib:/home/luis/azure_sky_ros2/install/rm_auto_record/lib:/home/luis/azure_sky_ros2/install/hik_camera/lib:/home/luis/azure_sky_ros2/install/buff_interfaces/lib:/opt/MVS/lib/64:/opt/MVS/lib/32:/usr/lib/x86_64-linux-gnu/gazebo-11/plugins:/opt/ros/humble/opt/rviz_ogre_vendor/lib:/opt/ros/humble/lib/x86_64-linux-gnu:/opt/ros/humble/lib:/opt/MVS/lib/64:/opt/MVS/lib/32:/opt/MVS/lib/64:/opt/MVS/lib/32 /usr/bin/cmake --install /home/luis/azure_sky_ros2/build/autoaim_bridge
[0.361s] -- Install configuration: ""
[0.361s] -- Installing: /home/luis/azure_sky_ros2/install/autoaim_bridge/lib/autoaim_bridge/autoaim_bridge_node
[0.369s] -- Set runtime path of "/home/luis/azure_sky_ros2/install/autoaim_bridge/lib/autoaim_bridge/autoaim_bridge_node" to ""
[0.370s] -- Installing: /home/luis/azure_sky_ros2/install/autoaim_bridge/include
[0.370s] -- Installing: /home/luis/azure_sky_ros2/install/autoaim_bridge/include/autoaim_bridge
[0.370s] -- Installing: /home/luis/azure_sky_ros2/install/autoaim_bridge/include/autoaim_bridge/autoaim_bridge.hpp
[0.371s] -- Installing: /home/luis/azure_sky_ros2/install/autoaim_bridge/share/ament_index/resource_index/package_run_dependencies/autoaim_bridge
[0.373s] -- Installing: /home/luis/azure_sky_ros2/install/autoaim_bridge/share/ament_index/resource_index/parent_prefix_path/autoaim_bridge
[0.373s] -- Installing: /home/luis/azure_sky_ros2/install/autoaim_bridge/share/autoaim_bridge/environment/ament_prefix_path.sh
[0.373s] -- Installing: /home/luis/azure_sky_ros2/install/autoaim_bridge/share/autoaim_bridge/environment/ament_prefix_path.dsv
[0.373s] -- Installing: /home/luis/azure_sky_ros2/install/autoaim_bridge/share/autoaim_bridge/environment/path.sh
[0.374s] -- Installing: /home/luis/azure_sky_ros2/install/autoaim_bridge/share/autoaim_bridge/environment/path.dsv
[0.374s] -- Installing: /home/luis/azure_sky_ros2/install/autoaim_bridge/share/autoaim_bridge/local_setup.bash
[0.374s] -- Installing: /home/luis/azure_sky_ros2/install/autoaim_bridge/share/autoaim_bridge/local_setup.sh
[0.375s] -- Installing: /home/luis/azure_sky_ros2/install/autoaim_bridge/share/autoaim_bridge/local_setup.zsh
[0.375s] -- Installing: /home/luis/azure_sky_ros2/install/autoaim_bridge/share/autoaim_bridge/local_setup.dsv
[0.376s] -- Installing: /home/luis/azure_sky_ros2/install/autoaim_bridge/share/autoaim_bridge/package.dsv
[0.376s] -- Installing: /home/luis/azure_sky_ros2/install/autoaim_bridge/share/ament_index/resource_index/packages/autoaim_bridge
[0.376s] -- Installing: /home/luis/azure_sky_ros2/install/autoaim_bridge/share/autoaim_bridge/cmake/autoaim_bridgeConfig.cmake
[0.377s] -- Installing: /home/luis/azure_sky_ros2/install/autoaim_bridge/share/autoaim_bridge/cmake/autoaim_bridgeConfig-version.cmake
[0.377s] -- Installing: /home/luis/azure_sky_ros2/install/autoaim_bridge/share/autoaim_bridge/package.xml
[0.383s] Invoked command in '/home/luis/azure_sky_ros2/build/autoaim_bridge' returned '0': CMAKE_PREFIX_PATH=/home/luis/azure_sky_ros2/install/tide_msgs:/home/luis/azure_sky_ros2/install/auto_aim_interfaces:/home/luis/azure_sky_ros2/install/serial:/home/luis/azure_sky_ros2/install/ros2_socketcan_msgs:/home/luis/azure_sky_ros2/install/rm_gimbal_description:/home/luis/azure_sky_ros2/install/rm_auto_record:/home/luis/azure_sky_ros2/install/hik_camera:/home/luis/azure_sky_ros2/install/buff_interfaces:/opt/ros/humble LD_LIBRARY_PATH=/home/luis/azure_sky_ros2/install/tide_msgs/lib:/home/luis/azure_sky_ros2/install/auto_aim_interfaces/lib:/home/luis/azure_sky_ros2/install/serial/lib:/home/luis/azure_sky_ros2/install/ros2_socketcan_msgs/lib:/home/luis/azure_sky_ros2/install/rm_auto_record/lib:/home/luis/azure_sky_ros2/install/hik_camera/lib:/home/luis/azure_sky_ros2/install/buff_interfaces/lib:/opt/MVS/lib/64:/opt/MVS/lib/32:/usr/lib/x86_64-linux-gnu/gazebo-11/plugins:/opt/ros/humble/opt/rviz_ogre_vendor/lib:/opt/ros/humble/lib/x86_64-linux-gnu:/opt/ros/humble/lib:/opt/MVS/lib/64:/opt/MVS/lib/32:/opt/MVS/lib/64:/opt/MVS/lib/32 /usr/bin/cmake --install /home/luis/azure_sky_ros2/build/autoaim_bridge
