[0.023s] Invoking command in '/home/luis/workshop_ws/build/controlko_description': CMAKE_PREFIX_PATH=/opt/ros/humble /usr/bin/cmake /home/luis/workshop_ws/src/controlko_description -DAMENT_CMAKE_SYMLINK_INSTALL=1 -DCMAKE_INSTALL_PREFIX=/home/luis/workshop_ws/install/controlko_description
[0.102s] -- The C compiler identification is GNU 12.3.0
[0.167s] -- The CXX compiler identification is GNU 11.4.0
[0.175s] -- Detecting C compiler ABI info
[0.258s] -- Detecting C compiler ABI info - done
[0.265s] -- Check for working C compiler: /usr/bin/cc - skipped
[0.266s] -- Detecting C compile features
[0.266s] -- Detecting C compile features - done
[0.268s] -- Detecting CXX compiler ABI info
[0.364s] -- Detecting CXX compiler ABI info - done
[0.375s] -- Check for working CXX compiler: /usr/bin/c++ - skipped
[0.376s] -- Detecting CXX compile features
[0.376s] -- Detecting CXX compile features - done
[0.378s] -- Found ament_cmake: 1.3.11 (/opt/ros/humble/share/ament_cmake/cmake)
[0.556s] -- Found Python3: /usr/bin/python3 (found version "3.10.12") found components: Interpreter 
[0.628s] -- Override CMake install command with custom implementation using symlinks instead of copying resources
[0.666s] -- Found ament_lint_auto: 0.12.12 (/opt/ros/humble/share/ament_lint_auto/cmake)
[0.759s] -- Added test 'flake8' to check Python code syntax and style conventions
[0.760s] -- Added test 'lint_cmake' to check CMake code style
[0.760s] -- Added test 'pep257' to check Python code against some of the docstring style conventions in PEP 257
[0.762s] -- Added test 'xmllint' to check XML markup files
[0.765s] -- Configuring done
[0.773s] -- Generating done
[0.777s] -- Build files have been written to: /home/luis/workshop_ws/build/controlko_description
[0.784s] Invoked command in '/home/luis/workshop_ws/build/controlko_description' returned '0': CMAKE_PREFIX_PATH=/opt/ros/humble /usr/bin/cmake /home/luis/workshop_ws/src/controlko_description -DAMENT_CMAKE_SYMLINK_INSTALL=1 -DCMAKE_INSTALL_PREFIX=/home/luis/workshop_ws/install/controlko_description
[0.785s] Invoking command in '/home/luis/workshop_ws/build/controlko_description': CMAKE_PREFIX_PATH=/opt/ros/humble /usr/bin/cmake --build /home/luis/workshop_ws/build/controlko_description -- -j12 -l12
[0.835s] Invoked command in '/home/luis/workshop_ws/build/controlko_description' returned '0': CMAKE_PREFIX_PATH=/opt/ros/humble /usr/bin/cmake --build /home/luis/workshop_ws/build/controlko_description -- -j12 -l12
[0.838s] Invoking command in '/home/luis/workshop_ws/build/controlko_description': CMAKE_PREFIX_PATH=/opt/ros/humble /usr/bin/cmake --install /home/luis/workshop_ws/build/controlko_description
[0.845s] -- Install configuration: ""
[0.845s] -- Execute custom install script
[0.846s] -- Symlinking: /home/luis/workshop_ws/install/controlko_description/share/controlko_description/config/.gitkeep
[0.857s] -- Symlinking: /home/luis/workshop_ws/install/controlko_description/share/controlko_description/view_rrbot.launch.py
[0.868s] -- Symlinking: /home/luis/workshop_ws/install/controlko_description/share/controlko_description/meshes/rrbot/visual/.gitkeep
[0.879s] -- Symlinking: /home/luis/workshop_ws/install/controlko_description/share/controlko_description/rviz/rrbot.rviz
[0.891s] -- Symlinking: /home/luis/workshop_ws/install/controlko_description/share/controlko_description/urdf/common.xacro
[0.906s] -- Symlinking: /home/luis/workshop_ws/install/controlko_description/share/controlko_description/urdf/rrbot.urdf.xacro
[0.920s] -- Symlinking: /home/luis/workshop_ws/install/controlko_description/share/controlko_description/urdf/rrbot/rrbot_macro.ros2_control.xacro
[0.931s] -- Symlinking: /home/luis/workshop_ws/install/controlko_description/share/controlko_description/urdf/rrbot/rrbot_macro.xacro
[0.946s] -- Symlinking: /home/luis/workshop_ws/install/controlko_description/share/ament_index/resource_index/package_run_dependencies/controlko_description
[0.957s] -- Symlinking: /home/luis/workshop_ws/install/controlko_description/share/ament_index/resource_index/parent_prefix_path/controlko_description
[0.969s] -- Symlinking: /home/luis/workshop_ws/install/controlko_description/share/controlko_description/environment/ament_prefix_path.sh
[0.983s] -- Symlinking: /home/luis/workshop_ws/install/controlko_description/share/controlko_description/environment/ament_prefix_path.dsv
[0.995s] -- Symlinking: /home/luis/workshop_ws/install/controlko_description/share/controlko_description/environment/path.sh
[1.009s] -- Symlinking: /home/luis/workshop_ws/install/controlko_description/share/controlko_description/environment/path.dsv
[1.021s] -- Symlinking: /home/luis/workshop_ws/install/controlko_description/share/controlko_description/local_setup.bash
[1.037s] -- Symlinking: /home/luis/workshop_ws/install/controlko_description/share/controlko_description/local_setup.sh
[1.052s] -- Symlinking: /home/luis/workshop_ws/install/controlko_description/share/controlko_description/local_setup.zsh
[1.063s] -- Symlinking: /home/luis/workshop_ws/install/controlko_description/share/controlko_description/local_setup.dsv
[1.075s] -- Symlinking: /home/luis/workshop_ws/install/controlko_description/share/controlko_description/package.dsv
[1.088s] -- Symlinking: /home/luis/workshop_ws/install/controlko_description/share/ament_index/resource_index/packages/controlko_description
[1.104s] -- Symlinking: /home/luis/workshop_ws/install/controlko_description/share/controlko_description/cmake/controlko_descriptionConfig.cmake
[1.114s] -- Symlinking: /home/luis/workshop_ws/install/controlko_description/share/controlko_description/cmake/controlko_descriptionConfig-version.cmake
[1.129s] -- Symlinking: /home/luis/workshop_ws/install/controlko_description/share/controlko_description/package.xml
[1.147s] Invoked command in '/home/luis/workshop_ws/build/controlko_description' returned '0': CMAKE_PREFIX_PATH=/opt/ros/humble /usr/bin/cmake --install /home/luis/workshop_ws/build/controlko_description
