[0.022s] Invoking command in '/home/luis/workshop_ws/build/tide_shooter_controller': CMAKE_PREFIX_PATH=/home/luis/workshop_ws/install/tide_msgs:/home/luis/workshop_ws/install/tide_shooter_controller:/home/luis/workshop_ws/install/tide_gimbal_controller:/home/luis/workshop_ws/install/my_hardware_interface:/home/luis/workshop_ws/install/serial:/home/luis/workshop_ws/install/roscon2022_control_workshop:/home/luis/workshop_ws/install/ros2_socketcan:/home/luis/workshop_ws/install/ros2_socketcan_msgs:/home/luis/workshop_ws/install/controlko_hardware_interface:/home/luis/workshop_ws/install/controlko_bringup:/home/luis/workshop_ws/install/controlko_description:/home/luis/workshop_ws/install/controlko_controllers:/opt/ros/humble LD_LIBRARY_PATH=/home/luis/workshop_ws/install/tide_msgs/lib:/home/luis/workshop_ws/install/tide_shooter_controller/lib:/home/luis/workshop_ws/install/tide_gimbal_controller/lib:/home/luis/workshop_ws/install/my_hardware_interface/lib:/home/luis/workshop_ws/install/serial/lib:/home/luis/workshop_ws/install/ros2_socketcan/lib:/home/luis/workshop_ws/install/ros2_socketcan_msgs/lib:/home/luis/workshop_ws/install/controlko_hardware_interface/lib:/home/luis/workshop_ws/install/controlko_controllers/lib:/usr/lib/x86_64-linux-gnu/gazebo-11/plugins:/opt/ros/humble/opt/rviz_ogre_vendor/lib:/opt/ros/humble/lib/x86_64-linux-gnu:/opt/ros/humble/lib /usr/bin/cmake --build /home/luis/workshop_ws/build/tide_shooter_controller -- -j12 -l12
[0.123s] [ 50%] Built target shooter_controller_parameters
[0.179s] [100%] Built target tide_shooter_controller
[0.224s] Invoked command in '/home/luis/workshop_ws/build/tide_shooter_controller' returned '0': CMAKE_PREFIX_PATH=/home/luis/workshop_ws/install/tide_msgs:/home/luis/workshop_ws/install/tide_shooter_controller:/home/luis/workshop_ws/install/tide_gimbal_controller:/home/luis/workshop_ws/install/my_hardware_interface:/home/luis/workshop_ws/install/serial:/home/luis/workshop_ws/install/roscon2022_control_workshop:/home/luis/workshop_ws/install/ros2_socketcan:/home/luis/workshop_ws/install/ros2_socketcan_msgs:/home/luis/workshop_ws/install/controlko_hardware_interface:/home/luis/workshop_ws/install/controlko_bringup:/home/luis/workshop_ws/install/controlko_description:/home/luis/workshop_ws/install/controlko_controllers:/opt/ros/humble LD_LIBRARY_PATH=/home/luis/workshop_ws/install/tide_msgs/lib:/home/luis/workshop_ws/install/tide_shooter_controller/lib:/home/luis/workshop_ws/install/tide_gimbal_controller/lib:/home/luis/workshop_ws/install/my_hardware_interface/lib:/home/luis/workshop_ws/install/serial/lib:/home/luis/workshop_ws/install/ros2_socketcan/lib:/home/luis/workshop_ws/install/ros2_socketcan_msgs/lib:/home/luis/workshop_ws/install/controlko_hardware_interface/lib:/home/luis/workshop_ws/install/controlko_controllers/lib:/usr/lib/x86_64-linux-gnu/gazebo-11/plugins:/opt/ros/humble/opt/rviz_ogre_vendor/lib:/opt/ros/humble/lib/x86_64-linux-gnu:/opt/ros/humble/lib /usr/bin/cmake --build /home/luis/workshop_ws/build/tide_shooter_controller -- -j12 -l12
[0.226s] Invoking command in '/home/luis/workshop_ws/build/tide_shooter_controller': CMAKE_PREFIX_PATH=/home/luis/workshop_ws/install/tide_msgs:/home/luis/workshop_ws/install/tide_shooter_controller:/home/luis/workshop_ws/install/tide_gimbal_controller:/home/luis/workshop_ws/install/my_hardware_interface:/home/luis/workshop_ws/install/serial:/home/luis/workshop_ws/install/roscon2022_control_workshop:/home/luis/workshop_ws/install/ros2_socketcan:/home/luis/workshop_ws/install/ros2_socketcan_msgs:/home/luis/workshop_ws/install/controlko_hardware_interface:/home/luis/workshop_ws/install/controlko_bringup:/home/luis/workshop_ws/install/controlko_description:/home/luis/workshop_ws/install/controlko_controllers:/opt/ros/humble LD_LIBRARY_PATH=/home/luis/workshop_ws/install/tide_msgs/lib:/home/luis/workshop_ws/install/tide_shooter_controller/lib:/home/luis/workshop_ws/install/tide_gimbal_controller/lib:/home/luis/workshop_ws/install/my_hardware_interface/lib:/home/luis/workshop_ws/install/serial/lib:/home/luis/workshop_ws/install/ros2_socketcan/lib:/home/luis/workshop_ws/install/ros2_socketcan_msgs/lib:/home/luis/workshop_ws/install/controlko_hardware_interface/lib:/home/luis/workshop_ws/install/controlko_controllers/lib:/usr/lib/x86_64-linux-gnu/gazebo-11/plugins:/opt/ros/humble/opt/rviz_ogre_vendor/lib:/opt/ros/humble/lib/x86_64-linux-gnu:/opt/ros/humble/lib /usr/bin/cmake --install /home/luis/workshop_ws/build/tide_shooter_controller
[0.240s] -- Install configuration: ""
[0.241s] -- Execute custom install script
[0.241s] -- Up-to-date symlink: /home/luis/workshop_ws/install/tide_shooter_controller/include/tide_shooter_controller/shooter_controller_parameters.hpp
[0.241s] -- Up-to-date symlink: /home/luis/workshop_ws/install/tide_shooter_controller/share/tide_shooter_controller//tide_shooter_controller.xml
[0.242s] -- Up-to-date symlink: /home/luis/workshop_ws/install/tide_shooter_controller/include//tide_shooter_controller.hpp
[0.242s] -- Up-to-date symlink: /home/luis/workshop_ws/install/tide_shooter_controller/share/tide_shooter_controller/environment/library_path.sh
[0.243s] -- Up-to-date symlink: /home/luis/workshop_ws/install/tide_shooter_controller/share/tide_shooter_controller/environment/library_path.dsv
[0.243s] -- Up-to-date symlink: /home/luis/workshop_ws/install/tide_shooter_controller/share/ament_index/resource_index/package_run_dependencies/tide_shooter_controller
[0.243s] -- Up-to-date symlink: /home/luis/workshop_ws/install/tide_shooter_controller/share/ament_index/resource_index/parent_prefix_path/tide_shooter_controller
[0.244s] -- Up-to-date symlink: /home/luis/workshop_ws/install/tide_shooter_controller/share/tide_shooter_controller/environment/ament_prefix_path.sh
[0.244s] -- Up-to-date symlink: /home/luis/workshop_ws/install/tide_shooter_controller/share/tide_shooter_controller/environment/ament_prefix_path.dsv
[0.244s] -- Up-to-date symlink: /home/luis/workshop_ws/install/tide_shooter_controller/share/tide_shooter_controller/environment/path.sh
[0.245s] -- Up-to-date symlink: /home/luis/workshop_ws/install/tide_shooter_controller/share/tide_shooter_controller/environment/path.dsv
[0.245s] -- Up-to-date symlink: /home/luis/workshop_ws/install/tide_shooter_controller/share/tide_shooter_controller/local_setup.bash
[0.245s] -- Up-to-date symlink: /home/luis/workshop_ws/install/tide_shooter_controller/share/tide_shooter_controller/local_setup.sh
[0.245s] -- Up-to-date symlink: /home/luis/workshop_ws/install/tide_shooter_controller/share/tide_shooter_controller/local_setup.zsh
[0.246s] -- Up-to-date symlink: /home/luis/workshop_ws/install/tide_shooter_controller/share/tide_shooter_controller/local_setup.dsv
[0.246s] -- Symlinking: /home/luis/workshop_ws/install/tide_shooter_controller/share/tide_shooter_controller/package.dsv
[0.266s] -- Up-to-date symlink: /home/luis/workshop_ws/install/tide_shooter_controller/share/ament_index/resource_index/packages/tide_shooter_controller
[0.266s] -- Up-to-date symlink: /home/luis/workshop_ws/install/tide_shooter_controller/share/ament_index/resource_index/controller_interface__pluginlib__plugin/tide_shooter_controller
[0.267s] -- Up-to-date symlink: /home/luis/workshop_ws/install/tide_shooter_controller/share/tide_shooter_controller/cmake/ament_cmake_export_dependencies-extras.cmake
[0.267s] -- Up-to-date symlink: /home/luis/workshop_ws/install/tide_shooter_controller/share/tide_shooter_controller/cmake/ament_cmake_export_targets-extras.cmake
[0.267s] -- Up-to-date symlink: /home/luis/workshop_ws/install/tide_shooter_controller/share/tide_shooter_controller/cmake/tide_shooter_controllerConfig.cmake
[0.268s] -- Up-to-date symlink: /home/luis/workshop_ws/install/tide_shooter_controller/share/tide_shooter_controller/cmake/tide_shooter_controllerConfig-version.cmake
[0.268s] -- Up-to-date symlink: /home/luis/workshop_ws/install/tide_shooter_controller/share/tide_shooter_controller/package.xml
[0.268s] -- Up-to-date: /home/luis/workshop_ws/install/tide_shooter_controller/lib/libtide_shooter_controller.so
[0.269s] -- Up-to-date: /home/luis/workshop_ws/install/tide_shooter_controller/share/tide_shooter_controller/cmake/export_tide_shooter_controllerExport.cmake
[0.269s] -- Up-to-date: /home/luis/workshop_ws/install/tide_shooter_controller/share/tide_shooter_controller/cmake/export_tide_shooter_controllerExport-noconfig.cmake
[0.273s] Invoked command in '/home/luis/workshop_ws/build/tide_shooter_controller' returned '0': CMAKE_PREFIX_PATH=/home/luis/workshop_ws/install/tide_msgs:/home/luis/workshop_ws/install/tide_shooter_controller:/home/luis/workshop_ws/install/tide_gimbal_controller:/home/luis/workshop_ws/install/my_hardware_interface:/home/luis/workshop_ws/install/serial:/home/luis/workshop_ws/install/roscon2022_control_workshop:/home/luis/workshop_ws/install/ros2_socketcan:/home/luis/workshop_ws/install/ros2_socketcan_msgs:/home/luis/workshop_ws/install/controlko_hardware_interface:/home/luis/workshop_ws/install/controlko_bringup:/home/luis/workshop_ws/install/controlko_description:/home/luis/workshop_ws/install/controlko_controllers:/opt/ros/humble LD_LIBRARY_PATH=/home/luis/workshop_ws/install/tide_msgs/lib:/home/luis/workshop_ws/install/tide_shooter_controller/lib:/home/luis/workshop_ws/install/tide_gimbal_controller/lib:/home/luis/workshop_ws/install/my_hardware_interface/lib:/home/luis/workshop_ws/install/serial/lib:/home/luis/workshop_ws/install/ros2_socketcan/lib:/home/luis/workshop_ws/install/ros2_socketcan_msgs/lib:/home/luis/workshop_ws/install/controlko_hardware_interface/lib:/home/luis/workshop_ws/install/controlko_controllers/lib:/usr/lib/x86_64-linux-gnu/gazebo-11/plugins:/opt/ros/humble/opt/rviz_ogre_vendor/lib:/opt/ros/humble/lib/x86_64-linux-gnu:/opt/ros/humble/lib /usr/bin/cmake --install /home/luis/workshop_ws/build/tide_shooter_controller
