[0.070s] Invoking command in '/home/luis/azure_sky_ros2/build/armor_tracker': AMENT_PREFIX_PATH=/home/luis/azure_sky_ros2/install/auto_aim_interfaces:${AMENT_PREFIX_PATH} CMAKE_PREFIX_PATH=/home/luis/azure_sky_ros2/install/auto_aim_interfaces:/opt/ros/humble LD_LIBRARY_PATH=/home/luis/azure_sky_ros2/install/auto_aim_interfaces/lib:/opt/MVS/lib/64:/opt/MVS/lib/32:/usr/lib/x86_64-linux-gnu/gazebo-11/plugins:/opt/ros/humble/opt/rviz_ogre_vendor/lib:/opt/ros/humble/lib/x86_64-linux-gnu:/opt/ros/humble/lib:/opt/MVS/lib/64:/opt/MVS/lib/32:/opt/MVS/lib/64:/opt/MVS/lib/32 PYTHONPATH=/home/luis/azure_sky_ros2/install/auto_aim_interfaces/local/lib/python3.10/dist-packages:${PYTHONPATH} /usr/bin/cmake --build /home/luis/azure_sky_ros2/build/armor_tracker -- -j12 -l12
[0.202s] [ 33%] Built target armor_tracker_node
[0.214s] [100%] Built target armor_tracker
[0.247s] Invoked command in '/home/luis/azure_sky_ros2/build/armor_tracker' returned '0': AMENT_PREFIX_PATH=/home/luis/azure_sky_ros2/install/auto_aim_interfaces:${AMENT_PREFIX_PATH} CMAKE_PREFIX_PATH=/home/luis/azure_sky_ros2/install/auto_aim_interfaces:/opt/ros/humble LD_LIBRARY_PATH=/home/luis/azure_sky_ros2/install/auto_aim_interfaces/lib:/opt/MVS/lib/64:/opt/MVS/lib/32:/usr/lib/x86_64-linux-gnu/gazebo-11/plugins:/opt/ros/humble/opt/rviz_ogre_vendor/lib:/opt/ros/humble/lib/x86_64-linux-gnu:/opt/ros/humble/lib:/opt/MVS/lib/64:/opt/MVS/lib/32:/opt/MVS/lib/64:/opt/MVS/lib/32 PYTHONPATH=/home/luis/azure_sky_ros2/install/auto_aim_interfaces/local/lib/python3.10/dist-packages:${PYTHONPATH} /usr/bin/cmake --build /home/luis/azure_sky_ros2/build/armor_tracker -- -j12 -l12
[0.249s] Invoking command in '/home/luis/azure_sky_ros2/build/armor_tracker': AMENT_PREFIX_PATH=/home/luis/azure_sky_ros2/install/auto_aim_interfaces:${AMENT_PREFIX_PATH} CMAKE_PREFIX_PATH=/home/luis/azure_sky_ros2/install/auto_aim_interfaces:/opt/ros/humble LD_LIBRARY_PATH=/home/luis/azure_sky_ros2/install/auto_aim_interfaces/lib:/opt/MVS/lib/64:/opt/MVS/lib/32:/usr/lib/x86_64-linux-gnu/gazebo-11/plugins:/opt/ros/humble/opt/rviz_ogre_vendor/lib:/opt/ros/humble/lib/x86_64-linux-gnu:/opt/ros/humble/lib:/opt/MVS/lib/64:/opt/MVS/lib/32:/opt/MVS/lib/64:/opt/MVS/lib/32 PYTHONPATH=/home/luis/azure_sky_ros2/install/auto_aim_interfaces/local/lib/python3.10/dist-packages:${PYTHONPATH} /usr/bin/cmake --install /home/luis/azure_sky_ros2/build/armor_tracker
[0.260s] -- Install configuration: ""
[0.261s] -- Up-to-date: /home/luis/azure_sky_ros2/install/armor_tracker/lib/armor_tracker/armor_tracker_node
[0.261s] -- Up-to-date: /home/luis/azure_sky_ros2/install/armor_tracker/include
[0.262s] -- Up-to-date: /home/luis/azure_sky_ros2/install/armor_tracker/include/armor_tracker
[0.262s] -- Up-to-date: /home/luis/azure_sky_ros2/install/armor_tracker/include/armor_tracker/extended_kalman_filter.hpp
[0.262s] -- Up-to-date: /home/luis/azure_sky_ros2/install/armor_tracker/include/armor_tracker/tracker_node.hpp
[0.262s] -- Up-to-date: /home/luis/azure_sky_ros2/install/armor_tracker/include/armor_tracker/tracker.hpp
[0.263s] -- Up-to-date: /home/luis/azure_sky_ros2/install/armor_tracker/lib/libarmor_tracker.so
[0.263s] -- Up-to-date: /home/luis/azure_sky_ros2/install/armor_tracker/share/armor_tracker/environment/library_path.sh
[0.264s] -- Up-to-date: /home/luis/azure_sky_ros2/install/armor_tracker/share/armor_tracker/environment/library_path.dsv
[0.264s] -- Up-to-date: /home/luis/azure_sky_ros2/install/armor_tracker/share/ament_index/resource_index/package_run_dependencies/armor_tracker
[0.267s] -- Up-to-date: /home/luis/azure_sky_ros2/install/armor_tracker/share/ament_index/resource_index/parent_prefix_path/armor_tracker
[0.267s] -- Up-to-date: /home/luis/azure_sky_ros2/install/armor_tracker/share/armor_tracker/environment/ament_prefix_path.sh
[0.267s] -- Up-to-date: /home/luis/azure_sky_ros2/install/armor_tracker/share/armor_tracker/environment/ament_prefix_path.dsv
[0.267s] -- Up-to-date: /home/luis/azure_sky_ros2/install/armor_tracker/share/armor_tracker/environment/path.sh
[0.267s] -- Up-to-date: /home/luis/azure_sky_ros2/install/armor_tracker/share/armor_tracker/environment/path.dsv
[0.267s] -- Up-to-date: /home/luis/azure_sky_ros2/install/armor_tracker/share/armor_tracker/local_setup.bash
[0.269s] -- Up-to-date: /home/luis/azure_sky_ros2/install/armor_tracker/share/armor_tracker/local_setup.sh
[0.269s] -- Up-to-date: /home/luis/azure_sky_ros2/install/armor_tracker/share/armor_tracker/local_setup.zsh
[0.270s] -- Up-to-date: /home/luis/azure_sky_ros2/install/armor_tracker/share/armor_tracker/local_setup.dsv
[0.270s] -- Installing: /home/luis/azure_sky_ros2/install/armor_tracker/share/armor_tracker/package.dsv
[0.271s] -- Up-to-date: /home/luis/azure_sky_ros2/install/armor_tracker/share/ament_index/resource_index/packages/armor_tracker
[0.271s] -- Up-to-date: /home/luis/azure_sky_ros2/install/armor_tracker/share/ament_index/resource_index/rclcpp_components/armor_tracker
[0.271s] -- Up-to-date: /home/luis/azure_sky_ros2/install/armor_tracker/share/armor_tracker/cmake/export_armor_trackerExport.cmake
[0.273s] -- Up-to-date: /home/luis/azure_sky_ros2/install/armor_tracker/share/armor_tracker/cmake/export_armor_trackerExport-noconfig.cmake
[0.273s] -- Up-to-date: /home/luis/azure_sky_ros2/install/armor_tracker/share/armor_tracker/cmake/ament_cmake_export_dependencies-extras.cmake
[0.273s] -- Up-to-date: /home/luis/azure_sky_ros2/install/armor_tracker/share/armor_tracker/cmake/ament_cmake_export_targets-extras.cmake
[0.273s] -- Up-to-date: /home/luis/azure_sky_ros2/install/armor_tracker/share/armor_tracker/cmake/ament_cmake_export_include_directories-extras.cmake
[0.273s] -- Up-to-date: /home/luis/azure_sky_ros2/install/armor_tracker/share/armor_tracker/cmake/ament_cmake_export_libraries-extras.cmake
[0.274s] -- Up-to-date: /home/luis/azure_sky_ros2/install/armor_tracker/share/armor_tracker/cmake/armor_trackerConfig.cmake
[0.274s] -- Up-to-date: /home/luis/azure_sky_ros2/install/armor_tracker/share/armor_tracker/cmake/armor_trackerConfig-version.cmake
[0.274s] -- Up-to-date: /home/luis/azure_sky_ros2/install/armor_tracker/share/armor_tracker/package.xml
[0.275s] Invoked command in '/home/luis/azure_sky_ros2/build/armor_tracker' returned '0': AMENT_PREFIX_PATH=/home/luis/azure_sky_ros2/install/auto_aim_interfaces:${AMENT_PREFIX_PATH} CMAKE_PREFIX_PATH=/home/luis/azure_sky_ros2/install/auto_aim_interfaces:/opt/ros/humble LD_LIBRARY_PATH=/home/luis/azure_sky_ros2/install/auto_aim_interfaces/lib:/opt/MVS/lib/64:/opt/MVS/lib/32:/usr/lib/x86_64-linux-gnu/gazebo-11/plugins:/opt/ros/humble/opt/rviz_ogre_vendor/lib:/opt/ros/humble/lib/x86_64-linux-gnu:/opt/ros/humble/lib:/opt/MVS/lib/64:/opt/MVS/lib/32:/opt/MVS/lib/64:/opt/MVS/lib/32 PYTHONPATH=/home/luis/azure_sky_ros2/install/auto_aim_interfaces/local/lib/python3.10/dist-packages:${PYTHONPATH} /usr/bin/cmake --install /home/luis/azure_sky_ros2/build/armor_tracker
