[0.039s] Invoking command in '/home/luis/azure_sky_ros2/build/rm_auto_record': CMAKE_PREFIX_PATH=/opt/ros/humble /usr/bin/cmake --build /home/luis/azure_sky_ros2/build/rm_auto_record -- -j12 -l12
[0.076s] -- Found ament_cmake_auto: 1.3.11 (/opt/ros/humble/share/ament_cmake_auto/cmake)
[0.443s] -- Found rosidl_generator_c: 3.1.6 (/opt/ros/humble/share/rosidl_generator_c/cmake)
[0.445s] -- Found rosidl_adapter: 3.1.6 (/opt/ros/humble/share/rosidl_adapter/cmake)
[0.451s] -- Found rosidl_generator_cpp: 3.1.6 (/opt/ros/humble/share/rosidl_generator_cpp/cmake)
[0.463s] -- Using all available rosidl_typesupport_c: rosidl_typesupport_fastrtps_c;rosidl_typesupport_introspection_c
[0.475s] -- Using all available rosidl_typesupport_cpp: rosidl_typesupport_fastrtps_cpp;rosidl_typesupport_introspection_cpp
[0.513s] -- Found rmw_implementation_cmake: 6.1.2 (/opt/ros/humble/share/rmw_implementation_cmake/cmake)
[0.514s] -- Found rmw_fastrtps_cpp: 6.2.7 (/opt/ros/humble/share/rmw_fastrtps_cpp/cmake)
[0.690s] -- Using RMW implementation 'rmw_fastrtps_cpp' as default
[0.785s] -- Found ament_lint_auto: 0.12.12 (/opt/ros/humble/share/ament_lint_auto/cmake)
[0.802s] -- Added test 'cppcheck' to perform static code analysis on C / C++ code
[0.804s] -- Configured cppcheck include dirs: /home/luis/azure_sky_ros2/src/rm_auto_record/include
[0.804s] -- Configured cppcheck exclude dirs and/or files: 
[0.804s] -- Added test 'cpplint' to check C / C++ code against the Google style
[0.804s] -- Configured cpplint exclude dirs and/or files: 
[0.805s] -- Added test 'flake8' to check Python code syntax and style conventions
[0.806s] -- Added test 'lint_cmake' to check CMake code style
[0.807s] -- Added test 'pep257' to check Python code against some of the docstring style conventions in PEP 257
[0.808s] -- Added test 'xmllint' to check XML markup files
[0.812s] -- Configuring done
[0.839s] -- Generating done
[0.846s] -- Build files have been written to: /home/luis/azure_sky_ros2/build/rm_auto_record
[0.886s] [35m[1mConsolidate compiler generated dependencies of target rm_auto_record[0m
[0.887s] [35m[1mConsolidate compiler generated dependencies of target rm_auto_record_node[0m
[0.912s] [ 50%] Built target rm_auto_record_node
[0.915s] [ 75%] [32mBuilding CXX object CMakeFiles/rm_auto_record.dir/src/record_node.cpp.o[0m
[22.173s] [100%] [32m[1mLinking CXX shared library librm_auto_record.so[0m
[23.314s] [100%] Built target rm_auto_record
[23.355s] Invoked command in '/home/luis/azure_sky_ros2/build/rm_auto_record' returned '0': CMAKE_PREFIX_PATH=/opt/ros/humble /usr/bin/cmake --build /home/luis/azure_sky_ros2/build/rm_auto_record -- -j12 -l12
[23.358s] Invoking command in '/home/luis/azure_sky_ros2/build/rm_auto_record': CMAKE_PREFIX_PATH=/opt/ros/humble /usr/bin/cmake --install /home/luis/azure_sky_ros2/build/rm_auto_record
[23.368s] -- Install configuration: ""
[23.368s] -- Up-to-date: /home/luis/azure_sky_ros2/install/rm_auto_record/lib/rm_auto_record/rm_auto_record_node
[23.368s] -- Up-to-date: /home/luis/azure_sky_ros2/install/rm_auto_record/include
[23.369s] -- Up-to-date: /home/luis/azure_sky_ros2/install/rm_auto_record/include/rm_auto_record
[23.369s] -- Installing: /home/luis/azure_sky_ros2/install/rm_auto_record/include/rm_auto_record/record_node.hpp
[23.369s] -- Up-to-date: /home/luis/azure_sky_ros2/install/rm_auto_record/share/rm_auto_record/environment/library_path.sh
[23.369s] -- Installing: /home/luis/azure_sky_ros2/install/rm_auto_record/share/rm_auto_record/environment/library_path.dsv
[23.370s] -- Installing: /home/luis/azure_sky_ros2/install/rm_auto_record/lib/librm_auto_record.so
[23.386s] -- Set runtime path of "/home/luis/azure_sky_ros2/install/rm_auto_record/lib/librm_auto_record.so" to ""
[23.386s] -- Up-to-date: /home/luis/azure_sky_ros2/install/rm_auto_record/share/rm_auto_record/config
[23.386s] -- Installing: /home/luis/azure_sky_ros2/install/rm_auto_record/share/rm_auto_record/config/node_params.yaml
[23.387s] -- Up-to-date: /home/luis/azure_sky_ros2/install/rm_auto_record/share/rm_auto_record/launch
[23.387s] -- Installing: /home/luis/azure_sky_ros2/install/rm_auto_record/share/rm_auto_record/launch/auto_record.launch.py
[23.388s] -- Up-to-date: /home/luis/azure_sky_ros2/install/rm_auto_record/share/ament_index/resource_index/package_run_dependencies/rm_auto_record
[23.388s] -- Installing: /home/luis/azure_sky_ros2/install/rm_auto_record/share/ament_index/resource_index/parent_prefix_path/rm_auto_record
[23.388s] -- Up-to-date: /home/luis/azure_sky_ros2/install/rm_auto_record/share/rm_auto_record/environment/ament_prefix_path.sh
[23.388s] -- Installing: /home/luis/azure_sky_ros2/install/rm_auto_record/share/rm_auto_record/environment/ament_prefix_path.dsv
[23.389s] -- Up-to-date: /home/luis/azure_sky_ros2/install/rm_auto_record/share/rm_auto_record/environment/path.sh
[23.389s] -- Installing: /home/luis/azure_sky_ros2/install/rm_auto_record/share/rm_auto_record/environment/path.dsv
[23.389s] -- Up-to-date: /home/luis/azure_sky_ros2/install/rm_auto_record/share/rm_auto_record/local_setup.bash
[23.389s] -- Up-to-date: /home/luis/azure_sky_ros2/install/rm_auto_record/share/rm_auto_record/local_setup.sh
[23.389s] -- Up-to-date: /home/luis/azure_sky_ros2/install/rm_auto_record/share/rm_auto_record/local_setup.zsh
[23.389s] -- Installing: /home/luis/azure_sky_ros2/install/rm_auto_record/share/rm_auto_record/local_setup.dsv
[23.390s] -- Installing: /home/luis/azure_sky_ros2/install/rm_auto_record/share/rm_auto_record/package.dsv
[23.390s] -- Up-to-date: /home/luis/azure_sky_ros2/install/rm_auto_record/share/ament_index/resource_index/packages/rm_auto_record
[23.391s] -- Up-to-date: /home/luis/azure_sky_ros2/install/rm_auto_record/share/ament_index/resource_index/rclcpp_components/rm_auto_record
[23.391s] -- Up-to-date: /home/luis/azure_sky_ros2/install/rm_auto_record/share/rm_auto_record/cmake/ament_cmake_export_dependencies-extras.cmake
[23.391s] -- Up-to-date: /home/luis/azure_sky_ros2/install/rm_auto_record/share/rm_auto_record/cmake/ament_cmake_export_include_directories-extras.cmake
[23.391s] -- Up-to-date: /home/luis/azure_sky_ros2/install/rm_auto_record/share/rm_auto_record/cmake/ament_cmake_export_libraries-extras.cmake
[23.391s] -- Up-to-date: /home/luis/azure_sky_ros2/install/rm_auto_record/share/rm_auto_record/cmake/rm_auto_recordConfig.cmake
[23.391s] -- Up-to-date: /home/luis/azure_sky_ros2/install/rm_auto_record/share/rm_auto_record/cmake/rm_auto_recordConfig-version.cmake
[23.391s] -- Installing: /home/luis/azure_sky_ros2/install/rm_auto_record/share/rm_auto_record/package.xml
[23.394s] Invoked command in '/home/luis/azure_sky_ros2/build/rm_auto_record' returned '0': CMAKE_PREFIX_PATH=/opt/ros/humble /usr/bin/cmake --install /home/luis/azure_sky_ros2/build/rm_auto_record
