[0.018s] Invoking command in '/home/luis/azure_sky_ros2/build/tide_gimbal_controller': AMENT_PREFIX_PATH=/home/luis/azure_sky_ros2/install/tide_msgs:${AMENT_PREFIX_PATH} CMAKE_PREFIX_PATH=/home/luis/azure_sky_ros2/install/tide_msgs:/opt/ros/humble LD_LIBRARY_PATH=/home/luis/azure_sky_ros2/install/tide_msgs/lib:/opt/MVS/lib/64:/opt/MVS/lib/32:/usr/lib/x86_64-linux-gnu/gazebo-11/plugins:/opt/ros/humble/opt/rviz_ogre_vendor/lib:/opt/ros/humble/lib/x86_64-linux-gnu:/opt/ros/humble/lib:/opt/MVS/lib/64:/opt/MVS/lib/32:/opt/MVS/lib/64:/opt/MVS/lib/32 PYTHONPATH=/home/luis/azure_sky_ros2/install/tide_msgs/local/lib/python3.10/dist-packages:${PYTHONPATH} /usr/bin/cmake --build /home/luis/azure_sky_ros2/build/tide_gimbal_controller -- -j12 -l12
[0.106s] [ 40%] Built target gimbal_controller_parameters
[0.149s] [100%] Built target tide_gimbal_controller
[0.164s] Invoked command in '/home/luis/azure_sky_ros2/build/tide_gimbal_controller' returned '0': AMENT_PREFIX_PATH=/home/luis/azure_sky_ros2/install/tide_msgs:${AMENT_PREFIX_PATH} CMAKE_PREFIX_PATH=/home/luis/azure_sky_ros2/install/tide_msgs:/opt/ros/humble LD_LIBRARY_PATH=/home/luis/azure_sky_ros2/install/tide_msgs/lib:/opt/MVS/lib/64:/opt/MVS/lib/32:/usr/lib/x86_64-linux-gnu/gazebo-11/plugins:/opt/ros/humble/opt/rviz_ogre_vendor/lib:/opt/ros/humble/lib/x86_64-linux-gnu:/opt/ros/humble/lib:/opt/MVS/lib/64:/opt/MVS/lib/32:/opt/MVS/lib/64:/opt/MVS/lib/32 PYTHONPATH=/home/luis/azure_sky_ros2/install/tide_msgs/local/lib/python3.10/dist-packages:${PYTHONPATH} /usr/bin/cmake --build /home/luis/azure_sky_ros2/build/tide_gimbal_controller -- -j12 -l12
[0.168s] Invoking command in '/home/luis/azure_sky_ros2/build/tide_gimbal_controller': AMENT_PREFIX_PATH=/home/luis/azure_sky_ros2/install/tide_msgs:${AMENT_PREFIX_PATH} CMAKE_PREFIX_PATH=/home/luis/azure_sky_ros2/install/tide_msgs:/opt/ros/humble LD_LIBRARY_PATH=/home/luis/azure_sky_ros2/install/tide_msgs/lib:/opt/MVS/lib/64:/opt/MVS/lib/32:/usr/lib/x86_64-linux-gnu/gazebo-11/plugins:/opt/ros/humble/opt/rviz_ogre_vendor/lib:/opt/ros/humble/lib/x86_64-linux-gnu:/opt/ros/humble/lib:/opt/MVS/lib/64:/opt/MVS/lib/32:/opt/MVS/lib/64:/opt/MVS/lib/32 PYTHONPATH=/home/luis/azure_sky_ros2/install/tide_msgs/local/lib/python3.10/dist-packages:${PYTHONPATH} /usr/bin/cmake --install /home/luis/azure_sky_ros2/build/tide_gimbal_controller
[0.177s] -- Install configuration: ""
[0.178s] -- Up-to-date: /home/luis/azure_sky_ros2/install/tide_gimbal_controller/include/tide_gimbal_controller
[0.178s] -- Up-to-date: /home/luis/azure_sky_ros2/install/tide_gimbal_controller/include/tide_gimbal_controller/gimbal_controller_parameters.hpp
[0.178s] -- Up-to-date: /home/luis/azure_sky_ros2/install/tide_gimbal_controller/share/tide_gimbal_controller/tide_gimbal_controller.xml
[0.178s] -- Up-to-date: /home/luis/azure_sky_ros2/install/tide_gimbal_controller/include/
[0.178s] -- Up-to-date: /home/luis/azure_sky_ros2/install/tide_gimbal_controller/include//bullet_solver.hpp
[0.178s] -- Up-to-date: /home/luis/azure_sky_ros2/install/tide_gimbal_controller/include//tide_gimbal_controller.hpp
[0.178s] -- Up-to-date: /home/luis/azure_sky_ros2/install/tide_gimbal_controller/lib/libtide_gimbal_controller.so
[0.178s] -- Up-to-date: /home/luis/azure_sky_ros2/install/tide_gimbal_controller/share/tide_gimbal_controller/environment/library_path.sh
[0.178s] -- Up-to-date: /home/luis/azure_sky_ros2/install/tide_gimbal_controller/share/tide_gimbal_controller/environment/library_path.dsv
[0.178s] -- Up-to-date: /home/luis/azure_sky_ros2/install/tide_gimbal_controller/share/ament_index/resource_index/package_run_dependencies/tide_gimbal_controller
[0.178s] -- Up-to-date: /home/luis/azure_sky_ros2/install/tide_gimbal_controller/share/ament_index/resource_index/parent_prefix_path/tide_gimbal_controller
[0.179s] -- Up-to-date: /home/luis/azure_sky_ros2/install/tide_gimbal_controller/share/tide_gimbal_controller/environment/ament_prefix_path.sh
[0.179s] -- Up-to-date: /home/luis/azure_sky_ros2/install/tide_gimbal_controller/share/tide_gimbal_controller/environment/ament_prefix_path.dsv
[0.179s] -- Up-to-date: /home/luis/azure_sky_ros2/install/tide_gimbal_controller/share/tide_gimbal_controller/environment/path.sh
[0.179s] -- Up-to-date: /home/luis/azure_sky_ros2/install/tide_gimbal_controller/share/tide_gimbal_controller/environment/path.dsv
[0.179s] -- Up-to-date: /home/luis/azure_sky_ros2/install/tide_gimbal_controller/share/tide_gimbal_controller/local_setup.bash
[0.179s] -- Up-to-date: /home/luis/azure_sky_ros2/install/tide_gimbal_controller/share/tide_gimbal_controller/local_setup.sh
[0.179s] -- Up-to-date: /home/luis/azure_sky_ros2/install/tide_gimbal_controller/share/tide_gimbal_controller/local_setup.zsh
[0.179s] -- Up-to-date: /home/luis/azure_sky_ros2/install/tide_gimbal_controller/share/tide_gimbal_controller/local_setup.dsv
[0.179s] -- Installing: /home/luis/azure_sky_ros2/install/tide_gimbal_controller/share/tide_gimbal_controller/package.dsv
[0.179s] -- Up-to-date: /home/luis/azure_sky_ros2/install/tide_gimbal_controller/share/ament_index/resource_index/packages/tide_gimbal_controller
[0.179s] -- Up-to-date: /home/luis/azure_sky_ros2/install/tide_gimbal_controller/share/ament_index/resource_index/controller_interface__pluginlib__plugin/tide_gimbal_controller
[0.180s] -- Up-to-date: /home/luis/azure_sky_ros2/install/tide_gimbal_controller/share/tide_gimbal_controller/cmake/export_tide_gimbal_controllerExport.cmake
[0.180s] -- Up-to-date: /home/luis/azure_sky_ros2/install/tide_gimbal_controller/share/tide_gimbal_controller/cmake/export_tide_gimbal_controllerExport-noconfig.cmake
[0.180s] -- Up-to-date: /home/luis/azure_sky_ros2/install/tide_gimbal_controller/share/tide_gimbal_controller/cmake/ament_cmake_export_dependencies-extras.cmake
[0.180s] -- Up-to-date: /home/luis/azure_sky_ros2/install/tide_gimbal_controller/share/tide_gimbal_controller/cmake/ament_cmake_export_targets-extras.cmake
[0.180s] -- Up-to-date: /home/luis/azure_sky_ros2/install/tide_gimbal_controller/share/tide_gimbal_controller/cmake/tide_gimbal_controllerConfig.cmake
[0.180s] -- Up-to-date: /home/luis/azure_sky_ros2/install/tide_gimbal_controller/share/tide_gimbal_controller/cmake/tide_gimbal_controllerConfig-version.cmake
[0.180s] -- Up-to-date: /home/luis/azure_sky_ros2/install/tide_gimbal_controller/share/tide_gimbal_controller/package.xml
[0.184s] Invoked command in '/home/luis/azure_sky_ros2/build/tide_gimbal_controller' returned '0': AMENT_PREFIX_PATH=/home/luis/azure_sky_ros2/install/tide_msgs:${AMENT_PREFIX_PATH} CMAKE_PREFIX_PATH=/home/luis/azure_sky_ros2/install/tide_msgs:/opt/ros/humble LD_LIBRARY_PATH=/home/luis/azure_sky_ros2/install/tide_msgs/lib:/opt/MVS/lib/64:/opt/MVS/lib/32:/usr/lib/x86_64-linux-gnu/gazebo-11/plugins:/opt/ros/humble/opt/rviz_ogre_vendor/lib:/opt/ros/humble/lib/x86_64-linux-gnu:/opt/ros/humble/lib:/opt/MVS/lib/64:/opt/MVS/lib/32:/opt/MVS/lib/64:/opt/MVS/lib/32 PYTHONPATH=/home/luis/azure_sky_ros2/install/tide_msgs/local/lib/python3.10/dist-packages:${PYTHONPATH} /usr/bin/cmake --install /home/luis/azure_sky_ros2/build/tide_gimbal_controller
