[0.065s] Invoking command in '/home/luis/azure_sky_ros2/build/ros2_socketcan_msgs': CMAKE_PREFIX_PATH=${CMAKE_PREFIX_PATH}:/opt/ros/humble /usr/bin/cmake --build /home/luis/azure_sky_ros2/build/ros2_socketcan_msgs -- -j12 -l12
[0.254s] [  3%] Built target ros2_socketcan_msgs__cpp
[0.256s] [ 12%] Built target ros2_socketcan_msgs__rosidl_generator_c
[0.284s] [ 12%] Built target ament_cmake_python_copy_ros2_socketcan_msgs
[0.391s] [ 22%] Built target ros2_socketcan_msgs__rosidl_typesupport_fastrtps_c
[0.412s] [ 32%] Built target ros2_socketcan_msgs__rosidl_typesupport_fastrtps_cpp
[0.416s] [ 41%] Built target ros2_socketcan_msgs__rosidl_typesupport_introspection_cpp
[0.416s] [ 51%] Built target ros2_socketcan_msgs__rosidl_typesupport_cpp
[0.431s] [ 61%] Built target ros2_socketcan_msgs__rosidl_typesupport_c
[0.432s] [ 70%] Built target ros2_socketcan_msgs__rosidl_typesupport_introspection_c
[0.520s] [ 70%] Built target ros2_socketcan_msgs
[0.587s] [ 74%] Built target ros2_socketcan_msgs__py
[0.647s] [ 80%] Built target ros2_socketcan_msgs__rosidl_generator_py
[0.719s] [ 87%] Built target ros2_socketcan_msgs__rosidl_typesupport_fastrtps_c__pyext
[0.721s] [ 93%] Built target ros2_socketcan_msgs__rosidl_typesupport_introspection_c__pyext
[0.724s] [100%] Built target ros2_socketcan_msgs__rosidl_typesupport_c__pyext
[0.865s] running egg_info
[0.866s] writing ros2_socketcan_msgs.egg-info/PKG-INFO
[0.867s] writing dependency_links to ros2_socketcan_msgs.egg-info/dependency_links.txt
[0.867s] writing top-level names to ros2_socketcan_msgs.egg-info/top_level.txt
[0.871s] reading manifest file 'ros2_socketcan_msgs.egg-info/SOURCES.txt'
[0.872s] writing manifest file 'ros2_socketcan_msgs.egg-info/SOURCES.txt'
[0.963s] [100%] Built target ament_cmake_python_build_ros2_socketcan_msgs_egg
[0.996s] Invoked command in '/home/luis/azure_sky_ros2/build/ros2_socketcan_msgs' returned '0': CMAKE_PREFIX_PATH=${CMAKE_PREFIX_PATH}:/opt/ros/humble /usr/bin/cmake --build /home/luis/azure_sky_ros2/build/ros2_socketcan_msgs -- -j12 -l12
[0.999s] Invoking command in '/home/luis/azure_sky_ros2/build/ros2_socketcan_msgs': CMAKE_PREFIX_PATH=${CMAKE_PREFIX_PATH}:/opt/ros/humble /usr/bin/cmake --install /home/luis/azure_sky_ros2/build/ros2_socketcan_msgs
[1.031s] -- Install configuration: ""
[1.035s] -- Up-to-date: /home/luis/azure_sky_ros2/install/ros2_socketcan_msgs/share/ament_index/resource_index/rosidl_interfaces/ros2_socketcan_msgs
[1.035s] -- Up-to-date: /home/luis/azure_sky_ros2/install/ros2_socketcan_msgs/include/ros2_socketcan_msgs/ros2_socketcan_msgs
[1.035s] -- Up-to-date: /home/luis/azure_sky_ros2/install/ros2_socketcan_msgs/include/ros2_socketcan_msgs/ros2_socketcan_msgs/msg
[1.035s] -- Up-to-date: /home/luis/azure_sky_ros2/install/ros2_socketcan_msgs/include/ros2_socketcan_msgs/ros2_socketcan_msgs/msg/detail
[1.035s] -- Up-to-date: /home/luis/azure_sky_ros2/install/ros2_socketcan_msgs/include/ros2_socketcan_msgs/ros2_socketcan_msgs/msg/detail/fd_frame__functions.c
[1.035s] -- Up-to-date: /home/luis/azure_sky_ros2/install/ros2_socketcan_msgs/include/ros2_socketcan_msgs/ros2_socketcan_msgs/msg/detail/fd_frame__functions.h
[1.035s] -- Up-to-date: /home/luis/azure_sky_ros2/install/ros2_socketcan_msgs/include/ros2_socketcan_msgs/ros2_socketcan_msgs/msg/detail/fd_frame__type_support.h
[1.035s] -- Up-to-date: /home/luis/azure_sky_ros2/install/ros2_socketcan_msgs/include/ros2_socketcan_msgs/ros2_socketcan_msgs/msg/detail/fd_frame__struct.h
[1.035s] -- Up-to-date: /home/luis/azure_sky_ros2/install/ros2_socketcan_msgs/include/ros2_socketcan_msgs/ros2_socketcan_msgs/msg/rosidl_generator_c__visibility_control.h
[1.035s] -- Up-to-date: /home/luis/azure_sky_ros2/install/ros2_socketcan_msgs/include/ros2_socketcan_msgs/ros2_socketcan_msgs/msg/fd_frame.h
[1.035s] -- Up-to-date: /home/luis/azure_sky_ros2/install/ros2_socketcan_msgs/share/ros2_socketcan_msgs/environment/library_path.sh
[1.036s] -- Up-to-date: /home/luis/azure_sky_ros2/install/ros2_socketcan_msgs/share/ros2_socketcan_msgs/environment/library_path.dsv
[1.036s] -- Up-to-date: /home/luis/azure_sky_ros2/install/ros2_socketcan_msgs/lib/libros2_socketcan_msgs__rosidl_generator_c.so
[1.036s] -- Up-to-date: /home/luis/azure_sky_ros2/install/ros2_socketcan_msgs/include/ros2_socketcan_msgs/ros2_socketcan_msgs
[1.036s] -- Up-to-date: /home/luis/azure_sky_ros2/install/ros2_socketcan_msgs/include/ros2_socketcan_msgs/ros2_socketcan_msgs/msg
[1.036s] -- Up-to-date: /home/luis/azure_sky_ros2/install/ros2_socketcan_msgs/include/ros2_socketcan_msgs/ros2_socketcan_msgs/msg/rosidl_typesupport_fastrtps_c__visibility_control.h
[1.036s] -- Up-to-date: /home/luis/azure_sky_ros2/install/ros2_socketcan_msgs/include/ros2_socketcan_msgs/ros2_socketcan_msgs/msg/detail
[1.036s] -- Up-to-date: /home/luis/azure_sky_ros2/install/ros2_socketcan_msgs/include/ros2_socketcan_msgs/ros2_socketcan_msgs/msg/detail/fd_frame__rosidl_typesupport_fastrtps_c.h
[1.036s] -- Up-to-date: /home/luis/azure_sky_ros2/install/ros2_socketcan_msgs/lib/libros2_socketcan_msgs__rosidl_typesupport_fastrtps_c.so
[1.036s] -- Up-to-date: /home/luis/azure_sky_ros2/install/ros2_socketcan_msgs/include/ros2_socketcan_msgs/ros2_socketcan_msgs
[1.036s] -- Up-to-date: /home/luis/azure_sky_ros2/install/ros2_socketcan_msgs/include/ros2_socketcan_msgs/ros2_socketcan_msgs/msg
[1.036s] -- Up-to-date: /home/luis/azure_sky_ros2/install/ros2_socketcan_msgs/include/ros2_socketcan_msgs/ros2_socketcan_msgs/msg/detail
[1.036s] -- Up-to-date: /home/luis/azure_sky_ros2/install/ros2_socketcan_msgs/include/ros2_socketcan_msgs/ros2_socketcan_msgs/msg/detail/fd_frame__rosidl_typesupport_introspection_c.h
[1.036s] -- Up-to-date: /home/luis/azure_sky_ros2/install/ros2_socketcan_msgs/include/ros2_socketcan_msgs/ros2_socketcan_msgs/msg/detail/fd_frame__type_support.c
[1.037s] -- Up-to-date: /home/luis/azure_sky_ros2/install/ros2_socketcan_msgs/include/ros2_socketcan_msgs/ros2_socketcan_msgs/msg/rosidl_typesupport_introspection_c__visibility_control.h
[1.037s] -- Up-to-date: /home/luis/azure_sky_ros2/install/ros2_socketcan_msgs/lib/libros2_socketcan_msgs__rosidl_typesupport_introspection_c.so
[1.037s] -- Up-to-date: /home/luis/azure_sky_ros2/install/ros2_socketcan_msgs/lib/libros2_socketcan_msgs__rosidl_typesupport_c.so
[1.037s] -- Up-to-date: /home/luis/azure_sky_ros2/install/ros2_socketcan_msgs/include/ros2_socketcan_msgs/ros2_socketcan_msgs
[1.037s] -- Up-to-date: /home/luis/azure_sky_ros2/install/ros2_socketcan_msgs/include/ros2_socketcan_msgs/ros2_socketcan_msgs/msg
[1.037s] -- Up-to-date: /home/luis/azure_sky_ros2/install/ros2_socketcan_msgs/include/ros2_socketcan_msgs/ros2_socketcan_msgs/msg/detail
[1.038s] -- Up-to-date: /home/luis/azure_sky_ros2/install/ros2_socketcan_msgs/include/ros2_socketcan_msgs/ros2_socketcan_msgs/msg/detail/fd_frame__traits.hpp
[1.038s] -- Up-to-date: /home/luis/azure_sky_ros2/install/ros2_socketcan_msgs/include/ros2_socketcan_msgs/ros2_socketcan_msgs/msg/detail/fd_frame__type_support.hpp
[1.038s] -- Up-to-date: /home/luis/azure_sky_ros2/install/ros2_socketcan_msgs/include/ros2_socketcan_msgs/ros2_socketcan_msgs/msg/detail/fd_frame__struct.hpp
[1.038s] -- Up-to-date: /home/luis/azure_sky_ros2/install/ros2_socketcan_msgs/include/ros2_socketcan_msgs/ros2_socketcan_msgs/msg/detail/fd_frame__builder.hpp
[1.038s] -- Up-to-date: /home/luis/azure_sky_ros2/install/ros2_socketcan_msgs/include/ros2_socketcan_msgs/ros2_socketcan_msgs/msg/fd_frame.hpp
[1.038s] -- Up-to-date: /home/luis/azure_sky_ros2/install/ros2_socketcan_msgs/include/ros2_socketcan_msgs/ros2_socketcan_msgs/msg/rosidl_generator_cpp__visibility_control.hpp
[1.038s] -- Up-to-date: /home/luis/azure_sky_ros2/install/ros2_socketcan_msgs/include/ros2_socketcan_msgs/ros2_socketcan_msgs
[1.039s] -- Up-to-date: /home/luis/azure_sky_ros2/install/ros2_socketcan_msgs/include/ros2_socketcan_msgs/ros2_socketcan_msgs/msg
[1.041s] -- Up-to-date: /home/luis/azure_sky_ros2/install/ros2_socketcan_msgs/include/ros2_socketcan_msgs/ros2_socketcan_msgs/msg/detail
[1.041s] -- Up-to-date: /home/luis/azure_sky_ros2/install/ros2_socketcan_msgs/include/ros2_socketcan_msgs/ros2_socketcan_msgs/msg/detail/fd_frame__rosidl_typesupport_fastrtps_cpp.hpp
[1.041s] -- Up-to-date: /home/luis/azure_sky_ros2/install/ros2_socketcan_msgs/include/ros2_socketcan_msgs/ros2_socketcan_msgs/msg/detail/dds_fastrtps
[1.041s] -- Up-to-date: /home/luis/azure_sky_ros2/install/ros2_socketcan_msgs/include/ros2_socketcan_msgs/ros2_socketcan_msgs/msg/rosidl_typesupport_fastrtps_cpp__visibility_control.h
[1.041s] -- Up-to-date: /home/luis/azure_sky_ros2/install/ros2_socketcan_msgs/lib/libros2_socketcan_msgs__rosidl_typesupport_fastrtps_cpp.so
[1.041s] -- Up-to-date: /home/luis/azure_sky_ros2/install/ros2_socketcan_msgs/include/ros2_socketcan_msgs/ros2_socketcan_msgs
[1.041s] -- Up-to-date: /home/luis/azure_sky_ros2/install/ros2_socketcan_msgs/include/ros2_socketcan_msgs/ros2_socketcan_msgs/msg
[1.041s] -- Up-to-date: /home/luis/azure_sky_ros2/install/ros2_socketcan_msgs/include/ros2_socketcan_msgs/ros2_socketcan_msgs/msg/detail
[1.041s] -- Up-to-date: /home/luis/azure_sky_ros2/install/ros2_socketcan_msgs/include/ros2_socketcan_msgs/ros2_socketcan_msgs/msg/detail/fd_frame__type_support.cpp
[1.041s] -- Up-to-date: /home/luis/azure_sky_ros2/install/ros2_socketcan_msgs/include/ros2_socketcan_msgs/ros2_socketcan_msgs/msg/detail/fd_frame__rosidl_typesupport_introspection_cpp.hpp
[1.041s] -- Up-to-date: /home/luis/azure_sky_ros2/install/ros2_socketcan_msgs/lib/libros2_socketcan_msgs__rosidl_typesupport_introspection_cpp.so
[1.042s] -- Up-to-date: /home/luis/azure_sky_ros2/install/ros2_socketcan_msgs/lib/libros2_socketcan_msgs__rosidl_typesupport_cpp.so
[1.042s] -- Up-to-date: /home/luis/azure_sky_ros2/install/ros2_socketcan_msgs/share/ros2_socketcan_msgs/environment/pythonpath.sh
[1.042s] -- Up-to-date: /home/luis/azure_sky_ros2/install/ros2_socketcan_msgs/share/ros2_socketcan_msgs/environment/pythonpath.dsv
[1.042s] -- Up-to-date: /home/luis/azure_sky_ros2/install/ros2_socketcan_msgs/local/lib/python3.10/dist-packages/ros2_socketcan_msgs-1.3.0-py3.10.egg-info
[1.042s] -- Installing: /home/luis/azure_sky_ros2/install/ros2_socketcan_msgs/local/lib/python3.10/dist-packages/ros2_socketcan_msgs-1.3.0-py3.10.egg-info/SOURCES.txt
[1.042s] -- Installing: /home/luis/azure_sky_ros2/install/ros2_socketcan_msgs/local/lib/python3.10/dist-packages/ros2_socketcan_msgs-1.3.0-py3.10.egg-info/PKG-INFO
[1.042s] -- Installing: /home/luis/azure_sky_ros2/install/ros2_socketcan_msgs/local/lib/python3.10/dist-packages/ros2_socketcan_msgs-1.3.0-py3.10.egg-info/top_level.txt
[1.042s] -- Installing: /home/luis/azure_sky_ros2/install/ros2_socketcan_msgs/local/lib/python3.10/dist-packages/ros2_socketcan_msgs-1.3.0-py3.10.egg-info/dependency_links.txt
[1.042s] -- Up-to-date: /home/luis/azure_sky_ros2/install/ros2_socketcan_msgs/local/lib/python3.10/dist-packages/ros2_socketcan_msgs
[1.042s] -- Up-to-date: /home/luis/azure_sky_ros2/install/ros2_socketcan_msgs/local/lib/python3.10/dist-packages/ros2_socketcan_msgs/_ros2_socketcan_msgs_s.ep.rosidl_typesupport_c.c
[1.042s] -- Up-to-date: /home/luis/azure_sky_ros2/install/ros2_socketcan_msgs/local/lib/python3.10/dist-packages/ros2_socketcan_msgs/ros2_socketcan_msgs_s__rosidl_typesupport_fastrtps_c.cpython-310-x86_64-linux-gnu.so
[1.042s] -- Up-to-date: /home/luis/azure_sky_ros2/install/ros2_socketcan_msgs/local/lib/python3.10/dist-packages/ros2_socketcan_msgs/_ros2_socketcan_msgs_s.ep.rosidl_typesupport_introspection_c.c
[1.042s] -- Up-to-date: /home/luis/azure_sky_ros2/install/ros2_socketcan_msgs/local/lib/python3.10/dist-packages/ros2_socketcan_msgs/_ros2_socketcan_msgs_s.ep.rosidl_typesupport_fastrtps_c.c
[1.043s] -- Up-to-date: /home/luis/azure_sky_ros2/install/ros2_socketcan_msgs/local/lib/python3.10/dist-packages/ros2_socketcan_msgs/libros2_socketcan_msgs__rosidl_generator_py.so
[1.043s] -- Up-to-date: /home/luis/azure_sky_ros2/install/ros2_socketcan_msgs/local/lib/python3.10/dist-packages/ros2_socketcan_msgs/ros2_socketcan_msgs_s__rosidl_typesupport_c.cpython-310-x86_64-linux-gnu.so
[1.043s] -- Up-to-date: /home/luis/azure_sky_ros2/install/ros2_socketcan_msgs/local/lib/python3.10/dist-packages/ros2_socketcan_msgs/ros2_socketcan_msgs_s__rosidl_typesupport_introspection_c.cpython-310-x86_64-linux-gnu.so
[1.043s] -- Up-to-date: /home/luis/azure_sky_ros2/install/ros2_socketcan_msgs/local/lib/python3.10/dist-packages/ros2_socketcan_msgs/__init__.py
[1.043s] -- Up-to-date: /home/luis/azure_sky_ros2/install/ros2_socketcan_msgs/local/lib/python3.10/dist-packages/ros2_socketcan_msgs/msg
[1.043s] -- Up-to-date: /home/luis/azure_sky_ros2/install/ros2_socketcan_msgs/local/lib/python3.10/dist-packages/ros2_socketcan_msgs/msg/_fd_frame.py
[1.043s] -- Up-to-date: /home/luis/azure_sky_ros2/install/ros2_socketcan_msgs/local/lib/python3.10/dist-packages/ros2_socketcan_msgs/msg/__init__.py
[1.043s] -- Up-to-date: /home/luis/azure_sky_ros2/install/ros2_socketcan_msgs/local/lib/python3.10/dist-packages/ros2_socketcan_msgs/msg/_fd_frame_s.c
[1.084s] Listing '/home/luis/azure_sky_ros2/install/ros2_socketcan_msgs/local/lib/python3.10/dist-packages/ros2_socketcan_msgs'...
[1.084s] Listing '/home/luis/azure_sky_ros2/install/ros2_socketcan_msgs/local/lib/python3.10/dist-packages/ros2_socketcan_msgs/msg'...
[1.126s] -- Up-to-date: /home/luis/azure_sky_ros2/install/ros2_socketcan_msgs/local/lib/python3.10/dist-packages/ros2_socketcan_msgs/ros2_socketcan_msgs_s__rosidl_typesupport_fastrtps_c.cpython-310-x86_64-linux-gnu.so
[1.134s] -- Up-to-date: /home/luis/azure_sky_ros2/install/ros2_socketcan_msgs/local/lib/python3.10/dist-packages/ros2_socketcan_msgs/ros2_socketcan_msgs_s__rosidl_typesupport_introspection_c.cpython-310-x86_64-linux-gnu.so
[1.134s] -- Up-to-date: /home/luis/azure_sky_ros2/install/ros2_socketcan_msgs/local/lib/python3.10/dist-packages/ros2_socketcan_msgs/ros2_socketcan_msgs_s__rosidl_typesupport_c.cpython-310-x86_64-linux-gnu.so
[1.135s] -- Up-to-date: /home/luis/azure_sky_ros2/install/ros2_socketcan_msgs/lib/libros2_socketcan_msgs__rosidl_generator_py.so
[1.135s] -- Up-to-date: /home/luis/azure_sky_ros2/install/ros2_socketcan_msgs/share/ros2_socketcan_msgs/msg/FdFrame.idl
[1.135s] -- Up-to-date: /home/luis/azure_sky_ros2/install/ros2_socketcan_msgs/share/ros2_socketcan_msgs/msg/FdFrame.msg
[1.135s] -- Up-to-date: /home/luis/azure_sky_ros2/install/ros2_socketcan_msgs/share/ament_index/resource_index/package_run_dependencies/ros2_socketcan_msgs
[1.136s] -- Up-to-date: /home/luis/azure_sky_ros2/install/ros2_socketcan_msgs/share/ament_index/resource_index/parent_prefix_path/ros2_socketcan_msgs
[1.136s] -- Up-to-date: /home/luis/azure_sky_ros2/install/ros2_socketcan_msgs/share/ros2_socketcan_msgs/environment/ament_prefix_path.sh
[1.136s] -- Up-to-date: /home/luis/azure_sky_ros2/install/ros2_socketcan_msgs/share/ros2_socketcan_msgs/environment/ament_prefix_path.dsv
[1.136s] -- Up-to-date: /home/luis/azure_sky_ros2/install/ros2_socketcan_msgs/share/ros2_socketcan_msgs/environment/path.sh
[1.136s] -- Up-to-date: /home/luis/azure_sky_ros2/install/ros2_socketcan_msgs/share/ros2_socketcan_msgs/environment/path.dsv
[1.136s] -- Up-to-date: /home/luis/azure_sky_ros2/install/ros2_socketcan_msgs/share/ros2_socketcan_msgs/local_setup.bash
[1.136s] -- Up-to-date: /home/luis/azure_sky_ros2/install/ros2_socketcan_msgs/share/ros2_socketcan_msgs/local_setup.sh
[1.137s] -- Up-to-date: /home/luis/azure_sky_ros2/install/ros2_socketcan_msgs/share/ros2_socketcan_msgs/local_setup.zsh
[1.137s] -- Up-to-date: /home/luis/azure_sky_ros2/install/ros2_socketcan_msgs/share/ros2_socketcan_msgs/local_setup.dsv
[1.146s] -- Installing: /home/luis/azure_sky_ros2/install/ros2_socketcan_msgs/share/ros2_socketcan_msgs/package.dsv
[1.162s] -- Up-to-date: /home/luis/azure_sky_ros2/install/ros2_socketcan_msgs/share/ament_index/resource_index/packages/ros2_socketcan_msgs
[1.162s] -- Up-to-date: /home/luis/azure_sky_ros2/install/ros2_socketcan_msgs/share/ros2_socketcan_msgs/cmake/export_ros2_socketcan_msgs__rosidl_generator_cExport.cmake
[1.162s] -- Up-to-date: /home/luis/azure_sky_ros2/install/ros2_socketcan_msgs/share/ros2_socketcan_msgs/cmake/export_ros2_socketcan_msgs__rosidl_generator_cExport-noconfig.cmake
[1.162s] -- Up-to-date: /home/luis/azure_sky_ros2/install/ros2_socketcan_msgs/share/ros2_socketcan_msgs/cmake/export_ros2_socketcan_msgs__rosidl_typesupport_fastrtps_cExport.cmake
[1.162s] -- Up-to-date: /home/luis/azure_sky_ros2/install/ros2_socketcan_msgs/share/ros2_socketcan_msgs/cmake/export_ros2_socketcan_msgs__rosidl_typesupport_fastrtps_cExport-noconfig.cmake
[1.163s] -- Up-to-date: /home/luis/azure_sky_ros2/install/ros2_socketcan_msgs/share/ros2_socketcan_msgs/cmake/ros2_socketcan_msgs__rosidl_typesupport_introspection_cExport.cmake
[1.163s] -- Up-to-date: /home/luis/azure_sky_ros2/install/ros2_socketcan_msgs/share/ros2_socketcan_msgs/cmake/ros2_socketcan_msgs__rosidl_typesupport_introspection_cExport-noconfig.cmake
[1.163s] -- Up-to-date: /home/luis/azure_sky_ros2/install/ros2_socketcan_msgs/share/ros2_socketcan_msgs/cmake/ros2_socketcan_msgs__rosidl_typesupport_cExport.cmake
[1.163s] -- Up-to-date: /home/luis/azure_sky_ros2/install/ros2_socketcan_msgs/share/ros2_socketcan_msgs/cmake/ros2_socketcan_msgs__rosidl_typesupport_cExport-noconfig.cmake
[1.166s] -- Up-to-date: /home/luis/azure_sky_ros2/install/ros2_socketcan_msgs/share/ros2_socketcan_msgs/cmake/export_ros2_socketcan_msgs__rosidl_generator_cppExport.cmake
[1.167s] -- Up-to-date: /home/luis/azure_sky_ros2/install/ros2_socketcan_msgs/share/ros2_socketcan_msgs/cmake/export_ros2_socketcan_msgs__rosidl_typesupport_fastrtps_cppExport.cmake
[1.167s] -- Up-to-date: /home/luis/azure_sky_ros2/install/ros2_socketcan_msgs/share/ros2_socketcan_msgs/cmake/export_ros2_socketcan_msgs__rosidl_typesupport_fastrtps_cppExport-noconfig.cmake
[1.169s] -- Up-to-date: /home/luis/azure_sky_ros2/install/ros2_socketcan_msgs/share/ros2_socketcan_msgs/cmake/ros2_socketcan_msgs__rosidl_typesupport_introspection_cppExport.cmake
[1.177s] -- Up-to-date: /home/luis/azure_sky_ros2/install/ros2_socketcan_msgs/share/ros2_socketcan_msgs/cmake/ros2_socketcan_msgs__rosidl_typesupport_introspection_cppExport-noconfig.cmake
[1.177s] -- Up-to-date: /home/luis/azure_sky_ros2/install/ros2_socketcan_msgs/share/ros2_socketcan_msgs/cmake/ros2_socketcan_msgs__rosidl_typesupport_cppExport.cmake
[1.177s] -- Up-to-date: /home/luis/azure_sky_ros2/install/ros2_socketcan_msgs/share/ros2_socketcan_msgs/cmake/ros2_socketcan_msgs__rosidl_typesupport_cppExport-noconfig.cmake
[1.178s] -- Up-to-date: /home/luis/azure_sky_ros2/install/ros2_socketcan_msgs/share/ros2_socketcan_msgs/cmake/export_ros2_socketcan_msgs__rosidl_generator_pyExport.cmake
[1.178s] -- Up-to-date: /home/luis/azure_sky_ros2/install/ros2_socketcan_msgs/share/ros2_socketcan_msgs/cmake/export_ros2_socketcan_msgs__rosidl_generator_pyExport-noconfig.cmake
[1.178s] -- Up-to-date: /home/luis/azure_sky_ros2/install/ros2_socketcan_msgs/share/ros2_socketcan_msgs/cmake/rosidl_cmake-extras.cmake
[1.178s] -- Up-to-date: /home/luis/azure_sky_ros2/install/ros2_socketcan_msgs/share/ros2_socketcan_msgs/cmake/ament_cmake_export_dependencies-extras.cmake
[1.178s] -- Up-to-date: /home/luis/azure_sky_ros2/install/ros2_socketcan_msgs/share/ros2_socketcan_msgs/cmake/ament_cmake_export_include_directories-extras.cmake
[1.188s] -- Up-to-date: /home/luis/azure_sky_ros2/install/ros2_socketcan_msgs/share/ros2_socketcan_msgs/cmake/ament_cmake_export_libraries-extras.cmake
[1.188s] -- Up-to-date: /home/luis/azure_sky_ros2/install/ros2_socketcan_msgs/share/ros2_socketcan_msgs/cmake/ament_cmake_export_targets-extras.cmake
[1.188s] -- Up-to-date: /home/luis/azure_sky_ros2/install/ros2_socketcan_msgs/share/ros2_socketcan_msgs/cmake/rosidl_cmake_export_typesupport_targets-extras.cmake
[1.189s] -- Up-to-date: /home/luis/azure_sky_ros2/install/ros2_socketcan_msgs/share/ros2_socketcan_msgs/cmake/rosidl_cmake_export_typesupport_libraries-extras.cmake
[1.189s] -- Up-to-date: /home/luis/azure_sky_ros2/install/ros2_socketcan_msgs/share/ros2_socketcan_msgs/cmake/ros2_socketcan_msgsConfig.cmake
[1.189s] -- Up-to-date: /home/luis/azure_sky_ros2/install/ros2_socketcan_msgs/share/ros2_socketcan_msgs/cmake/ros2_socketcan_msgsConfig-version.cmake
[1.189s] -- Up-to-date: /home/luis/azure_sky_ros2/install/ros2_socketcan_msgs/share/ros2_socketcan_msgs/package.xml
[1.275s] Invoked command in '/home/luis/azure_sky_ros2/build/ros2_socketcan_msgs' returned '0': CMAKE_PREFIX_PATH=${CMAKE_PREFIX_PATH}:/opt/ros/humble /usr/bin/cmake --install /home/luis/azure_sky_ros2/build/ros2_socketcan_msgs
