[0.021s] Invoking command in '/home/luis/workshop_ws/build/tide_shooter_controller': CMAKE_PREFIX_PATH=/home/luis/workshop_ws/install/tide_msgs:/home/luis/workshop_ws/install/tide_shooter_controller:/home/luis/workshop_ws/install/tide_gimbal_controller:/home/luis/workshop_ws/install/my_hardware_interface:/home/luis/workshop_ws/install/serial:/home/luis/workshop_ws/install/roscon2022_control_workshop:/home/luis/workshop_ws/install/ros2_socketcan:/home/luis/workshop_ws/install/ros2_socketcan_msgs:/home/luis/workshop_ws/install/controlko_hardware_interface:/home/luis/workshop_ws/install/controlko_bringup:/home/luis/workshop_ws/install/controlko_description:/home/luis/workshop_ws/install/controlko_controllers:/opt/ros/humble LD_LIBRARY_PATH=/home/luis/workshop_ws/install/tide_msgs/lib:/home/luis/workshop_ws/install/tide_shooter_controller/lib:/home/luis/workshop_ws/install/tide_gimbal_controller/lib:/home/luis/workshop_ws/install/my_hardware_interface/lib:/home/luis/workshop_ws/install/serial/lib:/home/luis/workshop_ws/install/ros2_socketcan/lib:/home/luis/workshop_ws/install/ros2_socketcan_msgs/lib:/home/luis/workshop_ws/install/controlko_hardware_interface/lib:/home/luis/workshop_ws/install/controlko_controllers/lib:/usr/lib/x86_64-linux-gnu/gazebo-11/plugins:/opt/ros/humble/opt/rviz_ogre_vendor/lib:/opt/ros/humble/lib/x86_64-linux-gnu:/opt/ros/humble/lib /usr/bin/cmake /home/luis/workshop_ws/src/tide_controllers/tide_shooter_controller -DAMENT_CMAKE_SYMLINK_INSTALL=1 -DCMAKE_INSTALL_PREFIX=/home/luis/workshop_ws/install/tide_shooter_controller
[0.039s] -- Found ament_cmake: 1.3.11 (/opt/ros/humble/share/ament_cmake/cmake)
[0.219s] -- Override CMake install command with custom implementation using symlinks instead of copying resources
[0.243s] -- Found controller_interface: 2.51.0 (/opt/ros/humble/share/controller_interface/cmake)
[0.304s] -- Found rosidl_generator_c: 3.1.6 (/opt/ros/humble/share/rosidl_generator_c/cmake)
[0.308s] -- Found rosidl_adapter: 3.1.6 (/opt/ros/humble/share/rosidl_adapter/cmake)
[0.317s] -- Found rosidl_generator_cpp: 3.1.6 (/opt/ros/humble/share/rosidl_generator_cpp/cmake)
[0.331s] -- Using all available rosidl_typesupport_c: rosidl_typesupport_fastrtps_c;rosidl_typesupport_introspection_c
[0.351s] -- Using all available rosidl_typesupport_cpp: rosidl_typesupport_fastrtps_cpp;rosidl_typesupport_introspection_cpp
[0.607s] -- Found rmw_implementation_cmake: 6.1.2 (/opt/ros/humble/share/rmw_implementation_cmake/cmake)
[0.610s] -- Found rmw_fastrtps_cpp: 6.2.7 (/opt/ros/humble/share/rmw_fastrtps_cpp/cmake)
[0.639s] -- Found TinyXML2 via Config file: TinyXML2_DIR-NOTFOUND
[0.653s] -- Found TinyXML2 via Config file: TinyXML2_DIR-NOTFOUND
[0.680s] -- Found TinyXML2 via Config file: TinyXML2_DIR-NOTFOUND
[0.696s] -- Found TinyXML2 via Config file: TinyXML2_DIR-NOTFOUND
[0.714s] -- Using RMW implementation 'rmw_fastrtps_cpp' as default
[0.783s] -- Found generate_parameter_library: 0.5.0 (/opt/ros/humble/share/generate_parameter_library/cmake)
[0.783s] -- Found parameter_traits: 0.5.0 (/opt/ros/humble/share/parameter_traits/cmake)
[0.796s] -- Found realtime_tools: 2.14.0 (/opt/ros/humble/share/realtime_tools/cmake)
[0.810s] -- Found tf2: 0.25.13 (/opt/ros/humble/share/tf2/cmake)
[0.815s] -- Found tf2_msgs: 0.25.13 (/opt/ros/humble/share/tf2_msgs/cmake)
[0.843s] -- Found tide_msgs: 0.0.0 (/home/luis/workshop_ws/install/tide_msgs/share/tide_msgs/cmake)
[0.865s] -- Found control_toolbox: 3.6.1 (/opt/ros/humble/share/control_toolbox/cmake)
[0.891s] -- Found angles: 1.15.0 (/opt/ros/humble/share/angles/cmake)
[0.893s] -- Found tf2_geometry_msgs: 0.25.13 (/opt/ros/humble/share/tf2_geometry_msgs/cmake)
[0.897s] -- Found eigen3_cmake_module: 0.1.1 (/opt/ros/humble/share/eigen3_cmake_module/cmake)
[0.899s] -- Ensuring Eigen3 include directory is part of orocos-kdl CMake target
[0.937s] -- Found visualization_msgs: 4.9.0 (/opt/ros/humble/share/visualization_msgs/cmake)
[1.102s] -- Configuring done
[1.154s] -- Generating done
[1.163s] -- Build files have been written to: /home/luis/workshop_ws/build/tide_shooter_controller
[1.178s] Invoked command in '/home/luis/workshop_ws/build/tide_shooter_controller' returned '0': CMAKE_PREFIX_PATH=/home/luis/workshop_ws/install/tide_msgs:/home/luis/workshop_ws/install/tide_shooter_controller:/home/luis/workshop_ws/install/tide_gimbal_controller:/home/luis/workshop_ws/install/my_hardware_interface:/home/luis/workshop_ws/install/serial:/home/luis/workshop_ws/install/roscon2022_control_workshop:/home/luis/workshop_ws/install/ros2_socketcan:/home/luis/workshop_ws/install/ros2_socketcan_msgs:/home/luis/workshop_ws/install/controlko_hardware_interface:/home/luis/workshop_ws/install/controlko_bringup:/home/luis/workshop_ws/install/controlko_description:/home/luis/workshop_ws/install/controlko_controllers:/opt/ros/humble LD_LIBRARY_PATH=/home/luis/workshop_ws/install/tide_msgs/lib:/home/luis/workshop_ws/install/tide_shooter_controller/lib:/home/luis/workshop_ws/install/tide_gimbal_controller/lib:/home/luis/workshop_ws/install/my_hardware_interface/lib:/home/luis/workshop_ws/install/serial/lib:/home/luis/workshop_ws/install/ros2_socketcan/lib:/home/luis/workshop_ws/install/ros2_socketcan_msgs/lib:/home/luis/workshop_ws/install/controlko_hardware_interface/lib:/home/luis/workshop_ws/install/controlko_controllers/lib:/usr/lib/x86_64-linux-gnu/gazebo-11/plugins:/opt/ros/humble/opt/rviz_ogre_vendor/lib:/opt/ros/humble/lib/x86_64-linux-gnu:/opt/ros/humble/lib /usr/bin/cmake /home/luis/workshop_ws/src/tide_controllers/tide_shooter_controller -DAMENT_CMAKE_SYMLINK_INSTALL=1 -DCMAKE_INSTALL_PREFIX=/home/luis/workshop_ws/install/tide_shooter_controller
[1.181s] Invoking command in '/home/luis/workshop_ws/build/tide_shooter_controller': CMAKE_PREFIX_PATH=/home/luis/workshop_ws/install/tide_msgs:/home/luis/workshop_ws/install/tide_shooter_controller:/home/luis/workshop_ws/install/tide_gimbal_controller:/home/luis/workshop_ws/install/my_hardware_interface:/home/luis/workshop_ws/install/serial:/home/luis/workshop_ws/install/roscon2022_control_workshop:/home/luis/workshop_ws/install/ros2_socketcan:/home/luis/workshop_ws/install/ros2_socketcan_msgs:/home/luis/workshop_ws/install/controlko_hardware_interface:/home/luis/workshop_ws/install/controlko_bringup:/home/luis/workshop_ws/install/controlko_description:/home/luis/workshop_ws/install/controlko_controllers:/opt/ros/humble LD_LIBRARY_PATH=/home/luis/workshop_ws/install/tide_msgs/lib:/home/luis/workshop_ws/install/tide_shooter_controller/lib:/home/luis/workshop_ws/install/tide_gimbal_controller/lib:/home/luis/workshop_ws/install/my_hardware_interface/lib:/home/luis/workshop_ws/install/serial/lib:/home/luis/workshop_ws/install/ros2_socketcan/lib:/home/luis/workshop_ws/install/ros2_socketcan_msgs/lib:/home/luis/workshop_ws/install/controlko_hardware_interface/lib:/home/luis/workshop_ws/install/controlko_controllers/lib:/usr/lib/x86_64-linux-gnu/gazebo-11/plugins:/opt/ros/humble/opt/rviz_ogre_vendor/lib:/opt/ros/humble/lib/x86_64-linux-gnu:/opt/ros/humble/lib /usr/bin/cmake --build /home/luis/workshop_ws/build/tide_shooter_controller -- -j12 -l12
[1.294s] [ 50%] Built target shooter_controller_parameters
[1.317s] [35m[1mConsolidate compiler generated dependencies of target tide_shooter_controller[0m
[1.354s] [100%] Built target tide_shooter_controller
[1.376s] Invoked command in '/home/luis/workshop_ws/build/tide_shooter_controller' returned '0': CMAKE_PREFIX_PATH=/home/luis/workshop_ws/install/tide_msgs:/home/luis/workshop_ws/install/tide_shooter_controller:/home/luis/workshop_ws/install/tide_gimbal_controller:/home/luis/workshop_ws/install/my_hardware_interface:/home/luis/workshop_ws/install/serial:/home/luis/workshop_ws/install/roscon2022_control_workshop:/home/luis/workshop_ws/install/ros2_socketcan:/home/luis/workshop_ws/install/ros2_socketcan_msgs:/home/luis/workshop_ws/install/controlko_hardware_interface:/home/luis/workshop_ws/install/controlko_bringup:/home/luis/workshop_ws/install/controlko_description:/home/luis/workshop_ws/install/controlko_controllers:/opt/ros/humble LD_LIBRARY_PATH=/home/luis/workshop_ws/install/tide_msgs/lib:/home/luis/workshop_ws/install/tide_shooter_controller/lib:/home/luis/workshop_ws/install/tide_gimbal_controller/lib:/home/luis/workshop_ws/install/my_hardware_interface/lib:/home/luis/workshop_ws/install/serial/lib:/home/luis/workshop_ws/install/ros2_socketcan/lib:/home/luis/workshop_ws/install/ros2_socketcan_msgs/lib:/home/luis/workshop_ws/install/controlko_hardware_interface/lib:/home/luis/workshop_ws/install/controlko_controllers/lib:/usr/lib/x86_64-linux-gnu/gazebo-11/plugins:/opt/ros/humble/opt/rviz_ogre_vendor/lib:/opt/ros/humble/lib/x86_64-linux-gnu:/opt/ros/humble/lib /usr/bin/cmake --build /home/luis/workshop_ws/build/tide_shooter_controller -- -j12 -l12
[1.378s] Invoking command in '/home/luis/workshop_ws/build/tide_shooter_controller': CMAKE_PREFIX_PATH=/home/luis/workshop_ws/install/tide_msgs:/home/luis/workshop_ws/install/tide_shooter_controller:/home/luis/workshop_ws/install/tide_gimbal_controller:/home/luis/workshop_ws/install/my_hardware_interface:/home/luis/workshop_ws/install/serial:/home/luis/workshop_ws/install/roscon2022_control_workshop:/home/luis/workshop_ws/install/ros2_socketcan:/home/luis/workshop_ws/install/ros2_socketcan_msgs:/home/luis/workshop_ws/install/controlko_hardware_interface:/home/luis/workshop_ws/install/controlko_bringup:/home/luis/workshop_ws/install/controlko_description:/home/luis/workshop_ws/install/controlko_controllers:/opt/ros/humble LD_LIBRARY_PATH=/home/luis/workshop_ws/install/tide_msgs/lib:/home/luis/workshop_ws/install/tide_shooter_controller/lib:/home/luis/workshop_ws/install/tide_gimbal_controller/lib:/home/luis/workshop_ws/install/my_hardware_interface/lib:/home/luis/workshop_ws/install/serial/lib:/home/luis/workshop_ws/install/ros2_socketcan/lib:/home/luis/workshop_ws/install/ros2_socketcan_msgs/lib:/home/luis/workshop_ws/install/controlko_hardware_interface/lib:/home/luis/workshop_ws/install/controlko_controllers/lib:/usr/lib/x86_64-linux-gnu/gazebo-11/plugins:/opt/ros/humble/opt/rviz_ogre_vendor/lib:/opt/ros/humble/lib/x86_64-linux-gnu:/opt/ros/humble/lib /usr/bin/cmake --install /home/luis/workshop_ws/build/tide_shooter_controller
[1.400s] -- Install configuration: ""
[1.401s] -- Execute custom install script
[1.401s] -- Up-to-date symlink: /home/luis/workshop_ws/install/tide_shooter_controller/include/tide_shooter_controller/shooter_controller_parameters.hpp
[1.402s] -- Up-to-date symlink: /home/luis/workshop_ws/install/tide_shooter_controller/share/tide_shooter_controller//tide_shooter_controller.xml
[1.402s] -- Up-to-date symlink: /home/luis/workshop_ws/install/tide_shooter_controller/include//tide_shooter_controller.hpp
[1.402s] -- Up-to-date symlink: /home/luis/workshop_ws/install/tide_shooter_controller/share/tide_shooter_controller/environment/library_path.sh
[1.403s] -- Up-to-date symlink: /home/luis/workshop_ws/install/tide_shooter_controller/share/tide_shooter_controller/environment/library_path.dsv
[1.403s] -- Up-to-date symlink: /home/luis/workshop_ws/install/tide_shooter_controller/share/ament_index/resource_index/package_run_dependencies/tide_shooter_controller
[1.403s] -- Up-to-date symlink: /home/luis/workshop_ws/install/tide_shooter_controller/share/ament_index/resource_index/parent_prefix_path/tide_shooter_controller
[1.403s] -- Up-to-date symlink: /home/luis/workshop_ws/install/tide_shooter_controller/share/tide_shooter_controller/environment/ament_prefix_path.sh
[1.404s] -- Up-to-date symlink: /home/luis/workshop_ws/install/tide_shooter_controller/share/tide_shooter_controller/environment/ament_prefix_path.dsv
[1.404s] -- Up-to-date symlink: /home/luis/workshop_ws/install/tide_shooter_controller/share/tide_shooter_controller/environment/path.sh
[1.404s] -- Up-to-date symlink: /home/luis/workshop_ws/install/tide_shooter_controller/share/tide_shooter_controller/environment/path.dsv
[1.404s] -- Up-to-date symlink: /home/luis/workshop_ws/install/tide_shooter_controller/share/tide_shooter_controller/local_setup.bash
[1.405s] -- Up-to-date symlink: /home/luis/workshop_ws/install/tide_shooter_controller/share/tide_shooter_controller/local_setup.sh
[1.405s] -- Up-to-date symlink: /home/luis/workshop_ws/install/tide_shooter_controller/share/tide_shooter_controller/local_setup.zsh
[1.405s] -- Up-to-date symlink: /home/luis/workshop_ws/install/tide_shooter_controller/share/tide_shooter_controller/local_setup.dsv
[1.405s] -- Symlinking: /home/luis/workshop_ws/install/tide_shooter_controller/share/tide_shooter_controller/package.dsv
[1.422s] -- Up-to-date symlink: /home/luis/workshop_ws/install/tide_shooter_controller/share/ament_index/resource_index/packages/tide_shooter_controller
[1.423s] -- Up-to-date symlink: /home/luis/workshop_ws/install/tide_shooter_controller/share/ament_index/resource_index/controller_interface__pluginlib__plugin/tide_shooter_controller
[1.423s] -- Up-to-date symlink: /home/luis/workshop_ws/install/tide_shooter_controller/share/tide_shooter_controller/cmake/ament_cmake_export_dependencies-extras.cmake
[1.424s] -- Up-to-date symlink: /home/luis/workshop_ws/install/tide_shooter_controller/share/tide_shooter_controller/cmake/ament_cmake_export_targets-extras.cmake
[1.424s] -- Up-to-date symlink: /home/luis/workshop_ws/install/tide_shooter_controller/share/tide_shooter_controller/cmake/tide_shooter_controllerConfig.cmake
[1.424s] -- Up-to-date symlink: /home/luis/workshop_ws/install/tide_shooter_controller/share/tide_shooter_controller/cmake/tide_shooter_controllerConfig-version.cmake
[1.424s] -- Up-to-date symlink: /home/luis/workshop_ws/install/tide_shooter_controller/share/tide_shooter_controller/package.xml
[1.425s] -- Up-to-date: /home/luis/workshop_ws/install/tide_shooter_controller/lib/libtide_shooter_controller.so
[1.425s] -- Up-to-date: /home/luis/workshop_ws/install/tide_shooter_controller/share/tide_shooter_controller/cmake/export_tide_shooter_controllerExport.cmake
[1.425s] -- Up-to-date: /home/luis/workshop_ws/install/tide_shooter_controller/share/tide_shooter_controller/cmake/export_tide_shooter_controllerExport-noconfig.cmake
[1.430s] Invoked command in '/home/luis/workshop_ws/build/tide_shooter_controller' returned '0': CMAKE_PREFIX_PATH=/home/luis/workshop_ws/install/tide_msgs:/home/luis/workshop_ws/install/tide_shooter_controller:/home/luis/workshop_ws/install/tide_gimbal_controller:/home/luis/workshop_ws/install/my_hardware_interface:/home/luis/workshop_ws/install/serial:/home/luis/workshop_ws/install/roscon2022_control_workshop:/home/luis/workshop_ws/install/ros2_socketcan:/home/luis/workshop_ws/install/ros2_socketcan_msgs:/home/luis/workshop_ws/install/controlko_hardware_interface:/home/luis/workshop_ws/install/controlko_bringup:/home/luis/workshop_ws/install/controlko_description:/home/luis/workshop_ws/install/controlko_controllers:/opt/ros/humble LD_LIBRARY_PATH=/home/luis/workshop_ws/install/tide_msgs/lib:/home/luis/workshop_ws/install/tide_shooter_controller/lib:/home/luis/workshop_ws/install/tide_gimbal_controller/lib:/home/luis/workshop_ws/install/my_hardware_interface/lib:/home/luis/workshop_ws/install/serial/lib:/home/luis/workshop_ws/install/ros2_socketcan/lib:/home/luis/workshop_ws/install/ros2_socketcan_msgs/lib:/home/luis/workshop_ws/install/controlko_hardware_interface/lib:/home/luis/workshop_ws/install/controlko_controllers/lib:/usr/lib/x86_64-linux-gnu/gazebo-11/plugins:/opt/ros/humble/opt/rviz_ogre_vendor/lib:/opt/ros/humble/lib/x86_64-linux-gnu:/opt/ros/humble/lib /usr/bin/cmake --install /home/luis/workshop_ws/build/tide_shooter_controller
