[0.085s] Invoking command in '/home/luis/azure_sky_ros2/build/auto_aim_interfaces': CMAKE_PREFIX_PATH=${CMAKE_PREFIX_PATH}:/opt/ros/humble /usr/bin/cmake --build /home/luis/azure_sky_ros2/build/auto_aim_interfaces -- -j12 -l12
[0.161s] -- Found ament_cmake: 1.3.11 (/opt/ros/humble/share/ament_cmake/cmake)
[0.581s] -- Found rosidl_default_generators: 1.2.0 (/opt/ros/humble/share/rosidl_default_generators/cmake)
[0.591s] -- Using all available rosidl_typesupport_c: rosidl_typesupport_fastrtps_c;rosidl_typesupport_introspection_c
[0.597s] -- Found rosidl_adapter: 3.1.6 (/opt/ros/humble/share/rosidl_adapter/cmake)
[0.674s] -- Using all available rosidl_typesupport_cpp: rosidl_typesupport_fastrtps_cpp;rosidl_typesupport_introspection_cpp
[0.736s] -- Found geometry_msgs: 4.9.0 (/opt/ros/humble/share/geometry_msgs/cmake)
[1.474s] -- Found ament_cmake_ros: 0.10.0 (/opt/ros/humble/share/ament_cmake_ros/cmake)
[1.907s] -- Using all available rosidl_typesupport_c: rosidl_typesupport_fastrtps_c;rosidl_typesupport_introspection_c
[2.498s] -- Using all available rosidl_typesupport_cpp: rosidl_typesupport_fastrtps_cpp;rosidl_typesupport_introspection_cpp
[2.541s] -- Found python_cmake_module: 0.10.0 (/opt/ros/humble/share/python_cmake_module/cmake)
[2.590s] -- Using PYTHON_EXECUTABLE: /usr/bin/python3
[2.590s] -- Using PYTHON_INCLUDE_DIRS: /usr/include/python3.10
[2.590s] -- Using PYTHON_LIBRARIES: /usr/lib/x86_64-linux-gnu/libpython3.10.so
[2.696s] -- Configuring done
[2.779s] -- Generating done
[2.801s] -- Build files have been written to: /home/luis/azure_sky_ros2/build/auto_aim_interfaces
[2.886s] [  1%] [34m[1mGenerating C code for ROS interfaces[0m
[2.918s] [  1%] [34m[1mGenerating C++ code for ROS interfaces[0m
[2.928s] [  1%] Built target ament_cmake_python_copy_auto_aim_interfaces
[3.333s] running egg_info
[3.334s] writing auto_aim_interfaces.egg-info/PKG-INFO
[3.334s] writing dependency_links to auto_aim_interfaces.egg-info/dependency_links.txt
[3.334s] writing top-level names to auto_aim_interfaces.egg-info/top_level.txt
[3.339s] reading manifest file 'auto_aim_interfaces.egg-info/SOURCES.txt'
[3.340s] writing manifest file 'auto_aim_interfaces.egg-info/SOURCES.txt'
[3.411s] [  1%] Built target ament_cmake_python_build_auto_aim_interfaces_egg
[4.043s] [  1%] Built target auto_aim_interfaces__cpp
[4.077s] [  2%] [34m[1mGenerating C++ type support dispatch for ROS interfaces[0m
[4.077s] [  3%] [34m[1mGenerating C++ type support for eProsima Fast-RTPS[0m
[4.094s] [  4%] [34m[1mGenerating C++ introspection for ROS interfaces[0m
[4.155s] [35m[1mConsolidate compiler generated dependencies of target auto_aim_interfaces__rosidl_generator_c[0m
[4.196s] [  7%] [32mBuilding C object CMakeFiles/auto_aim_interfaces__rosidl_generator_c.dir/rosidl_generator_c/auto_aim_interfaces/msg/detail/debug_armor__functions.c.o[0m
[4.196s] [  7%] [32mBuilding C object CMakeFiles/auto_aim_interfaces__rosidl_generator_c.dir/rosidl_generator_c/auto_aim_interfaces/msg/detail/debug_lights__functions.c.o[0m
[4.196s] [  8%] [32mBuilding C object CMakeFiles/auto_aim_interfaces__rosidl_generator_c.dir/rosidl_generator_c/auto_aim_interfaces/msg/detail/debug_armors__functions.c.o[0m
[4.198s] [  7%] [32mBuilding C object CMakeFiles/auto_aim_interfaces__rosidl_generator_c.dir/rosidl_generator_c/auto_aim_interfaces/msg/detail/target__functions.c.o[0m
[4.199s] [ 10%] [32mBuilding C object CMakeFiles/auto_aim_interfaces__rosidl_generator_c.dir/rosidl_generator_c/auto_aim_interfaces/msg/detail/armors__functions.c.o[0m
[4.199s] [ 10%] [32mBuilding C object CMakeFiles/auto_aim_interfaces__rosidl_generator_c.dir/rosidl_generator_c/auto_aim_interfaces/msg/detail/debug_light__functions.c.o[0m
[4.199s] [ 11%] [32mBuilding C object CMakeFiles/auto_aim_interfaces__rosidl_generator_c.dir/rosidl_generator_c/auto_aim_interfaces/msg/detail/robot_status__functions.c.o[0m
[4.200s] [ 12%] [32mBuilding C object CMakeFiles/auto_aim_interfaces__rosidl_generator_c.dir/rosidl_generator_c/auto_aim_interfaces/msg/detail/armor__functions.c.o[0m
[4.211s] [ 13%] [32mBuilding C object CMakeFiles/auto_aim_interfaces__rosidl_generator_c.dir/rosidl_generator_c/auto_aim_interfaces/msg/detail/tracker_info__functions.c.o[0m
[4.328s] [ 14%] [32mBuilding C object CMakeFiles/auto_aim_interfaces__rosidl_generator_c.dir/rosidl_generator_c/auto_aim_interfaces/msg/detail/time_info__functions.c.o[0m
[4.435s] [ 15%] [32m[1mLinking C shared library libauto_aim_interfaces__rosidl_generator_c.so[0m
[4.526s] [ 15%] Built target auto_aim_interfaces__rosidl_generator_c
[4.552s] [ 17%] [34m[1mGenerating C type support for eProsima Fast-RTPS[0m
[4.553s] [ 17%] [34m[1mGenerating C type support dispatch for ROS interfaces[0m
[4.554s] [ 18%] [34m[1mGenerating C introspection for ROS interfaces[0m
[4.914s] [35m[1mConsolidate compiler generated dependencies of target auto_aim_interfaces__rosidl_typesupport_cpp[0m
[4.966s] [ 19%] [32mBuilding CXX object CMakeFiles/auto_aim_interfaces__rosidl_typesupport_cpp.dir/rosidl_typesupport_cpp/auto_aim_interfaces/msg/target__type_support.cpp.o[0m
[4.966s] [ 21%] [32mBuilding CXX object CMakeFiles/auto_aim_interfaces__rosidl_typesupport_cpp.dir/rosidl_typesupport_cpp/auto_aim_interfaces/msg/armors__type_support.cpp.o[0m
[4.967s] [ 21%] [32mBuilding CXX object CMakeFiles/auto_aim_interfaces__rosidl_typesupport_cpp.dir/rosidl_typesupport_cpp/auto_aim_interfaces/msg/debug_armor__type_support.cpp.o[0m
[4.967s] [ 22%] [32mBuilding CXX object CMakeFiles/auto_aim_interfaces__rosidl_typesupport_cpp.dir/rosidl_typesupport_cpp/auto_aim_interfaces/msg/debug_light__type_support.cpp.o[0m
[4.973s] [ 23%] [32mBuilding CXX object CMakeFiles/auto_aim_interfaces__rosidl_typesupport_cpp.dir/rosidl_typesupport_cpp/auto_aim_interfaces/msg/debug_armors__type_support.cpp.o[0m
[4.973s] [ 24%] [32mBuilding CXX object CMakeFiles/auto_aim_interfaces__rosidl_typesupport_cpp.dir/rosidl_typesupport_cpp/auto_aim_interfaces/msg/armor__type_support.cpp.o[0m
[4.976s] [ 25%] [32mBuilding CXX object CMakeFiles/auto_aim_interfaces__rosidl_typesupport_cpp.dir/rosidl_typesupport_cpp/auto_aim_interfaces/msg/debug_lights__type_support.cpp.o[0m
[5.569s] [35m[1mConsolidate compiler generated dependencies of target auto_aim_interfaces__rosidl_typesupport_introspection_cpp[0m
[5.590s] [ 26%] [32mBuilding CXX object CMakeFiles/auto_aim_interfaces__rosidl_typesupport_cpp.dir/rosidl_typesupport_cpp/auto_aim_interfaces/msg/tracker_info__type_support.cpp.o[0m
[5.593s] [ 27%] [32mBuilding CXX object CMakeFiles/auto_aim_interfaces__rosidl_typesupport_cpp.dir/rosidl_typesupport_cpp/auto_aim_interfaces/msg/robot_status__type_support.cpp.o[0m
[5.626s] [ 28%] [32mBuilding CXX object CMakeFiles/auto_aim_interfaces__rosidl_typesupport_introspection_cpp.dir/rosidl_typesupport_introspection_cpp/auto_aim_interfaces/msg/detail/armor__type_support.cpp.o[0m
[5.658s] [ 29%] [32mBuilding CXX object CMakeFiles/auto_aim_interfaces__rosidl_typesupport_introspection_cpp.dir/rosidl_typesupport_introspection_cpp/auto_aim_interfaces/msg/detail/armors__type_support.cpp.o[0m
[5.663s] [ 30%] [32mBuilding CXX object CMakeFiles/auto_aim_interfaces__rosidl_typesupport_introspection_cpp.dir/rosidl_typesupport_introspection_cpp/auto_aim_interfaces/msg/detail/target__type_support.cpp.o[0m
[5.675s] [ 31%] [32mBuilding CXX object CMakeFiles/auto_aim_interfaces__rosidl_typesupport_cpp.dir/rosidl_typesupport_cpp/auto_aim_interfaces/msg/time_info__type_support.cpp.o[0m
[5.725s] [ 32%] [32mBuilding CXX object CMakeFiles/auto_aim_interfaces__rosidl_typesupport_introspection_cpp.dir/rosidl_typesupport_introspection_cpp/auto_aim_interfaces/msg/detail/debug_light__type_support.cpp.o[0m
[5.729s] [ 33%] [32mBuilding CXX object CMakeFiles/auto_aim_interfaces__rosidl_typesupport_introspection_cpp.dir/rosidl_typesupport_introspection_cpp/auto_aim_interfaces/msg/detail/debug_lights__type_support.cpp.o[0m
[5.765s] [35m[1mConsolidate compiler generated dependencies of target auto_aim_interfaces__rosidl_typesupport_c[0m
[5.802s] [ 34%] [32mBuilding CXX object CMakeFiles/auto_aim_interfaces__rosidl_typesupport_c.dir/rosidl_typesupport_c/auto_aim_interfaces/msg/armor__type_support.cpp.o[0m
[5.880s] [ 35%] [32mBuilding CXX object CMakeFiles/auto_aim_interfaces__rosidl_typesupport_c.dir/rosidl_typesupport_c/auto_aim_interfaces/msg/armors__type_support.cpp.o[0m
[5.982s] [ 36%] [32mBuilding CXX object CMakeFiles/auto_aim_interfaces__rosidl_typesupport_c.dir/rosidl_typesupport_c/auto_aim_interfaces/msg/target__type_support.cpp.o[0m
[6.078s] [ 37%] [32mBuilding CXX object CMakeFiles/auto_aim_interfaces__rosidl_typesupport_c.dir/rosidl_typesupport_c/auto_aim_interfaces/msg/debug_light__type_support.cpp.o[0m
[6.078s] [35m[1mConsolidate compiler generated dependencies of target auto_aim_interfaces__rosidl_typesupport_fastrtps_cpp[0m
[6.148s] [ 38%] [32mBuilding CXX object CMakeFiles/auto_aim_interfaces__rosidl_typesupport_fastrtps_cpp.dir/rosidl_typesupport_fastrtps_cpp/auto_aim_interfaces/msg/detail/dds_fastrtps/armor__type_support.cpp.o[0m
[6.152s] [ 39%] [32mBuilding CXX object CMakeFiles/auto_aim_interfaces__rosidl_typesupport_c.dir/rosidl_typesupport_c/auto_aim_interfaces/msg/debug_lights__type_support.cpp.o[0m
[6.163s] [ 40%] [32mBuilding CXX object CMakeFiles/auto_aim_interfaces__rosidl_typesupport_fastrtps_cpp.dir/rosidl_typesupport_fastrtps_cpp/auto_aim_interfaces/msg/detail/dds_fastrtps/armors__type_support.cpp.o[0m
[6.224s] [ 40%] [32mBuilding CXX object CMakeFiles/auto_aim_interfaces__rosidl_typesupport_fastrtps_cpp.dir/rosidl_typesupport_fastrtps_cpp/auto_aim_interfaces/msg/detail/dds_fastrtps/target__type_support.cpp.o[0m
[6.243s] [ 41%] [32mBuilding CXX object CMakeFiles/auto_aim_interfaces__rosidl_typesupport_c.dir/rosidl_typesupport_c/auto_aim_interfaces/msg/debug_armor__type_support.cpp.o[0m
[6.326s] [ 42%] [32mBuilding CXX object CMakeFiles/auto_aim_interfaces__rosidl_typesupport_c.dir/rosidl_typesupport_c/auto_aim_interfaces/msg/debug_armors__type_support.cpp.o[0m
[6.344s] [ 43%] [32m[1mLinking CXX shared library libauto_aim_interfaces__rosidl_typesupport_cpp.so[0m
[6.429s] [35m[1mConsolidate compiler generated dependencies of target auto_aim_interfaces__rosidl_typesupport_fastrtps_c[0m
[6.446s] [ 44%] [32mBuilding CXX object CMakeFiles/auto_aim_interfaces__rosidl_typesupport_c.dir/rosidl_typesupport_c/auto_aim_interfaces/msg/tracker_info__type_support.cpp.o[0m
[6.454s] [35m[1mConsolidate compiler generated dependencies of target auto_aim_interfaces__rosidl_typesupport_introspection_c[0m
[6.478s] [ 44%] Built target auto_aim_interfaces__rosidl_typesupport_cpp
[6.498s] [ 45%] [32mBuilding CXX object CMakeFiles/auto_aim_interfaces__rosidl_typesupport_fastrtps_c.dir/rosidl_typesupport_fastrtps_c/auto_aim_interfaces/msg/detail/armor__type_support_c.cpp.o[0m
[6.509s] [ 45%] [32mBuilding CXX object CMakeFiles/auto_aim_interfaces__rosidl_typesupport_c.dir/rosidl_typesupport_c/auto_aim_interfaces/msg/robot_status__type_support.cpp.o[0m
[6.516s] [ 46%] [32mBuilding C object CMakeFiles/auto_aim_interfaces__rosidl_typesupport_introspection_c.dir/rosidl_typesupport_introspection_c/auto_aim_interfaces/msg/detail/armor__type_support.c.o[0m
[6.535s] [ 47%] [32mBuilding C object CMakeFiles/auto_aim_interfaces__rosidl_typesupport_introspection_c.dir/rosidl_typesupport_introspection_c/auto_aim_interfaces/msg/detail/armors__type_support.c.o[0m
[6.538s] [ 48%] [32mBuilding CXX object CMakeFiles/auto_aim_interfaces__rosidl_typesupport_introspection_cpp.dir/rosidl_typesupport_introspection_cpp/auto_aim_interfaces/msg/detail/debug_armor__type_support.cpp.o[0m
[6.619s] [ 49%] [32mBuilding CXX object CMakeFiles/auto_aim_interfaces__rosidl_typesupport_c.dir/rosidl_typesupport_c/auto_aim_interfaces/msg/time_info__type_support.cpp.o[0m
[6.636s] [ 50%] [32mBuilding CXX object CMakeFiles/auto_aim_interfaces__rosidl_typesupport_fastrtps_cpp.dir/rosidl_typesupport_fastrtps_cpp/auto_aim_interfaces/msg/detail/dds_fastrtps/debug_light__type_support.cpp.o[0m
[6.654s] [ 51%] [32mBuilding C object CMakeFiles/auto_aim_interfaces__rosidl_typesupport_introspection_c.dir/rosidl_typesupport_introspection_c/auto_aim_interfaces/msg/detail/target__type_support.c.o[0m
[6.669s] [ 52%] [32mBuilding CXX object CMakeFiles/auto_aim_interfaces__rosidl_typesupport_fastrtps_c.dir/rosidl_typesupport_fastrtps_c/auto_aim_interfaces/msg/detail/armors__type_support_c.cpp.o[0m
[6.687s] [ 53%] [32mBuilding CXX object CMakeFiles/auto_aim_interfaces__rosidl_typesupport_fastrtps_c.dir/rosidl_typesupport_fastrtps_c/auto_aim_interfaces/msg/detail/target__type_support_c.cpp.o[0m
[6.700s] [ 54%] [32mBuilding CXX object CMakeFiles/auto_aim_interfaces__rosidl_typesupport_fastrtps_cpp.dir/rosidl_typesupport_fastrtps_cpp/auto_aim_interfaces/msg/detail/dds_fastrtps/debug_lights__type_support.cpp.o[0m
[6.703s] [ 55%] [32m[1mLinking CXX shared library libauto_aim_interfaces__rosidl_typesupport_c.so[0m
[6.753s] [ 56%] [32mBuilding CXX object CMakeFiles/auto_aim_interfaces__rosidl_typesupport_fastrtps_c.dir/rosidl_typesupport_fastrtps_c/auto_aim_interfaces/msg/detail/debug_light__type_support_c.cpp.o[0m
[6.791s] [ 57%] [32mBuilding C object CMakeFiles/auto_aim_interfaces__rosidl_typesupport_introspection_c.dir/rosidl_typesupport_introspection_c/auto_aim_interfaces/msg/detail/debug_light__type_support.c.o[0m
[6.827s] [ 57%] Built target auto_aim_interfaces__rosidl_typesupport_c
[6.863s] [ 58%] [32mBuilding CXX object CMakeFiles/auto_aim_interfaces__rosidl_typesupport_fastrtps_cpp.dir/rosidl_typesupport_fastrtps_cpp/auto_aim_interfaces/msg/detail/dds_fastrtps/debug_armor__type_support.cpp.o[0m
[6.926s] [ 59%] [32mBuilding C object CMakeFiles/auto_aim_interfaces__rosidl_typesupport_introspection_c.dir/rosidl_typesupport_introspection_c/auto_aim_interfaces/msg/detail/debug_lights__type_support.c.o[0m
[7.055s] [ 60%] [32mBuilding C object CMakeFiles/auto_aim_interfaces__rosidl_typesupport_introspection_c.dir/rosidl_typesupport_introspection_c/auto_aim_interfaces/msg/detail/debug_armor__type_support.c.o[0m
[7.120s] [ 61%] [32mBuilding C object CMakeFiles/auto_aim_interfaces__rosidl_typesupport_introspection_c.dir/rosidl_typesupport_introspection_c/auto_aim_interfaces/msg/detail/debug_armors__type_support.c.o[0m
[7.174s] [ 62%] [32mBuilding C object CMakeFiles/auto_aim_interfaces__rosidl_typesupport_introspection_c.dir/rosidl_typesupport_introspection_c/auto_aim_interfaces/msg/detail/tracker_info__type_support.c.o[0m
[7.189s] [ 63%] [32mBuilding CXX object CMakeFiles/auto_aim_interfaces__rosidl_typesupport_fastrtps_c.dir/rosidl_typesupport_fastrtps_c/auto_aim_interfaces/msg/detail/debug_lights__type_support_c.cpp.o[0m
[7.203s] [ 64%] [32mBuilding CXX object CMakeFiles/auto_aim_interfaces__rosidl_typesupport_introspection_cpp.dir/rosidl_typesupport_introspection_cpp/auto_aim_interfaces/msg/detail/debug_armors__type_support.cpp.o[0m
[7.245s] [ 65%] [32mBuilding CXX object CMakeFiles/auto_aim_interfaces__rosidl_typesupport_introspection_cpp.dir/rosidl_typesupport_introspection_cpp/auto_aim_interfaces/msg/detail/tracker_info__type_support.cpp.o[0m
[7.283s] [ 66%] [32mBuilding C object CMakeFiles/auto_aim_interfaces__rosidl_typesupport_introspection_c.dir/rosidl_typesupport_introspection_c/auto_aim_interfaces/msg/detail/robot_status__type_support.c.o[0m
[7.313s] [ 67%] [32mBuilding CXX object CMakeFiles/auto_aim_interfaces__rosidl_typesupport_introspection_cpp.dir/rosidl_typesupport_introspection_cpp/auto_aim_interfaces/msg/detail/robot_status__type_support.cpp.o[0m
[7.383s] [ 68%] [32mBuilding CXX object CMakeFiles/auto_aim_interfaces__rosidl_typesupport_fastrtps_cpp.dir/rosidl_typesupport_fastrtps_cpp/auto_aim_interfaces/msg/detail/dds_fastrtps/debug_armors__type_support.cpp.o[0m
[7.383s] [ 69%] [32mBuilding C object CMakeFiles/auto_aim_interfaces__rosidl_typesupport_introspection_c.dir/rosidl_typesupport_introspection_c/auto_aim_interfaces/msg/detail/time_info__type_support.c.o[0m
[7.393s] [ 70%] [32mBuilding CXX object CMakeFiles/auto_aim_interfaces__rosidl_typesupport_fastrtps_cpp.dir/rosidl_typesupport_fastrtps_cpp/auto_aim_interfaces/msg/detail/dds_fastrtps/tracker_info__type_support.cpp.o[0m
[7.472s] [ 71%] [32mBuilding CXX object CMakeFiles/auto_aim_interfaces__rosidl_typesupport_fastrtps_c.dir/rosidl_typesupport_fastrtps_c/auto_aim_interfaces/msg/detail/debug_armor__type_support_c.cpp.o[0m
[7.492s] [ 72%] [32m[1mLinking C shared library libauto_aim_interfaces__rosidl_typesupport_introspection_c.so[0m
[7.506s] [ 73%] [32mBuilding CXX object CMakeFiles/auto_aim_interfaces__rosidl_typesupport_introspection_cpp.dir/rosidl_typesupport_introspection_cpp/auto_aim_interfaces/msg/detail/time_info__type_support.cpp.o[0m
[7.545s] [ 74%] [32mBuilding CXX object CMakeFiles/auto_aim_interfaces__rosidl_typesupport_fastrtps_cpp.dir/rosidl_typesupport_fastrtps_cpp/auto_aim_interfaces/msg/detail/dds_fastrtps/robot_status__type_support.cpp.o[0m
[7.623s] [ 74%] Built target auto_aim_interfaces__rosidl_typesupport_introspection_c
[7.658s] [ 75%] [32mBuilding CXX object CMakeFiles/auto_aim_interfaces__rosidl_typesupport_fastrtps_c.dir/rosidl_typesupport_fastrtps_c/auto_aim_interfaces/msg/detail/debug_armors__type_support_c.cpp.o[0m
[7.662s] [ 76%] [32mBuilding CXX object CMakeFiles/auto_aim_interfaces__rosidl_typesupport_fastrtps_c.dir/rosidl_typesupport_fastrtps_c/auto_aim_interfaces/msg/detail/tracker_info__type_support_c.cpp.o[0m
[7.814s] [ 77%] [32mBuilding CXX object CMakeFiles/auto_aim_interfaces__rosidl_typesupport_fastrtps_c.dir/rosidl_typesupport_fastrtps_c/auto_aim_interfaces/msg/detail/robot_status__type_support_c.cpp.o[0m
[8.023s] [ 78%] [32mBuilding CXX object CMakeFiles/auto_aim_interfaces__rosidl_typesupport_fastrtps_c.dir/rosidl_typesupport_fastrtps_c/auto_aim_interfaces/msg/detail/time_info__type_support_c.cpp.o[0m
[8.059s] [ 79%] [32mBuilding CXX object CMakeFiles/auto_aim_interfaces__rosidl_typesupport_fastrtps_cpp.dir/rosidl_typesupport_fastrtps_cpp/auto_aim_interfaces/msg/detail/dds_fastrtps/time_info__type_support.cpp.o[0m
[8.366s] [ 80%] [32m[1mLinking CXX shared library libauto_aim_interfaces__rosidl_typesupport_introspection_cpp.so[0m
[8.547s] [ 80%] Built target auto_aim_interfaces__rosidl_typesupport_introspection_cpp
[8.603s] [ 81%] [32m[1mLinking CXX shared library libauto_aim_interfaces__rosidl_typesupport_fastrtps_c.so[0m
[8.749s] [ 82%] [32m[1mLinking CXX shared library libauto_aim_interfaces__rosidl_typesupport_fastrtps_cpp.so[0m
[8.760s] [ 82%] Built target auto_aim_interfaces__rosidl_typesupport_fastrtps_c
[8.936s] [ 82%] Built target auto_aim_interfaces__rosidl_typesupport_fastrtps_cpp
[9.000s] [ 82%] Built target auto_aim_interfaces
[9.061s] [ 83%] [34m[1mGenerating Python code for ROS interfaces[0m
[10.533s] [ 83%] Built target auto_aim_interfaces__py
[10.556s] [35m[1mConsolidate compiler generated dependencies of target auto_aim_interfaces__rosidl_generator_py[0m
[10.586s] [ 89%] [32mBuilding C object CMakeFiles/auto_aim_interfaces__rosidl_generator_py.dir/rosidl_generator_py/auto_aim_interfaces/msg/_tracker_info_s.c.o[0m
[10.586s] [ 89%] [32mBuilding C object CMakeFiles/auto_aim_interfaces__rosidl_generator_py.dir/rosidl_generator_py/auto_aim_interfaces/msg/_debug_light_s.c.o[0m
[10.587s] [ 89%] [32mBuilding C object CMakeFiles/auto_aim_interfaces__rosidl_generator_py.dir/rosidl_generator_py/auto_aim_interfaces/msg/_target_s.c.o[0m
[10.587s] [ 89%] [32mBuilding C object CMakeFiles/auto_aim_interfaces__rosidl_generator_py.dir/rosidl_generator_py/auto_aim_interfaces/msg/_armors_s.c.o[0m
[10.587s] [ 89%] [32mBuilding C object CMakeFiles/auto_aim_interfaces__rosidl_generator_py.dir/rosidl_generator_py/auto_aim_interfaces/msg/_armor_s.c.o[0m
[10.587s] [ 89%] [32mBuilding C object CMakeFiles/auto_aim_interfaces__rosidl_generator_py.dir/rosidl_generator_py/auto_aim_interfaces/msg/_debug_armor_s.c.o[0m
[10.588s] [ 90%] [32mBuilding C object CMakeFiles/auto_aim_interfaces__rosidl_generator_py.dir/rosidl_generator_py/auto_aim_interfaces/msg/_debug_lights_s.c.o[0m
[10.589s] [ 92%] [32mBuilding C object CMakeFiles/auto_aim_interfaces__rosidl_generator_py.dir/rosidl_generator_py/auto_aim_interfaces/msg/_robot_status_s.c.o[0m
[10.589s] [ 92%] [32mBuilding C object CMakeFiles/auto_aim_interfaces__rosidl_generator_py.dir/rosidl_generator_py/auto_aim_interfaces/msg/_debug_armors_s.c.o[0m
[10.591s] [ 93%] [32mBuilding C object CMakeFiles/auto_aim_interfaces__rosidl_generator_py.dir/rosidl_generator_py/auto_aim_interfaces/msg/_time_info_s.c.o[0m
[10.769s] [ 94%] [32m[1mLinking C shared library rosidl_generator_py/auto_aim_interfaces/libauto_aim_interfaces__rosidl_generator_py.so[0m
[10.840s] [ 94%] Built target auto_aim_interfaces__rosidl_generator_py
[10.856s] [35m[1mConsolidate compiler generated dependencies of target auto_aim_interfaces__rosidl_typesupport_fastrtps_c__pyext[0m
[10.859s] [35m[1mConsolidate compiler generated dependencies of target auto_aim_interfaces__rosidl_typesupport_introspection_c__pyext[0m
[10.867s] [35m[1mConsolidate compiler generated dependencies of target auto_aim_interfaces__rosidl_typesupport_c__pyext[0m
[10.878s] [ 95%] [32mBuilding C object CMakeFiles/auto_aim_interfaces__rosidl_typesupport_fastrtps_c__pyext.dir/rosidl_generator_py/auto_aim_interfaces/_auto_aim_interfaces_s.ep.rosidl_typesupport_fastrtps_c.c.o[0m
[10.879s] [ 96%] [32mBuilding C object CMakeFiles/auto_aim_interfaces__rosidl_typesupport_introspection_c__pyext.dir/rosidl_generator_py/auto_aim_interfaces/_auto_aim_interfaces_s.ep.rosidl_typesupport_introspection_c.c.o[0m
[10.886s] [ 97%] [32mBuilding C object CMakeFiles/auto_aim_interfaces__rosidl_typesupport_c__pyext.dir/rosidl_generator_py/auto_aim_interfaces/_auto_aim_interfaces_s.ep.rosidl_typesupport_c.c.o[0m
[11.029s] [ 98%] [32m[1mLinking C shared library rosidl_generator_py/auto_aim_interfaces/auto_aim_interfaces_s__rosidl_typesupport_introspection_c.cpython-310-x86_64-linux-gnu.so[0m
[11.041s] [ 99%] [32m[1mLinking C shared library rosidl_generator_py/auto_aim_interfaces/auto_aim_interfaces_s__rosidl_typesupport_fastrtps_c.cpython-310-x86_64-linux-gnu.so[0m
[11.055s] [100%] [32m[1mLinking C shared library rosidl_generator_py/auto_aim_interfaces/auto_aim_interfaces_s__rosidl_typesupport_c.cpython-310-x86_64-linux-gnu.so[0m
[11.082s] [100%] Built target auto_aim_interfaces__rosidl_typesupport_introspection_c__pyext
[11.099s] [100%] Built target auto_aim_interfaces__rosidl_typesupport_fastrtps_c__pyext
[11.115s] [100%] Built target auto_aim_interfaces__rosidl_typesupport_c__pyext
[11.136s] Invoked command in '/home/luis/azure_sky_ros2/build/auto_aim_interfaces' returned '0': CMAKE_PREFIX_PATH=${CMAKE_PREFIX_PATH}:/opt/ros/humble /usr/bin/cmake --build /home/luis/azure_sky_ros2/build/auto_aim_interfaces -- -j12 -l12
[11.139s] Invoking command in '/home/luis/azure_sky_ros2/build/auto_aim_interfaces': CMAKE_PREFIX_PATH=${CMAKE_PREFIX_PATH}:/opt/ros/humble /usr/bin/cmake --install /home/luis/azure_sky_ros2/build/auto_aim_interfaces
[11.160s] -- Install configuration: ""
[11.160s] -- Up-to-date: /home/luis/azure_sky_ros2/install/auto_aim_interfaces/share/ament_index/resource_index/rosidl_interfaces/auto_aim_interfaces
[11.160s] -- Up-to-date: /home/luis/azure_sky_ros2/install/auto_aim_interfaces/include/auto_aim_interfaces/auto_aim_interfaces
[11.160s] -- Up-to-date: /home/luis/azure_sky_ros2/install/auto_aim_interfaces/include/auto_aim_interfaces/auto_aim_interfaces/msg
[11.160s] -- Installing: /home/luis/azure_sky_ros2/install/auto_aim_interfaces/include/auto_aim_interfaces/auto_aim_interfaces/msg/debug_armors.h
[11.160s] -- Up-to-date: /home/luis/azure_sky_ros2/install/auto_aim_interfaces/include/auto_aim_interfaces/auto_aim_interfaces/msg/detail
[11.160s] -- Installing: /home/luis/azure_sky_ros2/install/auto_aim_interfaces/include/auto_aim_interfaces/auto_aim_interfaces/msg/detail/robot_status__functions.c
[11.161s] -- Installing: /home/luis/azure_sky_ros2/install/auto_aim_interfaces/include/auto_aim_interfaces/auto_aim_interfaces/msg/detail/debug_light__functions.h
[11.161s] -- Installing: /home/luis/azure_sky_ros2/install/auto_aim_interfaces/include/auto_aim_interfaces/auto_aim_interfaces/msg/detail/armors__struct.h
[11.161s] -- Installing: /home/luis/azure_sky_ros2/install/auto_aim_interfaces/include/auto_aim_interfaces/auto_aim_interfaces/msg/detail/tracker_info__functions.c
[11.161s] -- Installing: /home/luis/azure_sky_ros2/install/auto_aim_interfaces/include/auto_aim_interfaces/auto_aim_interfaces/msg/detail/time_info__functions.h
[11.161s] -- Installing: /home/luis/azure_sky_ros2/install/auto_aim_interfaces/include/auto_aim_interfaces/auto_aim_interfaces/msg/detail/debug_light__functions.c
[11.162s] -- Installing: /home/luis/azure_sky_ros2/install/auto_aim_interfaces/include/auto_aim_interfaces/auto_aim_interfaces/msg/detail/target__type_support.h
[11.162s] -- Installing: /home/luis/azure_sky_ros2/install/auto_aim_interfaces/include/auto_aim_interfaces/auto_aim_interfaces/msg/detail/tracker_info__functions.h
[11.162s] -- Installing: /home/luis/azure_sky_ros2/install/auto_aim_interfaces/include/auto_aim_interfaces/auto_aim_interfaces/msg/detail/time_info__struct.h
[11.162s] -- Installing: /home/luis/azure_sky_ros2/install/auto_aim_interfaces/include/auto_aim_interfaces/auto_aim_interfaces/msg/detail/debug_lights__functions.h
[11.162s] -- Installing: /home/luis/azure_sky_ros2/install/auto_aim_interfaces/include/auto_aim_interfaces/auto_aim_interfaces/msg/detail/debug_light__type_support.h
[11.162s] -- Installing: /home/luis/azure_sky_ros2/install/auto_aim_interfaces/include/auto_aim_interfaces/auto_aim_interfaces/msg/detail/armors__functions.h
[11.163s] -- Installing: /home/luis/azure_sky_ros2/install/auto_aim_interfaces/include/auto_aim_interfaces/auto_aim_interfaces/msg/detail/robot_status__functions.h
[11.163s] -- Installing: /home/luis/azure_sky_ros2/install/auto_aim_interfaces/include/auto_aim_interfaces/auto_aim_interfaces/msg/detail/debug_lights__functions.c
[11.163s] -- Installing: /home/luis/azure_sky_ros2/install/auto_aim_interfaces/include/auto_aim_interfaces/auto_aim_interfaces/msg/detail/debug_lights__struct.h
[11.163s] -- Installing: /home/luis/azure_sky_ros2/install/auto_aim_interfaces/include/auto_aim_interfaces/auto_aim_interfaces/msg/detail/debug_armor__type_support.h
[11.164s] -- Installing: /home/luis/azure_sky_ros2/install/auto_aim_interfaces/include/auto_aim_interfaces/auto_aim_interfaces/msg/detail/tracker_info__type_support.h
[11.164s] -- Installing: /home/luis/azure_sky_ros2/install/auto_aim_interfaces/include/auto_aim_interfaces/auto_aim_interfaces/msg/detail/armor__functions.c
[11.164s] -- Installing: /home/luis/azure_sky_ros2/install/auto_aim_interfaces/include/auto_aim_interfaces/auto_aim_interfaces/msg/detail/target__functions.c
[11.164s] -- Installing: /home/luis/azure_sky_ros2/install/auto_aim_interfaces/include/auto_aim_interfaces/auto_aim_interfaces/msg/detail/target__functions.h
[11.164s] -- Installing: /home/luis/azure_sky_ros2/install/auto_aim_interfaces/include/auto_aim_interfaces/auto_aim_interfaces/msg/detail/tracker_info__struct.h
[11.165s] -- Installing: /home/luis/azure_sky_ros2/install/auto_aim_interfaces/include/auto_aim_interfaces/auto_aim_interfaces/msg/detail/debug_armors__type_support.h
[11.165s] -- Installing: /home/luis/azure_sky_ros2/install/auto_aim_interfaces/include/auto_aim_interfaces/auto_aim_interfaces/msg/detail/armors__type_support.h
[11.165s] -- Installing: /home/luis/azure_sky_ros2/install/auto_aim_interfaces/include/auto_aim_interfaces/auto_aim_interfaces/msg/detail/robot_status__struct.h
[11.165s] -- Installing: /home/luis/azure_sky_ros2/install/auto_aim_interfaces/include/auto_aim_interfaces/auto_aim_interfaces/msg/detail/debug_armors__functions.c
[11.165s] -- Installing: /home/luis/azure_sky_ros2/install/auto_aim_interfaces/include/auto_aim_interfaces/auto_aim_interfaces/msg/detail/time_info__type_support.h
[11.166s] -- Installing: /home/luis/azure_sky_ros2/install/auto_aim_interfaces/include/auto_aim_interfaces/auto_aim_interfaces/msg/detail/armor__functions.h
[11.166s] -- Installing: /home/luis/azure_sky_ros2/install/auto_aim_interfaces/include/auto_aim_interfaces/auto_aim_interfaces/msg/detail/debug_armors__struct.h
[11.166s] -- Installing: /home/luis/azure_sky_ros2/install/auto_aim_interfaces/include/auto_aim_interfaces/auto_aim_interfaces/msg/detail/debug_armors__functions.h
[11.166s] -- Installing: /home/luis/azure_sky_ros2/install/auto_aim_interfaces/include/auto_aim_interfaces/auto_aim_interfaces/msg/detail/armor__type_support.h
[11.166s] -- Installing: /home/luis/azure_sky_ros2/install/auto_aim_interfaces/include/auto_aim_interfaces/auto_aim_interfaces/msg/detail/debug_light__struct.h
[11.166s] -- Installing: /home/luis/azure_sky_ros2/install/auto_aim_interfaces/include/auto_aim_interfaces/auto_aim_interfaces/msg/detail/debug_armor__functions.c
[11.167s] -- Installing: /home/luis/azure_sky_ros2/install/auto_aim_interfaces/include/auto_aim_interfaces/auto_aim_interfaces/msg/detail/armors__functions.c
[11.167s] -- Installing: /home/luis/azure_sky_ros2/install/auto_aim_interfaces/include/auto_aim_interfaces/auto_aim_interfaces/msg/detail/debug_armor__functions.h
[11.167s] -- Installing: /home/luis/azure_sky_ros2/install/auto_aim_interfaces/include/auto_aim_interfaces/auto_aim_interfaces/msg/detail/armor__struct.h
[11.167s] -- Installing: /home/luis/azure_sky_ros2/install/auto_aim_interfaces/include/auto_aim_interfaces/auto_aim_interfaces/msg/detail/robot_status__type_support.h
[11.167s] -- Installing: /home/luis/azure_sky_ros2/install/auto_aim_interfaces/include/auto_aim_interfaces/auto_aim_interfaces/msg/detail/debug_lights__type_support.h
[11.167s] -- Installing: /home/luis/azure_sky_ros2/install/auto_aim_interfaces/include/auto_aim_interfaces/auto_aim_interfaces/msg/detail/target__struct.h
[11.168s] -- Installing: /home/luis/azure_sky_ros2/install/auto_aim_interfaces/include/auto_aim_interfaces/auto_aim_interfaces/msg/detail/time_info__functions.c
[11.168s] -- Installing: /home/luis/azure_sky_ros2/install/auto_aim_interfaces/include/auto_aim_interfaces/auto_aim_interfaces/msg/detail/debug_armor__struct.h
[11.168s] -- Up-to-date: /home/luis/azure_sky_ros2/install/auto_aim_interfaces/include/auto_aim_interfaces/auto_aim_interfaces/msg/rosidl_generator_c__visibility_control.h
[11.168s] -- Installing: /home/luis/azure_sky_ros2/install/auto_aim_interfaces/include/auto_aim_interfaces/auto_aim_interfaces/msg/debug_lights.h
[11.168s] -- Installing: /home/luis/azure_sky_ros2/install/auto_aim_interfaces/include/auto_aim_interfaces/auto_aim_interfaces/msg/debug_armor.h
[11.169s] -- Installing: /home/luis/azure_sky_ros2/install/auto_aim_interfaces/include/auto_aim_interfaces/auto_aim_interfaces/msg/robot_status.h
[11.169s] -- Installing: /home/luis/azure_sky_ros2/install/auto_aim_interfaces/include/auto_aim_interfaces/auto_aim_interfaces/msg/target.h
[11.169s] -- Installing: /home/luis/azure_sky_ros2/install/auto_aim_interfaces/include/auto_aim_interfaces/auto_aim_interfaces/msg/time_info.h
[11.169s] -- Installing: /home/luis/azure_sky_ros2/install/auto_aim_interfaces/include/auto_aim_interfaces/auto_aim_interfaces/msg/tracker_info.h
[11.170s] -- Installing: /home/luis/azure_sky_ros2/install/auto_aim_interfaces/include/auto_aim_interfaces/auto_aim_interfaces/msg/armor.h
[11.170s] -- Installing: /home/luis/azure_sky_ros2/install/auto_aim_interfaces/include/auto_aim_interfaces/auto_aim_interfaces/msg/armors.h
[11.170s] -- Installing: /home/luis/azure_sky_ros2/install/auto_aim_interfaces/include/auto_aim_interfaces/auto_aim_interfaces/msg/debug_light.h
[11.170s] -- Up-to-date: /home/luis/azure_sky_ros2/install/auto_aim_interfaces/share/auto_aim_interfaces/environment/library_path.sh
[11.170s] -- Installing: /home/luis/azure_sky_ros2/install/auto_aim_interfaces/share/auto_aim_interfaces/environment/library_path.dsv
[11.170s] -- Installing: /home/luis/azure_sky_ros2/install/auto_aim_interfaces/lib/libauto_aim_interfaces__rosidl_generator_c.so
[11.171s] -- Set runtime path of "/home/luis/azure_sky_ros2/install/auto_aim_interfaces/lib/libauto_aim_interfaces__rosidl_generator_c.so" to ""
[11.171s] -- Up-to-date: /home/luis/azure_sky_ros2/install/auto_aim_interfaces/include/auto_aim_interfaces/auto_aim_interfaces
[11.171s] -- Up-to-date: /home/luis/azure_sky_ros2/install/auto_aim_interfaces/include/auto_aim_interfaces/auto_aim_interfaces/msg
[11.171s] -- Up-to-date: /home/luis/azure_sky_ros2/install/auto_aim_interfaces/include/auto_aim_interfaces/auto_aim_interfaces/msg/rosidl_typesupport_fastrtps_c__visibility_control.h
[11.171s] -- Up-to-date: /home/luis/azure_sky_ros2/install/auto_aim_interfaces/include/auto_aim_interfaces/auto_aim_interfaces/msg/detail
[11.171s] -- Installing: /home/luis/azure_sky_ros2/install/auto_aim_interfaces/include/auto_aim_interfaces/auto_aim_interfaces/msg/detail/debug_armor__rosidl_typesupport_fastrtps_c.h
[11.172s] -- Installing: /home/luis/azure_sky_ros2/install/auto_aim_interfaces/include/auto_aim_interfaces/auto_aim_interfaces/msg/detail/armor__rosidl_typesupport_fastrtps_c.h
[11.172s] -- Installing: /home/luis/azure_sky_ros2/install/auto_aim_interfaces/include/auto_aim_interfaces/auto_aim_interfaces/msg/detail/time_info__rosidl_typesupport_fastrtps_c.h
[11.172s] -- Installing: /home/luis/azure_sky_ros2/install/auto_aim_interfaces/include/auto_aim_interfaces/auto_aim_interfaces/msg/detail/debug_lights__rosidl_typesupport_fastrtps_c.h
[11.172s] -- Installing: /home/luis/azure_sky_ros2/install/auto_aim_interfaces/include/auto_aim_interfaces/auto_aim_interfaces/msg/detail/tracker_info__rosidl_typesupport_fastrtps_c.h
[11.172s] -- Installing: /home/luis/azure_sky_ros2/install/auto_aim_interfaces/include/auto_aim_interfaces/auto_aim_interfaces/msg/detail/robot_status__rosidl_typesupport_fastrtps_c.h
[11.173s] -- Installing: /home/luis/azure_sky_ros2/install/auto_aim_interfaces/include/auto_aim_interfaces/auto_aim_interfaces/msg/detail/armors__rosidl_typesupport_fastrtps_c.h
[11.173s] -- Installing: /home/luis/azure_sky_ros2/install/auto_aim_interfaces/include/auto_aim_interfaces/auto_aim_interfaces/msg/detail/debug_armors__rosidl_typesupport_fastrtps_c.h
[11.173s] -- Installing: /home/luis/azure_sky_ros2/install/auto_aim_interfaces/include/auto_aim_interfaces/auto_aim_interfaces/msg/detail/debug_light__rosidl_typesupport_fastrtps_c.h
[11.173s] -- Installing: /home/luis/azure_sky_ros2/install/auto_aim_interfaces/include/auto_aim_interfaces/auto_aim_interfaces/msg/detail/target__rosidl_typesupport_fastrtps_c.h
[11.173s] -- Installing: /home/luis/azure_sky_ros2/install/auto_aim_interfaces/lib/libauto_aim_interfaces__rosidl_typesupport_fastrtps_c.so
[11.174s] -- Set runtime path of "/home/luis/azure_sky_ros2/install/auto_aim_interfaces/lib/libauto_aim_interfaces__rosidl_typesupport_fastrtps_c.so" to ""
[11.174s] -- Up-to-date: /home/luis/azure_sky_ros2/install/auto_aim_interfaces/include/auto_aim_interfaces/auto_aim_interfaces
[11.174s] -- Up-to-date: /home/luis/azure_sky_ros2/install/auto_aim_interfaces/include/auto_aim_interfaces/auto_aim_interfaces/msg
[11.174s] -- Up-to-date: /home/luis/azure_sky_ros2/install/auto_aim_interfaces/include/auto_aim_interfaces/auto_aim_interfaces/msg/detail
[11.174s] -- Installing: /home/luis/azure_sky_ros2/install/auto_aim_interfaces/include/auto_aim_interfaces/auto_aim_interfaces/msg/detail/debug_armor__type_support.c
[11.174s] -- Installing: /home/luis/azure_sky_ros2/install/auto_aim_interfaces/include/auto_aim_interfaces/auto_aim_interfaces/msg/detail/tracker_info__type_support.c
[11.175s] -- Installing: /home/luis/azure_sky_ros2/install/auto_aim_interfaces/include/auto_aim_interfaces/auto_aim_interfaces/msg/detail/armors__type_support.c
[11.175s] -- Installing: /home/luis/azure_sky_ros2/install/auto_aim_interfaces/include/auto_aim_interfaces/auto_aim_interfaces/msg/detail/robot_status__rosidl_typesupport_introspection_c.h
[11.175s] -- Installing: /home/luis/azure_sky_ros2/install/auto_aim_interfaces/include/auto_aim_interfaces/auto_aim_interfaces/msg/detail/armor__rosidl_typesupport_introspection_c.h
[11.175s] -- Installing: /home/luis/azure_sky_ros2/install/auto_aim_interfaces/include/auto_aim_interfaces/auto_aim_interfaces/msg/detail/time_info__type_support.c
[11.175s] -- Installing: /home/luis/azure_sky_ros2/install/auto_aim_interfaces/include/auto_aim_interfaces/auto_aim_interfaces/msg/detail/debug_light__type_support.c
[11.175s] -- Installing: /home/luis/azure_sky_ros2/install/auto_aim_interfaces/include/auto_aim_interfaces/auto_aim_interfaces/msg/detail/debug_armors__type_support.c
[11.176s] -- Installing: /home/luis/azure_sky_ros2/install/auto_aim_interfaces/include/auto_aim_interfaces/auto_aim_interfaces/msg/detail/debug_armors__rosidl_typesupport_introspection_c.h
[11.176s] -- Installing: /home/luis/azure_sky_ros2/install/auto_aim_interfaces/include/auto_aim_interfaces/auto_aim_interfaces/msg/detail/target__rosidl_typesupport_introspection_c.h
[11.176s] -- Installing: /home/luis/azure_sky_ros2/install/auto_aim_interfaces/include/auto_aim_interfaces/auto_aim_interfaces/msg/detail/debug_lights__rosidl_typesupport_introspection_c.h
[11.176s] -- Installing: /home/luis/azure_sky_ros2/install/auto_aim_interfaces/include/auto_aim_interfaces/auto_aim_interfaces/msg/detail/armors__rosidl_typesupport_introspection_c.h
[11.176s] -- Installing: /home/luis/azure_sky_ros2/install/auto_aim_interfaces/include/auto_aim_interfaces/auto_aim_interfaces/msg/detail/debug_lights__type_support.c
[11.176s] -- Installing: /home/luis/azure_sky_ros2/install/auto_aim_interfaces/include/auto_aim_interfaces/auto_aim_interfaces/msg/detail/robot_status__type_support.c
[11.176s] -- Installing: /home/luis/azure_sky_ros2/install/auto_aim_interfaces/include/auto_aim_interfaces/auto_aim_interfaces/msg/detail/debug_light__rosidl_typesupport_introspection_c.h
[11.177s] -- Installing: /home/luis/azure_sky_ros2/install/auto_aim_interfaces/include/auto_aim_interfaces/auto_aim_interfaces/msg/detail/armor__type_support.c
[11.177s] -- Installing: /home/luis/azure_sky_ros2/install/auto_aim_interfaces/include/auto_aim_interfaces/auto_aim_interfaces/msg/detail/tracker_info__rosidl_typesupport_introspection_c.h
[11.177s] -- Installing: /home/luis/azure_sky_ros2/install/auto_aim_interfaces/include/auto_aim_interfaces/auto_aim_interfaces/msg/detail/target__type_support.c
[11.177s] -- Installing: /home/luis/azure_sky_ros2/install/auto_aim_interfaces/include/auto_aim_interfaces/auto_aim_interfaces/msg/detail/time_info__rosidl_typesupport_introspection_c.h
[11.177s] -- Installing: /home/luis/azure_sky_ros2/install/auto_aim_interfaces/include/auto_aim_interfaces/auto_aim_interfaces/msg/detail/debug_armor__rosidl_typesupport_introspection_c.h
[11.177s] -- Up-to-date: /home/luis/azure_sky_ros2/install/auto_aim_interfaces/include/auto_aim_interfaces/auto_aim_interfaces/msg/rosidl_typesupport_introspection_c__visibility_control.h
[11.178s] -- Installing: /home/luis/azure_sky_ros2/install/auto_aim_interfaces/lib/libauto_aim_interfaces__rosidl_typesupport_introspection_c.so
[11.178s] -- Set runtime path of "/home/luis/azure_sky_ros2/install/auto_aim_interfaces/lib/libauto_aim_interfaces__rosidl_typesupport_introspection_c.so" to ""
[11.178s] -- Installing: /home/luis/azure_sky_ros2/install/auto_aim_interfaces/lib/libauto_aim_interfaces__rosidl_typesupport_c.so
[11.178s] -- Set runtime path of "/home/luis/azure_sky_ros2/install/auto_aim_interfaces/lib/libauto_aim_interfaces__rosidl_typesupport_c.so" to ""
[11.178s] -- Up-to-date: /home/luis/azure_sky_ros2/install/auto_aim_interfaces/include/auto_aim_interfaces/auto_aim_interfaces
[11.179s] -- Up-to-date: /home/luis/azure_sky_ros2/install/auto_aim_interfaces/include/auto_aim_interfaces/auto_aim_interfaces/msg
[11.179s] -- Installing: /home/luis/azure_sky_ros2/install/auto_aim_interfaces/include/auto_aim_interfaces/auto_aim_interfaces/msg/time_info.hpp
[11.179s] -- Installing: /home/luis/azure_sky_ros2/install/auto_aim_interfaces/include/auto_aim_interfaces/auto_aim_interfaces/msg/armors.hpp
[11.179s] -- Up-to-date: /home/luis/azure_sky_ros2/install/auto_aim_interfaces/include/auto_aim_interfaces/auto_aim_interfaces/msg/detail
[11.179s] -- Installing: /home/luis/azure_sky_ros2/install/auto_aim_interfaces/include/auto_aim_interfaces/auto_aim_interfaces/msg/detail/armor__traits.hpp
[11.179s] -- Installing: /home/luis/azure_sky_ros2/install/auto_aim_interfaces/include/auto_aim_interfaces/auto_aim_interfaces/msg/detail/debug_armors__builder.hpp
[11.179s] -- Installing: /home/luis/azure_sky_ros2/install/auto_aim_interfaces/include/auto_aim_interfaces/auto_aim_interfaces/msg/detail/armors__struct.hpp
[11.180s] -- Installing: /home/luis/azure_sky_ros2/install/auto_aim_interfaces/include/auto_aim_interfaces/auto_aim_interfaces/msg/detail/time_info__traits.hpp
[11.180s] -- Installing: /home/luis/azure_sky_ros2/install/auto_aim_interfaces/include/auto_aim_interfaces/auto_aim_interfaces/msg/detail/debug_lights__traits.hpp
[11.180s] -- Installing: /home/luis/azure_sky_ros2/install/auto_aim_interfaces/include/auto_aim_interfaces/auto_aim_interfaces/msg/detail/tracker_info__builder.hpp
[11.180s] -- Installing: /home/luis/azure_sky_ros2/install/auto_aim_interfaces/include/auto_aim_interfaces/auto_aim_interfaces/msg/detail/debug_lights__builder.hpp
[11.180s] -- Installing: /home/luis/azure_sky_ros2/install/auto_aim_interfaces/include/auto_aim_interfaces/auto_aim_interfaces/msg/detail/robot_status__builder.hpp
[11.181s] -- Installing: /home/luis/azure_sky_ros2/install/auto_aim_interfaces/include/auto_aim_interfaces/auto_aim_interfaces/msg/detail/armor__builder.hpp
[11.181s] -- Installing: /home/luis/azure_sky_ros2/install/auto_aim_interfaces/include/auto_aim_interfaces/auto_aim_interfaces/msg/detail/tracker_info__traits.hpp
[11.181s] -- Installing: /home/luis/azure_sky_ros2/install/auto_aim_interfaces/include/auto_aim_interfaces/auto_aim_interfaces/msg/detail/debug_lights__struct.hpp
[11.181s] -- Installing: /home/luis/azure_sky_ros2/install/auto_aim_interfaces/include/auto_aim_interfaces/auto_aim_interfaces/msg/detail/target__builder.hpp
[11.181s] -- Installing: /home/luis/azure_sky_ros2/install/auto_aim_interfaces/include/auto_aim_interfaces/auto_aim_interfaces/msg/detail/tracker_info__type_support.hpp
[11.181s] -- Installing: /home/luis/azure_sky_ros2/install/auto_aim_interfaces/include/auto_aim_interfaces/auto_aim_interfaces/msg/detail/time_info__builder.hpp
[11.181s] -- Installing: /home/luis/azure_sky_ros2/install/auto_aim_interfaces/include/auto_aim_interfaces/auto_aim_interfaces/msg/detail/armors__builder.hpp
[11.182s] -- Installing: /home/luis/azure_sky_ros2/install/auto_aim_interfaces/include/auto_aim_interfaces/auto_aim_interfaces/msg/detail/armors__type_support.hpp
[11.182s] -- Installing: /home/luis/azure_sky_ros2/install/auto_aim_interfaces/include/auto_aim_interfaces/auto_aim_interfaces/msg/detail/time_info__type_support.hpp
[11.182s] -- Installing: /home/luis/azure_sky_ros2/install/auto_aim_interfaces/include/auto_aim_interfaces/auto_aim_interfaces/msg/detail/debug_light__traits.hpp
[11.182s] -- Installing: /home/luis/azure_sky_ros2/install/auto_aim_interfaces/include/auto_aim_interfaces/auto_aim_interfaces/msg/detail/debug_armor__type_support.hpp
[11.182s] -- Installing: /home/luis/azure_sky_ros2/install/auto_aim_interfaces/include/auto_aim_interfaces/auto_aim_interfaces/msg/detail/debug_armor__struct.hpp
[11.182s] -- Installing: /home/luis/azure_sky_ros2/install/auto_aim_interfaces/include/auto_aim_interfaces/auto_aim_interfaces/msg/detail/armors__traits.hpp
[11.183s] -- Installing: /home/luis/azure_sky_ros2/install/auto_aim_interfaces/include/auto_aim_interfaces/auto_aim_interfaces/msg/detail/debug_light__builder.hpp
[11.183s] -- Installing: /home/luis/azure_sky_ros2/install/auto_aim_interfaces/include/auto_aim_interfaces/auto_aim_interfaces/msg/detail/target__type_support.hpp
[11.183s] -- Installing: /home/luis/azure_sky_ros2/install/auto_aim_interfaces/include/auto_aim_interfaces/auto_aim_interfaces/msg/detail/armor__struct.hpp
[11.183s] -- Installing: /home/luis/azure_sky_ros2/install/auto_aim_interfaces/include/auto_aim_interfaces/auto_aim_interfaces/msg/detail/debug_light__struct.hpp
[11.183s] -- Installing: /home/luis/azure_sky_ros2/install/auto_aim_interfaces/include/auto_aim_interfaces/auto_aim_interfaces/msg/detail/target__traits.hpp
[11.183s] -- Installing: /home/luis/azure_sky_ros2/install/auto_aim_interfaces/include/auto_aim_interfaces/auto_aim_interfaces/msg/detail/debug_armor__builder.hpp
[11.184s] -- Installing: /home/luis/azure_sky_ros2/install/auto_aim_interfaces/include/auto_aim_interfaces/auto_aim_interfaces/msg/detail/debug_armor__traits.hpp
[11.184s] -- Installing: /home/luis/azure_sky_ros2/install/auto_aim_interfaces/include/auto_aim_interfaces/auto_aim_interfaces/msg/detail/tracker_info__struct.hpp
[11.184s] -- Installing: /home/luis/azure_sky_ros2/install/auto_aim_interfaces/include/auto_aim_interfaces/auto_aim_interfaces/msg/detail/armor__type_support.hpp
[11.184s] -- Installing: /home/luis/azure_sky_ros2/install/auto_aim_interfaces/include/auto_aim_interfaces/auto_aim_interfaces/msg/detail/debug_armors__type_support.hpp
[11.184s] -- Installing: /home/luis/azure_sky_ros2/install/auto_aim_interfaces/include/auto_aim_interfaces/auto_aim_interfaces/msg/detail/debug_armors__struct.hpp
[11.184s] -- Installing: /home/luis/azure_sky_ros2/install/auto_aim_interfaces/include/auto_aim_interfaces/auto_aim_interfaces/msg/detail/debug_armors__traits.hpp
[11.185s] -- Installing: /home/luis/azure_sky_ros2/install/auto_aim_interfaces/include/auto_aim_interfaces/auto_aim_interfaces/msg/detail/robot_status__traits.hpp
[11.185s] -- Installing: /home/luis/azure_sky_ros2/install/auto_aim_interfaces/include/auto_aim_interfaces/auto_aim_interfaces/msg/detail/time_info__struct.hpp
[11.185s] -- Installing: /home/luis/azure_sky_ros2/install/auto_aim_interfaces/include/auto_aim_interfaces/auto_aim_interfaces/msg/detail/robot_status__type_support.hpp
[11.185s] -- Installing: /home/luis/azure_sky_ros2/install/auto_aim_interfaces/include/auto_aim_interfaces/auto_aim_interfaces/msg/detail/target__struct.hpp
[11.185s] -- Installing: /home/luis/azure_sky_ros2/install/auto_aim_interfaces/include/auto_aim_interfaces/auto_aim_interfaces/msg/detail/robot_status__struct.hpp
[11.185s] -- Installing: /home/luis/azure_sky_ros2/install/auto_aim_interfaces/include/auto_aim_interfaces/auto_aim_interfaces/msg/detail/debug_light__type_support.hpp
[11.186s] -- Installing: /home/luis/azure_sky_ros2/install/auto_aim_interfaces/include/auto_aim_interfaces/auto_aim_interfaces/msg/detail/debug_lights__type_support.hpp
[11.186s] -- Installing: /home/luis/azure_sky_ros2/install/auto_aim_interfaces/include/auto_aim_interfaces/auto_aim_interfaces/msg/debug_light.hpp
[11.186s] -- Installing: /home/luis/azure_sky_ros2/install/auto_aim_interfaces/include/auto_aim_interfaces/auto_aim_interfaces/msg/debug_armors.hpp
[11.186s] -- Installing: /home/luis/azure_sky_ros2/install/auto_aim_interfaces/include/auto_aim_interfaces/auto_aim_interfaces/msg/robot_status.hpp
[11.186s] -- Installing: /home/luis/azure_sky_ros2/install/auto_aim_interfaces/include/auto_aim_interfaces/auto_aim_interfaces/msg/debug_armor.hpp
[11.186s] -- Installing: /home/luis/azure_sky_ros2/install/auto_aim_interfaces/include/auto_aim_interfaces/auto_aim_interfaces/msg/armor.hpp
[11.187s] -- Installing: /home/luis/azure_sky_ros2/install/auto_aim_interfaces/include/auto_aim_interfaces/auto_aim_interfaces/msg/debug_lights.hpp
[11.187s] -- Installing: /home/luis/azure_sky_ros2/install/auto_aim_interfaces/include/auto_aim_interfaces/auto_aim_interfaces/msg/tracker_info.hpp
[11.187s] -- Up-to-date: /home/luis/azure_sky_ros2/install/auto_aim_interfaces/include/auto_aim_interfaces/auto_aim_interfaces/msg/rosidl_generator_cpp__visibility_control.hpp
[11.187s] -- Installing: /home/luis/azure_sky_ros2/install/auto_aim_interfaces/include/auto_aim_interfaces/auto_aim_interfaces/msg/target.hpp
[11.187s] -- Up-to-date: /home/luis/azure_sky_ros2/install/auto_aim_interfaces/include/auto_aim_interfaces/auto_aim_interfaces
[11.187s] -- Up-to-date: /home/luis/azure_sky_ros2/install/auto_aim_interfaces/include/auto_aim_interfaces/auto_aim_interfaces/msg
[11.187s] -- Up-to-date: /home/luis/azure_sky_ros2/install/auto_aim_interfaces/include/auto_aim_interfaces/auto_aim_interfaces/msg/detail
[11.188s] -- Installing: /home/luis/azure_sky_ros2/install/auto_aim_interfaces/include/auto_aim_interfaces/auto_aim_interfaces/msg/detail/armor__rosidl_typesupport_fastrtps_cpp.hpp
[11.188s] -- Installing: /home/luis/azure_sky_ros2/install/auto_aim_interfaces/include/auto_aim_interfaces/auto_aim_interfaces/msg/detail/target__rosidl_typesupport_fastrtps_cpp.hpp
[11.188s] -- Installing: /home/luis/azure_sky_ros2/install/auto_aim_interfaces/include/auto_aim_interfaces/auto_aim_interfaces/msg/detail/tracker_info__rosidl_typesupport_fastrtps_cpp.hpp
[11.188s] -- Installing: /home/luis/azure_sky_ros2/install/auto_aim_interfaces/include/auto_aim_interfaces/auto_aim_interfaces/msg/detail/debug_armors__rosidl_typesupport_fastrtps_cpp.hpp
[11.188s] -- Installing: /home/luis/azure_sky_ros2/install/auto_aim_interfaces/include/auto_aim_interfaces/auto_aim_interfaces/msg/detail/armors__rosidl_typesupport_fastrtps_cpp.hpp
[11.188s] -- Installing: /home/luis/azure_sky_ros2/install/auto_aim_interfaces/include/auto_aim_interfaces/auto_aim_interfaces/msg/detail/debug_lights__rosidl_typesupport_fastrtps_cpp.hpp
[11.189s] -- Installing: /home/luis/azure_sky_ros2/install/auto_aim_interfaces/include/auto_aim_interfaces/auto_aim_interfaces/msg/detail/debug_armor__rosidl_typesupport_fastrtps_cpp.hpp
[11.189s] -- Installing: /home/luis/azure_sky_ros2/install/auto_aim_interfaces/include/auto_aim_interfaces/auto_aim_interfaces/msg/detail/robot_status__rosidl_typesupport_fastrtps_cpp.hpp
[11.189s] -- Installing: /home/luis/azure_sky_ros2/install/auto_aim_interfaces/include/auto_aim_interfaces/auto_aim_interfaces/msg/detail/debug_light__rosidl_typesupport_fastrtps_cpp.hpp
[11.189s] -- Installing: /home/luis/azure_sky_ros2/install/auto_aim_interfaces/include/auto_aim_interfaces/auto_aim_interfaces/msg/detail/time_info__rosidl_typesupport_fastrtps_cpp.hpp
[11.189s] -- Up-to-date: /home/luis/azure_sky_ros2/install/auto_aim_interfaces/include/auto_aim_interfaces/auto_aim_interfaces/msg/detail/dds_fastrtps
[11.190s] -- Up-to-date: /home/luis/azure_sky_ros2/install/auto_aim_interfaces/include/auto_aim_interfaces/auto_aim_interfaces/msg/rosidl_typesupport_fastrtps_cpp__visibility_control.h
[11.190s] -- Installing: /home/luis/azure_sky_ros2/install/auto_aim_interfaces/lib/libauto_aim_interfaces__rosidl_typesupport_fastrtps_cpp.so
[11.190s] -- Set runtime path of "/home/luis/azure_sky_ros2/install/auto_aim_interfaces/lib/libauto_aim_interfaces__rosidl_typesupport_fastrtps_cpp.so" to ""
[11.190s] -- Up-to-date: /home/luis/azure_sky_ros2/install/auto_aim_interfaces/include/auto_aim_interfaces/auto_aim_interfaces
[11.190s] -- Up-to-date: /home/luis/azure_sky_ros2/install/auto_aim_interfaces/include/auto_aim_interfaces/auto_aim_interfaces/msg
[11.190s] -- Up-to-date: /home/luis/azure_sky_ros2/install/auto_aim_interfaces/include/auto_aim_interfaces/auto_aim_interfaces/msg/detail
[11.191s] -- Installing: /home/luis/azure_sky_ros2/install/auto_aim_interfaces/include/auto_aim_interfaces/auto_aim_interfaces/msg/detail/debug_light__rosidl_typesupport_introspection_cpp.hpp
[11.191s] -- Installing: /home/luis/azure_sky_ros2/install/auto_aim_interfaces/include/auto_aim_interfaces/auto_aim_interfaces/msg/detail/tracker_info__type_support.cpp
[11.191s] -- Installing: /home/luis/azure_sky_ros2/install/auto_aim_interfaces/include/auto_aim_interfaces/auto_aim_interfaces/msg/detail/armor__rosidl_typesupport_introspection_cpp.hpp
[11.191s] -- Installing: /home/luis/azure_sky_ros2/install/auto_aim_interfaces/include/auto_aim_interfaces/auto_aim_interfaces/msg/detail/debug_light__type_support.cpp
[11.191s] -- Installing: /home/luis/azure_sky_ros2/install/auto_aim_interfaces/include/auto_aim_interfaces/auto_aim_interfaces/msg/detail/debug_lights__rosidl_typesupport_introspection_cpp.hpp
[11.191s] -- Installing: /home/luis/azure_sky_ros2/install/auto_aim_interfaces/include/auto_aim_interfaces/auto_aim_interfaces/msg/detail/target__type_support.cpp
[11.192s] -- Installing: /home/luis/azure_sky_ros2/install/auto_aim_interfaces/include/auto_aim_interfaces/auto_aim_interfaces/msg/detail/time_info__type_support.cpp
[11.192s] -- Installing: /home/luis/azure_sky_ros2/install/auto_aim_interfaces/include/auto_aim_interfaces/auto_aim_interfaces/msg/detail/tracker_info__rosidl_typesupport_introspection_cpp.hpp
[11.192s] -- Installing: /home/luis/azure_sky_ros2/install/auto_aim_interfaces/include/auto_aim_interfaces/auto_aim_interfaces/msg/detail/armor__type_support.cpp
[11.192s] -- Installing: /home/luis/azure_sky_ros2/install/auto_aim_interfaces/include/auto_aim_interfaces/auto_aim_interfaces/msg/detail/debug_armor__rosidl_typesupport_introspection_cpp.hpp
[11.192s] -- Installing: /home/luis/azure_sky_ros2/install/auto_aim_interfaces/include/auto_aim_interfaces/auto_aim_interfaces/msg/detail/debug_armors__rosidl_typesupport_introspection_cpp.hpp
[11.193s] -- Installing: /home/luis/azure_sky_ros2/install/auto_aim_interfaces/include/auto_aim_interfaces/auto_aim_interfaces/msg/detail/debug_armor__type_support.cpp
[11.193s] -- Installing: /home/luis/azure_sky_ros2/install/auto_aim_interfaces/include/auto_aim_interfaces/auto_aim_interfaces/msg/detail/armors__type_support.cpp
[11.193s] -- Installing: /home/luis/azure_sky_ros2/install/auto_aim_interfaces/include/auto_aim_interfaces/auto_aim_interfaces/msg/detail/robot_status__rosidl_typesupport_introspection_cpp.hpp
[11.193s] -- Installing: /home/luis/azure_sky_ros2/install/auto_aim_interfaces/include/auto_aim_interfaces/auto_aim_interfaces/msg/detail/debug_armors__type_support.cpp
[11.193s] -- Installing: /home/luis/azure_sky_ros2/install/auto_aim_interfaces/include/auto_aim_interfaces/auto_aim_interfaces/msg/detail/robot_status__type_support.cpp
[11.193s] -- Installing: /home/luis/azure_sky_ros2/install/auto_aim_interfaces/include/auto_aim_interfaces/auto_aim_interfaces/msg/detail/time_info__rosidl_typesupport_introspection_cpp.hpp
[11.194s] -- Installing: /home/luis/azure_sky_ros2/install/auto_aim_interfaces/include/auto_aim_interfaces/auto_aim_interfaces/msg/detail/armors__rosidl_typesupport_introspection_cpp.hpp
[11.194s] -- Installing: /home/luis/azure_sky_ros2/install/auto_aim_interfaces/include/auto_aim_interfaces/auto_aim_interfaces/msg/detail/target__rosidl_typesupport_introspection_cpp.hpp
[11.194s] -- Installing: /home/luis/azure_sky_ros2/install/auto_aim_interfaces/include/auto_aim_interfaces/auto_aim_interfaces/msg/detail/debug_lights__type_support.cpp
[11.194s] -- Installing: /home/luis/azure_sky_ros2/install/auto_aim_interfaces/lib/libauto_aim_interfaces__rosidl_typesupport_introspection_cpp.so
[11.194s] -- Set runtime path of "/home/luis/azure_sky_ros2/install/auto_aim_interfaces/lib/libauto_aim_interfaces__rosidl_typesupport_introspection_cpp.so" to ""
[11.195s] -- Installing: /home/luis/azure_sky_ros2/install/auto_aim_interfaces/lib/libauto_aim_interfaces__rosidl_typesupport_cpp.so
[11.195s] -- Set runtime path of "/home/luis/azure_sky_ros2/install/auto_aim_interfaces/lib/libauto_aim_interfaces__rosidl_typesupport_cpp.so" to ""
[11.195s] -- Up-to-date: /home/luis/azure_sky_ros2/install/auto_aim_interfaces/share/auto_aim_interfaces/environment/pythonpath.sh
[11.195s] -- Installing: /home/luis/azure_sky_ros2/install/auto_aim_interfaces/share/auto_aim_interfaces/environment/pythonpath.dsv
[11.195s] -- Up-to-date: /home/luis/azure_sky_ros2/install/auto_aim_interfaces/local/lib/python3.10/dist-packages/auto_aim_interfaces-2.0.0-py3.10.egg-info
[11.195s] -- Installing: /home/luis/azure_sky_ros2/install/auto_aim_interfaces/local/lib/python3.10/dist-packages/auto_aim_interfaces-2.0.0-py3.10.egg-info/SOURCES.txt
[11.195s] -- Installing: /home/luis/azure_sky_ros2/install/auto_aim_interfaces/local/lib/python3.10/dist-packages/auto_aim_interfaces-2.0.0-py3.10.egg-info/PKG-INFO
[11.196s] -- Installing: /home/luis/azure_sky_ros2/install/auto_aim_interfaces/local/lib/python3.10/dist-packages/auto_aim_interfaces-2.0.0-py3.10.egg-info/top_level.txt
[11.196s] -- Installing: /home/luis/azure_sky_ros2/install/auto_aim_interfaces/local/lib/python3.10/dist-packages/auto_aim_interfaces-2.0.0-py3.10.egg-info/dependency_links.txt
[11.196s] -- Up-to-date: /home/luis/azure_sky_ros2/install/auto_aim_interfaces/local/lib/python3.10/dist-packages/auto_aim_interfaces
[11.196s] -- Installing: /home/luis/azure_sky_ros2/install/auto_aim_interfaces/local/lib/python3.10/dist-packages/auto_aim_interfaces/_auto_aim_interfaces_s.ep.rosidl_typesupport_fastrtps_c.c
[11.196s] -- Installing: /home/luis/azure_sky_ros2/install/auto_aim_interfaces/local/lib/python3.10/dist-packages/auto_aim_interfaces/auto_aim_interfaces_s__rosidl_typesupport_fastrtps_c.cpython-310-x86_64-linux-gnu.so
[11.197s] -- Installing: /home/luis/azure_sky_ros2/install/auto_aim_interfaces/local/lib/python3.10/dist-packages/auto_aim_interfaces/auto_aim_interfaces_s__rosidl_typesupport_introspection_c.cpython-310-x86_64-linux-gnu.so
[11.197s] -- Installing: /home/luis/azure_sky_ros2/install/auto_aim_interfaces/local/lib/python3.10/dist-packages/auto_aim_interfaces/_auto_aim_interfaces_s.ep.rosidl_typesupport_introspection_c.c
[11.197s] -- Installing: /home/luis/azure_sky_ros2/install/auto_aim_interfaces/local/lib/python3.10/dist-packages/auto_aim_interfaces/_auto_aim_interfaces_s.ep.rosidl_typesupport_c.c
[11.197s] -- Installing: /home/luis/azure_sky_ros2/install/auto_aim_interfaces/local/lib/python3.10/dist-packages/auto_aim_interfaces/libauto_aim_interfaces__rosidl_generator_py.so
[11.197s] -- Installing: /home/luis/azure_sky_ros2/install/auto_aim_interfaces/local/lib/python3.10/dist-packages/auto_aim_interfaces/auto_aim_interfaces_s__rosidl_typesupport_c.cpython-310-x86_64-linux-gnu.so
[11.197s] -- Installing: /home/luis/azure_sky_ros2/install/auto_aim_interfaces/local/lib/python3.10/dist-packages/auto_aim_interfaces/__init__.py
[11.198s] -- Up-to-date: /home/luis/azure_sky_ros2/install/auto_aim_interfaces/local/lib/python3.10/dist-packages/auto_aim_interfaces/msg
[11.198s] -- Installing: /home/luis/azure_sky_ros2/install/auto_aim_interfaces/local/lib/python3.10/dist-packages/auto_aim_interfaces/msg/_debug_lights.py
[11.198s] -- Installing: /home/luis/azure_sky_ros2/install/auto_aim_interfaces/local/lib/python3.10/dist-packages/auto_aim_interfaces/msg/_debug_armor.py
[11.198s] -- Installing: /home/luis/azure_sky_ros2/install/auto_aim_interfaces/local/lib/python3.10/dist-packages/auto_aim_interfaces/msg/_armor.py
[11.198s] -- Installing: /home/luis/azure_sky_ros2/install/auto_aim_interfaces/local/lib/python3.10/dist-packages/auto_aim_interfaces/msg/_debug_armors_s.c
[11.198s] -- Installing: /home/luis/azure_sky_ros2/install/auto_aim_interfaces/local/lib/python3.10/dist-packages/auto_aim_interfaces/msg/_debug_armors.py
[11.199s] -- Installing: /home/luis/azure_sky_ros2/install/auto_aim_interfaces/local/lib/python3.10/dist-packages/auto_aim_interfaces/msg/_target_s.c
[11.199s] -- Installing: /home/luis/azure_sky_ros2/install/auto_aim_interfaces/local/lib/python3.10/dist-packages/auto_aim_interfaces/msg/_tracker_info.py
[11.199s] -- Installing: /home/luis/azure_sky_ros2/install/auto_aim_interfaces/local/lib/python3.10/dist-packages/auto_aim_interfaces/msg/_robot_status_s.c
[11.199s] -- Installing: /home/luis/azure_sky_ros2/install/auto_aim_interfaces/local/lib/python3.10/dist-packages/auto_aim_interfaces/msg/_armors.py
[11.199s] -- Installing: /home/luis/azure_sky_ros2/install/auto_aim_interfaces/local/lib/python3.10/dist-packages/auto_aim_interfaces/msg/_debug_light_s.c
[11.199s] -- Installing: /home/luis/azure_sky_ros2/install/auto_aim_interfaces/local/lib/python3.10/dist-packages/auto_aim_interfaces/msg/_debug_armor_s.c
[11.200s] -- Installing: /home/luis/azure_sky_ros2/install/auto_aim_interfaces/local/lib/python3.10/dist-packages/auto_aim_interfaces/msg/_tracker_info_s.c
[11.200s] -- Installing: /home/luis/azure_sky_ros2/install/auto_aim_interfaces/local/lib/python3.10/dist-packages/auto_aim_interfaces/msg/_armors_s.c
[11.200s] -- Installing: /home/luis/azure_sky_ros2/install/auto_aim_interfaces/local/lib/python3.10/dist-packages/auto_aim_interfaces/msg/_debug_lights_s.c
[11.200s] -- Installing: /home/luis/azure_sky_ros2/install/auto_aim_interfaces/local/lib/python3.10/dist-packages/auto_aim_interfaces/msg/_debug_light.py
[11.200s] -- Installing: /home/luis/azure_sky_ros2/install/auto_aim_interfaces/local/lib/python3.10/dist-packages/auto_aim_interfaces/msg/_target.py
[11.200s] -- Installing: /home/luis/azure_sky_ros2/install/auto_aim_interfaces/local/lib/python3.10/dist-packages/auto_aim_interfaces/msg/_robot_status.py
[11.200s] -- Installing: /home/luis/azure_sky_ros2/install/auto_aim_interfaces/local/lib/python3.10/dist-packages/auto_aim_interfaces/msg/_armor_s.c
[11.201s] -- Installing: /home/luis/azure_sky_ros2/install/auto_aim_interfaces/local/lib/python3.10/dist-packages/auto_aim_interfaces/msg/__init__.py
[11.201s] -- Installing: /home/luis/azure_sky_ros2/install/auto_aim_interfaces/local/lib/python3.10/dist-packages/auto_aim_interfaces/msg/_time_info_s.c
[11.201s] -- Installing: /home/luis/azure_sky_ros2/install/auto_aim_interfaces/local/lib/python3.10/dist-packages/auto_aim_interfaces/msg/_time_info.py
[11.251s] Listing '/home/luis/azure_sky_ros2/install/auto_aim_interfaces/local/lib/python3.10/dist-packages/auto_aim_interfaces'...
[11.251s] Compiling '/home/luis/azure_sky_ros2/install/auto_aim_interfaces/local/lib/python3.10/dist-packages/auto_aim_interfaces/__init__.py'...
[11.252s] Listing '/home/luis/azure_sky_ros2/install/auto_aim_interfaces/local/lib/python3.10/dist-packages/auto_aim_interfaces/msg'...
[11.252s] Compiling '/home/luis/azure_sky_ros2/install/auto_aim_interfaces/local/lib/python3.10/dist-packages/auto_aim_interfaces/msg/__init__.py'...
[11.252s] Compiling '/home/luis/azure_sky_ros2/install/auto_aim_interfaces/local/lib/python3.10/dist-packages/auto_aim_interfaces/msg/_armor.py'...
[11.252s] Compiling '/home/luis/azure_sky_ros2/install/auto_aim_interfaces/local/lib/python3.10/dist-packages/auto_aim_interfaces/msg/_armors.py'...
[11.252s] Compiling '/home/luis/azure_sky_ros2/install/auto_aim_interfaces/local/lib/python3.10/dist-packages/auto_aim_interfaces/msg/_debug_armor.py'...
[11.252s] Compiling '/home/luis/azure_sky_ros2/install/auto_aim_interfaces/local/lib/python3.10/dist-packages/auto_aim_interfaces/msg/_debug_armors.py'...
[11.252s] Compiling '/home/luis/azure_sky_ros2/install/auto_aim_interfaces/local/lib/python3.10/dist-packages/auto_aim_interfaces/msg/_debug_light.py'...
[11.252s] Compiling '/home/luis/azure_sky_ros2/install/auto_aim_interfaces/local/lib/python3.10/dist-packages/auto_aim_interfaces/msg/_debug_lights.py'...
[11.252s] Compiling '/home/luis/azure_sky_ros2/install/auto_aim_interfaces/local/lib/python3.10/dist-packages/auto_aim_interfaces/msg/_robot_status.py'...
[11.253s] Compiling '/home/luis/azure_sky_ros2/install/auto_aim_interfaces/local/lib/python3.10/dist-packages/auto_aim_interfaces/msg/_target.py'...
[11.253s] Compiling '/home/luis/azure_sky_ros2/install/auto_aim_interfaces/local/lib/python3.10/dist-packages/auto_aim_interfaces/msg/_time_info.py'...
[11.253s] Compiling '/home/luis/azure_sky_ros2/install/auto_aim_interfaces/local/lib/python3.10/dist-packages/auto_aim_interfaces/msg/_tracker_info.py'...
[11.256s] -- Installing: /home/luis/azure_sky_ros2/install/auto_aim_interfaces/local/lib/python3.10/dist-packages/auto_aim_interfaces/auto_aim_interfaces_s__rosidl_typesupport_fastrtps_c.cpython-310-x86_64-linux-gnu.so
[11.257s] -- Set runtime path of "/home/luis/azure_sky_ros2/install/auto_aim_interfaces/local/lib/python3.10/dist-packages/auto_aim_interfaces/auto_aim_interfaces_s__rosidl_typesupport_fastrtps_c.cpython-310-x86_64-linux-gnu.so" to ""
[11.257s] -- Installing: /home/luis/azure_sky_ros2/install/auto_aim_interfaces/local/lib/python3.10/dist-packages/auto_aim_interfaces/auto_aim_interfaces_s__rosidl_typesupport_introspection_c.cpython-310-x86_64-linux-gnu.so
[11.258s] -- Set runtime path of "/home/luis/azure_sky_ros2/install/auto_aim_interfaces/local/lib/python3.10/dist-packages/auto_aim_interfaces/auto_aim_interfaces_s__rosidl_typesupport_introspection_c.cpython-310-x86_64-linux-gnu.so" to ""
[11.258s] -- Installing: /home/luis/azure_sky_ros2/install/auto_aim_interfaces/local/lib/python3.10/dist-packages/auto_aim_interfaces/auto_aim_interfaces_s__rosidl_typesupport_c.cpython-310-x86_64-linux-gnu.so
[11.259s] -- Set runtime path of "/home/luis/azure_sky_ros2/install/auto_aim_interfaces/local/lib/python3.10/dist-packages/auto_aim_interfaces/auto_aim_interfaces_s__rosidl_typesupport_c.cpython-310-x86_64-linux-gnu.so" to ""
[11.259s] -- Installing: /home/luis/azure_sky_ros2/install/auto_aim_interfaces/lib/libauto_aim_interfaces__rosidl_generator_py.so
[11.259s] -- Set runtime path of "/home/luis/azure_sky_ros2/install/auto_aim_interfaces/lib/libauto_aim_interfaces__rosidl_generator_py.so" to ""
[11.260s] -- Up-to-date: /home/luis/azure_sky_ros2/install/auto_aim_interfaces/share/auto_aim_interfaces/msg/Armor.idl
[11.260s] -- Up-to-date: /home/luis/azure_sky_ros2/install/auto_aim_interfaces/share/auto_aim_interfaces/msg/Armors.idl
[11.260s] -- Installing: /home/luis/azure_sky_ros2/install/auto_aim_interfaces/share/auto_aim_interfaces/msg/Target.idl
[11.260s] -- Up-to-date: /home/luis/azure_sky_ros2/install/auto_aim_interfaces/share/auto_aim_interfaces/msg/DebugLight.idl
[11.260s] -- Up-to-date: /home/luis/azure_sky_ros2/install/auto_aim_interfaces/share/auto_aim_interfaces/msg/DebugLights.idl
[11.260s] -- Up-to-date: /home/luis/azure_sky_ros2/install/auto_aim_interfaces/share/auto_aim_interfaces/msg/DebugArmor.idl
[11.260s] -- Up-to-date: /home/luis/azure_sky_ros2/install/auto_aim_interfaces/share/auto_aim_interfaces/msg/DebugArmors.idl
[11.261s] -- Up-to-date: /home/luis/azure_sky_ros2/install/auto_aim_interfaces/share/auto_aim_interfaces/msg/TrackerInfo.idl
[11.261s] -- Up-to-date: /home/luis/azure_sky_ros2/install/auto_aim_interfaces/share/auto_aim_interfaces/msg/RobotStatus.idl
[11.261s] -- Up-to-date: /home/luis/azure_sky_ros2/install/auto_aim_interfaces/share/auto_aim_interfaces/msg/TimeInfo.idl
[11.261s] -- Up-to-date: /home/luis/azure_sky_ros2/install/auto_aim_interfaces/share/auto_aim_interfaces/msg/Armor.msg
[11.261s] -- Up-to-date: /home/luis/azure_sky_ros2/install/auto_aim_interfaces/share/auto_aim_interfaces/msg/Armors.msg
[11.261s] -- Installing: /home/luis/azure_sky_ros2/install/auto_aim_interfaces/share/auto_aim_interfaces/msg/Target.msg
[11.262s] -- Up-to-date: /home/luis/azure_sky_ros2/install/auto_aim_interfaces/share/auto_aim_interfaces/msg/DebugLight.msg
[11.262s] -- Up-to-date: /home/luis/azure_sky_ros2/install/auto_aim_interfaces/share/auto_aim_interfaces/msg/DebugLights.msg
[11.262s] -- Up-to-date: /home/luis/azure_sky_ros2/install/auto_aim_interfaces/share/auto_aim_interfaces/msg/DebugArmor.msg
[11.262s] -- Up-to-date: /home/luis/azure_sky_ros2/install/auto_aim_interfaces/share/auto_aim_interfaces/msg/DebugArmors.msg
[11.262s] -- Up-to-date: /home/luis/azure_sky_ros2/install/auto_aim_interfaces/share/auto_aim_interfaces/msg/TrackerInfo.msg
[11.262s] -- Up-to-date: /home/luis/azure_sky_ros2/install/auto_aim_interfaces/share/auto_aim_interfaces/msg/RobotStatus.msg
[11.262s] -- Up-to-date: /home/luis/azure_sky_ros2/install/auto_aim_interfaces/share/auto_aim_interfaces/msg/TimeInfo.msg
[11.263s] -- Up-to-date: /home/luis/azure_sky_ros2/install/auto_aim_interfaces/share/ament_index/resource_index/package_run_dependencies/auto_aim_interfaces
[11.263s] -- Up-to-date: /home/luis/azure_sky_ros2/install/auto_aim_interfaces/share/ament_index/resource_index/parent_prefix_path/auto_aim_interfaces
[11.263s] -- Up-to-date: /home/luis/azure_sky_ros2/install/auto_aim_interfaces/share/auto_aim_interfaces/environment/ament_prefix_path.sh
[11.263s] -- Installing: /home/luis/azure_sky_ros2/install/auto_aim_interfaces/share/auto_aim_interfaces/environment/ament_prefix_path.dsv
[11.263s] -- Up-to-date: /home/luis/azure_sky_ros2/install/auto_aim_interfaces/share/auto_aim_interfaces/environment/path.sh
[11.263s] -- Installing: /home/luis/azure_sky_ros2/install/auto_aim_interfaces/share/auto_aim_interfaces/environment/path.dsv
[11.263s] -- Up-to-date: /home/luis/azure_sky_ros2/install/auto_aim_interfaces/share/auto_aim_interfaces/local_setup.bash
[11.263s] -- Up-to-date: /home/luis/azure_sky_ros2/install/auto_aim_interfaces/share/auto_aim_interfaces/local_setup.sh
[11.264s] -- Up-to-date: /home/luis/azure_sky_ros2/install/auto_aim_interfaces/share/auto_aim_interfaces/local_setup.zsh
[11.264s] -- Installing: /home/luis/azure_sky_ros2/install/auto_aim_interfaces/share/auto_aim_interfaces/local_setup.dsv
[11.264s] -- Installing: /home/luis/azure_sky_ros2/install/auto_aim_interfaces/share/auto_aim_interfaces/package.dsv
[11.264s] -- Up-to-date: /home/luis/azure_sky_ros2/install/auto_aim_interfaces/share/ament_index/resource_index/packages/auto_aim_interfaces
[11.264s] -- Up-to-date: /home/luis/azure_sky_ros2/install/auto_aim_interfaces/share/auto_aim_interfaces/cmake/export_auto_aim_interfaces__rosidl_generator_cExport.cmake
[11.264s] -- Up-to-date: /home/luis/azure_sky_ros2/install/auto_aim_interfaces/share/auto_aim_interfaces/cmake/export_auto_aim_interfaces__rosidl_generator_cExport-noconfig.cmake
[11.264s] -- Up-to-date: /home/luis/azure_sky_ros2/install/auto_aim_interfaces/share/auto_aim_interfaces/cmake/export_auto_aim_interfaces__rosidl_typesupport_fastrtps_cExport.cmake
[11.265s] -- Up-to-date: /home/luis/azure_sky_ros2/install/auto_aim_interfaces/share/auto_aim_interfaces/cmake/export_auto_aim_interfaces__rosidl_typesupport_fastrtps_cExport-noconfig.cmake
[11.265s] -- Up-to-date: /home/luis/azure_sky_ros2/install/auto_aim_interfaces/share/auto_aim_interfaces/cmake/auto_aim_interfaces__rosidl_typesupport_introspection_cExport.cmake
[11.265s] -- Up-to-date: /home/luis/azure_sky_ros2/install/auto_aim_interfaces/share/auto_aim_interfaces/cmake/auto_aim_interfaces__rosidl_typesupport_introspection_cExport-noconfig.cmake
[11.265s] -- Up-to-date: /home/luis/azure_sky_ros2/install/auto_aim_interfaces/share/auto_aim_interfaces/cmake/auto_aim_interfaces__rosidl_typesupport_cExport.cmake
[11.265s] -- Up-to-date: /home/luis/azure_sky_ros2/install/auto_aim_interfaces/share/auto_aim_interfaces/cmake/auto_aim_interfaces__rosidl_typesupport_cExport-noconfig.cmake
[11.265s] -- Up-to-date: /home/luis/azure_sky_ros2/install/auto_aim_interfaces/share/auto_aim_interfaces/cmake/export_auto_aim_interfaces__rosidl_generator_cppExport.cmake
[11.265s] -- Up-to-date: /home/luis/azure_sky_ros2/install/auto_aim_interfaces/share/auto_aim_interfaces/cmake/export_auto_aim_interfaces__rosidl_typesupport_fastrtps_cppExport.cmake
[11.265s] -- Up-to-date: /home/luis/azure_sky_ros2/install/auto_aim_interfaces/share/auto_aim_interfaces/cmake/export_auto_aim_interfaces__rosidl_typesupport_fastrtps_cppExport-noconfig.cmake
[11.265s] -- Up-to-date: /home/luis/azure_sky_ros2/install/auto_aim_interfaces/share/auto_aim_interfaces/cmake/auto_aim_interfaces__rosidl_typesupport_introspection_cppExport.cmake
[11.266s] -- Up-to-date: /home/luis/azure_sky_ros2/install/auto_aim_interfaces/share/auto_aim_interfaces/cmake/auto_aim_interfaces__rosidl_typesupport_introspection_cppExport-noconfig.cmake
[11.266s] -- Up-to-date: /home/luis/azure_sky_ros2/install/auto_aim_interfaces/share/auto_aim_interfaces/cmake/auto_aim_interfaces__rosidl_typesupport_cppExport.cmake
[11.266s] -- Up-to-date: /home/luis/azure_sky_ros2/install/auto_aim_interfaces/share/auto_aim_interfaces/cmake/auto_aim_interfaces__rosidl_typesupport_cppExport-noconfig.cmake
[11.266s] -- Up-to-date: /home/luis/azure_sky_ros2/install/auto_aim_interfaces/share/auto_aim_interfaces/cmake/export_auto_aim_interfaces__rosidl_generator_pyExport.cmake
[11.266s] -- Up-to-date: /home/luis/azure_sky_ros2/install/auto_aim_interfaces/share/auto_aim_interfaces/cmake/export_auto_aim_interfaces__rosidl_generator_pyExport-noconfig.cmake
[11.266s] -- Up-to-date: /home/luis/azure_sky_ros2/install/auto_aim_interfaces/share/auto_aim_interfaces/cmake/rosidl_cmake-extras.cmake
[11.266s] -- Up-to-date: /home/luis/azure_sky_ros2/install/auto_aim_interfaces/share/auto_aim_interfaces/cmake/ament_cmake_export_dependencies-extras.cmake
[11.266s] -- Up-to-date: /home/luis/azure_sky_ros2/install/auto_aim_interfaces/share/auto_aim_interfaces/cmake/ament_cmake_export_include_directories-extras.cmake
[11.266s] -- Up-to-date: /home/luis/azure_sky_ros2/install/auto_aim_interfaces/share/auto_aim_interfaces/cmake/ament_cmake_export_libraries-extras.cmake
[11.267s] -- Up-to-date: /home/luis/azure_sky_ros2/install/auto_aim_interfaces/share/auto_aim_interfaces/cmake/ament_cmake_export_targets-extras.cmake
[11.267s] -- Up-to-date: /home/luis/azure_sky_ros2/install/auto_aim_interfaces/share/auto_aim_interfaces/cmake/rosidl_cmake_export_typesupport_targets-extras.cmake
[11.267s] -- Up-to-date: /home/luis/azure_sky_ros2/install/auto_aim_interfaces/share/auto_aim_interfaces/cmake/rosidl_cmake_export_typesupport_libraries-extras.cmake
[11.268s] -- Up-to-date: /home/luis/azure_sky_ros2/install/auto_aim_interfaces/share/auto_aim_interfaces/cmake/auto_aim_interfacesConfig.cmake
[11.268s] -- Up-to-date: /home/luis/azure_sky_ros2/install/auto_aim_interfaces/share/auto_aim_interfaces/cmake/auto_aim_interfacesConfig-version.cmake
[11.268s] -- Up-to-date: /home/luis/azure_sky_ros2/install/auto_aim_interfaces/share/auto_aim_interfaces/package.xml
[11.268s] Invoked command in '/home/luis/azure_sky_ros2/build/auto_aim_interfaces' returned '0': CMAKE_PREFIX_PATH=${CMAKE_PREFIX_PATH}:/opt/ros/humble /usr/bin/cmake --install /home/luis/azure_sky_ros2/build/auto_aim_interfaces
