[0.067s] Invoking command in '/home/luis/azure_sky_ros2/build/armor_tracker': CMAKE_PREFIX_PATH=/home/luis/azure_sky_ros2/install/auto_aim_interfaces:/home/luis/azure_sky_ros2/install/tide_msgs:/home/luis/azure_sky_ros2/install/serial:/home/luis/azure_sky_ros2/install/ros2_socketcan_msgs:/home/luis/azure_sky_ros2/install/rm_gimbal_description:/home/luis/azure_sky_ros2/install/rm_auto_record:/home/luis/azure_sky_ros2/install/hik_camera:/home/luis/azure_sky_ros2/install/buff_interfaces:/opt/ros/humble LD_LIBRARY_PATH=/home/luis/azure_sky_ros2/install/auto_aim_interfaces/lib:/home/luis/azure_sky_ros2/install/tide_msgs/lib:/home/luis/azure_sky_ros2/install/serial/lib:/home/luis/azure_sky_ros2/install/ros2_socketcan_msgs/lib:/home/luis/azure_sky_ros2/install/rm_auto_record/lib:/home/luis/azure_sky_ros2/install/hik_camera/lib:/home/luis/azure_sky_ros2/install/buff_interfaces/lib:/opt/MVS/lib/64:/opt/MVS/lib/32:/usr/lib/x86_64-linux-gnu/gazebo-11/plugins:/opt/ros/humble/opt/rviz_ogre_vendor/lib:/opt/ros/humble/lib/x86_64-linux-gnu:/opt/ros/humble/lib:/opt/MVS/lib/64:/opt/MVS/lib/32:/opt/MVS/lib/64:/opt/MVS/lib/32 /usr/bin/cmake --build /home/luis/azure_sky_ros2/build/armor_tracker -- -j12 -l12
[0.221s] [35m[1mConsolidate compiler generated dependencies of target armor_tracker_node[0m
[0.221s] [35m[1mConsolidate compiler generated dependencies of target armor_tracker[0m
[0.276s] [ 33%] Built target armor_tracker_node
[0.311s] [100%] Built target armor_tracker
[0.354s] Invoked command in '/home/luis/azure_sky_ros2/build/armor_tracker' returned '0': CMAKE_PREFIX_PATH=/home/luis/azure_sky_ros2/install/auto_aim_interfaces:/home/luis/azure_sky_ros2/install/tide_msgs:/home/luis/azure_sky_ros2/install/serial:/home/luis/azure_sky_ros2/install/ros2_socketcan_msgs:/home/luis/azure_sky_ros2/install/rm_gimbal_description:/home/luis/azure_sky_ros2/install/rm_auto_record:/home/luis/azure_sky_ros2/install/hik_camera:/home/luis/azure_sky_ros2/install/buff_interfaces:/opt/ros/humble LD_LIBRARY_PATH=/home/luis/azure_sky_ros2/install/auto_aim_interfaces/lib:/home/luis/azure_sky_ros2/install/tide_msgs/lib:/home/luis/azure_sky_ros2/install/serial/lib:/home/luis/azure_sky_ros2/install/ros2_socketcan_msgs/lib:/home/luis/azure_sky_ros2/install/rm_auto_record/lib:/home/luis/azure_sky_ros2/install/hik_camera/lib:/home/luis/azure_sky_ros2/install/buff_interfaces/lib:/opt/MVS/lib/64:/opt/MVS/lib/32:/usr/lib/x86_64-linux-gnu/gazebo-11/plugins:/opt/ros/humble/opt/rviz_ogre_vendor/lib:/opt/ros/humble/lib/x86_64-linux-gnu:/opt/ros/humble/lib:/opt/MVS/lib/64:/opt/MVS/lib/32:/opt/MVS/lib/64:/opt/MVS/lib/32 /usr/bin/cmake --build /home/luis/azure_sky_ros2/build/armor_tracker -- -j12 -l12
[0.358s] Invoking command in '/home/luis/azure_sky_ros2/build/armor_tracker': CMAKE_PREFIX_PATH=/home/luis/azure_sky_ros2/install/auto_aim_interfaces:/home/luis/azure_sky_ros2/install/tide_msgs:/home/luis/azure_sky_ros2/install/serial:/home/luis/azure_sky_ros2/install/ros2_socketcan_msgs:/home/luis/azure_sky_ros2/install/rm_gimbal_description:/home/luis/azure_sky_ros2/install/rm_auto_record:/home/luis/azure_sky_ros2/install/hik_camera:/home/luis/azure_sky_ros2/install/buff_interfaces:/opt/ros/humble LD_LIBRARY_PATH=/home/luis/azure_sky_ros2/install/auto_aim_interfaces/lib:/home/luis/azure_sky_ros2/install/tide_msgs/lib:/home/luis/azure_sky_ros2/install/serial/lib:/home/luis/azure_sky_ros2/install/ros2_socketcan_msgs/lib:/home/luis/azure_sky_ros2/install/rm_auto_record/lib:/home/luis/azure_sky_ros2/install/hik_camera/lib:/home/luis/azure_sky_ros2/install/buff_interfaces/lib:/opt/MVS/lib/64:/opt/MVS/lib/32:/usr/lib/x86_64-linux-gnu/gazebo-11/plugins:/opt/ros/humble/opt/rviz_ogre_vendor/lib:/opt/ros/humble/lib/x86_64-linux-gnu:/opt/ros/humble/lib:/opt/MVS/lib/64:/opt/MVS/lib/32:/opt/MVS/lib/64:/opt/MVS/lib/32 /usr/bin/cmake --install /home/luis/azure_sky_ros2/build/armor_tracker
[0.376s] -- Install configuration: ""
[0.376s] -- Installing: /home/luis/azure_sky_ros2/install/armor_tracker/lib/armor_tracker/armor_tracker_node
[0.378s] -- Set runtime path of "/home/luis/azure_sky_ros2/install/armor_tracker/lib/armor_tracker/armor_tracker_node" to ""
[0.379s] -- Installing: /home/luis/azure_sky_ros2/install/armor_tracker/include
[0.379s] -- Installing: /home/luis/azure_sky_ros2/install/armor_tracker/include/armor_tracker
[0.379s] -- Installing: /home/luis/azure_sky_ros2/install/armor_tracker/include/armor_tracker/extended_kalman_filter.hpp
[0.379s] -- Installing: /home/luis/azure_sky_ros2/install/armor_tracker/include/armor_tracker/tracker_node.hpp
[0.380s] -- Installing: /home/luis/azure_sky_ros2/install/armor_tracker/include/armor_tracker/tracker.hpp
[0.380s] -- Installing: /home/luis/azure_sky_ros2/install/armor_tracker/lib/libarmor_tracker.so
[0.415s] -- Set runtime path of "/home/luis/azure_sky_ros2/install/armor_tracker/lib/libarmor_tracker.so" to ""
[0.416s] -- Installing: /home/luis/azure_sky_ros2/install/armor_tracker/share/armor_tracker/environment/library_path.sh
[0.416s] -- Installing: /home/luis/azure_sky_ros2/install/armor_tracker/share/armor_tracker/environment/library_path.dsv
[0.416s] -- Installing: /home/luis/azure_sky_ros2/install/armor_tracker/share/ament_index/resource_index/package_run_dependencies/armor_tracker
[0.416s] -- Installing: /home/luis/azure_sky_ros2/install/armor_tracker/share/ament_index/resource_index/parent_prefix_path/armor_tracker
[0.417s] -- Installing: /home/luis/azure_sky_ros2/install/armor_tracker/share/armor_tracker/environment/ament_prefix_path.sh
[0.417s] -- Installing: /home/luis/azure_sky_ros2/install/armor_tracker/share/armor_tracker/environment/ament_prefix_path.dsv
[0.417s] -- Installing: /home/luis/azure_sky_ros2/install/armor_tracker/share/armor_tracker/environment/path.sh
[0.418s] -- Installing: /home/luis/azure_sky_ros2/install/armor_tracker/share/armor_tracker/environment/path.dsv
[0.419s] -- Installing: /home/luis/azure_sky_ros2/install/armor_tracker/share/armor_tracker/local_setup.bash
[0.419s] -- Installing: /home/luis/azure_sky_ros2/install/armor_tracker/share/armor_tracker/local_setup.sh
[0.419s] -- Installing: /home/luis/azure_sky_ros2/install/armor_tracker/share/armor_tracker/local_setup.zsh
[0.420s] -- Installing: /home/luis/azure_sky_ros2/install/armor_tracker/share/armor_tracker/local_setup.dsv
[0.420s] -- Installing: /home/luis/azure_sky_ros2/install/armor_tracker/share/armor_tracker/package.dsv
[0.420s] -- Installing: /home/luis/azure_sky_ros2/install/armor_tracker/share/ament_index/resource_index/packages/armor_tracker
[0.421s] -- Installing: /home/luis/azure_sky_ros2/install/armor_tracker/share/ament_index/resource_index/rclcpp_components/armor_tracker
[0.422s] -- Installing: /home/luis/azure_sky_ros2/install/armor_tracker/share/armor_tracker/cmake/export_armor_trackerExport.cmake
[0.423s] -- Installing: /home/luis/azure_sky_ros2/install/armor_tracker/share/armor_tracker/cmake/export_armor_trackerExport-noconfig.cmake
[0.423s] -- Installing: /home/luis/azure_sky_ros2/install/armor_tracker/share/armor_tracker/cmake/ament_cmake_export_dependencies-extras.cmake
[0.424s] -- Installing: /home/luis/azure_sky_ros2/install/armor_tracker/share/armor_tracker/cmake/ament_cmake_export_targets-extras.cmake
[0.424s] -- Installing: /home/luis/azure_sky_ros2/install/armor_tracker/share/armor_tracker/cmake/ament_cmake_export_include_directories-extras.cmake
[0.424s] -- Installing: /home/luis/azure_sky_ros2/install/armor_tracker/share/armor_tracker/cmake/ament_cmake_export_libraries-extras.cmake
[0.425s] -- Installing: /home/luis/azure_sky_ros2/install/armor_tracker/share/armor_tracker/cmake/armor_trackerConfig.cmake
[0.425s] -- Installing: /home/luis/azure_sky_ros2/install/armor_tracker/share/armor_tracker/cmake/armor_trackerConfig-version.cmake
[0.425s] -- Installing: /home/luis/azure_sky_ros2/install/armor_tracker/share/armor_tracker/package.xml
[0.485s] Invoked command in '/home/luis/azure_sky_ros2/build/armor_tracker' returned '0': CMAKE_PREFIX_PATH=/home/luis/azure_sky_ros2/install/auto_aim_interfaces:/home/luis/azure_sky_ros2/install/tide_msgs:/home/luis/azure_sky_ros2/install/serial:/home/luis/azure_sky_ros2/install/ros2_socketcan_msgs:/home/luis/azure_sky_ros2/install/rm_gimbal_description:/home/luis/azure_sky_ros2/install/rm_auto_record:/home/luis/azure_sky_ros2/install/hik_camera:/home/luis/azure_sky_ros2/install/buff_interfaces:/opt/ros/humble LD_LIBRARY_PATH=/home/luis/azure_sky_ros2/install/auto_aim_interfaces/lib:/home/luis/azure_sky_ros2/install/tide_msgs/lib:/home/luis/azure_sky_ros2/install/serial/lib:/home/luis/azure_sky_ros2/install/ros2_socketcan_msgs/lib:/home/luis/azure_sky_ros2/install/rm_auto_record/lib:/home/luis/azure_sky_ros2/install/hik_camera/lib:/home/luis/azure_sky_ros2/install/buff_interfaces/lib:/opt/MVS/lib/64:/opt/MVS/lib/32:/usr/lib/x86_64-linux-gnu/gazebo-11/plugins:/opt/ros/humble/opt/rviz_ogre_vendor/lib:/opt/ros/humble/lib/x86_64-linux-gnu:/opt/ros/humble/lib:/opt/MVS/lib/64:/opt/MVS/lib/32:/opt/MVS/lib/64:/opt/MVS/lib/32 /usr/bin/cmake --install /home/luis/azure_sky_ros2/build/armor_tracker
