[0.062s] Invoking command in '/home/luis/azure_sky_ros2/build/buff_tracker': CMAKE_PREFIX_PATH=/home/luis/azure_sky_ros2/install/buff_interfaces:/home/luis/azure_sky_ros2/install/tide_msgs:/home/luis/azure_sky_ros2/install/serial:/home/luis/azure_sky_ros2/install/ros2_socketcan_msgs:/home/luis/azure_sky_ros2/install/rm_gimbal_description:/home/luis/azure_sky_ros2/install/rm_auto_record:/home/luis/azure_sky_ros2/install/hik_camera:/home/luis/azure_sky_ros2/install/auto_aim_interfaces:/opt/ros/humble LD_LIBRARY_PATH=/home/luis/azure_sky_ros2/install/buff_interfaces/lib:/home/luis/azure_sky_ros2/install/tide_msgs/lib:/home/luis/azure_sky_ros2/install/serial/lib:/home/luis/azure_sky_ros2/install/ros2_socketcan_msgs/lib:/home/luis/azure_sky_ros2/install/rm_auto_record/lib:/home/luis/azure_sky_ros2/install/hik_camera/lib:/home/luis/azure_sky_ros2/install/auto_aim_interfaces/lib:/opt/MVS/lib/64:/opt/MVS/lib/32:/usr/lib/x86_64-linux-gnu/gazebo-11/plugins:/opt/ros/humble/opt/rviz_ogre_vendor/lib:/opt/ros/humble/lib/x86_64-linux-gnu:/opt/ros/humble/lib:/opt/MVS/lib/64:/opt/MVS/lib/32:/opt/MVS/lib/64:/opt/MVS/lib/32 /usr/bin/cmake --build /home/luis/azure_sky_ros2/build/buff_tracker -- -j12 -l12
[0.201s] [35m[1mConsolidate compiler generated dependencies of target buff_tracker[0m
[0.213s] [35m[1mConsolidate compiler generated dependencies of target buff_tracker_node[0m
[0.268s] [ 28%] Built target buff_tracker_node
[0.296s] [100%] Built target buff_tracker
[0.335s] Invoked command in '/home/luis/azure_sky_ros2/build/buff_tracker' returned '0': CMAKE_PREFIX_PATH=/home/luis/azure_sky_ros2/install/buff_interfaces:/home/luis/azure_sky_ros2/install/tide_msgs:/home/luis/azure_sky_ros2/install/serial:/home/luis/azure_sky_ros2/install/ros2_socketcan_msgs:/home/luis/azure_sky_ros2/install/rm_gimbal_description:/home/luis/azure_sky_ros2/install/rm_auto_record:/home/luis/azure_sky_ros2/install/hik_camera:/home/luis/azure_sky_ros2/install/auto_aim_interfaces:/opt/ros/humble LD_LIBRARY_PATH=/home/luis/azure_sky_ros2/install/buff_interfaces/lib:/home/luis/azure_sky_ros2/install/tide_msgs/lib:/home/luis/azure_sky_ros2/install/serial/lib:/home/luis/azure_sky_ros2/install/ros2_socketcan_msgs/lib:/home/luis/azure_sky_ros2/install/rm_auto_record/lib:/home/luis/azure_sky_ros2/install/hik_camera/lib:/home/luis/azure_sky_ros2/install/auto_aim_interfaces/lib:/opt/MVS/lib/64:/opt/MVS/lib/32:/usr/lib/x86_64-linux-gnu/gazebo-11/plugins:/opt/ros/humble/opt/rviz_ogre_vendor/lib:/opt/ros/humble/lib/x86_64-linux-gnu:/opt/ros/humble/lib:/opt/MVS/lib/64:/opt/MVS/lib/32:/opt/MVS/lib/64:/opt/MVS/lib/32 /usr/bin/cmake --build /home/luis/azure_sky_ros2/build/buff_tracker -- -j12 -l12
[0.340s] Invoking command in '/home/luis/azure_sky_ros2/build/buff_tracker': CMAKE_PREFIX_PATH=/home/luis/azure_sky_ros2/install/buff_interfaces:/home/luis/azure_sky_ros2/install/tide_msgs:/home/luis/azure_sky_ros2/install/serial:/home/luis/azure_sky_ros2/install/ros2_socketcan_msgs:/home/luis/azure_sky_ros2/install/rm_gimbal_description:/home/luis/azure_sky_ros2/install/rm_auto_record:/home/luis/azure_sky_ros2/install/hik_camera:/home/luis/azure_sky_ros2/install/auto_aim_interfaces:/opt/ros/humble LD_LIBRARY_PATH=/home/luis/azure_sky_ros2/install/buff_interfaces/lib:/home/luis/azure_sky_ros2/install/tide_msgs/lib:/home/luis/azure_sky_ros2/install/serial/lib:/home/luis/azure_sky_ros2/install/ros2_socketcan_msgs/lib:/home/luis/azure_sky_ros2/install/rm_auto_record/lib:/home/luis/azure_sky_ros2/install/hik_camera/lib:/home/luis/azure_sky_ros2/install/auto_aim_interfaces/lib:/opt/MVS/lib/64:/opt/MVS/lib/32:/usr/lib/x86_64-linux-gnu/gazebo-11/plugins:/opt/ros/humble/opt/rviz_ogre_vendor/lib:/opt/ros/humble/lib/x86_64-linux-gnu:/opt/ros/humble/lib:/opt/MVS/lib/64:/opt/MVS/lib/32:/opt/MVS/lib/64:/opt/MVS/lib/32 /usr/bin/cmake --install /home/luis/azure_sky_ros2/build/buff_tracker
[0.359s] -- Install configuration: ""
[0.359s] -- Installing: /home/luis/azure_sky_ros2/install/buff_tracker/lib/buff_tracker/buff_tracker_node
[0.361s] -- Set runtime path of "/home/luis/azure_sky_ros2/install/buff_tracker/lib/buff_tracker/buff_tracker_node" to ""
[0.361s] -- Installing: /home/luis/azure_sky_ros2/install/buff_tracker/include
[0.361s] -- Installing: /home/luis/azure_sky_ros2/install/buff_tracker/include/buff_tracker
[0.362s] -- Installing: /home/luis/azure_sky_ros2/install/buff_tracker/include/buff_tracker/gauss_newton_solver.hpp
[0.362s] -- Installing: /home/luis/azure_sky_ros2/install/buff_tracker/include/buff_tracker/extended_kalman_filter.hpp
[0.363s] -- Installing: /home/luis/azure_sky_ros2/install/buff_tracker/include/buff_tracker/tracker_node.hpp
[0.363s] -- Installing: /home/luis/azure_sky_ros2/install/buff_tracker/include/buff_tracker/tracker.hpp
[0.364s] -- Installing: /home/luis/azure_sky_ros2/install/buff_tracker/share/buff_tracker/environment/library_path.sh
[0.364s] -- Installing: /home/luis/azure_sky_ros2/install/buff_tracker/share/buff_tracker/environment/library_path.dsv
[0.365s] -- Installing: /home/luis/azure_sky_ros2/install/buff_tracker/lib/libbuff_tracker.so
[0.400s] -- Set runtime path of "/home/luis/azure_sky_ros2/install/buff_tracker/lib/libbuff_tracker.so" to ""
[0.401s] -- Installing: /home/luis/azure_sky_ros2/install/buff_tracker/share/ament_index/resource_index/package_run_dependencies/buff_tracker
[0.401s] -- Installing: /home/luis/azure_sky_ros2/install/buff_tracker/share/ament_index/resource_index/parent_prefix_path/buff_tracker
[0.401s] -- Installing: /home/luis/azure_sky_ros2/install/buff_tracker/share/buff_tracker/environment/ament_prefix_path.sh
[0.401s] -- Installing: /home/luis/azure_sky_ros2/install/buff_tracker/share/buff_tracker/environment/ament_prefix_path.dsv
[0.402s] -- Installing: /home/luis/azure_sky_ros2/install/buff_tracker/share/buff_tracker/environment/path.sh
[0.402s] -- Installing: /home/luis/azure_sky_ros2/install/buff_tracker/share/buff_tracker/environment/path.dsv
[0.402s] -- Installing: /home/luis/azure_sky_ros2/install/buff_tracker/share/buff_tracker/local_setup.bash
[0.403s] -- Installing: /home/luis/azure_sky_ros2/install/buff_tracker/share/buff_tracker/local_setup.sh
[0.403s] -- Installing: /home/luis/azure_sky_ros2/install/buff_tracker/share/buff_tracker/local_setup.zsh
[0.403s] -- Installing: /home/luis/azure_sky_ros2/install/buff_tracker/share/buff_tracker/local_setup.dsv
[0.404s] -- Installing: /home/luis/azure_sky_ros2/install/buff_tracker/share/buff_tracker/package.dsv
[0.406s] -- Installing: /home/luis/azure_sky_ros2/install/buff_tracker/share/ament_index/resource_index/packages/buff_tracker
[0.406s] -- Installing: /home/luis/azure_sky_ros2/install/buff_tracker/share/ament_index/resource_index/rclcpp_components/buff_tracker
[0.406s] -- Installing: /home/luis/azure_sky_ros2/install/buff_tracker/share/buff_tracker/cmake/ament_cmake_export_dependencies-extras.cmake
[0.407s] -- Installing: /home/luis/azure_sky_ros2/install/buff_tracker/share/buff_tracker/cmake/ament_cmake_export_include_directories-extras.cmake
[0.407s] -- Installing: /home/luis/azure_sky_ros2/install/buff_tracker/share/buff_tracker/cmake/ament_cmake_export_libraries-extras.cmake
[0.407s] -- Installing: /home/luis/azure_sky_ros2/install/buff_tracker/share/buff_tracker/cmake/buff_trackerConfig.cmake
[0.408s] -- Installing: /home/luis/azure_sky_ros2/install/buff_tracker/share/buff_tracker/cmake/buff_trackerConfig-version.cmake
[0.408s] -- Installing: /home/luis/azure_sky_ros2/install/buff_tracker/share/buff_tracker/package.xml
[0.430s] Invoked command in '/home/luis/azure_sky_ros2/build/buff_tracker' returned '0': CMAKE_PREFIX_PATH=/home/luis/azure_sky_ros2/install/buff_interfaces:/home/luis/azure_sky_ros2/install/tide_msgs:/home/luis/azure_sky_ros2/install/serial:/home/luis/azure_sky_ros2/install/ros2_socketcan_msgs:/home/luis/azure_sky_ros2/install/rm_gimbal_description:/home/luis/azure_sky_ros2/install/rm_auto_record:/home/luis/azure_sky_ros2/install/hik_camera:/home/luis/azure_sky_ros2/install/auto_aim_interfaces:/opt/ros/humble LD_LIBRARY_PATH=/home/luis/azure_sky_ros2/install/buff_interfaces/lib:/home/luis/azure_sky_ros2/install/tide_msgs/lib:/home/luis/azure_sky_ros2/install/serial/lib:/home/luis/azure_sky_ros2/install/ros2_socketcan_msgs/lib:/home/luis/azure_sky_ros2/install/rm_auto_record/lib:/home/luis/azure_sky_ros2/install/hik_camera/lib:/home/luis/azure_sky_ros2/install/auto_aim_interfaces/lib:/opt/MVS/lib/64:/opt/MVS/lib/32:/usr/lib/x86_64-linux-gnu/gazebo-11/plugins:/opt/ros/humble/opt/rviz_ogre_vendor/lib:/opt/ros/humble/lib/x86_64-linux-gnu:/opt/ros/humble/lib:/opt/MVS/lib/64:/opt/MVS/lib/32:/opt/MVS/lib/64:/opt/MVS/lib/32 /usr/bin/cmake --install /home/luis/azure_sky_ros2/build/buff_tracker
