[0.043s] Invoking command in '/home/luis/workshop_ws/build/tide_shooter_controller': CMAKE_PREFIX_PATH=/opt/ros/humble /usr/bin/cmake /home/luis/workshop_ws/src/tide_controllers/tide_shooter_controller -DAMENT_CMAKE_SYMLINK_INSTALL=1 -DCMAKE_INSTALL_PREFIX=/home/luis/workshop_ws/install/tide_shooter_controller
[0.217s] -- The CXX compiler identification is GNU 11.4.0
[0.226s] -- Detecting CXX compiler ABI info
[0.339s] -- Detecting CXX compiler ABI info - done
[0.352s] -- Check for working CXX compiler: /usr/bin/c++ - skipped
[0.352s] -- Detecting CXX compile features
[0.352s] -- Detecting CXX compile features - done
[0.355s] -- Found ament_cmake: 1.3.11 (/opt/ros/humble/share/ament_cmake/cmake)
[0.532s] -- Found Python3: /usr/bin/python3 (found version "3.10.12") found components: Interpreter 
[0.607s] -- Override CMake install command with custom implementation using symlinks instead of copying resources
[0.665s] -- Found controller_interface: 2.51.0 (/opt/ros/humble/share/controller_interface/cmake)
[0.712s] -- Found rosidl_generator_c: 3.1.6 (/opt/ros/humble/share/rosidl_generator_c/cmake)
[0.717s] -- Found rosidl_adapter: 3.1.6 (/opt/ros/humble/share/rosidl_adapter/cmake)
[0.726s] -- Found rosidl_generator_cpp: 3.1.6 (/opt/ros/humble/share/rosidl_generator_cpp/cmake)
[0.739s] -- Using all available rosidl_typesupport_c: rosidl_typesupport_fastrtps_c;rosidl_typesupport_introspection_c
[0.760s] -- Using all available rosidl_typesupport_cpp: rosidl_typesupport_fastrtps_cpp;rosidl_typesupport_introspection_cpp
[0.989s] -- Found rmw_implementation_cmake: 6.1.2 (/opt/ros/humble/share/rmw_implementation_cmake/cmake)
[0.992s] -- Found rmw_fastrtps_cpp: 6.2.7 (/opt/ros/humble/share/rmw_fastrtps_cpp/cmake)
[1.023s] -- Found TinyXML2 via Config file: TinyXML2_DIR-NOTFOUND
[1.118s] -- Found OpenSSL: /usr/lib/x86_64-linux-gnu/libcrypto.so (found version "3.0.2")  
[1.121s] -- Found TinyXML2 via Config file: TinyXML2_DIR-NOTFOUND
[1.138s] -- Found FastRTPS: /opt/ros/humble/include  
[1.141s] -- Found TinyXML2 via Config file: TinyXML2_DIR-NOTFOUND
[1.152s] -- Found TinyXML2 via Config file: TinyXML2_DIR-NOTFOUND
[1.165s] -- Using RMW implementation 'rmw_fastrtps_cpp' as default
[1.174s] -- Looking for C++ include pthread.h
[1.334s] -- Looking for C++ include pthread.h - found
[1.334s] -- Performing Test CMAKE_HAVE_LIBC_PTHREAD
[1.499s] -- Performing Test CMAKE_HAVE_LIBC_PTHREAD - Success
[1.501s] -- Found Threads: TRUE  
[1.581s] -- Found generate_parameter_library: 0.5.0 (/opt/ros/humble/share/generate_parameter_library/cmake)
[1.583s] -- Found parameter_traits: 0.5.0 (/opt/ros/humble/share/parameter_traits/cmake)
[1.610s] -- Found realtime_tools: 2.14.0 (/opt/ros/humble/share/realtime_tools/cmake)
[1.633s] -- Found tf2: 0.25.13 (/opt/ros/humble/share/tf2/cmake)
[1.640s] -- Found tf2_msgs: 0.25.13 (/opt/ros/humble/share/tf2_msgs/cmake)
[1.676s] -- Configuring incomplete, errors occurred!
[1.676s] See also "/home/luis/workshop_ws/build/tide_shooter_controller/CMakeFiles/CMakeOutput.log".
[1.676s] [31mCMake Error at CMakeLists.txt:35 (find_package):
[1.677s]   By not providing "Findtide_msgs.cmake" in CMAKE_MODULE_PATH this project
[1.677s]   has asked CMake to find a package configuration file provided by
[1.677s]   "tide_msgs", but CMake did not find one.
[1.677s] 
[1.677s]   Could not find a package configuration file provided by "tide_msgs" with
[1.677s]   any of the following names:
[1.677s] 
[1.678s]     tide_msgsConfig.cmake
[1.678s]     tide_msgs-config.cmake
[1.678s] 
[1.678s]   Add the installation prefix of "tide_msgs" to CMAKE_PREFIX_PATH or set
[1.678s]   "tide_msgs_DIR" to a directory containing one of the above files.  If
[1.678s]   "tide_msgs" provides a separate development package or SDK, be sure it has
[1.678s]   been installed.
[1.679s] 
[1.679s] [0m
[1.689s] Invoked command in '/home/luis/workshop_ws/build/tide_shooter_controller' returned '1': CMAKE_PREFIX_PATH=/opt/ros/humble /usr/bin/cmake /home/luis/workshop_ws/src/tide_controllers/tide_shooter_controller -DAMENT_CMAKE_SYMLINK_INSTALL=1 -DCMAKE_INSTALL_PREFIX=/home/luis/workshop_ws/install/tide_shooter_controller
