[0.070s] Invoking command in '/home/luis/azure_sky_ros2/build/ros2_socketcan_msgs': CMAKE_PREFIX_PATH=${CMAKE_PREFIX_PATH}:/opt/ros/humble /usr/bin/cmake --build /home/luis/azure_sky_ros2/build/ros2_socketcan_msgs -- -j12 -l12
[0.269s] [  3%] Built target ros2_socketcan_msgs__cpp
[0.269s] [ 12%] Built target ros2_socketcan_msgs__rosidl_generator_c
[0.330s] [ 12%] Built target ament_cmake_python_copy_ros2_socketcan_msgs
[0.375s] [ 22%] Built target ros2_socketcan_msgs__rosidl_typesupport_cpp
[0.438s] [ 32%] Built target ros2_socketcan_msgs__rosidl_typesupport_fastrtps_cpp
[0.451s] [ 41%] Built target ros2_socketcan_msgs__rosidl_typesupport_c
[0.478s] [ 51%] Built target ros2_socketcan_msgs__rosidl_typesupport_introspection_cpp
[0.479s] [ 61%] Built target ros2_socketcan_msgs__rosidl_typesupport_introspection_c
[0.480s] [ 70%] Built target ros2_socketcan_msgs__rosidl_typesupport_fastrtps_c
[0.581s] [ 70%] Built target ros2_socketcan_msgs
[0.660s] [ 74%] Built target ros2_socketcan_msgs__py
[0.731s] [ 80%] Built target ros2_socketcan_msgs__rosidl_generator_py
[0.813s] [ 93%] Built target ros2_socketcan_msgs__rosidl_typesupport_c__pyext
[0.813s] [ 93%] Built target ros2_socketcan_msgs__rosidl_typesupport_fastrtps_c__pyext
[0.824s] [100%] Built target ros2_socketcan_msgs__rosidl_typesupport_introspection_c__pyext
[0.932s] running egg_info
[0.933s] writing ros2_socketcan_msgs.egg-info/PKG-INFO
[0.934s] writing dependency_links to ros2_socketcan_msgs.egg-info/dependency_links.txt
[0.934s] writing top-level names to ros2_socketcan_msgs.egg-info/top_level.txt
[0.937s] reading manifest file 'ros2_socketcan_msgs.egg-info/SOURCES.txt'
[0.938s] writing manifest file 'ros2_socketcan_msgs.egg-info/SOURCES.txt'
[1.004s] [100%] Built target ament_cmake_python_build_ros2_socketcan_msgs_egg
[1.067s] Invoked command in '/home/luis/azure_sky_ros2/build/ros2_socketcan_msgs' returned '0': CMAKE_PREFIX_PATH=${CMAKE_PREFIX_PATH}:/opt/ros/humble /usr/bin/cmake --build /home/luis/azure_sky_ros2/build/ros2_socketcan_msgs -- -j12 -l12
[1.076s] Invoking command in '/home/luis/azure_sky_ros2/build/ros2_socketcan_msgs': CMAKE_PREFIX_PATH=${CMAKE_PREFIX_PATH}:/opt/ros/humble /usr/bin/cmake --install /home/luis/azure_sky_ros2/build/ros2_socketcan_msgs
[1.077s] -- Install configuration: ""
[1.077s] -- Up-to-date: /home/luis/azure_sky_ros2/install/ros2_socketcan_msgs/share/ament_index/resource_index/rosidl_interfaces/ros2_socketcan_msgs
[1.077s] -- Up-to-date: /home/luis/azure_sky_ros2/install/ros2_socketcan_msgs/include/ros2_socketcan_msgs/ros2_socketcan_msgs
[1.077s] -- Up-to-date: /home/luis/azure_sky_ros2/install/ros2_socketcan_msgs/include/ros2_socketcan_msgs/ros2_socketcan_msgs/msg
[1.077s] -- Up-to-date: /home/luis/azure_sky_ros2/install/ros2_socketcan_msgs/include/ros2_socketcan_msgs/ros2_socketcan_msgs/msg/detail
[1.078s] -- Up-to-date: /home/luis/azure_sky_ros2/install/ros2_socketcan_msgs/include/ros2_socketcan_msgs/ros2_socketcan_msgs/msg/detail/fd_frame__functions.c
[1.078s] -- Up-to-date: /home/luis/azure_sky_ros2/install/ros2_socketcan_msgs/include/ros2_socketcan_msgs/ros2_socketcan_msgs/msg/detail/fd_frame__functions.h
[1.078s] -- Up-to-date: /home/luis/azure_sky_ros2/install/ros2_socketcan_msgs/include/ros2_socketcan_msgs/ros2_socketcan_msgs/msg/detail/fd_frame__type_support.h
[1.078s] -- Up-to-date: /home/luis/azure_sky_ros2/install/ros2_socketcan_msgs/include/ros2_socketcan_msgs/ros2_socketcan_msgs/msg/detail/fd_frame__struct.h
[1.078s] -- Up-to-date: /home/luis/azure_sky_ros2/install/ros2_socketcan_msgs/include/ros2_socketcan_msgs/ros2_socketcan_msgs/msg/rosidl_generator_c__visibility_control.h
[1.078s] -- Up-to-date: /home/luis/azure_sky_ros2/install/ros2_socketcan_msgs/include/ros2_socketcan_msgs/ros2_socketcan_msgs/msg/fd_frame.h
[1.079s] -- Up-to-date: /home/luis/azure_sky_ros2/install/ros2_socketcan_msgs/share/ros2_socketcan_msgs/environment/library_path.sh
[1.079s] -- Up-to-date: /home/luis/azure_sky_ros2/install/ros2_socketcan_msgs/share/ros2_socketcan_msgs/environment/library_path.dsv
[1.079s] -- Up-to-date: /home/luis/azure_sky_ros2/install/ros2_socketcan_msgs/lib/libros2_socketcan_msgs__rosidl_generator_c.so
[1.079s] -- Up-to-date: /home/luis/azure_sky_ros2/install/ros2_socketcan_msgs/include/ros2_socketcan_msgs/ros2_socketcan_msgs
[1.079s] -- Up-to-date: /home/luis/azure_sky_ros2/install/ros2_socketcan_msgs/include/ros2_socketcan_msgs/ros2_socketcan_msgs/msg
[1.079s] -- Up-to-date: /home/luis/azure_sky_ros2/install/ros2_socketcan_msgs/include/ros2_socketcan_msgs/ros2_socketcan_msgs/msg/rosidl_typesupport_fastrtps_c__visibility_control.h
[1.079s] -- Up-to-date: /home/luis/azure_sky_ros2/install/ros2_socketcan_msgs/include/ros2_socketcan_msgs/ros2_socketcan_msgs/msg/detail
[1.079s] -- Up-to-date: /home/luis/azure_sky_ros2/install/ros2_socketcan_msgs/include/ros2_socketcan_msgs/ros2_socketcan_msgs/msg/detail/fd_frame__rosidl_typesupport_fastrtps_c.h
[1.079s] -- Up-to-date: /home/luis/azure_sky_ros2/install/ros2_socketcan_msgs/lib/libros2_socketcan_msgs__rosidl_typesupport_fastrtps_c.so
[1.080s] -- Up-to-date: /home/luis/azure_sky_ros2/install/ros2_socketcan_msgs/include/ros2_socketcan_msgs/ros2_socketcan_msgs
[1.080s] -- Up-to-date: /home/luis/azure_sky_ros2/install/ros2_socketcan_msgs/include/ros2_socketcan_msgs/ros2_socketcan_msgs/msg
[1.080s] -- Up-to-date: /home/luis/azure_sky_ros2/install/ros2_socketcan_msgs/include/ros2_socketcan_msgs/ros2_socketcan_msgs/msg/detail
[1.080s] -- Up-to-date: /home/luis/azure_sky_ros2/install/ros2_socketcan_msgs/include/ros2_socketcan_msgs/ros2_socketcan_msgs/msg/detail/fd_frame__rosidl_typesupport_introspection_c.h
[1.080s] -- Up-to-date: /home/luis/azure_sky_ros2/install/ros2_socketcan_msgs/include/ros2_socketcan_msgs/ros2_socketcan_msgs/msg/detail/fd_frame__type_support.c
[1.080s] -- Up-to-date: /home/luis/azure_sky_ros2/install/ros2_socketcan_msgs/include/ros2_socketcan_msgs/ros2_socketcan_msgs/msg/rosidl_typesupport_introspection_c__visibility_control.h
[1.080s] -- Up-to-date: /home/luis/azure_sky_ros2/install/ros2_socketcan_msgs/lib/libros2_socketcan_msgs__rosidl_typesupport_introspection_c.so
[1.080s] -- Up-to-date: /home/luis/azure_sky_ros2/install/ros2_socketcan_msgs/lib/libros2_socketcan_msgs__rosidl_typesupport_c.so
[1.080s] -- Up-to-date: /home/luis/azure_sky_ros2/install/ros2_socketcan_msgs/include/ros2_socketcan_msgs/ros2_socketcan_msgs
[1.080s] -- Up-to-date: /home/luis/azure_sky_ros2/install/ros2_socketcan_msgs/include/ros2_socketcan_msgs/ros2_socketcan_msgs/msg
[1.080s] -- Up-to-date: /home/luis/azure_sky_ros2/install/ros2_socketcan_msgs/include/ros2_socketcan_msgs/ros2_socketcan_msgs/msg/detail
[1.080s] -- Up-to-date: /home/luis/azure_sky_ros2/install/ros2_socketcan_msgs/include/ros2_socketcan_msgs/ros2_socketcan_msgs/msg/detail/fd_frame__traits.hpp
[1.081s] -- Up-to-date: /home/luis/azure_sky_ros2/install/ros2_socketcan_msgs/include/ros2_socketcan_msgs/ros2_socketcan_msgs/msg/detail/fd_frame__type_support.hpp
[1.081s] -- Up-to-date: /home/luis/azure_sky_ros2/install/ros2_socketcan_msgs/include/ros2_socketcan_msgs/ros2_socketcan_msgs/msg/detail/fd_frame__struct.hpp
[1.081s] -- Up-to-date: /home/luis/azure_sky_ros2/install/ros2_socketcan_msgs/include/ros2_socketcan_msgs/ros2_socketcan_msgs/msg/detail/fd_frame__builder.hpp
[1.081s] -- Up-to-date: /home/luis/azure_sky_ros2/install/ros2_socketcan_msgs/include/ros2_socketcan_msgs/ros2_socketcan_msgs/msg/fd_frame.hpp
[1.081s] -- Up-to-date: /home/luis/azure_sky_ros2/install/ros2_socketcan_msgs/include/ros2_socketcan_msgs/ros2_socketcan_msgs/msg/rosidl_generator_cpp__visibility_control.hpp
[1.081s] -- Up-to-date: /home/luis/azure_sky_ros2/install/ros2_socketcan_msgs/include/ros2_socketcan_msgs/ros2_socketcan_msgs
[1.081s] -- Up-to-date: /home/luis/azure_sky_ros2/install/ros2_socketcan_msgs/include/ros2_socketcan_msgs/ros2_socketcan_msgs/msg
[1.081s] -- Up-to-date: /home/luis/azure_sky_ros2/install/ros2_socketcan_msgs/include/ros2_socketcan_msgs/ros2_socketcan_msgs/msg/detail
[1.081s] -- Up-to-date: /home/luis/azure_sky_ros2/install/ros2_socketcan_msgs/include/ros2_socketcan_msgs/ros2_socketcan_msgs/msg/detail/fd_frame__rosidl_typesupport_fastrtps_cpp.hpp
[1.081s] -- Up-to-date: /home/luis/azure_sky_ros2/install/ros2_socketcan_msgs/include/ros2_socketcan_msgs/ros2_socketcan_msgs/msg/detail/dds_fastrtps
[1.082s] -- Up-to-date: /home/luis/azure_sky_ros2/install/ros2_socketcan_msgs/include/ros2_socketcan_msgs/ros2_socketcan_msgs/msg/rosidl_typesupport_fastrtps_cpp__visibility_control.h
[1.082s] -- Up-to-date: /home/luis/azure_sky_ros2/install/ros2_socketcan_msgs/lib/libros2_socketcan_msgs__rosidl_typesupport_fastrtps_cpp.so
[1.082s] -- Up-to-date: /home/luis/azure_sky_ros2/install/ros2_socketcan_msgs/include/ros2_socketcan_msgs/ros2_socketcan_msgs
[1.082s] -- Up-to-date: /home/luis/azure_sky_ros2/install/ros2_socketcan_msgs/include/ros2_socketcan_msgs/ros2_socketcan_msgs/msg
[1.082s] -- Up-to-date: /home/luis/azure_sky_ros2/install/ros2_socketcan_msgs/include/ros2_socketcan_msgs/ros2_socketcan_msgs/msg/detail
[1.082s] -- Up-to-date: /home/luis/azure_sky_ros2/install/ros2_socketcan_msgs/include/ros2_socketcan_msgs/ros2_socketcan_msgs/msg/detail/fd_frame__type_support.cpp
[1.082s] -- Up-to-date: /home/luis/azure_sky_ros2/install/ros2_socketcan_msgs/include/ros2_socketcan_msgs/ros2_socketcan_msgs/msg/detail/fd_frame__rosidl_typesupport_introspection_cpp.hpp
[1.082s] -- Up-to-date: /home/luis/azure_sky_ros2/install/ros2_socketcan_msgs/lib/libros2_socketcan_msgs__rosidl_typesupport_introspection_cpp.so
[1.082s] -- Up-to-date: /home/luis/azure_sky_ros2/install/ros2_socketcan_msgs/lib/libros2_socketcan_msgs__rosidl_typesupport_cpp.so
[1.082s] -- Up-to-date: /home/luis/azure_sky_ros2/install/ros2_socketcan_msgs/share/ros2_socketcan_msgs/environment/pythonpath.sh
[1.082s] -- Up-to-date: /home/luis/azure_sky_ros2/install/ros2_socketcan_msgs/share/ros2_socketcan_msgs/environment/pythonpath.dsv
[1.082s] -- Up-to-date: /home/luis/azure_sky_ros2/install/ros2_socketcan_msgs/local/lib/python3.10/dist-packages/ros2_socketcan_msgs-1.3.0-py3.10.egg-info
[1.083s] -- Installing: /home/luis/azure_sky_ros2/install/ros2_socketcan_msgs/local/lib/python3.10/dist-packages/ros2_socketcan_msgs-1.3.0-py3.10.egg-info/SOURCES.txt
[1.083s] -- Installing: /home/luis/azure_sky_ros2/install/ros2_socketcan_msgs/local/lib/python3.10/dist-packages/ros2_socketcan_msgs-1.3.0-py3.10.egg-info/PKG-INFO
[1.083s] -- Installing: /home/luis/azure_sky_ros2/install/ros2_socketcan_msgs/local/lib/python3.10/dist-packages/ros2_socketcan_msgs-1.3.0-py3.10.egg-info/top_level.txt
[1.083s] -- Installing: /home/luis/azure_sky_ros2/install/ros2_socketcan_msgs/local/lib/python3.10/dist-packages/ros2_socketcan_msgs-1.3.0-py3.10.egg-info/dependency_links.txt
[1.083s] -- Up-to-date: /home/luis/azure_sky_ros2/install/ros2_socketcan_msgs/local/lib/python3.10/dist-packages/ros2_socketcan_msgs
[1.083s] -- Up-to-date: /home/luis/azure_sky_ros2/install/ros2_socketcan_msgs/local/lib/python3.10/dist-packages/ros2_socketcan_msgs/_ros2_socketcan_msgs_s.ep.rosidl_typesupport_c.c
[1.083s] -- Up-to-date: /home/luis/azure_sky_ros2/install/ros2_socketcan_msgs/local/lib/python3.10/dist-packages/ros2_socketcan_msgs/ros2_socketcan_msgs_s__rosidl_typesupport_fastrtps_c.cpython-310-x86_64-linux-gnu.so
[1.083s] -- Up-to-date: /home/luis/azure_sky_ros2/install/ros2_socketcan_msgs/local/lib/python3.10/dist-packages/ros2_socketcan_msgs/_ros2_socketcan_msgs_s.ep.rosidl_typesupport_introspection_c.c
[1.084s] -- Up-to-date: /home/luis/azure_sky_ros2/install/ros2_socketcan_msgs/local/lib/python3.10/dist-packages/ros2_socketcan_msgs/_ros2_socketcan_msgs_s.ep.rosidl_typesupport_fastrtps_c.c
[1.084s] -- Up-to-date: /home/luis/azure_sky_ros2/install/ros2_socketcan_msgs/local/lib/python3.10/dist-packages/ros2_socketcan_msgs/libros2_socketcan_msgs__rosidl_generator_py.so
[1.084s] -- Up-to-date: /home/luis/azure_sky_ros2/install/ros2_socketcan_msgs/local/lib/python3.10/dist-packages/ros2_socketcan_msgs/ros2_socketcan_msgs_s__rosidl_typesupport_c.cpython-310-x86_64-linux-gnu.so
[1.084s] -- Up-to-date: /home/luis/azure_sky_ros2/install/ros2_socketcan_msgs/local/lib/python3.10/dist-packages/ros2_socketcan_msgs/ros2_socketcan_msgs_s__rosidl_typesupport_introspection_c.cpython-310-x86_64-linux-gnu.so
[1.084s] -- Up-to-date: /home/luis/azure_sky_ros2/install/ros2_socketcan_msgs/local/lib/python3.10/dist-packages/ros2_socketcan_msgs/__init__.py
[1.084s] -- Up-to-date: /home/luis/azure_sky_ros2/install/ros2_socketcan_msgs/local/lib/python3.10/dist-packages/ros2_socketcan_msgs/msg
[1.084s] -- Up-to-date: /home/luis/azure_sky_ros2/install/ros2_socketcan_msgs/local/lib/python3.10/dist-packages/ros2_socketcan_msgs/msg/_fd_frame.py
[1.085s] -- Up-to-date: /home/luis/azure_sky_ros2/install/ros2_socketcan_msgs/local/lib/python3.10/dist-packages/ros2_socketcan_msgs/msg/__init__.py
[1.085s] -- Up-to-date: /home/luis/azure_sky_ros2/install/ros2_socketcan_msgs/local/lib/python3.10/dist-packages/ros2_socketcan_msgs/msg/_fd_frame_s.c
[1.215s] Listing '/home/luis/azure_sky_ros2/install/ros2_socketcan_msgs/local/lib/python3.10/dist-packages/ros2_socketcan_msgs'...
[1.215s] Listing '/home/luis/azure_sky_ros2/install/ros2_socketcan_msgs/local/lib/python3.10/dist-packages/ros2_socketcan_msgs/msg'...
[1.223s] -- Up-to-date: /home/luis/azure_sky_ros2/install/ros2_socketcan_msgs/local/lib/python3.10/dist-packages/ros2_socketcan_msgs/ros2_socketcan_msgs_s__rosidl_typesupport_fastrtps_c.cpython-310-x86_64-linux-gnu.so
[1.223s] -- Up-to-date: /home/luis/azure_sky_ros2/install/ros2_socketcan_msgs/local/lib/python3.10/dist-packages/ros2_socketcan_msgs/ros2_socketcan_msgs_s__rosidl_typesupport_introspection_c.cpython-310-x86_64-linux-gnu.so
[1.223s] -- Up-to-date: /home/luis/azure_sky_ros2/install/ros2_socketcan_msgs/local/lib/python3.10/dist-packages/ros2_socketcan_msgs/ros2_socketcan_msgs_s__rosidl_typesupport_c.cpython-310-x86_64-linux-gnu.so
[1.223s] -- Up-to-date: /home/luis/azure_sky_ros2/install/ros2_socketcan_msgs/lib/libros2_socketcan_msgs__rosidl_generator_py.so
[1.223s] -- Up-to-date: /home/luis/azure_sky_ros2/install/ros2_socketcan_msgs/share/ros2_socketcan_msgs/msg/FdFrame.idl
[1.223s] -- Up-to-date: /home/luis/azure_sky_ros2/install/ros2_socketcan_msgs/share/ros2_socketcan_msgs/msg/FdFrame.msg
[1.224s] -- Up-to-date: /home/luis/azure_sky_ros2/install/ros2_socketcan_msgs/share/ament_index/resource_index/package_run_dependencies/ros2_socketcan_msgs
[1.224s] -- Up-to-date: /home/luis/azure_sky_ros2/install/ros2_socketcan_msgs/share/ament_index/resource_index/parent_prefix_path/ros2_socketcan_msgs
[1.224s] -- Up-to-date: /home/luis/azure_sky_ros2/install/ros2_socketcan_msgs/share/ros2_socketcan_msgs/environment/ament_prefix_path.sh
[1.224s] -- Up-to-date: /home/luis/azure_sky_ros2/install/ros2_socketcan_msgs/share/ros2_socketcan_msgs/environment/ament_prefix_path.dsv
[1.224s] -- Up-to-date: /home/luis/azure_sky_ros2/install/ros2_socketcan_msgs/share/ros2_socketcan_msgs/environment/path.sh
[1.224s] -- Up-to-date: /home/luis/azure_sky_ros2/install/ros2_socketcan_msgs/share/ros2_socketcan_msgs/environment/path.dsv
[1.224s] -- Up-to-date: /home/luis/azure_sky_ros2/install/ros2_socketcan_msgs/share/ros2_socketcan_msgs/local_setup.bash
[1.224s] -- Up-to-date: /home/luis/azure_sky_ros2/install/ros2_socketcan_msgs/share/ros2_socketcan_msgs/local_setup.sh
[1.224s] -- Up-to-date: /home/luis/azure_sky_ros2/install/ros2_socketcan_msgs/share/ros2_socketcan_msgs/local_setup.zsh
[1.224s] -- Up-to-date: /home/luis/azure_sky_ros2/install/ros2_socketcan_msgs/share/ros2_socketcan_msgs/local_setup.dsv
[1.224s] -- Installing: /home/luis/azure_sky_ros2/install/ros2_socketcan_msgs/share/ros2_socketcan_msgs/package.dsv
[1.224s] -- Up-to-date: /home/luis/azure_sky_ros2/install/ros2_socketcan_msgs/share/ament_index/resource_index/packages/ros2_socketcan_msgs
[1.225s] -- Up-to-date: /home/luis/azure_sky_ros2/install/ros2_socketcan_msgs/share/ros2_socketcan_msgs/cmake/export_ros2_socketcan_msgs__rosidl_generator_cExport.cmake
[1.225s] -- Up-to-date: /home/luis/azure_sky_ros2/install/ros2_socketcan_msgs/share/ros2_socketcan_msgs/cmake/export_ros2_socketcan_msgs__rosidl_generator_cExport-noconfig.cmake
[1.225s] -- Up-to-date: /home/luis/azure_sky_ros2/install/ros2_socketcan_msgs/share/ros2_socketcan_msgs/cmake/export_ros2_socketcan_msgs__rosidl_typesupport_fastrtps_cExport.cmake
[1.225s] -- Up-to-date: /home/luis/azure_sky_ros2/install/ros2_socketcan_msgs/share/ros2_socketcan_msgs/cmake/export_ros2_socketcan_msgs__rosidl_typesupport_fastrtps_cExport-noconfig.cmake
[1.225s] -- Up-to-date: /home/luis/azure_sky_ros2/install/ros2_socketcan_msgs/share/ros2_socketcan_msgs/cmake/ros2_socketcan_msgs__rosidl_typesupport_introspection_cExport.cmake
[1.225s] -- Up-to-date: /home/luis/azure_sky_ros2/install/ros2_socketcan_msgs/share/ros2_socketcan_msgs/cmake/ros2_socketcan_msgs__rosidl_typesupport_introspection_cExport-noconfig.cmake
[1.225s] -- Up-to-date: /home/luis/azure_sky_ros2/install/ros2_socketcan_msgs/share/ros2_socketcan_msgs/cmake/ros2_socketcan_msgs__rosidl_typesupport_cExport.cmake
[1.225s] -- Up-to-date: /home/luis/azure_sky_ros2/install/ros2_socketcan_msgs/share/ros2_socketcan_msgs/cmake/ros2_socketcan_msgs__rosidl_typesupport_cExport-noconfig.cmake
[1.225s] -- Up-to-date: /home/luis/azure_sky_ros2/install/ros2_socketcan_msgs/share/ros2_socketcan_msgs/cmake/export_ros2_socketcan_msgs__rosidl_generator_cppExport.cmake
[1.225s] -- Up-to-date: /home/luis/azure_sky_ros2/install/ros2_socketcan_msgs/share/ros2_socketcan_msgs/cmake/export_ros2_socketcan_msgs__rosidl_typesupport_fastrtps_cppExport.cmake
[1.225s] -- Up-to-date: /home/luis/azure_sky_ros2/install/ros2_socketcan_msgs/share/ros2_socketcan_msgs/cmake/export_ros2_socketcan_msgs__rosidl_typesupport_fastrtps_cppExport-noconfig.cmake
[1.226s] -- Up-to-date: /home/luis/azure_sky_ros2/install/ros2_socketcan_msgs/share/ros2_socketcan_msgs/cmake/ros2_socketcan_msgs__rosidl_typesupport_introspection_cppExport.cmake
[1.226s] -- Up-to-date: /home/luis/azure_sky_ros2/install/ros2_socketcan_msgs/share/ros2_socketcan_msgs/cmake/ros2_socketcan_msgs__rosidl_typesupport_introspection_cppExport-noconfig.cmake
[1.226s] -- Up-to-date: /home/luis/azure_sky_ros2/install/ros2_socketcan_msgs/share/ros2_socketcan_msgs/cmake/ros2_socketcan_msgs__rosidl_typesupport_cppExport.cmake
[1.226s] -- Up-to-date: /home/luis/azure_sky_ros2/install/ros2_socketcan_msgs/share/ros2_socketcan_msgs/cmake/ros2_socketcan_msgs__rosidl_typesupport_cppExport-noconfig.cmake
[1.226s] -- Up-to-date: /home/luis/azure_sky_ros2/install/ros2_socketcan_msgs/share/ros2_socketcan_msgs/cmake/export_ros2_socketcan_msgs__rosidl_generator_pyExport.cmake
[1.226s] -- Up-to-date: /home/luis/azure_sky_ros2/install/ros2_socketcan_msgs/share/ros2_socketcan_msgs/cmake/export_ros2_socketcan_msgs__rosidl_generator_pyExport-noconfig.cmake
[1.226s] -- Up-to-date: /home/luis/azure_sky_ros2/install/ros2_socketcan_msgs/share/ros2_socketcan_msgs/cmake/rosidl_cmake-extras.cmake
[1.226s] -- Up-to-date: /home/luis/azure_sky_ros2/install/ros2_socketcan_msgs/share/ros2_socketcan_msgs/cmake/ament_cmake_export_dependencies-extras.cmake
[1.226s] -- Up-to-date: /home/luis/azure_sky_ros2/install/ros2_socketcan_msgs/share/ros2_socketcan_msgs/cmake/ament_cmake_export_include_directories-extras.cmake
[1.226s] -- Up-to-date: /home/luis/azure_sky_ros2/install/ros2_socketcan_msgs/share/ros2_socketcan_msgs/cmake/ament_cmake_export_libraries-extras.cmake
[1.226s] -- Up-to-date: /home/luis/azure_sky_ros2/install/ros2_socketcan_msgs/share/ros2_socketcan_msgs/cmake/ament_cmake_export_targets-extras.cmake
[1.226s] -- Up-to-date: /home/luis/azure_sky_ros2/install/ros2_socketcan_msgs/share/ros2_socketcan_msgs/cmake/rosidl_cmake_export_typesupport_targets-extras.cmake
[1.227s] -- Up-to-date: /home/luis/azure_sky_ros2/install/ros2_socketcan_msgs/share/ros2_socketcan_msgs/cmake/rosidl_cmake_export_typesupport_libraries-extras.cmake
[1.227s] -- Up-to-date: /home/luis/azure_sky_ros2/install/ros2_socketcan_msgs/share/ros2_socketcan_msgs/cmake/ros2_socketcan_msgsConfig.cmake
[1.227s] -- Up-to-date: /home/luis/azure_sky_ros2/install/ros2_socketcan_msgs/share/ros2_socketcan_msgs/cmake/ros2_socketcan_msgsConfig-version.cmake
[1.227s] -- Up-to-date: /home/luis/azure_sky_ros2/install/ros2_socketcan_msgs/share/ros2_socketcan_msgs/package.xml
[1.310s] Invoked command in '/home/luis/azure_sky_ros2/build/ros2_socketcan_msgs' returned '0': CMAKE_PREFIX_PATH=${CMAKE_PREFIX_PATH}:/opt/ros/humble /usr/bin/cmake --install /home/luis/azure_sky_ros2/build/ros2_socketcan_msgs
