[0.104s] Invoking command in '/home/luis/azure_sky_ros2/build/rm_buff': AMENT_PREFIX_PATH=/home/luis/azure_sky_ros2/install/buff_tracker:/home/luis/azure_sky_ros2/install/buff_detector:/home/luis/azure_sky_ros2/install/buff_interfaces:${AMENT_PREFIX_PATH} CMAKE_PREFIX_PATH=/home/luis/azure_sky_ros2/install/buff_tracker:/home/luis/azure_sky_ros2/install/buff_detector:/home/luis/azure_sky_ros2/install/buff_interfaces:/opt/ros/humble LD_LIBRARY_PATH=/home/luis/azure_sky_ros2/install/buff_tracker/lib:/home/luis/azure_sky_ros2/install/buff_detector/lib:/home/luis/azure_sky_ros2/install/buff_interfaces/lib:/opt/MVS/lib/64:/opt/MVS/lib/32:/usr/lib/x86_64-linux-gnu/gazebo-11/plugins:/opt/ros/humble/opt/rviz_ogre_vendor/lib:/opt/ros/humble/lib/x86_64-linux-gnu:/opt/ros/humble/lib:/opt/MVS/lib/64:/opt/MVS/lib/32:/opt/MVS/lib/64:/opt/MVS/lib/32 PYTHONPATH=/home/luis/azure_sky_ros2/install/buff_interfaces/local/lib/python3.10/dist-packages:${PYTHONPATH} /usr/bin/cmake --build /home/luis/azure_sky_ros2/build/rm_buff -- -j12 -l12
[0.186s] Invoked command in '/home/luis/azure_sky_ros2/build/rm_buff' returned '0': AMENT_PREFIX_PATH=/home/luis/azure_sky_ros2/install/buff_tracker:/home/luis/azure_sky_ros2/install/buff_detector:/home/luis/azure_sky_ros2/install/buff_interfaces:${AMENT_PREFIX_PATH} CMAKE_PREFIX_PATH=/home/luis/azure_sky_ros2/install/buff_tracker:/home/luis/azure_sky_ros2/install/buff_detector:/home/luis/azure_sky_ros2/install/buff_interfaces:/opt/ros/humble LD_LIBRARY_PATH=/home/luis/azure_sky_ros2/install/buff_tracker/lib:/home/luis/azure_sky_ros2/install/buff_detector/lib:/home/luis/azure_sky_ros2/install/buff_interfaces/lib:/opt/MVS/lib/64:/opt/MVS/lib/32:/usr/lib/x86_64-linux-gnu/gazebo-11/plugins:/opt/ros/humble/opt/rviz_ogre_vendor/lib:/opt/ros/humble/lib/x86_64-linux-gnu:/opt/ros/humble/lib:/opt/MVS/lib/64:/opt/MVS/lib/32:/opt/MVS/lib/64:/opt/MVS/lib/32 PYTHONPATH=/home/luis/azure_sky_ros2/install/buff_interfaces/local/lib/python3.10/dist-packages:${PYTHONPATH} /usr/bin/cmake --build /home/luis/azure_sky_ros2/build/rm_buff -- -j12 -l12
[0.188s] Invoking command in '/home/luis/azure_sky_ros2/build/rm_buff': AMENT_PREFIX_PATH=/home/luis/azure_sky_ros2/install/buff_tracker:/home/luis/azure_sky_ros2/install/buff_detector:/home/luis/azure_sky_ros2/install/buff_interfaces:${AMENT_PREFIX_PATH} CMAKE_PREFIX_PATH=/home/luis/azure_sky_ros2/install/buff_tracker:/home/luis/azure_sky_ros2/install/buff_detector:/home/luis/azure_sky_ros2/install/buff_interfaces:/opt/ros/humble LD_LIBRARY_PATH=/home/luis/azure_sky_ros2/install/buff_tracker/lib:/home/luis/azure_sky_ros2/install/buff_detector/lib:/home/luis/azure_sky_ros2/install/buff_interfaces/lib:/opt/MVS/lib/64:/opt/MVS/lib/32:/usr/lib/x86_64-linux-gnu/gazebo-11/plugins:/opt/ros/humble/opt/rviz_ogre_vendor/lib:/opt/ros/humble/lib/x86_64-linux-gnu:/opt/ros/humble/lib:/opt/MVS/lib/64:/opt/MVS/lib/32:/opt/MVS/lib/64:/opt/MVS/lib/32 PYTHONPATH=/home/luis/azure_sky_ros2/install/buff_interfaces/local/lib/python3.10/dist-packages:${PYTHONPATH} /usr/bin/cmake --install /home/luis/azure_sky_ros2/build/rm_buff
[0.206s] -- Install configuration: ""
[0.206s] -- Up-to-date: /home/luis/azure_sky_ros2/install/rm_buff/share/ament_index/resource_index/package_run_dependencies/rm_buff
[0.206s] -- Up-to-date: /home/luis/azure_sky_ros2/install/rm_buff/share/ament_index/resource_index/parent_prefix_path/rm_buff
[0.206s] -- Up-to-date: /home/luis/azure_sky_ros2/install/rm_buff/share/rm_buff/environment/ament_prefix_path.sh
[0.207s] -- Up-to-date: /home/luis/azure_sky_ros2/install/rm_buff/share/rm_buff/environment/ament_prefix_path.dsv
[0.207s] -- Up-to-date: /home/luis/azure_sky_ros2/install/rm_buff/share/rm_buff/environment/path.sh
[0.208s] -- Up-to-date: /home/luis/azure_sky_ros2/install/rm_buff/share/rm_buff/environment/path.dsv
[0.209s] -- Up-to-date: /home/luis/azure_sky_ros2/install/rm_buff/share/rm_buff/local_setup.bash
[0.209s] -- Up-to-date: /home/luis/azure_sky_ros2/install/rm_buff/share/rm_buff/local_setup.sh
[0.209s] -- Up-to-date: /home/luis/azure_sky_ros2/install/rm_buff/share/rm_buff/local_setup.zsh
[0.210s] -- Up-to-date: /home/luis/azure_sky_ros2/install/rm_buff/share/rm_buff/local_setup.dsv
[0.210s] -- Installing: /home/luis/azure_sky_ros2/install/rm_buff/share/rm_buff/package.dsv
[0.210s] -- Up-to-date: /home/luis/azure_sky_ros2/install/rm_buff/share/ament_index/resource_index/packages/rm_buff
[0.210s] -- Up-to-date: /home/luis/azure_sky_ros2/install/rm_buff/share/rm_buff/cmake/rm_buffConfig.cmake
[0.210s] -- Up-to-date: /home/luis/azure_sky_ros2/install/rm_buff/share/rm_buff/cmake/rm_buffConfig-version.cmake
[0.210s] -- Up-to-date: /home/luis/azure_sky_ros2/install/rm_buff/share/rm_buff/package.xml
[0.233s] Invoked command in '/home/luis/azure_sky_ros2/build/rm_buff' returned '0': AMENT_PREFIX_PATH=/home/luis/azure_sky_ros2/install/buff_tracker:/home/luis/azure_sky_ros2/install/buff_detector:/home/luis/azure_sky_ros2/install/buff_interfaces:${AMENT_PREFIX_PATH} CMAKE_PREFIX_PATH=/home/luis/azure_sky_ros2/install/buff_tracker:/home/luis/azure_sky_ros2/install/buff_detector:/home/luis/azure_sky_ros2/install/buff_interfaces:/opt/ros/humble LD_LIBRARY_PATH=/home/luis/azure_sky_ros2/install/buff_tracker/lib:/home/luis/azure_sky_ros2/install/buff_detector/lib:/home/luis/azure_sky_ros2/install/buff_interfaces/lib:/opt/MVS/lib/64:/opt/MVS/lib/32:/usr/lib/x86_64-linux-gnu/gazebo-11/plugins:/opt/ros/humble/opt/rviz_ogre_vendor/lib:/opt/ros/humble/lib/x86_64-linux-gnu:/opt/ros/humble/lib:/opt/MVS/lib/64:/opt/MVS/lib/32:/opt/MVS/lib/64:/opt/MVS/lib/32 PYTHONPATH=/home/luis/azure_sky_ros2/install/buff_interfaces/local/lib/python3.10/dist-packages:${PYTHONPATH} /usr/bin/cmake --install /home/luis/azure_sky_ros2/build/rm_buff
