[35m[1mConsolidate compiler generated dependencies of target autoaim_bridge_node[0m
[ 50%] [32mBuilding CXX object CMakeFiles/autoaim_bridge_node.dir/src/autoaim_bridge_node.cpp.o[0m
[100%] [32m[1mLinking CXX executable autoaim_bridge_node[0m
[100%] Built target autoaim_bridge_node
-- Install configuration: ""
-- Installing: /home/luis/azure_sky_ros2/install/autoaim_bridge/lib/autoaim_bridge/autoaim_bridge_node
-- Set runtime path of "/home/luis/azure_sky_ros2/install/autoaim_bridge/lib/autoaim_bridge/autoaim_bridge_node" to ""
-- Up-to-date: /home/luis/azure_sky_ros2/install/autoaim_bridge/include
-- Up-to-date: /home/luis/azure_sky_ros2/install/autoaim_bridge/include/autoaim_bridge
-- Up-to-date: /home/luis/azure_sky_ros2/install/autoaim_bridge/include/autoaim_bridge/autoaim_bridge.hpp
-- Up-to-date: /home/luis/azure_sky_ros2/install/autoaim_bridge/share/ament_index/resource_index/package_run_dependencies/autoaim_bridge
-- Up-to-date: /home/luis/azure_sky_ros2/install/autoaim_bridge/share/ament_index/resource_index/parent_prefix_path/autoaim_bridge
-- Up-to-date: /home/luis/azure_sky_ros2/install/autoaim_bridge/share/autoaim_bridge/environment/ament_prefix_path.sh
-- Up-to-date: /home/luis/azure_sky_ros2/install/autoaim_bridge/share/autoaim_bridge/environment/ament_prefix_path.dsv
-- Up-to-date: /home/luis/azure_sky_ros2/install/autoaim_bridge/share/autoaim_bridge/environment/path.sh
-- Up-to-date: /home/luis/azure_sky_ros2/install/autoaim_bridge/share/autoaim_bridge/environment/path.dsv
-- Up-to-date: /home/luis/azure_sky_ros2/install/autoaim_bridge/share/autoaim_bridge/local_setup.bash
-- Up-to-date: /home/luis/azure_sky_ros2/install/autoaim_bridge/share/autoaim_bridge/local_setup.sh
-- Up-to-date: /home/luis/azure_sky_ros2/install/autoaim_bridge/share/autoaim_bridge/local_setup.zsh
-- Up-to-date: /home/luis/azure_sky_ros2/install/autoaim_bridge/share/autoaim_bridge/local_setup.dsv
-- Installing: /home/luis/azure_sky_ros2/install/autoaim_bridge/share/autoaim_bridge/package.dsv
-- Up-to-date: /home/luis/azure_sky_ros2/install/autoaim_bridge/share/ament_index/resource_index/packages/autoaim_bridge
-- Up-to-date: /home/luis/azure_sky_ros2/install/autoaim_bridge/share/autoaim_bridge/cmake/autoaim_bridgeConfig.cmake
-- Up-to-date: /home/luis/azure_sky_ros2/install/autoaim_bridge/share/autoaim_bridge/cmake/autoaim_bridgeConfig-version.cmake
-- Up-to-date: /home/luis/azure_sky_ros2/install/autoaim_bridge/share/autoaim_bridge/package.xml
