-- Found ament_cmake: 1.3.11 (/opt/ros/humble/share/ament_cmake/cmake)
-- Found rclcpp: 16.0.12 (/opt/ros/humble/share/rclcpp/cmake)
-- Found rosidl_generator_c: 3.1.6 (/opt/ros/humble/share/rosidl_generator_c/cmake)
-- Found rosidl_adapter: 3.1.6 (/opt/ros/humble/share/rosidl_adapter/cmake)
-- Found rosidl_generator_cpp: 3.1.6 (/opt/ros/humble/share/rosidl_generator_cpp/cmake)
-- Using all available rosidl_typesupport_c: rosidl_typesupport_fastrtps_c;rosidl_typesupport_introspection_c
-- Using all available rosidl_typesupport_cpp: rosidl_typesupport_fastrtps_cpp;rosidl_typesupport_introspection_cpp
-- Found rmw_implementation_cmake: 6.1.2 (/opt/ros/humble/share/rmw_implementation_cmake/cmake)
-- Found rmw_fastrtps_cpp: 6.2.7 (/opt/ros/humble/share/rmw_fastrtps_cpp/cmake)
-- Using RMW implementation 'rmw_fastrtps_cpp' as default
-- Found ros2_socketcan: 1.3.0 (/home/luis/azure_sky_ros2/install/ros2_socketcan/share/ros2_socketcan/cmake)
-- Found auto_aim_interfaces: 2.0.0 (/home/luis/azure_sky_ros2/install/auto_aim_interfaces/share/auto_aim_interfaces/cmake)
-- Found sensor_msgs: 4.9.0 (/opt/ros/humble/share/sensor_msgs/cmake)
-- Found tf2: 0.25.13 (/opt/ros/humble/share/tf2/cmake)
-- Found tf2_ros: 0.25.13 (/opt/ros/humble/share/tf2_ros/cmake)
-- Found tf2_geometry_msgs: 0.25.13 (/opt/ros/humble/share/tf2_geometry_msgs/cmake)
-- Found eigen3_cmake_module: 0.1.1 (/opt/ros/humble/share/eigen3_cmake_module/cmake)
-- Ensuring Eigen3 include directory is part of orocos-kdl CMake target
-- Found ament_lint_auto: 0.12.12 (/opt/ros/humble/share/ament_lint_auto/cmake)
-- Added test 'copyright' to check source files copyright and LICENSE
-- Added test 'cppcheck' to perform static code analysis on C / C++ code
-- Configured cppcheck include dirs: $<BUILD_INTERFACE:/home/luis/azure_sky_ros2/src/rm_can_driver/include>
-- Configured cppcheck exclude dirs and/or files: 
-- Added test 'cpplint' to check C / C++ code against the Google style
-- Configured cpplint exclude dirs and/or files: 
-- Added test 'flake8' to check Python code syntax and style conventions
-- Added test 'lint_cmake' to check CMake code style
-- Added test 'pep257' to check Python code against some of the docstring style conventions in PEP 257
-- Added test 'uncrustify' to check C / C++ code style
-- Configured uncrustify additional arguments: 
-- Added test 'xmllint' to check XML markup files
-- Configuring done
-- Generating done
-- Build files have been written to: /home/luis/azure_sky_ros2/build/rm_can_driver
[35m[1mConsolidate compiler generated dependencies of target rm_can_driver_node[0m
[ 50%] [32mBuilding CXX object CMakeFiles/rm_can_driver_node.dir/src/rm_can_driver.cpp.o[0m
[100%] [32m[1mLinking CXX executable rm_can_driver_node[0m
[100%] Built target rm_can_driver_node
-- Install configuration: ""
-- Installing: /home/luis/azure_sky_ros2/install/rm_can_driver/lib/rm_can_driver/rm_can_driver_node
-- Set runtime path of "/home/luis/azure_sky_ros2/install/rm_can_driver/lib/rm_can_driver/rm_can_driver_node" to ""
-- Up-to-date: /home/luis/azure_sky_ros2/install/rm_can_driver/share/ament_index/resource_index/package_run_dependencies/rm_can_driver
-- Installing: /home/luis/azure_sky_ros2/install/rm_can_driver/share/ament_index/resource_index/parent_prefix_path/rm_can_driver
-- Up-to-date: /home/luis/azure_sky_ros2/install/rm_can_driver/share/rm_can_driver/environment/ament_prefix_path.sh
-- Installing: /home/luis/azure_sky_ros2/install/rm_can_driver/share/rm_can_driver/environment/ament_prefix_path.dsv
-- Up-to-date: /home/luis/azure_sky_ros2/install/rm_can_driver/share/rm_can_driver/environment/path.sh
-- Installing: /home/luis/azure_sky_ros2/install/rm_can_driver/share/rm_can_driver/environment/path.dsv
-- Up-to-date: /home/luis/azure_sky_ros2/install/rm_can_driver/share/rm_can_driver/local_setup.bash
-- Up-to-date: /home/luis/azure_sky_ros2/install/rm_can_driver/share/rm_can_driver/local_setup.sh
-- Up-to-date: /home/luis/azure_sky_ros2/install/rm_can_driver/share/rm_can_driver/local_setup.zsh
-- Installing: /home/luis/azure_sky_ros2/install/rm_can_driver/share/rm_can_driver/local_setup.dsv
-- Installing: /home/luis/azure_sky_ros2/install/rm_can_driver/share/rm_can_driver/package.dsv
-- Up-to-date: /home/luis/azure_sky_ros2/install/rm_can_driver/share/ament_index/resource_index/packages/rm_can_driver
-- Up-to-date: /home/luis/azure_sky_ros2/install/rm_can_driver/share/rm_can_driver/cmake/rm_can_driverConfig.cmake
-- Up-to-date: /home/luis/azure_sky_ros2/install/rm_can_driver/share/rm_can_driver/cmake/rm_can_driverConfig-version.cmake
-- Installing: /home/luis/azure_sky_ros2/install/rm_can_driver/share/rm_can_driver/package.xml
