[0.027s] Invoking command in '/home/luis/azure_sky_ros2/build/rm_can_driver': AMENT_PREFIX_PATH=/home/luis/azure_sky_ros2/install/ros2_socketcan:/home/luis/azure_sky_ros2/install/ros2_socketcan_msgs:/home/luis/azure_sky_ros2/install/auto_aim_interfaces:${AMENT_PREFIX_PATH} CMAKE_PREFIX_PATH=/home/luis/azure_sky_ros2/install/ros2_socketcan:/home/luis/azure_sky_ros2/install/ros2_socketcan_msgs:/home/luis/azure_sky_ros2/install/auto_aim_interfaces:/opt/ros/humble LD_LIBRARY_PATH=/home/luis/azure_sky_ros2/install/ros2_socketcan/lib:/home/luis/azure_sky_ros2/install/ros2_socketcan_msgs/lib:/home/luis/azure_sky_ros2/install/auto_aim_interfaces/lib:/opt/MVS/lib/64:/opt/MVS/lib/32:/usr/lib/x86_64-linux-gnu/gazebo-11/plugins:/opt/ros/humble/opt/rviz_ogre_vendor/lib:/opt/ros/humble/lib/x86_64-linux-gnu:/opt/ros/humble/lib:/opt/MVS/lib/64:/opt/MVS/lib/32:/opt/MVS/lib/64:/opt/MVS/lib/32 PYTHONPATH=/home/luis/azure_sky_ros2/install/ros2_socketcan_msgs/local/lib/python3.10/dist-packages:/home/luis/azure_sky_ros2/install/auto_aim_interfaces/local/lib/python3.10/dist-packages:${PYTHONPATH} /usr/bin/cmake --build /home/luis/azure_sky_ros2/build/rm_can_driver -- -j12 -l12
[0.063s] -- Found ament_cmake: 1.3.11 (/opt/ros/humble/share/ament_cmake/cmake)
[0.222s] -- Found rclcpp: 16.0.12 (/opt/ros/humble/share/rclcpp/cmake)
[0.263s] -- Found rosidl_generator_c: 3.1.6 (/opt/ros/humble/share/rosidl_generator_c/cmake)
[0.266s] -- Found rosidl_adapter: 3.1.6 (/opt/ros/humble/share/rosidl_adapter/cmake)
[0.275s] -- Found rosidl_generator_cpp: 3.1.6 (/opt/ros/humble/share/rosidl_generator_cpp/cmake)
[0.289s] -- Using all available rosidl_typesupport_c: rosidl_typesupport_fastrtps_c;rosidl_typesupport_introspection_c
[0.308s] -- Using all available rosidl_typesupport_cpp: rosidl_typesupport_fastrtps_cpp;rosidl_typesupport_introspection_cpp
[0.353s] -- Found rmw_implementation_cmake: 6.1.2 (/opt/ros/humble/share/rmw_implementation_cmake/cmake)
[0.355s] -- Found rmw_fastrtps_cpp: 6.2.7 (/opt/ros/humble/share/rmw_fastrtps_cpp/cmake)
[0.510s] -- Using RMW implementation 'rmw_fastrtps_cpp' as default
[0.557s] -- Found ros2_socketcan: 1.3.0 (/home/luis/azure_sky_ros2/install/ros2_socketcan/share/ros2_socketcan/cmake)
[0.617s] -- Found auto_aim_interfaces: 2.0.0 (/home/luis/azure_sky_ros2/install/auto_aim_interfaces/share/auto_aim_interfaces/cmake)
[0.643s] -- Found sensor_msgs: 4.9.0 (/opt/ros/humble/share/sensor_msgs/cmake)
[0.659s] -- Found tf2: 0.25.13 (/opt/ros/humble/share/tf2/cmake)
[0.663s] -- Found tf2_ros: 0.25.13 (/opt/ros/humble/share/tf2_ros/cmake)
[0.720s] -- Found tf2_geometry_msgs: 0.25.13 (/opt/ros/humble/share/tf2_geometry_msgs/cmake)
[0.723s] -- Found eigen3_cmake_module: 0.1.1 (/opt/ros/humble/share/eigen3_cmake_module/cmake)
[0.725s] -- Ensuring Eigen3 include directory is part of orocos-kdl CMake target
[0.732s] -- Found ament_lint_auto: 0.12.12 (/opt/ros/humble/share/ament_lint_auto/cmake)
[0.834s] -- Added test 'copyright' to check source files copyright and LICENSE
[0.834s] -- Added test 'cppcheck' to perform static code analysis on C / C++ code
[0.834s] -- Configured cppcheck include dirs: $<BUILD_INTERFACE:/home/luis/azure_sky_ros2/src/rm_can_driver/include>
[0.834s] -- Configured cppcheck exclude dirs and/or files: 
[0.836s] -- Added test 'cpplint' to check C / C++ code against the Google style
[0.836s] -- Configured cpplint exclude dirs and/or files: 
[0.836s] -- Added test 'flake8' to check Python code syntax and style conventions
[0.836s] -- Added test 'lint_cmake' to check CMake code style
[0.837s] -- Added test 'pep257' to check Python code against some of the docstring style conventions in PEP 257
[0.840s] -- Added test 'uncrustify' to check C / C++ code style
[0.840s] -- Configured uncrustify additional arguments: 
[0.840s] -- Added test 'xmllint' to check XML markup files
[0.841s] -- Configuring done
[0.882s] -- Generating done
[0.891s] -- Build files have been written to: /home/luis/azure_sky_ros2/build/rm_can_driver
[0.945s] [35m[1mConsolidate compiler generated dependencies of target rm_can_driver_node[0m
[0.976s] [ 50%] [32mBuilding CXX object CMakeFiles/rm_can_driver_node.dir/src/rm_can_driver.cpp.o[0m
[12.263s] [100%] [32m[1mLinking CXX executable rm_can_driver_node[0m
[13.254s] [100%] Built target rm_can_driver_node
[13.316s] Invoked command in '/home/luis/azure_sky_ros2/build/rm_can_driver' returned '0': AMENT_PREFIX_PATH=/home/luis/azure_sky_ros2/install/ros2_socketcan:/home/luis/azure_sky_ros2/install/ros2_socketcan_msgs:/home/luis/azure_sky_ros2/install/auto_aim_interfaces:${AMENT_PREFIX_PATH} CMAKE_PREFIX_PATH=/home/luis/azure_sky_ros2/install/ros2_socketcan:/home/luis/azure_sky_ros2/install/ros2_socketcan_msgs:/home/luis/azure_sky_ros2/install/auto_aim_interfaces:/opt/ros/humble LD_LIBRARY_PATH=/home/luis/azure_sky_ros2/install/ros2_socketcan/lib:/home/luis/azure_sky_ros2/install/ros2_socketcan_msgs/lib:/home/luis/azure_sky_ros2/install/auto_aim_interfaces/lib:/opt/MVS/lib/64:/opt/MVS/lib/32:/usr/lib/x86_64-linux-gnu/gazebo-11/plugins:/opt/ros/humble/opt/rviz_ogre_vendor/lib:/opt/ros/humble/lib/x86_64-linux-gnu:/opt/ros/humble/lib:/opt/MVS/lib/64:/opt/MVS/lib/32:/opt/MVS/lib/64:/opt/MVS/lib/32 PYTHONPATH=/home/luis/azure_sky_ros2/install/ros2_socketcan_msgs/local/lib/python3.10/dist-packages:/home/luis/azure_sky_ros2/install/auto_aim_interfaces/local/lib/python3.10/dist-packages:${PYTHONPATH} /usr/bin/cmake --build /home/luis/azure_sky_ros2/build/rm_can_driver -- -j12 -l12
[13.322s] Invoking command in '/home/luis/azure_sky_ros2/build/rm_can_driver': AMENT_PREFIX_PATH=/home/luis/azure_sky_ros2/install/ros2_socketcan:/home/luis/azure_sky_ros2/install/ros2_socketcan_msgs:/home/luis/azure_sky_ros2/install/auto_aim_interfaces:${AMENT_PREFIX_PATH} CMAKE_PREFIX_PATH=/home/luis/azure_sky_ros2/install/ros2_socketcan:/home/luis/azure_sky_ros2/install/ros2_socketcan_msgs:/home/luis/azure_sky_ros2/install/auto_aim_interfaces:/opt/ros/humble LD_LIBRARY_PATH=/home/luis/azure_sky_ros2/install/ros2_socketcan/lib:/home/luis/azure_sky_ros2/install/ros2_socketcan_msgs/lib:/home/luis/azure_sky_ros2/install/auto_aim_interfaces/lib:/opt/MVS/lib/64:/opt/MVS/lib/32:/usr/lib/x86_64-linux-gnu/gazebo-11/plugins:/opt/ros/humble/opt/rviz_ogre_vendor/lib:/opt/ros/humble/lib/x86_64-linux-gnu:/opt/ros/humble/lib:/opt/MVS/lib/64:/opt/MVS/lib/32:/opt/MVS/lib/64:/opt/MVS/lib/32 PYTHONPATH=/home/luis/azure_sky_ros2/install/ros2_socketcan_msgs/local/lib/python3.10/dist-packages:/home/luis/azure_sky_ros2/install/auto_aim_interfaces/local/lib/python3.10/dist-packages:${PYTHONPATH} /usr/bin/cmake --install /home/luis/azure_sky_ros2/build/rm_can_driver
[13.332s] -- Install configuration: ""
[13.334s] -- Installing: /home/luis/azure_sky_ros2/install/rm_can_driver/lib/rm_can_driver/rm_can_driver_node
[13.337s] -- Set runtime path of "/home/luis/azure_sky_ros2/install/rm_can_driver/lib/rm_can_driver/rm_can_driver_node" to ""
[13.339s] -- Up-to-date: /home/luis/azure_sky_ros2/install/rm_can_driver/share/ament_index/resource_index/package_run_dependencies/rm_can_driver
[13.339s] -- Installing: /home/luis/azure_sky_ros2/install/rm_can_driver/share/ament_index/resource_index/parent_prefix_path/rm_can_driver
[13.340s] -- Up-to-date: /home/luis/azure_sky_ros2/install/rm_can_driver/share/rm_can_driver/environment/ament_prefix_path.sh
[13.340s] -- Installing: /home/luis/azure_sky_ros2/install/rm_can_driver/share/rm_can_driver/environment/ament_prefix_path.dsv
[13.340s] -- Up-to-date: /home/luis/azure_sky_ros2/install/rm_can_driver/share/rm_can_driver/environment/path.sh
[13.340s] -- Installing: /home/luis/azure_sky_ros2/install/rm_can_driver/share/rm_can_driver/environment/path.dsv
[13.341s] -- Up-to-date: /home/luis/azure_sky_ros2/install/rm_can_driver/share/rm_can_driver/local_setup.bash
[13.341s] -- Up-to-date: /home/luis/azure_sky_ros2/install/rm_can_driver/share/rm_can_driver/local_setup.sh
[13.341s] -- Up-to-date: /home/luis/azure_sky_ros2/install/rm_can_driver/share/rm_can_driver/local_setup.zsh
[13.341s] -- Installing: /home/luis/azure_sky_ros2/install/rm_can_driver/share/rm_can_driver/local_setup.dsv
[13.341s] -- Installing: /home/luis/azure_sky_ros2/install/rm_can_driver/share/rm_can_driver/package.dsv
[13.342s] -- Up-to-date: /home/luis/azure_sky_ros2/install/rm_can_driver/share/ament_index/resource_index/packages/rm_can_driver
[13.342s] -- Up-to-date: /home/luis/azure_sky_ros2/install/rm_can_driver/share/rm_can_driver/cmake/rm_can_driverConfig.cmake
[13.342s] -- Up-to-date: /home/luis/azure_sky_ros2/install/rm_can_driver/share/rm_can_driver/cmake/rm_can_driverConfig-version.cmake
[13.342s] -- Installing: /home/luis/azure_sky_ros2/install/rm_can_driver/share/rm_can_driver/package.xml
[13.347s] Invoked command in '/home/luis/azure_sky_ros2/build/rm_can_driver' returned '0': AMENT_PREFIX_PATH=/home/luis/azure_sky_ros2/install/ros2_socketcan:/home/luis/azure_sky_ros2/install/ros2_socketcan_msgs:/home/luis/azure_sky_ros2/install/auto_aim_interfaces:${AMENT_PREFIX_PATH} CMAKE_PREFIX_PATH=/home/luis/azure_sky_ros2/install/ros2_socketcan:/home/luis/azure_sky_ros2/install/ros2_socketcan_msgs:/home/luis/azure_sky_ros2/install/auto_aim_interfaces:/opt/ros/humble LD_LIBRARY_PATH=/home/luis/azure_sky_ros2/install/ros2_socketcan/lib:/home/luis/azure_sky_ros2/install/ros2_socketcan_msgs/lib:/home/luis/azure_sky_ros2/install/auto_aim_interfaces/lib:/opt/MVS/lib/64:/opt/MVS/lib/32:/usr/lib/x86_64-linux-gnu/gazebo-11/plugins:/opt/ros/humble/opt/rviz_ogre_vendor/lib:/opt/ros/humble/lib/x86_64-linux-gnu:/opt/ros/humble/lib:/opt/MVS/lib/64:/opt/MVS/lib/32:/opt/MVS/lib/64:/opt/MVS/lib/32 PYTHONPATH=/home/luis/azure_sky_ros2/install/ros2_socketcan_msgs/local/lib/python3.10/dist-packages:/home/luis/azure_sky_ros2/install/auto_aim_interfaces/local/lib/python3.10/dist-packages:${PYTHONPATH} /usr/bin/cmake --install /home/luis/azure_sky_ros2/build/rm_can_driver
