[ 50%] Built target shooter_controller_parameters
[35m[1mConsolidate compiler generated dependencies of target tide_shooter_controller[0m
[100%] Built target tide_shooter_controller
-- Install configuration: ""
-- Execute custom install script
-- Up-to-date symlink: /home/luis/workshop_ws/install/tide_shooter_controller/include/tide_shooter_controller/shooter_controller_parameters.hpp
-- Up-to-date symlink: /home/luis/workshop_ws/install/tide_shooter_controller/share/tide_shooter_controller//tide_shooter_controller.xml
-- Up-to-date symlink: /home/luis/workshop_ws/install/tide_shooter_controller/include//tide_shooter_controller.hpp
-- Up-to-date symlink: /home/luis/workshop_ws/install/tide_shooter_controller/share/tide_shooter_controller/environment/library_path.sh
-- Up-to-date symlink: /home/luis/workshop_ws/install/tide_shooter_controller/share/tide_shooter_controller/environment/library_path.dsv
-- Up-to-date symlink: /home/luis/workshop_ws/install/tide_shooter_controller/share/ament_index/resource_index/package_run_dependencies/tide_shooter_controller
-- Up-to-date symlink: /home/luis/workshop_ws/install/tide_shooter_controller/share/ament_index/resource_index/parent_prefix_path/tide_shooter_controller
-- Up-to-date symlink: /home/luis/workshop_ws/install/tide_shooter_controller/share/tide_shooter_controller/environment/ament_prefix_path.sh
-- Up-to-date symlink: /home/luis/workshop_ws/install/tide_shooter_controller/share/tide_shooter_controller/environment/ament_prefix_path.dsv
-- Up-to-date symlink: /home/luis/workshop_ws/install/tide_shooter_controller/share/tide_shooter_controller/environment/path.sh
-- Up-to-date symlink: /home/luis/workshop_ws/install/tide_shooter_controller/share/tide_shooter_controller/environment/path.dsv
-- Up-to-date symlink: /home/luis/workshop_ws/install/tide_shooter_controller/share/tide_shooter_controller/local_setup.bash
-- Up-to-date symlink: /home/luis/workshop_ws/install/tide_shooter_controller/share/tide_shooter_controller/local_setup.sh
-- Up-to-date symlink: /home/luis/workshop_ws/install/tide_shooter_controller/share/tide_shooter_controller/local_setup.zsh
-- Up-to-date symlink: /home/luis/workshop_ws/install/tide_shooter_controller/share/tide_shooter_controller/local_setup.dsv
-- Symlinking: /home/luis/workshop_ws/install/tide_shooter_controller/share/tide_shooter_controller/package.dsv
-- Up-to-date symlink: /home/luis/workshop_ws/install/tide_shooter_controller/share/ament_index/resource_index/packages/tide_shooter_controller
-- Up-to-date symlink: /home/luis/workshop_ws/install/tide_shooter_controller/share/ament_index/resource_index/controller_interface__pluginlib__plugin/tide_shooter_controller
-- Up-to-date symlink: /home/luis/workshop_ws/install/tide_shooter_controller/share/tide_shooter_controller/cmake/ament_cmake_export_dependencies-extras.cmake
-- Up-to-date symlink: /home/luis/workshop_ws/install/tide_shooter_controller/share/tide_shooter_controller/cmake/ament_cmake_export_targets-extras.cmake
-- Up-to-date symlink: /home/luis/workshop_ws/install/tide_shooter_controller/share/tide_shooter_controller/cmake/tide_shooter_controllerConfig.cmake
-- Up-to-date symlink: /home/luis/workshop_ws/install/tide_shooter_controller/share/tide_shooter_controller/cmake/tide_shooter_controllerConfig-version.cmake
-- Up-to-date symlink: /home/luis/workshop_ws/install/tide_shooter_controller/share/tide_shooter_controller/package.xml
-- Up-to-date: /home/luis/workshop_ws/install/tide_shooter_controller/lib/libtide_shooter_controller.so
-- Up-to-date: /home/luis/workshop_ws/install/tide_shooter_controller/share/tide_shooter_controller/cmake/export_tide_shooter_controllerExport.cmake
-- Up-to-date: /home/luis/workshop_ws/install/tide_shooter_controller/share/tide_shooter_controller/cmake/export_tide_shooter_controllerExport-noconfig.cmake
