[0.023s] Invoking command in '/home/luis/azure_sky_ros2/build/armor_detector': AMENT_PREFIX_PATH=/home/luis/azure_sky_ros2/install/auto_aim_interfaces:${AMENT_PREFIX_PATH} CMAKE_PREFIX_PATH=/home/luis/azure_sky_ros2/install/auto_aim_interfaces:/opt/ros/humble LD_LIBRARY_PATH=/home/luis/azure_sky_ros2/install/auto_aim_interfaces/lib:/opt/MVS/lib/64:/opt/MVS/lib/32:/usr/lib/x86_64-linux-gnu/gazebo-11/plugins:/opt/ros/humble/opt/rviz_ogre_vendor/lib:/opt/ros/humble/lib/x86_64-linux-gnu:/opt/ros/humble/lib:/opt/MVS/lib/64:/opt/MVS/lib/32:/opt/MVS/lib/64:/opt/MVS/lib/32 PYTHONPATH=/home/luis/azure_sky_ros2/install/auto_aim_interfaces/local/lib/python3.10/dist-packages:${PYTHONPATH} /usr/bin/cmake --build /home/luis/azure_sky_ros2/build/armor_detector -- -j12 -l12
[0.064s] -- Found ament_cmake_auto: 1.3.11 (/opt/ros/humble/share/ament_cmake_auto/cmake)
[0.348s] -- Found rosidl_generator_c: 3.1.6 (/opt/ros/humble/share/rosidl_generator_c/cmake)
[0.350s] -- Found rosidl_adapter: 3.1.6 (/opt/ros/humble/share/rosidl_adapter/cmake)
[0.356s] -- Found rosidl_generator_cpp: 3.1.6 (/opt/ros/humble/share/rosidl_generator_cpp/cmake)
[0.365s] -- Using all available rosidl_typesupport_c: rosidl_typesupport_fastrtps_c;rosidl_typesupport_introspection_c
[0.377s] -- Using all available rosidl_typesupport_cpp: rosidl_typesupport_fastrtps_cpp;rosidl_typesupport_introspection_cpp
[0.410s] -- Found rmw_implementation_cmake: 6.1.2 (/opt/ros/humble/share/rmw_implementation_cmake/cmake)
[0.412s] -- Found rmw_fastrtps_cpp: 6.2.7 (/opt/ros/humble/share/rmw_fastrtps_cpp/cmake)
[0.556s] -- Using RMW implementation 'rmw_fastrtps_cpp' as default
[0.776s] -- Found eigen3_cmake_module: 0.1.1 (/opt/ros/humble/share/eigen3_cmake_module/cmake)
[0.778s] -- Ensuring Eigen3 include directory is part of orocos-kdl CMake target
[0.865s] -- Found ament_lint_auto: 0.12.12 (/opt/ros/humble/share/ament_lint_auto/cmake)
[0.876s] -- Found ament_cmake_gtest: 1.3.11 (/opt/ros/humble/share/ament_cmake_gtest/cmake)
[0.876s] -- Found gtest sources under '/opt/ros/humble/src/gtest_vendor': C++ tests using 'Google Test' will be built
[0.892s] -- Added test 'cppcheck' to perform static code analysis on C / C++ code
[0.892s] -- Configured cppcheck include dirs: /home/luis/azure_sky_ros2/src/rm_auto_aim/armor_detector/include
[0.894s] -- Configured cppcheck exclude dirs and/or files: 
[0.894s] -- Added test 'lint_cmake' to check CMake code style
[0.895s] -- Added test 'xmllint' to check XML markup files
[0.898s] -- Added test 'clang_format' to check C / C++ code style
[0.902s] -- Configuring done
[0.990s] -- Generating done
[1.017s] -- Build files have been written to: /home/luis/azure_sky_ros2/build/armor_detector
[1.099s] [35m[1mConsolidate compiler generated dependencies of target gtest[0m
[1.109s] [35m[1mConsolidate compiler generated dependencies of target armor_detector[0m
[1.109s] [35m[1mConsolidate compiler generated dependencies of target armor_detector_node[0m
[1.114s] [35m[1mConsolidate compiler generated dependencies of target gtest_main[0m
[1.127s] [ 13%] Built target gtest
[1.159s] [ 26%] Built target gtest_main
[1.163s] [ 40%] Built target armor_detector_node
[1.166s] [ 46%] [32mBuilding CXX object CMakeFiles/armor_detector.dir/src/detector.cpp.o[0m
[1.171s] [ 53%] [32mBuilding CXX object CMakeFiles/armor_detector.dir/src/detector_node.cpp.o[0m
[1.183s] [ 60%] [32mBuilding CXX object CMakeFiles/armor_detector.dir/src/number_classifier.cpp.o[0m
[1.183s] [ 66%] [32mBuilding CXX object CMakeFiles/armor_detector.dir/src/pnp_solver.cpp.o[0m
[28.146s] [ 73%] [32m[1mLinking CXX shared library libarmor_detector.so[0m
[29.952s] [ 73%] Built target armor_detector
[29.970s] [35m[1mConsolidate compiler generated dependencies of target test_number_cls[0m
[29.979s] [35m[1mConsolidate compiler generated dependencies of target test_node_startup[0m
[30.013s] [ 80%] [32mBuilding CXX object CMakeFiles/test_number_cls.dir/test/test_number_cls.cpp.o[0m
[30.038s] [ 86%] [32mBuilding CXX object CMakeFiles/test_node_startup.dir/test/test_node_startup.cpp.o[0m
[32.146s] [ 93%] [32m[1mLinking CXX executable test_number_cls[0m
[33.719s] [ 93%] Built target test_number_cls
[35.063s] [100%] [32m[1mLinking CXX executable test_node_startup[0m
[36.526s] [100%] Built target test_node_startup
[36.590s] Invoked command in '/home/luis/azure_sky_ros2/build/armor_detector' returned '0': AMENT_PREFIX_PATH=/home/luis/azure_sky_ros2/install/auto_aim_interfaces:${AMENT_PREFIX_PATH} CMAKE_PREFIX_PATH=/home/luis/azure_sky_ros2/install/auto_aim_interfaces:/opt/ros/humble LD_LIBRARY_PATH=/home/luis/azure_sky_ros2/install/auto_aim_interfaces/lib:/opt/MVS/lib/64:/opt/MVS/lib/32:/usr/lib/x86_64-linux-gnu/gazebo-11/plugins:/opt/ros/humble/opt/rviz_ogre_vendor/lib:/opt/ros/humble/lib/x86_64-linux-gnu:/opt/ros/humble/lib:/opt/MVS/lib/64:/opt/MVS/lib/32:/opt/MVS/lib/64:/opt/MVS/lib/32 PYTHONPATH=/home/luis/azure_sky_ros2/install/auto_aim_interfaces/local/lib/python3.10/dist-packages:${PYTHONPATH} /usr/bin/cmake --build /home/luis/azure_sky_ros2/build/armor_detector -- -j12 -l12
[36.594s] Invoking command in '/home/luis/azure_sky_ros2/build/armor_detector': AMENT_PREFIX_PATH=/home/luis/azure_sky_ros2/install/auto_aim_interfaces:${AMENT_PREFIX_PATH} CMAKE_PREFIX_PATH=/home/luis/azure_sky_ros2/install/auto_aim_interfaces:/opt/ros/humble LD_LIBRARY_PATH=/home/luis/azure_sky_ros2/install/auto_aim_interfaces/lib:/opt/MVS/lib/64:/opt/MVS/lib/32:/usr/lib/x86_64-linux-gnu/gazebo-11/plugins:/opt/ros/humble/opt/rviz_ogre_vendor/lib:/opt/ros/humble/lib/x86_64-linux-gnu:/opt/ros/humble/lib:/opt/MVS/lib/64:/opt/MVS/lib/32:/opt/MVS/lib/64:/opt/MVS/lib/32 PYTHONPATH=/home/luis/azure_sky_ros2/install/auto_aim_interfaces/local/lib/python3.10/dist-packages:${PYTHONPATH} /usr/bin/cmake --install /home/luis/azure_sky_ros2/build/armor_detector
[36.613s] -- Install configuration: ""
[36.614s] -- Up-to-date: /home/luis/azure_sky_ros2/install/armor_detector/lib/armor_detector/armor_detector_node
[36.614s] -- Up-to-date: /home/luis/azure_sky_ros2/install/armor_detector/include
[36.614s] -- Up-to-date: /home/luis/azure_sky_ros2/install/armor_detector/include/armor_detector
[36.615s] -- Installing: /home/luis/azure_sky_ros2/install/armor_detector/include/armor_detector/pnp_solver.hpp
[36.615s] -- Installing: /home/luis/azure_sky_ros2/install/armor_detector/include/armor_detector/number_classifier.hpp
[36.615s] -- Installing: /home/luis/azure_sky_ros2/install/armor_detector/include/armor_detector/armor.hpp
[36.615s] -- Installing: /home/luis/azure_sky_ros2/install/armor_detector/include/armor_detector/detector.hpp
[36.615s] -- Installing: /home/luis/azure_sky_ros2/install/armor_detector/include/armor_detector/detector_node.hpp
[36.616s] -- Up-to-date: /home/luis/azure_sky_ros2/install/armor_detector/share/armor_detector/environment/library_path.sh
[36.616s] -- Installing: /home/luis/azure_sky_ros2/install/armor_detector/share/armor_detector/environment/library_path.dsv
[36.617s] -- Installing: /home/luis/azure_sky_ros2/install/armor_detector/lib/libarmor_detector.so
[36.637s] -- Set runtime path of "/home/luis/azure_sky_ros2/install/armor_detector/lib/libarmor_detector.so" to ""
[36.638s] -- Up-to-date: /home/luis/azure_sky_ros2/install/armor_detector/share/armor_detector/model
[36.638s] -- Installing: /home/luis/azure_sky_ros2/install/armor_detector/share/armor_detector/model/label.txt
[36.638s] -- Installing: /home/luis/azure_sky_ros2/install/armor_detector/share/armor_detector/model/mlp.onnx
[36.640s] -- Up-to-date: /home/luis/azure_sky_ros2/install/armor_detector/share/ament_index/resource_index/package_run_dependencies/armor_detector
[36.641s] -- Installing: /home/luis/azure_sky_ros2/install/armor_detector/share/ament_index/resource_index/parent_prefix_path/armor_detector
[36.641s] -- Up-to-date: /home/luis/azure_sky_ros2/install/armor_detector/share/armor_detector/environment/ament_prefix_path.sh
[36.641s] -- Installing: /home/luis/azure_sky_ros2/install/armor_detector/share/armor_detector/environment/ament_prefix_path.dsv
[36.641s] -- Up-to-date: /home/luis/azure_sky_ros2/install/armor_detector/share/armor_detector/environment/path.sh
[36.641s] -- Installing: /home/luis/azure_sky_ros2/install/armor_detector/share/armor_detector/environment/path.dsv
[36.642s] -- Up-to-date: /home/luis/azure_sky_ros2/install/armor_detector/share/armor_detector/local_setup.bash
[36.642s] -- Up-to-date: /home/luis/azure_sky_ros2/install/armor_detector/share/armor_detector/local_setup.sh
[36.642s] -- Up-to-date: /home/luis/azure_sky_ros2/install/armor_detector/share/armor_detector/local_setup.zsh
[36.642s] -- Installing: /home/luis/azure_sky_ros2/install/armor_detector/share/armor_detector/local_setup.dsv
[36.642s] -- Installing: /home/luis/azure_sky_ros2/install/armor_detector/share/armor_detector/package.dsv
[36.643s] -- Up-to-date: /home/luis/azure_sky_ros2/install/armor_detector/share/ament_index/resource_index/packages/armor_detector
[36.643s] -- Up-to-date: /home/luis/azure_sky_ros2/install/armor_detector/share/ament_index/resource_index/rclcpp_components/armor_detector
[36.643s] -- Up-to-date: /home/luis/azure_sky_ros2/install/armor_detector/share/armor_detector/cmake/ament_cmake_export_dependencies-extras.cmake
[36.643s] -- Up-to-date: /home/luis/azure_sky_ros2/install/armor_detector/share/armor_detector/cmake/ament_cmake_export_include_directories-extras.cmake
[36.643s] -- Up-to-date: /home/luis/azure_sky_ros2/install/armor_detector/share/armor_detector/cmake/ament_cmake_export_libraries-extras.cmake
[36.644s] -- Up-to-date: /home/luis/azure_sky_ros2/install/armor_detector/share/armor_detector/cmake/armor_detectorConfig.cmake
[36.644s] -- Up-to-date: /home/luis/azure_sky_ros2/install/armor_detector/share/armor_detector/cmake/armor_detectorConfig-version.cmake
[36.644s] -- Installing: /home/luis/azure_sky_ros2/install/armor_detector/share/armor_detector/package.xml
[36.647s] Invoked command in '/home/luis/azure_sky_ros2/build/armor_detector' returned '0': AMENT_PREFIX_PATH=/home/luis/azure_sky_ros2/install/auto_aim_interfaces:${AMENT_PREFIX_PATH} CMAKE_PREFIX_PATH=/home/luis/azure_sky_ros2/install/auto_aim_interfaces:/opt/ros/humble LD_LIBRARY_PATH=/home/luis/azure_sky_ros2/install/auto_aim_interfaces/lib:/opt/MVS/lib/64:/opt/MVS/lib/32:/usr/lib/x86_64-linux-gnu/gazebo-11/plugins:/opt/ros/humble/opt/rviz_ogre_vendor/lib:/opt/ros/humble/lib/x86_64-linux-gnu:/opt/ros/humble/lib:/opt/MVS/lib/64:/opt/MVS/lib/32:/opt/MVS/lib/64:/opt/MVS/lib/32 PYTHONPATH=/home/luis/azure_sky_ros2/install/auto_aim_interfaces/local/lib/python3.10/dist-packages:${PYTHONPATH} /usr/bin/cmake --install /home/luis/azure_sky_ros2/build/armor_detector
