[0.054s] Invoking command in '/home/luis/azure_sky_ros2/build/rm_auto_record': CMAKE_PREFIX_PATH=${CMAKE_PREFIX_PATH}:/opt/ros/humble /usr/bin/cmake /home/luis/azure_sky_ros2/src/rm_auto_record -DCMAKE_INSTALL_PREFIX=/home/luis/azure_sky_ros2/install/rm_auto_record
[0.194s] -- The C compiler identification is GNU 12.3.0
[0.328s] -- The CXX compiler identification is GNU 11.4.0
[0.345s] -- Detecting C compiler ABI info
[0.528s] -- Detecting C compiler ABI info - done
[0.540s] -- Check for working C compiler: /usr/bin/cc - skipped
[0.541s] -- Detecting C compile features
[0.541s] -- Detecting C compile features - done
[0.546s] -- Detecting CXX compiler ABI info
[0.739s] -- Detecting CXX compiler ABI info - done
[0.752s] -- Check for working CXX compiler: /usr/bin/c++ - skipped
[0.752s] -- Detecting CXX compile features
[0.753s] -- Detecting CXX compile features - done
[0.757s] -- Found ament_cmake_auto: 1.3.11 (/opt/ros/humble/share/ament_cmake_auto/cmake)
[1.072s] -- Found Python3: /usr/bin/python3 (found version "3.10.12") found components: Interpreter 
[1.554s] -- Found rosidl_generator_c: 3.1.6 (/opt/ros/humble/share/rosidl_generator_c/cmake)
[1.565s] -- Found rosidl_adapter: 3.1.6 (/opt/ros/humble/share/rosidl_adapter/cmake)
[1.584s] -- Found rosidl_generator_cpp: 3.1.6 (/opt/ros/humble/share/rosidl_generator_cpp/cmake)
[1.612s] -- Using all available rosidl_typesupport_c: rosidl_typesupport_fastrtps_c;rosidl_typesupport_introspection_c
[1.652s] -- Using all available rosidl_typesupport_cpp: rosidl_typesupport_fastrtps_cpp;rosidl_typesupport_introspection_cpp
[1.754s] -- Found rmw_implementation_cmake: 6.1.2 (/opt/ros/humble/share/rmw_implementation_cmake/cmake)
[1.761s] -- Found rmw_fastrtps_cpp: 6.2.7 (/opt/ros/humble/share/rmw_fastrtps_cpp/cmake)
[2.001s] -- Found OpenSSL: /usr/lib/x86_64-linux-gnu/libcrypto.so (found version "3.0.2")  
[2.061s] -- Found FastRTPS: /opt/ros/humble/include  
[2.158s] -- Using RMW implementation 'rmw_fastrtps_cpp' as default
[2.173s] -- Looking for pthread.h
[2.356s] -- Looking for pthread.h - found
[2.356s] -- Performing Test CMAKE_HAVE_LIBC_PTHREAD
[2.533s] -- Performing Test CMAKE_HAVE_LIBC_PTHREAD - Success
[2.535s] -- Found Threads: TRUE  
[2.806s] -- Found ament_lint_auto: 0.12.12 (/opt/ros/humble/share/ament_lint_auto/cmake)
[2.844s] -- Added test 'cppcheck' to perform static code analysis on C / C++ code
[2.844s] -- Configured cppcheck include dirs: /home/luis/azure_sky_ros2/src/rm_auto_record/include
[2.844s] -- Configured cppcheck exclude dirs and/or files: 
[2.847s] -- Added test 'cpplint' to check C / C++ code against the Google style
[2.847s] -- Configured cpplint exclude dirs and/or files: 
[2.848s] -- Added test 'flake8' to check Python code syntax and style conventions
[2.850s] -- Added test 'lint_cmake' to check CMake code style
[2.851s] -- Added test 'pep257' to check Python code against some of the docstring style conventions in PEP 257
[2.852s] -- Added test 'xmllint' to check XML markup files
[2.858s] -- Configuring done
[2.880s] -- Generating done
[2.891s] -- Build files have been written to: /home/luis/azure_sky_ros2/build/rm_auto_record
[2.907s] Invoked command in '/home/luis/azure_sky_ros2/build/rm_auto_record' returned '0': CMAKE_PREFIX_PATH=${CMAKE_PREFIX_PATH}:/opt/ros/humble /usr/bin/cmake /home/luis/azure_sky_ros2/src/rm_auto_record -DCMAKE_INSTALL_PREFIX=/home/luis/azure_sky_ros2/install/rm_auto_record
[2.910s] Invoking command in '/home/luis/azure_sky_ros2/build/rm_auto_record': CMAKE_PREFIX_PATH=${CMAKE_PREFIX_PATH}:/opt/ros/humble /usr/bin/cmake --build /home/luis/azure_sky_ros2/build/rm_auto_record -- -j12 -l12
[3.020s] [ 25%] [32mBuilding CXX object CMakeFiles/rm_auto_record_node.dir/rclcpp_components/node_main_rm_auto_record_node.cpp.o[0m
[3.021s] [ 50%] [32mBuilding CXX object CMakeFiles/rm_auto_record.dir/src/record_node.cpp.o[0m
[13.274s] [ 75%] [32m[1mLinking CXX executable rm_auto_record_node[0m
[14.161s] [ 75%] Built target rm_auto_record_node
