[35m[1mConsolidate compiler generated dependencies of target buff_detector_node[0m
[35m[1mConsolidate compiler generated dependencies of target buff_detector[0m
[ 33%] Built target buff_detector_node
[100%] Built target buff_detector
-- Install configuration: ""
-- Installing: /home/luis/azure_sky_ros2/install/buff_detector/lib/buff_detector/buff_detector_node
-- Set runtime path of "/home/luis/azure_sky_ros2/install/buff_detector/lib/buff_detector/buff_detector_node" to ""
-- Installing: /home/luis/azure_sky_ros2/install/buff_detector/include
-- Installing: /home/luis/azure_sky_ros2/install/buff_detector/include/buff_detector
-- Installing: /home/luis/azure_sky_ros2/install/buff_detector/include/buff_detector/pnp_solver.hpp
-- Installing: /home/luis/azure_sky_ros2/install/buff_detector/include/buff_detector/blade.hpp
-- Installing: /home/luis/azure_sky_ros2/install/buff_detector/include/buff_detector/detector.hpp
-- Installing: /home/luis/azure_sky_ros2/install/buff_detector/include/buff_detector/detector_node.hpp
-- Installing: /home/luis/azure_sky_ros2/install/buff_detector/share/buff_detector/environment/library_path.sh
-- Installing: /home/luis/azure_sky_ros2/install/buff_detector/share/buff_detector/environment/library_path.dsv
-- Installing: /home/luis/azure_sky_ros2/install/buff_detector/lib/libbuff_detector.so
-- Set runtime path of "/home/luis/azure_sky_ros2/install/buff_detector/lib/libbuff_detector.so" to ""
-- Installing: /home/luis/azure_sky_ros2/install/buff_detector/share/buff_detector/models
-- Installing: /home/luis/azure_sky_ros2/install/buff_detector/share/buff_detector/models/buff_quantized.xml
-- Installing: /home/luis/azure_sky_ros2/install/buff_detector/share/buff_detector/models/buff_quantized.bin
-- Installing: /home/luis/azure_sky_ros2/install/buff_detector/share/buff_detector/launch
-- Installing: /home/luis/azure_sky_ros2/install/buff_detector/share/buff_detector/launch/buff_detector.launch.py
-- Installing: /home/luis/azure_sky_ros2/install/buff_detector/share/ament_index/resource_index/package_run_dependencies/buff_detector
-- Installing: /home/luis/azure_sky_ros2/install/buff_detector/share/ament_index/resource_index/parent_prefix_path/buff_detector
-- Installing: /home/luis/azure_sky_ros2/install/buff_detector/share/buff_detector/environment/ament_prefix_path.sh
-- Installing: /home/luis/azure_sky_ros2/install/buff_detector/share/buff_detector/environment/ament_prefix_path.dsv
-- Installing: /home/luis/azure_sky_ros2/install/buff_detector/share/buff_detector/environment/path.sh
-- Installing: /home/luis/azure_sky_ros2/install/buff_detector/share/buff_detector/environment/path.dsv
-- Installing: /home/luis/azure_sky_ros2/install/buff_detector/share/buff_detector/local_setup.bash
-- Installing: /home/luis/azure_sky_ros2/install/buff_detector/share/buff_detector/local_setup.sh
-- Installing: /home/luis/azure_sky_ros2/install/buff_detector/share/buff_detector/local_setup.zsh
-- Installing: /home/luis/azure_sky_ros2/install/buff_detector/share/buff_detector/local_setup.dsv
-- Installing: /home/luis/azure_sky_ros2/install/buff_detector/share/buff_detector/package.dsv
-- Installing: /home/luis/azure_sky_ros2/install/buff_detector/share/ament_index/resource_index/packages/buff_detector
-- Installing: /home/luis/azure_sky_ros2/install/buff_detector/share/ament_index/resource_index/rclcpp_components/buff_detector
-- Installing: /home/luis/azure_sky_ros2/install/buff_detector/share/buff_detector/cmake/ament_cmake_export_dependencies-extras.cmake
-- Installing: /home/luis/azure_sky_ros2/install/buff_detector/share/buff_detector/cmake/ament_cmake_export_include_directories-extras.cmake
-- Installing: /home/luis/azure_sky_ros2/install/buff_detector/share/buff_detector/cmake/ament_cmake_export_libraries-extras.cmake
-- Installing: /home/luis/azure_sky_ros2/install/buff_detector/share/buff_detector/cmake/buff_detectorConfig.cmake
-- Installing: /home/luis/azure_sky_ros2/install/buff_detector/share/buff_detector/cmake/buff_detectorConfig-version.cmake
-- Installing: /home/luis/azure_sky_ros2/install/buff_detector/share/buff_detector/package.xml
