[0.063s] Invoking command in '/home/luis/azure_sky_ros2/build/buff_detector': CMAKE_PREFIX_PATH=/home/luis/azure_sky_ros2/install/buff_interfaces:/home/luis/azure_sky_ros2/install/tide_msgs:/home/luis/azure_sky_ros2/install/serial:/home/luis/azure_sky_ros2/install/ros2_socketcan_msgs:/home/luis/azure_sky_ros2/install/rm_gimbal_description:/home/luis/azure_sky_ros2/install/rm_auto_record:/home/luis/azure_sky_ros2/install/hik_camera:/home/luis/azure_sky_ros2/install/auto_aim_interfaces:/opt/ros/humble LD_LIBRARY_PATH=/home/luis/azure_sky_ros2/install/buff_interfaces/lib:/home/luis/azure_sky_ros2/install/tide_msgs/lib:/home/luis/azure_sky_ros2/install/serial/lib:/home/luis/azure_sky_ros2/install/ros2_socketcan_msgs/lib:/home/luis/azure_sky_ros2/install/rm_auto_record/lib:/home/luis/azure_sky_ros2/install/hik_camera/lib:/home/luis/azure_sky_ros2/install/auto_aim_interfaces/lib:/opt/MVS/lib/64:/opt/MVS/lib/32:/usr/lib/x86_64-linux-gnu/gazebo-11/plugins:/opt/ros/humble/opt/rviz_ogre_vendor/lib:/opt/ros/humble/lib/x86_64-linux-gnu:/opt/ros/humble/lib:/opt/MVS/lib/64:/opt/MVS/lib/32:/opt/MVS/lib/64:/opt/MVS/lib/32 /usr/bin/cmake --build /home/luis/azure_sky_ros2/build/buff_detector -- -j12 -l12
[0.204s] [35m[1mConsolidate compiler generated dependencies of target buff_detector_node[0m
[0.231s] [35m[1mConsolidate compiler generated dependencies of target buff_detector[0m
[0.271s] [ 33%] Built target buff_detector_node
[0.308s] [100%] Built target buff_detector
[0.352s] Invoked command in '/home/luis/azure_sky_ros2/build/buff_detector' returned '0': CMAKE_PREFIX_PATH=/home/luis/azure_sky_ros2/install/buff_interfaces:/home/luis/azure_sky_ros2/install/tide_msgs:/home/luis/azure_sky_ros2/install/serial:/home/luis/azure_sky_ros2/install/ros2_socketcan_msgs:/home/luis/azure_sky_ros2/install/rm_gimbal_description:/home/luis/azure_sky_ros2/install/rm_auto_record:/home/luis/azure_sky_ros2/install/hik_camera:/home/luis/azure_sky_ros2/install/auto_aim_interfaces:/opt/ros/humble LD_LIBRARY_PATH=/home/luis/azure_sky_ros2/install/buff_interfaces/lib:/home/luis/azure_sky_ros2/install/tide_msgs/lib:/home/luis/azure_sky_ros2/install/serial/lib:/home/luis/azure_sky_ros2/install/ros2_socketcan_msgs/lib:/home/luis/azure_sky_ros2/install/rm_auto_record/lib:/home/luis/azure_sky_ros2/install/hik_camera/lib:/home/luis/azure_sky_ros2/install/auto_aim_interfaces/lib:/opt/MVS/lib/64:/opt/MVS/lib/32:/usr/lib/x86_64-linux-gnu/gazebo-11/plugins:/opt/ros/humble/opt/rviz_ogre_vendor/lib:/opt/ros/humble/lib/x86_64-linux-gnu:/opt/ros/humble/lib:/opt/MVS/lib/64:/opt/MVS/lib/32:/opt/MVS/lib/64:/opt/MVS/lib/32 /usr/bin/cmake --build /home/luis/azure_sky_ros2/build/buff_detector -- -j12 -l12
[0.357s] Invoking command in '/home/luis/azure_sky_ros2/build/buff_detector': CMAKE_PREFIX_PATH=/home/luis/azure_sky_ros2/install/buff_interfaces:/home/luis/azure_sky_ros2/install/tide_msgs:/home/luis/azure_sky_ros2/install/serial:/home/luis/azure_sky_ros2/install/ros2_socketcan_msgs:/home/luis/azure_sky_ros2/install/rm_gimbal_description:/home/luis/azure_sky_ros2/install/rm_auto_record:/home/luis/azure_sky_ros2/install/hik_camera:/home/luis/azure_sky_ros2/install/auto_aim_interfaces:/opt/ros/humble LD_LIBRARY_PATH=/home/luis/azure_sky_ros2/install/buff_interfaces/lib:/home/luis/azure_sky_ros2/install/tide_msgs/lib:/home/luis/azure_sky_ros2/install/serial/lib:/home/luis/azure_sky_ros2/install/ros2_socketcan_msgs/lib:/home/luis/azure_sky_ros2/install/rm_auto_record/lib:/home/luis/azure_sky_ros2/install/hik_camera/lib:/home/luis/azure_sky_ros2/install/auto_aim_interfaces/lib:/opt/MVS/lib/64:/opt/MVS/lib/32:/usr/lib/x86_64-linux-gnu/gazebo-11/plugins:/opt/ros/humble/opt/rviz_ogre_vendor/lib:/opt/ros/humble/lib/x86_64-linux-gnu:/opt/ros/humble/lib:/opt/MVS/lib/64:/opt/MVS/lib/32:/opt/MVS/lib/64:/opt/MVS/lib/32 /usr/bin/cmake --install /home/luis/azure_sky_ros2/build/buff_detector
[0.376s] -- Install configuration: ""
[0.377s] -- Installing: /home/luis/azure_sky_ros2/install/buff_detector/lib/buff_detector/buff_detector_node
[0.379s] -- Set runtime path of "/home/luis/azure_sky_ros2/install/buff_detector/lib/buff_detector/buff_detector_node" to ""
[0.379s] -- Installing: /home/luis/azure_sky_ros2/install/buff_detector/include
[0.379s] -- Installing: /home/luis/azure_sky_ros2/install/buff_detector/include/buff_detector
[0.379s] -- Installing: /home/luis/azure_sky_ros2/install/buff_detector/include/buff_detector/pnp_solver.hpp
[0.380s] -- Installing: /home/luis/azure_sky_ros2/install/buff_detector/include/buff_detector/blade.hpp
[0.380s] -- Installing: /home/luis/azure_sky_ros2/install/buff_detector/include/buff_detector/detector.hpp
[0.380s] -- Installing: /home/luis/azure_sky_ros2/install/buff_detector/include/buff_detector/detector_node.hpp
[0.381s] -- Installing: /home/luis/azure_sky_ros2/install/buff_detector/share/buff_detector/environment/library_path.sh
[0.382s] -- Installing: /home/luis/azure_sky_ros2/install/buff_detector/share/buff_detector/environment/library_path.dsv
[0.384s] -- Installing: /home/luis/azure_sky_ros2/install/buff_detector/lib/libbuff_detector.so
[0.414s] -- Set runtime path of "/home/luis/azure_sky_ros2/install/buff_detector/lib/libbuff_detector.so" to ""
[0.414s] -- Installing: /home/luis/azure_sky_ros2/install/buff_detector/share/buff_detector/models
[0.415s] -- Installing: /home/luis/azure_sky_ros2/install/buff_detector/share/buff_detector/models/buff_quantized.xml
[0.417s] -- Installing: /home/luis/azure_sky_ros2/install/buff_detector/share/buff_detector/models/buff_quantized.bin
[0.430s] -- Installing: /home/luis/azure_sky_ros2/install/buff_detector/share/buff_detector/launch
[0.430s] -- Installing: /home/luis/azure_sky_ros2/install/buff_detector/share/buff_detector/launch/buff_detector.launch.py
[0.432s] -- Installing: /home/luis/azure_sky_ros2/install/buff_detector/share/ament_index/resource_index/package_run_dependencies/buff_detector
[0.432s] -- Installing: /home/luis/azure_sky_ros2/install/buff_detector/share/ament_index/resource_index/parent_prefix_path/buff_detector
[0.432s] -- Installing: /home/luis/azure_sky_ros2/install/buff_detector/share/buff_detector/environment/ament_prefix_path.sh
[0.432s] -- Installing: /home/luis/azure_sky_ros2/install/buff_detector/share/buff_detector/environment/ament_prefix_path.dsv
[0.432s] -- Installing: /home/luis/azure_sky_ros2/install/buff_detector/share/buff_detector/environment/path.sh
[0.432s] -- Installing: /home/luis/azure_sky_ros2/install/buff_detector/share/buff_detector/environment/path.dsv
[0.432s] -- Installing: /home/luis/azure_sky_ros2/install/buff_detector/share/buff_detector/local_setup.bash
[0.433s] -- Installing: /home/luis/azure_sky_ros2/install/buff_detector/share/buff_detector/local_setup.sh
[0.433s] -- Installing: /home/luis/azure_sky_ros2/install/buff_detector/share/buff_detector/local_setup.zsh
[0.434s] -- Installing: /home/luis/azure_sky_ros2/install/buff_detector/share/buff_detector/local_setup.dsv
[0.435s] -- Installing: /home/luis/azure_sky_ros2/install/buff_detector/share/buff_detector/package.dsv
[0.437s] -- Installing: /home/luis/azure_sky_ros2/install/buff_detector/share/ament_index/resource_index/packages/buff_detector
[0.437s] -- Installing: /home/luis/azure_sky_ros2/install/buff_detector/share/ament_index/resource_index/rclcpp_components/buff_detector
[0.437s] -- Installing: /home/luis/azure_sky_ros2/install/buff_detector/share/buff_detector/cmake/ament_cmake_export_dependencies-extras.cmake
[0.437s] -- Installing: /home/luis/azure_sky_ros2/install/buff_detector/share/buff_detector/cmake/ament_cmake_export_include_directories-extras.cmake
[0.437s] -- Installing: /home/luis/azure_sky_ros2/install/buff_detector/share/buff_detector/cmake/ament_cmake_export_libraries-extras.cmake
[0.439s] -- Installing: /home/luis/azure_sky_ros2/install/buff_detector/share/buff_detector/cmake/buff_detectorConfig.cmake
[0.439s] -- Installing: /home/luis/azure_sky_ros2/install/buff_detector/share/buff_detector/cmake/buff_detectorConfig-version.cmake
[0.439s] -- Installing: /home/luis/azure_sky_ros2/install/buff_detector/share/buff_detector/package.xml
[0.505s] Invoked command in '/home/luis/azure_sky_ros2/build/buff_detector' returned '0': CMAKE_PREFIX_PATH=/home/luis/azure_sky_ros2/install/buff_interfaces:/home/luis/azure_sky_ros2/install/tide_msgs:/home/luis/azure_sky_ros2/install/serial:/home/luis/azure_sky_ros2/install/ros2_socketcan_msgs:/home/luis/azure_sky_ros2/install/rm_gimbal_description:/home/luis/azure_sky_ros2/install/rm_auto_record:/home/luis/azure_sky_ros2/install/hik_camera:/home/luis/azure_sky_ros2/install/auto_aim_interfaces:/opt/ros/humble LD_LIBRARY_PATH=/home/luis/azure_sky_ros2/install/buff_interfaces/lib:/home/luis/azure_sky_ros2/install/tide_msgs/lib:/home/luis/azure_sky_ros2/install/serial/lib:/home/luis/azure_sky_ros2/install/ros2_socketcan_msgs/lib:/home/luis/azure_sky_ros2/install/rm_auto_record/lib:/home/luis/azure_sky_ros2/install/hik_camera/lib:/home/luis/azure_sky_ros2/install/auto_aim_interfaces/lib:/opt/MVS/lib/64:/opt/MVS/lib/32:/usr/lib/x86_64-linux-gnu/gazebo-11/plugins:/opt/ros/humble/opt/rviz_ogre_vendor/lib:/opt/ros/humble/lib/x86_64-linux-gnu:/opt/ros/humble/lib:/opt/MVS/lib/64:/opt/MVS/lib/32:/opt/MVS/lib/64:/opt/MVS/lib/32 /usr/bin/cmake --install /home/luis/azure_sky_ros2/build/buff_detector
