[0.094s] DEBUG:colcon:Command line arguments: ['/usr/bin/colcon', 'build', '--packages-select', 'tide_gimbal_controller', 'tide_shooter_controller']
[0.094s] DEBUG:colcon:Parsed command line arguments: Namespace(log_base=None, log_level=None, verb_name='build', build_base='build', install_base='install', merge_install=False, symlink_install=False, test_result_base=None, continue_on_error=False, executor='parallel', parallel_workers=12, event_handlers=None, ignore_user_meta=False, metas=['./colcon.meta'], base_paths=['.'], packages_ignore=None, packages_ignore_regex=None, paths=None, packages_up_to=None, packages_up_to_regex=None, packages_above=None, packages_above_and_dependencies=None, packages_above_depth=None, packages_select_by_dep=None, packages_skip_by_dep=None, packages_skip_up_to=None, packages_select_build_failed=False, packages_skip_build_finished=False, packages_select_test_failures=False, packages_skip_test_passed=False, packages_select=['tide_gimbal_controller', 'tide_shooter_controller'], packages_skip=None, packages_select_regex=None, packages_skip_regex=None, packages_start=None, packages_end=None, allow_overriding=[], cmake_args=None, cmake_target=None, cmake_target_skip_unavailable=False, cmake_clean_cache=False, cmake_clean_first=False, cmake_force_configure=False, ament_cmake_args=None, catkin_cmake_args=None, catkin_skip_building_tests=False, mixin_files=None, mixin=None, verb_parser=<colcon_mixin.mixin.mixin_argument.MixinArgumentDecorator object at 0x76074454a560>, verb_extension=<colcon_core.verb.build.BuildVerb object at 0x760744653460>, main=<bound method BuildVerb.main of <colcon_core.verb.build.BuildVerb object at 0x760744653460>>, mixin_verb=('build',))
[0.244s] Level 1:colcon.colcon_core.package_discovery:discover_packages(colcon_meta) check parameters
[0.245s] Level 1:colcon.colcon_core.package_discovery:discover_packages(recursive) check parameters
[0.245s] Level 1:colcon.colcon_core.package_discovery:discover_packages(ignore) check parameters
[0.245s] Level 1:colcon.colcon_core.package_discovery:discover_packages(path) check parameters
[0.245s] Level 1:colcon.colcon_core.package_discovery:discover_packages(colcon_meta) discover
[0.245s] Level 1:colcon.colcon_core.package_discovery:discover_packages(recursive) discover
[0.245s] INFO:colcon.colcon_core.package_discovery:Crawling recursively for packages in '/home/luis/workshop_ws'
[0.245s] Level 1:colcon.colcon_core.package_identification:_identify(.) by extensions ['ignore', 'ignore_ament_install']
[0.245s] Level 1:colcon.colcon_core.package_identification:_identify(.) by extension 'ignore'
[0.245s] Level 1:colcon.colcon_core.package_identification:_identify(.) by extension 'ignore_ament_install'
[0.245s] Level 1:colcon.colcon_core.package_identification:_identify(.) by extensions ['colcon_pkg']
[0.245s] Level 1:colcon.colcon_core.package_identification:_identify(.) by extension 'colcon_pkg'
[0.245s] Level 1:colcon.colcon_core.package_identification:_identify(.) by extensions ['colcon_meta']
[0.245s] Level 1:colcon.colcon_core.package_identification:_identify(.) by extension 'colcon_meta'
[0.245s] Level 1:colcon.colcon_core.package_identification:_identify(.) by extensions ['ros']
[0.245s] Level 1:colcon.colcon_core.package_identification:_identify(.) by extension 'ros'
[0.254s] Level 1:colcon.colcon_core.package_identification:_identify(.) by extensions ['cmake', 'python']
[0.254s] Level 1:colcon.colcon_core.package_identification:_identify(.) by extension 'cmake'
[0.254s] Level 1:colcon.colcon_core.package_identification:_identify(.) by extension 'python'
[0.254s] Level 1:colcon.colcon_core.package_identification:_identify(.) by extensions ['python_setup_py']
[0.254s] Level 1:colcon.colcon_core.package_identification:_identify(.) by extension 'python_setup_py'
[0.255s] Level 1:colcon.colcon_core.package_identification:_identify(build) by extensions ['ignore', 'ignore_ament_install']
[0.255s] Level 1:colcon.colcon_core.package_identification:_identify(build) by extension 'ignore'
[0.255s] Level 1:colcon.colcon_core.package_identification:_identify(build) ignored
[0.255s] Level 1:colcon.colcon_core.package_identification:_identify(install) by extensions ['ignore', 'ignore_ament_install']
[0.255s] Level 1:colcon.colcon_core.package_identification:_identify(install) by extension 'ignore'
[0.255s] Level 1:colcon.colcon_core.package_identification:_identify(install) ignored
[0.255s] Level 1:colcon.colcon_core.package_identification:_identify(log) by extensions ['ignore', 'ignore_ament_install']
[0.255s] Level 1:colcon.colcon_core.package_identification:_identify(log) by extension 'ignore'
[0.255s] Level 1:colcon.colcon_core.package_identification:_identify(log) ignored
[0.255s] Level 1:colcon.colcon_core.package_identification:_identify(src) by extensions ['ignore', 'ignore_ament_install']
[0.255s] Level 1:colcon.colcon_core.package_identification:_identify(src) by extension 'ignore'
[0.255s] Level 1:colcon.colcon_core.package_identification:_identify(src) by extension 'ignore_ament_install'
[0.255s] Level 1:colcon.colcon_core.package_identification:_identify(src) by extensions ['colcon_pkg']
[0.255s] Level 1:colcon.colcon_core.package_identification:_identify(src) by extension 'colcon_pkg'
[0.255s] Level 1:colcon.colcon_core.package_identification:_identify(src) by extensions ['colcon_meta']
[0.255s] Level 1:colcon.colcon_core.package_identification:_identify(src) by extension 'colcon_meta'
[0.255s] Level 1:colcon.colcon_core.package_identification:_identify(src) by extensions ['ros']
[0.255s] Level 1:colcon.colcon_core.package_identification:_identify(src) by extension 'ros'
[0.255s] Level 1:colcon.colcon_core.package_identification:_identify(src) by extensions ['cmake', 'python']
[0.255s] Level 1:colcon.colcon_core.package_identification:_identify(src) by extension 'cmake'
[0.256s] Level 1:colcon.colcon_core.package_identification:_identify(src) by extension 'python'
[0.256s] Level 1:colcon.colcon_core.package_identification:_identify(src) by extensions ['python_setup_py']
[0.256s] Level 1:colcon.colcon_core.package_identification:_identify(src) by extension 'python_setup_py'
[0.256s] Level 1:colcon.colcon_core.package_identification:_identify(src/controlko_bringup) by extensions ['ignore', 'ignore_ament_install']
[0.256s] Level 1:colcon.colcon_core.package_identification:_identify(src/controlko_bringup) by extension 'ignore'
[0.256s] Level 1:colcon.colcon_core.package_identification:_identify(src/controlko_bringup) by extension 'ignore_ament_install'
[0.256s] Level 1:colcon.colcon_core.package_identification:_identify(src/controlko_bringup) by extensions ['colcon_pkg']
[0.256s] Level 1:colcon.colcon_core.package_identification:_identify(src/controlko_bringup) by extension 'colcon_pkg'
[0.256s] Level 1:colcon.colcon_core.package_identification:_identify(src/controlko_bringup) by extensions ['colcon_meta']
[0.256s] Level 1:colcon.colcon_core.package_identification:_identify(src/controlko_bringup) by extension 'colcon_meta'
[0.256s] Level 1:colcon.colcon_core.package_identification:_identify(src/controlko_bringup) by extensions ['ros']
[0.256s] Level 1:colcon.colcon_core.package_identification:_identify(src/controlko_bringup) by extension 'ros'
[0.258s] DEBUG:colcon.colcon_core.package_identification:Package 'src/controlko_bringup' with type 'ros.ament_cmake' and name 'controlko_bringup'
[0.258s] Level 1:colcon.colcon_core.package_identification:_identify(src/controlko_controllers) by extensions ['ignore', 'ignore_ament_install']
[0.258s] Level 1:colcon.colcon_core.package_identification:_identify(src/controlko_controllers) by extension 'ignore'
[0.258s] Level 1:colcon.colcon_core.package_identification:_identify(src/controlko_controllers) by extension 'ignore_ament_install'
[0.258s] Level 1:colcon.colcon_core.package_identification:_identify(src/controlko_controllers) by extensions ['colcon_pkg']
[0.258s] Level 1:colcon.colcon_core.package_identification:_identify(src/controlko_controllers) by extension 'colcon_pkg'
[0.258s] Level 1:colcon.colcon_core.package_identification:_identify(src/controlko_controllers) by extensions ['colcon_meta']
[0.258s] Level 1:colcon.colcon_core.package_identification:_identify(src/controlko_controllers) by extension 'colcon_meta'
[0.259s] Level 1:colcon.colcon_core.package_identification:_identify(src/controlko_controllers) by extensions ['ros']
[0.259s] Level 1:colcon.colcon_core.package_identification:_identify(src/controlko_controllers) by extension 'ros'
[0.260s] DEBUG:colcon.colcon_core.package_identification:Package 'src/controlko_controllers' with type 'ros.ament_cmake' and name 'controlko_controllers'
[0.260s] Level 1:colcon.colcon_core.package_identification:_identify(src/controlko_description) by extensions ['ignore', 'ignore_ament_install']
[0.260s] Level 1:colcon.colcon_core.package_identification:_identify(src/controlko_description) by extension 'ignore'
[0.260s] Level 1:colcon.colcon_core.package_identification:_identify(src/controlko_description) by extension 'ignore_ament_install'
[0.260s] Level 1:colcon.colcon_core.package_identification:_identify(src/controlko_description) by extensions ['colcon_pkg']
[0.260s] Level 1:colcon.colcon_core.package_identification:_identify(src/controlko_description) by extension 'colcon_pkg'
[0.260s] Level 1:colcon.colcon_core.package_identification:_identify(src/controlko_description) by extensions ['colcon_meta']
[0.260s] Level 1:colcon.colcon_core.package_identification:_identify(src/controlko_description) by extension 'colcon_meta'
[0.260s] Level 1:colcon.colcon_core.package_identification:_identify(src/controlko_description) by extensions ['ros']
[0.260s] Level 1:colcon.colcon_core.package_identification:_identify(src/controlko_description) by extension 'ros'
[0.261s] DEBUG:colcon.colcon_core.package_identification:Package 'src/controlko_description' with type 'ros.ament_cmake' and name 'controlko_description'
[0.261s] Level 1:colcon.colcon_core.package_identification:_identify(src/controlko_hardware_interface) by extensions ['ignore', 'ignore_ament_install']
[0.261s] Level 1:colcon.colcon_core.package_identification:_identify(src/controlko_hardware_interface) by extension 'ignore'
[0.261s] Level 1:colcon.colcon_core.package_identification:_identify(src/controlko_hardware_interface) by extension 'ignore_ament_install'
[0.261s] Level 1:colcon.colcon_core.package_identification:_identify(src/controlko_hardware_interface) by extensions ['colcon_pkg']
[0.261s] Level 1:colcon.colcon_core.package_identification:_identify(src/controlko_hardware_interface) by extension 'colcon_pkg'
[0.261s] Level 1:colcon.colcon_core.package_identification:_identify(src/controlko_hardware_interface) by extensions ['colcon_meta']
[0.261s] Level 1:colcon.colcon_core.package_identification:_identify(src/controlko_hardware_interface) by extension 'colcon_meta'
[0.261s] Level 1:colcon.colcon_core.package_identification:_identify(src/controlko_hardware_interface) by extensions ['ros']
[0.261s] Level 1:colcon.colcon_core.package_identification:_identify(src/controlko_hardware_interface) by extension 'ros'
[0.262s] DEBUG:colcon.colcon_core.package_identification:Package 'src/controlko_hardware_interface' with type 'ros.ament_cmake' and name 'controlko_hardware_interface'
[0.262s] Level 1:colcon.colcon_core.package_identification:_identify(src/my_hardware_interface) by extensions ['ignore', 'ignore_ament_install']
[0.262s] Level 1:colcon.colcon_core.package_identification:_identify(src/my_hardware_interface) by extension 'ignore'
[0.262s] Level 1:colcon.colcon_core.package_identification:_identify(src/my_hardware_interface) by extension 'ignore_ament_install'
[0.262s] Level 1:colcon.colcon_core.package_identification:_identify(src/my_hardware_interface) by extensions ['colcon_pkg']
[0.262s] Level 1:colcon.colcon_core.package_identification:_identify(src/my_hardware_interface) by extension 'colcon_pkg'
[0.262s] Level 1:colcon.colcon_core.package_identification:_identify(src/my_hardware_interface) by extensions ['colcon_meta']
[0.262s] Level 1:colcon.colcon_core.package_identification:_identify(src/my_hardware_interface) by extension 'colcon_meta'
[0.262s] Level 1:colcon.colcon_core.package_identification:_identify(src/my_hardware_interface) by extensions ['ros']
[0.262s] Level 1:colcon.colcon_core.package_identification:_identify(src/my_hardware_interface) by extension 'ros'
[0.263s] DEBUG:colcon.colcon_core.package_identification:Package 'src/my_hardware_interface' with type 'ros.ament_cmake' and name 'my_hardware_interface'
[0.263s] Level 1:colcon.colcon_core.package_identification:_identify(src/ros2_socketcan) by extensions ['ignore', 'ignore_ament_install']
[0.263s] Level 1:colcon.colcon_core.package_identification:_identify(src/ros2_socketcan) by extension 'ignore'
[0.263s] Level 1:colcon.colcon_core.package_identification:_identify(src/ros2_socketcan) by extension 'ignore_ament_install'
[0.263s] Level 1:colcon.colcon_core.package_identification:_identify(src/ros2_socketcan) by extensions ['colcon_pkg']
[0.263s] Level 1:colcon.colcon_core.package_identification:_identify(src/ros2_socketcan) by extension 'colcon_pkg'
[0.263s] Level 1:colcon.colcon_core.package_identification:_identify(src/ros2_socketcan) by extensions ['colcon_meta']
[0.263s] Level 1:colcon.colcon_core.package_identification:_identify(src/ros2_socketcan) by extension 'colcon_meta'
[0.263s] Level 1:colcon.colcon_core.package_identification:_identify(src/ros2_socketcan) by extensions ['ros']
[0.263s] Level 1:colcon.colcon_core.package_identification:_identify(src/ros2_socketcan) by extension 'ros'
[0.263s] Level 1:colcon.colcon_core.package_identification:_identify(src/ros2_socketcan) by extensions ['cmake', 'python']
[0.263s] Level 1:colcon.colcon_core.package_identification:_identify(src/ros2_socketcan) by extension 'cmake'
[0.263s] Level 1:colcon.colcon_core.package_identification:_identify(src/ros2_socketcan) by extension 'python'
[0.263s] Level 1:colcon.colcon_core.package_identification:_identify(src/ros2_socketcan) by extensions ['python_setup_py']
[0.263s] Level 1:colcon.colcon_core.package_identification:_identify(src/ros2_socketcan) by extension 'python_setup_py'
[0.264s] Level 1:colcon.colcon_core.package_identification:_identify(src/ros2_socketcan/ros2_socketcan) by extensions ['ignore', 'ignore_ament_install']
[0.264s] Level 1:colcon.colcon_core.package_identification:_identify(src/ros2_socketcan/ros2_socketcan) by extension 'ignore'
[0.264s] Level 1:colcon.colcon_core.package_identification:_identify(src/ros2_socketcan/ros2_socketcan) by extension 'ignore_ament_install'
[0.264s] Level 1:colcon.colcon_core.package_identification:_identify(src/ros2_socketcan/ros2_socketcan) by extensions ['colcon_pkg']
[0.264s] Level 1:colcon.colcon_core.package_identification:_identify(src/ros2_socketcan/ros2_socketcan) by extension 'colcon_pkg'
[0.264s] Level 1:colcon.colcon_core.package_identification:_identify(src/ros2_socketcan/ros2_socketcan) by extensions ['colcon_meta']
[0.264s] Level 1:colcon.colcon_core.package_identification:_identify(src/ros2_socketcan/ros2_socketcan) by extension 'colcon_meta'
[0.264s] Level 1:colcon.colcon_core.package_identification:_identify(src/ros2_socketcan/ros2_socketcan) by extensions ['ros']
[0.264s] Level 1:colcon.colcon_core.package_identification:_identify(src/ros2_socketcan/ros2_socketcan) by extension 'ros'
[0.266s] DEBUG:colcon.colcon_core.package_identification:Package 'src/ros2_socketcan/ros2_socketcan' with type 'ros.ament_cmake' and name 'ros2_socketcan'
[0.266s] Level 1:colcon.colcon_core.package_identification:_identify(src/ros2_socketcan/ros2_socketcan_msgs) by extensions ['ignore', 'ignore_ament_install']
[0.266s] Level 1:colcon.colcon_core.package_identification:_identify(src/ros2_socketcan/ros2_socketcan_msgs) by extension 'ignore'
[0.266s] Level 1:colcon.colcon_core.package_identification:_identify(src/ros2_socketcan/ros2_socketcan_msgs) by extension 'ignore_ament_install'
[0.266s] Level 1:colcon.colcon_core.package_identification:_identify(src/ros2_socketcan/ros2_socketcan_msgs) by extensions ['colcon_pkg']
[0.266s] Level 1:colcon.colcon_core.package_identification:_identify(src/ros2_socketcan/ros2_socketcan_msgs) by extension 'colcon_pkg'
[0.266s] Level 1:colcon.colcon_core.package_identification:_identify(src/ros2_socketcan/ros2_socketcan_msgs) by extensions ['colcon_meta']
[0.266s] Level 1:colcon.colcon_core.package_identification:_identify(src/ros2_socketcan/ros2_socketcan_msgs) by extension 'colcon_meta'
[0.266s] Level 1:colcon.colcon_core.package_identification:_identify(src/ros2_socketcan/ros2_socketcan_msgs) by extensions ['ros']
[0.266s] Level 1:colcon.colcon_core.package_identification:_identify(src/ros2_socketcan/ros2_socketcan_msgs) by extension 'ros'
[0.267s] DEBUG:colcon.colcon_core.package_identification:Package 'src/ros2_socketcan/ros2_socketcan_msgs' with type 'ros.ament_cmake' and name 'ros2_socketcan_msgs'
[0.267s] Level 1:colcon.colcon_core.package_identification:_identify(src/roscon2022_control_workshop) by extensions ['ignore', 'ignore_ament_install']
[0.267s] Level 1:colcon.colcon_core.package_identification:_identify(src/roscon2022_control_workshop) by extension 'ignore'
[0.267s] Level 1:colcon.colcon_core.package_identification:_identify(src/roscon2022_control_workshop) by extension 'ignore_ament_install'
[0.267s] Level 1:colcon.colcon_core.package_identification:_identify(src/roscon2022_control_workshop) by extensions ['colcon_pkg']
[0.267s] Level 1:colcon.colcon_core.package_identification:_identify(src/roscon2022_control_workshop) by extension 'colcon_pkg'
[0.267s] Level 1:colcon.colcon_core.package_identification:_identify(src/roscon2022_control_workshop) by extensions ['colcon_meta']
[0.267s] Level 1:colcon.colcon_core.package_identification:_identify(src/roscon2022_control_workshop) by extension 'colcon_meta'
[0.267s] Level 1:colcon.colcon_core.package_identification:_identify(src/roscon2022_control_workshop) by extensions ['ros']
[0.267s] Level 1:colcon.colcon_core.package_identification:_identify(src/roscon2022_control_workshop) by extension 'ros'
[0.267s] DEBUG:colcon.colcon_core.package_identification:Package 'src/roscon2022_control_workshop' with type 'ros.ament_cmake' and name 'roscon2022_control_workshop'
[0.267s] Level 1:colcon.colcon_core.package_identification:_identify(src/serial) by extensions ['ignore', 'ignore_ament_install']
[0.267s] Level 1:colcon.colcon_core.package_identification:_identify(src/serial) by extension 'ignore'
[0.268s] Level 1:colcon.colcon_core.package_identification:_identify(src/serial) by extension 'ignore_ament_install'
[0.268s] Level 1:colcon.colcon_core.package_identification:_identify(src/serial) by extensions ['colcon_pkg']
[0.268s] Level 1:colcon.colcon_core.package_identification:_identify(src/serial) by extension 'colcon_pkg'
[0.268s] Level 1:colcon.colcon_core.package_identification:_identify(src/serial) by extensions ['colcon_meta']
[0.268s] Level 1:colcon.colcon_core.package_identification:_identify(src/serial) by extension 'colcon_meta'
[0.268s] Level 1:colcon.colcon_core.package_identification:_identify(src/serial) by extensions ['ros']
[0.268s] Level 1:colcon.colcon_core.package_identification:_identify(src/serial) by extension 'ros'
[0.268s] DEBUG:colcon.colcon_core.package_identification:Package 'src/serial' with type 'ros.ament_cmake' and name 'serial'
[0.268s] Level 1:colcon.colcon_core.package_identification:_identify(src/tide_controllers) by extensions ['ignore', 'ignore_ament_install']
[0.268s] Level 1:colcon.colcon_core.package_identification:_identify(src/tide_controllers) by extension 'ignore'
[0.268s] Level 1:colcon.colcon_core.package_identification:_identify(src/tide_controllers) by extension 'ignore_ament_install'
[0.268s] Level 1:colcon.colcon_core.package_identification:_identify(src/tide_controllers) by extensions ['colcon_pkg']
[0.268s] Level 1:colcon.colcon_core.package_identification:_identify(src/tide_controllers) by extension 'colcon_pkg'
[0.268s] Level 1:colcon.colcon_core.package_identification:_identify(src/tide_controllers) by extensions ['colcon_meta']
[0.268s] Level 1:colcon.colcon_core.package_identification:_identify(src/tide_controllers) by extension 'colcon_meta'
[0.268s] Level 1:colcon.colcon_core.package_identification:_identify(src/tide_controllers) by extensions ['ros']
[0.269s] Level 1:colcon.colcon_core.package_identification:_identify(src/tide_controllers) by extension 'ros'
[0.269s] Level 1:colcon.colcon_core.package_identification:_identify(src/tide_controllers) by extensions ['cmake', 'python']
[0.269s] Level 1:colcon.colcon_core.package_identification:_identify(src/tide_controllers) by extension 'cmake'
[0.269s] Level 1:colcon.colcon_core.package_identification:_identify(src/tide_controllers) by extension 'python'
[0.269s] Level 1:colcon.colcon_core.package_identification:_identify(src/tide_controllers) by extensions ['python_setup_py']
[0.269s] Level 1:colcon.colcon_core.package_identification:_identify(src/tide_controllers) by extension 'python_setup_py'
[0.269s] Level 1:colcon.colcon_core.package_identification:_identify(src/tide_controllers/tide_gimbal_controller) by extensions ['ignore', 'ignore_ament_install']
[0.269s] Level 1:colcon.colcon_core.package_identification:_identify(src/tide_controllers/tide_gimbal_controller) by extension 'ignore'
[0.269s] Level 1:colcon.colcon_core.package_identification:_identify(src/tide_controllers/tide_gimbal_controller) by extension 'ignore_ament_install'
[0.269s] Level 1:colcon.colcon_core.package_identification:_identify(src/tide_controllers/tide_gimbal_controller) by extensions ['colcon_pkg']
[0.269s] Level 1:colcon.colcon_core.package_identification:_identify(src/tide_controllers/tide_gimbal_controller) by extension 'colcon_pkg'
[0.269s] Level 1:colcon.colcon_core.package_identification:_identify(src/tide_controllers/tide_gimbal_controller) by extensions ['colcon_meta']
[0.269s] Level 1:colcon.colcon_core.package_identification:_identify(src/tide_controllers/tide_gimbal_controller) by extension 'colcon_meta'
[0.269s] Level 1:colcon.colcon_core.package_identification:_identify(src/tide_controllers/tide_gimbal_controller) by extensions ['ros']
[0.269s] Level 1:colcon.colcon_core.package_identification:_identify(src/tide_controllers/tide_gimbal_controller) by extension 'ros'
[0.270s] DEBUG:colcon.colcon_core.package_identification:Package 'src/tide_controllers/tide_gimbal_controller' with type 'ros.ament_cmake' and name 'tide_gimbal_controller'
[0.271s] Level 1:colcon.colcon_core.package_identification:_identify(src/tide_controllers/tide_shooter_controller) by extensions ['ignore', 'ignore_ament_install']
[0.271s] Level 1:colcon.colcon_core.package_identification:_identify(src/tide_controllers/tide_shooter_controller) by extension 'ignore'
[0.271s] Level 1:colcon.colcon_core.package_identification:_identify(src/tide_controllers/tide_shooter_controller) by extension 'ignore_ament_install'
[0.271s] Level 1:colcon.colcon_core.package_identification:_identify(src/tide_controllers/tide_shooter_controller) by extensions ['colcon_pkg']
[0.271s] Level 1:colcon.colcon_core.package_identification:_identify(src/tide_controllers/tide_shooter_controller) by extension 'colcon_pkg'
[0.271s] Level 1:colcon.colcon_core.package_identification:_identify(src/tide_controllers/tide_shooter_controller) by extensions ['colcon_meta']
[0.271s] Level 1:colcon.colcon_core.package_identification:_identify(src/tide_controllers/tide_shooter_controller) by extension 'colcon_meta'
[0.271s] Level 1:colcon.colcon_core.package_identification:_identify(src/tide_controllers/tide_shooter_controller) by extensions ['ros']
[0.271s] Level 1:colcon.colcon_core.package_identification:_identify(src/tide_controllers/tide_shooter_controller) by extension 'ros'
[0.284s] DEBUG:colcon.colcon_core.package_identification:Package 'src/tide_controllers/tide_shooter_controller' with type 'ros.ament_cmake' and name 'tide_shooter_controller'
[0.284s] Level 1:colcon.colcon_core.package_identification:_identify(src/tide_msgs) by extensions ['ignore', 'ignore_ament_install']
[0.284s] Level 1:colcon.colcon_core.package_identification:_identify(src/tide_msgs) by extension 'ignore'
[0.284s] Level 1:colcon.colcon_core.package_identification:_identify(src/tide_msgs) by extension 'ignore_ament_install'
[0.284s] Level 1:colcon.colcon_core.package_identification:_identify(src/tide_msgs) by extensions ['colcon_pkg']
[0.284s] Level 1:colcon.colcon_core.package_identification:_identify(src/tide_msgs) by extension 'colcon_pkg'
[0.284s] Level 1:colcon.colcon_core.package_identification:_identify(src/tide_msgs) by extensions ['colcon_meta']
[0.284s] Level 1:colcon.colcon_core.package_identification:_identify(src/tide_msgs) by extension 'colcon_meta'
[0.284s] Level 1:colcon.colcon_core.package_identification:_identify(src/tide_msgs) by extensions ['ros']
[0.284s] Level 1:colcon.colcon_core.package_identification:_identify(src/tide_msgs) by extension 'ros'
[0.285s] DEBUG:colcon.colcon_core.package_identification:Package 'src/tide_msgs' with type 'ros.ament_cmake' and name 'tide_msgs'
[0.285s] Level 1:colcon.colcon_core.package_discovery:discover_packages(recursive) using defaults
[0.285s] Level 1:colcon.colcon_core.package_discovery:discover_packages(ignore) discover
[0.285s] Level 1:colcon.colcon_core.package_discovery:discover_packages(ignore) using defaults
[0.285s] Level 1:colcon.colcon_core.package_discovery:discover_packages(path) discover
[0.285s] Level 1:colcon.colcon_core.package_discovery:discover_packages(path) using defaults
[0.303s] INFO:colcon.colcon_core.package_selection:Skipping not selected package 'controlko_controllers' in 'src/controlko_controllers'
[0.303s] INFO:colcon.colcon_core.package_selection:Skipping not selected package 'controlko_description' in 'src/controlko_description'
[0.303s] INFO:colcon.colcon_core.package_selection:Skipping not selected package 'controlko_hardware_interface' in 'src/controlko_hardware_interface'
[0.303s] INFO:colcon.colcon_core.package_selection:Skipping not selected package 'ros2_socketcan_msgs' in 'src/ros2_socketcan/ros2_socketcan_msgs'
[0.303s] INFO:colcon.colcon_core.package_selection:Skipping not selected package 'roscon2022_control_workshop' in 'src/roscon2022_control_workshop'
[0.303s] INFO:colcon.colcon_core.package_selection:Skipping not selected package 'serial' in 'src/serial'
[0.303s] INFO:colcon.colcon_core.package_selection:Skipping not selected package 'tide_msgs' in 'src/tide_msgs'
[0.303s] INFO:colcon.colcon_core.package_selection:Skipping not selected package 'ros2_socketcan' in 'src/ros2_socketcan/ros2_socketcan'
[0.303s] INFO:colcon.colcon_core.package_selection:Skipping not selected package 'controlko_bringup' in 'src/controlko_bringup'
[0.303s] INFO:colcon.colcon_core.package_selection:Skipping not selected package 'my_hardware_interface' in 'src/my_hardware_interface'
[0.304s] Level 1:colcon.colcon_core.package_discovery:discover_packages(prefix_path) check parameters
[0.304s] Level 1:colcon.colcon_core.package_discovery:discover_packages(prefix_path) discover
[0.306s] DEBUG:colcon.colcon_installed_package_information.package_discovery:Found 12 installed packages in /home/luis/workshop_ws/install
[0.306s] DEBUG:colcon.colcon_installed_package_information.package_discovery:Found 1 installed packages in /home/luis/install
[0.308s] DEBUG:colcon.colcon_installed_package_information.package_discovery:Found 353 installed packages in /opt/ros/humble
[0.310s] Level 1:colcon.colcon_core.package_discovery:discover_packages(prefix_path) using defaults
[0.347s] WARNING:colcon.colcon_core.package_selection:Some selected packages are already built in one or more underlay workspaces:
	'tide_shooter_controller' is in: /home/luis/workshop_ws/install/tide_shooter_controller
	'tide_gimbal_controller' is in: /home/luis/workshop_ws/install/tide_gimbal_controller
If a package in a merged underlay workspace is overridden and it installs headers, then all packages in the overlay must sort their include directories by workspace order. Failure to do so may result in build failures or undefined behavior at run time.
If the overridden package is used by another package in any underlay, then the overriding package in the overlay must be API and ABI compatible or undefined behavior at run time may occur.

If you understand the risks and want to override a package anyways, add the following to the command line:
	--allow-overriding tide_gimbal_controller tide_shooter_controller

This may be promoted to an error in a future release of colcon-override-check.
[0.348s] Level 5:colcon.colcon_core.verb:set package 'tide_gimbal_controller' build argument 'cmake_args' from command line to 'None'
[0.348s] Level 5:colcon.colcon_core.verb:set package 'tide_gimbal_controller' build argument 'cmake_target' from command line to 'None'
[0.348s] Level 5:colcon.colcon_core.verb:set package 'tide_gimbal_controller' build argument 'cmake_target_skip_unavailable' from command line to 'False'
[0.348s] Level 5:colcon.colcon_core.verb:set package 'tide_gimbal_controller' build argument 'cmake_clean_cache' from command line to 'False'
[0.348s] Level 5:colcon.colcon_core.verb:set package 'tide_gimbal_controller' build argument 'cmake_clean_first' from command line to 'False'
[0.348s] Level 5:colcon.colcon_core.verb:set package 'tide_gimbal_controller' build argument 'cmake_force_configure' from command line to 'False'
[0.348s] Level 5:colcon.colcon_core.verb:set package 'tide_gimbal_controller' build argument 'ament_cmake_args' from command line to 'None'
[0.348s] Level 5:colcon.colcon_core.verb:set package 'tide_gimbal_controller' build argument 'catkin_cmake_args' from command line to 'None'
[0.348s] Level 5:colcon.colcon_core.verb:set package 'tide_gimbal_controller' build argument 'catkin_skip_building_tests' from command line to 'False'
[0.348s] DEBUG:colcon.colcon_core.verb:Building package 'tide_gimbal_controller' with the following arguments: {'ament_cmake_args': None, 'build_base': '/home/luis/workshop_ws/build/tide_gimbal_controller', 'catkin_cmake_args': None, 'catkin_skip_building_tests': False, 'cmake_args': None, 'cmake_clean_cache': False, 'cmake_clean_first': False, 'cmake_force_configure': False, 'cmake_target': None, 'cmake_target_skip_unavailable': False, 'install_base': '/home/luis/workshop_ws/install/tide_gimbal_controller', 'merge_install': False, 'path': '/home/luis/workshop_ws/src/tide_controllers/tide_gimbal_controller', 'symlink_install': False, 'test_result_base': None}
[0.348s] Level 5:colcon.colcon_core.verb:set package 'tide_shooter_controller' build argument 'cmake_args' from command line to 'None'
[0.348s] Level 5:colcon.colcon_core.verb:set package 'tide_shooter_controller' build argument 'cmake_target' from command line to 'None'
[0.348s] Level 5:colcon.colcon_core.verb:set package 'tide_shooter_controller' build argument 'cmake_target_skip_unavailable' from command line to 'False'
[0.348s] Level 5:colcon.colcon_core.verb:set package 'tide_shooter_controller' build argument 'cmake_clean_cache' from command line to 'False'
[0.348s] Level 5:colcon.colcon_core.verb:set package 'tide_shooter_controller' build argument 'cmake_clean_first' from command line to 'False'
[0.348s] Level 5:colcon.colcon_core.verb:set package 'tide_shooter_controller' build argument 'cmake_force_configure' from command line to 'False'
[0.348s] Level 5:colcon.colcon_core.verb:set package 'tide_shooter_controller' build argument 'ament_cmake_args' from command line to 'None'
[0.348s] Level 5:colcon.colcon_core.verb:set package 'tide_shooter_controller' build argument 'catkin_cmake_args' from command line to 'None'
[0.348s] Level 5:colcon.colcon_core.verb:set package 'tide_shooter_controller' build argument 'catkin_skip_building_tests' from command line to 'False'
[0.348s] DEBUG:colcon.colcon_core.verb:Building package 'tide_shooter_controller' with the following arguments: {'ament_cmake_args': None, 'build_base': '/home/luis/workshop_ws/build/tide_shooter_controller', 'catkin_cmake_args': None, 'catkin_skip_building_tests': False, 'cmake_args': None, 'cmake_clean_cache': False, 'cmake_clean_first': False, 'cmake_force_configure': False, 'cmake_target': None, 'cmake_target_skip_unavailable': False, 'install_base': '/home/luis/workshop_ws/install/tide_shooter_controller', 'merge_install': False, 'path': '/home/luis/workshop_ws/src/tide_controllers/tide_shooter_controller', 'symlink_install': False, 'test_result_base': None}
[0.348s] INFO:colcon.colcon_core.executor:Executing jobs using 'parallel' executor
[0.350s] DEBUG:colcon.colcon_parallel_executor.executor.parallel:run_until_complete
[0.350s] INFO:colcon.colcon_ros.task.ament_cmake.build:Building ROS package in '/home/luis/workshop_ws/src/tide_controllers/tide_gimbal_controller' with build type 'ament_cmake'
[0.350s] INFO:colcon.colcon_cmake.task.cmake.build:Building CMake package in '/home/luis/workshop_ws/src/tide_controllers/tide_gimbal_controller'
[0.352s] INFO:colcon.colcon_core.plugin_system:Skipping extension 'colcon_core.shell.bat': Not used on non-Windows systems
[0.353s] INFO:colcon.colcon_core.shell:Skip shell extension 'powershell' for command environment: Not usable outside of PowerShell
[0.353s] DEBUG:colcon.colcon_core.shell:Skip shell extension 'dsv' for command environment
[0.357s] INFO:colcon.colcon_ros.task.ament_cmake.build:Building ROS package in '/home/luis/workshop_ws/src/tide_controllers/tide_shooter_controller' with build type 'ament_cmake'
[0.357s] INFO:colcon.colcon_cmake.task.cmake.build:Building CMake package in '/home/luis/workshop_ws/src/tide_controllers/tide_shooter_controller'
[0.357s] INFO:colcon.colcon_core.shell:Skip shell extension 'powershell' for command environment: Not usable outside of PowerShell
[0.358s] DEBUG:colcon.colcon_core.shell:Skip shell extension 'dsv' for command environment
[0.373s] DEBUG:colcon.colcon_core.event_handler.log_command:Invoking command in '/home/luis/workshop_ws/build/tide_gimbal_controller': CMAKE_PREFIX_PATH=/home/luis/workshop_ws/install/tide_msgs:/home/luis/workshop_ws/install/controlko_bringup:/home/luis/workshop_ws/install/tide_shooter_controller:/home/luis/workshop_ws/install/tide_gimbal_controller:/home/luis/workshop_ws/install/my_hardware_interface:/home/luis/workshop_ws/install/serial:/home/luis/workshop_ws/install/roscon2022_control_workshop:/home/luis/workshop_ws/install/ros2_socketcan:/home/luis/workshop_ws/install/ros2_socketcan_msgs:/home/luis/workshop_ws/install/controlko_hardware_interface:/home/luis/workshop_ws/install/controlko_description:/home/luis/workshop_ws/install/controlko_controllers:/opt/ros/humble LD_LIBRARY_PATH=/home/luis/workshop_ws/install/tide_msgs/lib:/home/luis/workshop_ws/install/tide_shooter_controller/lib:/home/luis/workshop_ws/install/tide_gimbal_controller/lib:/home/luis/workshop_ws/install/my_hardware_interface/lib:/home/luis/workshop_ws/install/serial/lib:/home/luis/workshop_ws/install/ros2_socketcan/lib:/home/luis/workshop_ws/install/ros2_socketcan_msgs/lib:/home/luis/workshop_ws/install/controlko_hardware_interface/lib:/home/luis/workshop_ws/install/controlko_controllers/lib:/usr/lib/x86_64-linux-gnu/gazebo-11/plugins:/opt/ros/humble/opt/rviz_ogre_vendor/lib:/opt/ros/humble/lib/x86_64-linux-gnu:/opt/ros/humble/lib /usr/bin/cmake /home/luis/workshop_ws/src/tide_controllers/tide_gimbal_controller -DCMAKE_INSTALL_PREFIX=/home/luis/workshop_ws/install/tide_gimbal_controller
[0.376s] DEBUG:colcon.colcon_core.event_handler.log_command:Invoking command in '/home/luis/workshop_ws/build/tide_shooter_controller': CMAKE_PREFIX_PATH=/home/luis/workshop_ws/install/tide_msgs:/home/luis/workshop_ws/install/controlko_bringup:/home/luis/workshop_ws/install/tide_shooter_controller:/home/luis/workshop_ws/install/tide_gimbal_controller:/home/luis/workshop_ws/install/my_hardware_interface:/home/luis/workshop_ws/install/serial:/home/luis/workshop_ws/install/roscon2022_control_workshop:/home/luis/workshop_ws/install/ros2_socketcan:/home/luis/workshop_ws/install/ros2_socketcan_msgs:/home/luis/workshop_ws/install/controlko_hardware_interface:/home/luis/workshop_ws/install/controlko_description:/home/luis/workshop_ws/install/controlko_controllers:/opt/ros/humble LD_LIBRARY_PATH=/home/luis/workshop_ws/install/tide_msgs/lib:/home/luis/workshop_ws/install/tide_shooter_controller/lib:/home/luis/workshop_ws/install/tide_gimbal_controller/lib:/home/luis/workshop_ws/install/my_hardware_interface/lib:/home/luis/workshop_ws/install/serial/lib:/home/luis/workshop_ws/install/ros2_socketcan/lib:/home/luis/workshop_ws/install/ros2_socketcan_msgs/lib:/home/luis/workshop_ws/install/controlko_hardware_interface/lib:/home/luis/workshop_ws/install/controlko_controllers/lib:/usr/lib/x86_64-linux-gnu/gazebo-11/plugins:/opt/ros/humble/opt/rviz_ogre_vendor/lib:/opt/ros/humble/lib/x86_64-linux-gnu:/opt/ros/humble/lib /usr/bin/cmake /home/luis/workshop_ws/src/tide_controllers/tide_shooter_controller -DCMAKE_INSTALL_PREFIX=/home/luis/workshop_ws/install/tide_shooter_controller
[1.118s] DEBUG:colcon.colcon_core.event_handler.log_command:Invoked command in '/home/luis/workshop_ws/build/tide_shooter_controller' returned '0': CMAKE_PREFIX_PATH=/home/luis/workshop_ws/install/tide_msgs:/home/luis/workshop_ws/install/controlko_bringup:/home/luis/workshop_ws/install/tide_shooter_controller:/home/luis/workshop_ws/install/tide_gimbal_controller:/home/luis/workshop_ws/install/my_hardware_interface:/home/luis/workshop_ws/install/serial:/home/luis/workshop_ws/install/roscon2022_control_workshop:/home/luis/workshop_ws/install/ros2_socketcan:/home/luis/workshop_ws/install/ros2_socketcan_msgs:/home/luis/workshop_ws/install/controlko_hardware_interface:/home/luis/workshop_ws/install/controlko_description:/home/luis/workshop_ws/install/controlko_controllers:/opt/ros/humble LD_LIBRARY_PATH=/home/luis/workshop_ws/install/tide_msgs/lib:/home/luis/workshop_ws/install/tide_shooter_controller/lib:/home/luis/workshop_ws/install/tide_gimbal_controller/lib:/home/luis/workshop_ws/install/my_hardware_interface/lib:/home/luis/workshop_ws/install/serial/lib:/home/luis/workshop_ws/install/ros2_socketcan/lib:/home/luis/workshop_ws/install/ros2_socketcan_msgs/lib:/home/luis/workshop_ws/install/controlko_hardware_interface/lib:/home/luis/workshop_ws/install/controlko_controllers/lib:/usr/lib/x86_64-linux-gnu/gazebo-11/plugins:/opt/ros/humble/opt/rviz_ogre_vendor/lib:/opt/ros/humble/lib/x86_64-linux-gnu:/opt/ros/humble/lib /usr/bin/cmake /home/luis/workshop_ws/src/tide_controllers/tide_shooter_controller -DCMAKE_INSTALL_PREFIX=/home/luis/workshop_ws/install/tide_shooter_controller
[1.121s] DEBUG:colcon.colcon_core.event_handler.log_command:Invoking command in '/home/luis/workshop_ws/build/tide_shooter_controller': CMAKE_PREFIX_PATH=/home/luis/workshop_ws/install/tide_msgs:/home/luis/workshop_ws/install/controlko_bringup:/home/luis/workshop_ws/install/tide_shooter_controller:/home/luis/workshop_ws/install/tide_gimbal_controller:/home/luis/workshop_ws/install/my_hardware_interface:/home/luis/workshop_ws/install/serial:/home/luis/workshop_ws/install/roscon2022_control_workshop:/home/luis/workshop_ws/install/ros2_socketcan:/home/luis/workshop_ws/install/ros2_socketcan_msgs:/home/luis/workshop_ws/install/controlko_hardware_interface:/home/luis/workshop_ws/install/controlko_description:/home/luis/workshop_ws/install/controlko_controllers:/opt/ros/humble LD_LIBRARY_PATH=/home/luis/workshop_ws/install/tide_msgs/lib:/home/luis/workshop_ws/install/tide_shooter_controller/lib:/home/luis/workshop_ws/install/tide_gimbal_controller/lib:/home/luis/workshop_ws/install/my_hardware_interface/lib:/home/luis/workshop_ws/install/serial/lib:/home/luis/workshop_ws/install/ros2_socketcan/lib:/home/luis/workshop_ws/install/ros2_socketcan_msgs/lib:/home/luis/workshop_ws/install/controlko_hardware_interface/lib:/home/luis/workshop_ws/install/controlko_controllers/lib:/usr/lib/x86_64-linux-gnu/gazebo-11/plugins:/opt/ros/humble/opt/rviz_ogre_vendor/lib:/opt/ros/humble/lib/x86_64-linux-gnu:/opt/ros/humble/lib /usr/bin/cmake --build /home/luis/workshop_ws/build/tide_shooter_controller -- -j12 -l12
[1.122s] DEBUG:colcon.colcon_core.event_handler.log_command:Invoked command in '/home/luis/workshop_ws/build/tide_gimbal_controller' returned '0': CMAKE_PREFIX_PATH=/home/luis/workshop_ws/install/tide_msgs:/home/luis/workshop_ws/install/controlko_bringup:/home/luis/workshop_ws/install/tide_shooter_controller:/home/luis/workshop_ws/install/tide_gimbal_controller:/home/luis/workshop_ws/install/my_hardware_interface:/home/luis/workshop_ws/install/serial:/home/luis/workshop_ws/install/roscon2022_control_workshop:/home/luis/workshop_ws/install/ros2_socketcan:/home/luis/workshop_ws/install/ros2_socketcan_msgs:/home/luis/workshop_ws/install/controlko_hardware_interface:/home/luis/workshop_ws/install/controlko_description:/home/luis/workshop_ws/install/controlko_controllers:/opt/ros/humble LD_LIBRARY_PATH=/home/luis/workshop_ws/install/tide_msgs/lib:/home/luis/workshop_ws/install/tide_shooter_controller/lib:/home/luis/workshop_ws/install/tide_gimbal_controller/lib:/home/luis/workshop_ws/install/my_hardware_interface/lib:/home/luis/workshop_ws/install/serial/lib:/home/luis/workshop_ws/install/ros2_socketcan/lib:/home/luis/workshop_ws/install/ros2_socketcan_msgs/lib:/home/luis/workshop_ws/install/controlko_hardware_interface/lib:/home/luis/workshop_ws/install/controlko_controllers/lib:/usr/lib/x86_64-linux-gnu/gazebo-11/plugins:/opt/ros/humble/opt/rviz_ogre_vendor/lib:/opt/ros/humble/lib/x86_64-linux-gnu:/opt/ros/humble/lib /usr/bin/cmake /home/luis/workshop_ws/src/tide_controllers/tide_gimbal_controller -DCMAKE_INSTALL_PREFIX=/home/luis/workshop_ws/install/tide_gimbal_controller
[1.123s] DEBUG:colcon.colcon_core.event_handler.log_command:Invoking command in '/home/luis/workshop_ws/build/tide_gimbal_controller': CMAKE_PREFIX_PATH=/home/luis/workshop_ws/install/tide_msgs:/home/luis/workshop_ws/install/controlko_bringup:/home/luis/workshop_ws/install/tide_shooter_controller:/home/luis/workshop_ws/install/tide_gimbal_controller:/home/luis/workshop_ws/install/my_hardware_interface:/home/luis/workshop_ws/install/serial:/home/luis/workshop_ws/install/roscon2022_control_workshop:/home/luis/workshop_ws/install/ros2_socketcan:/home/luis/workshop_ws/install/ros2_socketcan_msgs:/home/luis/workshop_ws/install/controlko_hardware_interface:/home/luis/workshop_ws/install/controlko_description:/home/luis/workshop_ws/install/controlko_controllers:/opt/ros/humble LD_LIBRARY_PATH=/home/luis/workshop_ws/install/tide_msgs/lib:/home/luis/workshop_ws/install/tide_shooter_controller/lib:/home/luis/workshop_ws/install/tide_gimbal_controller/lib:/home/luis/workshop_ws/install/my_hardware_interface/lib:/home/luis/workshop_ws/install/serial/lib:/home/luis/workshop_ws/install/ros2_socketcan/lib:/home/luis/workshop_ws/install/ros2_socketcan_msgs/lib:/home/luis/workshop_ws/install/controlko_hardware_interface/lib:/home/luis/workshop_ws/install/controlko_controllers/lib:/usr/lib/x86_64-linux-gnu/gazebo-11/plugins:/opt/ros/humble/opt/rviz_ogre_vendor/lib:/opt/ros/humble/lib/x86_64-linux-gnu:/opt/ros/humble/lib /usr/bin/cmake --build /home/luis/workshop_ws/build/tide_gimbal_controller -- -j12 -l12
[1.247s] DEBUG:colcon.colcon_core.event_handler.log_command:Invoked command in '/home/luis/workshop_ws/build/tide_shooter_controller' returned '0': CMAKE_PREFIX_PATH=/home/luis/workshop_ws/install/tide_msgs:/home/luis/workshop_ws/install/controlko_bringup:/home/luis/workshop_ws/install/tide_shooter_controller:/home/luis/workshop_ws/install/tide_gimbal_controller:/home/luis/workshop_ws/install/my_hardware_interface:/home/luis/workshop_ws/install/serial:/home/luis/workshop_ws/install/roscon2022_control_workshop:/home/luis/workshop_ws/install/ros2_socketcan:/home/luis/workshop_ws/install/ros2_socketcan_msgs:/home/luis/workshop_ws/install/controlko_hardware_interface:/home/luis/workshop_ws/install/controlko_description:/home/luis/workshop_ws/install/controlko_controllers:/opt/ros/humble LD_LIBRARY_PATH=/home/luis/workshop_ws/install/tide_msgs/lib:/home/luis/workshop_ws/install/tide_shooter_controller/lib:/home/luis/workshop_ws/install/tide_gimbal_controller/lib:/home/luis/workshop_ws/install/my_hardware_interface/lib:/home/luis/workshop_ws/install/serial/lib:/home/luis/workshop_ws/install/ros2_socketcan/lib:/home/luis/workshop_ws/install/ros2_socketcan_msgs/lib:/home/luis/workshop_ws/install/controlko_hardware_interface/lib:/home/luis/workshop_ws/install/controlko_controllers/lib:/usr/lib/x86_64-linux-gnu/gazebo-11/plugins:/opt/ros/humble/opt/rviz_ogre_vendor/lib:/opt/ros/humble/lib/x86_64-linux-gnu:/opt/ros/humble/lib /usr/bin/cmake --build /home/luis/workshop_ws/build/tide_shooter_controller -- -j12 -l12
[1.260s] DEBUG:colcon.colcon_core.event_handler.log_command:Invoking command in '/home/luis/workshop_ws/build/tide_shooter_controller': CMAKE_PREFIX_PATH=/home/luis/workshop_ws/install/tide_msgs:/home/luis/workshop_ws/install/controlko_bringup:/home/luis/workshop_ws/install/tide_shooter_controller:/home/luis/workshop_ws/install/tide_gimbal_controller:/home/luis/workshop_ws/install/my_hardware_interface:/home/luis/workshop_ws/install/serial:/home/luis/workshop_ws/install/roscon2022_control_workshop:/home/luis/workshop_ws/install/ros2_socketcan:/home/luis/workshop_ws/install/ros2_socketcan_msgs:/home/luis/workshop_ws/install/controlko_hardware_interface:/home/luis/workshop_ws/install/controlko_description:/home/luis/workshop_ws/install/controlko_controllers:/opt/ros/humble LD_LIBRARY_PATH=/home/luis/workshop_ws/install/tide_msgs/lib:/home/luis/workshop_ws/install/tide_shooter_controller/lib:/home/luis/workshop_ws/install/tide_gimbal_controller/lib:/home/luis/workshop_ws/install/my_hardware_interface/lib:/home/luis/workshop_ws/install/serial/lib:/home/luis/workshop_ws/install/ros2_socketcan/lib:/home/luis/workshop_ws/install/ros2_socketcan_msgs/lib:/home/luis/workshop_ws/install/controlko_hardware_interface/lib:/home/luis/workshop_ws/install/controlko_controllers/lib:/usr/lib/x86_64-linux-gnu/gazebo-11/plugins:/opt/ros/humble/opt/rviz_ogre_vendor/lib:/opt/ros/humble/lib/x86_64-linux-gnu:/opt/ros/humble/lib /usr/bin/cmake --install /home/luis/workshop_ws/build/tide_shooter_controller
[1.262s] DEBUG:colcon.colcon_core.event_handler.log_command:Invoked command in '/home/luis/workshop_ws/build/tide_gimbal_controller' returned '0': CMAKE_PREFIX_PATH=/home/luis/workshop_ws/install/tide_msgs:/home/luis/workshop_ws/install/controlko_bringup:/home/luis/workshop_ws/install/tide_shooter_controller:/home/luis/workshop_ws/install/tide_gimbal_controller:/home/luis/workshop_ws/install/my_hardware_interface:/home/luis/workshop_ws/install/serial:/home/luis/workshop_ws/install/roscon2022_control_workshop:/home/luis/workshop_ws/install/ros2_socketcan:/home/luis/workshop_ws/install/ros2_socketcan_msgs:/home/luis/workshop_ws/install/controlko_hardware_interface:/home/luis/workshop_ws/install/controlko_description:/home/luis/workshop_ws/install/controlko_controllers:/opt/ros/humble LD_LIBRARY_PATH=/home/luis/workshop_ws/install/tide_msgs/lib:/home/luis/workshop_ws/install/tide_shooter_controller/lib:/home/luis/workshop_ws/install/tide_gimbal_controller/lib:/home/luis/workshop_ws/install/my_hardware_interface/lib:/home/luis/workshop_ws/install/serial/lib:/home/luis/workshop_ws/install/ros2_socketcan/lib:/home/luis/workshop_ws/install/ros2_socketcan_msgs/lib:/home/luis/workshop_ws/install/controlko_hardware_interface/lib:/home/luis/workshop_ws/install/controlko_controllers/lib:/usr/lib/x86_64-linux-gnu/gazebo-11/plugins:/opt/ros/humble/opt/rviz_ogre_vendor/lib:/opt/ros/humble/lib/x86_64-linux-gnu:/opt/ros/humble/lib /usr/bin/cmake --build /home/luis/workshop_ws/build/tide_gimbal_controller -- -j12 -l12
[1.264s] DEBUG:colcon.colcon_core.event_handler.log_command:Invoking command in '/home/luis/workshop_ws/build/tide_gimbal_controller': CMAKE_PREFIX_PATH=/home/luis/workshop_ws/install/tide_msgs:/home/luis/workshop_ws/install/controlko_bringup:/home/luis/workshop_ws/install/tide_shooter_controller:/home/luis/workshop_ws/install/tide_gimbal_controller:/home/luis/workshop_ws/install/my_hardware_interface:/home/luis/workshop_ws/install/serial:/home/luis/workshop_ws/install/roscon2022_control_workshop:/home/luis/workshop_ws/install/ros2_socketcan:/home/luis/workshop_ws/install/ros2_socketcan_msgs:/home/luis/workshop_ws/install/controlko_hardware_interface:/home/luis/workshop_ws/install/controlko_description:/home/luis/workshop_ws/install/controlko_controllers:/opt/ros/humble LD_LIBRARY_PATH=/home/luis/workshop_ws/install/tide_msgs/lib:/home/luis/workshop_ws/install/tide_shooter_controller/lib:/home/luis/workshop_ws/install/tide_gimbal_controller/lib:/home/luis/workshop_ws/install/my_hardware_interface/lib:/home/luis/workshop_ws/install/serial/lib:/home/luis/workshop_ws/install/ros2_socketcan/lib:/home/luis/workshop_ws/install/ros2_socketcan_msgs/lib:/home/luis/workshop_ws/install/controlko_hardware_interface/lib:/home/luis/workshop_ws/install/controlko_controllers/lib:/usr/lib/x86_64-linux-gnu/gazebo-11/plugins:/opt/ros/humble/opt/rviz_ogre_vendor/lib:/opt/ros/humble/lib/x86_64-linux-gnu:/opt/ros/humble/lib /usr/bin/cmake --install /home/luis/workshop_ws/build/tide_gimbal_controller
[1.290s] Level 1:colcon.colcon_core.environment:create_environment_scripts_only(tide_gimbal_controller)
[1.291s] DEBUG:colcon.colcon_core.event_handler.log_command:Invoked command in '/home/luis/workshop_ws/build/tide_gimbal_controller' returned '0': CMAKE_PREFIX_PATH=/home/luis/workshop_ws/install/tide_msgs:/home/luis/workshop_ws/install/controlko_bringup:/home/luis/workshop_ws/install/tide_shooter_controller:/home/luis/workshop_ws/install/tide_gimbal_controller:/home/luis/workshop_ws/install/my_hardware_interface:/home/luis/workshop_ws/install/serial:/home/luis/workshop_ws/install/roscon2022_control_workshop:/home/luis/workshop_ws/install/ros2_socketcan:/home/luis/workshop_ws/install/ros2_socketcan_msgs:/home/luis/workshop_ws/install/controlko_hardware_interface:/home/luis/workshop_ws/install/controlko_description:/home/luis/workshop_ws/install/controlko_controllers:/opt/ros/humble LD_LIBRARY_PATH=/home/luis/workshop_ws/install/tide_msgs/lib:/home/luis/workshop_ws/install/tide_shooter_controller/lib:/home/luis/workshop_ws/install/tide_gimbal_controller/lib:/home/luis/workshop_ws/install/my_hardware_interface/lib:/home/luis/workshop_ws/install/serial/lib:/home/luis/workshop_ws/install/ros2_socketcan/lib:/home/luis/workshop_ws/install/ros2_socketcan_msgs/lib:/home/luis/workshop_ws/install/controlko_hardware_interface/lib:/home/luis/workshop_ws/install/controlko_controllers/lib:/usr/lib/x86_64-linux-gnu/gazebo-11/plugins:/opt/ros/humble/opt/rviz_ogre_vendor/lib:/opt/ros/humble/lib/x86_64-linux-gnu:/opt/ros/humble/lib /usr/bin/cmake --install /home/luis/workshop_ws/build/tide_gimbal_controller
[1.294s] Level 1:colcon.colcon_core.environment:checking '/home/luis/workshop_ws/install/tide_gimbal_controller' for CMake module files
[1.295s] Level 1:colcon.colcon_core.environment:checking '/home/luis/workshop_ws/install/tide_gimbal_controller' for CMake config files
[1.295s] Level 1:colcon.colcon_core.shell:create_environment_hook('tide_gimbal_controller', 'cmake_prefix_path')
[1.295s] INFO:colcon.colcon_core.shell:Creating environment hook '/home/luis/workshop_ws/install/tide_gimbal_controller/share/tide_gimbal_controller/hook/cmake_prefix_path.ps1'
[1.296s] INFO:colcon.colcon_core.shell:Creating environment descriptor '/home/luis/workshop_ws/install/tide_gimbal_controller/share/tide_gimbal_controller/hook/cmake_prefix_path.dsv'
[1.296s] INFO:colcon.colcon_core.shell:Creating environment hook '/home/luis/workshop_ws/install/tide_gimbal_controller/share/tide_gimbal_controller/hook/cmake_prefix_path.sh'
[1.297s] Level 1:colcon.colcon_core.environment:checking '/home/luis/workshop_ws/install/tide_gimbal_controller/lib'
[1.297s] Level 1:colcon.colcon_core.shell:create_environment_hook('tide_gimbal_controller', 'ld_library_path_lib')
[1.297s] INFO:colcon.colcon_core.shell:Creating environment hook '/home/luis/workshop_ws/install/tide_gimbal_controller/share/tide_gimbal_controller/hook/ld_library_path_lib.ps1'
[1.298s] INFO:colcon.colcon_core.shell:Creating environment descriptor '/home/luis/workshop_ws/install/tide_gimbal_controller/share/tide_gimbal_controller/hook/ld_library_path_lib.dsv'
[1.298s] INFO:colcon.colcon_core.shell:Creating environment hook '/home/luis/workshop_ws/install/tide_gimbal_controller/share/tide_gimbal_controller/hook/ld_library_path_lib.sh'
[1.298s] Level 1:colcon.colcon_core.environment:checking '/home/luis/workshop_ws/install/tide_gimbal_controller/bin'
[1.298s] Level 1:colcon.colcon_core.environment:checking '/home/luis/workshop_ws/install/tide_gimbal_controller/lib/pkgconfig/tide_gimbal_controller.pc'
[1.299s] Level 1:colcon.colcon_core.environment:checking '/home/luis/workshop_ws/install/tide_gimbal_controller/lib/python3.10/site-packages'
[1.299s] Level 1:colcon.colcon_core.environment:checking '/home/luis/workshop_ws/install/tide_gimbal_controller/bin'
[1.299s] INFO:colcon.colcon_core.shell:Creating package script '/home/luis/workshop_ws/install/tide_gimbal_controller/share/tide_gimbal_controller/package.ps1'
[1.300s] INFO:colcon.colcon_core.shell:Creating package descriptor '/home/luis/workshop_ws/install/tide_gimbal_controller/share/tide_gimbal_controller/package.dsv'
[1.300s] INFO:colcon.colcon_core.shell:Creating package script '/home/luis/workshop_ws/install/tide_gimbal_controller/share/tide_gimbal_controller/package.sh'
[1.301s] INFO:colcon.colcon_core.shell:Creating package script '/home/luis/workshop_ws/install/tide_gimbal_controller/share/tide_gimbal_controller/package.bash'
[1.301s] INFO:colcon.colcon_core.shell:Creating package script '/home/luis/workshop_ws/install/tide_gimbal_controller/share/tide_gimbal_controller/package.zsh'
[1.302s] Level 1:colcon.colcon_core.environment:create_file_with_runtime_dependencies(/home/luis/workshop_ws/install/tide_gimbal_controller/share/colcon-core/packages/tide_gimbal_controller)
[1.303s] Level 1:colcon.colcon_core.environment:create_environment_scripts_only(tide_gimbal_controller)
[1.303s] Level 1:colcon.colcon_core.environment:checking '/home/luis/workshop_ws/install/tide_gimbal_controller' for CMake module files
[1.303s] Level 1:colcon.colcon_core.environment:checking '/home/luis/workshop_ws/install/tide_gimbal_controller' for CMake config files
[1.303s] Level 1:colcon.colcon_core.shell:create_environment_hook('tide_gimbal_controller', 'cmake_prefix_path')
[1.304s] INFO:colcon.colcon_core.shell:Creating environment hook '/home/luis/workshop_ws/install/tide_gimbal_controller/share/tide_gimbal_controller/hook/cmake_prefix_path.ps1'
[1.304s] INFO:colcon.colcon_core.shell:Creating environment descriptor '/home/luis/workshop_ws/install/tide_gimbal_controller/share/tide_gimbal_controller/hook/cmake_prefix_path.dsv'
[1.304s] INFO:colcon.colcon_core.shell:Creating environment hook '/home/luis/workshop_ws/install/tide_gimbal_controller/share/tide_gimbal_controller/hook/cmake_prefix_path.sh'
[1.305s] Level 1:colcon.colcon_core.environment:checking '/home/luis/workshop_ws/install/tide_gimbal_controller/lib'
[1.305s] Level 1:colcon.colcon_core.shell:create_environment_hook('tide_gimbal_controller', 'ld_library_path_lib')
[1.305s] INFO:colcon.colcon_core.shell:Creating environment hook '/home/luis/workshop_ws/install/tide_gimbal_controller/share/tide_gimbal_controller/hook/ld_library_path_lib.ps1'
[1.305s] INFO:colcon.colcon_core.shell:Creating environment descriptor '/home/luis/workshop_ws/install/tide_gimbal_controller/share/tide_gimbal_controller/hook/ld_library_path_lib.dsv'
[1.306s] INFO:colcon.colcon_core.shell:Creating environment hook '/home/luis/workshop_ws/install/tide_gimbal_controller/share/tide_gimbal_controller/hook/ld_library_path_lib.sh'
[1.306s] Level 1:colcon.colcon_core.environment:checking '/home/luis/workshop_ws/install/tide_gimbal_controller/bin'
[1.306s] Level 1:colcon.colcon_core.environment:checking '/home/luis/workshop_ws/install/tide_gimbal_controller/lib/pkgconfig/tide_gimbal_controller.pc'
[1.306s] Level 1:colcon.colcon_core.environment:checking '/home/luis/workshop_ws/install/tide_gimbal_controller/lib/python3.10/site-packages'
[1.306s] Level 1:colcon.colcon_core.environment:checking '/home/luis/workshop_ws/install/tide_gimbal_controller/bin'
[1.307s] INFO:colcon.colcon_core.shell:Creating package script '/home/luis/workshop_ws/install/tide_gimbal_controller/share/tide_gimbal_controller/package.ps1'
[1.307s] INFO:colcon.colcon_core.shell:Creating package descriptor '/home/luis/workshop_ws/install/tide_gimbal_controller/share/tide_gimbal_controller/package.dsv'
[1.307s] INFO:colcon.colcon_core.shell:Creating package script '/home/luis/workshop_ws/install/tide_gimbal_controller/share/tide_gimbal_controller/package.sh'
[1.308s] INFO:colcon.colcon_core.shell:Creating package script '/home/luis/workshop_ws/install/tide_gimbal_controller/share/tide_gimbal_controller/package.bash'
[1.308s] INFO:colcon.colcon_core.shell:Creating package script '/home/luis/workshop_ws/install/tide_gimbal_controller/share/tide_gimbal_controller/package.zsh'
[1.308s] Level 1:colcon.colcon_core.environment:create_file_with_runtime_dependencies(/home/luis/workshop_ws/install/tide_gimbal_controller/share/colcon-core/packages/tide_gimbal_controller)
[1.310s] Level 1:colcon.colcon_core.environment:create_environment_scripts_only(tide_shooter_controller)
[1.310s] Level 1:colcon.colcon_core.environment:checking '/home/luis/workshop_ws/install/tide_shooter_controller' for CMake module files
[1.311s] DEBUG:colcon.colcon_core.event_handler.log_command:Invoked command in '/home/luis/workshop_ws/build/tide_shooter_controller' returned '0': CMAKE_PREFIX_PATH=/home/luis/workshop_ws/install/tide_msgs:/home/luis/workshop_ws/install/controlko_bringup:/home/luis/workshop_ws/install/tide_shooter_controller:/home/luis/workshop_ws/install/tide_gimbal_controller:/home/luis/workshop_ws/install/my_hardware_interface:/home/luis/workshop_ws/install/serial:/home/luis/workshop_ws/install/roscon2022_control_workshop:/home/luis/workshop_ws/install/ros2_socketcan:/home/luis/workshop_ws/install/ros2_socketcan_msgs:/home/luis/workshop_ws/install/controlko_hardware_interface:/home/luis/workshop_ws/install/controlko_description:/home/luis/workshop_ws/install/controlko_controllers:/opt/ros/humble LD_LIBRARY_PATH=/home/luis/workshop_ws/install/tide_msgs/lib:/home/luis/workshop_ws/install/tide_shooter_controller/lib:/home/luis/workshop_ws/install/tide_gimbal_controller/lib:/home/luis/workshop_ws/install/my_hardware_interface/lib:/home/luis/workshop_ws/install/serial/lib:/home/luis/workshop_ws/install/ros2_socketcan/lib:/home/luis/workshop_ws/install/ros2_socketcan_msgs/lib:/home/luis/workshop_ws/install/controlko_hardware_interface/lib:/home/luis/workshop_ws/install/controlko_controllers/lib:/usr/lib/x86_64-linux-gnu/gazebo-11/plugins:/opt/ros/humble/opt/rviz_ogre_vendor/lib:/opt/ros/humble/lib/x86_64-linux-gnu:/opt/ros/humble/lib /usr/bin/cmake --install /home/luis/workshop_ws/build/tide_shooter_controller
[1.312s] Level 1:colcon.colcon_core.environment:checking '/home/luis/workshop_ws/install/tide_shooter_controller' for CMake config files
[1.313s] Level 1:colcon.colcon_core.shell:create_environment_hook('tide_shooter_controller', 'cmake_prefix_path')
[1.313s] INFO:colcon.colcon_core.shell:Creating environment hook '/home/luis/workshop_ws/install/tide_shooter_controller/share/tide_shooter_controller/hook/cmake_prefix_path.ps1'
[1.314s] INFO:colcon.colcon_core.shell:Creating environment descriptor '/home/luis/workshop_ws/install/tide_shooter_controller/share/tide_shooter_controller/hook/cmake_prefix_path.dsv'
[1.315s] INFO:colcon.colcon_core.shell:Creating environment hook '/home/luis/workshop_ws/install/tide_shooter_controller/share/tide_shooter_controller/hook/cmake_prefix_path.sh'
[1.316s] Level 1:colcon.colcon_core.environment:checking '/home/luis/workshop_ws/install/tide_shooter_controller/lib'
[1.316s] Level 1:colcon.colcon_core.shell:create_environment_hook('tide_shooter_controller', 'ld_library_path_lib')
[1.316s] INFO:colcon.colcon_core.shell:Creating environment hook '/home/luis/workshop_ws/install/tide_shooter_controller/share/tide_shooter_controller/hook/ld_library_path_lib.ps1'
[1.317s] INFO:colcon.colcon_core.shell:Creating environment descriptor '/home/luis/workshop_ws/install/tide_shooter_controller/share/tide_shooter_controller/hook/ld_library_path_lib.dsv'
[1.318s] INFO:colcon.colcon_core.shell:Creating environment hook '/home/luis/workshop_ws/install/tide_shooter_controller/share/tide_shooter_controller/hook/ld_library_path_lib.sh'
[1.319s] Level 1:colcon.colcon_core.environment:checking '/home/luis/workshop_ws/install/tide_shooter_controller/bin'
[1.319s] Level 1:colcon.colcon_core.environment:checking '/home/luis/workshop_ws/install/tide_shooter_controller/lib/pkgconfig/tide_shooter_controller.pc'
[1.319s] Level 1:colcon.colcon_core.environment:checking '/home/luis/workshop_ws/install/tide_shooter_controller/lib/python3.10/site-packages'
[1.320s] Level 1:colcon.colcon_core.environment:checking '/home/luis/workshop_ws/install/tide_shooter_controller/bin'
[1.321s] INFO:colcon.colcon_core.shell:Creating package script '/home/luis/workshop_ws/install/tide_shooter_controller/share/tide_shooter_controller/package.ps1'
[1.322s] INFO:colcon.colcon_core.shell:Creating package descriptor '/home/luis/workshop_ws/install/tide_shooter_controller/share/tide_shooter_controller/package.dsv'
[1.323s] INFO:colcon.colcon_core.shell:Creating package script '/home/luis/workshop_ws/install/tide_shooter_controller/share/tide_shooter_controller/package.sh'
[1.323s] INFO:colcon.colcon_core.shell:Creating package script '/home/luis/workshop_ws/install/tide_shooter_controller/share/tide_shooter_controller/package.bash'
[1.324s] INFO:colcon.colcon_core.shell:Creating package script '/home/luis/workshop_ws/install/tide_shooter_controller/share/tide_shooter_controller/package.zsh'
[1.325s] Level 1:colcon.colcon_core.environment:create_file_with_runtime_dependencies(/home/luis/workshop_ws/install/tide_shooter_controller/share/colcon-core/packages/tide_shooter_controller)
[1.326s] Level 1:colcon.colcon_core.environment:create_environment_scripts_only(tide_shooter_controller)
[1.327s] Level 1:colcon.colcon_core.environment:checking '/home/luis/workshop_ws/install/tide_shooter_controller' for CMake module files
[1.328s] Level 1:colcon.colcon_core.environment:checking '/home/luis/workshop_ws/install/tide_shooter_controller' for CMake config files
[1.328s] Level 1:colcon.colcon_core.shell:create_environment_hook('tide_shooter_controller', 'cmake_prefix_path')
[1.329s] INFO:colcon.colcon_core.shell:Creating environment hook '/home/luis/workshop_ws/install/tide_shooter_controller/share/tide_shooter_controller/hook/cmake_prefix_path.ps1'
[1.330s] INFO:colcon.colcon_core.shell:Creating environment descriptor '/home/luis/workshop_ws/install/tide_shooter_controller/share/tide_shooter_controller/hook/cmake_prefix_path.dsv'
[1.331s] INFO:colcon.colcon_core.shell:Creating environment hook '/home/luis/workshop_ws/install/tide_shooter_controller/share/tide_shooter_controller/hook/cmake_prefix_path.sh'
[1.332s] Level 1:colcon.colcon_core.environment:checking '/home/luis/workshop_ws/install/tide_shooter_controller/lib'
[1.332s] Level 1:colcon.colcon_core.shell:create_environment_hook('tide_shooter_controller', 'ld_library_path_lib')
[1.332s] INFO:colcon.colcon_core.shell:Creating environment hook '/home/luis/workshop_ws/install/tide_shooter_controller/share/tide_shooter_controller/hook/ld_library_path_lib.ps1'
[1.333s] INFO:colcon.colcon_core.shell:Creating environment descriptor '/home/luis/workshop_ws/install/tide_shooter_controller/share/tide_shooter_controller/hook/ld_library_path_lib.dsv'
[1.334s] INFO:colcon.colcon_core.shell:Creating environment hook '/home/luis/workshop_ws/install/tide_shooter_controller/share/tide_shooter_controller/hook/ld_library_path_lib.sh'
[1.335s] Level 1:colcon.colcon_core.environment:checking '/home/luis/workshop_ws/install/tide_shooter_controller/bin'
[1.335s] Level 1:colcon.colcon_core.environment:checking '/home/luis/workshop_ws/install/tide_shooter_controller/lib/pkgconfig/tide_shooter_controller.pc'
[1.335s] Level 1:colcon.colcon_core.environment:checking '/home/luis/workshop_ws/install/tide_shooter_controller/lib/python3.10/site-packages'
[1.336s] Level 1:colcon.colcon_core.environment:checking '/home/luis/workshop_ws/install/tide_shooter_controller/bin'
[1.337s] INFO:colcon.colcon_core.shell:Creating package script '/home/luis/workshop_ws/install/tide_shooter_controller/share/tide_shooter_controller/package.ps1'
[1.338s] INFO:colcon.colcon_core.shell:Creating package descriptor '/home/luis/workshop_ws/install/tide_shooter_controller/share/tide_shooter_controller/package.dsv'
[1.339s] INFO:colcon.colcon_core.shell:Creating package script '/home/luis/workshop_ws/install/tide_shooter_controller/share/tide_shooter_controller/package.sh'
[1.340s] INFO:colcon.colcon_core.shell:Creating package script '/home/luis/workshop_ws/install/tide_shooter_controller/share/tide_shooter_controller/package.bash'
[1.341s] INFO:colcon.colcon_core.shell:Creating package script '/home/luis/workshop_ws/install/tide_shooter_controller/share/tide_shooter_controller/package.zsh'
[1.342s] Level 1:colcon.colcon_core.environment:create_file_with_runtime_dependencies(/home/luis/workshop_ws/install/tide_shooter_controller/share/colcon-core/packages/tide_shooter_controller)
[1.342s] DEBUG:colcon.colcon_parallel_executor.executor.parallel:closing loop
[1.343s] DEBUG:colcon.colcon_parallel_executor.executor.parallel:loop closed
[1.343s] DEBUG:colcon.colcon_parallel_executor.executor.parallel:run_until_complete finished with '0'
[1.343s] DEBUG:colcon.colcon_core.event_reactor:joining thread
[1.355s] INFO:colcon.colcon_core.plugin_system:Skipping extension 'colcon_notification.desktop_notification.terminal_notifier': Not used on non-Darwin systems
[1.355s] INFO:colcon.colcon_core.plugin_system:Skipping extension 'colcon_notification.desktop_notification.win32': Not used on non-Windows systems
[1.355s] INFO:colcon.colcon_notification.desktop_notification:Sending desktop notification using 'notify2'
[1.366s] DEBUG:colcon.colcon_core.event_reactor:joined thread
[1.366s] INFO:colcon.colcon_core.shell:Creating prefix script '/home/luis/workshop_ws/install/local_setup.ps1'
[1.367s] INFO:colcon.colcon_core.shell:Creating prefix util module '/home/luis/workshop_ws/install/_local_setup_util_ps1.py'
[1.368s] INFO:colcon.colcon_core.shell:Creating prefix chain script '/home/luis/workshop_ws/install/setup.ps1'
[1.370s] INFO:colcon.colcon_core.shell:Creating prefix script '/home/luis/workshop_ws/install/local_setup.sh'
[1.370s] INFO:colcon.colcon_core.shell:Creating prefix util module '/home/luis/workshop_ws/install/_local_setup_util_sh.py'
[1.371s] INFO:colcon.colcon_core.shell:Creating prefix chain script '/home/luis/workshop_ws/install/setup.sh'
[1.372s] INFO:colcon.colcon_core.shell:Creating prefix script '/home/luis/workshop_ws/install/local_setup.bash'
[1.373s] INFO:colcon.colcon_core.shell:Creating prefix chain script '/home/luis/workshop_ws/install/setup.bash'
[1.374s] INFO:colcon.colcon_core.shell:Creating prefix script '/home/luis/workshop_ws/install/local_setup.zsh'
[1.374s] INFO:colcon.colcon_core.shell:Creating prefix chain script '/home/luis/workshop_ws/install/setup.zsh'
