[0.066s] Invoking command in '/home/luis/azure_sky_ros2/build/buff_interfaces': CMAKE_PREFIX_PATH=${CMAKE_PREFIX_PATH}:/opt/ros/humble /usr/bin/cmake --build /home/luis/azure_sky_ros2/build/buff_interfaces -- -j12 -l12
[0.266s] [ 11%] Built target buff_interfaces__rosidl_generator_c
[0.275s] [ 12%] Built target buff_interfaces__cpp
[0.302s] [ 12%] Built target ament_cmake_python_copy_buff_interfaces
[0.412s] [ 24%] Built target buff_interfaces__rosidl_typesupport_c
[0.412s] [ 35%] Built target buff_interfaces__rosidl_typesupport_fastrtps_c
[0.447s] [ 46%] Built target buff_interfaces__rosidl_typesupport_introspection_c
[0.447s] [ 58%] Built target buff_interfaces__rosidl_typesupport_cpp
[0.449s] [ 69%] Built target buff_interfaces__rosidl_typesupport_fastrtps_cpp
[0.460s] [ 81%] Built target buff_interfaces__rosidl_typesupport_introspection_cpp
[0.532s] [ 81%] Built target buff_interfaces
[0.602s] [ 82%] Built target buff_interfaces__py
[0.676s] [ 92%] Built target buff_interfaces__rosidl_generator_py
[0.749s] [ 94%] Built target buff_interfaces__rosidl_typesupport_introspection_c__pyext
[0.749s] [100%] Built target buff_interfaces__rosidl_typesupport_fastrtps_c__pyext
[0.749s] [100%] Built target buff_interfaces__rosidl_typesupport_c__pyext
[0.852s] running egg_info
[0.853s] writing buff_interfaces.egg-info/PKG-INFO
[0.853s] writing dependency_links to buff_interfaces.egg-info/dependency_links.txt
[0.853s] writing top-level names to buff_interfaces.egg-info/top_level.txt
[0.857s] reading manifest file 'buff_interfaces.egg-info/SOURCES.txt'
[0.858s] writing manifest file 'buff_interfaces.egg-info/SOURCES.txt'
[0.914s] [100%] Built target ament_cmake_python_build_buff_interfaces_egg
[0.941s] Invoked command in '/home/luis/azure_sky_ros2/build/buff_interfaces' returned '0': CMAKE_PREFIX_PATH=${CMAKE_PREFIX_PATH}:/opt/ros/humble /usr/bin/cmake --build /home/luis/azure_sky_ros2/build/buff_interfaces -- -j12 -l12
[0.946s] Invoking command in '/home/luis/azure_sky_ros2/build/buff_interfaces': CMAKE_PREFIX_PATH=${CMAKE_PREFIX_PATH}:/opt/ros/humble /usr/bin/cmake --install /home/luis/azure_sky_ros2/build/buff_interfaces
[0.962s] -- Install configuration: ""
[0.962s] -- Up-to-date: /home/luis/azure_sky_ros2/install/buff_interfaces/share/ament_index/resource_index/rosidl_interfaces/buff_interfaces
[0.963s] -- Up-to-date: /home/luis/azure_sky_ros2/install/buff_interfaces/include/buff_interfaces/buff_interfaces
[0.963s] -- Up-to-date: /home/luis/azure_sky_ros2/install/buff_interfaces/include/buff_interfaces/buff_interfaces/msg
[0.963s] -- Up-to-date: /home/luis/azure_sky_ros2/install/buff_interfaces/include/buff_interfaces/buff_interfaces/msg/blade.h
[0.963s] -- Up-to-date: /home/luis/azure_sky_ros2/install/buff_interfaces/include/buff_interfaces/buff_interfaces/msg/rune_info.h
[0.963s] -- Up-to-date: /home/luis/azure_sky_ros2/install/buff_interfaces/include/buff_interfaces/buff_interfaces/msg/detail
[0.964s] -- Up-to-date: /home/luis/azure_sky_ros2/install/buff_interfaces/include/buff_interfaces/buff_interfaces/msg/detail/rune_info__functions.c
[0.964s] -- Up-to-date: /home/luis/azure_sky_ros2/install/buff_interfaces/include/buff_interfaces/buff_interfaces/msg/detail/blade_array__functions.h
[0.964s] -- Up-to-date: /home/luis/azure_sky_ros2/install/buff_interfaces/include/buff_interfaces/buff_interfaces/msg/detail/time_info__functions.h
[0.964s] -- Up-to-date: /home/luis/azure_sky_ros2/install/buff_interfaces/include/buff_interfaces/buff_interfaces/msg/detail/blade_array__functions.c
[0.964s] -- Up-to-date: /home/luis/azure_sky_ros2/install/buff_interfaces/include/buff_interfaces/buff_interfaces/msg/detail/blade_array__struct.h
[0.965s] -- Up-to-date: /home/luis/azure_sky_ros2/install/buff_interfaces/include/buff_interfaces/buff_interfaces/msg/detail/time_info__struct.h
[0.965s] -- Up-to-date: /home/luis/azure_sky_ros2/install/buff_interfaces/include/buff_interfaces/buff_interfaces/msg/detail/blade__struct.h
[0.965s] -- Up-to-date: /home/luis/azure_sky_ros2/install/buff_interfaces/include/buff_interfaces/buff_interfaces/msg/detail/debug_blade_array__struct.h
[0.965s] -- Up-to-date: /home/luis/azure_sky_ros2/install/buff_interfaces/include/buff_interfaces/buff_interfaces/msg/detail/debug_blade__functions.h
[0.965s] -- Up-to-date: /home/luis/azure_sky_ros2/install/buff_interfaces/include/buff_interfaces/buff_interfaces/msg/detail/rune__type_support.h
[0.965s] -- Up-to-date: /home/luis/azure_sky_ros2/install/buff_interfaces/include/buff_interfaces/buff_interfaces/msg/detail/rune__functions.h
[0.966s] -- Up-to-date: /home/luis/azure_sky_ros2/install/buff_interfaces/include/buff_interfaces/buff_interfaces/msg/detail/blade_array__type_support.h
[0.966s] -- Up-to-date: /home/luis/azure_sky_ros2/install/buff_interfaces/include/buff_interfaces/buff_interfaces/msg/detail/time_info__type_support.h
[0.966s] -- Up-to-date: /home/luis/azure_sky_ros2/install/buff_interfaces/include/buff_interfaces/buff_interfaces/msg/detail/rune_info__struct.h
[0.966s] -- Up-to-date: /home/luis/azure_sky_ros2/install/buff_interfaces/include/buff_interfaces/buff_interfaces/msg/detail/debug_blade_array__functions.c
[0.966s] -- Up-to-date: /home/luis/azure_sky_ros2/install/buff_interfaces/include/buff_interfaces/buff_interfaces/msg/detail/blade__type_support.h
[0.967s] -- Up-to-date: /home/luis/azure_sky_ros2/install/buff_interfaces/include/buff_interfaces/buff_interfaces/msg/detail/rune__struct.h
[0.967s] -- Up-to-date: /home/luis/azure_sky_ros2/install/buff_interfaces/include/buff_interfaces/buff_interfaces/msg/detail/debug_blade__type_support.h
[0.967s] -- Up-to-date: /home/luis/azure_sky_ros2/install/buff_interfaces/include/buff_interfaces/buff_interfaces/msg/detail/rune__functions.c
[0.967s] -- Up-to-date: /home/luis/azure_sky_ros2/install/buff_interfaces/include/buff_interfaces/buff_interfaces/msg/detail/debug_blade__functions.c
[0.967s] -- Up-to-date: /home/luis/azure_sky_ros2/install/buff_interfaces/include/buff_interfaces/buff_interfaces/msg/detail/debug_blade__struct.h
[0.967s] -- Up-to-date: /home/luis/azure_sky_ros2/install/buff_interfaces/include/buff_interfaces/buff_interfaces/msg/detail/blade__functions.c
[0.968s] -- Up-to-date: /home/luis/azure_sky_ros2/install/buff_interfaces/include/buff_interfaces/buff_interfaces/msg/detail/time_info__functions.c
[0.968s] -- Up-to-date: /home/luis/azure_sky_ros2/install/buff_interfaces/include/buff_interfaces/buff_interfaces/msg/detail/debug_blade_array__type_support.h
[0.969s] -- Up-to-date: /home/luis/azure_sky_ros2/install/buff_interfaces/include/buff_interfaces/buff_interfaces/msg/detail/debug_blade_array__functions.h
[0.969s] -- Up-to-date: /home/luis/azure_sky_ros2/install/buff_interfaces/include/buff_interfaces/buff_interfaces/msg/detail/rune_info__type_support.h
[0.969s] -- Up-to-date: /home/luis/azure_sky_ros2/install/buff_interfaces/include/buff_interfaces/buff_interfaces/msg/detail/rune_info__functions.h
[0.970s] -- Up-to-date: /home/luis/azure_sky_ros2/install/buff_interfaces/include/buff_interfaces/buff_interfaces/msg/detail/blade__functions.h
[0.970s] -- Up-to-date: /home/luis/azure_sky_ros2/install/buff_interfaces/include/buff_interfaces/buff_interfaces/msg/rosidl_generator_c__visibility_control.h
[0.970s] -- Up-to-date: /home/luis/azure_sky_ros2/install/buff_interfaces/include/buff_interfaces/buff_interfaces/msg/rune.h
[0.970s] -- Up-to-date: /home/luis/azure_sky_ros2/install/buff_interfaces/include/buff_interfaces/buff_interfaces/msg/blade_array.h
[0.971s] -- Up-to-date: /home/luis/azure_sky_ros2/install/buff_interfaces/include/buff_interfaces/buff_interfaces/msg/time_info.h
[0.971s] -- Up-to-date: /home/luis/azure_sky_ros2/install/buff_interfaces/include/buff_interfaces/buff_interfaces/msg/debug_blade_array.h
[0.971s] -- Up-to-date: /home/luis/azure_sky_ros2/install/buff_interfaces/include/buff_interfaces/buff_interfaces/msg/debug_blade.h
[0.971s] -- Up-to-date: /home/luis/azure_sky_ros2/install/buff_interfaces/share/buff_interfaces/environment/library_path.sh
[0.971s] -- Up-to-date: /home/luis/azure_sky_ros2/install/buff_interfaces/share/buff_interfaces/environment/library_path.dsv
[0.971s] -- Up-to-date: /home/luis/azure_sky_ros2/install/buff_interfaces/lib/libbuff_interfaces__rosidl_generator_c.so
[0.972s] -- Up-to-date: /home/luis/azure_sky_ros2/install/buff_interfaces/include/buff_interfaces/buff_interfaces
[0.972s] -- Up-to-date: /home/luis/azure_sky_ros2/install/buff_interfaces/include/buff_interfaces/buff_interfaces/msg
[0.972s] -- Up-to-date: /home/luis/azure_sky_ros2/install/buff_interfaces/include/buff_interfaces/buff_interfaces/msg/rosidl_typesupport_fastrtps_c__visibility_control.h
[0.972s] -- Up-to-date: /home/luis/azure_sky_ros2/install/buff_interfaces/include/buff_interfaces/buff_interfaces/msg/detail
[0.972s] -- Up-to-date: /home/luis/azure_sky_ros2/install/buff_interfaces/include/buff_interfaces/buff_interfaces/msg/detail/blade_array__rosidl_typesupport_fastrtps_c.h
[0.972s] -- Up-to-date: /home/luis/azure_sky_ros2/install/buff_interfaces/include/buff_interfaces/buff_interfaces/msg/detail/debug_blade__rosidl_typesupport_fastrtps_c.h
[0.973s] -- Up-to-date: /home/luis/azure_sky_ros2/install/buff_interfaces/include/buff_interfaces/buff_interfaces/msg/detail/time_info__rosidl_typesupport_fastrtps_c.h
[0.973s] -- Up-to-date: /home/luis/azure_sky_ros2/install/buff_interfaces/include/buff_interfaces/buff_interfaces/msg/detail/blade__rosidl_typesupport_fastrtps_c.h
[0.973s] -- Up-to-date: /home/luis/azure_sky_ros2/install/buff_interfaces/include/buff_interfaces/buff_interfaces/msg/detail/debug_blade_array__rosidl_typesupport_fastrtps_c.h
[0.973s] -- Up-to-date: /home/luis/azure_sky_ros2/install/buff_interfaces/include/buff_interfaces/buff_interfaces/msg/detail/rune_info__rosidl_typesupport_fastrtps_c.h
[0.974s] -- Up-to-date: /home/luis/azure_sky_ros2/install/buff_interfaces/include/buff_interfaces/buff_interfaces/msg/detail/rune__rosidl_typesupport_fastrtps_c.h
[0.974s] -- Up-to-date: /home/luis/azure_sky_ros2/install/buff_interfaces/lib/libbuff_interfaces__rosidl_typesupport_fastrtps_c.so
[0.974s] -- Up-to-date: /home/luis/azure_sky_ros2/install/buff_interfaces/include/buff_interfaces/buff_interfaces
[0.974s] -- Up-to-date: /home/luis/azure_sky_ros2/install/buff_interfaces/include/buff_interfaces/buff_interfaces/msg
[0.974s] -- Up-to-date: /home/luis/azure_sky_ros2/install/buff_interfaces/include/buff_interfaces/buff_interfaces/msg/detail
[0.974s] -- Up-to-date: /home/luis/azure_sky_ros2/install/buff_interfaces/include/buff_interfaces/buff_interfaces/msg/detail/rune_info__type_support.c
[0.974s] -- Up-to-date: /home/luis/azure_sky_ros2/install/buff_interfaces/include/buff_interfaces/buff_interfaces/msg/detail/debug_blade__rosidl_typesupport_introspection_c.h
[0.974s] -- Up-to-date: /home/luis/azure_sky_ros2/install/buff_interfaces/include/buff_interfaces/buff_interfaces/msg/detail/rune_info__rosidl_typesupport_introspection_c.h
[0.975s] -- Up-to-date: /home/luis/azure_sky_ros2/install/buff_interfaces/include/buff_interfaces/buff_interfaces/msg/detail/rune__type_support.c
[0.975s] -- Up-to-date: /home/luis/azure_sky_ros2/install/buff_interfaces/include/buff_interfaces/buff_interfaces/msg/detail/time_info__type_support.c
[0.975s] -- Up-to-date: /home/luis/azure_sky_ros2/install/buff_interfaces/include/buff_interfaces/buff_interfaces/msg/detail/blade_array__rosidl_typesupport_introspection_c.h
[0.975s] -- Up-to-date: /home/luis/azure_sky_ros2/install/buff_interfaces/include/buff_interfaces/buff_interfaces/msg/detail/rune__rosidl_typesupport_introspection_c.h
[0.975s] -- Up-to-date: /home/luis/azure_sky_ros2/install/buff_interfaces/include/buff_interfaces/buff_interfaces/msg/detail/debug_blade_array__type_support.c
[0.975s] -- Up-to-date: /home/luis/azure_sky_ros2/install/buff_interfaces/include/buff_interfaces/buff_interfaces/msg/detail/debug_blade_array__rosidl_typesupport_introspection_c.h
[0.975s] -- Up-to-date: /home/luis/azure_sky_ros2/install/buff_interfaces/include/buff_interfaces/buff_interfaces/msg/detail/blade_array__type_support.c
[0.975s] -- Up-to-date: /home/luis/azure_sky_ros2/install/buff_interfaces/include/buff_interfaces/buff_interfaces/msg/detail/debug_blade__type_support.c
[0.976s] -- Up-to-date: /home/luis/azure_sky_ros2/install/buff_interfaces/include/buff_interfaces/buff_interfaces/msg/detail/time_info__rosidl_typesupport_introspection_c.h
[0.976s] -- Up-to-date: /home/luis/azure_sky_ros2/install/buff_interfaces/include/buff_interfaces/buff_interfaces/msg/detail/blade__type_support.c
[0.976s] -- Up-to-date: /home/luis/azure_sky_ros2/install/buff_interfaces/include/buff_interfaces/buff_interfaces/msg/detail/blade__rosidl_typesupport_introspection_c.h
[0.977s] -- Up-to-date: /home/luis/azure_sky_ros2/install/buff_interfaces/include/buff_interfaces/buff_interfaces/msg/rosidl_typesupport_introspection_c__visibility_control.h
[0.977s] -- Up-to-date: /home/luis/azure_sky_ros2/install/buff_interfaces/lib/libbuff_interfaces__rosidl_typesupport_introspection_c.so
[0.977s] -- Up-to-date: /home/luis/azure_sky_ros2/install/buff_interfaces/lib/libbuff_interfaces__rosidl_typesupport_c.so
[0.977s] -- Up-to-date: /home/luis/azure_sky_ros2/install/buff_interfaces/include/buff_interfaces/buff_interfaces
[0.977s] -- Up-to-date: /home/luis/azure_sky_ros2/install/buff_interfaces/include/buff_interfaces/buff_interfaces/msg
[0.977s] -- Up-to-date: /home/luis/azure_sky_ros2/install/buff_interfaces/include/buff_interfaces/buff_interfaces/msg/rune_info.hpp
[0.978s] -- Up-to-date: /home/luis/azure_sky_ros2/install/buff_interfaces/include/buff_interfaces/buff_interfaces/msg/debug_blade.hpp
[0.978s] -- Up-to-date: /home/luis/azure_sky_ros2/install/buff_interfaces/include/buff_interfaces/buff_interfaces/msg/time_info.hpp
[0.978s] -- Up-to-date: /home/luis/azure_sky_ros2/install/buff_interfaces/include/buff_interfaces/buff_interfaces/msg/detail
[0.978s] -- Up-to-date: /home/luis/azure_sky_ros2/install/buff_interfaces/include/buff_interfaces/buff_interfaces/msg/detail/debug_blade__builder.hpp
[0.978s] -- Up-to-date: /home/luis/azure_sky_ros2/install/buff_interfaces/include/buff_interfaces/buff_interfaces/msg/detail/time_info__traits.hpp
[0.978s] -- Up-to-date: /home/luis/azure_sky_ros2/install/buff_interfaces/include/buff_interfaces/buff_interfaces/msg/detail/blade_array__struct.hpp
[0.979s] -- Up-to-date: /home/luis/azure_sky_ros2/install/buff_interfaces/include/buff_interfaces/buff_interfaces/msg/detail/rune_info__builder.hpp
[0.979s] -- Up-to-date: /home/luis/azure_sky_ros2/install/buff_interfaces/include/buff_interfaces/buff_interfaces/msg/detail/blade_array__traits.hpp
[0.979s] -- Up-to-date: /home/luis/azure_sky_ros2/install/buff_interfaces/include/buff_interfaces/buff_interfaces/msg/detail/time_info__builder.hpp
[0.979s] -- Up-to-date: /home/luis/azure_sky_ros2/install/buff_interfaces/include/buff_interfaces/buff_interfaces/msg/detail/blade__builder.hpp
[0.979s] -- Up-to-date: /home/luis/azure_sky_ros2/install/buff_interfaces/include/buff_interfaces/buff_interfaces/msg/detail/rune__traits.hpp
[0.979s] -- Up-to-date: /home/luis/azure_sky_ros2/install/buff_interfaces/include/buff_interfaces/buff_interfaces/msg/detail/time_info__type_support.hpp
[0.980s] -- Up-to-date: /home/luis/azure_sky_ros2/install/buff_interfaces/include/buff_interfaces/buff_interfaces/msg/detail/debug_blade_array__builder.hpp
[0.980s] -- Up-to-date: /home/luis/azure_sky_ros2/install/buff_interfaces/include/buff_interfaces/buff_interfaces/msg/detail/rune__type_support.hpp
[0.980s] -- Up-to-date: /home/luis/azure_sky_ros2/install/buff_interfaces/include/buff_interfaces/buff_interfaces/msg/detail/blade__traits.hpp
[0.980s] -- Up-to-date: /home/luis/azure_sky_ros2/install/buff_interfaces/include/buff_interfaces/buff_interfaces/msg/detail/debug_blade__struct.hpp
[0.980s] -- Up-to-date: /home/luis/azure_sky_ros2/install/buff_interfaces/include/buff_interfaces/buff_interfaces/msg/detail/rune__struct.hpp
[0.980s] -- Up-to-date: /home/luis/azure_sky_ros2/install/buff_interfaces/include/buff_interfaces/buff_interfaces/msg/detail/debug_blade__type_support.hpp
[0.980s] -- Up-to-date: /home/luis/azure_sky_ros2/install/buff_interfaces/include/buff_interfaces/buff_interfaces/msg/detail/blade__struct.hpp
[0.981s] -- Up-to-date: /home/luis/azure_sky_ros2/install/buff_interfaces/include/buff_interfaces/buff_interfaces/msg/detail/rune_info__struct.hpp
[0.981s] -- Up-to-date: /home/luis/azure_sky_ros2/install/buff_interfaces/include/buff_interfaces/buff_interfaces/msg/detail/blade_array__type_support.hpp
[0.981s] -- Up-to-date: /home/luis/azure_sky_ros2/install/buff_interfaces/include/buff_interfaces/buff_interfaces/msg/detail/debug_blade_array__traits.hpp
[0.981s] -- Up-to-date: /home/luis/azure_sky_ros2/install/buff_interfaces/include/buff_interfaces/buff_interfaces/msg/detail/rune_info__type_support.hpp
[0.981s] -- Up-to-date: /home/luis/azure_sky_ros2/install/buff_interfaces/include/buff_interfaces/buff_interfaces/msg/detail/blade__type_support.hpp
[0.981s] -- Up-to-date: /home/luis/azure_sky_ros2/install/buff_interfaces/include/buff_interfaces/buff_interfaces/msg/detail/debug_blade_array__struct.hpp
[0.982s] -- Up-to-date: /home/luis/azure_sky_ros2/install/buff_interfaces/include/buff_interfaces/buff_interfaces/msg/detail/debug_blade__traits.hpp
[0.982s] -- Up-to-date: /home/luis/azure_sky_ros2/install/buff_interfaces/include/buff_interfaces/buff_interfaces/msg/detail/rune_info__traits.hpp
[0.982s] -- Up-to-date: /home/luis/azure_sky_ros2/install/buff_interfaces/include/buff_interfaces/buff_interfaces/msg/detail/time_info__struct.hpp
[0.982s] -- Up-to-date: /home/luis/azure_sky_ros2/install/buff_interfaces/include/buff_interfaces/buff_interfaces/msg/detail/rune__builder.hpp
[0.982s] -- Up-to-date: /home/luis/azure_sky_ros2/install/buff_interfaces/include/buff_interfaces/buff_interfaces/msg/detail/debug_blade_array__type_support.hpp
[0.983s] -- Up-to-date: /home/luis/azure_sky_ros2/install/buff_interfaces/include/buff_interfaces/buff_interfaces/msg/detail/blade_array__builder.hpp
[0.983s] -- Up-to-date: /home/luis/azure_sky_ros2/install/buff_interfaces/include/buff_interfaces/buff_interfaces/msg/debug_blade_array.hpp
[0.983s] -- Up-to-date: /home/luis/azure_sky_ros2/install/buff_interfaces/include/buff_interfaces/buff_interfaces/msg/blade.hpp
[0.983s] -- Up-to-date: /home/luis/azure_sky_ros2/install/buff_interfaces/include/buff_interfaces/buff_interfaces/msg/rune.hpp
[0.984s] -- Up-to-date: /home/luis/azure_sky_ros2/install/buff_interfaces/include/buff_interfaces/buff_interfaces/msg/blade_array.hpp
[0.984s] -- Up-to-date: /home/luis/azure_sky_ros2/install/buff_interfaces/include/buff_interfaces/buff_interfaces/msg/rosidl_generator_cpp__visibility_control.hpp
[0.984s] -- Up-to-date: /home/luis/azure_sky_ros2/install/buff_interfaces/include/buff_interfaces/buff_interfaces
[0.984s] -- Up-to-date: /home/luis/azure_sky_ros2/install/buff_interfaces/include/buff_interfaces/buff_interfaces/msg
[0.984s] -- Up-to-date: /home/luis/azure_sky_ros2/install/buff_interfaces/include/buff_interfaces/buff_interfaces/msg/detail
[0.984s] -- Up-to-date: /home/luis/azure_sky_ros2/install/buff_interfaces/include/buff_interfaces/buff_interfaces/msg/detail/debug_blade__rosidl_typesupport_fastrtps_cpp.hpp
[0.985s] -- Up-to-date: /home/luis/azure_sky_ros2/install/buff_interfaces/include/buff_interfaces/buff_interfaces/msg/detail/blade__rosidl_typesupport_fastrtps_cpp.hpp
[0.985s] -- Up-to-date: /home/luis/azure_sky_ros2/install/buff_interfaces/include/buff_interfaces/buff_interfaces/msg/detail/debug_blade_array__rosidl_typesupport_fastrtps_cpp.hpp
[0.985s] -- Up-to-date: /home/luis/azure_sky_ros2/install/buff_interfaces/include/buff_interfaces/buff_interfaces/msg/detail/rune_info__rosidl_typesupport_fastrtps_cpp.hpp
[0.985s] -- Up-to-date: /home/luis/azure_sky_ros2/install/buff_interfaces/include/buff_interfaces/buff_interfaces/msg/detail/time_info__rosidl_typesupport_fastrtps_cpp.hpp
[0.986s] -- Up-to-date: /home/luis/azure_sky_ros2/install/buff_interfaces/include/buff_interfaces/buff_interfaces/msg/detail/blade_array__rosidl_typesupport_fastrtps_cpp.hpp
[0.986s] -- Up-to-date: /home/luis/azure_sky_ros2/install/buff_interfaces/include/buff_interfaces/buff_interfaces/msg/detail/rune__rosidl_typesupport_fastrtps_cpp.hpp
[0.986s] -- Up-to-date: /home/luis/azure_sky_ros2/install/buff_interfaces/include/buff_interfaces/buff_interfaces/msg/detail/dds_fastrtps
[0.987s] -- Up-to-date: /home/luis/azure_sky_ros2/install/buff_interfaces/include/buff_interfaces/buff_interfaces/msg/rosidl_typesupport_fastrtps_cpp__visibility_control.h
[0.987s] -- Up-to-date: /home/luis/azure_sky_ros2/install/buff_interfaces/lib/libbuff_interfaces__rosidl_typesupport_fastrtps_cpp.so
[0.988s] -- Up-to-date: /home/luis/azure_sky_ros2/install/buff_interfaces/include/buff_interfaces/buff_interfaces
[0.988s] -- Up-to-date: /home/luis/azure_sky_ros2/install/buff_interfaces/include/buff_interfaces/buff_interfaces/msg
[0.993s] -- Up-to-date: /home/luis/azure_sky_ros2/install/buff_interfaces/include/buff_interfaces/buff_interfaces/msg/detail
[0.994s] -- Up-to-date: /home/luis/azure_sky_ros2/install/buff_interfaces/include/buff_interfaces/buff_interfaces/msg/detail/rune_info__type_support.cpp
[0.994s] -- Up-to-date: /home/luis/azure_sky_ros2/install/buff_interfaces/include/buff_interfaces/buff_interfaces/msg/detail/blade__type_support.cpp
[0.994s] -- Up-to-date: /home/luis/azure_sky_ros2/install/buff_interfaces/include/buff_interfaces/buff_interfaces/msg/detail/rune__rosidl_typesupport_introspection_cpp.hpp
[0.994s] -- Up-to-date: /home/luis/azure_sky_ros2/install/buff_interfaces/include/buff_interfaces/buff_interfaces/msg/detail/rune_info__rosidl_typesupport_introspection_cpp.hpp
[0.994s] -- Up-to-date: /home/luis/azure_sky_ros2/install/buff_interfaces/include/buff_interfaces/buff_interfaces/msg/detail/time_info__type_support.cpp
[0.994s] -- Up-to-date: /home/luis/azure_sky_ros2/install/buff_interfaces/include/buff_interfaces/buff_interfaces/msg/detail/blade_array__rosidl_typesupport_introspection_cpp.hpp
[0.994s] -- Up-to-date: /home/luis/azure_sky_ros2/install/buff_interfaces/include/buff_interfaces/buff_interfaces/msg/detail/debug_blade__rosidl_typesupport_introspection_cpp.hpp
[0.994s] -- Up-to-date: /home/luis/azure_sky_ros2/install/buff_interfaces/include/buff_interfaces/buff_interfaces/msg/detail/time_info__rosidl_typesupport_introspection_cpp.hpp
[0.995s] -- Up-to-date: /home/luis/azure_sky_ros2/install/buff_interfaces/include/buff_interfaces/buff_interfaces/msg/detail/blade_array__type_support.cpp
[0.995s] -- Up-to-date: /home/luis/azure_sky_ros2/install/buff_interfaces/include/buff_interfaces/buff_interfaces/msg/detail/debug_blade__type_support.cpp
[0.995s] -- Up-to-date: /home/luis/azure_sky_ros2/install/buff_interfaces/include/buff_interfaces/buff_interfaces/msg/detail/debug_blade_array__rosidl_typesupport_introspection_cpp.hpp
[0.995s] -- Up-to-date: /home/luis/azure_sky_ros2/install/buff_interfaces/include/buff_interfaces/buff_interfaces/msg/detail/debug_blade_array__type_support.cpp
[0.996s] -- Up-to-date: /home/luis/azure_sky_ros2/install/buff_interfaces/include/buff_interfaces/buff_interfaces/msg/detail/rune__type_support.cpp
[0.996s] -- Up-to-date: /home/luis/azure_sky_ros2/install/buff_interfaces/include/buff_interfaces/buff_interfaces/msg/detail/blade__rosidl_typesupport_introspection_cpp.hpp
[0.996s] -- Up-to-date: /home/luis/azure_sky_ros2/install/buff_interfaces/lib/libbuff_interfaces__rosidl_typesupport_introspection_cpp.so
[0.996s] -- Up-to-date: /home/luis/azure_sky_ros2/install/buff_interfaces/lib/libbuff_interfaces__rosidl_typesupport_cpp.so
[0.996s] -- Up-to-date: /home/luis/azure_sky_ros2/install/buff_interfaces/share/buff_interfaces/environment/pythonpath.sh
[0.996s] -- Up-to-date: /home/luis/azure_sky_ros2/install/buff_interfaces/share/buff_interfaces/environment/pythonpath.dsv
[0.997s] -- Up-to-date: /home/luis/azure_sky_ros2/install/buff_interfaces/local/lib/python3.10/dist-packages/buff_interfaces-1.0.0-py3.10.egg-info
[0.997s] -- Installing: /home/luis/azure_sky_ros2/install/buff_interfaces/local/lib/python3.10/dist-packages/buff_interfaces-1.0.0-py3.10.egg-info/SOURCES.txt
[1.001s] -- Installing: /home/luis/azure_sky_ros2/install/buff_interfaces/local/lib/python3.10/dist-packages/buff_interfaces-1.0.0-py3.10.egg-info/PKG-INFO
[1.001s] -- Installing: /home/luis/azure_sky_ros2/install/buff_interfaces/local/lib/python3.10/dist-packages/buff_interfaces-1.0.0-py3.10.egg-info/top_level.txt
[1.004s] -- Installing: /home/luis/azure_sky_ros2/install/buff_interfaces/local/lib/python3.10/dist-packages/buff_interfaces-1.0.0-py3.10.egg-info/dependency_links.txt
[1.004s] -- Up-to-date: /home/luis/azure_sky_ros2/install/buff_interfaces/local/lib/python3.10/dist-packages/buff_interfaces
[1.004s] -- Up-to-date: /home/luis/azure_sky_ros2/install/buff_interfaces/local/lib/python3.10/dist-packages/buff_interfaces/libbuff_interfaces__rosidl_generator_py.so
[1.004s] -- Up-to-date: /home/luis/azure_sky_ros2/install/buff_interfaces/local/lib/python3.10/dist-packages/buff_interfaces/_buff_interfaces_s.ep.rosidl_typesupport_c.c
[1.004s] -- Up-to-date: /home/luis/azure_sky_ros2/install/buff_interfaces/local/lib/python3.10/dist-packages/buff_interfaces/buff_interfaces_s__rosidl_typesupport_c.cpython-310-x86_64-linux-gnu.so
[1.004s] -- Up-to-date: /home/luis/azure_sky_ros2/install/buff_interfaces/local/lib/python3.10/dist-packages/buff_interfaces/_buff_interfaces_s.ep.rosidl_typesupport_fastrtps_c.c
[1.004s] -- Up-to-date: /home/luis/azure_sky_ros2/install/buff_interfaces/local/lib/python3.10/dist-packages/buff_interfaces/buff_interfaces_s__rosidl_typesupport_introspection_c.cpython-310-x86_64-linux-gnu.so
[1.004s] -- Up-to-date: /home/luis/azure_sky_ros2/install/buff_interfaces/local/lib/python3.10/dist-packages/buff_interfaces/_buff_interfaces_s.ep.rosidl_typesupport_introspection_c.c
[1.004s] -- Up-to-date: /home/luis/azure_sky_ros2/install/buff_interfaces/local/lib/python3.10/dist-packages/buff_interfaces/__init__.py
[1.004s] -- Up-to-date: /home/luis/azure_sky_ros2/install/buff_interfaces/local/lib/python3.10/dist-packages/buff_interfaces/buff_interfaces_s__rosidl_typesupport_fastrtps_c.cpython-310-x86_64-linux-gnu.so
[1.005s] -- Up-to-date: /home/luis/azure_sky_ros2/install/buff_interfaces/local/lib/python3.10/dist-packages/buff_interfaces/msg
[1.005s] -- Up-to-date: /home/luis/azure_sky_ros2/install/buff_interfaces/local/lib/python3.10/dist-packages/buff_interfaces/msg/_rune_s.c
[1.005s] -- Up-to-date: /home/luis/azure_sky_ros2/install/buff_interfaces/local/lib/python3.10/dist-packages/buff_interfaces/msg/_rune_info.py
[1.005s] -- Up-to-date: /home/luis/azure_sky_ros2/install/buff_interfaces/local/lib/python3.10/dist-packages/buff_interfaces/msg/_debug_blade_s.c
[1.005s] -- Up-to-date: /home/luis/azure_sky_ros2/install/buff_interfaces/local/lib/python3.10/dist-packages/buff_interfaces/msg/_debug_blade_array_s.c
[1.005s] -- Up-to-date: /home/luis/azure_sky_ros2/install/buff_interfaces/local/lib/python3.10/dist-packages/buff_interfaces/msg/_blade_array.py
[1.005s] -- Up-to-date: /home/luis/azure_sky_ros2/install/buff_interfaces/local/lib/python3.10/dist-packages/buff_interfaces/msg/_debug_blade_array.py
[1.005s] -- Up-to-date: /home/luis/azure_sky_ros2/install/buff_interfaces/local/lib/python3.10/dist-packages/buff_interfaces/msg/_blade_s.c
[1.005s] -- Up-to-date: /home/luis/azure_sky_ros2/install/buff_interfaces/local/lib/python3.10/dist-packages/buff_interfaces/msg/_debug_blade.py
[1.005s] -- Up-to-date: /home/luis/azure_sky_ros2/install/buff_interfaces/local/lib/python3.10/dist-packages/buff_interfaces/msg/_blade_array_s.c
[1.005s] -- Up-to-date: /home/luis/azure_sky_ros2/install/buff_interfaces/local/lib/python3.10/dist-packages/buff_interfaces/msg/_rune.py
[1.005s] -- Up-to-date: /home/luis/azure_sky_ros2/install/buff_interfaces/local/lib/python3.10/dist-packages/buff_interfaces/msg/_blade.py
[1.006s] -- Up-to-date: /home/luis/azure_sky_ros2/install/buff_interfaces/local/lib/python3.10/dist-packages/buff_interfaces/msg/_rune_info_s.c
[1.006s] -- Up-to-date: /home/luis/azure_sky_ros2/install/buff_interfaces/local/lib/python3.10/dist-packages/buff_interfaces/msg/__init__.py
[1.006s] -- Up-to-date: /home/luis/azure_sky_ros2/install/buff_interfaces/local/lib/python3.10/dist-packages/buff_interfaces/msg/_time_info_s.c
[1.006s] -- Up-to-date: /home/luis/azure_sky_ros2/install/buff_interfaces/local/lib/python3.10/dist-packages/buff_interfaces/msg/_time_info.py
[1.096s] Listing '/home/luis/azure_sky_ros2/install/buff_interfaces/local/lib/python3.10/dist-packages/buff_interfaces'...
[1.096s] Listing '/home/luis/azure_sky_ros2/install/buff_interfaces/local/lib/python3.10/dist-packages/buff_interfaces/msg'...
[1.125s] -- Up-to-date: /home/luis/azure_sky_ros2/install/buff_interfaces/local/lib/python3.10/dist-packages/buff_interfaces/buff_interfaces_s__rosidl_typesupport_fastrtps_c.cpython-310-x86_64-linux-gnu.so
[1.127s] -- Up-to-date: /home/luis/azure_sky_ros2/install/buff_interfaces/local/lib/python3.10/dist-packages/buff_interfaces/buff_interfaces_s__rosidl_typesupport_introspection_c.cpython-310-x86_64-linux-gnu.so
[1.128s] -- Up-to-date: /home/luis/azure_sky_ros2/install/buff_interfaces/local/lib/python3.10/dist-packages/buff_interfaces/buff_interfaces_s__rosidl_typesupport_c.cpython-310-x86_64-linux-gnu.so
[1.129s] -- Up-to-date: /home/luis/azure_sky_ros2/install/buff_interfaces/lib/libbuff_interfaces__rosidl_generator_py.so
[1.129s] -- Up-to-date: /home/luis/azure_sky_ros2/install/buff_interfaces/share/buff_interfaces/msg/Blade.idl
[1.129s] -- Up-to-date: /home/luis/azure_sky_ros2/install/buff_interfaces/share/buff_interfaces/msg/BladeArray.idl
[1.129s] -- Up-to-date: /home/luis/azure_sky_ros2/install/buff_interfaces/share/buff_interfaces/msg/DebugBlade.idl
[1.132s] -- Up-to-date: /home/luis/azure_sky_ros2/install/buff_interfaces/share/buff_interfaces/msg/DebugBladeArray.idl
[1.133s] -- Up-to-date: /home/luis/azure_sky_ros2/install/buff_interfaces/share/buff_interfaces/msg/Rune.idl
[1.133s] -- Up-to-date: /home/luis/azure_sky_ros2/install/buff_interfaces/share/buff_interfaces/msg/RuneInfo.idl
[1.133s] -- Up-to-date: /home/luis/azure_sky_ros2/install/buff_interfaces/share/buff_interfaces/msg/TimeInfo.idl
[1.133s] -- Up-to-date: /home/luis/azure_sky_ros2/install/buff_interfaces/share/buff_interfaces/msg/Blade.msg
[1.133s] -- Up-to-date: /home/luis/azure_sky_ros2/install/buff_interfaces/share/buff_interfaces/msg/BladeArray.msg
[1.133s] -- Up-to-date: /home/luis/azure_sky_ros2/install/buff_interfaces/share/buff_interfaces/msg/DebugBlade.msg
[1.133s] -- Up-to-date: /home/luis/azure_sky_ros2/install/buff_interfaces/share/buff_interfaces/msg/DebugBladeArray.msg
[1.133s] -- Up-to-date: /home/luis/azure_sky_ros2/install/buff_interfaces/share/buff_interfaces/msg/Rune.msg
[1.134s] -- Up-to-date: /home/luis/azure_sky_ros2/install/buff_interfaces/share/buff_interfaces/msg/RuneInfo.msg
[1.135s] -- Up-to-date: /home/luis/azure_sky_ros2/install/buff_interfaces/share/buff_interfaces/msg/TimeInfo.msg
[1.135s] -- Up-to-date: /home/luis/azure_sky_ros2/install/buff_interfaces/share/ament_index/resource_index/package_run_dependencies/buff_interfaces
[1.135s] -- Up-to-date: /home/luis/azure_sky_ros2/install/buff_interfaces/share/ament_index/resource_index/parent_prefix_path/buff_interfaces
[1.135s] -- Up-to-date: /home/luis/azure_sky_ros2/install/buff_interfaces/share/buff_interfaces/environment/ament_prefix_path.sh
[1.136s] -- Up-to-date: /home/luis/azure_sky_ros2/install/buff_interfaces/share/buff_interfaces/environment/ament_prefix_path.dsv
[1.136s] -- Up-to-date: /home/luis/azure_sky_ros2/install/buff_interfaces/share/buff_interfaces/environment/path.sh
[1.136s] -- Up-to-date: /home/luis/azure_sky_ros2/install/buff_interfaces/share/buff_interfaces/environment/path.dsv
[1.137s] -- Up-to-date: /home/luis/azure_sky_ros2/install/buff_interfaces/share/buff_interfaces/local_setup.bash
[1.137s] -- Up-to-date: /home/luis/azure_sky_ros2/install/buff_interfaces/share/buff_interfaces/local_setup.sh
[1.137s] -- Up-to-date: /home/luis/azure_sky_ros2/install/buff_interfaces/share/buff_interfaces/local_setup.zsh
[1.137s] -- Up-to-date: /home/luis/azure_sky_ros2/install/buff_interfaces/share/buff_interfaces/local_setup.dsv
[1.137s] -- Installing: /home/luis/azure_sky_ros2/install/buff_interfaces/share/buff_interfaces/package.dsv
[1.138s] -- Up-to-date: /home/luis/azure_sky_ros2/install/buff_interfaces/share/ament_index/resource_index/packages/buff_interfaces
[1.142s] -- Up-to-date: /home/luis/azure_sky_ros2/install/buff_interfaces/share/buff_interfaces/cmake/export_buff_interfaces__rosidl_generator_cExport.cmake
[1.142s] -- Up-to-date: /home/luis/azure_sky_ros2/install/buff_interfaces/share/buff_interfaces/cmake/export_buff_interfaces__rosidl_generator_cExport-noconfig.cmake
[1.144s] -- Up-to-date: /home/luis/azure_sky_ros2/install/buff_interfaces/share/buff_interfaces/cmake/export_buff_interfaces__rosidl_typesupport_fastrtps_cExport.cmake
[1.144s] -- Up-to-date: /home/luis/azure_sky_ros2/install/buff_interfaces/share/buff_interfaces/cmake/export_buff_interfaces__rosidl_typesupport_fastrtps_cExport-noconfig.cmake
[1.144s] -- Up-to-date: /home/luis/azure_sky_ros2/install/buff_interfaces/share/buff_interfaces/cmake/buff_interfaces__rosidl_typesupport_introspection_cExport.cmake
[1.144s] -- Up-to-date: /home/luis/azure_sky_ros2/install/buff_interfaces/share/buff_interfaces/cmake/buff_interfaces__rosidl_typesupport_introspection_cExport-noconfig.cmake
[1.144s] -- Up-to-date: /home/luis/azure_sky_ros2/install/buff_interfaces/share/buff_interfaces/cmake/buff_interfaces__rosidl_typesupport_cExport.cmake
[1.144s] -- Up-to-date: /home/luis/azure_sky_ros2/install/buff_interfaces/share/buff_interfaces/cmake/buff_interfaces__rosidl_typesupport_cExport-noconfig.cmake
[1.145s] -- Up-to-date: /home/luis/azure_sky_ros2/install/buff_interfaces/share/buff_interfaces/cmake/export_buff_interfaces__rosidl_generator_cppExport.cmake
[1.145s] -- Up-to-date: /home/luis/azure_sky_ros2/install/buff_interfaces/share/buff_interfaces/cmake/export_buff_interfaces__rosidl_typesupport_fastrtps_cppExport.cmake
[1.145s] -- Up-to-date: /home/luis/azure_sky_ros2/install/buff_interfaces/share/buff_interfaces/cmake/export_buff_interfaces__rosidl_typesupport_fastrtps_cppExport-noconfig.cmake
[1.145s] -- Up-to-date: /home/luis/azure_sky_ros2/install/buff_interfaces/share/buff_interfaces/cmake/buff_interfaces__rosidl_typesupport_introspection_cppExport.cmake
[1.148s] -- Up-to-date: /home/luis/azure_sky_ros2/install/buff_interfaces/share/buff_interfaces/cmake/buff_interfaces__rosidl_typesupport_introspection_cppExport-noconfig.cmake
[1.149s] -- Up-to-date: /home/luis/azure_sky_ros2/install/buff_interfaces/share/buff_interfaces/cmake/buff_interfaces__rosidl_typesupport_cppExport.cmake
[1.149s] -- Up-to-date: /home/luis/azure_sky_ros2/install/buff_interfaces/share/buff_interfaces/cmake/buff_interfaces__rosidl_typesupport_cppExport-noconfig.cmake
[1.149s] -- Up-to-date: /home/luis/azure_sky_ros2/install/buff_interfaces/share/buff_interfaces/cmake/export_buff_interfaces__rosidl_generator_pyExport.cmake
[1.149s] -- Up-to-date: /home/luis/azure_sky_ros2/install/buff_interfaces/share/buff_interfaces/cmake/export_buff_interfaces__rosidl_generator_pyExport-noconfig.cmake
[1.149s] -- Up-to-date: /home/luis/azure_sky_ros2/install/buff_interfaces/share/buff_interfaces/cmake/rosidl_cmake-extras.cmake
[1.149s] -- Up-to-date: /home/luis/azure_sky_ros2/install/buff_interfaces/share/buff_interfaces/cmake/ament_cmake_export_dependencies-extras.cmake
[1.149s] -- Up-to-date: /home/luis/azure_sky_ros2/install/buff_interfaces/share/buff_interfaces/cmake/ament_cmake_export_include_directories-extras.cmake
[1.149s] -- Up-to-date: /home/luis/azure_sky_ros2/install/buff_interfaces/share/buff_interfaces/cmake/ament_cmake_export_libraries-extras.cmake
[1.150s] -- Up-to-date: /home/luis/azure_sky_ros2/install/buff_interfaces/share/buff_interfaces/cmake/ament_cmake_export_targets-extras.cmake
[1.151s] -- Up-to-date: /home/luis/azure_sky_ros2/install/buff_interfaces/share/buff_interfaces/cmake/rosidl_cmake_export_typesupport_targets-extras.cmake
[1.151s] -- Up-to-date: /home/luis/azure_sky_ros2/install/buff_interfaces/share/buff_interfaces/cmake/rosidl_cmake_export_typesupport_libraries-extras.cmake
[1.151s] -- Up-to-date: /home/luis/azure_sky_ros2/install/buff_interfaces/share/buff_interfaces/cmake/buff_interfacesConfig.cmake
[1.151s] -- Up-to-date: /home/luis/azure_sky_ros2/install/buff_interfaces/share/buff_interfaces/cmake/buff_interfacesConfig-version.cmake
[1.161s] -- Up-to-date: /home/luis/azure_sky_ros2/install/buff_interfaces/share/buff_interfaces/package.xml
[1.163s] Invoked command in '/home/luis/azure_sky_ros2/build/buff_interfaces' returned '0': CMAKE_PREFIX_PATH=${CMAKE_PREFIX_PATH}:/opt/ros/humble /usr/bin/cmake --install /home/luis/azure_sky_ros2/build/buff_interfaces
