[0.074s] Invoking command in '/home/luis/azure_sky_ros2/build/buff_interfaces': CMAKE_PREFIX_PATH=${CMAKE_PREFIX_PATH}:/opt/ros/humble /usr/bin/cmake --build /home/luis/azure_sky_ros2/build/buff_interfaces -- -j12 -l12
[0.247s] [  1%] Built target buff_interfaces__cpp
[0.285s] [ 12%] Built target buff_interfaces__rosidl_generator_c
[0.289s] [ 12%] Built target ament_cmake_python_copy_buff_interfaces
[0.372s] [ 24%] Built target buff_interfaces__rosidl_typesupport_cpp
[0.460s] [ 35%] Built target buff_interfaces__rosidl_typesupport_introspection_cpp
[0.491s] [ 46%] Built target buff_interfaces__rosidl_typesupport_fastrtps_c
[0.508s] [ 63%] Built target buff_interfaces__rosidl_typesupport_c
[0.508s] [ 69%] Built target buff_interfaces__rosidl_typesupport_fastrtps_cpp
[0.509s] [ 81%] Built target buff_interfaces__rosidl_typesupport_introspection_c
[0.595s] [ 81%] Built target buff_interfaces
[0.673s] [ 82%] Built target buff_interfaces__py
[0.746s] [ 92%] Built target buff_interfaces__rosidl_generator_py
[0.827s] [ 94%] Built target buff_interfaces__rosidl_typesupport_fastrtps_c__pyext
[0.829s] [ 97%] Built target buff_interfaces__rosidl_typesupport_introspection_c__pyext
[0.850s] [100%] Built target buff_interfaces__rosidl_typesupport_c__pyext
[0.933s] running egg_info
[0.934s] writing buff_interfaces.egg-info/PKG-INFO
[0.934s] writing dependency_links to buff_interfaces.egg-info/dependency_links.txt
[0.935s] writing top-level names to buff_interfaces.egg-info/top_level.txt
[0.939s] reading manifest file 'buff_interfaces.egg-info/SOURCES.txt'
[0.939s] writing manifest file 'buff_interfaces.egg-info/SOURCES.txt'
[1.020s] [100%] Built target ament_cmake_python_build_buff_interfaces_egg
[1.049s] Invoked command in '/home/luis/azure_sky_ros2/build/buff_interfaces' returned '0': CMAKE_PREFIX_PATH=${CMAKE_PREFIX_PATH}:/opt/ros/humble /usr/bin/cmake --build /home/luis/azure_sky_ros2/build/buff_interfaces -- -j12 -l12
[1.051s] Invoking command in '/home/luis/azure_sky_ros2/build/buff_interfaces': CMAKE_PREFIX_PATH=${CMAKE_PREFIX_PATH}:/opt/ros/humble /usr/bin/cmake --install /home/luis/azure_sky_ros2/build/buff_interfaces
[1.068s] -- Install configuration: ""
[1.069s] -- Up-to-date: /home/luis/azure_sky_ros2/install/buff_interfaces/share/ament_index/resource_index/rosidl_interfaces/buff_interfaces
[1.069s] -- Up-to-date: /home/luis/azure_sky_ros2/install/buff_interfaces/include/buff_interfaces/buff_interfaces
[1.069s] -- Up-to-date: /home/luis/azure_sky_ros2/install/buff_interfaces/include/buff_interfaces/buff_interfaces/msg
[1.069s] -- Up-to-date: /home/luis/azure_sky_ros2/install/buff_interfaces/include/buff_interfaces/buff_interfaces/msg/blade.h
[1.069s] -- Up-to-date: /home/luis/azure_sky_ros2/install/buff_interfaces/include/buff_interfaces/buff_interfaces/msg/rune_info.h
[1.070s] -- Up-to-date: /home/luis/azure_sky_ros2/install/buff_interfaces/include/buff_interfaces/buff_interfaces/msg/detail
[1.070s] -- Up-to-date: /home/luis/azure_sky_ros2/install/buff_interfaces/include/buff_interfaces/buff_interfaces/msg/detail/rune_info__functions.c
[1.070s] -- Up-to-date: /home/luis/azure_sky_ros2/install/buff_interfaces/include/buff_interfaces/buff_interfaces/msg/detail/blade_array__functions.h
[1.071s] -- Up-to-date: /home/luis/azure_sky_ros2/install/buff_interfaces/include/buff_interfaces/buff_interfaces/msg/detail/time_info__functions.h
[1.071s] -- Up-to-date: /home/luis/azure_sky_ros2/install/buff_interfaces/include/buff_interfaces/buff_interfaces/msg/detail/blade_array__functions.c
[1.071s] -- Up-to-date: /home/luis/azure_sky_ros2/install/buff_interfaces/include/buff_interfaces/buff_interfaces/msg/detail/blade_array__struct.h
[1.071s] -- Up-to-date: /home/luis/azure_sky_ros2/install/buff_interfaces/include/buff_interfaces/buff_interfaces/msg/detail/time_info__struct.h
[1.072s] -- Up-to-date: /home/luis/azure_sky_ros2/install/buff_interfaces/include/buff_interfaces/buff_interfaces/msg/detail/blade__struct.h
[1.072s] -- Up-to-date: /home/luis/azure_sky_ros2/install/buff_interfaces/include/buff_interfaces/buff_interfaces/msg/detail/debug_blade_array__struct.h
[1.072s] -- Up-to-date: /home/luis/azure_sky_ros2/install/buff_interfaces/include/buff_interfaces/buff_interfaces/msg/detail/debug_blade__functions.h
[1.072s] -- Up-to-date: /home/luis/azure_sky_ros2/install/buff_interfaces/include/buff_interfaces/buff_interfaces/msg/detail/rune__type_support.h
[1.072s] -- Up-to-date: /home/luis/azure_sky_ros2/install/buff_interfaces/include/buff_interfaces/buff_interfaces/msg/detail/rune__functions.h
[1.072s] -- Up-to-date: /home/luis/azure_sky_ros2/install/buff_interfaces/include/buff_interfaces/buff_interfaces/msg/detail/blade_array__type_support.h
[1.073s] -- Up-to-date: /home/luis/azure_sky_ros2/install/buff_interfaces/include/buff_interfaces/buff_interfaces/msg/detail/time_info__type_support.h
[1.073s] -- Up-to-date: /home/luis/azure_sky_ros2/install/buff_interfaces/include/buff_interfaces/buff_interfaces/msg/detail/rune_info__struct.h
[1.074s] -- Up-to-date: /home/luis/azure_sky_ros2/install/buff_interfaces/include/buff_interfaces/buff_interfaces/msg/detail/debug_blade_array__functions.c
[1.074s] -- Up-to-date: /home/luis/azure_sky_ros2/install/buff_interfaces/include/buff_interfaces/buff_interfaces/msg/detail/blade__type_support.h
[1.075s] -- Up-to-date: /home/luis/azure_sky_ros2/install/buff_interfaces/include/buff_interfaces/buff_interfaces/msg/detail/rune__struct.h
[1.075s] -- Up-to-date: /home/luis/azure_sky_ros2/install/buff_interfaces/include/buff_interfaces/buff_interfaces/msg/detail/debug_blade__type_support.h
[1.075s] -- Up-to-date: /home/luis/azure_sky_ros2/install/buff_interfaces/include/buff_interfaces/buff_interfaces/msg/detail/rune__functions.c
[1.075s] -- Up-to-date: /home/luis/azure_sky_ros2/install/buff_interfaces/include/buff_interfaces/buff_interfaces/msg/detail/debug_blade__functions.c
[1.075s] -- Up-to-date: /home/luis/azure_sky_ros2/install/buff_interfaces/include/buff_interfaces/buff_interfaces/msg/detail/debug_blade__struct.h
[1.075s] -- Up-to-date: /home/luis/azure_sky_ros2/install/buff_interfaces/include/buff_interfaces/buff_interfaces/msg/detail/blade__functions.c
[1.076s] -- Up-to-date: /home/luis/azure_sky_ros2/install/buff_interfaces/include/buff_interfaces/buff_interfaces/msg/detail/time_info__functions.c
[1.076s] -- Up-to-date: /home/luis/azure_sky_ros2/install/buff_interfaces/include/buff_interfaces/buff_interfaces/msg/detail/debug_blade_array__type_support.h
[1.076s] -- Up-to-date: /home/luis/azure_sky_ros2/install/buff_interfaces/include/buff_interfaces/buff_interfaces/msg/detail/debug_blade_array__functions.h
[1.076s] -- Up-to-date: /home/luis/azure_sky_ros2/install/buff_interfaces/include/buff_interfaces/buff_interfaces/msg/detail/rune_info__type_support.h
[1.076s] -- Up-to-date: /home/luis/azure_sky_ros2/install/buff_interfaces/include/buff_interfaces/buff_interfaces/msg/detail/rune_info__functions.h
[1.077s] -- Up-to-date: /home/luis/azure_sky_ros2/install/buff_interfaces/include/buff_interfaces/buff_interfaces/msg/detail/blade__functions.h
[1.077s] -- Up-to-date: /home/luis/azure_sky_ros2/install/buff_interfaces/include/buff_interfaces/buff_interfaces/msg/rosidl_generator_c__visibility_control.h
[1.077s] -- Up-to-date: /home/luis/azure_sky_ros2/install/buff_interfaces/include/buff_interfaces/buff_interfaces/msg/rune.h
[1.077s] -- Up-to-date: /home/luis/azure_sky_ros2/install/buff_interfaces/include/buff_interfaces/buff_interfaces/msg/blade_array.h
[1.077s] -- Up-to-date: /home/luis/azure_sky_ros2/install/buff_interfaces/include/buff_interfaces/buff_interfaces/msg/time_info.h
[1.077s] -- Up-to-date: /home/luis/azure_sky_ros2/install/buff_interfaces/include/buff_interfaces/buff_interfaces/msg/debug_blade_array.h
[1.078s] -- Up-to-date: /home/luis/azure_sky_ros2/install/buff_interfaces/include/buff_interfaces/buff_interfaces/msg/debug_blade.h
[1.078s] -- Up-to-date: /home/luis/azure_sky_ros2/install/buff_interfaces/share/buff_interfaces/environment/library_path.sh
[1.078s] -- Up-to-date: /home/luis/azure_sky_ros2/install/buff_interfaces/share/buff_interfaces/environment/library_path.dsv
[1.078s] -- Up-to-date: /home/luis/azure_sky_ros2/install/buff_interfaces/lib/libbuff_interfaces__rosidl_generator_c.so
[1.078s] -- Up-to-date: /home/luis/azure_sky_ros2/install/buff_interfaces/include/buff_interfaces/buff_interfaces
[1.079s] -- Up-to-date: /home/luis/azure_sky_ros2/install/buff_interfaces/include/buff_interfaces/buff_interfaces/msg
[1.079s] -- Up-to-date: /home/luis/azure_sky_ros2/install/buff_interfaces/include/buff_interfaces/buff_interfaces/msg/rosidl_typesupport_fastrtps_c__visibility_control.h
[1.079s] -- Up-to-date: /home/luis/azure_sky_ros2/install/buff_interfaces/include/buff_interfaces/buff_interfaces/msg/detail
[1.079s] -- Up-to-date: /home/luis/azure_sky_ros2/install/buff_interfaces/include/buff_interfaces/buff_interfaces/msg/detail/blade_array__rosidl_typesupport_fastrtps_c.h
[1.079s] -- Up-to-date: /home/luis/azure_sky_ros2/install/buff_interfaces/include/buff_interfaces/buff_interfaces/msg/detail/debug_blade__rosidl_typesupport_fastrtps_c.h
[1.079s] -- Up-to-date: /home/luis/azure_sky_ros2/install/buff_interfaces/include/buff_interfaces/buff_interfaces/msg/detail/time_info__rosidl_typesupport_fastrtps_c.h
[1.080s] -- Up-to-date: /home/luis/azure_sky_ros2/install/buff_interfaces/include/buff_interfaces/buff_interfaces/msg/detail/blade__rosidl_typesupport_fastrtps_c.h
[1.080s] -- Up-to-date: /home/luis/azure_sky_ros2/install/buff_interfaces/include/buff_interfaces/buff_interfaces/msg/detail/debug_blade_array__rosidl_typesupport_fastrtps_c.h
[1.080s] -- Up-to-date: /home/luis/azure_sky_ros2/install/buff_interfaces/include/buff_interfaces/buff_interfaces/msg/detail/rune_info__rosidl_typesupport_fastrtps_c.h
[1.080s] -- Up-to-date: /home/luis/azure_sky_ros2/install/buff_interfaces/include/buff_interfaces/buff_interfaces/msg/detail/rune__rosidl_typesupport_fastrtps_c.h
[1.081s] -- Up-to-date: /home/luis/azure_sky_ros2/install/buff_interfaces/lib/libbuff_interfaces__rosidl_typesupport_fastrtps_c.so
[1.081s] -- Up-to-date: /home/luis/azure_sky_ros2/install/buff_interfaces/include/buff_interfaces/buff_interfaces
[1.082s] -- Up-to-date: /home/luis/azure_sky_ros2/install/buff_interfaces/include/buff_interfaces/buff_interfaces/msg
[1.082s] -- Up-to-date: /home/luis/azure_sky_ros2/install/buff_interfaces/include/buff_interfaces/buff_interfaces/msg/detail
[1.082s] -- Up-to-date: /home/luis/azure_sky_ros2/install/buff_interfaces/include/buff_interfaces/buff_interfaces/msg/detail/rune_info__type_support.c
[1.082s] -- Up-to-date: /home/luis/azure_sky_ros2/install/buff_interfaces/include/buff_interfaces/buff_interfaces/msg/detail/debug_blade__rosidl_typesupport_introspection_c.h
[1.082s] -- Up-to-date: /home/luis/azure_sky_ros2/install/buff_interfaces/include/buff_interfaces/buff_interfaces/msg/detail/rune_info__rosidl_typesupport_introspection_c.h
[1.083s] -- Up-to-date: /home/luis/azure_sky_ros2/install/buff_interfaces/include/buff_interfaces/buff_interfaces/msg/detail/rune__type_support.c
[1.083s] -- Up-to-date: /home/luis/azure_sky_ros2/install/buff_interfaces/include/buff_interfaces/buff_interfaces/msg/detail/time_info__type_support.c
[1.083s] -- Up-to-date: /home/luis/azure_sky_ros2/install/buff_interfaces/include/buff_interfaces/buff_interfaces/msg/detail/blade_array__rosidl_typesupport_introspection_c.h
[1.083s] -- Up-to-date: /home/luis/azure_sky_ros2/install/buff_interfaces/include/buff_interfaces/buff_interfaces/msg/detail/rune__rosidl_typesupport_introspection_c.h
[1.083s] -- Up-to-date: /home/luis/azure_sky_ros2/install/buff_interfaces/include/buff_interfaces/buff_interfaces/msg/detail/debug_blade_array__type_support.c
[1.083s] -- Up-to-date: /home/luis/azure_sky_ros2/install/buff_interfaces/include/buff_interfaces/buff_interfaces/msg/detail/debug_blade_array__rosidl_typesupport_introspection_c.h
[1.083s] -- Up-to-date: /home/luis/azure_sky_ros2/install/buff_interfaces/include/buff_interfaces/buff_interfaces/msg/detail/blade_array__type_support.c
[1.085s] -- Up-to-date: /home/luis/azure_sky_ros2/install/buff_interfaces/include/buff_interfaces/buff_interfaces/msg/detail/debug_blade__type_support.c
[1.085s] -- Up-to-date: /home/luis/azure_sky_ros2/install/buff_interfaces/include/buff_interfaces/buff_interfaces/msg/detail/time_info__rosidl_typesupport_introspection_c.h
[1.086s] -- Up-to-date: /home/luis/azure_sky_ros2/install/buff_interfaces/include/buff_interfaces/buff_interfaces/msg/detail/blade__type_support.c
[1.086s] -- Up-to-date: /home/luis/azure_sky_ros2/install/buff_interfaces/include/buff_interfaces/buff_interfaces/msg/detail/blade__rosidl_typesupport_introspection_c.h
[1.086s] -- Up-to-date: /home/luis/azure_sky_ros2/install/buff_interfaces/include/buff_interfaces/buff_interfaces/msg/rosidl_typesupport_introspection_c__visibility_control.h
[1.086s] -- Up-to-date: /home/luis/azure_sky_ros2/install/buff_interfaces/lib/libbuff_interfaces__rosidl_typesupport_introspection_c.so
[1.086s] -- Up-to-date: /home/luis/azure_sky_ros2/install/buff_interfaces/lib/libbuff_interfaces__rosidl_typesupport_c.so
[1.087s] -- Up-to-date: /home/luis/azure_sky_ros2/install/buff_interfaces/include/buff_interfaces/buff_interfaces
[1.087s] -- Up-to-date: /home/luis/azure_sky_ros2/install/buff_interfaces/include/buff_interfaces/buff_interfaces/msg
[1.087s] -- Up-to-date: /home/luis/azure_sky_ros2/install/buff_interfaces/include/buff_interfaces/buff_interfaces/msg/rune_info.hpp
[1.087s] -- Up-to-date: /home/luis/azure_sky_ros2/install/buff_interfaces/include/buff_interfaces/buff_interfaces/msg/debug_blade.hpp
[1.087s] -- Up-to-date: /home/luis/azure_sky_ros2/install/buff_interfaces/include/buff_interfaces/buff_interfaces/msg/time_info.hpp
[1.087s] -- Up-to-date: /home/luis/azure_sky_ros2/install/buff_interfaces/include/buff_interfaces/buff_interfaces/msg/detail
[1.088s] -- Up-to-date: /home/luis/azure_sky_ros2/install/buff_interfaces/include/buff_interfaces/buff_interfaces/msg/detail/debug_blade__builder.hpp
[1.088s] -- Up-to-date: /home/luis/azure_sky_ros2/install/buff_interfaces/include/buff_interfaces/buff_interfaces/msg/detail/time_info__traits.hpp
[1.088s] -- Up-to-date: /home/luis/azure_sky_ros2/install/buff_interfaces/include/buff_interfaces/buff_interfaces/msg/detail/blade_array__struct.hpp
[1.088s] -- Up-to-date: /home/luis/azure_sky_ros2/install/buff_interfaces/include/buff_interfaces/buff_interfaces/msg/detail/rune_info__builder.hpp
[1.088s] -- Up-to-date: /home/luis/azure_sky_ros2/install/buff_interfaces/include/buff_interfaces/buff_interfaces/msg/detail/blade_array__traits.hpp
[1.088s] -- Up-to-date: /home/luis/azure_sky_ros2/install/buff_interfaces/include/buff_interfaces/buff_interfaces/msg/detail/time_info__builder.hpp
[1.088s] -- Up-to-date: /home/luis/azure_sky_ros2/install/buff_interfaces/include/buff_interfaces/buff_interfaces/msg/detail/blade__builder.hpp
[1.088s] -- Up-to-date: /home/luis/azure_sky_ros2/install/buff_interfaces/include/buff_interfaces/buff_interfaces/msg/detail/rune__traits.hpp
[1.088s] -- Up-to-date: /home/luis/azure_sky_ros2/install/buff_interfaces/include/buff_interfaces/buff_interfaces/msg/detail/time_info__type_support.hpp
[1.088s] -- Up-to-date: /home/luis/azure_sky_ros2/install/buff_interfaces/include/buff_interfaces/buff_interfaces/msg/detail/debug_blade_array__builder.hpp
[1.088s] -- Up-to-date: /home/luis/azure_sky_ros2/install/buff_interfaces/include/buff_interfaces/buff_interfaces/msg/detail/rune__type_support.hpp
[1.088s] -- Up-to-date: /home/luis/azure_sky_ros2/install/buff_interfaces/include/buff_interfaces/buff_interfaces/msg/detail/blade__traits.hpp
[1.089s] -- Up-to-date: /home/luis/azure_sky_ros2/install/buff_interfaces/include/buff_interfaces/buff_interfaces/msg/detail/debug_blade__struct.hpp
[1.089s] -- Up-to-date: /home/luis/azure_sky_ros2/install/buff_interfaces/include/buff_interfaces/buff_interfaces/msg/detail/rune__struct.hpp
[1.089s] -- Up-to-date: /home/luis/azure_sky_ros2/install/buff_interfaces/include/buff_interfaces/buff_interfaces/msg/detail/debug_blade__type_support.hpp
[1.089s] -- Up-to-date: /home/luis/azure_sky_ros2/install/buff_interfaces/include/buff_interfaces/buff_interfaces/msg/detail/blade__struct.hpp
[1.089s] -- Up-to-date: /home/luis/azure_sky_ros2/install/buff_interfaces/include/buff_interfaces/buff_interfaces/msg/detail/rune_info__struct.hpp
[1.089s] -- Up-to-date: /home/luis/azure_sky_ros2/install/buff_interfaces/include/buff_interfaces/buff_interfaces/msg/detail/blade_array__type_support.hpp
[1.089s] -- Up-to-date: /home/luis/azure_sky_ros2/install/buff_interfaces/include/buff_interfaces/buff_interfaces/msg/detail/debug_blade_array__traits.hpp
[1.089s] -- Up-to-date: /home/luis/azure_sky_ros2/install/buff_interfaces/include/buff_interfaces/buff_interfaces/msg/detail/rune_info__type_support.hpp
[1.089s] -- Up-to-date: /home/luis/azure_sky_ros2/install/buff_interfaces/include/buff_interfaces/buff_interfaces/msg/detail/blade__type_support.hpp
[1.089s] -- Up-to-date: /home/luis/azure_sky_ros2/install/buff_interfaces/include/buff_interfaces/buff_interfaces/msg/detail/debug_blade_array__struct.hpp
[1.089s] -- Up-to-date: /home/luis/azure_sky_ros2/install/buff_interfaces/include/buff_interfaces/buff_interfaces/msg/detail/debug_blade__traits.hpp
[1.089s] -- Up-to-date: /home/luis/azure_sky_ros2/install/buff_interfaces/include/buff_interfaces/buff_interfaces/msg/detail/rune_info__traits.hpp
[1.090s] -- Up-to-date: /home/luis/azure_sky_ros2/install/buff_interfaces/include/buff_interfaces/buff_interfaces/msg/detail/time_info__struct.hpp
[1.090s] -- Up-to-date: /home/luis/azure_sky_ros2/install/buff_interfaces/include/buff_interfaces/buff_interfaces/msg/detail/rune__builder.hpp
[1.090s] -- Up-to-date: /home/luis/azure_sky_ros2/install/buff_interfaces/include/buff_interfaces/buff_interfaces/msg/detail/debug_blade_array__type_support.hpp
[1.090s] -- Up-to-date: /home/luis/azure_sky_ros2/install/buff_interfaces/include/buff_interfaces/buff_interfaces/msg/detail/blade_array__builder.hpp
[1.090s] -- Up-to-date: /home/luis/azure_sky_ros2/install/buff_interfaces/include/buff_interfaces/buff_interfaces/msg/debug_blade_array.hpp
[1.090s] -- Up-to-date: /home/luis/azure_sky_ros2/install/buff_interfaces/include/buff_interfaces/buff_interfaces/msg/blade.hpp
[1.090s] -- Up-to-date: /home/luis/azure_sky_ros2/install/buff_interfaces/include/buff_interfaces/buff_interfaces/msg/rune.hpp
[1.090s] -- Up-to-date: /home/luis/azure_sky_ros2/install/buff_interfaces/include/buff_interfaces/buff_interfaces/msg/blade_array.hpp
[1.090s] -- Up-to-date: /home/luis/azure_sky_ros2/install/buff_interfaces/include/buff_interfaces/buff_interfaces/msg/rosidl_generator_cpp__visibility_control.hpp
[1.090s] -- Up-to-date: /home/luis/azure_sky_ros2/install/buff_interfaces/include/buff_interfaces/buff_interfaces
[1.091s] -- Up-to-date: /home/luis/azure_sky_ros2/install/buff_interfaces/include/buff_interfaces/buff_interfaces/msg
[1.091s] -- Up-to-date: /home/luis/azure_sky_ros2/install/buff_interfaces/include/buff_interfaces/buff_interfaces/msg/detail
[1.091s] -- Up-to-date: /home/luis/azure_sky_ros2/install/buff_interfaces/include/buff_interfaces/buff_interfaces/msg/detail/debug_blade__rosidl_typesupport_fastrtps_cpp.hpp
[1.091s] -- Up-to-date: /home/luis/azure_sky_ros2/install/buff_interfaces/include/buff_interfaces/buff_interfaces/msg/detail/blade__rosidl_typesupport_fastrtps_cpp.hpp
[1.091s] -- Up-to-date: /home/luis/azure_sky_ros2/install/buff_interfaces/include/buff_interfaces/buff_interfaces/msg/detail/debug_blade_array__rosidl_typesupport_fastrtps_cpp.hpp
[1.091s] -- Up-to-date: /home/luis/azure_sky_ros2/install/buff_interfaces/include/buff_interfaces/buff_interfaces/msg/detail/rune_info__rosidl_typesupport_fastrtps_cpp.hpp
[1.091s] -- Up-to-date: /home/luis/azure_sky_ros2/install/buff_interfaces/include/buff_interfaces/buff_interfaces/msg/detail/time_info__rosidl_typesupport_fastrtps_cpp.hpp
[1.091s] -- Up-to-date: /home/luis/azure_sky_ros2/install/buff_interfaces/include/buff_interfaces/buff_interfaces/msg/detail/blade_array__rosidl_typesupport_fastrtps_cpp.hpp
[1.091s] -- Up-to-date: /home/luis/azure_sky_ros2/install/buff_interfaces/include/buff_interfaces/buff_interfaces/msg/detail/rune__rosidl_typesupport_fastrtps_cpp.hpp
[1.091s] -- Up-to-date: /home/luis/azure_sky_ros2/install/buff_interfaces/include/buff_interfaces/buff_interfaces/msg/detail/dds_fastrtps
[1.092s] -- Up-to-date: /home/luis/azure_sky_ros2/install/buff_interfaces/include/buff_interfaces/buff_interfaces/msg/rosidl_typesupport_fastrtps_cpp__visibility_control.h
[1.092s] -- Up-to-date: /home/luis/azure_sky_ros2/install/buff_interfaces/lib/libbuff_interfaces__rosidl_typesupport_fastrtps_cpp.so
[1.092s] -- Up-to-date: /home/luis/azure_sky_ros2/install/buff_interfaces/include/buff_interfaces/buff_interfaces
[1.092s] -- Up-to-date: /home/luis/azure_sky_ros2/install/buff_interfaces/include/buff_interfaces/buff_interfaces/msg
[1.092s] -- Up-to-date: /home/luis/azure_sky_ros2/install/buff_interfaces/include/buff_interfaces/buff_interfaces/msg/detail
[1.092s] -- Up-to-date: /home/luis/azure_sky_ros2/install/buff_interfaces/include/buff_interfaces/buff_interfaces/msg/detail/rune_info__type_support.cpp
[1.092s] -- Up-to-date: /home/luis/azure_sky_ros2/install/buff_interfaces/include/buff_interfaces/buff_interfaces/msg/detail/blade__type_support.cpp
[1.092s] -- Up-to-date: /home/luis/azure_sky_ros2/install/buff_interfaces/include/buff_interfaces/buff_interfaces/msg/detail/rune__rosidl_typesupport_introspection_cpp.hpp
[1.092s] -- Up-to-date: /home/luis/azure_sky_ros2/install/buff_interfaces/include/buff_interfaces/buff_interfaces/msg/detail/rune_info__rosidl_typesupport_introspection_cpp.hpp
[1.092s] -- Up-to-date: /home/luis/azure_sky_ros2/install/buff_interfaces/include/buff_interfaces/buff_interfaces/msg/detail/time_info__type_support.cpp
[1.092s] -- Up-to-date: /home/luis/azure_sky_ros2/install/buff_interfaces/include/buff_interfaces/buff_interfaces/msg/detail/blade_array__rosidl_typesupport_introspection_cpp.hpp
[1.093s] -- Up-to-date: /home/luis/azure_sky_ros2/install/buff_interfaces/include/buff_interfaces/buff_interfaces/msg/detail/debug_blade__rosidl_typesupport_introspection_cpp.hpp
[1.093s] -- Up-to-date: /home/luis/azure_sky_ros2/install/buff_interfaces/include/buff_interfaces/buff_interfaces/msg/detail/time_info__rosidl_typesupport_introspection_cpp.hpp
[1.093s] -- Up-to-date: /home/luis/azure_sky_ros2/install/buff_interfaces/include/buff_interfaces/buff_interfaces/msg/detail/blade_array__type_support.cpp
[1.093s] -- Up-to-date: /home/luis/azure_sky_ros2/install/buff_interfaces/include/buff_interfaces/buff_interfaces/msg/detail/debug_blade__type_support.cpp
[1.093s] -- Up-to-date: /home/luis/azure_sky_ros2/install/buff_interfaces/include/buff_interfaces/buff_interfaces/msg/detail/debug_blade_array__rosidl_typesupport_introspection_cpp.hpp
[1.093s] -- Up-to-date: /home/luis/azure_sky_ros2/install/buff_interfaces/include/buff_interfaces/buff_interfaces/msg/detail/debug_blade_array__type_support.cpp
[1.093s] -- Up-to-date: /home/luis/azure_sky_ros2/install/buff_interfaces/include/buff_interfaces/buff_interfaces/msg/detail/rune__type_support.cpp
[1.093s] -- Up-to-date: /home/luis/azure_sky_ros2/install/buff_interfaces/include/buff_interfaces/buff_interfaces/msg/detail/blade__rosidl_typesupport_introspection_cpp.hpp
[1.093s] -- Up-to-date: /home/luis/azure_sky_ros2/install/buff_interfaces/lib/libbuff_interfaces__rosidl_typesupport_introspection_cpp.so
[1.093s] -- Up-to-date: /home/luis/azure_sky_ros2/install/buff_interfaces/lib/libbuff_interfaces__rosidl_typesupport_cpp.so
[1.093s] -- Up-to-date: /home/luis/azure_sky_ros2/install/buff_interfaces/share/buff_interfaces/environment/pythonpath.sh
[1.093s] -- Up-to-date: /home/luis/azure_sky_ros2/install/buff_interfaces/share/buff_interfaces/environment/pythonpath.dsv
[1.094s] -- Up-to-date: /home/luis/azure_sky_ros2/install/buff_interfaces/local/lib/python3.10/dist-packages/buff_interfaces-1.0.0-py3.10.egg-info
[1.094s] -- Installing: /home/luis/azure_sky_ros2/install/buff_interfaces/local/lib/python3.10/dist-packages/buff_interfaces-1.0.0-py3.10.egg-info/SOURCES.txt
[1.094s] -- Installing: /home/luis/azure_sky_ros2/install/buff_interfaces/local/lib/python3.10/dist-packages/buff_interfaces-1.0.0-py3.10.egg-info/PKG-INFO
[1.094s] -- Installing: /home/luis/azure_sky_ros2/install/buff_interfaces/local/lib/python3.10/dist-packages/buff_interfaces-1.0.0-py3.10.egg-info/top_level.txt
[1.094s] -- Installing: /home/luis/azure_sky_ros2/install/buff_interfaces/local/lib/python3.10/dist-packages/buff_interfaces-1.0.0-py3.10.egg-info/dependency_links.txt
[1.094s] -- Up-to-date: /home/luis/azure_sky_ros2/install/buff_interfaces/local/lib/python3.10/dist-packages/buff_interfaces
[1.095s] -- Up-to-date: /home/luis/azure_sky_ros2/install/buff_interfaces/local/lib/python3.10/dist-packages/buff_interfaces/libbuff_interfaces__rosidl_generator_py.so
[1.095s] -- Up-to-date: /home/luis/azure_sky_ros2/install/buff_interfaces/local/lib/python3.10/dist-packages/buff_interfaces/_buff_interfaces_s.ep.rosidl_typesupport_c.c
[1.095s] -- Up-to-date: /home/luis/azure_sky_ros2/install/buff_interfaces/local/lib/python3.10/dist-packages/buff_interfaces/buff_interfaces_s__rosidl_typesupport_c.cpython-310-x86_64-linux-gnu.so
[1.095s] -- Up-to-date: /home/luis/azure_sky_ros2/install/buff_interfaces/local/lib/python3.10/dist-packages/buff_interfaces/_buff_interfaces_s.ep.rosidl_typesupport_fastrtps_c.c
[1.095s] -- Up-to-date: /home/luis/azure_sky_ros2/install/buff_interfaces/local/lib/python3.10/dist-packages/buff_interfaces/buff_interfaces_s__rosidl_typesupport_introspection_c.cpython-310-x86_64-linux-gnu.so
[1.096s] -- Up-to-date: /home/luis/azure_sky_ros2/install/buff_interfaces/local/lib/python3.10/dist-packages/buff_interfaces/_buff_interfaces_s.ep.rosidl_typesupport_introspection_c.c
[1.096s] -- Up-to-date: /home/luis/azure_sky_ros2/install/buff_interfaces/local/lib/python3.10/dist-packages/buff_interfaces/__init__.py
[1.097s] -- Up-to-date: /home/luis/azure_sky_ros2/install/buff_interfaces/local/lib/python3.10/dist-packages/buff_interfaces/buff_interfaces_s__rosidl_typesupport_fastrtps_c.cpython-310-x86_64-linux-gnu.so
[1.097s] -- Up-to-date: /home/luis/azure_sky_ros2/install/buff_interfaces/local/lib/python3.10/dist-packages/buff_interfaces/msg
[1.097s] -- Up-to-date: /home/luis/azure_sky_ros2/install/buff_interfaces/local/lib/python3.10/dist-packages/buff_interfaces/msg/_rune_s.c
[1.097s] -- Up-to-date: /home/luis/azure_sky_ros2/install/buff_interfaces/local/lib/python3.10/dist-packages/buff_interfaces/msg/_rune_info.py
[1.097s] -- Up-to-date: /home/luis/azure_sky_ros2/install/buff_interfaces/local/lib/python3.10/dist-packages/buff_interfaces/msg/_debug_blade_s.c
[1.097s] -- Up-to-date: /home/luis/azure_sky_ros2/install/buff_interfaces/local/lib/python3.10/dist-packages/buff_interfaces/msg/_debug_blade_array_s.c
[1.097s] -- Up-to-date: /home/luis/azure_sky_ros2/install/buff_interfaces/local/lib/python3.10/dist-packages/buff_interfaces/msg/_blade_array.py
[1.097s] -- Up-to-date: /home/luis/azure_sky_ros2/install/buff_interfaces/local/lib/python3.10/dist-packages/buff_interfaces/msg/_debug_blade_array.py
[1.098s] -- Up-to-date: /home/luis/azure_sky_ros2/install/buff_interfaces/local/lib/python3.10/dist-packages/buff_interfaces/msg/_blade_s.c
[1.098s] -- Up-to-date: /home/luis/azure_sky_ros2/install/buff_interfaces/local/lib/python3.10/dist-packages/buff_interfaces/msg/_debug_blade.py
[1.098s] -- Up-to-date: /home/luis/azure_sky_ros2/install/buff_interfaces/local/lib/python3.10/dist-packages/buff_interfaces/msg/_blade_array_s.c
[1.098s] -- Up-to-date: /home/luis/azure_sky_ros2/install/buff_interfaces/local/lib/python3.10/dist-packages/buff_interfaces/msg/_rune.py
[1.098s] -- Up-to-date: /home/luis/azure_sky_ros2/install/buff_interfaces/local/lib/python3.10/dist-packages/buff_interfaces/msg/_blade.py
[1.098s] -- Up-to-date: /home/luis/azure_sky_ros2/install/buff_interfaces/local/lib/python3.10/dist-packages/buff_interfaces/msg/_rune_info_s.c
[1.098s] -- Up-to-date: /home/luis/azure_sky_ros2/install/buff_interfaces/local/lib/python3.10/dist-packages/buff_interfaces/msg/__init__.py
[1.098s] -- Up-to-date: /home/luis/azure_sky_ros2/install/buff_interfaces/local/lib/python3.10/dist-packages/buff_interfaces/msg/_time_info_s.c
[1.098s] -- Up-to-date: /home/luis/azure_sky_ros2/install/buff_interfaces/local/lib/python3.10/dist-packages/buff_interfaces/msg/_time_info.py
[1.181s] Listing '/home/luis/azure_sky_ros2/install/buff_interfaces/local/lib/python3.10/dist-packages/buff_interfaces'...
[1.181s] Listing '/home/luis/azure_sky_ros2/install/buff_interfaces/local/lib/python3.10/dist-packages/buff_interfaces/msg'...
[1.232s] -- Up-to-date: /home/luis/azure_sky_ros2/install/buff_interfaces/local/lib/python3.10/dist-packages/buff_interfaces/buff_interfaces_s__rosidl_typesupport_fastrtps_c.cpython-310-x86_64-linux-gnu.so
[1.232s] -- Up-to-date: /home/luis/azure_sky_ros2/install/buff_interfaces/local/lib/python3.10/dist-packages/buff_interfaces/buff_interfaces_s__rosidl_typesupport_introspection_c.cpython-310-x86_64-linux-gnu.so
[1.234s] -- Up-to-date: /home/luis/azure_sky_ros2/install/buff_interfaces/local/lib/python3.10/dist-packages/buff_interfaces/buff_interfaces_s__rosidl_typesupport_c.cpython-310-x86_64-linux-gnu.so
[1.234s] -- Up-to-date: /home/luis/azure_sky_ros2/install/buff_interfaces/lib/libbuff_interfaces__rosidl_generator_py.so
[1.234s] -- Up-to-date: /home/luis/azure_sky_ros2/install/buff_interfaces/share/buff_interfaces/msg/Blade.idl
[1.234s] -- Up-to-date: /home/luis/azure_sky_ros2/install/buff_interfaces/share/buff_interfaces/msg/BladeArray.idl
[1.234s] -- Up-to-date: /home/luis/azure_sky_ros2/install/buff_interfaces/share/buff_interfaces/msg/DebugBlade.idl
[1.235s] -- Up-to-date: /home/luis/azure_sky_ros2/install/buff_interfaces/share/buff_interfaces/msg/DebugBladeArray.idl
[1.235s] -- Up-to-date: /home/luis/azure_sky_ros2/install/buff_interfaces/share/buff_interfaces/msg/Rune.idl
[1.235s] -- Up-to-date: /home/luis/azure_sky_ros2/install/buff_interfaces/share/buff_interfaces/msg/RuneInfo.idl
[1.235s] -- Up-to-date: /home/luis/azure_sky_ros2/install/buff_interfaces/share/buff_interfaces/msg/TimeInfo.idl
[1.235s] -- Up-to-date: /home/luis/azure_sky_ros2/install/buff_interfaces/share/buff_interfaces/msg/Blade.msg
[1.235s] -- Up-to-date: /home/luis/azure_sky_ros2/install/buff_interfaces/share/buff_interfaces/msg/BladeArray.msg
[1.235s] -- Up-to-date: /home/luis/azure_sky_ros2/install/buff_interfaces/share/buff_interfaces/msg/DebugBlade.msg
[1.235s] -- Up-to-date: /home/luis/azure_sky_ros2/install/buff_interfaces/share/buff_interfaces/msg/DebugBladeArray.msg
[1.236s] -- Up-to-date: /home/luis/azure_sky_ros2/install/buff_interfaces/share/buff_interfaces/msg/Rune.msg
[1.236s] -- Up-to-date: /home/luis/azure_sky_ros2/install/buff_interfaces/share/buff_interfaces/msg/RuneInfo.msg
[1.236s] -- Up-to-date: /home/luis/azure_sky_ros2/install/buff_interfaces/share/buff_interfaces/msg/TimeInfo.msg
[1.236s] -- Up-to-date: /home/luis/azure_sky_ros2/install/buff_interfaces/share/ament_index/resource_index/package_run_dependencies/buff_interfaces
[1.236s] -- Up-to-date: /home/luis/azure_sky_ros2/install/buff_interfaces/share/ament_index/resource_index/parent_prefix_path/buff_interfaces
[1.236s] -- Up-to-date: /home/luis/azure_sky_ros2/install/buff_interfaces/share/buff_interfaces/environment/ament_prefix_path.sh
[1.236s] -- Up-to-date: /home/luis/azure_sky_ros2/install/buff_interfaces/share/buff_interfaces/environment/ament_prefix_path.dsv
[1.236s] -- Up-to-date: /home/luis/azure_sky_ros2/install/buff_interfaces/share/buff_interfaces/environment/path.sh
[1.236s] -- Up-to-date: /home/luis/azure_sky_ros2/install/buff_interfaces/share/buff_interfaces/environment/path.dsv
[1.236s] -- Up-to-date: /home/luis/azure_sky_ros2/install/buff_interfaces/share/buff_interfaces/local_setup.bash
[1.237s] -- Up-to-date: /home/luis/azure_sky_ros2/install/buff_interfaces/share/buff_interfaces/local_setup.sh
[1.237s] -- Up-to-date: /home/luis/azure_sky_ros2/install/buff_interfaces/share/buff_interfaces/local_setup.zsh
[1.237s] -- Up-to-date: /home/luis/azure_sky_ros2/install/buff_interfaces/share/buff_interfaces/local_setup.dsv
[1.237s] -- Installing: /home/luis/azure_sky_ros2/install/buff_interfaces/share/buff_interfaces/package.dsv
[1.244s] -- Up-to-date: /home/luis/azure_sky_ros2/install/buff_interfaces/share/ament_index/resource_index/packages/buff_interfaces
[1.244s] -- Up-to-date: /home/luis/azure_sky_ros2/install/buff_interfaces/share/buff_interfaces/cmake/export_buff_interfaces__rosidl_generator_cExport.cmake
[1.244s] -- Up-to-date: /home/luis/azure_sky_ros2/install/buff_interfaces/share/buff_interfaces/cmake/export_buff_interfaces__rosidl_generator_cExport-noconfig.cmake
[1.244s] -- Up-to-date: /home/luis/azure_sky_ros2/install/buff_interfaces/share/buff_interfaces/cmake/export_buff_interfaces__rosidl_typesupport_fastrtps_cExport.cmake
[1.245s] -- Up-to-date: /home/luis/azure_sky_ros2/install/buff_interfaces/share/buff_interfaces/cmake/export_buff_interfaces__rosidl_typesupport_fastrtps_cExport-noconfig.cmake
[1.245s] -- Up-to-date: /home/luis/azure_sky_ros2/install/buff_interfaces/share/buff_interfaces/cmake/buff_interfaces__rosidl_typesupport_introspection_cExport.cmake
[1.245s] -- Up-to-date: /home/luis/azure_sky_ros2/install/buff_interfaces/share/buff_interfaces/cmake/buff_interfaces__rosidl_typesupport_introspection_cExport-noconfig.cmake
[1.245s] -- Up-to-date: /home/luis/azure_sky_ros2/install/buff_interfaces/share/buff_interfaces/cmake/buff_interfaces__rosidl_typesupport_cExport.cmake
[1.246s] -- Up-to-date: /home/luis/azure_sky_ros2/install/buff_interfaces/share/buff_interfaces/cmake/buff_interfaces__rosidl_typesupport_cExport-noconfig.cmake
[1.246s] -- Up-to-date: /home/luis/azure_sky_ros2/install/buff_interfaces/share/buff_interfaces/cmake/export_buff_interfaces__rosidl_generator_cppExport.cmake
[1.246s] -- Up-to-date: /home/luis/azure_sky_ros2/install/buff_interfaces/share/buff_interfaces/cmake/export_buff_interfaces__rosidl_typesupport_fastrtps_cppExport.cmake
[1.246s] -- Up-to-date: /home/luis/azure_sky_ros2/install/buff_interfaces/share/buff_interfaces/cmake/export_buff_interfaces__rosidl_typesupport_fastrtps_cppExport-noconfig.cmake
[1.249s] -- Up-to-date: /home/luis/azure_sky_ros2/install/buff_interfaces/share/buff_interfaces/cmake/buff_interfaces__rosidl_typesupport_introspection_cppExport.cmake
[1.249s] -- Up-to-date: /home/luis/azure_sky_ros2/install/buff_interfaces/share/buff_interfaces/cmake/buff_interfaces__rosidl_typesupport_introspection_cppExport-noconfig.cmake
[1.250s] -- Up-to-date: /home/luis/azure_sky_ros2/install/buff_interfaces/share/buff_interfaces/cmake/buff_interfaces__rosidl_typesupport_cppExport.cmake
[1.250s] -- Up-to-date: /home/luis/azure_sky_ros2/install/buff_interfaces/share/buff_interfaces/cmake/buff_interfaces__rosidl_typesupport_cppExport-noconfig.cmake
[1.250s] -- Up-to-date: /home/luis/azure_sky_ros2/install/buff_interfaces/share/buff_interfaces/cmake/export_buff_interfaces__rosidl_generator_pyExport.cmake
[1.250s] -- Up-to-date: /home/luis/azure_sky_ros2/install/buff_interfaces/share/buff_interfaces/cmake/export_buff_interfaces__rosidl_generator_pyExport-noconfig.cmake
[1.251s] -- Up-to-date: /home/luis/azure_sky_ros2/install/buff_interfaces/share/buff_interfaces/cmake/rosidl_cmake-extras.cmake
[1.253s] -- Up-to-date: /home/luis/azure_sky_ros2/install/buff_interfaces/share/buff_interfaces/cmake/ament_cmake_export_dependencies-extras.cmake
[1.253s] -- Up-to-date: /home/luis/azure_sky_ros2/install/buff_interfaces/share/buff_interfaces/cmake/ament_cmake_export_include_directories-extras.cmake
[1.253s] -- Up-to-date: /home/luis/azure_sky_ros2/install/buff_interfaces/share/buff_interfaces/cmake/ament_cmake_export_libraries-extras.cmake
[1.253s] -- Up-to-date: /home/luis/azure_sky_ros2/install/buff_interfaces/share/buff_interfaces/cmake/ament_cmake_export_targets-extras.cmake
[1.253s] -- Up-to-date: /home/luis/azure_sky_ros2/install/buff_interfaces/share/buff_interfaces/cmake/rosidl_cmake_export_typesupport_targets-extras.cmake
[1.253s] -- Up-to-date: /home/luis/azure_sky_ros2/install/buff_interfaces/share/buff_interfaces/cmake/rosidl_cmake_export_typesupport_libraries-extras.cmake
[1.253s] -- Up-to-date: /home/luis/azure_sky_ros2/install/buff_interfaces/share/buff_interfaces/cmake/buff_interfacesConfig.cmake
[1.254s] -- Up-to-date: /home/luis/azure_sky_ros2/install/buff_interfaces/share/buff_interfaces/cmake/buff_interfacesConfig-version.cmake
[1.254s] -- Up-to-date: /home/luis/azure_sky_ros2/install/buff_interfaces/share/buff_interfaces/package.xml
[1.258s] Invoked command in '/home/luis/azure_sky_ros2/build/buff_interfaces' returned '0': CMAKE_PREFIX_PATH=${CMAKE_PREFIX_PATH}:/opt/ros/humble /usr/bin/cmake --install /home/luis/azure_sky_ros2/build/buff_interfaces
