[0.044s] Invoking command in '/home/luis/workshop_ws/build/controlko_hardware_interface': CMAKE_PREFIX_PATH=${CMAKE_PREFIX_PATH}:/opt/ros/humble /usr/bin/cmake /home/luis/workshop_ws/src/controlko_hardware_interface -DAMENT_CMAKE_SYMLINK_INSTALL=1 -DCMAKE_INSTALL_PREFIX=/home/luis/workshop_ws/install/controlko_hardware_interface
[0.061s] -- Found ament_cmake: 1.3.11 (/opt/ros/humble/share/ament_cmake/cmake)
[0.303s] -- Override CMake install command with custom implementation using symlinks instead of copying resources
[0.327s] -- Found hardware_interface: 2.51.0 (/opt/ros/humble/share/hardware_interface/cmake)
[0.384s] -- Found rosidl_generator_c: 3.1.6 (/opt/ros/humble/share/rosidl_generator_c/cmake)
[0.391s] -- Found rosidl_adapter: 3.1.6 (/opt/ros/humble/share/rosidl_adapter/cmake)
[0.403s] -- Found rosidl_generator_cpp: 3.1.6 (/opt/ros/humble/share/rosidl_generator_cpp/cmake)
[0.419s] -- Using all available rosidl_typesupport_c: rosidl_typesupport_fastrtps_c;rosidl_typesupport_introspection_c
[0.446s] -- Using all available rosidl_typesupport_cpp: rosidl_typesupport_fastrtps_cpp;rosidl_typesupport_introspection_cpp
[0.737s] -- Found rmw_implementation_cmake: 6.1.2 (/opt/ros/humble/share/rmw_implementation_cmake/cmake)
[0.739s] -- Found rmw_fastrtps_cpp: 6.2.7 (/opt/ros/humble/share/rmw_fastrtps_cpp/cmake)
[0.766s] -- Found TinyXML2 via Config file: TinyXML2_DIR-NOTFOUND
[0.782s] -- Found TinyXML2 via Config file: TinyXML2_DIR-NOTFOUND
[0.811s] -- Found TinyXML2 via Config file: TinyXML2_DIR-NOTFOUND
[0.827s] -- Found TinyXML2 via Config file: TinyXML2_DIR-NOTFOUND
[0.847s] -- Using RMW implementation 'rmw_fastrtps_cpp' as default
[0.924s] -- Found ament_lint_auto: 0.12.12 (/opt/ros/humble/share/ament_lint_auto/cmake)
[1.030s] -- Found gmock sources under '/opt/ros/humble/src/gmock_vendor': C++ tests using 'Google Mock' will be built
[1.033s] -- Found ament_cmake_gtest: 1.3.11 (/opt/ros/humble/share/ament_cmake_gtest/cmake)
[1.034s] -- Found gtest sources under '/opt/ros/humble/src/gtest_vendor': C++ tests using 'Google Test' will be built
[1.056s] -- Added test 'cppcheck' to perform static code analysis on C / C++ code
[1.056s] -- Configured cppcheck include dirs: /home/luis/workshop_ws/src/controlko_hardware_interface/include
[1.056s] -- Configured cppcheck exclude dirs and/or files: 
[1.057s] -- Added test 'lint_cmake' to check CMake code style
[1.059s] -- Added test 'uncrustify' to check C / C++ code style
[1.060s] -- Configured uncrustify additional arguments: 
[1.060s] -- Added test 'xmllint' to check XML markup files
[1.064s] -- Configuring done
[1.146s] -- Generating done
[1.160s] -- Build files have been written to: /home/luis/workshop_ws/build/controlko_hardware_interface
[1.177s] Invoked command in '/home/luis/workshop_ws/build/controlko_hardware_interface' returned '0': CMAKE_PREFIX_PATH=${CMAKE_PREFIX_PATH}:/opt/ros/humble /usr/bin/cmake /home/luis/workshop_ws/src/controlko_hardware_interface -DAMENT_CMAKE_SYMLINK_INSTALL=1 -DCMAKE_INSTALL_PREFIX=/home/luis/workshop_ws/install/controlko_hardware_interface
[1.179s] Invoking command in '/home/luis/workshop_ws/build/controlko_hardware_interface': CMAKE_PREFIX_PATH=${CMAKE_PREFIX_PATH}:/opt/ros/humble /usr/bin/cmake --build /home/luis/workshop_ws/build/controlko_hardware_interface -- -j12 -l12
[1.263s] [35m[1mConsolidate compiler generated dependencies of target gmock_main[0m
[1.263s] [35m[1mConsolidate compiler generated dependencies of target gmock[0m
[1.263s] [35m[1mConsolidate compiler generated dependencies of target controlko_hardware_interface[0m
[1.292s] [ 22%] Built target gmock_main
[1.293s] [ 55%] Built target gmock
[1.297s] [ 77%] Built target controlko_hardware_interface
[1.314s] [35m[1mConsolidate compiler generated dependencies of target test_rrbot_hardware_interface[0m
[1.344s] [100%] Built target test_rrbot_hardware_interface
[1.366s] Invoked command in '/home/luis/workshop_ws/build/controlko_hardware_interface' returned '0': CMAKE_PREFIX_PATH=${CMAKE_PREFIX_PATH}:/opt/ros/humble /usr/bin/cmake --build /home/luis/workshop_ws/build/controlko_hardware_interface -- -j12 -l12
[1.370s] Invoking command in '/home/luis/workshop_ws/build/controlko_hardware_interface': CMAKE_PREFIX_PATH=${CMAKE_PREFIX_PATH}:/opt/ros/humble /usr/bin/cmake --install /home/luis/workshop_ws/build/controlko_hardware_interface
[1.383s] -- Install configuration: ""
[1.384s] -- Execute custom install script
[1.384s] -- Up-to-date symlink: /home/luis/workshop_ws/install/controlko_hardware_interface/share/controlko_hardware_interface//controlko_hardware_interface.xml
[1.385s] -- Up-to-date symlink: /home/luis/workshop_ws/install/controlko_hardware_interface/lib/libcontrolko_hardware_interface.so
[1.385s] -- Up-to-date symlink: /home/luis/workshop_ws/install/controlko_hardware_interface/include/controlko_hardware_interface/dr_denis_rrbot_comms.hpp
[1.385s] -- Up-to-date symlink: /home/luis/workshop_ws/install/controlko_hardware_interface/include/controlko_hardware_interface/rrbot_hardware_interface.hpp
[1.386s] -- Up-to-date symlink: /home/luis/workshop_ws/install/controlko_hardware_interface/include/controlko_hardware_interface/visibility_control.h
[1.386s] -- Up-to-date symlink: /home/luis/workshop_ws/install/controlko_hardware_interface/share/controlko_hardware_interface/environment/library_path.sh
[1.386s] -- Up-to-date symlink: /home/luis/workshop_ws/install/controlko_hardware_interface/share/controlko_hardware_interface/environment/library_path.dsv
[1.386s] -- Up-to-date symlink: /home/luis/workshop_ws/install/controlko_hardware_interface/share/ament_index/resource_index/package_run_dependencies/controlko_hardware_interface
[1.387s] -- Up-to-date symlink: /home/luis/workshop_ws/install/controlko_hardware_interface/share/ament_index/resource_index/parent_prefix_path/controlko_hardware_interface
[1.387s] -- Up-to-date symlink: /home/luis/workshop_ws/install/controlko_hardware_interface/share/controlko_hardware_interface/environment/ament_prefix_path.sh
[1.387s] -- Up-to-date symlink: /home/luis/workshop_ws/install/controlko_hardware_interface/share/controlko_hardware_interface/environment/ament_prefix_path.dsv
[1.387s] -- Up-to-date symlink: /home/luis/workshop_ws/install/controlko_hardware_interface/share/controlko_hardware_interface/environment/path.sh
[1.387s] -- Up-to-date symlink: /home/luis/workshop_ws/install/controlko_hardware_interface/share/controlko_hardware_interface/environment/path.dsv
[1.388s] -- Up-to-date symlink: /home/luis/workshop_ws/install/controlko_hardware_interface/share/controlko_hardware_interface/local_setup.bash
[1.388s] -- Up-to-date symlink: /home/luis/workshop_ws/install/controlko_hardware_interface/share/controlko_hardware_interface/local_setup.sh
[1.388s] -- Up-to-date symlink: /home/luis/workshop_ws/install/controlko_hardware_interface/share/controlko_hardware_interface/local_setup.zsh
[1.388s] -- Up-to-date symlink: /home/luis/workshop_ws/install/controlko_hardware_interface/share/controlko_hardware_interface/local_setup.dsv
[1.389s] -- Symlinking: /home/luis/workshop_ws/install/controlko_hardware_interface/share/controlko_hardware_interface/package.dsv
[1.414s] -- Up-to-date symlink: /home/luis/workshop_ws/install/controlko_hardware_interface/share/ament_index/resource_index/packages/controlko_hardware_interface
[1.414s] -- Up-to-date symlink: /home/luis/workshop_ws/install/controlko_hardware_interface/share/ament_index/resource_index/hardware_interface__pluginlib__plugin/controlko_hardware_interface
[1.415s] -- Up-to-date symlink: /home/luis/workshop_ws/install/controlko_hardware_interface/share/controlko_hardware_interface/cmake/ament_cmake_export_include_directories-extras.cmake
[1.415s] -- Up-to-date symlink: /home/luis/workshop_ws/install/controlko_hardware_interface/share/controlko_hardware_interface/cmake/ament_cmake_export_libraries-extras.cmake
[1.415s] -- Up-to-date symlink: /home/luis/workshop_ws/install/controlko_hardware_interface/share/controlko_hardware_interface/cmake/ament_cmake_export_dependencies-extras.cmake
[1.415s] -- Up-to-date symlink: /home/luis/workshop_ws/install/controlko_hardware_interface/share/controlko_hardware_interface/cmake/controlko_hardware_interfaceConfig.cmake
[1.416s] -- Up-to-date symlink: /home/luis/workshop_ws/install/controlko_hardware_interface/share/controlko_hardware_interface/cmake/controlko_hardware_interfaceConfig-version.cmake
[1.416s] -- Up-to-date symlink: /home/luis/workshop_ws/install/controlko_hardware_interface/share/controlko_hardware_interface/package.xml
[1.420s] Invoked command in '/home/luis/workshop_ws/build/controlko_hardware_interface' returned '0': CMAKE_PREFIX_PATH=${CMAKE_PREFIX_PATH}:/opt/ros/humble /usr/bin/cmake --install /home/luis/workshop_ws/build/controlko_hardware_interface
