[35m[1mConsolidate compiler generated dependencies of target armor_detector[0m
[35m[1mConsolidate compiler generated dependencies of target armor_detector_node[0m
[35m[1mConsolidate compiler generated dependencies of target gtest[0m
[ 13%] Built target gtest_main
[ 26%] Built target armor_detector_node
[ 40%] Built target gtest
[ 73%] Built target armor_detector
[35m[1mConsolidate compiler generated dependencies of target test_number_cls[0m
[35m[1mConsolidate compiler generated dependencies of target test_node_startup[0m
[ 86%] Built target test_number_cls
[100%] Built target test_node_startup
-- Install configuration: ""
-- Installing: /home/luis/azure_sky_ros2/install/armor_detector/lib/armor_detector/armor_detector_node
-- Set runtime path of "/home/luis/azure_sky_ros2/install/armor_detector/lib/armor_detector/armor_detector_node" to ""
-- Installing: /home/luis/azure_sky_ros2/install/armor_detector/include
-- Installing: /home/luis/azure_sky_ros2/install/armor_detector/include/armor_detector
-- Installing: /home/luis/azure_sky_ros2/install/armor_detector/include/armor_detector/pnp_solver.hpp
-- Installing: /home/luis/azure_sky_ros2/install/armor_detector/include/armor_detector/number_classifier.hpp
-- Installing: /home/luis/azure_sky_ros2/install/armor_detector/include/armor_detector/armor.hpp
-- Installing: /home/luis/azure_sky_ros2/install/armor_detector/include/armor_detector/detector.hpp
-- Installing: /home/luis/azure_sky_ros2/install/armor_detector/include/armor_detector/detector_node.hpp
-- Installing: /home/luis/azure_sky_ros2/install/armor_detector/share/armor_detector/environment/library_path.sh
-- Installing: /home/luis/azure_sky_ros2/install/armor_detector/share/armor_detector/environment/library_path.dsv
-- Installing: /home/luis/azure_sky_ros2/install/armor_detector/lib/libarmor_detector.so
-- Set runtime path of "/home/luis/azure_sky_ros2/install/armor_detector/lib/libarmor_detector.so" to ""
-- Installing: /home/luis/azure_sky_ros2/install/armor_detector/share/armor_detector/model
-- Installing: /home/luis/azure_sky_ros2/install/armor_detector/share/armor_detector/model/label.txt
-- Installing: /home/luis/azure_sky_ros2/install/armor_detector/share/armor_detector/model/mlp.onnx
-- Installing: /home/luis/azure_sky_ros2/install/armor_detector/share/ament_index/resource_index/package_run_dependencies/armor_detector
-- Installing: /home/luis/azure_sky_ros2/install/armor_detector/share/ament_index/resource_index/parent_prefix_path/armor_detector
-- Installing: /home/luis/azure_sky_ros2/install/armor_detector/share/armor_detector/environment/ament_prefix_path.sh
-- Installing: /home/luis/azure_sky_ros2/install/armor_detector/share/armor_detector/environment/ament_prefix_path.dsv
-- Installing: /home/luis/azure_sky_ros2/install/armor_detector/share/armor_detector/environment/path.sh
-- Installing: /home/luis/azure_sky_ros2/install/armor_detector/share/armor_detector/environment/path.dsv
-- Installing: /home/luis/azure_sky_ros2/install/armor_detector/share/armor_detector/local_setup.bash
-- Installing: /home/luis/azure_sky_ros2/install/armor_detector/share/armor_detector/local_setup.sh
-- Installing: /home/luis/azure_sky_ros2/install/armor_detector/share/armor_detector/local_setup.zsh
-- Installing: /home/luis/azure_sky_ros2/install/armor_detector/share/armor_detector/local_setup.dsv
-- Installing: /home/luis/azure_sky_ros2/install/armor_detector/share/armor_detector/package.dsv
-- Installing: /home/luis/azure_sky_ros2/install/armor_detector/share/ament_index/resource_index/packages/armor_detector
-- Installing: /home/luis/azure_sky_ros2/install/armor_detector/share/ament_index/resource_index/rclcpp_components/armor_detector
-- Installing: /home/luis/azure_sky_ros2/install/armor_detector/share/armor_detector/cmake/ament_cmake_export_dependencies-extras.cmake
-- Installing: /home/luis/azure_sky_ros2/install/armor_detector/share/armor_detector/cmake/ament_cmake_export_include_directories-extras.cmake
-- Installing: /home/luis/azure_sky_ros2/install/armor_detector/share/armor_detector/cmake/ament_cmake_export_libraries-extras.cmake
-- Installing: /home/luis/azure_sky_ros2/install/armor_detector/share/armor_detector/cmake/armor_detectorConfig.cmake
-- Installing: /home/luis/azure_sky_ros2/install/armor_detector/share/armor_detector/cmake/armor_detectorConfig-version.cmake
-- Installing: /home/luis/azure_sky_ros2/install/armor_detector/share/armor_detector/package.xml
