[0.074s] Invoking command in '/home/luis/azure_sky_ros2/build/armor_detector': CMAKE_PREFIX_PATH=/home/luis/azure_sky_ros2/install/auto_aim_interfaces:/home/luis/azure_sky_ros2/install/tide_msgs:/home/luis/azure_sky_ros2/install/serial:/home/luis/azure_sky_ros2/install/ros2_socketcan_msgs:/home/luis/azure_sky_ros2/install/rm_gimbal_description:/home/luis/azure_sky_ros2/install/rm_auto_record:/home/luis/azure_sky_ros2/install/hik_camera:/home/luis/azure_sky_ros2/install/buff_interfaces:/opt/ros/humble LD_LIBRARY_PATH=/home/luis/azure_sky_ros2/install/auto_aim_interfaces/lib:/home/luis/azure_sky_ros2/install/tide_msgs/lib:/home/luis/azure_sky_ros2/install/serial/lib:/home/luis/azure_sky_ros2/install/ros2_socketcan_msgs/lib:/home/luis/azure_sky_ros2/install/rm_auto_record/lib:/home/luis/azure_sky_ros2/install/hik_camera/lib:/home/luis/azure_sky_ros2/install/buff_interfaces/lib:/opt/MVS/lib/64:/opt/MVS/lib/32:/usr/lib/x86_64-linux-gnu/gazebo-11/plugins:/opt/ros/humble/opt/rviz_ogre_vendor/lib:/opt/ros/humble/lib/x86_64-linux-gnu:/opt/ros/humble/lib:/opt/MVS/lib/64:/opt/MVS/lib/32:/opt/MVS/lib/64:/opt/MVS/lib/32 /usr/bin/cmake --build /home/luis/azure_sky_ros2/build/armor_detector -- -j12 -l12
[0.240s] [35m[1mConsolidate compiler generated dependencies of target armor_detector[0m
[0.241s] [35m[1mConsolidate compiler generated dependencies of target armor_detector_node[0m
[0.247s] [35m[1mConsolidate compiler generated dependencies of target gtest[0m
[0.306s] [ 13%] Built target gtest_main
[0.310s] [ 26%] Built target armor_detector_node
[0.310s] [ 40%] Built target gtest
[0.322s] [ 73%] Built target armor_detector
[0.351s] [35m[1mConsolidate compiler generated dependencies of target test_number_cls[0m
[0.353s] [35m[1mConsolidate compiler generated dependencies of target test_node_startup[0m
[0.389s] [ 86%] Built target test_number_cls
[0.400s] [100%] Built target test_node_startup
[0.493s] Invoked command in '/home/luis/azure_sky_ros2/build/armor_detector' returned '0': CMAKE_PREFIX_PATH=/home/luis/azure_sky_ros2/install/auto_aim_interfaces:/home/luis/azure_sky_ros2/install/tide_msgs:/home/luis/azure_sky_ros2/install/serial:/home/luis/azure_sky_ros2/install/ros2_socketcan_msgs:/home/luis/azure_sky_ros2/install/rm_gimbal_description:/home/luis/azure_sky_ros2/install/rm_auto_record:/home/luis/azure_sky_ros2/install/hik_camera:/home/luis/azure_sky_ros2/install/buff_interfaces:/opt/ros/humble LD_LIBRARY_PATH=/home/luis/azure_sky_ros2/install/auto_aim_interfaces/lib:/home/luis/azure_sky_ros2/install/tide_msgs/lib:/home/luis/azure_sky_ros2/install/serial/lib:/home/luis/azure_sky_ros2/install/ros2_socketcan_msgs/lib:/home/luis/azure_sky_ros2/install/rm_auto_record/lib:/home/luis/azure_sky_ros2/install/hik_camera/lib:/home/luis/azure_sky_ros2/install/buff_interfaces/lib:/opt/MVS/lib/64:/opt/MVS/lib/32:/usr/lib/x86_64-linux-gnu/gazebo-11/plugins:/opt/ros/humble/opt/rviz_ogre_vendor/lib:/opt/ros/humble/lib/x86_64-linux-gnu:/opt/ros/humble/lib:/opt/MVS/lib/64:/opt/MVS/lib/32:/opt/MVS/lib/64:/opt/MVS/lib/32 /usr/bin/cmake --build /home/luis/azure_sky_ros2/build/armor_detector -- -j12 -l12
[0.497s] Invoking command in '/home/luis/azure_sky_ros2/build/armor_detector': CMAKE_PREFIX_PATH=/home/luis/azure_sky_ros2/install/auto_aim_interfaces:/home/luis/azure_sky_ros2/install/tide_msgs:/home/luis/azure_sky_ros2/install/serial:/home/luis/azure_sky_ros2/install/ros2_socketcan_msgs:/home/luis/azure_sky_ros2/install/rm_gimbal_description:/home/luis/azure_sky_ros2/install/rm_auto_record:/home/luis/azure_sky_ros2/install/hik_camera:/home/luis/azure_sky_ros2/install/buff_interfaces:/opt/ros/humble LD_LIBRARY_PATH=/home/luis/azure_sky_ros2/install/auto_aim_interfaces/lib:/home/luis/azure_sky_ros2/install/tide_msgs/lib:/home/luis/azure_sky_ros2/install/serial/lib:/home/luis/azure_sky_ros2/install/ros2_socketcan_msgs/lib:/home/luis/azure_sky_ros2/install/rm_auto_record/lib:/home/luis/azure_sky_ros2/install/hik_camera/lib:/home/luis/azure_sky_ros2/install/buff_interfaces/lib:/opt/MVS/lib/64:/opt/MVS/lib/32:/usr/lib/x86_64-linux-gnu/gazebo-11/plugins:/opt/ros/humble/opt/rviz_ogre_vendor/lib:/opt/ros/humble/lib/x86_64-linux-gnu:/opt/ros/humble/lib:/opt/MVS/lib/64:/opt/MVS/lib/32:/opt/MVS/lib/64:/opt/MVS/lib/32 /usr/bin/cmake --install /home/luis/azure_sky_ros2/build/armor_detector
[0.527s] -- Install configuration: ""
[0.527s] -- Installing: /home/luis/azure_sky_ros2/install/armor_detector/lib/armor_detector/armor_detector_node
[0.527s] -- Set runtime path of "/home/luis/azure_sky_ros2/install/armor_detector/lib/armor_detector/armor_detector_node" to ""
[0.527s] -- Installing: /home/luis/azure_sky_ros2/install/armor_detector/include
[0.529s] -- Installing: /home/luis/azure_sky_ros2/install/armor_detector/include/armor_detector
[0.529s] -- Installing: /home/luis/azure_sky_ros2/install/armor_detector/include/armor_detector/pnp_solver.hpp
[0.529s] -- Installing: /home/luis/azure_sky_ros2/install/armor_detector/include/armor_detector/number_classifier.hpp
[0.529s] -- Installing: /home/luis/azure_sky_ros2/install/armor_detector/include/armor_detector/armor.hpp
[0.529s] -- Installing: /home/luis/azure_sky_ros2/install/armor_detector/include/armor_detector/detector.hpp
[0.529s] -- Installing: /home/luis/azure_sky_ros2/install/armor_detector/include/armor_detector/detector_node.hpp
[0.529s] -- Installing: /home/luis/azure_sky_ros2/install/armor_detector/share/armor_detector/environment/library_path.sh
[0.530s] -- Installing: /home/luis/azure_sky_ros2/install/armor_detector/share/armor_detector/environment/library_path.dsv
[0.535s] -- Installing: /home/luis/azure_sky_ros2/install/armor_detector/lib/libarmor_detector.so
[0.560s] -- Set runtime path of "/home/luis/azure_sky_ros2/install/armor_detector/lib/libarmor_detector.so" to ""
[0.560s] -- Installing: /home/luis/azure_sky_ros2/install/armor_detector/share/armor_detector/model
[0.560s] -- Installing: /home/luis/azure_sky_ros2/install/armor_detector/share/armor_detector/model/label.txt
[0.561s] -- Installing: /home/luis/azure_sky_ros2/install/armor_detector/share/armor_detector/model/mlp.onnx
[0.566s] -- Installing: /home/luis/azure_sky_ros2/install/armor_detector/share/ament_index/resource_index/package_run_dependencies/armor_detector
[0.566s] -- Installing: /home/luis/azure_sky_ros2/install/armor_detector/share/ament_index/resource_index/parent_prefix_path/armor_detector
[0.567s] -- Installing: /home/luis/azure_sky_ros2/install/armor_detector/share/armor_detector/environment/ament_prefix_path.sh
[0.567s] -- Installing: /home/luis/azure_sky_ros2/install/armor_detector/share/armor_detector/environment/ament_prefix_path.dsv
[0.567s] -- Installing: /home/luis/azure_sky_ros2/install/armor_detector/share/armor_detector/environment/path.sh
[0.568s] -- Installing: /home/luis/azure_sky_ros2/install/armor_detector/share/armor_detector/environment/path.dsv
[0.568s] -- Installing: /home/luis/azure_sky_ros2/install/armor_detector/share/armor_detector/local_setup.bash
[0.568s] -- Installing: /home/luis/azure_sky_ros2/install/armor_detector/share/armor_detector/local_setup.sh
[0.568s] -- Installing: /home/luis/azure_sky_ros2/install/armor_detector/share/armor_detector/local_setup.zsh
[0.568s] -- Installing: /home/luis/azure_sky_ros2/install/armor_detector/share/armor_detector/local_setup.dsv
[0.568s] -- Installing: /home/luis/azure_sky_ros2/install/armor_detector/share/armor_detector/package.dsv
[0.568s] -- Installing: /home/luis/azure_sky_ros2/install/armor_detector/share/ament_index/resource_index/packages/armor_detector
[0.569s] -- Installing: /home/luis/azure_sky_ros2/install/armor_detector/share/ament_index/resource_index/rclcpp_components/armor_detector
[0.569s] -- Installing: /home/luis/azure_sky_ros2/install/armor_detector/share/armor_detector/cmake/ament_cmake_export_dependencies-extras.cmake
[0.569s] -- Installing: /home/luis/azure_sky_ros2/install/armor_detector/share/armor_detector/cmake/ament_cmake_export_include_directories-extras.cmake
[0.570s] -- Installing: /home/luis/azure_sky_ros2/install/armor_detector/share/armor_detector/cmake/ament_cmake_export_libraries-extras.cmake
[0.570s] -- Installing: /home/luis/azure_sky_ros2/install/armor_detector/share/armor_detector/cmake/armor_detectorConfig.cmake
[0.570s] -- Installing: /home/luis/azure_sky_ros2/install/armor_detector/share/armor_detector/cmake/armor_detectorConfig-version.cmake
[0.571s] -- Installing: /home/luis/azure_sky_ros2/install/armor_detector/share/armor_detector/package.xml
[0.603s] Invoked command in '/home/luis/azure_sky_ros2/build/armor_detector' returned '0': CMAKE_PREFIX_PATH=/home/luis/azure_sky_ros2/install/auto_aim_interfaces:/home/luis/azure_sky_ros2/install/tide_msgs:/home/luis/azure_sky_ros2/install/serial:/home/luis/azure_sky_ros2/install/ros2_socketcan_msgs:/home/luis/azure_sky_ros2/install/rm_gimbal_description:/home/luis/azure_sky_ros2/install/rm_auto_record:/home/luis/azure_sky_ros2/install/hik_camera:/home/luis/azure_sky_ros2/install/buff_interfaces:/opt/ros/humble LD_LIBRARY_PATH=/home/luis/azure_sky_ros2/install/auto_aim_interfaces/lib:/home/luis/azure_sky_ros2/install/tide_msgs/lib:/home/luis/azure_sky_ros2/install/serial/lib:/home/luis/azure_sky_ros2/install/ros2_socketcan_msgs/lib:/home/luis/azure_sky_ros2/install/rm_auto_record/lib:/home/luis/azure_sky_ros2/install/hik_camera/lib:/home/luis/azure_sky_ros2/install/buff_interfaces/lib:/opt/MVS/lib/64:/opt/MVS/lib/32:/usr/lib/x86_64-linux-gnu/gazebo-11/plugins:/opt/ros/humble/opt/rviz_ogre_vendor/lib:/opt/ros/humble/lib/x86_64-linux-gnu:/opt/ros/humble/lib:/opt/MVS/lib/64:/opt/MVS/lib/32:/opt/MVS/lib/64:/opt/MVS/lib/32 /usr/bin/cmake --install /home/luis/azure_sky_ros2/build/armor_detector
