[0.051s] Invoking command in '/home/luis/azure_sky_ros2/build/auto_aim_interfaces': CMAKE_PREFIX_PATH=/opt/ros/humble /usr/bin/cmake --build /home/luis/azure_sky_ros2/build/auto_aim_interfaces -- -j12 -l12
[0.181s] [  0%] Built target auto_aim_interfaces__cpp
[0.215s] [ 12%] Built target auto_aim_interfaces__rosidl_generator_c
[0.252s] [ 12%] Built target ament_cmake_python_copy_auto_aim_interfaces
[0.303s] [ 23%] Built target auto_aim_interfaces__rosidl_typesupport_fastrtps_cpp
[0.345s] [ 35%] Built target auto_aim_interfaces__rosidl_typesupport_cpp
[0.345s] [ 46%] Built target auto_aim_interfaces__rosidl_typesupport_c
[0.356s] [ 58%] Built target auto_aim_interfaces__rosidl_typesupport_introspection_cpp
[0.361s] [ 70%] Built target auto_aim_interfaces__rosidl_typesupport_introspection_c
[0.379s] [ 82%] Built target auto_aim_interfaces__rosidl_typesupport_fastrtps_c
[0.433s] [ 82%] Built target auto_aim_interfaces
[0.489s] [ 83%] Built target auto_aim_interfaces__py
[0.555s] [ 94%] Built target auto_aim_interfaces__rosidl_generator_py
[0.634s] [ 96%] Built target auto_aim_interfaces__rosidl_typesupport_introspection_c__pyext
[0.636s] [ 98%] Built target auto_aim_interfaces__rosidl_typesupport_fastrtps_c__pyext
[0.643s] [100%] Built target auto_aim_interfaces__rosidl_typesupport_c__pyext
[0.822s] running egg_info
[0.823s] writing auto_aim_interfaces.egg-info/PKG-INFO
[0.824s] writing dependency_links to auto_aim_interfaces.egg-info/dependency_links.txt
[0.824s] writing top-level names to auto_aim_interfaces.egg-info/top_level.txt
[0.827s] reading manifest file 'auto_aim_interfaces.egg-info/SOURCES.txt'
[0.828s] writing manifest file 'auto_aim_interfaces.egg-info/SOURCES.txt'
[0.897s] [100%] Built target ament_cmake_python_build_auto_aim_interfaces_egg
[0.913s] Invoked command in '/home/luis/azure_sky_ros2/build/auto_aim_interfaces' returned '0': CMAKE_PREFIX_PATH=/opt/ros/humble /usr/bin/cmake --build /home/luis/azure_sky_ros2/build/auto_aim_interfaces -- -j12 -l12
[0.916s] Invoking command in '/home/luis/azure_sky_ros2/build/auto_aim_interfaces': CMAKE_PREFIX_PATH=/opt/ros/humble /usr/bin/cmake --install /home/luis/azure_sky_ros2/build/auto_aim_interfaces
[0.937s] -- Install configuration: ""
[0.937s] -- Up-to-date: /home/luis/azure_sky_ros2/install/auto_aim_interfaces/share/ament_index/resource_index/rosidl_interfaces/auto_aim_interfaces
[0.938s] -- Up-to-date: /home/luis/azure_sky_ros2/install/auto_aim_interfaces/include/auto_aim_interfaces/auto_aim_interfaces
[0.938s] -- Up-to-date: /home/luis/azure_sky_ros2/install/auto_aim_interfaces/include/auto_aim_interfaces/auto_aim_interfaces/msg
[0.938s] -- Up-to-date: /home/luis/azure_sky_ros2/install/auto_aim_interfaces/include/auto_aim_interfaces/auto_aim_interfaces/msg/debug_armors.h
[0.938s] -- Up-to-date: /home/luis/azure_sky_ros2/install/auto_aim_interfaces/include/auto_aim_interfaces/auto_aim_interfaces/msg/detail
[0.938s] -- Up-to-date: /home/luis/azure_sky_ros2/install/auto_aim_interfaces/include/auto_aim_interfaces/auto_aim_interfaces/msg/detail/robot_status__functions.c
[0.939s] -- Up-to-date: /home/luis/azure_sky_ros2/install/auto_aim_interfaces/include/auto_aim_interfaces/auto_aim_interfaces/msg/detail/debug_light__functions.h
[0.939s] -- Up-to-date: /home/luis/azure_sky_ros2/install/auto_aim_interfaces/include/auto_aim_interfaces/auto_aim_interfaces/msg/detail/armors__struct.h
[0.939s] -- Up-to-date: /home/luis/azure_sky_ros2/install/auto_aim_interfaces/include/auto_aim_interfaces/auto_aim_interfaces/msg/detail/tracker_info__functions.c
[0.939s] -- Up-to-date: /home/luis/azure_sky_ros2/install/auto_aim_interfaces/include/auto_aim_interfaces/auto_aim_interfaces/msg/detail/time_info__functions.h
[0.940s] -- Up-to-date: /home/luis/azure_sky_ros2/install/auto_aim_interfaces/include/auto_aim_interfaces/auto_aim_interfaces/msg/detail/debug_light__functions.c
[0.940s] -- Up-to-date: /home/luis/azure_sky_ros2/install/auto_aim_interfaces/include/auto_aim_interfaces/auto_aim_interfaces/msg/detail/target__type_support.h
[0.940s] -- Up-to-date: /home/luis/azure_sky_ros2/install/auto_aim_interfaces/include/auto_aim_interfaces/auto_aim_interfaces/msg/detail/tracker_info__functions.h
[0.941s] -- Up-to-date: /home/luis/azure_sky_ros2/install/auto_aim_interfaces/include/auto_aim_interfaces/auto_aim_interfaces/msg/detail/time_info__struct.h
[0.941s] -- Up-to-date: /home/luis/azure_sky_ros2/install/auto_aim_interfaces/include/auto_aim_interfaces/auto_aim_interfaces/msg/detail/debug_lights__functions.h
[0.941s] -- Up-to-date: /home/luis/azure_sky_ros2/install/auto_aim_interfaces/include/auto_aim_interfaces/auto_aim_interfaces/msg/detail/debug_light__type_support.h
[0.941s] -- Up-to-date: /home/luis/azure_sky_ros2/install/auto_aim_interfaces/include/auto_aim_interfaces/auto_aim_interfaces/msg/detail/armors__functions.h
[0.941s] -- Up-to-date: /home/luis/azure_sky_ros2/install/auto_aim_interfaces/include/auto_aim_interfaces/auto_aim_interfaces/msg/detail/robot_status__functions.h
[0.941s] -- Up-to-date: /home/luis/azure_sky_ros2/install/auto_aim_interfaces/include/auto_aim_interfaces/auto_aim_interfaces/msg/detail/debug_lights__functions.c
[0.942s] -- Up-to-date: /home/luis/azure_sky_ros2/install/auto_aim_interfaces/include/auto_aim_interfaces/auto_aim_interfaces/msg/detail/debug_lights__struct.h
[0.942s] -- Up-to-date: /home/luis/azure_sky_ros2/install/auto_aim_interfaces/include/auto_aim_interfaces/auto_aim_interfaces/msg/detail/debug_armor__type_support.h
[0.942s] -- Up-to-date: /home/luis/azure_sky_ros2/install/auto_aim_interfaces/include/auto_aim_interfaces/auto_aim_interfaces/msg/detail/tracker_info__type_support.h
[0.942s] -- Up-to-date: /home/luis/azure_sky_ros2/install/auto_aim_interfaces/include/auto_aim_interfaces/auto_aim_interfaces/msg/detail/armor__functions.c
[0.943s] -- Up-to-date: /home/luis/azure_sky_ros2/install/auto_aim_interfaces/include/auto_aim_interfaces/auto_aim_interfaces/msg/detail/target__functions.c
[0.943s] -- Up-to-date: /home/luis/azure_sky_ros2/install/auto_aim_interfaces/include/auto_aim_interfaces/auto_aim_interfaces/msg/detail/target__functions.h
[0.943s] -- Up-to-date: /home/luis/azure_sky_ros2/install/auto_aim_interfaces/include/auto_aim_interfaces/auto_aim_interfaces/msg/detail/tracker_info__struct.h
[0.943s] -- Up-to-date: /home/luis/azure_sky_ros2/install/auto_aim_interfaces/include/auto_aim_interfaces/auto_aim_interfaces/msg/detail/debug_armors__type_support.h
[0.943s] -- Up-to-date: /home/luis/azure_sky_ros2/install/auto_aim_interfaces/include/auto_aim_interfaces/auto_aim_interfaces/msg/detail/armors__type_support.h
[0.943s] -- Up-to-date: /home/luis/azure_sky_ros2/install/auto_aim_interfaces/include/auto_aim_interfaces/auto_aim_interfaces/msg/detail/robot_status__struct.h
[0.943s] -- Up-to-date: /home/luis/azure_sky_ros2/install/auto_aim_interfaces/include/auto_aim_interfaces/auto_aim_interfaces/msg/detail/debug_armors__functions.c
[0.944s] -- Up-to-date: /home/luis/azure_sky_ros2/install/auto_aim_interfaces/include/auto_aim_interfaces/auto_aim_interfaces/msg/detail/time_info__type_support.h
[0.944s] -- Up-to-date: /home/luis/azure_sky_ros2/install/auto_aim_interfaces/include/auto_aim_interfaces/auto_aim_interfaces/msg/detail/armor__functions.h
[0.944s] -- Up-to-date: /home/luis/azure_sky_ros2/install/auto_aim_interfaces/include/auto_aim_interfaces/auto_aim_interfaces/msg/detail/debug_armors__struct.h
[0.944s] -- Up-to-date: /home/luis/azure_sky_ros2/install/auto_aim_interfaces/include/auto_aim_interfaces/auto_aim_interfaces/msg/detail/debug_armors__functions.h
[0.944s] -- Up-to-date: /home/luis/azure_sky_ros2/install/auto_aim_interfaces/include/auto_aim_interfaces/auto_aim_interfaces/msg/detail/armor__type_support.h
[0.944s] -- Up-to-date: /home/luis/azure_sky_ros2/install/auto_aim_interfaces/include/auto_aim_interfaces/auto_aim_interfaces/msg/detail/debug_light__struct.h
[0.944s] -- Up-to-date: /home/luis/azure_sky_ros2/install/auto_aim_interfaces/include/auto_aim_interfaces/auto_aim_interfaces/msg/detail/debug_armor__functions.c
[0.945s] -- Up-to-date: /home/luis/azure_sky_ros2/install/auto_aim_interfaces/include/auto_aim_interfaces/auto_aim_interfaces/msg/detail/armors__functions.c
[0.945s] -- Up-to-date: /home/luis/azure_sky_ros2/install/auto_aim_interfaces/include/auto_aim_interfaces/auto_aim_interfaces/msg/detail/debug_armor__functions.h
[0.945s] -- Up-to-date: /home/luis/azure_sky_ros2/install/auto_aim_interfaces/include/auto_aim_interfaces/auto_aim_interfaces/msg/detail/armor__struct.h
[0.945s] -- Up-to-date: /home/luis/azure_sky_ros2/install/auto_aim_interfaces/include/auto_aim_interfaces/auto_aim_interfaces/msg/detail/robot_status__type_support.h
[0.946s] -- Up-to-date: /home/luis/azure_sky_ros2/install/auto_aim_interfaces/include/auto_aim_interfaces/auto_aim_interfaces/msg/detail/debug_lights__type_support.h
[0.946s] -- Up-to-date: /home/luis/azure_sky_ros2/install/auto_aim_interfaces/include/auto_aim_interfaces/auto_aim_interfaces/msg/detail/target__struct.h
[0.946s] -- Up-to-date: /home/luis/azure_sky_ros2/install/auto_aim_interfaces/include/auto_aim_interfaces/auto_aim_interfaces/msg/detail/time_info__functions.c
[0.946s] -- Up-to-date: /home/luis/azure_sky_ros2/install/auto_aim_interfaces/include/auto_aim_interfaces/auto_aim_interfaces/msg/detail/debug_armor__struct.h
[0.947s] -- Up-to-date: /home/luis/azure_sky_ros2/install/auto_aim_interfaces/include/auto_aim_interfaces/auto_aim_interfaces/msg/rosidl_generator_c__visibility_control.h
[0.948s] -- Up-to-date: /home/luis/azure_sky_ros2/install/auto_aim_interfaces/include/auto_aim_interfaces/auto_aim_interfaces/msg/debug_lights.h
[0.949s] -- Up-to-date: /home/luis/azure_sky_ros2/install/auto_aim_interfaces/include/auto_aim_interfaces/auto_aim_interfaces/msg/debug_armor.h
[0.951s] -- Up-to-date: /home/luis/azure_sky_ros2/install/auto_aim_interfaces/include/auto_aim_interfaces/auto_aim_interfaces/msg/robot_status.h
[0.953s] -- Up-to-date: /home/luis/azure_sky_ros2/install/auto_aim_interfaces/include/auto_aim_interfaces/auto_aim_interfaces/msg/target.h
[0.953s] -- Up-to-date: /home/luis/azure_sky_ros2/install/auto_aim_interfaces/include/auto_aim_interfaces/auto_aim_interfaces/msg/time_info.h
[0.953s] -- Up-to-date: /home/luis/azure_sky_ros2/install/auto_aim_interfaces/include/auto_aim_interfaces/auto_aim_interfaces/msg/tracker_info.h
[0.953s] -- Up-to-date: /home/luis/azure_sky_ros2/install/auto_aim_interfaces/include/auto_aim_interfaces/auto_aim_interfaces/msg/armor.h
[0.953s] -- Up-to-date: /home/luis/azure_sky_ros2/install/auto_aim_interfaces/include/auto_aim_interfaces/auto_aim_interfaces/msg/armors.h
[0.953s] -- Up-to-date: /home/luis/azure_sky_ros2/install/auto_aim_interfaces/include/auto_aim_interfaces/auto_aim_interfaces/msg/debug_light.h
[0.953s] -- Up-to-date: /home/luis/azure_sky_ros2/install/auto_aim_interfaces/share/auto_aim_interfaces/environment/library_path.sh
[0.954s] -- Up-to-date: /home/luis/azure_sky_ros2/install/auto_aim_interfaces/share/auto_aim_interfaces/environment/library_path.dsv
[0.956s] -- Up-to-date: /home/luis/azure_sky_ros2/install/auto_aim_interfaces/lib/libauto_aim_interfaces__rosidl_generator_c.so
[0.957s] -- Up-to-date: /home/luis/azure_sky_ros2/install/auto_aim_interfaces/include/auto_aim_interfaces/auto_aim_interfaces
[0.957s] -- Up-to-date: /home/luis/azure_sky_ros2/install/auto_aim_interfaces/include/auto_aim_interfaces/auto_aim_interfaces/msg
[0.958s] -- Up-to-date: /home/luis/azure_sky_ros2/install/auto_aim_interfaces/include/auto_aim_interfaces/auto_aim_interfaces/msg/rosidl_typesupport_fastrtps_c__visibility_control.h
[0.958s] -- Up-to-date: /home/luis/azure_sky_ros2/install/auto_aim_interfaces/include/auto_aim_interfaces/auto_aim_interfaces/msg/detail
[0.958s] -- Up-to-date: /home/luis/azure_sky_ros2/install/auto_aim_interfaces/include/auto_aim_interfaces/auto_aim_interfaces/msg/detail/debug_armor__rosidl_typesupport_fastrtps_c.h
[0.958s] -- Up-to-date: /home/luis/azure_sky_ros2/install/auto_aim_interfaces/include/auto_aim_interfaces/auto_aim_interfaces/msg/detail/armor__rosidl_typesupport_fastrtps_c.h
[0.959s] -- Up-to-date: /home/luis/azure_sky_ros2/install/auto_aim_interfaces/include/auto_aim_interfaces/auto_aim_interfaces/msg/detail/time_info__rosidl_typesupport_fastrtps_c.h
[0.959s] -- Up-to-date: /home/luis/azure_sky_ros2/install/auto_aim_interfaces/include/auto_aim_interfaces/auto_aim_interfaces/msg/detail/debug_lights__rosidl_typesupport_fastrtps_c.h
[0.959s] -- Up-to-date: /home/luis/azure_sky_ros2/install/auto_aim_interfaces/include/auto_aim_interfaces/auto_aim_interfaces/msg/detail/tracker_info__rosidl_typesupport_fastrtps_c.h
[0.960s] -- Up-to-date: /home/luis/azure_sky_ros2/install/auto_aim_interfaces/include/auto_aim_interfaces/auto_aim_interfaces/msg/detail/robot_status__rosidl_typesupport_fastrtps_c.h
[0.960s] -- Up-to-date: /home/luis/azure_sky_ros2/install/auto_aim_interfaces/include/auto_aim_interfaces/auto_aim_interfaces/msg/detail/armors__rosidl_typesupport_fastrtps_c.h
[0.960s] -- Up-to-date: /home/luis/azure_sky_ros2/install/auto_aim_interfaces/include/auto_aim_interfaces/auto_aim_interfaces/msg/detail/debug_armors__rosidl_typesupport_fastrtps_c.h
[0.960s] -- Up-to-date: /home/luis/azure_sky_ros2/install/auto_aim_interfaces/include/auto_aim_interfaces/auto_aim_interfaces/msg/detail/debug_light__rosidl_typesupport_fastrtps_c.h
[0.961s] -- Up-to-date: /home/luis/azure_sky_ros2/install/auto_aim_interfaces/include/auto_aim_interfaces/auto_aim_interfaces/msg/detail/target__rosidl_typesupport_fastrtps_c.h
[0.963s] -- Up-to-date: /home/luis/azure_sky_ros2/install/auto_aim_interfaces/lib/libauto_aim_interfaces__rosidl_typesupport_fastrtps_c.so
[0.963s] -- Up-to-date: /home/luis/azure_sky_ros2/install/auto_aim_interfaces/include/auto_aim_interfaces/auto_aim_interfaces
[0.963s] -- Up-to-date: /home/luis/azure_sky_ros2/install/auto_aim_interfaces/include/auto_aim_interfaces/auto_aim_interfaces/msg
[0.964s] -- Up-to-date: /home/luis/azure_sky_ros2/install/auto_aim_interfaces/include/auto_aim_interfaces/auto_aim_interfaces/msg/detail
[0.964s] -- Up-to-date: /home/luis/azure_sky_ros2/install/auto_aim_interfaces/include/auto_aim_interfaces/auto_aim_interfaces/msg/detail/debug_armor__type_support.c
[0.964s] -- Up-to-date: /home/luis/azure_sky_ros2/install/auto_aim_interfaces/include/auto_aim_interfaces/auto_aim_interfaces/msg/detail/tracker_info__type_support.c
[0.964s] -- Up-to-date: /home/luis/azure_sky_ros2/install/auto_aim_interfaces/include/auto_aim_interfaces/auto_aim_interfaces/msg/detail/armors__type_support.c
[0.964s] -- Up-to-date: /home/luis/azure_sky_ros2/install/auto_aim_interfaces/include/auto_aim_interfaces/auto_aim_interfaces/msg/detail/robot_status__rosidl_typesupport_introspection_c.h
[0.964s] -- Up-to-date: /home/luis/azure_sky_ros2/install/auto_aim_interfaces/include/auto_aim_interfaces/auto_aim_interfaces/msg/detail/armor__rosidl_typesupport_introspection_c.h
[0.965s] -- Up-to-date: /home/luis/azure_sky_ros2/install/auto_aim_interfaces/include/auto_aim_interfaces/auto_aim_interfaces/msg/detail/time_info__type_support.c
[0.965s] -- Up-to-date: /home/luis/azure_sky_ros2/install/auto_aim_interfaces/include/auto_aim_interfaces/auto_aim_interfaces/msg/detail/debug_light__type_support.c
[0.965s] -- Up-to-date: /home/luis/azure_sky_ros2/install/auto_aim_interfaces/include/auto_aim_interfaces/auto_aim_interfaces/msg/detail/debug_armors__type_support.c
[0.965s] -- Up-to-date: /home/luis/azure_sky_ros2/install/auto_aim_interfaces/include/auto_aim_interfaces/auto_aim_interfaces/msg/detail/debug_armors__rosidl_typesupport_introspection_c.h
[0.967s] -- Up-to-date: /home/luis/azure_sky_ros2/install/auto_aim_interfaces/include/auto_aim_interfaces/auto_aim_interfaces/msg/detail/target__rosidl_typesupport_introspection_c.h
[0.967s] -- Up-to-date: /home/luis/azure_sky_ros2/install/auto_aim_interfaces/include/auto_aim_interfaces/auto_aim_interfaces/msg/detail/debug_lights__rosidl_typesupport_introspection_c.h
[0.967s] -- Up-to-date: /home/luis/azure_sky_ros2/install/auto_aim_interfaces/include/auto_aim_interfaces/auto_aim_interfaces/msg/detail/armors__rosidl_typesupport_introspection_c.h
[0.967s] -- Up-to-date: /home/luis/azure_sky_ros2/install/auto_aim_interfaces/include/auto_aim_interfaces/auto_aim_interfaces/msg/detail/debug_lights__type_support.c
[0.967s] -- Up-to-date: /home/luis/azure_sky_ros2/install/auto_aim_interfaces/include/auto_aim_interfaces/auto_aim_interfaces/msg/detail/robot_status__type_support.c
[0.968s] -- Up-to-date: /home/luis/azure_sky_ros2/install/auto_aim_interfaces/include/auto_aim_interfaces/auto_aim_interfaces/msg/detail/debug_light__rosidl_typesupport_introspection_c.h
[0.968s] -- Up-to-date: /home/luis/azure_sky_ros2/install/auto_aim_interfaces/include/auto_aim_interfaces/auto_aim_interfaces/msg/detail/armor__type_support.c
[0.968s] -- Up-to-date: /home/luis/azure_sky_ros2/install/auto_aim_interfaces/include/auto_aim_interfaces/auto_aim_interfaces/msg/detail/tracker_info__rosidl_typesupport_introspection_c.h
[0.968s] -- Up-to-date: /home/luis/azure_sky_ros2/install/auto_aim_interfaces/include/auto_aim_interfaces/auto_aim_interfaces/msg/detail/target__type_support.c
[0.968s] -- Up-to-date: /home/luis/azure_sky_ros2/install/auto_aim_interfaces/include/auto_aim_interfaces/auto_aim_interfaces/msg/detail/time_info__rosidl_typesupport_introspection_c.h
[0.969s] -- Up-to-date: /home/luis/azure_sky_ros2/install/auto_aim_interfaces/include/auto_aim_interfaces/auto_aim_interfaces/msg/detail/debug_armor__rosidl_typesupport_introspection_c.h
[0.969s] -- Up-to-date: /home/luis/azure_sky_ros2/install/auto_aim_interfaces/include/auto_aim_interfaces/auto_aim_interfaces/msg/rosidl_typesupport_introspection_c__visibility_control.h
[0.969s] -- Up-to-date: /home/luis/azure_sky_ros2/install/auto_aim_interfaces/lib/libauto_aim_interfaces__rosidl_typesupport_introspection_c.so
[0.969s] -- Up-to-date: /home/luis/azure_sky_ros2/install/auto_aim_interfaces/lib/libauto_aim_interfaces__rosidl_typesupport_c.so
[0.969s] -- Up-to-date: /home/luis/azure_sky_ros2/install/auto_aim_interfaces/include/auto_aim_interfaces/auto_aim_interfaces
[0.971s] -- Up-to-date: /home/luis/azure_sky_ros2/install/auto_aim_interfaces/include/auto_aim_interfaces/auto_aim_interfaces/msg
[0.971s] -- Up-to-date: /home/luis/azure_sky_ros2/install/auto_aim_interfaces/include/auto_aim_interfaces/auto_aim_interfaces/msg/time_info.hpp
[0.971s] -- Up-to-date: /home/luis/azure_sky_ros2/install/auto_aim_interfaces/include/auto_aim_interfaces/auto_aim_interfaces/msg/armors.hpp
[0.971s] -- Up-to-date: /home/luis/azure_sky_ros2/install/auto_aim_interfaces/include/auto_aim_interfaces/auto_aim_interfaces/msg/detail
[0.971s] -- Up-to-date: /home/luis/azure_sky_ros2/install/auto_aim_interfaces/include/auto_aim_interfaces/auto_aim_interfaces/msg/detail/armor__traits.hpp
[0.972s] -- Up-to-date: /home/luis/azure_sky_ros2/install/auto_aim_interfaces/include/auto_aim_interfaces/auto_aim_interfaces/msg/detail/debug_armors__builder.hpp
[0.972s] -- Up-to-date: /home/luis/azure_sky_ros2/install/auto_aim_interfaces/include/auto_aim_interfaces/auto_aim_interfaces/msg/detail/armors__struct.hpp
[0.972s] -- Up-to-date: /home/luis/azure_sky_ros2/install/auto_aim_interfaces/include/auto_aim_interfaces/auto_aim_interfaces/msg/detail/time_info__traits.hpp
[0.973s] -- Up-to-date: /home/luis/azure_sky_ros2/install/auto_aim_interfaces/include/auto_aim_interfaces/auto_aim_interfaces/msg/detail/debug_lights__traits.hpp
[0.973s] -- Up-to-date: /home/luis/azure_sky_ros2/install/auto_aim_interfaces/include/auto_aim_interfaces/auto_aim_interfaces/msg/detail/tracker_info__builder.hpp
[0.973s] -- Up-to-date: /home/luis/azure_sky_ros2/install/auto_aim_interfaces/include/auto_aim_interfaces/auto_aim_interfaces/msg/detail/debug_lights__builder.hpp
[0.973s] -- Up-to-date: /home/luis/azure_sky_ros2/install/auto_aim_interfaces/include/auto_aim_interfaces/auto_aim_interfaces/msg/detail/robot_status__builder.hpp
[0.973s] -- Up-to-date: /home/luis/azure_sky_ros2/install/auto_aim_interfaces/include/auto_aim_interfaces/auto_aim_interfaces/msg/detail/armor__builder.hpp
[0.973s] -- Up-to-date: /home/luis/azure_sky_ros2/install/auto_aim_interfaces/include/auto_aim_interfaces/auto_aim_interfaces/msg/detail/tracker_info__traits.hpp
[0.973s] -- Up-to-date: /home/luis/azure_sky_ros2/install/auto_aim_interfaces/include/auto_aim_interfaces/auto_aim_interfaces/msg/detail/debug_lights__struct.hpp
[0.974s] -- Up-to-date: /home/luis/azure_sky_ros2/install/auto_aim_interfaces/include/auto_aim_interfaces/auto_aim_interfaces/msg/detail/target__builder.hpp
[0.974s] -- Up-to-date: /home/luis/azure_sky_ros2/install/auto_aim_interfaces/include/auto_aim_interfaces/auto_aim_interfaces/msg/detail/tracker_info__type_support.hpp
[0.974s] -- Up-to-date: /home/luis/azure_sky_ros2/install/auto_aim_interfaces/include/auto_aim_interfaces/auto_aim_interfaces/msg/detail/time_info__builder.hpp
[0.974s] -- Up-to-date: /home/luis/azure_sky_ros2/install/auto_aim_interfaces/include/auto_aim_interfaces/auto_aim_interfaces/msg/detail/armors__builder.hpp
[0.974s] -- Up-to-date: /home/luis/azure_sky_ros2/install/auto_aim_interfaces/include/auto_aim_interfaces/auto_aim_interfaces/msg/detail/armors__type_support.hpp
[0.974s] -- Up-to-date: /home/luis/azure_sky_ros2/install/auto_aim_interfaces/include/auto_aim_interfaces/auto_aim_interfaces/msg/detail/time_info__type_support.hpp
[0.974s] -- Up-to-date: /home/luis/azure_sky_ros2/install/auto_aim_interfaces/include/auto_aim_interfaces/auto_aim_interfaces/msg/detail/debug_light__traits.hpp
[0.974s] -- Up-to-date: /home/luis/azure_sky_ros2/install/auto_aim_interfaces/include/auto_aim_interfaces/auto_aim_interfaces/msg/detail/debug_armor__type_support.hpp
[0.975s] -- Up-to-date: /home/luis/azure_sky_ros2/install/auto_aim_interfaces/include/auto_aim_interfaces/auto_aim_interfaces/msg/detail/debug_armor__struct.hpp
[0.975s] -- Up-to-date: /home/luis/azure_sky_ros2/install/auto_aim_interfaces/include/auto_aim_interfaces/auto_aim_interfaces/msg/detail/armors__traits.hpp
[0.975s] -- Up-to-date: /home/luis/azure_sky_ros2/install/auto_aim_interfaces/include/auto_aim_interfaces/auto_aim_interfaces/msg/detail/debug_light__builder.hpp
[0.975s] -- Up-to-date: /home/luis/azure_sky_ros2/install/auto_aim_interfaces/include/auto_aim_interfaces/auto_aim_interfaces/msg/detail/target__type_support.hpp
[0.975s] -- Up-to-date: /home/luis/azure_sky_ros2/install/auto_aim_interfaces/include/auto_aim_interfaces/auto_aim_interfaces/msg/detail/armor__struct.hpp
[0.975s] -- Up-to-date: /home/luis/azure_sky_ros2/install/auto_aim_interfaces/include/auto_aim_interfaces/auto_aim_interfaces/msg/detail/debug_light__struct.hpp
[0.975s] -- Up-to-date: /home/luis/azure_sky_ros2/install/auto_aim_interfaces/include/auto_aim_interfaces/auto_aim_interfaces/msg/detail/target__traits.hpp
[0.976s] -- Up-to-date: /home/luis/azure_sky_ros2/install/auto_aim_interfaces/include/auto_aim_interfaces/auto_aim_interfaces/msg/detail/debug_armor__builder.hpp
[0.976s] -- Up-to-date: /home/luis/azure_sky_ros2/install/auto_aim_interfaces/include/auto_aim_interfaces/auto_aim_interfaces/msg/detail/debug_armor__traits.hpp
[0.976s] -- Up-to-date: /home/luis/azure_sky_ros2/install/auto_aim_interfaces/include/auto_aim_interfaces/auto_aim_interfaces/msg/detail/tracker_info__struct.hpp
[0.976s] -- Up-to-date: /home/luis/azure_sky_ros2/install/auto_aim_interfaces/include/auto_aim_interfaces/auto_aim_interfaces/msg/detail/armor__type_support.hpp
[0.976s] -- Up-to-date: /home/luis/azure_sky_ros2/install/auto_aim_interfaces/include/auto_aim_interfaces/auto_aim_interfaces/msg/detail/debug_armors__type_support.hpp
[0.976s] -- Up-to-date: /home/luis/azure_sky_ros2/install/auto_aim_interfaces/include/auto_aim_interfaces/auto_aim_interfaces/msg/detail/debug_armors__struct.hpp
[0.976s] -- Up-to-date: /home/luis/azure_sky_ros2/install/auto_aim_interfaces/include/auto_aim_interfaces/auto_aim_interfaces/msg/detail/debug_armors__traits.hpp
[0.976s] -- Up-to-date: /home/luis/azure_sky_ros2/install/auto_aim_interfaces/include/auto_aim_interfaces/auto_aim_interfaces/msg/detail/robot_status__traits.hpp
[0.976s] -- Up-to-date: /home/luis/azure_sky_ros2/install/auto_aim_interfaces/include/auto_aim_interfaces/auto_aim_interfaces/msg/detail/time_info__struct.hpp
[0.976s] -- Up-to-date: /home/luis/azure_sky_ros2/install/auto_aim_interfaces/include/auto_aim_interfaces/auto_aim_interfaces/msg/detail/robot_status__type_support.hpp
[0.977s] -- Up-to-date: /home/luis/azure_sky_ros2/install/auto_aim_interfaces/include/auto_aim_interfaces/auto_aim_interfaces/msg/detail/target__struct.hpp
[0.977s] -- Up-to-date: /home/luis/azure_sky_ros2/install/auto_aim_interfaces/include/auto_aim_interfaces/auto_aim_interfaces/msg/detail/robot_status__struct.hpp
[0.977s] -- Up-to-date: /home/luis/azure_sky_ros2/install/auto_aim_interfaces/include/auto_aim_interfaces/auto_aim_interfaces/msg/detail/debug_light__type_support.hpp
[0.977s] -- Up-to-date: /home/luis/azure_sky_ros2/install/auto_aim_interfaces/include/auto_aim_interfaces/auto_aim_interfaces/msg/detail/debug_lights__type_support.hpp
[0.977s] -- Up-to-date: /home/luis/azure_sky_ros2/install/auto_aim_interfaces/include/auto_aim_interfaces/auto_aim_interfaces/msg/debug_light.hpp
[0.977s] -- Up-to-date: /home/luis/azure_sky_ros2/install/auto_aim_interfaces/include/auto_aim_interfaces/auto_aim_interfaces/msg/debug_armors.hpp
[0.978s] -- Up-to-date: /home/luis/azure_sky_ros2/install/auto_aim_interfaces/include/auto_aim_interfaces/auto_aim_interfaces/msg/robot_status.hpp
[0.979s] -- Up-to-date: /home/luis/azure_sky_ros2/install/auto_aim_interfaces/include/auto_aim_interfaces/auto_aim_interfaces/msg/debug_armor.hpp
[0.979s] -- Up-to-date: /home/luis/azure_sky_ros2/install/auto_aim_interfaces/include/auto_aim_interfaces/auto_aim_interfaces/msg/armor.hpp
[0.979s] -- Up-to-date: /home/luis/azure_sky_ros2/install/auto_aim_interfaces/include/auto_aim_interfaces/auto_aim_interfaces/msg/debug_lights.hpp
[0.979s] -- Up-to-date: /home/luis/azure_sky_ros2/install/auto_aim_interfaces/include/auto_aim_interfaces/auto_aim_interfaces/msg/tracker_info.hpp
[0.979s] -- Up-to-date: /home/luis/azure_sky_ros2/install/auto_aim_interfaces/include/auto_aim_interfaces/auto_aim_interfaces/msg/rosidl_generator_cpp__visibility_control.hpp
[0.980s] -- Up-to-date: /home/luis/azure_sky_ros2/install/auto_aim_interfaces/include/auto_aim_interfaces/auto_aim_interfaces/msg/target.hpp
[0.980s] -- Up-to-date: /home/luis/azure_sky_ros2/install/auto_aim_interfaces/include/auto_aim_interfaces/auto_aim_interfaces
[0.981s] -- Up-to-date: /home/luis/azure_sky_ros2/install/auto_aim_interfaces/include/auto_aim_interfaces/auto_aim_interfaces/msg
[0.981s] -- Up-to-date: /home/luis/azure_sky_ros2/install/auto_aim_interfaces/include/auto_aim_interfaces/auto_aim_interfaces/msg/detail
[0.981s] -- Up-to-date: /home/luis/azure_sky_ros2/install/auto_aim_interfaces/include/auto_aim_interfaces/auto_aim_interfaces/msg/detail/armor__rosidl_typesupport_fastrtps_cpp.hpp
[0.981s] -- Up-to-date: /home/luis/azure_sky_ros2/install/auto_aim_interfaces/include/auto_aim_interfaces/auto_aim_interfaces/msg/detail/target__rosidl_typesupport_fastrtps_cpp.hpp
[0.981s] -- Up-to-date: /home/luis/azure_sky_ros2/install/auto_aim_interfaces/include/auto_aim_interfaces/auto_aim_interfaces/msg/detail/tracker_info__rosidl_typesupport_fastrtps_cpp.hpp
[0.981s] -- Up-to-date: /home/luis/azure_sky_ros2/install/auto_aim_interfaces/include/auto_aim_interfaces/auto_aim_interfaces/msg/detail/debug_armors__rosidl_typesupport_fastrtps_cpp.hpp
[0.981s] -- Up-to-date: /home/luis/azure_sky_ros2/install/auto_aim_interfaces/include/auto_aim_interfaces/auto_aim_interfaces/msg/detail/armors__rosidl_typesupport_fastrtps_cpp.hpp
[0.981s] -- Up-to-date: /home/luis/azure_sky_ros2/install/auto_aim_interfaces/include/auto_aim_interfaces/auto_aim_interfaces/msg/detail/debug_lights__rosidl_typesupport_fastrtps_cpp.hpp
[0.981s] -- Up-to-date: /home/luis/azure_sky_ros2/install/auto_aim_interfaces/include/auto_aim_interfaces/auto_aim_interfaces/msg/detail/debug_armor__rosidl_typesupport_fastrtps_cpp.hpp
[0.982s] -- Up-to-date: /home/luis/azure_sky_ros2/install/auto_aim_interfaces/include/auto_aim_interfaces/auto_aim_interfaces/msg/detail/robot_status__rosidl_typesupport_fastrtps_cpp.hpp
[0.982s] -- Up-to-date: /home/luis/azure_sky_ros2/install/auto_aim_interfaces/include/auto_aim_interfaces/auto_aim_interfaces/msg/detail/debug_light__rosidl_typesupport_fastrtps_cpp.hpp
[0.982s] -- Up-to-date: /home/luis/azure_sky_ros2/install/auto_aim_interfaces/include/auto_aim_interfaces/auto_aim_interfaces/msg/detail/time_info__rosidl_typesupport_fastrtps_cpp.hpp
[0.983s] -- Up-to-date: /home/luis/azure_sky_ros2/install/auto_aim_interfaces/include/auto_aim_interfaces/auto_aim_interfaces/msg/detail/dds_fastrtps
[0.983s] -- Up-to-date: /home/luis/azure_sky_ros2/install/auto_aim_interfaces/include/auto_aim_interfaces/auto_aim_interfaces/msg/rosidl_typesupport_fastrtps_cpp__visibility_control.h
[0.983s] -- Up-to-date: /home/luis/azure_sky_ros2/install/auto_aim_interfaces/lib/libauto_aim_interfaces__rosidl_typesupport_fastrtps_cpp.so
[0.984s] -- Up-to-date: /home/luis/azure_sky_ros2/install/auto_aim_interfaces/include/auto_aim_interfaces/auto_aim_interfaces
[0.984s] -- Up-to-date: /home/luis/azure_sky_ros2/install/auto_aim_interfaces/include/auto_aim_interfaces/auto_aim_interfaces/msg
[0.984s] -- Up-to-date: /home/luis/azure_sky_ros2/install/auto_aim_interfaces/include/auto_aim_interfaces/auto_aim_interfaces/msg/detail
[0.984s] -- Up-to-date: /home/luis/azure_sky_ros2/install/auto_aim_interfaces/include/auto_aim_interfaces/auto_aim_interfaces/msg/detail/debug_light__rosidl_typesupport_introspection_cpp.hpp
[0.984s] -- Up-to-date: /home/luis/azure_sky_ros2/install/auto_aim_interfaces/include/auto_aim_interfaces/auto_aim_interfaces/msg/detail/tracker_info__type_support.cpp
[0.984s] -- Up-to-date: /home/luis/azure_sky_ros2/install/auto_aim_interfaces/include/auto_aim_interfaces/auto_aim_interfaces/msg/detail/armor__rosidl_typesupport_introspection_cpp.hpp
[0.985s] -- Up-to-date: /home/luis/azure_sky_ros2/install/auto_aim_interfaces/include/auto_aim_interfaces/auto_aim_interfaces/msg/detail/debug_light__type_support.cpp
[0.985s] -- Up-to-date: /home/luis/azure_sky_ros2/install/auto_aim_interfaces/include/auto_aim_interfaces/auto_aim_interfaces/msg/detail/debug_lights__rosidl_typesupport_introspection_cpp.hpp
[0.988s] -- Up-to-date: /home/luis/azure_sky_ros2/install/auto_aim_interfaces/include/auto_aim_interfaces/auto_aim_interfaces/msg/detail/target__type_support.cpp
[0.988s] -- Up-to-date: /home/luis/azure_sky_ros2/install/auto_aim_interfaces/include/auto_aim_interfaces/auto_aim_interfaces/msg/detail/time_info__type_support.cpp
[0.988s] -- Up-to-date: /home/luis/azure_sky_ros2/install/auto_aim_interfaces/include/auto_aim_interfaces/auto_aim_interfaces/msg/detail/tracker_info__rosidl_typesupport_introspection_cpp.hpp
[0.988s] -- Up-to-date: /home/luis/azure_sky_ros2/install/auto_aim_interfaces/include/auto_aim_interfaces/auto_aim_interfaces/msg/detail/armor__type_support.cpp
[0.988s] -- Up-to-date: /home/luis/azure_sky_ros2/install/auto_aim_interfaces/include/auto_aim_interfaces/auto_aim_interfaces/msg/detail/debug_armor__rosidl_typesupport_introspection_cpp.hpp
[0.988s] -- Up-to-date: /home/luis/azure_sky_ros2/install/auto_aim_interfaces/include/auto_aim_interfaces/auto_aim_interfaces/msg/detail/debug_armors__rosidl_typesupport_introspection_cpp.hpp
[0.989s] -- Up-to-date: /home/luis/azure_sky_ros2/install/auto_aim_interfaces/include/auto_aim_interfaces/auto_aim_interfaces/msg/detail/debug_armor__type_support.cpp
[0.989s] -- Up-to-date: /home/luis/azure_sky_ros2/install/auto_aim_interfaces/include/auto_aim_interfaces/auto_aim_interfaces/msg/detail/armors__type_support.cpp
[0.989s] -- Up-to-date: /home/luis/azure_sky_ros2/install/auto_aim_interfaces/include/auto_aim_interfaces/auto_aim_interfaces/msg/detail/robot_status__rosidl_typesupport_introspection_cpp.hpp
[0.989s] -- Up-to-date: /home/luis/azure_sky_ros2/install/auto_aim_interfaces/include/auto_aim_interfaces/auto_aim_interfaces/msg/detail/debug_armors__type_support.cpp
[0.989s] -- Up-to-date: /home/luis/azure_sky_ros2/install/auto_aim_interfaces/include/auto_aim_interfaces/auto_aim_interfaces/msg/detail/robot_status__type_support.cpp
[0.989s] -- Up-to-date: /home/luis/azure_sky_ros2/install/auto_aim_interfaces/include/auto_aim_interfaces/auto_aim_interfaces/msg/detail/time_info__rosidl_typesupport_introspection_cpp.hpp
[0.990s] -- Up-to-date: /home/luis/azure_sky_ros2/install/auto_aim_interfaces/include/auto_aim_interfaces/auto_aim_interfaces/msg/detail/armors__rosidl_typesupport_introspection_cpp.hpp
[0.990s] -- Up-to-date: /home/luis/azure_sky_ros2/install/auto_aim_interfaces/include/auto_aim_interfaces/auto_aim_interfaces/msg/detail/target__rosidl_typesupport_introspection_cpp.hpp
[0.990s] -- Up-to-date: /home/luis/azure_sky_ros2/install/auto_aim_interfaces/include/auto_aim_interfaces/auto_aim_interfaces/msg/detail/debug_lights__type_support.cpp
[0.990s] -- Up-to-date: /home/luis/azure_sky_ros2/install/auto_aim_interfaces/lib/libauto_aim_interfaces__rosidl_typesupport_introspection_cpp.so
[0.990s] -- Up-to-date: /home/luis/azure_sky_ros2/install/auto_aim_interfaces/lib/libauto_aim_interfaces__rosidl_typesupport_cpp.so
[0.991s] -- Up-to-date: /home/luis/azure_sky_ros2/install/auto_aim_interfaces/share/auto_aim_interfaces/environment/pythonpath.sh
[0.991s] -- Up-to-date: /home/luis/azure_sky_ros2/install/auto_aim_interfaces/share/auto_aim_interfaces/environment/pythonpath.dsv
[0.991s] -- Up-to-date: /home/luis/azure_sky_ros2/install/auto_aim_interfaces/local/lib/python3.10/dist-packages/auto_aim_interfaces-2.0.0-py3.10.egg-info
[0.991s] -- Installing: /home/luis/azure_sky_ros2/install/auto_aim_interfaces/local/lib/python3.10/dist-packages/auto_aim_interfaces-2.0.0-py3.10.egg-info/SOURCES.txt
[0.991s] -- Installing: /home/luis/azure_sky_ros2/install/auto_aim_interfaces/local/lib/python3.10/dist-packages/auto_aim_interfaces-2.0.0-py3.10.egg-info/PKG-INFO
[0.992s] -- Installing: /home/luis/azure_sky_ros2/install/auto_aim_interfaces/local/lib/python3.10/dist-packages/auto_aim_interfaces-2.0.0-py3.10.egg-info/top_level.txt
[0.992s] -- Installing: /home/luis/azure_sky_ros2/install/auto_aim_interfaces/local/lib/python3.10/dist-packages/auto_aim_interfaces-2.0.0-py3.10.egg-info/dependency_links.txt
[0.992s] -- Up-to-date: /home/luis/azure_sky_ros2/install/auto_aim_interfaces/local/lib/python3.10/dist-packages/auto_aim_interfaces
[0.994s] -- Up-to-date: /home/luis/azure_sky_ros2/install/auto_aim_interfaces/local/lib/python3.10/dist-packages/auto_aim_interfaces/_auto_aim_interfaces_s.ep.rosidl_typesupport_fastrtps_c.c
[0.998s] -- Up-to-date: /home/luis/azure_sky_ros2/install/auto_aim_interfaces/local/lib/python3.10/dist-packages/auto_aim_interfaces/auto_aim_interfaces_s__rosidl_typesupport_fastrtps_c.cpython-310-x86_64-linux-gnu.so
[0.998s] -- Up-to-date: /home/luis/azure_sky_ros2/install/auto_aim_interfaces/local/lib/python3.10/dist-packages/auto_aim_interfaces/auto_aim_interfaces_s__rosidl_typesupport_introspection_c.cpython-310-x86_64-linux-gnu.so
[0.998s] -- Up-to-date: /home/luis/azure_sky_ros2/install/auto_aim_interfaces/local/lib/python3.10/dist-packages/auto_aim_interfaces/_auto_aim_interfaces_s.ep.rosidl_typesupport_introspection_c.c
[0.998s] -- Up-to-date: /home/luis/azure_sky_ros2/install/auto_aim_interfaces/local/lib/python3.10/dist-packages/auto_aim_interfaces/_auto_aim_interfaces_s.ep.rosidl_typesupport_c.c
[0.999s] -- Up-to-date: /home/luis/azure_sky_ros2/install/auto_aim_interfaces/local/lib/python3.10/dist-packages/auto_aim_interfaces/libauto_aim_interfaces__rosidl_generator_py.so
[0.999s] -- Up-to-date: /home/luis/azure_sky_ros2/install/auto_aim_interfaces/local/lib/python3.10/dist-packages/auto_aim_interfaces/auto_aim_interfaces_s__rosidl_typesupport_c.cpython-310-x86_64-linux-gnu.so
[0.999s] -- Up-to-date: /home/luis/azure_sky_ros2/install/auto_aim_interfaces/local/lib/python3.10/dist-packages/auto_aim_interfaces/__init__.py
[1.003s] -- Up-to-date: /home/luis/azure_sky_ros2/install/auto_aim_interfaces/local/lib/python3.10/dist-packages/auto_aim_interfaces/msg
[1.010s] -- Up-to-date: /home/luis/azure_sky_ros2/install/auto_aim_interfaces/local/lib/python3.10/dist-packages/auto_aim_interfaces/msg/_debug_lights.py
[1.010s] -- Up-to-date: /home/luis/azure_sky_ros2/install/auto_aim_interfaces/local/lib/python3.10/dist-packages/auto_aim_interfaces/msg/_debug_armor.py
[1.010s] -- Up-to-date: /home/luis/azure_sky_ros2/install/auto_aim_interfaces/local/lib/python3.10/dist-packages/auto_aim_interfaces/msg/_armor.py
[1.010s] -- Up-to-date: /home/luis/azure_sky_ros2/install/auto_aim_interfaces/local/lib/python3.10/dist-packages/auto_aim_interfaces/msg/_debug_armors_s.c
[1.010s] -- Up-to-date: /home/luis/azure_sky_ros2/install/auto_aim_interfaces/local/lib/python3.10/dist-packages/auto_aim_interfaces/msg/_debug_armors.py
[1.011s] -- Up-to-date: /home/luis/azure_sky_ros2/install/auto_aim_interfaces/local/lib/python3.10/dist-packages/auto_aim_interfaces/msg/_target_s.c
[1.011s] -- Up-to-date: /home/luis/azure_sky_ros2/install/auto_aim_interfaces/local/lib/python3.10/dist-packages/auto_aim_interfaces/msg/_tracker_info.py
[1.011s] -- Up-to-date: /home/luis/azure_sky_ros2/install/auto_aim_interfaces/local/lib/python3.10/dist-packages/auto_aim_interfaces/msg/_robot_status_s.c
[1.011s] -- Up-to-date: /home/luis/azure_sky_ros2/install/auto_aim_interfaces/local/lib/python3.10/dist-packages/auto_aim_interfaces/msg/_armors.py
[1.011s] -- Up-to-date: /home/luis/azure_sky_ros2/install/auto_aim_interfaces/local/lib/python3.10/dist-packages/auto_aim_interfaces/msg/_debug_light_s.c
[1.011s] -- Up-to-date: /home/luis/azure_sky_ros2/install/auto_aim_interfaces/local/lib/python3.10/dist-packages/auto_aim_interfaces/msg/_debug_armor_s.c
[1.012s] -- Up-to-date: /home/luis/azure_sky_ros2/install/auto_aim_interfaces/local/lib/python3.10/dist-packages/auto_aim_interfaces/msg/_tracker_info_s.c
[1.012s] -- Up-to-date: /home/luis/azure_sky_ros2/install/auto_aim_interfaces/local/lib/python3.10/dist-packages/auto_aim_interfaces/msg/_armors_s.c
[1.012s] -- Up-to-date: /home/luis/azure_sky_ros2/install/auto_aim_interfaces/local/lib/python3.10/dist-packages/auto_aim_interfaces/msg/_debug_lights_s.c
[1.012s] -- Up-to-date: /home/luis/azure_sky_ros2/install/auto_aim_interfaces/local/lib/python3.10/dist-packages/auto_aim_interfaces/msg/_debug_light.py
[1.012s] -- Up-to-date: /home/luis/azure_sky_ros2/install/auto_aim_interfaces/local/lib/python3.10/dist-packages/auto_aim_interfaces/msg/_target.py
[1.012s] -- Up-to-date: /home/luis/azure_sky_ros2/install/auto_aim_interfaces/local/lib/python3.10/dist-packages/auto_aim_interfaces/msg/_robot_status.py
[1.012s] -- Up-to-date: /home/luis/azure_sky_ros2/install/auto_aim_interfaces/local/lib/python3.10/dist-packages/auto_aim_interfaces/msg/_armor_s.c
[1.012s] -- Up-to-date: /home/luis/azure_sky_ros2/install/auto_aim_interfaces/local/lib/python3.10/dist-packages/auto_aim_interfaces/msg/__init__.py
[1.013s] -- Up-to-date: /home/luis/azure_sky_ros2/install/auto_aim_interfaces/local/lib/python3.10/dist-packages/auto_aim_interfaces/msg/_time_info_s.c
[1.013s] -- Up-to-date: /home/luis/azure_sky_ros2/install/auto_aim_interfaces/local/lib/python3.10/dist-packages/auto_aim_interfaces/msg/_time_info.py
[1.096s] Listing '/home/luis/azure_sky_ros2/install/auto_aim_interfaces/local/lib/python3.10/dist-packages/auto_aim_interfaces'...
[1.096s] Listing '/home/luis/azure_sky_ros2/install/auto_aim_interfaces/local/lib/python3.10/dist-packages/auto_aim_interfaces/msg'...
[1.096s] -- Up-to-date: /home/luis/azure_sky_ros2/install/auto_aim_interfaces/local/lib/python3.10/dist-packages/auto_aim_interfaces/auto_aim_interfaces_s__rosidl_typesupport_fastrtps_c.cpython-310-x86_64-linux-gnu.so
[1.096s] -- Up-to-date: /home/luis/azure_sky_ros2/install/auto_aim_interfaces/local/lib/python3.10/dist-packages/auto_aim_interfaces/auto_aim_interfaces_s__rosidl_typesupport_introspection_c.cpython-310-x86_64-linux-gnu.so
[1.096s] -- Up-to-date: /home/luis/azure_sky_ros2/install/auto_aim_interfaces/local/lib/python3.10/dist-packages/auto_aim_interfaces/auto_aim_interfaces_s__rosidl_typesupport_c.cpython-310-x86_64-linux-gnu.so
[1.096s] -- Up-to-date: /home/luis/azure_sky_ros2/install/auto_aim_interfaces/lib/libauto_aim_interfaces__rosidl_generator_py.so
[1.097s] -- Up-to-date: /home/luis/azure_sky_ros2/install/auto_aim_interfaces/share/auto_aim_interfaces/msg/Armor.idl
[1.097s] -- Up-to-date: /home/luis/azure_sky_ros2/install/auto_aim_interfaces/share/auto_aim_interfaces/msg/Armors.idl
[1.097s] -- Up-to-date: /home/luis/azure_sky_ros2/install/auto_aim_interfaces/share/auto_aim_interfaces/msg/Target.idl
[1.097s] -- Up-to-date: /home/luis/azure_sky_ros2/install/auto_aim_interfaces/share/auto_aim_interfaces/msg/DebugLight.idl
[1.097s] -- Up-to-date: /home/luis/azure_sky_ros2/install/auto_aim_interfaces/share/auto_aim_interfaces/msg/DebugLights.idl
[1.097s] -- Up-to-date: /home/luis/azure_sky_ros2/install/auto_aim_interfaces/share/auto_aim_interfaces/msg/DebugArmor.idl
[1.097s] -- Up-to-date: /home/luis/azure_sky_ros2/install/auto_aim_interfaces/share/auto_aim_interfaces/msg/DebugArmors.idl
[1.097s] -- Up-to-date: /home/luis/azure_sky_ros2/install/auto_aim_interfaces/share/auto_aim_interfaces/msg/TrackerInfo.idl
[1.097s] -- Up-to-date: /home/luis/azure_sky_ros2/install/auto_aim_interfaces/share/auto_aim_interfaces/msg/RobotStatus.idl
[1.097s] -- Up-to-date: /home/luis/azure_sky_ros2/install/auto_aim_interfaces/share/auto_aim_interfaces/msg/TimeInfo.idl
[1.098s] -- Up-to-date: /home/luis/azure_sky_ros2/install/auto_aim_interfaces/share/auto_aim_interfaces/msg/Armor.msg
[1.098s] -- Up-to-date: /home/luis/azure_sky_ros2/install/auto_aim_interfaces/share/auto_aim_interfaces/msg/Armors.msg
[1.098s] -- Up-to-date: /home/luis/azure_sky_ros2/install/auto_aim_interfaces/share/auto_aim_interfaces/msg/Target.msg
[1.098s] -- Up-to-date: /home/luis/azure_sky_ros2/install/auto_aim_interfaces/share/auto_aim_interfaces/msg/DebugLight.msg
[1.098s] -- Up-to-date: /home/luis/azure_sky_ros2/install/auto_aim_interfaces/share/auto_aim_interfaces/msg/DebugLights.msg
[1.098s] -- Up-to-date: /home/luis/azure_sky_ros2/install/auto_aim_interfaces/share/auto_aim_interfaces/msg/DebugArmor.msg
[1.098s] -- Up-to-date: /home/luis/azure_sky_ros2/install/auto_aim_interfaces/share/auto_aim_interfaces/msg/DebugArmors.msg
[1.098s] -- Up-to-date: /home/luis/azure_sky_ros2/install/auto_aim_interfaces/share/auto_aim_interfaces/msg/TrackerInfo.msg
[1.098s] -- Up-to-date: /home/luis/azure_sky_ros2/install/auto_aim_interfaces/share/auto_aim_interfaces/msg/RobotStatus.msg
[1.099s] -- Up-to-date: /home/luis/azure_sky_ros2/install/auto_aim_interfaces/share/auto_aim_interfaces/msg/TimeInfo.msg
[1.099s] -- Up-to-date: /home/luis/azure_sky_ros2/install/auto_aim_interfaces/share/ament_index/resource_index/package_run_dependencies/auto_aim_interfaces
[1.099s] -- Up-to-date: /home/luis/azure_sky_ros2/install/auto_aim_interfaces/share/ament_index/resource_index/parent_prefix_path/auto_aim_interfaces
[1.099s] -- Up-to-date: /home/luis/azure_sky_ros2/install/auto_aim_interfaces/share/auto_aim_interfaces/environment/ament_prefix_path.sh
[1.099s] -- Up-to-date: /home/luis/azure_sky_ros2/install/auto_aim_interfaces/share/auto_aim_interfaces/environment/ament_prefix_path.dsv
[1.099s] -- Up-to-date: /home/luis/azure_sky_ros2/install/auto_aim_interfaces/share/auto_aim_interfaces/environment/path.sh
[1.099s] -- Up-to-date: /home/luis/azure_sky_ros2/install/auto_aim_interfaces/share/auto_aim_interfaces/environment/path.dsv
[1.099s] -- Up-to-date: /home/luis/azure_sky_ros2/install/auto_aim_interfaces/share/auto_aim_interfaces/local_setup.bash
[1.099s] -- Up-to-date: /home/luis/azure_sky_ros2/install/auto_aim_interfaces/share/auto_aim_interfaces/local_setup.sh
[1.099s] -- Up-to-date: /home/luis/azure_sky_ros2/install/auto_aim_interfaces/share/auto_aim_interfaces/local_setup.zsh
[1.099s] -- Up-to-date: /home/luis/azure_sky_ros2/install/auto_aim_interfaces/share/auto_aim_interfaces/local_setup.dsv
[1.100s] -- Installing: /home/luis/azure_sky_ros2/install/auto_aim_interfaces/share/auto_aim_interfaces/package.dsv
[1.100s] -- Up-to-date: /home/luis/azure_sky_ros2/install/auto_aim_interfaces/share/ament_index/resource_index/packages/auto_aim_interfaces
[1.100s] -- Up-to-date: /home/luis/azure_sky_ros2/install/auto_aim_interfaces/share/auto_aim_interfaces/cmake/export_auto_aim_interfaces__rosidl_generator_cExport.cmake
[1.100s] -- Up-to-date: /home/luis/azure_sky_ros2/install/auto_aim_interfaces/share/auto_aim_interfaces/cmake/export_auto_aim_interfaces__rosidl_generator_cExport-noconfig.cmake
[1.100s] -- Up-to-date: /home/luis/azure_sky_ros2/install/auto_aim_interfaces/share/auto_aim_interfaces/cmake/export_auto_aim_interfaces__rosidl_typesupport_fastrtps_cExport.cmake
[1.100s] -- Up-to-date: /home/luis/azure_sky_ros2/install/auto_aim_interfaces/share/auto_aim_interfaces/cmake/export_auto_aim_interfaces__rosidl_typesupport_fastrtps_cExport-noconfig.cmake
[1.100s] -- Up-to-date: /home/luis/azure_sky_ros2/install/auto_aim_interfaces/share/auto_aim_interfaces/cmake/auto_aim_interfaces__rosidl_typesupport_introspection_cExport.cmake
[1.100s] -- Up-to-date: /home/luis/azure_sky_ros2/install/auto_aim_interfaces/share/auto_aim_interfaces/cmake/auto_aim_interfaces__rosidl_typesupport_introspection_cExport-noconfig.cmake
[1.101s] -- Up-to-date: /home/luis/azure_sky_ros2/install/auto_aim_interfaces/share/auto_aim_interfaces/cmake/auto_aim_interfaces__rosidl_typesupport_cExport.cmake
[1.101s] -- Up-to-date: /home/luis/azure_sky_ros2/install/auto_aim_interfaces/share/auto_aim_interfaces/cmake/auto_aim_interfaces__rosidl_typesupport_cExport-noconfig.cmake
[1.101s] -- Up-to-date: /home/luis/azure_sky_ros2/install/auto_aim_interfaces/share/auto_aim_interfaces/cmake/export_auto_aim_interfaces__rosidl_generator_cppExport.cmake
[1.101s] -- Up-to-date: /home/luis/azure_sky_ros2/install/auto_aim_interfaces/share/auto_aim_interfaces/cmake/export_auto_aim_interfaces__rosidl_typesupport_fastrtps_cppExport.cmake
[1.101s] -- Up-to-date: /home/luis/azure_sky_ros2/install/auto_aim_interfaces/share/auto_aim_interfaces/cmake/export_auto_aim_interfaces__rosidl_typesupport_fastrtps_cppExport-noconfig.cmake
[1.101s] -- Up-to-date: /home/luis/azure_sky_ros2/install/auto_aim_interfaces/share/auto_aim_interfaces/cmake/auto_aim_interfaces__rosidl_typesupport_introspection_cppExport.cmake
[1.101s] -- Up-to-date: /home/luis/azure_sky_ros2/install/auto_aim_interfaces/share/auto_aim_interfaces/cmake/auto_aim_interfaces__rosidl_typesupport_introspection_cppExport-noconfig.cmake
[1.101s] -- Up-to-date: /home/luis/azure_sky_ros2/install/auto_aim_interfaces/share/auto_aim_interfaces/cmake/auto_aim_interfaces__rosidl_typesupport_cppExport.cmake
[1.101s] -- Up-to-date: /home/luis/azure_sky_ros2/install/auto_aim_interfaces/share/auto_aim_interfaces/cmake/auto_aim_interfaces__rosidl_typesupport_cppExport-noconfig.cmake
[1.101s] -- Up-to-date: /home/luis/azure_sky_ros2/install/auto_aim_interfaces/share/auto_aim_interfaces/cmake/export_auto_aim_interfaces__rosidl_generator_pyExport.cmake
[1.101s] -- Up-to-date: /home/luis/azure_sky_ros2/install/auto_aim_interfaces/share/auto_aim_interfaces/cmake/export_auto_aim_interfaces__rosidl_generator_pyExport-noconfig.cmake
[1.102s] -- Up-to-date: /home/luis/azure_sky_ros2/install/auto_aim_interfaces/share/auto_aim_interfaces/cmake/rosidl_cmake-extras.cmake
[1.102s] -- Up-to-date: /home/luis/azure_sky_ros2/install/auto_aim_interfaces/share/auto_aim_interfaces/cmake/ament_cmake_export_dependencies-extras.cmake
[1.102s] -- Up-to-date: /home/luis/azure_sky_ros2/install/auto_aim_interfaces/share/auto_aim_interfaces/cmake/ament_cmake_export_include_directories-extras.cmake
[1.102s] -- Up-to-date: /home/luis/azure_sky_ros2/install/auto_aim_interfaces/share/auto_aim_interfaces/cmake/ament_cmake_export_libraries-extras.cmake
[1.102s] -- Up-to-date: /home/luis/azure_sky_ros2/install/auto_aim_interfaces/share/auto_aim_interfaces/cmake/ament_cmake_export_targets-extras.cmake
[1.102s] -- Up-to-date: /home/luis/azure_sky_ros2/install/auto_aim_interfaces/share/auto_aim_interfaces/cmake/rosidl_cmake_export_typesupport_targets-extras.cmake
[1.103s] -- Up-to-date: /home/luis/azure_sky_ros2/install/auto_aim_interfaces/share/auto_aim_interfaces/cmake/rosidl_cmake_export_typesupport_libraries-extras.cmake
[1.103s] -- Up-to-date: /home/luis/azure_sky_ros2/install/auto_aim_interfaces/share/auto_aim_interfaces/cmake/auto_aim_interfacesConfig.cmake
[1.103s] -- Up-to-date: /home/luis/azure_sky_ros2/install/auto_aim_interfaces/share/auto_aim_interfaces/cmake/auto_aim_interfacesConfig-version.cmake
[1.103s] -- Up-to-date: /home/luis/azure_sky_ros2/install/auto_aim_interfaces/share/auto_aim_interfaces/package.xml
[1.150s] Invoked command in '/home/luis/azure_sky_ros2/build/auto_aim_interfaces' returned '0': CMAKE_PREFIX_PATH=/opt/ros/humble /usr/bin/cmake --install /home/luis/azure_sky_ros2/build/auto_aim_interfaces
