[0.018s] Invoking command in '/home/luis/workshop_ws/build/tide_shooter_controller': CMAKE_PREFIX_PATH=/home/luis/workshop_ws/install/tide_msgs:/home/luis/workshop_ws/install/controlko_bringup:/home/luis/workshop_ws/install/tide_shooter_controller:/home/luis/workshop_ws/install/tide_gimbal_controller:/home/luis/workshop_ws/install/my_hardware_interface:/home/luis/workshop_ws/install/serial:/home/luis/workshop_ws/install/roscon2022_control_workshop:/home/luis/workshop_ws/install/ros2_socketcan:/home/luis/workshop_ws/install/ros2_socketcan_msgs:/home/luis/workshop_ws/install/controlko_hardware_interface:/home/luis/workshop_ws/install/controlko_description:/home/luis/workshop_ws/install/controlko_controllers:/opt/ros/humble LD_LIBRARY_PATH=/home/luis/workshop_ws/install/tide_msgs/lib:/home/luis/workshop_ws/install/tide_shooter_controller/lib:/home/luis/workshop_ws/install/tide_gimbal_controller/lib:/home/luis/workshop_ws/install/my_hardware_interface/lib:/home/luis/workshop_ws/install/serial/lib:/home/luis/workshop_ws/install/ros2_socketcan/lib:/home/luis/workshop_ws/install/ros2_socketcan_msgs/lib:/home/luis/workshop_ws/install/controlko_hardware_interface/lib:/home/luis/workshop_ws/install/controlko_controllers/lib:/usr/lib/x86_64-linux-gnu/gazebo-11/plugins:/opt/ros/humble/opt/rviz_ogre_vendor/lib:/opt/ros/humble/lib/x86_64-linux-gnu:/opt/ros/humble/lib /usr/bin/cmake /home/luis/workshop_ws/src/tide_controllers/tide_shooter_controller -DCMAKE_INSTALL_PREFIX=/home/luis/workshop_ws/install/tide_shooter_controller
[0.029s] -- Found ament_cmake: 1.3.11 (/opt/ros/humble/share/ament_cmake/cmake)
[0.154s] -- Override CMake install command with custom implementation using symlinks instead of copying resources
[0.172s] -- Found controller_interface: 2.51.0 (/opt/ros/humble/share/controller_interface/cmake)
[0.213s] -- Found rosidl_generator_c: 3.1.6 (/opt/ros/humble/share/rosidl_generator_c/cmake)
[0.215s] -- Found rosidl_adapter: 3.1.6 (/opt/ros/humble/share/rosidl_adapter/cmake)
[0.221s] -- Found rosidl_generator_cpp: 3.1.6 (/opt/ros/humble/share/rosidl_generator_cpp/cmake)
[0.230s] -- Using all available rosidl_typesupport_c: rosidl_typesupport_fastrtps_c;rosidl_typesupport_introspection_c
[0.241s] -- Using all available rosidl_typesupport_cpp: rosidl_typesupport_fastrtps_cpp;rosidl_typesupport_introspection_cpp
[0.392s] -- Found rmw_implementation_cmake: 6.1.2 (/opt/ros/humble/share/rmw_implementation_cmake/cmake)
[0.393s] -- Found rmw_fastrtps_cpp: 6.2.7 (/opt/ros/humble/share/rmw_fastrtps_cpp/cmake)
[0.409s] -- Found TinyXML2 via Config file: TinyXML2_DIR-NOTFOUND
[0.422s] -- Found TinyXML2 via Config file: TinyXML2_DIR-NOTFOUND
[0.442s] -- Found TinyXML2 via Config file: TinyXML2_DIR-NOTFOUND
[0.454s] -- Found TinyXML2 via Config file: TinyXML2_DIR-NOTFOUND
[0.467s] -- Using RMW implementation 'rmw_fastrtps_cpp' as default
[0.509s] -- Found generate_parameter_library: 0.5.0 (/opt/ros/humble/share/generate_parameter_library/cmake)
[0.510s] -- Found parameter_traits: 0.5.0 (/opt/ros/humble/share/parameter_traits/cmake)
[0.517s] -- Found realtime_tools: 2.14.0 (/opt/ros/humble/share/realtime_tools/cmake)
[0.526s] -- Found tf2: 0.25.13 (/opt/ros/humble/share/tf2/cmake)
[0.529s] -- Found tf2_msgs: 0.25.13 (/opt/ros/humble/share/tf2_msgs/cmake)
[0.546s] -- Found tide_msgs: 0.0.0 (/home/luis/workshop_ws/install/tide_msgs/share/tide_msgs/cmake)
[0.559s] -- Found control_toolbox: 3.6.1 (/opt/ros/humble/share/control_toolbox/cmake)
[0.575s] -- Found angles: 1.15.0 (/opt/ros/humble/share/angles/cmake)
[0.576s] -- Found tf2_geometry_msgs: 0.25.13 (/opt/ros/humble/share/tf2_geometry_msgs/cmake)
[0.579s] -- Found eigen3_cmake_module: 0.1.1 (/opt/ros/humble/share/eigen3_cmake_module/cmake)
[0.580s] -- Ensuring Eigen3 include directory is part of orocos-kdl CMake target
[0.604s] -- Found visualization_msgs: 4.9.0 (/opt/ros/humble/share/visualization_msgs/cmake)
[0.711s] -- Configuring done
[0.744s] -- Generating done
[0.750s] -- Build files have been written to: /home/luis/workshop_ws/build/tide_shooter_controller
[0.760s] Invoked command in '/home/luis/workshop_ws/build/tide_shooter_controller' returned '0': CMAKE_PREFIX_PATH=/home/luis/workshop_ws/install/tide_msgs:/home/luis/workshop_ws/install/controlko_bringup:/home/luis/workshop_ws/install/tide_shooter_controller:/home/luis/workshop_ws/install/tide_gimbal_controller:/home/luis/workshop_ws/install/my_hardware_interface:/home/luis/workshop_ws/install/serial:/home/luis/workshop_ws/install/roscon2022_control_workshop:/home/luis/workshop_ws/install/ros2_socketcan:/home/luis/workshop_ws/install/ros2_socketcan_msgs:/home/luis/workshop_ws/install/controlko_hardware_interface:/home/luis/workshop_ws/install/controlko_description:/home/luis/workshop_ws/install/controlko_controllers:/opt/ros/humble LD_LIBRARY_PATH=/home/luis/workshop_ws/install/tide_msgs/lib:/home/luis/workshop_ws/install/tide_shooter_controller/lib:/home/luis/workshop_ws/install/tide_gimbal_controller/lib:/home/luis/workshop_ws/install/my_hardware_interface/lib:/home/luis/workshop_ws/install/serial/lib:/home/luis/workshop_ws/install/ros2_socketcan/lib:/home/luis/workshop_ws/install/ros2_socketcan_msgs/lib:/home/luis/workshop_ws/install/controlko_hardware_interface/lib:/home/luis/workshop_ws/install/controlko_controllers/lib:/usr/lib/x86_64-linux-gnu/gazebo-11/plugins:/opt/ros/humble/opt/rviz_ogre_vendor/lib:/opt/ros/humble/lib/x86_64-linux-gnu:/opt/ros/humble/lib /usr/bin/cmake /home/luis/workshop_ws/src/tide_controllers/tide_shooter_controller -DCMAKE_INSTALL_PREFIX=/home/luis/workshop_ws/install/tide_shooter_controller
[0.763s] Invoking command in '/home/luis/workshop_ws/build/tide_shooter_controller': CMAKE_PREFIX_PATH=/home/luis/workshop_ws/install/tide_msgs:/home/luis/workshop_ws/install/controlko_bringup:/home/luis/workshop_ws/install/tide_shooter_controller:/home/luis/workshop_ws/install/tide_gimbal_controller:/home/luis/workshop_ws/install/my_hardware_interface:/home/luis/workshop_ws/install/serial:/home/luis/workshop_ws/install/roscon2022_control_workshop:/home/luis/workshop_ws/install/ros2_socketcan:/home/luis/workshop_ws/install/ros2_socketcan_msgs:/home/luis/workshop_ws/install/controlko_hardware_interface:/home/luis/workshop_ws/install/controlko_description:/home/luis/workshop_ws/install/controlko_controllers:/opt/ros/humble LD_LIBRARY_PATH=/home/luis/workshop_ws/install/tide_msgs/lib:/home/luis/workshop_ws/install/tide_shooter_controller/lib:/home/luis/workshop_ws/install/tide_gimbal_controller/lib:/home/luis/workshop_ws/install/my_hardware_interface/lib:/home/luis/workshop_ws/install/serial/lib:/home/luis/workshop_ws/install/ros2_socketcan/lib:/home/luis/workshop_ws/install/ros2_socketcan_msgs/lib:/home/luis/workshop_ws/install/controlko_hardware_interface/lib:/home/luis/workshop_ws/install/controlko_controllers/lib:/usr/lib/x86_64-linux-gnu/gazebo-11/plugins:/opt/ros/humble/opt/rviz_ogre_vendor/lib:/opt/ros/humble/lib/x86_64-linux-gnu:/opt/ros/humble/lib /usr/bin/cmake --build /home/luis/workshop_ws/build/tide_shooter_controller -- -j12 -l12
[0.832s] [ 50%] Built target shooter_controller_parameters
[0.850s] [35m[1mConsolidate compiler generated dependencies of target tide_shooter_controller[0m
[0.873s] [100%] Built target tide_shooter_controller
[0.889s] Invoked command in '/home/luis/workshop_ws/build/tide_shooter_controller' returned '0': CMAKE_PREFIX_PATH=/home/luis/workshop_ws/install/tide_msgs:/home/luis/workshop_ws/install/controlko_bringup:/home/luis/workshop_ws/install/tide_shooter_controller:/home/luis/workshop_ws/install/tide_gimbal_controller:/home/luis/workshop_ws/install/my_hardware_interface:/home/luis/workshop_ws/install/serial:/home/luis/workshop_ws/install/roscon2022_control_workshop:/home/luis/workshop_ws/install/ros2_socketcan:/home/luis/workshop_ws/install/ros2_socketcan_msgs:/home/luis/workshop_ws/install/controlko_hardware_interface:/home/luis/workshop_ws/install/controlko_description:/home/luis/workshop_ws/install/controlko_controllers:/opt/ros/humble LD_LIBRARY_PATH=/home/luis/workshop_ws/install/tide_msgs/lib:/home/luis/workshop_ws/install/tide_shooter_controller/lib:/home/luis/workshop_ws/install/tide_gimbal_controller/lib:/home/luis/workshop_ws/install/my_hardware_interface/lib:/home/luis/workshop_ws/install/serial/lib:/home/luis/workshop_ws/install/ros2_socketcan/lib:/home/luis/workshop_ws/install/ros2_socketcan_msgs/lib:/home/luis/workshop_ws/install/controlko_hardware_interface/lib:/home/luis/workshop_ws/install/controlko_controllers/lib:/usr/lib/x86_64-linux-gnu/gazebo-11/plugins:/opt/ros/humble/opt/rviz_ogre_vendor/lib:/opt/ros/humble/lib/x86_64-linux-gnu:/opt/ros/humble/lib /usr/bin/cmake --build /home/luis/workshop_ws/build/tide_shooter_controller -- -j12 -l12
[0.902s] Invoking command in '/home/luis/workshop_ws/build/tide_shooter_controller': CMAKE_PREFIX_PATH=/home/luis/workshop_ws/install/tide_msgs:/home/luis/workshop_ws/install/controlko_bringup:/home/luis/workshop_ws/install/tide_shooter_controller:/home/luis/workshop_ws/install/tide_gimbal_controller:/home/luis/workshop_ws/install/my_hardware_interface:/home/luis/workshop_ws/install/serial:/home/luis/workshop_ws/install/roscon2022_control_workshop:/home/luis/workshop_ws/install/ros2_socketcan:/home/luis/workshop_ws/install/ros2_socketcan_msgs:/home/luis/workshop_ws/install/controlko_hardware_interface:/home/luis/workshop_ws/install/controlko_description:/home/luis/workshop_ws/install/controlko_controllers:/opt/ros/humble LD_LIBRARY_PATH=/home/luis/workshop_ws/install/tide_msgs/lib:/home/luis/workshop_ws/install/tide_shooter_controller/lib:/home/luis/workshop_ws/install/tide_gimbal_controller/lib:/home/luis/workshop_ws/install/my_hardware_interface/lib:/home/luis/workshop_ws/install/serial/lib:/home/luis/workshop_ws/install/ros2_socketcan/lib:/home/luis/workshop_ws/install/ros2_socketcan_msgs/lib:/home/luis/workshop_ws/install/controlko_hardware_interface/lib:/home/luis/workshop_ws/install/controlko_controllers/lib:/usr/lib/x86_64-linux-gnu/gazebo-11/plugins:/opt/ros/humble/opt/rviz_ogre_vendor/lib:/opt/ros/humble/lib/x86_64-linux-gnu:/opt/ros/humble/lib /usr/bin/cmake --install /home/luis/workshop_ws/build/tide_shooter_controller
[0.910s] -- Install configuration: ""
[0.911s] -- Execute custom install script
[0.911s] -- Up-to-date symlink: /home/luis/workshop_ws/install/tide_shooter_controller/include/tide_shooter_controller/shooter_controller_parameters.hpp
[0.911s] -- Up-to-date symlink: /home/luis/workshop_ws/install/tide_shooter_controller/share/tide_shooter_controller//tide_shooter_controller.xml
[0.911s] -- Up-to-date symlink: /home/luis/workshop_ws/install/tide_shooter_controller/include//tide_shooter_controller.hpp
[0.911s] -- Up-to-date symlink: /home/luis/workshop_ws/install/tide_shooter_controller/share/tide_shooter_controller/environment/library_path.sh
[0.912s] -- Up-to-date symlink: /home/luis/workshop_ws/install/tide_shooter_controller/share/tide_shooter_controller/environment/library_path.dsv
[0.912s] -- Up-to-date symlink: /home/luis/workshop_ws/install/tide_shooter_controller/share/ament_index/resource_index/package_run_dependencies/tide_shooter_controller
[0.912s] -- Up-to-date symlink: /home/luis/workshop_ws/install/tide_shooter_controller/share/ament_index/resource_index/parent_prefix_path/tide_shooter_controller
[0.912s] -- Up-to-date symlink: /home/luis/workshop_ws/install/tide_shooter_controller/share/tide_shooter_controller/environment/ament_prefix_path.sh
[0.912s] -- Up-to-date symlink: /home/luis/workshop_ws/install/tide_shooter_controller/share/tide_shooter_controller/environment/ament_prefix_path.dsv
[0.912s] -- Up-to-date symlink: /home/luis/workshop_ws/install/tide_shooter_controller/share/tide_shooter_controller/environment/path.sh
[0.913s] -- Up-to-date symlink: /home/luis/workshop_ws/install/tide_shooter_controller/share/tide_shooter_controller/environment/path.dsv
[0.913s] -- Up-to-date symlink: /home/luis/workshop_ws/install/tide_shooter_controller/share/tide_shooter_controller/local_setup.bash
[0.913s] -- Up-to-date symlink: /home/luis/workshop_ws/install/tide_shooter_controller/share/tide_shooter_controller/local_setup.sh
[0.913s] -- Up-to-date symlink: /home/luis/workshop_ws/install/tide_shooter_controller/share/tide_shooter_controller/local_setup.zsh
[0.913s] -- Up-to-date symlink: /home/luis/workshop_ws/install/tide_shooter_controller/share/tide_shooter_controller/local_setup.dsv
[0.913s] -- Symlinking: /home/luis/workshop_ws/install/tide_shooter_controller/share/tide_shooter_controller/package.dsv
[0.934s] -- Up-to-date symlink: /home/luis/workshop_ws/install/tide_shooter_controller/share/ament_index/resource_index/packages/tide_shooter_controller
[0.934s] -- Up-to-date symlink: /home/luis/workshop_ws/install/tide_shooter_controller/share/ament_index/resource_index/controller_interface__pluginlib__plugin/tide_shooter_controller
[0.934s] -- Up-to-date symlink: /home/luis/workshop_ws/install/tide_shooter_controller/share/tide_shooter_controller/cmake/ament_cmake_export_dependencies-extras.cmake
[0.935s] -- Up-to-date symlink: /home/luis/workshop_ws/install/tide_shooter_controller/share/tide_shooter_controller/cmake/ament_cmake_export_targets-extras.cmake
[0.935s] -- Up-to-date symlink: /home/luis/workshop_ws/install/tide_shooter_controller/share/tide_shooter_controller/cmake/tide_shooter_controllerConfig.cmake
[0.935s] -- Up-to-date symlink: /home/luis/workshop_ws/install/tide_shooter_controller/share/tide_shooter_controller/cmake/tide_shooter_controllerConfig-version.cmake
[0.935s] -- Up-to-date symlink: /home/luis/workshop_ws/install/tide_shooter_controller/share/tide_shooter_controller/package.xml
[0.935s] -- Up-to-date: /home/luis/workshop_ws/install/tide_shooter_controller/lib/libtide_shooter_controller.so
[0.935s] -- Up-to-date: /home/luis/workshop_ws/install/tide_shooter_controller/share/tide_shooter_controller/cmake/export_tide_shooter_controllerExport.cmake
[0.936s] -- Up-to-date: /home/luis/workshop_ws/install/tide_shooter_controller/share/tide_shooter_controller/cmake/export_tide_shooter_controllerExport-noconfig.cmake
[0.953s] Invoked command in '/home/luis/workshop_ws/build/tide_shooter_controller' returned '0': CMAKE_PREFIX_PATH=/home/luis/workshop_ws/install/tide_msgs:/home/luis/workshop_ws/install/controlko_bringup:/home/luis/workshop_ws/install/tide_shooter_controller:/home/luis/workshop_ws/install/tide_gimbal_controller:/home/luis/workshop_ws/install/my_hardware_interface:/home/luis/workshop_ws/install/serial:/home/luis/workshop_ws/install/roscon2022_control_workshop:/home/luis/workshop_ws/install/ros2_socketcan:/home/luis/workshop_ws/install/ros2_socketcan_msgs:/home/luis/workshop_ws/install/controlko_hardware_interface:/home/luis/workshop_ws/install/controlko_description:/home/luis/workshop_ws/install/controlko_controllers:/opt/ros/humble LD_LIBRARY_PATH=/home/luis/workshop_ws/install/tide_msgs/lib:/home/luis/workshop_ws/install/tide_shooter_controller/lib:/home/luis/workshop_ws/install/tide_gimbal_controller/lib:/home/luis/workshop_ws/install/my_hardware_interface/lib:/home/luis/workshop_ws/install/serial/lib:/home/luis/workshop_ws/install/ros2_socketcan/lib:/home/luis/workshop_ws/install/ros2_socketcan_msgs/lib:/home/luis/workshop_ws/install/controlko_hardware_interface/lib:/home/luis/workshop_ws/install/controlko_controllers/lib:/usr/lib/x86_64-linux-gnu/gazebo-11/plugins:/opt/ros/humble/opt/rviz_ogre_vendor/lib:/opt/ros/humble/lib/x86_64-linux-gnu:/opt/ros/humble/lib /usr/bin/cmake --install /home/luis/workshop_ws/build/tide_shooter_controller
