[0.018s] Invoking command in '/home/luis/azure_sky_ros2/build/buff_tracker': AMENT_PREFIX_PATH=/home/luis/azure_sky_ros2/install/buff_interfaces:${AMENT_PREFIX_PATH} CMAKE_PREFIX_PATH=/home/luis/azure_sky_ros2/install/buff_interfaces:/opt/ros/humble LD_LIBRARY_PATH=/home/luis/azure_sky_ros2/install/buff_interfaces/lib:/opt/MVS/lib/64:/opt/MVS/lib/32:/usr/lib/x86_64-linux-gnu/gazebo-11/plugins:/opt/ros/humble/opt/rviz_ogre_vendor/lib:/opt/ros/humble/lib/x86_64-linux-gnu:/opt/ros/humble/lib:/opt/MVS/lib/64:/opt/MVS/lib/32:/opt/MVS/lib/64:/opt/MVS/lib/32 PYTHONPATH=/home/luis/azure_sky_ros2/install/buff_interfaces/local/lib/python3.10/dist-packages:${PYTHONPATH} /usr/bin/cmake --build /home/luis/azure_sky_ros2/build/buff_tracker -- -j12 -l12
[0.052s] -- Found ament_cmake_auto: 1.3.11 (/opt/ros/humble/share/ament_cmake_auto/cmake)
[0.352s] -- Found rosidl_generator_c: 3.1.6 (/opt/ros/humble/share/rosidl_generator_c/cmake)
[0.355s] -- Found rosidl_adapter: 3.1.6 (/opt/ros/humble/share/rosidl_adapter/cmake)
[0.361s] -- Found rosidl_generator_cpp: 3.1.6 (/opt/ros/humble/share/rosidl_generator_cpp/cmake)
[0.370s] -- Using all available rosidl_typesupport_c: rosidl_typesupport_fastrtps_c;rosidl_typesupport_introspection_c
[0.382s] -- Using all available rosidl_typesupport_cpp: rosidl_typesupport_fastrtps_cpp;rosidl_typesupport_introspection_cpp
[0.413s] -- Found rmw_implementation_cmake: 6.1.2 (/opt/ros/humble/share/rmw_implementation_cmake/cmake)
[0.414s] -- Found rmw_fastrtps_cpp: 6.2.7 (/opt/ros/humble/share/rmw_fastrtps_cpp/cmake)
[0.532s] -- Using RMW implementation 'rmw_fastrtps_cpp' as default
[0.704s] -- Found eigen3_cmake_module: 0.1.1 (/opt/ros/humble/share/eigen3_cmake_module/cmake)
[0.705s] -- Ensuring Eigen3 include directory is part of orocos-kdl CMake target
[0.788s] -- Found ament_lint_auto: 0.12.12 (/opt/ros/humble/share/ament_lint_auto/cmake)
[0.798s] -- Added test 'cppcheck' to perform static code analysis on C / C++ code
[0.798s] -- Configured cppcheck include dirs: /home/luis/azure_sky_ros2/src/rm_buff/buff_tracker/include
[0.798s] -- Configured cppcheck exclude dirs and/or files: 
[0.799s] -- Added test 'lint_cmake' to check CMake code style
[0.799s] -- Added test 'xmllint' to check XML markup files
[0.802s] -- Configuring done
[0.835s] -- Generating done
[0.844s] -- Build files have been written to: /home/luis/azure_sky_ros2/build/buff_tracker
[0.888s] [35m[1mConsolidate compiler generated dependencies of target buff_tracker_node[0m
[0.888s] [35m[1mConsolidate compiler generated dependencies of target buff_tracker[0m
[0.918s] [ 28%] Built target buff_tracker_node
[0.926s] [ 42%] [32mBuilding CXX object CMakeFiles/buff_tracker.dir/src/gauss_newton_solver.cpp.o[0m
[0.926s] [ 57%] [32mBuilding CXX object CMakeFiles/buff_tracker.dir/src/extended_kalman_filter.cpp.o[0m
[0.931s] [ 71%] [32mBuilding CXX object CMakeFiles/buff_tracker.dir/src/tracker.cpp.o[0m
[0.936s] [ 85%] [32mBuilding CXX object CMakeFiles/buff_tracker.dir/src/tracker_node.cpp.o[0m
[24.060s] [100%] [32m[1mLinking CXX shared library libbuff_tracker.so[0m
[26.413s] [100%] Built target buff_tracker
[26.454s] Invoked command in '/home/luis/azure_sky_ros2/build/buff_tracker' returned '0': AMENT_PREFIX_PATH=/home/luis/azure_sky_ros2/install/buff_interfaces:${AMENT_PREFIX_PATH} CMAKE_PREFIX_PATH=/home/luis/azure_sky_ros2/install/buff_interfaces:/opt/ros/humble LD_LIBRARY_PATH=/home/luis/azure_sky_ros2/install/buff_interfaces/lib:/opt/MVS/lib/64:/opt/MVS/lib/32:/usr/lib/x86_64-linux-gnu/gazebo-11/plugins:/opt/ros/humble/opt/rviz_ogre_vendor/lib:/opt/ros/humble/lib/x86_64-linux-gnu:/opt/ros/humble/lib:/opt/MVS/lib/64:/opt/MVS/lib/32:/opt/MVS/lib/64:/opt/MVS/lib/32 PYTHONPATH=/home/luis/azure_sky_ros2/install/buff_interfaces/local/lib/python3.10/dist-packages:${PYTHONPATH} /usr/bin/cmake --build /home/luis/azure_sky_ros2/build/buff_tracker -- -j12 -l12
[26.460s] Invoking command in '/home/luis/azure_sky_ros2/build/buff_tracker': AMENT_PREFIX_PATH=/home/luis/azure_sky_ros2/install/buff_interfaces:${AMENT_PREFIX_PATH} CMAKE_PREFIX_PATH=/home/luis/azure_sky_ros2/install/buff_interfaces:/opt/ros/humble LD_LIBRARY_PATH=/home/luis/azure_sky_ros2/install/buff_interfaces/lib:/opt/MVS/lib/64:/opt/MVS/lib/32:/usr/lib/x86_64-linux-gnu/gazebo-11/plugins:/opt/ros/humble/opt/rviz_ogre_vendor/lib:/opt/ros/humble/lib/x86_64-linux-gnu:/opt/ros/humble/lib:/opt/MVS/lib/64:/opt/MVS/lib/32:/opt/MVS/lib/64:/opt/MVS/lib/32 PYTHONPATH=/home/luis/azure_sky_ros2/install/buff_interfaces/local/lib/python3.10/dist-packages:${PYTHONPATH} /usr/bin/cmake --install /home/luis/azure_sky_ros2/build/buff_tracker
[26.467s] -- Install configuration: ""
[26.468s] -- Up-to-date: /home/luis/azure_sky_ros2/install/buff_tracker/lib/buff_tracker/buff_tracker_node
[26.468s] -- Up-to-date: /home/luis/azure_sky_ros2/install/buff_tracker/include
[26.469s] -- Up-to-date: /home/luis/azure_sky_ros2/install/buff_tracker/include/buff_tracker
[26.469s] -- Installing: /home/luis/azure_sky_ros2/install/buff_tracker/include/buff_tracker/gauss_newton_solver.hpp
[26.469s] -- Installing: /home/luis/azure_sky_ros2/install/buff_tracker/include/buff_tracker/extended_kalman_filter.hpp
[26.469s] -- Installing: /home/luis/azure_sky_ros2/install/buff_tracker/include/buff_tracker/tracker_node.hpp
[26.470s] -- Installing: /home/luis/azure_sky_ros2/install/buff_tracker/include/buff_tracker/tracker.hpp
[26.470s] -- Up-to-date: /home/luis/azure_sky_ros2/install/buff_tracker/share/buff_tracker/environment/library_path.sh
[26.471s] -- Installing: /home/luis/azure_sky_ros2/install/buff_tracker/share/buff_tracker/environment/library_path.dsv
[26.471s] -- Installing: /home/luis/azure_sky_ros2/install/buff_tracker/lib/libbuff_tracker.so
[26.491s] -- Set runtime path of "/home/luis/azure_sky_ros2/install/buff_tracker/lib/libbuff_tracker.so" to ""
[26.492s] -- Up-to-date: /home/luis/azure_sky_ros2/install/buff_tracker/share/ament_index/resource_index/package_run_dependencies/buff_tracker
[26.492s] -- Installing: /home/luis/azure_sky_ros2/install/buff_tracker/share/ament_index/resource_index/parent_prefix_path/buff_tracker
[26.492s] -- Up-to-date: /home/luis/azure_sky_ros2/install/buff_tracker/share/buff_tracker/environment/ament_prefix_path.sh
[26.492s] -- Installing: /home/luis/azure_sky_ros2/install/buff_tracker/share/buff_tracker/environment/ament_prefix_path.dsv
[26.492s] -- Up-to-date: /home/luis/azure_sky_ros2/install/buff_tracker/share/buff_tracker/environment/path.sh
[26.493s] -- Installing: /home/luis/azure_sky_ros2/install/buff_tracker/share/buff_tracker/environment/path.dsv
[26.493s] -- Up-to-date: /home/luis/azure_sky_ros2/install/buff_tracker/share/buff_tracker/local_setup.bash
[26.493s] -- Up-to-date: /home/luis/azure_sky_ros2/install/buff_tracker/share/buff_tracker/local_setup.sh
[26.493s] -- Up-to-date: /home/luis/azure_sky_ros2/install/buff_tracker/share/buff_tracker/local_setup.zsh
[26.493s] -- Installing: /home/luis/azure_sky_ros2/install/buff_tracker/share/buff_tracker/local_setup.dsv
[26.493s] -- Installing: /home/luis/azure_sky_ros2/install/buff_tracker/share/buff_tracker/package.dsv
[26.494s] -- Up-to-date: /home/luis/azure_sky_ros2/install/buff_tracker/share/ament_index/resource_index/packages/buff_tracker
[26.494s] -- Up-to-date: /home/luis/azure_sky_ros2/install/buff_tracker/share/ament_index/resource_index/rclcpp_components/buff_tracker
[26.494s] -- Up-to-date: /home/luis/azure_sky_ros2/install/buff_tracker/share/buff_tracker/cmake/ament_cmake_export_dependencies-extras.cmake
[26.494s] -- Up-to-date: /home/luis/azure_sky_ros2/install/buff_tracker/share/buff_tracker/cmake/ament_cmake_export_include_directories-extras.cmake
[26.494s] -- Up-to-date: /home/luis/azure_sky_ros2/install/buff_tracker/share/buff_tracker/cmake/ament_cmake_export_libraries-extras.cmake
[26.494s] -- Up-to-date: /home/luis/azure_sky_ros2/install/buff_tracker/share/buff_tracker/cmake/buff_trackerConfig.cmake
[26.494s] -- Up-to-date: /home/luis/azure_sky_ros2/install/buff_tracker/share/buff_tracker/cmake/buff_trackerConfig-version.cmake
[26.494s] -- Installing: /home/luis/azure_sky_ros2/install/buff_tracker/share/buff_tracker/package.xml
[26.498s] Invoked command in '/home/luis/azure_sky_ros2/build/buff_tracker' returned '0': AMENT_PREFIX_PATH=/home/luis/azure_sky_ros2/install/buff_interfaces:${AMENT_PREFIX_PATH} CMAKE_PREFIX_PATH=/home/luis/azure_sky_ros2/install/buff_interfaces:/opt/ros/humble LD_LIBRARY_PATH=/home/luis/azure_sky_ros2/install/buff_interfaces/lib:/opt/MVS/lib/64:/opt/MVS/lib/32:/usr/lib/x86_64-linux-gnu/gazebo-11/plugins:/opt/ros/humble/opt/rviz_ogre_vendor/lib:/opt/ros/humble/lib/x86_64-linux-gnu:/opt/ros/humble/lib:/opt/MVS/lib/64:/opt/MVS/lib/32:/opt/MVS/lib/64:/opt/MVS/lib/32 PYTHONPATH=/home/luis/azure_sky_ros2/install/buff_interfaces/local/lib/python3.10/dist-packages:${PYTHONPATH} /usr/bin/cmake --install /home/luis/azure_sky_ros2/build/buff_tracker
