[0.027s] Invoking command in '/home/luis/workshop_ws/build/controlko_hardware_interface': CMAKE_PREFIX_PATH=/opt/ros/humble /usr/bin/cmake --build /home/luis/workshop_ws/build/controlko_hardware_interface -- -j12 -l12
[0.083s] [35m[1mConsolidate compiler generated dependencies of target gmock_main[0m
[0.083s] [35m[1mConsolidate compiler generated dependencies of target gmock[0m
[0.083s] [35m[1mConsolidate compiler generated dependencies of target controlko_hardware_interface[0m
[0.121s] [ 22%] Built target gmock_main
[0.121s] [ 55%] Built target gmock
[0.122s] [ 77%] Built target controlko_hardware_interface
[0.133s] [35m[1mConsolidate compiler generated dependencies of target test_rrbot_hardware_interface[0m
[0.153s] [100%] Built target test_rrbot_hardware_interface
[0.200s] Invoked command in '/home/luis/workshop_ws/build/controlko_hardware_interface' returned '0': CMAKE_PREFIX_PATH=/opt/ros/humble /usr/bin/cmake --build /home/luis/workshop_ws/build/controlko_hardware_interface -- -j12 -l12
[0.201s] Invoking command in '/home/luis/workshop_ws/build/controlko_hardware_interface': CMAKE_PREFIX_PATH=/opt/ros/humble /usr/bin/cmake --install /home/luis/workshop_ws/build/controlko_hardware_interface
[0.205s] -- Install configuration: ""
[0.205s] -- Execute custom install script
[0.205s] -- Up-to-date symlink: /home/luis/workshop_ws/install/controlko_hardware_interface/share/controlko_hardware_interface//controlko_hardware_interface.xml
[0.206s] -- Up-to-date symlink: /home/luis/workshop_ws/install/controlko_hardware_interface/lib/libcontrolko_hardware_interface.so
[0.206s] -- Up-to-date symlink: /home/luis/workshop_ws/install/controlko_hardware_interface/include/controlko_hardware_interface/dr_denis_rrbot_comms.hpp
[0.206s] -- Up-to-date symlink: /home/luis/workshop_ws/install/controlko_hardware_interface/include/controlko_hardware_interface/rrbot_hardware_interface.hpp
[0.206s] -- Up-to-date symlink: /home/luis/workshop_ws/install/controlko_hardware_interface/include/controlko_hardware_interface/visibility_control.h
[0.206s] -- Up-to-date symlink: /home/luis/workshop_ws/install/controlko_hardware_interface/share/controlko_hardware_interface/environment/library_path.sh
[0.207s] -- Up-to-date symlink: /home/luis/workshop_ws/install/controlko_hardware_interface/share/controlko_hardware_interface/environment/library_path.dsv
[0.207s] -- Up-to-date symlink: /home/luis/workshop_ws/install/controlko_hardware_interface/share/ament_index/resource_index/package_run_dependencies/controlko_hardware_interface
[0.207s] -- Up-to-date symlink: /home/luis/workshop_ws/install/controlko_hardware_interface/share/ament_index/resource_index/parent_prefix_path/controlko_hardware_interface
[0.207s] -- Up-to-date symlink: /home/luis/workshop_ws/install/controlko_hardware_interface/share/controlko_hardware_interface/environment/ament_prefix_path.sh
[0.207s] -- Up-to-date symlink: /home/luis/workshop_ws/install/controlko_hardware_interface/share/controlko_hardware_interface/environment/ament_prefix_path.dsv
[0.207s] -- Up-to-date symlink: /home/luis/workshop_ws/install/controlko_hardware_interface/share/controlko_hardware_interface/environment/path.sh
[0.208s] -- Up-to-date symlink: /home/luis/workshop_ws/install/controlko_hardware_interface/share/controlko_hardware_interface/environment/path.dsv
[0.208s] -- Up-to-date symlink: /home/luis/workshop_ws/install/controlko_hardware_interface/share/controlko_hardware_interface/local_setup.bash
[0.208s] -- Up-to-date symlink: /home/luis/workshop_ws/install/controlko_hardware_interface/share/controlko_hardware_interface/local_setup.sh
[0.208s] -- Up-to-date symlink: /home/luis/workshop_ws/install/controlko_hardware_interface/share/controlko_hardware_interface/local_setup.zsh
[0.208s] -- Up-to-date symlink: /home/luis/workshop_ws/install/controlko_hardware_interface/share/controlko_hardware_interface/local_setup.dsv
[0.209s] -- Symlinking: /home/luis/workshop_ws/install/controlko_hardware_interface/share/controlko_hardware_interface/package.dsv
[0.219s] -- Up-to-date symlink: /home/luis/workshop_ws/install/controlko_hardware_interface/share/ament_index/resource_index/packages/controlko_hardware_interface
[0.219s] -- Up-to-date symlink: /home/luis/workshop_ws/install/controlko_hardware_interface/share/ament_index/resource_index/hardware_interface__pluginlib__plugin/controlko_hardware_interface
[0.219s] -- Up-to-date symlink: /home/luis/workshop_ws/install/controlko_hardware_interface/share/controlko_hardware_interface/cmake/ament_cmake_export_include_directories-extras.cmake
[0.219s] -- Up-to-date symlink: /home/luis/workshop_ws/install/controlko_hardware_interface/share/controlko_hardware_interface/cmake/ament_cmake_export_libraries-extras.cmake
[0.219s] -- Up-to-date symlink: /home/luis/workshop_ws/install/controlko_hardware_interface/share/controlko_hardware_interface/cmake/ament_cmake_export_dependencies-extras.cmake
[0.219s] -- Up-to-date symlink: /home/luis/workshop_ws/install/controlko_hardware_interface/share/controlko_hardware_interface/cmake/controlko_hardware_interfaceConfig.cmake
[0.220s] -- Up-to-date symlink: /home/luis/workshop_ws/install/controlko_hardware_interface/share/controlko_hardware_interface/cmake/controlko_hardware_interfaceConfig-version.cmake
[0.220s] -- Up-to-date symlink: /home/luis/workshop_ws/install/controlko_hardware_interface/share/controlko_hardware_interface/package.xml
[0.224s] Invoked command in '/home/luis/workshop_ws/build/controlko_hardware_interface' returned '0': CMAKE_PREFIX_PATH=/opt/ros/humble /usr/bin/cmake --install /home/luis/workshop_ws/build/controlko_hardware_interface
