[0.051s] Invoking command in '/home/luis/azure_sky_ros2/build/rm_gimbal_description': CMAKE_PREFIX_PATH=${CMAKE_PREFIX_PATH}:/opt/ros/humble /usr/bin/cmake /home/luis/azure_sky_ros2/src/rm_gimbal_description -DCMAKE_INSTALL_PREFIX=/home/luis/azure_sky_ros2/install/rm_gimbal_description
[0.190s] -- The C compiler identification is GNU 12.3.0
[0.337s] -- The CXX compiler identification is GNU 11.4.0
[0.352s] -- Detecting C compiler ABI info
[0.553s] -- Detecting C compiler ABI info - done
[0.569s] -- Check for working C compiler: /usr/bin/cc - skipped
[0.569s] -- Detecting C compile features
[0.571s] -- Detecting C compile features - done
[0.576s] -- Detecting CXX compiler ABI info
[0.777s] -- Detecting CXX compiler ABI info - done
[0.789s] -- Check for working CXX compiler: /usr/bin/c++ - skipped
[0.789s] -- Detecting CXX compile features
[0.790s] -- Detecting CXX compile features - done
[0.794s] -- Found ament_cmake: 1.3.11 (/opt/ros/humble/share/ament_cmake/cmake)
[1.147s] -- Found Python3: /usr/bin/python3 (found version "3.10.12") found components: Interpreter 
[1.359s] -- Found ament_lint_auto: 0.12.12 (/opt/ros/humble/share/ament_lint_auto/cmake)
[1.512s] -- Added test 'lint_cmake' to check CMake code style
[1.515s] -- Added test 'xmllint' to check XML markup files
[1.518s] -- Configuring done
[1.523s] -- Generating done
[1.526s] -- Build files have been written to: /home/luis/azure_sky_ros2/build/rm_gimbal_description
[1.535s] Invoked command in '/home/luis/azure_sky_ros2/build/rm_gimbal_description' returned '0': CMAKE_PREFIX_PATH=${CMAKE_PREFIX_PATH}:/opt/ros/humble /usr/bin/cmake /home/luis/azure_sky_ros2/src/rm_gimbal_description -DCMAKE_INSTALL_PREFIX=/home/luis/azure_sky_ros2/install/rm_gimbal_description
[1.536s] Invoking command in '/home/luis/azure_sky_ros2/build/rm_gimbal_description': CMAKE_PREFIX_PATH=${CMAKE_PREFIX_PATH}:/opt/ros/humble /usr/bin/cmake --build /home/luis/azure_sky_ros2/build/rm_gimbal_description -- -j12 -l12
[1.626s] Invoked command in '/home/luis/azure_sky_ros2/build/rm_gimbal_description' returned '0': CMAKE_PREFIX_PATH=${CMAKE_PREFIX_PATH}:/opt/ros/humble /usr/bin/cmake --build /home/luis/azure_sky_ros2/build/rm_gimbal_description -- -j12 -l12
[1.651s] Invoking command in '/home/luis/azure_sky_ros2/build/rm_gimbal_description': CMAKE_PREFIX_PATH=${CMAKE_PREFIX_PATH}:/opt/ros/humble /usr/bin/cmake --install /home/luis/azure_sky_ros2/build/rm_gimbal_description
[1.669s] -- Install configuration: ""
[1.671s] -- Installing: /home/luis/azure_sky_ros2/install/rm_gimbal_description/share/rm_gimbal_description/urdf
[1.671s] -- Installing: /home/luis/azure_sky_ros2/install/rm_gimbal_description/share/rm_gimbal_description/urdf/rm_gimbal.urdf.xacro
[1.671s] -- Installing: /home/luis/azure_sky_ros2/install/rm_gimbal_description/share/ament_index/resource_index/package_run_dependencies/rm_gimbal_description
[1.671s] -- Installing: /home/luis/azure_sky_ros2/install/rm_gimbal_description/share/ament_index/resource_index/parent_prefix_path/rm_gimbal_description
[1.671s] -- Installing: /home/luis/azure_sky_ros2/install/rm_gimbal_description/share/rm_gimbal_description/environment/ament_prefix_path.sh
[1.672s] -- Installing: /home/luis/azure_sky_ros2/install/rm_gimbal_description/share/rm_gimbal_description/environment/ament_prefix_path.dsv
[1.672s] -- Installing: /home/luis/azure_sky_ros2/install/rm_gimbal_description/share/rm_gimbal_description/environment/path.sh
[1.672s] -- Installing: /home/luis/azure_sky_ros2/install/rm_gimbal_description/share/rm_gimbal_description/environment/path.dsv
[1.672s] -- Installing: /home/luis/azure_sky_ros2/install/rm_gimbal_description/share/rm_gimbal_description/local_setup.bash
[1.672s] -- Installing: /home/luis/azure_sky_ros2/install/rm_gimbal_description/share/rm_gimbal_description/local_setup.sh
[1.673s] -- Installing: /home/luis/azure_sky_ros2/install/rm_gimbal_description/share/rm_gimbal_description/local_setup.zsh
[1.673s] -- Installing: /home/luis/azure_sky_ros2/install/rm_gimbal_description/share/rm_gimbal_description/local_setup.dsv
[1.673s] -- Installing: /home/luis/azure_sky_ros2/install/rm_gimbal_description/share/rm_gimbal_description/package.dsv
[1.673s] -- Installing: /home/luis/azure_sky_ros2/install/rm_gimbal_description/share/ament_index/resource_index/packages/rm_gimbal_description
[1.674s] -- Installing: /home/luis/azure_sky_ros2/install/rm_gimbal_description/share/rm_gimbal_description/cmake/rm_gimbal_descriptionConfig.cmake
[1.674s] -- Installing: /home/luis/azure_sky_ros2/install/rm_gimbal_description/share/rm_gimbal_description/cmake/rm_gimbal_descriptionConfig-version.cmake
[1.674s] -- Installing: /home/luis/azure_sky_ros2/install/rm_gimbal_description/share/rm_gimbal_description/package.xml
[1.679s] Invoked command in '/home/luis/azure_sky_ros2/build/rm_gimbal_description' returned '0': CMAKE_PREFIX_PATH=${CMAKE_PREFIX_PATH}:/opt/ros/humble /usr/bin/cmake --install /home/luis/azure_sky_ros2/build/rm_gimbal_description
