[0.012s] Invoking command in '/home/luis/workshop_ws/build/controlko_bringup': AMENT_PREFIX_PATH=/home/luis/workshop_ws/install/controlko_description:${AMENT_PREFIX_PATH} CMAKE_PREFIX_PATH=/home/luis/workshop_ws/install/controlko_description:/opt/ros/humble /usr/bin/cmake /home/luis/workshop_ws/src/controlko_bringup -DAMENT_CMAKE_SYMLINK_INSTALL=1 -DCMAKE_INSTALL_PREFIX=/home/luis/workshop_ws/install/controlko_bringup
[0.099s] -- The C compiler identification is GNU 12.3.0
[0.167s] -- The CXX compiler identification is GNU 11.4.0
[0.175s] -- Detecting C compiler ABI info
[0.257s] -- Detecting C compiler ABI info - done
[0.267s] -- Check for working C compiler: /usr/bin/cc - skipped
[0.267s] -- Detecting C compile features
[0.268s] -- Detecting C compile features - done
[0.272s] -- Detecting CXX compiler ABI info
[0.364s] -- Detecting CXX compiler ABI info - done
[0.380s] -- Check for working CXX compiler: /usr/bin/c++ - skipped
[0.380s] -- Detecting CXX compile features
[0.381s] -- Detecting CXX compile features - done
[0.384s] -- Found ament_cmake: 1.3.11 (/opt/ros/humble/share/ament_cmake/cmake)
[0.556s] -- Found Python3: /usr/bin/python3 (found version "3.10.12") found components: Interpreter 
[0.632s] -- Override CMake install command with custom implementation using symlinks instead of copying resources
[0.665s] -- Found ament_lint_auto: 0.12.12 (/opt/ros/humble/share/ament_lint_auto/cmake)
[0.783s] -- Added test 'flake8' to check Python code syntax and style conventions
[0.783s] -- Added test 'lint_cmake' to check CMake code style
[0.783s] -- Added test 'pep257' to check Python code against some of the docstring style conventions in PEP 257
[0.786s] -- Added test 'xmllint' to check XML markup files
[0.788s] -- Configuring done
[0.793s] -- Generating done
[0.795s] -- Build files have been written to: /home/luis/workshop_ws/build/controlko_bringup
[0.804s] Invoked command in '/home/luis/workshop_ws/build/controlko_bringup' returned '0': AMENT_PREFIX_PATH=/home/luis/workshop_ws/install/controlko_description:${AMENT_PREFIX_PATH} CMAKE_PREFIX_PATH=/home/luis/workshop_ws/install/controlko_description:/opt/ros/humble /usr/bin/cmake /home/luis/workshop_ws/src/controlko_bringup -DAMENT_CMAKE_SYMLINK_INSTALL=1 -DCMAKE_INSTALL_PREFIX=/home/luis/workshop_ws/install/controlko_bringup
[0.809s] Invoking command in '/home/luis/workshop_ws/build/controlko_bringup': AMENT_PREFIX_PATH=/home/luis/workshop_ws/install/controlko_description:${AMENT_PREFIX_PATH} CMAKE_PREFIX_PATH=/home/luis/workshop_ws/install/controlko_description:/opt/ros/humble /usr/bin/cmake --build /home/luis/workshop_ws/build/controlko_bringup -- -j12 -l12
[0.873s] Invoked command in '/home/luis/workshop_ws/build/controlko_bringup' returned '0': AMENT_PREFIX_PATH=/home/luis/workshop_ws/install/controlko_description:${AMENT_PREFIX_PATH} CMAKE_PREFIX_PATH=/home/luis/workshop_ws/install/controlko_description:/opt/ros/humble /usr/bin/cmake --build /home/luis/workshop_ws/build/controlko_bringup -- -j12 -l12
[0.875s] Invoking command in '/home/luis/workshop_ws/build/controlko_bringup': AMENT_PREFIX_PATH=/home/luis/workshop_ws/install/controlko_description:${AMENT_PREFIX_PATH} CMAKE_PREFIX_PATH=/home/luis/workshop_ws/install/controlko_description:/opt/ros/humble /usr/bin/cmake --install /home/luis/workshop_ws/build/controlko_bringup
[0.888s] -- Install configuration: ""
[0.889s] -- Execute custom install script
[0.890s] -- Symlinking: /home/luis/workshop_ws/install/controlko_bringup/share/controlko_bringup/config/rrbot_controllers.yaml
[0.904s] -- Symlinking: /home/luis/workshop_ws/install/controlko_bringup/share/controlko_bringup/config/soho-12_controllers.yaml
[0.919s] -- Symlinking: /home/luis/workshop_ws/install/controlko_bringup/share/controlko_bringup/config/test_goal_publishers_config.yaml
[0.936s] -- Symlinking: /home/luis/workshop_ws/install/controlko_bringup/share/controlko_bringup/rrbot.launch.py
[0.952s] -- Symlinking: /home/luis/workshop_ws/install/controlko_bringup/share/controlko_bringup/rrbot_real.launch.py
[0.974s] -- Symlinking: /home/luis/workshop_ws/install/controlko_bringup/share/controlko_bringup/rrbot_sim_gazebo.launch.py
[0.998s] -- Symlinking: /home/luis/workshop_ws/install/controlko_bringup/share/controlko_bringup/rrbot_sim_gazebo_classic.launch.py
[1.015s] -- Symlinking: /home/luis/workshop_ws/install/controlko_bringup/share/controlko_bringup/soho-12.launch.py
[1.033s] -- Symlinking: /home/luis/workshop_ws/install/controlko_bringup/share/controlko_bringup/test_forward_position_controller.launch.py
[1.055s] -- Symlinking: /home/luis/workshop_ws/install/controlko_bringup/share/controlko_bringup/test_joint_trajectory_controller.launch.py
[1.074s] -- Symlinking: /home/luis/workshop_ws/install/controlko_bringup/share/ament_index/resource_index/package_run_dependencies/controlko_bringup
[1.093s] -- Symlinking: /home/luis/workshop_ws/install/controlko_bringup/share/ament_index/resource_index/parent_prefix_path/controlko_bringup
[1.124s] -- Symlinking: /home/luis/workshop_ws/install/controlko_bringup/share/controlko_bringup/environment/ament_prefix_path.sh
[1.141s] -- Symlinking: /home/luis/workshop_ws/install/controlko_bringup/share/controlko_bringup/environment/ament_prefix_path.dsv
[1.162s] -- Symlinking: /home/luis/workshop_ws/install/controlko_bringup/share/controlko_bringup/environment/path.sh
[1.176s] -- Symlinking: /home/luis/workshop_ws/install/controlko_bringup/share/controlko_bringup/environment/path.dsv
[1.193s] -- Symlinking: /home/luis/workshop_ws/install/controlko_bringup/share/controlko_bringup/local_setup.bash
[1.211s] -- Symlinking: /home/luis/workshop_ws/install/controlko_bringup/share/controlko_bringup/local_setup.sh
[1.228s] -- Symlinking: /home/luis/workshop_ws/install/controlko_bringup/share/controlko_bringup/local_setup.zsh
[1.244s] -- Symlinking: /home/luis/workshop_ws/install/controlko_bringup/share/controlko_bringup/local_setup.dsv
[1.262s] -- Symlinking: /home/luis/workshop_ws/install/controlko_bringup/share/controlko_bringup/package.dsv
[1.280s] -- Symlinking: /home/luis/workshop_ws/install/controlko_bringup/share/ament_index/resource_index/packages/controlko_bringup
[1.299s] -- Symlinking: /home/luis/workshop_ws/install/controlko_bringup/share/controlko_bringup/cmake/controlko_bringupConfig.cmake
[1.317s] -- Symlinking: /home/luis/workshop_ws/install/controlko_bringup/share/controlko_bringup/cmake/controlko_bringupConfig-version.cmake
[1.334s] -- Symlinking: /home/luis/workshop_ws/install/controlko_bringup/share/controlko_bringup/package.xml
[1.355s] Invoked command in '/home/luis/workshop_ws/build/controlko_bringup' returned '0': AMENT_PREFIX_PATH=/home/luis/workshop_ws/install/controlko_description:${AMENT_PREFIX_PATH} CMAKE_PREFIX_PATH=/home/luis/workshop_ws/install/controlko_description:/opt/ros/humble /usr/bin/cmake --install /home/luis/workshop_ws/build/controlko_bringup
