[0.016s] Invoking command in '/home/luis/azure_sky_ros2/build/buff_detector': AMENT_PREFIX_PATH=/home/luis/azure_sky_ros2/install/buff_interfaces:${AMENT_PREFIX_PATH} CMAKE_PREFIX_PATH=/home/luis/azure_sky_ros2/install/buff_interfaces:/opt/ros/humble LD_LIBRARY_PATH=/home/luis/azure_sky_ros2/install/buff_interfaces/lib:/opt/MVS/lib/64:/opt/MVS/lib/32:/usr/lib/x86_64-linux-gnu/gazebo-11/plugins:/opt/ros/humble/opt/rviz_ogre_vendor/lib:/opt/ros/humble/lib/x86_64-linux-gnu:/opt/ros/humble/lib:/opt/MVS/lib/64:/opt/MVS/lib/32:/opt/MVS/lib/64:/opt/MVS/lib/32 PYTHONPATH=/home/luis/azure_sky_ros2/install/buff_interfaces/local/lib/python3.10/dist-packages:${PYTHONPATH} /usr/bin/cmake --build /home/luis/azure_sky_ros2/build/buff_detector -- -j12 -l12
[0.055s] -- Found ament_cmake_auto: 1.3.11 (/opt/ros/humble/share/ament_cmake_auto/cmake)
[0.356s] -- Found rosidl_generator_c: 3.1.6 (/opt/ros/humble/share/rosidl_generator_c/cmake)
[0.360s] -- Found rosidl_adapter: 3.1.6 (/opt/ros/humble/share/rosidl_adapter/cmake)
[0.367s] -- Found rosidl_generator_cpp: 3.1.6 (/opt/ros/humble/share/rosidl_generator_cpp/cmake)
[0.380s] -- Using all available rosidl_typesupport_c: rosidl_typesupport_fastrtps_c;rosidl_typesupport_introspection_c
[0.396s] -- Using all available rosidl_typesupport_cpp: rosidl_typesupport_fastrtps_cpp;rosidl_typesupport_introspection_cpp
[0.429s] -- Found rmw_implementation_cmake: 6.1.2 (/opt/ros/humble/share/rmw_implementation_cmake/cmake)
[0.430s] -- Found rmw_fastrtps_cpp: 6.2.7 (/opt/ros/humble/share/rmw_fastrtps_cpp/cmake)
[0.557s] -- Using RMW implementation 'rmw_fastrtps_cpp' as default
[0.710s] -- Found eigen3_cmake_module: 0.1.1 (/opt/ros/humble/share/eigen3_cmake_module/cmake)
[0.711s] -- Ensuring Eigen3 include directory is part of orocos-kdl CMake target
[0.772s] -- Found ament_lint_auto: 0.12.12 (/opt/ros/humble/share/ament_lint_auto/cmake)
[0.783s] -- Added test 'cppcheck' to perform static code analysis on C / C++ code
[0.783s] -- Configured cppcheck include dirs: /home/luis/azure_sky_ros2/src/rm_buff/buff_detector/include
[0.783s] -- Configured cppcheck exclude dirs and/or files: 
[0.783s] -- Added test 'flake8' to check Python code syntax and style conventions
[0.784s] -- Added test 'lint_cmake' to check CMake code style
[0.784s] -- Added test 'pep257' to check Python code against some of the docstring style conventions in PEP 257
[0.785s] -- Added test 'xmllint' to check XML markup files
[0.788s] -- Configuring done
[0.817s] -- Generating done
[0.826s] -- Build files have been written to: /home/luis/azure_sky_ros2/build/buff_detector
[0.866s] [35m[1mConsolidate compiler generated dependencies of target buff_detector_node[0m
[0.868s] [35m[1mConsolidate compiler generated dependencies of target buff_detector[0m
[0.888s] [ 33%] Built target buff_detector_node
[0.901s] [ 50%] [32mBuilding CXX object CMakeFiles/buff_detector.dir/src/detector.cpp.o[0m
[0.904s] [ 83%] [32mBuilding CXX object CMakeFiles/buff_detector.dir/src/pnp_solver.cpp.o[0m
[0.904s] [ 83%] [32mBuilding CXX object CMakeFiles/buff_detector.dir/src/detector_node.cpp.o[0m
[25.781s] [100%] [32m[1mLinking CXX shared library libbuff_detector.so[0m
[27.611s] [100%] Built target buff_detector
[27.652s] Invoked command in '/home/luis/azure_sky_ros2/build/buff_detector' returned '0': AMENT_PREFIX_PATH=/home/luis/azure_sky_ros2/install/buff_interfaces:${AMENT_PREFIX_PATH} CMAKE_PREFIX_PATH=/home/luis/azure_sky_ros2/install/buff_interfaces:/opt/ros/humble LD_LIBRARY_PATH=/home/luis/azure_sky_ros2/install/buff_interfaces/lib:/opt/MVS/lib/64:/opt/MVS/lib/32:/usr/lib/x86_64-linux-gnu/gazebo-11/plugins:/opt/ros/humble/opt/rviz_ogre_vendor/lib:/opt/ros/humble/lib/x86_64-linux-gnu:/opt/ros/humble/lib:/opt/MVS/lib/64:/opt/MVS/lib/32:/opt/MVS/lib/64:/opt/MVS/lib/32 PYTHONPATH=/home/luis/azure_sky_ros2/install/buff_interfaces/local/lib/python3.10/dist-packages:${PYTHONPATH} /usr/bin/cmake --build /home/luis/azure_sky_ros2/build/buff_detector -- -j12 -l12
[27.655s] Invoking command in '/home/luis/azure_sky_ros2/build/buff_detector': AMENT_PREFIX_PATH=/home/luis/azure_sky_ros2/install/buff_interfaces:${AMENT_PREFIX_PATH} CMAKE_PREFIX_PATH=/home/luis/azure_sky_ros2/install/buff_interfaces:/opt/ros/humble LD_LIBRARY_PATH=/home/luis/azure_sky_ros2/install/buff_interfaces/lib:/opt/MVS/lib/64:/opt/MVS/lib/32:/usr/lib/x86_64-linux-gnu/gazebo-11/plugins:/opt/ros/humble/opt/rviz_ogre_vendor/lib:/opt/ros/humble/lib/x86_64-linux-gnu:/opt/ros/humble/lib:/opt/MVS/lib/64:/opt/MVS/lib/32:/opt/MVS/lib/64:/opt/MVS/lib/32 PYTHONPATH=/home/luis/azure_sky_ros2/install/buff_interfaces/local/lib/python3.10/dist-packages:${PYTHONPATH} /usr/bin/cmake --install /home/luis/azure_sky_ros2/build/buff_detector
[27.671s] -- Install configuration: ""
[27.673s] -- Up-to-date: /home/luis/azure_sky_ros2/install/buff_detector/lib/buff_detector/buff_detector_node
[27.673s] -- Up-to-date: /home/luis/azure_sky_ros2/install/buff_detector/include
[27.674s] -- Up-to-date: /home/luis/azure_sky_ros2/install/buff_detector/include/buff_detector
[27.674s] -- Installing: /home/luis/azure_sky_ros2/install/buff_detector/include/buff_detector/pnp_solver.hpp
[27.674s] -- Installing: /home/luis/azure_sky_ros2/install/buff_detector/include/buff_detector/blade.hpp
[27.675s] -- Installing: /home/luis/azure_sky_ros2/install/buff_detector/include/buff_detector/detector.hpp
[27.675s] -- Installing: /home/luis/azure_sky_ros2/install/buff_detector/include/buff_detector/detector_node.hpp
[27.676s] -- Up-to-date: /home/luis/azure_sky_ros2/install/buff_detector/share/buff_detector/environment/library_path.sh
[27.676s] -- Installing: /home/luis/azure_sky_ros2/install/buff_detector/share/buff_detector/environment/library_path.dsv
[27.676s] -- Installing: /home/luis/azure_sky_ros2/install/buff_detector/lib/libbuff_detector.so
[27.693s] -- Set runtime path of "/home/luis/azure_sky_ros2/install/buff_detector/lib/libbuff_detector.so" to ""
[27.693s] -- Up-to-date: /home/luis/azure_sky_ros2/install/buff_detector/share/buff_detector/models
[27.693s] -- Installing: /home/luis/azure_sky_ros2/install/buff_detector/share/buff_detector/models/buff_quantized.xml
[27.695s] -- Installing: /home/luis/azure_sky_ros2/install/buff_detector/share/buff_detector/models/buff_quantized.bin
[27.701s] -- Up-to-date: /home/luis/azure_sky_ros2/install/buff_detector/share/buff_detector/launch
[27.701s] -- Installing: /home/luis/azure_sky_ros2/install/buff_detector/share/buff_detector/launch/buff_detector.launch.py
[27.702s] -- Up-to-date: /home/luis/azure_sky_ros2/install/buff_detector/share/ament_index/resource_index/package_run_dependencies/buff_detector
[27.702s] -- Installing: /home/luis/azure_sky_ros2/install/buff_detector/share/ament_index/resource_index/parent_prefix_path/buff_detector
[27.702s] -- Up-to-date: /home/luis/azure_sky_ros2/install/buff_detector/share/buff_detector/environment/ament_prefix_path.sh
[27.702s] -- Installing: /home/luis/azure_sky_ros2/install/buff_detector/share/buff_detector/environment/ament_prefix_path.dsv
[27.703s] -- Up-to-date: /home/luis/azure_sky_ros2/install/buff_detector/share/buff_detector/environment/path.sh
[27.703s] -- Installing: /home/luis/azure_sky_ros2/install/buff_detector/share/buff_detector/environment/path.dsv
[27.703s] -- Up-to-date: /home/luis/azure_sky_ros2/install/buff_detector/share/buff_detector/local_setup.bash
[27.703s] -- Up-to-date: /home/luis/azure_sky_ros2/install/buff_detector/share/buff_detector/local_setup.sh
[27.704s] -- Up-to-date: /home/luis/azure_sky_ros2/install/buff_detector/share/buff_detector/local_setup.zsh
[27.704s] -- Installing: /home/luis/azure_sky_ros2/install/buff_detector/share/buff_detector/local_setup.dsv
[27.704s] -- Installing: /home/luis/azure_sky_ros2/install/buff_detector/share/buff_detector/package.dsv
[27.704s] -- Up-to-date: /home/luis/azure_sky_ros2/install/buff_detector/share/ament_index/resource_index/packages/buff_detector
[27.704s] -- Up-to-date: /home/luis/azure_sky_ros2/install/buff_detector/share/ament_index/resource_index/rclcpp_components/buff_detector
[27.705s] -- Up-to-date: /home/luis/azure_sky_ros2/install/buff_detector/share/buff_detector/cmake/ament_cmake_export_dependencies-extras.cmake
[27.705s] -- Up-to-date: /home/luis/azure_sky_ros2/install/buff_detector/share/buff_detector/cmake/ament_cmake_export_include_directories-extras.cmake
[27.705s] -- Up-to-date: /home/luis/azure_sky_ros2/install/buff_detector/share/buff_detector/cmake/ament_cmake_export_libraries-extras.cmake
[27.705s] -- Up-to-date: /home/luis/azure_sky_ros2/install/buff_detector/share/buff_detector/cmake/buff_detectorConfig.cmake
[27.705s] -- Up-to-date: /home/luis/azure_sky_ros2/install/buff_detector/share/buff_detector/cmake/buff_detectorConfig-version.cmake
[27.705s] -- Installing: /home/luis/azure_sky_ros2/install/buff_detector/share/buff_detector/package.xml
[27.707s] Invoked command in '/home/luis/azure_sky_ros2/build/buff_detector' returned '0': AMENT_PREFIX_PATH=/home/luis/azure_sky_ros2/install/buff_interfaces:${AMENT_PREFIX_PATH} CMAKE_PREFIX_PATH=/home/luis/azure_sky_ros2/install/buff_interfaces:/opt/ros/humble LD_LIBRARY_PATH=/home/luis/azure_sky_ros2/install/buff_interfaces/lib:/opt/MVS/lib/64:/opt/MVS/lib/32:/usr/lib/x86_64-linux-gnu/gazebo-11/plugins:/opt/ros/humble/opt/rviz_ogre_vendor/lib:/opt/ros/humble/lib/x86_64-linux-gnu:/opt/ros/humble/lib:/opt/MVS/lib/64:/opt/MVS/lib/32:/opt/MVS/lib/64:/opt/MVS/lib/32 PYTHONPATH=/home/luis/azure_sky_ros2/install/buff_interfaces/local/lib/python3.10/dist-packages:${PYTHONPATH} /usr/bin/cmake --install /home/luis/azure_sky_ros2/build/buff_detector
