[0.052s] Invoking command in '/home/luis/workshop_ws/build/controlko_bringup': AMENT_PREFIX_PATH=/home/luis/workshop_ws/install/controlko_description:${AMENT_PREFIX_PATH} CMAKE_PREFIX_PATH=/home/luis/workshop_ws/install/controlko_description:/opt/ros/humble /usr/bin/cmake --build /home/luis/workshop_ws/build/controlko_bringup -- -j12 -l12
[0.112s] Invoked command in '/home/luis/workshop_ws/build/controlko_bringup' returned '0': AMENT_PREFIX_PATH=/home/luis/workshop_ws/install/controlko_description:${AMENT_PREFIX_PATH} CMAKE_PREFIX_PATH=/home/luis/workshop_ws/install/controlko_description:/opt/ros/humble /usr/bin/cmake --build /home/luis/workshop_ws/build/controlko_bringup -- -j12 -l12
[0.118s] Invoking command in '/home/luis/workshop_ws/build/controlko_bringup': AMENT_PREFIX_PATH=/home/luis/workshop_ws/install/controlko_description:${AMENT_PREFIX_PATH} CMAKE_PREFIX_PATH=/home/luis/workshop_ws/install/controlko_description:/opt/ros/humble /usr/bin/cmake --install /home/luis/workshop_ws/build/controlko_bringup
[0.129s] -- Install configuration: ""
[0.129s] -- Execute custom install script
[0.129s] -- Up-to-date symlink: /home/luis/workshop_ws/install/controlko_bringup/share/controlko_bringup/config/rrbot_controllers.yaml
[0.129s] -- Up-to-date symlink: /home/luis/workshop_ws/install/controlko_bringup/share/controlko_bringup/config/soho-12_controllers.yaml
[0.129s] -- Up-to-date symlink: /home/luis/workshop_ws/install/controlko_bringup/share/controlko_bringup/config/test_goal_publishers_config.yaml
[0.130s] -- Up-to-date symlink: /home/luis/workshop_ws/install/controlko_bringup/share/controlko_bringup/rrbot.launch.py
[0.130s] -- Up-to-date symlink: /home/luis/workshop_ws/install/controlko_bringup/share/controlko_bringup/rrbot_real.launch.py
[0.130s] -- Up-to-date symlink: /home/luis/workshop_ws/install/controlko_bringup/share/controlko_bringup/rrbot_sim_gazebo.launch.py
[0.130s] -- Up-to-date symlink: /home/luis/workshop_ws/install/controlko_bringup/share/controlko_bringup/rrbot_sim_gazebo_classic.launch.py
[0.130s] -- Up-to-date symlink: /home/luis/workshop_ws/install/controlko_bringup/share/controlko_bringup/soho-12.launch.py
[0.130s] -- Up-to-date symlink: /home/luis/workshop_ws/install/controlko_bringup/share/controlko_bringup/test_forward_position_controller.launch.py
[0.130s] -- Up-to-date symlink: /home/luis/workshop_ws/install/controlko_bringup/share/controlko_bringup/test_joint_trajectory_controller.launch.py
[0.131s] -- Up-to-date symlink: /home/luis/workshop_ws/install/controlko_bringup/share/ament_index/resource_index/package_run_dependencies/controlko_bringup
[0.131s] -- Up-to-date symlink: /home/luis/workshop_ws/install/controlko_bringup/share/ament_index/resource_index/parent_prefix_path/controlko_bringup
[0.131s] -- Up-to-date symlink: /home/luis/workshop_ws/install/controlko_bringup/share/controlko_bringup/environment/ament_prefix_path.sh
[0.131s] -- Up-to-date symlink: /home/luis/workshop_ws/install/controlko_bringup/share/controlko_bringup/environment/ament_prefix_path.dsv
[0.131s] -- Up-to-date symlink: /home/luis/workshop_ws/install/controlko_bringup/share/controlko_bringup/environment/path.sh
[0.132s] -- Up-to-date symlink: /home/luis/workshop_ws/install/controlko_bringup/share/controlko_bringup/environment/path.dsv
[0.132s] -- Up-to-date symlink: /home/luis/workshop_ws/install/controlko_bringup/share/controlko_bringup/local_setup.bash
[0.132s] -- Up-to-date symlink: /home/luis/workshop_ws/install/controlko_bringup/share/controlko_bringup/local_setup.sh
[0.132s] -- Up-to-date symlink: /home/luis/workshop_ws/install/controlko_bringup/share/controlko_bringup/local_setup.zsh
[0.132s] -- Up-to-date symlink: /home/luis/workshop_ws/install/controlko_bringup/share/controlko_bringup/local_setup.dsv
[0.132s] -- Symlinking: /home/luis/workshop_ws/install/controlko_bringup/share/controlko_bringup/package.dsv
[0.145s] -- Up-to-date symlink: /home/luis/workshop_ws/install/controlko_bringup/share/ament_index/resource_index/packages/controlko_bringup
[0.145s] -- Up-to-date symlink: /home/luis/workshop_ws/install/controlko_bringup/share/controlko_bringup/cmake/controlko_bringupConfig.cmake
[0.146s] -- Up-to-date symlink: /home/luis/workshop_ws/install/controlko_bringup/share/controlko_bringup/cmake/controlko_bringupConfig-version.cmake
[0.146s] -- Up-to-date symlink: /home/luis/workshop_ws/install/controlko_bringup/share/controlko_bringup/package.xml
[0.152s] Invoked command in '/home/luis/workshop_ws/build/controlko_bringup' returned '0': AMENT_PREFIX_PATH=/home/luis/workshop_ws/install/controlko_description:${AMENT_PREFIX_PATH} CMAKE_PREFIX_PATH=/home/luis/workshop_ws/install/controlko_description:/opt/ros/humble /usr/bin/cmake --install /home/luis/workshop_ws/build/controlko_bringup
