[0.053s] Invoking command in '/home/luis/azure_sky_ros2/build/ros2_socketcan_msgs': CMAKE_PREFIX_PATH=${CMAKE_PREFIX_PATH}:/opt/ros/humble /usr/bin/cmake /home/luis/azure_sky_ros2/src/ros2_socketcan/ros2_socketcan_msgs -DCMAKE_INSTALL_PREFIX=/home/luis/azure_sky_ros2/install/ros2_socketcan_msgs
[0.201s] -- The C compiler identification is GNU 12.3.0
[0.327s] -- The CXX compiler identification is GNU 11.4.0
[0.342s] -- Detecting C compiler ABI info
[0.537s] -- Detecting C compiler ABI info - done
[0.550s] -- Check for working C compiler: /usr/bin/cc - skipped
[0.551s] -- Detecting C compile features
[0.554s] -- Detecting C compile features - done
[0.559s] -- Detecting CXX compiler ABI info
[0.757s] -- Detecting CXX compiler ABI info - done
[0.770s] -- Check for working CXX compiler: /usr/bin/c++ - skipped
[0.771s] -- Detecting CXX compile features
[0.772s] -- Detecting CXX compile features - done
[0.776s] -- Found ament_cmake_auto: 1.3.11 (/opt/ros/humble/share/ament_cmake_auto/cmake)
[1.124s] -- Found Python3: /usr/bin/python3 (found version "3.10.12") found components: Interpreter 
[1.473s] -- Using all available rosidl_typesupport_c: rosidl_typesupport_fastrtps_c;rosidl_typesupport_introspection_c
[1.487s] -- Found rosidl_adapter: 3.1.6 (/opt/ros/humble/share/rosidl_adapter/cmake)
[1.553s] -- Using all available rosidl_typesupport_cpp: rosidl_typesupport_fastrtps_cpp;rosidl_typesupport_introspection_cpp
[2.092s] -- Found ament_cmake_cppcheck: 0.12.12 (/opt/ros/humble/share/ament_cmake_cppcheck/cmake)
[2.099s] -- Found ament_cmake_cpplint: 0.12.12 (/opt/ros/humble/share/ament_cmake_cpplint/cmake)
[2.103s] -- Found ament_cmake_uncrustify: 0.12.12 (/opt/ros/humble/share/ament_cmake_uncrustify/cmake)
[2.110s] -- Found ament_cmake_ros: 0.10.0 (/opt/ros/humble/share/ament_cmake_ros/cmake)
[2.523s] -- Using all available rosidl_typesupport_c: rosidl_typesupport_fastrtps_c;rosidl_typesupport_introspection_c
[3.027s] -- Using all available rosidl_typesupport_cpp: rosidl_typesupport_fastrtps_cpp;rosidl_typesupport_introspection_cpp
[3.070s] -- Found PythonInterp: /usr/bin/python3 (found suitable version "3.10.12", minimum required is "3.6") 
[3.073s] -- Found python_cmake_module: 0.10.0 (/opt/ros/humble/share/python_cmake_module/cmake)
[3.127s] -- Found PythonLibs: /usr/lib/x86_64-linux-gnu/libpython3.10.so (found suitable version "3.10.12", minimum required is "3.5") 
[3.127s] -- Using PYTHON_EXECUTABLE: /usr/bin/python3
[3.127s] -- Using PYTHON_INCLUDE_DIRS: /usr/include/python3.10
[3.127s] -- Using PYTHON_LIBRARIES: /usr/lib/x86_64-linux-gnu/libpython3.10.so
[3.172s] -- Found PythonExtra: .so  
[3.299s] -- Found ament_cmake_flake8: 0.12.12 (/opt/ros/humble/share/ament_cmake_flake8/cmake)
[3.303s] -- Found ament_cmake_pep257: 0.12.12 (/opt/ros/humble/share/ament_cmake_pep257/cmake)
[3.310s] -- Found ament_lint_auto: 0.12.12 (/opt/ros/humble/share/ament_lint_auto/cmake)
[3.345s] -- Added test 'copyright' to check source files copyright and LICENSE
[3.347s] -- Added test 'lint_cmake' to check CMake code style
[3.348s] -- Added test 'xmllint' to check XML markup files
[3.356s] -- Configuring done
[3.431s] -- Generating done
[3.450s] -- Build files have been written to: /home/luis/azure_sky_ros2/build/ros2_socketcan_msgs
[3.468s] Invoked command in '/home/luis/azure_sky_ros2/build/ros2_socketcan_msgs' returned '0': CMAKE_PREFIX_PATH=${CMAKE_PREFIX_PATH}:/opt/ros/humble /usr/bin/cmake /home/luis/azure_sky_ros2/src/ros2_socketcan/ros2_socketcan_msgs -DCMAKE_INSTALL_PREFIX=/home/luis/azure_sky_ros2/install/ros2_socketcan_msgs
[3.471s] Invoking command in '/home/luis/azure_sky_ros2/build/ros2_socketcan_msgs': CMAKE_PREFIX_PATH=${CMAKE_PREFIX_PATH}:/opt/ros/humble /usr/bin/cmake --build /home/luis/azure_sky_ros2/build/ros2_socketcan_msgs -- -j12 -l12
[3.573s] [  3%] [34m[1mGenerating C code for ROS interfaces[0m
[3.588s] [  6%] [34m[1mGenerating C++ code for ROS interfaces[0m
[3.613s] [  6%] Built target ament_cmake_python_copy_ros2_socketcan_msgs
[4.101s] running egg_info
[4.103s] creating ros2_socketcan_msgs.egg-info
[4.104s] writing ros2_socketcan_msgs.egg-info/PKG-INFO
[4.104s] writing dependency_links to ros2_socketcan_msgs.egg-info/dependency_links.txt
[4.107s] writing top-level names to ros2_socketcan_msgs.egg-info/top_level.txt
[4.107s] writing manifest file 'ros2_socketcan_msgs.egg-info/SOURCES.txt'
[4.110s] reading manifest file 'ros2_socketcan_msgs.egg-info/SOURCES.txt'
[4.112s] writing manifest file 'ros2_socketcan_msgs.egg-info/SOURCES.txt'
[4.159s] [  6%] Built target ros2_socketcan_msgs__cpp
[4.217s] [  9%] [34m[1mGenerating C++ type support for eProsima Fast-RTPS[0m
[4.217s] [ 12%] [34m[1mGenerating C++ introspection for ROS interfaces[0m
[4.233s] [ 16%] [34m[1mGenerating C++ type support dispatch for ROS interfaces[0m
[4.241s] [ 16%] Built target ament_cmake_python_build_ros2_socketcan_msgs_egg
[4.337s] [ 19%] [32mBuilding C object CMakeFiles/ros2_socketcan_msgs__rosidl_generator_c.dir/rosidl_generator_c/ros2_socketcan_msgs/msg/detail/fd_frame__functions.c.o[0m
[4.555s] [ 22%] [32m[1mLinking C shared library libros2_socketcan_msgs__rosidl_generator_c.so[0m
[4.777s] [ 22%] Built target ros2_socketcan_msgs__rosidl_generator_c
[4.837s] [ 25%] [34m[1mGenerating C type support for eProsima Fast-RTPS[0m
[4.847s] [ 29%] [34m[1mGenerating C introspection for ROS interfaces[0m
[4.852s] [ 32%] [34m[1mGenerating C type support dispatch for ROS interfaces[0m
[4.969s] [ 35%] [32mBuilding CXX object CMakeFiles/ros2_socketcan_msgs__rosidl_typesupport_introspection_cpp.dir/rosidl_typesupport_introspection_cpp/ros2_socketcan_msgs/msg/detail/fd_frame__type_support.cpp.o[0m
[5.012s] [ 38%] [32mBuilding CXX object CMakeFiles/ros2_socketcan_msgs__rosidl_typesupport_cpp.dir/rosidl_typesupport_cpp/ros2_socketcan_msgs/msg/fd_frame__type_support.cpp.o[0m
[5.141s] [ 41%] [32mBuilding CXX object CMakeFiles/ros2_socketcan_msgs__rosidl_typesupport_fastrtps_cpp.dir/rosidl_typesupport_fastrtps_cpp/ros2_socketcan_msgs/msg/detail/dds_fastrtps/fd_frame__type_support.cpp.o[0m
[5.535s] [ 45%] [32mBuilding C object CMakeFiles/ros2_socketcan_msgs__rosidl_typesupport_introspection_c.dir/rosidl_typesupport_introspection_c/ros2_socketcan_msgs/msg/detail/fd_frame__type_support.c.o[0m
[5.739s] [ 48%] [32m[1mLinking C shared library libros2_socketcan_msgs__rosidl_typesupport_introspection_c.so[0m
[5.830s] [ 51%] [32mBuilding CXX object CMakeFiles/ros2_socketcan_msgs__rosidl_typesupport_c.dir/rosidl_typesupport_c/ros2_socketcan_msgs/msg/fd_frame__type_support.cpp.o[0m
[5.954s] [ 51%] Built target ros2_socketcan_msgs__rosidl_typesupport_introspection_c
[5.974s] [ 54%] [32m[1mLinking CXX shared library libros2_socketcan_msgs__rosidl_typesupport_c.so[0m
[5.990s] [ 58%] [32mBuilding CXX object CMakeFiles/ros2_socketcan_msgs__rosidl_typesupport_fastrtps_c.dir/rosidl_typesupport_fastrtps_c/ros2_socketcan_msgs/msg/detail/fd_frame__type_support_c.cpp.o[0m
[6.014s] [ 61%] [32m[1mLinking CXX shared library libros2_socketcan_msgs__rosidl_typesupport_introspection_cpp.so[0m
[6.167s] [ 61%] Built target ros2_socketcan_msgs__rosidl_typesupport_c
[6.387s] [ 64%] [32m[1mLinking CXX shared library libros2_socketcan_msgs__rosidl_typesupport_cpp.so[0m
[6.520s] [ 64%] Built target ros2_socketcan_msgs__rosidl_typesupport_introspection_cpp
[6.675s] [ 64%] Built target ros2_socketcan_msgs__rosidl_typesupport_cpp
[7.043s] [ 67%] [32m[1mLinking CXX shared library libros2_socketcan_msgs__rosidl_typesupport_fastrtps_cpp.so[0m
[7.301s] [ 70%] [32m[1mLinking CXX shared library libros2_socketcan_msgs__rosidl_typesupport_fastrtps_c.so[0m
[7.351s] [ 70%] Built target ros2_socketcan_msgs__rosidl_typesupport_fastrtps_cpp
[7.680s] [ 70%] Built target ros2_socketcan_msgs__rosidl_typesupport_fastrtps_c
[7.853s] [ 70%] Built target ros2_socketcan_msgs
[8.021s] [ 74%] [34m[1mGenerating Python code for ROS interfaces[0m
[10.065s] [ 74%] Built target ros2_socketcan_msgs__py
[10.175s] [ 77%] [32mBuilding C object CMakeFiles/ros2_socketcan_msgs__rosidl_generator_py.dir/rosidl_generator_py/ros2_socketcan_msgs/msg/_fd_frame_s.c.o[0m
[11.022s] [ 80%] [32m[1mLinking C shared library rosidl_generator_py/ros2_socketcan_msgs/libros2_socketcan_msgs__rosidl_generator_py.so[0m
[11.253s] [ 80%] Built target ros2_socketcan_msgs__rosidl_generator_py
[11.390s] [ 83%] [32mBuilding C object CMakeFiles/ros2_socketcan_msgs__rosidl_typesupport_fastrtps_c__pyext.dir/rosidl_generator_py/ros2_socketcan_msgs/_ros2_socketcan_msgs_s.ep.rosidl_typesupport_fastrtps_c.c.o[0m
[11.405s] [ 87%] [32mBuilding C object CMakeFiles/ros2_socketcan_msgs__rosidl_typesupport_introspection_c__pyext.dir/rosidl_generator_py/ros2_socketcan_msgs/_ros2_socketcan_msgs_s.ep.rosidl_typesupport_introspection_c.c.o[0m
[11.418s] [ 90%] [32mBuilding C object CMakeFiles/ros2_socketcan_msgs__rosidl_typesupport_c__pyext.dir/rosidl_generator_py/ros2_socketcan_msgs/_ros2_socketcan_msgs_s.ep.rosidl_typesupport_c.c.o[0m
[11.981s] [ 93%] [32m[1mLinking C shared library rosidl_generator_py/ros2_socketcan_msgs/ros2_socketcan_msgs_s__rosidl_typesupport_introspection_c.cpython-310-x86_64-linux-gnu.so[0m
[11.998s] [ 96%] [32m[1mLinking C shared library rosidl_generator_py/ros2_socketcan_msgs/ros2_socketcan_msgs_s__rosidl_typesupport_c.cpython-310-x86_64-linux-gnu.so[0m
[12.021s] [100%] [32m[1mLinking C shared library rosidl_generator_py/ros2_socketcan_msgs/ros2_socketcan_msgs_s__rosidl_typesupport_fastrtps_c.cpython-310-x86_64-linux-gnu.so[0m
[12.238s] [100%] Built target ros2_socketcan_msgs__rosidl_typesupport_c__pyext
[12.255s] [100%] Built target ros2_socketcan_msgs__rosidl_typesupport_introspection_c__pyext
[12.277s] [100%] Built target ros2_socketcan_msgs__rosidl_typesupport_fastrtps_c__pyext
[12.353s] Invoked command in '/home/luis/azure_sky_ros2/build/ros2_socketcan_msgs' returned '0': CMAKE_PREFIX_PATH=${CMAKE_PREFIX_PATH}:/opt/ros/humble /usr/bin/cmake --build /home/luis/azure_sky_ros2/build/ros2_socketcan_msgs -- -j12 -l12
[12.361s] Invoking command in '/home/luis/azure_sky_ros2/build/ros2_socketcan_msgs': CMAKE_PREFIX_PATH=${CMAKE_PREFIX_PATH}:/opt/ros/humble /usr/bin/cmake --install /home/luis/azure_sky_ros2/build/ros2_socketcan_msgs
[12.392s] -- Install configuration: ""
[12.393s] -- Installing: /home/luis/azure_sky_ros2/install/ros2_socketcan_msgs/share/ament_index/resource_index/rosidl_interfaces/ros2_socketcan_msgs
[12.393s] -- Installing: /home/luis/azure_sky_ros2/install/ros2_socketcan_msgs/include/ros2_socketcan_msgs/ros2_socketcan_msgs
[12.394s] -- Installing: /home/luis/azure_sky_ros2/install/ros2_socketcan_msgs/include/ros2_socketcan_msgs/ros2_socketcan_msgs/msg
[12.394s] -- Installing: /home/luis/azure_sky_ros2/install/ros2_socketcan_msgs/include/ros2_socketcan_msgs/ros2_socketcan_msgs/msg/detail
[12.394s] -- Installing: /home/luis/azure_sky_ros2/install/ros2_socketcan_msgs/include/ros2_socketcan_msgs/ros2_socketcan_msgs/msg/detail/fd_frame__functions.c
[12.394s] -- Installing: /home/luis/azure_sky_ros2/install/ros2_socketcan_msgs/include/ros2_socketcan_msgs/ros2_socketcan_msgs/msg/detail/fd_frame__functions.h
[12.397s] -- Installing: /home/luis/azure_sky_ros2/install/ros2_socketcan_msgs/include/ros2_socketcan_msgs/ros2_socketcan_msgs/msg/detail/fd_frame__type_support.h
[12.397s] -- Installing: /home/luis/azure_sky_ros2/install/ros2_socketcan_msgs/include/ros2_socketcan_msgs/ros2_socketcan_msgs/msg/detail/fd_frame__struct.h
[12.397s] -- Installing: /home/luis/azure_sky_ros2/install/ros2_socketcan_msgs/include/ros2_socketcan_msgs/ros2_socketcan_msgs/msg/rosidl_generator_c__visibility_control.h
[12.397s] -- Installing: /home/luis/azure_sky_ros2/install/ros2_socketcan_msgs/include/ros2_socketcan_msgs/ros2_socketcan_msgs/msg/fd_frame.h
[12.397s] -- Installing: /home/luis/azure_sky_ros2/install/ros2_socketcan_msgs/share/ros2_socketcan_msgs/environment/library_path.sh
[12.399s] -- Installing: /home/luis/azure_sky_ros2/install/ros2_socketcan_msgs/share/ros2_socketcan_msgs/environment/library_path.dsv
[12.400s] -- Installing: /home/luis/azure_sky_ros2/install/ros2_socketcan_msgs/lib/libros2_socketcan_msgs__rosidl_generator_c.so
[12.400s] -- Set runtime path of "/home/luis/azure_sky_ros2/install/ros2_socketcan_msgs/lib/libros2_socketcan_msgs__rosidl_generator_c.so" to ""
[12.401s] -- Up-to-date: /home/luis/azure_sky_ros2/install/ros2_socketcan_msgs/include/ros2_socketcan_msgs/ros2_socketcan_msgs
[12.401s] -- Up-to-date: /home/luis/azure_sky_ros2/install/ros2_socketcan_msgs/include/ros2_socketcan_msgs/ros2_socketcan_msgs/msg
[12.401s] -- Installing: /home/luis/azure_sky_ros2/install/ros2_socketcan_msgs/include/ros2_socketcan_msgs/ros2_socketcan_msgs/msg/rosidl_typesupport_fastrtps_c__visibility_control.h
[12.406s] -- Up-to-date: /home/luis/azure_sky_ros2/install/ros2_socketcan_msgs/include/ros2_socketcan_msgs/ros2_socketcan_msgs/msg/detail
[12.406s] -- Installing: /home/luis/azure_sky_ros2/install/ros2_socketcan_msgs/include/ros2_socketcan_msgs/ros2_socketcan_msgs/msg/detail/fd_frame__rosidl_typesupport_fastrtps_c.h
[12.406s] -- Installing: /home/luis/azure_sky_ros2/install/ros2_socketcan_msgs/lib/libros2_socketcan_msgs__rosidl_typesupport_fastrtps_c.so
[12.406s] -- Set runtime path of "/home/luis/azure_sky_ros2/install/ros2_socketcan_msgs/lib/libros2_socketcan_msgs__rosidl_typesupport_fastrtps_c.so" to ""
[12.406s] -- Up-to-date: /home/luis/azure_sky_ros2/install/ros2_socketcan_msgs/include/ros2_socketcan_msgs/ros2_socketcan_msgs
[12.407s] -- Up-to-date: /home/luis/azure_sky_ros2/install/ros2_socketcan_msgs/include/ros2_socketcan_msgs/ros2_socketcan_msgs/msg
[12.407s] -- Up-to-date: /home/luis/azure_sky_ros2/install/ros2_socketcan_msgs/include/ros2_socketcan_msgs/ros2_socketcan_msgs/msg/detail
[12.407s] -- Installing: /home/luis/azure_sky_ros2/install/ros2_socketcan_msgs/include/ros2_socketcan_msgs/ros2_socketcan_msgs/msg/detail/fd_frame__rosidl_typesupport_introspection_c.h
[12.407s] -- Installing: /home/luis/azure_sky_ros2/install/ros2_socketcan_msgs/include/ros2_socketcan_msgs/ros2_socketcan_msgs/msg/detail/fd_frame__type_support.c
[12.407s] -- Installing: /home/luis/azure_sky_ros2/install/ros2_socketcan_msgs/include/ros2_socketcan_msgs/ros2_socketcan_msgs/msg/rosidl_typesupport_introspection_c__visibility_control.h
[12.407s] -- Installing: /home/luis/azure_sky_ros2/install/ros2_socketcan_msgs/lib/libros2_socketcan_msgs__rosidl_typesupport_introspection_c.so
[12.408s] -- Set runtime path of "/home/luis/azure_sky_ros2/install/ros2_socketcan_msgs/lib/libros2_socketcan_msgs__rosidl_typesupport_introspection_c.so" to ""
[12.408s] -- Installing: /home/luis/azure_sky_ros2/install/ros2_socketcan_msgs/lib/libros2_socketcan_msgs__rosidl_typesupport_c.so
[12.411s] -- Set runtime path of "/home/luis/azure_sky_ros2/install/ros2_socketcan_msgs/lib/libros2_socketcan_msgs__rosidl_typesupport_c.so" to ""
[12.411s] -- Up-to-date: /home/luis/azure_sky_ros2/install/ros2_socketcan_msgs/include/ros2_socketcan_msgs/ros2_socketcan_msgs
[12.411s] -- Up-to-date: /home/luis/azure_sky_ros2/install/ros2_socketcan_msgs/include/ros2_socketcan_msgs/ros2_socketcan_msgs/msg
[12.411s] -- Up-to-date: /home/luis/azure_sky_ros2/install/ros2_socketcan_msgs/include/ros2_socketcan_msgs/ros2_socketcan_msgs/msg/detail
[12.411s] -- Installing: /home/luis/azure_sky_ros2/install/ros2_socketcan_msgs/include/ros2_socketcan_msgs/ros2_socketcan_msgs/msg/detail/fd_frame__traits.hpp
[12.411s] -- Installing: /home/luis/azure_sky_ros2/install/ros2_socketcan_msgs/include/ros2_socketcan_msgs/ros2_socketcan_msgs/msg/detail/fd_frame__type_support.hpp
[12.411s] -- Installing: /home/luis/azure_sky_ros2/install/ros2_socketcan_msgs/include/ros2_socketcan_msgs/ros2_socketcan_msgs/msg/detail/fd_frame__struct.hpp
[12.412s] -- Installing: /home/luis/azure_sky_ros2/install/ros2_socketcan_msgs/include/ros2_socketcan_msgs/ros2_socketcan_msgs/msg/detail/fd_frame__builder.hpp
[12.412s] -- Installing: /home/luis/azure_sky_ros2/install/ros2_socketcan_msgs/include/ros2_socketcan_msgs/ros2_socketcan_msgs/msg/fd_frame.hpp
[12.412s] -- Installing: /home/luis/azure_sky_ros2/install/ros2_socketcan_msgs/include/ros2_socketcan_msgs/ros2_socketcan_msgs/msg/rosidl_generator_cpp__visibility_control.hpp
[12.412s] -- Up-to-date: /home/luis/azure_sky_ros2/install/ros2_socketcan_msgs/include/ros2_socketcan_msgs/ros2_socketcan_msgs
[12.412s] -- Up-to-date: /home/luis/azure_sky_ros2/install/ros2_socketcan_msgs/include/ros2_socketcan_msgs/ros2_socketcan_msgs/msg
[12.412s] -- Up-to-date: /home/luis/azure_sky_ros2/install/ros2_socketcan_msgs/include/ros2_socketcan_msgs/ros2_socketcan_msgs/msg/detail
[12.412s] -- Installing: /home/luis/azure_sky_ros2/install/ros2_socketcan_msgs/include/ros2_socketcan_msgs/ros2_socketcan_msgs/msg/detail/fd_frame__rosidl_typesupport_fastrtps_cpp.hpp
[12.412s] -- Installing: /home/luis/azure_sky_ros2/install/ros2_socketcan_msgs/include/ros2_socketcan_msgs/ros2_socketcan_msgs/msg/detail/dds_fastrtps
[12.416s] -- Installing: /home/luis/azure_sky_ros2/install/ros2_socketcan_msgs/include/ros2_socketcan_msgs/ros2_socketcan_msgs/msg/rosidl_typesupport_fastrtps_cpp__visibility_control.h
[12.416s] -- Installing: /home/luis/azure_sky_ros2/install/ros2_socketcan_msgs/lib/libros2_socketcan_msgs__rosidl_typesupport_fastrtps_cpp.so
[12.416s] -- Set runtime path of "/home/luis/azure_sky_ros2/install/ros2_socketcan_msgs/lib/libros2_socketcan_msgs__rosidl_typesupport_fastrtps_cpp.so" to ""
[12.416s] -- Up-to-date: /home/luis/azure_sky_ros2/install/ros2_socketcan_msgs/include/ros2_socketcan_msgs/ros2_socketcan_msgs
[12.416s] -- Up-to-date: /home/luis/azure_sky_ros2/install/ros2_socketcan_msgs/include/ros2_socketcan_msgs/ros2_socketcan_msgs/msg
[12.416s] -- Up-to-date: /home/luis/azure_sky_ros2/install/ros2_socketcan_msgs/include/ros2_socketcan_msgs/ros2_socketcan_msgs/msg/detail
[12.416s] -- Installing: /home/luis/azure_sky_ros2/install/ros2_socketcan_msgs/include/ros2_socketcan_msgs/ros2_socketcan_msgs/msg/detail/fd_frame__type_support.cpp
[12.416s] -- Installing: /home/luis/azure_sky_ros2/install/ros2_socketcan_msgs/include/ros2_socketcan_msgs/ros2_socketcan_msgs/msg/detail/fd_frame__rosidl_typesupport_introspection_cpp.hpp
[12.417s] -- Installing: /home/luis/azure_sky_ros2/install/ros2_socketcan_msgs/lib/libros2_socketcan_msgs__rosidl_typesupport_introspection_cpp.so
[12.417s] -- Set runtime path of "/home/luis/azure_sky_ros2/install/ros2_socketcan_msgs/lib/libros2_socketcan_msgs__rosidl_typesupport_introspection_cpp.so" to ""
[12.417s] -- Installing: /home/luis/azure_sky_ros2/install/ros2_socketcan_msgs/lib/libros2_socketcan_msgs__rosidl_typesupport_cpp.so
[12.417s] -- Set runtime path of "/home/luis/azure_sky_ros2/install/ros2_socketcan_msgs/lib/libros2_socketcan_msgs__rosidl_typesupport_cpp.so" to ""
[12.417s] -- Installing: /home/luis/azure_sky_ros2/install/ros2_socketcan_msgs/share/ros2_socketcan_msgs/environment/pythonpath.sh
[12.417s] -- Installing: /home/luis/azure_sky_ros2/install/ros2_socketcan_msgs/share/ros2_socketcan_msgs/environment/pythonpath.dsv
[12.418s] -- Installing: /home/luis/azure_sky_ros2/install/ros2_socketcan_msgs/local/lib/python3.10/dist-packages/ros2_socketcan_msgs-1.3.0-py3.10.egg-info
[12.418s] -- Installing: /home/luis/azure_sky_ros2/install/ros2_socketcan_msgs/local/lib/python3.10/dist-packages/ros2_socketcan_msgs-1.3.0-py3.10.egg-info/SOURCES.txt
[12.426s] -- Installing: /home/luis/azure_sky_ros2/install/ros2_socketcan_msgs/local/lib/python3.10/dist-packages/ros2_socketcan_msgs-1.3.0-py3.10.egg-info/PKG-INFO
[12.426s] -- Installing: /home/luis/azure_sky_ros2/install/ros2_socketcan_msgs/local/lib/python3.10/dist-packages/ros2_socketcan_msgs-1.3.0-py3.10.egg-info/top_level.txt
[12.426s] -- Installing: /home/luis/azure_sky_ros2/install/ros2_socketcan_msgs/local/lib/python3.10/dist-packages/ros2_socketcan_msgs-1.3.0-py3.10.egg-info/dependency_links.txt
[12.426s] -- Installing: /home/luis/azure_sky_ros2/install/ros2_socketcan_msgs/local/lib/python3.10/dist-packages/ros2_socketcan_msgs
[12.426s] -- Installing: /home/luis/azure_sky_ros2/install/ros2_socketcan_msgs/local/lib/python3.10/dist-packages/ros2_socketcan_msgs/_ros2_socketcan_msgs_s.ep.rosidl_typesupport_c.c
[12.426s] -- Installing: /home/luis/azure_sky_ros2/install/ros2_socketcan_msgs/local/lib/python3.10/dist-packages/ros2_socketcan_msgs/ros2_socketcan_msgs_s__rosidl_typesupport_fastrtps_c.cpython-310-x86_64-linux-gnu.so
[12.426s] -- Installing: /home/luis/azure_sky_ros2/install/ros2_socketcan_msgs/local/lib/python3.10/dist-packages/ros2_socketcan_msgs/_ros2_socketcan_msgs_s.ep.rosidl_typesupport_introspection_c.c
[12.426s] -- Installing: /home/luis/azure_sky_ros2/install/ros2_socketcan_msgs/local/lib/python3.10/dist-packages/ros2_socketcan_msgs/_ros2_socketcan_msgs_s.ep.rosidl_typesupport_fastrtps_c.c
[12.426s] -- Installing: /home/luis/azure_sky_ros2/install/ros2_socketcan_msgs/local/lib/python3.10/dist-packages/ros2_socketcan_msgs/libros2_socketcan_msgs__rosidl_generator_py.so
[12.426s] -- Installing: /home/luis/azure_sky_ros2/install/ros2_socketcan_msgs/local/lib/python3.10/dist-packages/ros2_socketcan_msgs/ros2_socketcan_msgs_s__rosidl_typesupport_c.cpython-310-x86_64-linux-gnu.so
[12.427s] -- Installing: /home/luis/azure_sky_ros2/install/ros2_socketcan_msgs/local/lib/python3.10/dist-packages/ros2_socketcan_msgs/ros2_socketcan_msgs_s__rosidl_typesupport_introspection_c.cpython-310-x86_64-linux-gnu.so
[12.427s] -- Installing: /home/luis/azure_sky_ros2/install/ros2_socketcan_msgs/local/lib/python3.10/dist-packages/ros2_socketcan_msgs/__init__.py
[12.427s] -- Installing: /home/luis/azure_sky_ros2/install/ros2_socketcan_msgs/local/lib/python3.10/dist-packages/ros2_socketcan_msgs/msg
[12.427s] -- Installing: /home/luis/azure_sky_ros2/install/ros2_socketcan_msgs/local/lib/python3.10/dist-packages/ros2_socketcan_msgs/msg/_fd_frame.py
[12.427s] -- Installing: /home/luis/azure_sky_ros2/install/ros2_socketcan_msgs/local/lib/python3.10/dist-packages/ros2_socketcan_msgs/msg/__init__.py
[12.427s] -- Installing: /home/luis/azure_sky_ros2/install/ros2_socketcan_msgs/local/lib/python3.10/dist-packages/ros2_socketcan_msgs/msg/_fd_frame_s.c
[12.539s] Listing '/home/luis/azure_sky_ros2/install/ros2_socketcan_msgs/local/lib/python3.10/dist-packages/ros2_socketcan_msgs'...
[12.539s] Compiling '/home/luis/azure_sky_ros2/install/ros2_socketcan_msgs/local/lib/python3.10/dist-packages/ros2_socketcan_msgs/__init__.py'...
[12.539s] Listing '/home/luis/azure_sky_ros2/install/ros2_socketcan_msgs/local/lib/python3.10/dist-packages/ros2_socketcan_msgs/msg'...
[12.539s] Compiling '/home/luis/azure_sky_ros2/install/ros2_socketcan_msgs/local/lib/python3.10/dist-packages/ros2_socketcan_msgs/msg/__init__.py'...
[12.540s] Compiling '/home/luis/azure_sky_ros2/install/ros2_socketcan_msgs/local/lib/python3.10/dist-packages/ros2_socketcan_msgs/msg/_fd_frame.py'...
[12.570s] -- Installing: /home/luis/azure_sky_ros2/install/ros2_socketcan_msgs/local/lib/python3.10/dist-packages/ros2_socketcan_msgs/ros2_socketcan_msgs_s__rosidl_typesupport_fastrtps_c.cpython-310-x86_64-linux-gnu.so
[12.570s] -- Set runtime path of "/home/luis/azure_sky_ros2/install/ros2_socketcan_msgs/local/lib/python3.10/dist-packages/ros2_socketcan_msgs/ros2_socketcan_msgs_s__rosidl_typesupport_fastrtps_c.cpython-310-x86_64-linux-gnu.so" to ""
[12.570s] -- Installing: /home/luis/azure_sky_ros2/install/ros2_socketcan_msgs/local/lib/python3.10/dist-packages/ros2_socketcan_msgs/ros2_socketcan_msgs_s__rosidl_typesupport_introspection_c.cpython-310-x86_64-linux-gnu.so
[12.571s] -- Set runtime path of "/home/luis/azure_sky_ros2/install/ros2_socketcan_msgs/local/lib/python3.10/dist-packages/ros2_socketcan_msgs/ros2_socketcan_msgs_s__rosidl_typesupport_introspection_c.cpython-310-x86_64-linux-gnu.so" to ""
[12.571s] -- Installing: /home/luis/azure_sky_ros2/install/ros2_socketcan_msgs/local/lib/python3.10/dist-packages/ros2_socketcan_msgs/ros2_socketcan_msgs_s__rosidl_typesupport_c.cpython-310-x86_64-linux-gnu.so
[12.571s] -- Set runtime path of "/home/luis/azure_sky_ros2/install/ros2_socketcan_msgs/local/lib/python3.10/dist-packages/ros2_socketcan_msgs/ros2_socketcan_msgs_s__rosidl_typesupport_c.cpython-310-x86_64-linux-gnu.so" to ""
[12.571s] -- Installing: /home/luis/azure_sky_ros2/install/ros2_socketcan_msgs/lib/libros2_socketcan_msgs__rosidl_generator_py.so
[12.571s] -- Set runtime path of "/home/luis/azure_sky_ros2/install/ros2_socketcan_msgs/lib/libros2_socketcan_msgs__rosidl_generator_py.so" to ""
[12.571s] -- Installing: /home/luis/azure_sky_ros2/install/ros2_socketcan_msgs/share/ros2_socketcan_msgs/msg/FdFrame.idl
[12.572s] -- Installing: /home/luis/azure_sky_ros2/install/ros2_socketcan_msgs/share/ros2_socketcan_msgs/msg/FdFrame.msg
[12.578s] -- Installing: /home/luis/azure_sky_ros2/install/ros2_socketcan_msgs/share/ament_index/resource_index/package_run_dependencies/ros2_socketcan_msgs
[12.578s] -- Installing: /home/luis/azure_sky_ros2/install/ros2_socketcan_msgs/share/ament_index/resource_index/parent_prefix_path/ros2_socketcan_msgs
[12.578s] -- Installing: /home/luis/azure_sky_ros2/install/ros2_socketcan_msgs/share/ros2_socketcan_msgs/environment/ament_prefix_path.sh
[12.579s] -- Installing: /home/luis/azure_sky_ros2/install/ros2_socketcan_msgs/share/ros2_socketcan_msgs/environment/ament_prefix_path.dsv
[12.579s] -- Installing: /home/luis/azure_sky_ros2/install/ros2_socketcan_msgs/share/ros2_socketcan_msgs/environment/path.sh
[12.581s] -- Installing: /home/luis/azure_sky_ros2/install/ros2_socketcan_msgs/share/ros2_socketcan_msgs/environment/path.dsv
[12.582s] -- Installing: /home/luis/azure_sky_ros2/install/ros2_socketcan_msgs/share/ros2_socketcan_msgs/local_setup.bash
[12.582s] -- Installing: /home/luis/azure_sky_ros2/install/ros2_socketcan_msgs/share/ros2_socketcan_msgs/local_setup.sh
[12.582s] -- Installing: /home/luis/azure_sky_ros2/install/ros2_socketcan_msgs/share/ros2_socketcan_msgs/local_setup.zsh
[12.583s] -- Installing: /home/luis/azure_sky_ros2/install/ros2_socketcan_msgs/share/ros2_socketcan_msgs/local_setup.dsv
[12.591s] -- Installing: /home/luis/azure_sky_ros2/install/ros2_socketcan_msgs/share/ros2_socketcan_msgs/package.dsv
[12.591s] -- Installing: /home/luis/azure_sky_ros2/install/ros2_socketcan_msgs/share/ament_index/resource_index/packages/ros2_socketcan_msgs
[12.591s] -- Installing: /home/luis/azure_sky_ros2/install/ros2_socketcan_msgs/share/ros2_socketcan_msgs/cmake/export_ros2_socketcan_msgs__rosidl_generator_cExport.cmake
[12.591s] -- Installing: /home/luis/azure_sky_ros2/install/ros2_socketcan_msgs/share/ros2_socketcan_msgs/cmake/export_ros2_socketcan_msgs__rosidl_generator_cExport-noconfig.cmake
[12.591s] -- Installing: /home/luis/azure_sky_ros2/install/ros2_socketcan_msgs/share/ros2_socketcan_msgs/cmake/export_ros2_socketcan_msgs__rosidl_typesupport_fastrtps_cExport.cmake
[12.591s] -- Installing: /home/luis/azure_sky_ros2/install/ros2_socketcan_msgs/share/ros2_socketcan_msgs/cmake/export_ros2_socketcan_msgs__rosidl_typesupport_fastrtps_cExport-noconfig.cmake
[12.591s] -- Installing: /home/luis/azure_sky_ros2/install/ros2_socketcan_msgs/share/ros2_socketcan_msgs/cmake/ros2_socketcan_msgs__rosidl_typesupport_introspection_cExport.cmake
[12.591s] -- Installing: /home/luis/azure_sky_ros2/install/ros2_socketcan_msgs/share/ros2_socketcan_msgs/cmake/ros2_socketcan_msgs__rosidl_typesupport_introspection_cExport-noconfig.cmake
[12.591s] -- Installing: /home/luis/azure_sky_ros2/install/ros2_socketcan_msgs/share/ros2_socketcan_msgs/cmake/ros2_socketcan_msgs__rosidl_typesupport_cExport.cmake
[12.592s] -- Installing: /home/luis/azure_sky_ros2/install/ros2_socketcan_msgs/share/ros2_socketcan_msgs/cmake/ros2_socketcan_msgs__rosidl_typesupport_cExport-noconfig.cmake
[12.600s] -- Installing: /home/luis/azure_sky_ros2/install/ros2_socketcan_msgs/share/ros2_socketcan_msgs/cmake/export_ros2_socketcan_msgs__rosidl_generator_cppExport.cmake
[12.600s] -- Installing: /home/luis/azure_sky_ros2/install/ros2_socketcan_msgs/share/ros2_socketcan_msgs/cmake/export_ros2_socketcan_msgs__rosidl_typesupport_fastrtps_cppExport.cmake
[12.601s] -- Installing: /home/luis/azure_sky_ros2/install/ros2_socketcan_msgs/share/ros2_socketcan_msgs/cmake/export_ros2_socketcan_msgs__rosidl_typesupport_fastrtps_cppExport-noconfig.cmake
[12.601s] -- Installing: /home/luis/azure_sky_ros2/install/ros2_socketcan_msgs/share/ros2_socketcan_msgs/cmake/ros2_socketcan_msgs__rosidl_typesupport_introspection_cppExport.cmake
[12.601s] -- Installing: /home/luis/azure_sky_ros2/install/ros2_socketcan_msgs/share/ros2_socketcan_msgs/cmake/ros2_socketcan_msgs__rosidl_typesupport_introspection_cppExport-noconfig.cmake
[12.601s] -- Installing: /home/luis/azure_sky_ros2/install/ros2_socketcan_msgs/share/ros2_socketcan_msgs/cmake/ros2_socketcan_msgs__rosidl_typesupport_cppExport.cmake
[12.601s] -- Installing: /home/luis/azure_sky_ros2/install/ros2_socketcan_msgs/share/ros2_socketcan_msgs/cmake/ros2_socketcan_msgs__rosidl_typesupport_cppExport-noconfig.cmake
[12.601s] -- Installing: /home/luis/azure_sky_ros2/install/ros2_socketcan_msgs/share/ros2_socketcan_msgs/cmake/export_ros2_socketcan_msgs__rosidl_generator_pyExport.cmake
[12.601s] -- Installing: /home/luis/azure_sky_ros2/install/ros2_socketcan_msgs/share/ros2_socketcan_msgs/cmake/export_ros2_socketcan_msgs__rosidl_generator_pyExport-noconfig.cmake
[12.602s] -- Installing: /home/luis/azure_sky_ros2/install/ros2_socketcan_msgs/share/ros2_socketcan_msgs/cmake/rosidl_cmake-extras.cmake
[12.603s] -- Installing: /home/luis/azure_sky_ros2/install/ros2_socketcan_msgs/share/ros2_socketcan_msgs/cmake/ament_cmake_export_dependencies-extras.cmake
[12.606s] -- Installing: /home/luis/azure_sky_ros2/install/ros2_socketcan_msgs/share/ros2_socketcan_msgs/cmake/ament_cmake_export_include_directories-extras.cmake
[12.607s] -- Installing: /home/luis/azure_sky_ros2/install/ros2_socketcan_msgs/share/ros2_socketcan_msgs/cmake/ament_cmake_export_libraries-extras.cmake
[12.612s] -- Installing: /home/luis/azure_sky_ros2/install/ros2_socketcan_msgs/share/ros2_socketcan_msgs/cmake/ament_cmake_export_targets-extras.cmake
[12.612s] -- Installing: /home/luis/azure_sky_ros2/install/ros2_socketcan_msgs/share/ros2_socketcan_msgs/cmake/rosidl_cmake_export_typesupport_targets-extras.cmake
[12.612s] -- Installing: /home/luis/azure_sky_ros2/install/ros2_socketcan_msgs/share/ros2_socketcan_msgs/cmake/rosidl_cmake_export_typesupport_libraries-extras.cmake
[12.612s] -- Installing: /home/luis/azure_sky_ros2/install/ros2_socketcan_msgs/share/ros2_socketcan_msgs/cmake/ros2_socketcan_msgsConfig.cmake
[12.613s] -- Installing: /home/luis/azure_sky_ros2/install/ros2_socketcan_msgs/share/ros2_socketcan_msgs/cmake/ros2_socketcan_msgsConfig-version.cmake
[12.614s] -- Installing: /home/luis/azure_sky_ros2/install/ros2_socketcan_msgs/share/ros2_socketcan_msgs/package.xml
[12.634s] Invoked command in '/home/luis/azure_sky_ros2/build/ros2_socketcan_msgs' returned '0': CMAKE_PREFIX_PATH=${CMAKE_PREFIX_PATH}:/opt/ros/humble /usr/bin/cmake --install /home/luis/azure_sky_ros2/build/ros2_socketcan_msgs
