[0.050s] Invoking command in '/home/luis/workshop_ws/build/controlko_description': CMAKE_PREFIX_PATH=${CMAKE_PREFIX_PATH}:/opt/ros/humble /usr/bin/cmake /home/luis/workshop_ws/src/controlko_description -DCMAKE_INSTALL_PREFIX=/home/luis/workshop_ws/install/controlko_description
[0.079s] -- Found ament_cmake: 1.3.11 (/opt/ros/humble/share/ament_cmake/cmake)
[0.313s] -- Override CMake install command with custom implementation using symlinks instead of copying resources
[0.332s] -- Found ament_lint_auto: 0.12.12 (/opt/ros/humble/share/ament_lint_auto/cmake)
[0.471s] -- Added test 'flake8' to check Python code syntax and style conventions
[0.472s] -- Added test 'lint_cmake' to check CMake code style
[0.473s] -- Added test 'pep257' to check Python code against some of the docstring style conventions in PEP 257
[0.479s] -- Added test 'xmllint' to check XML markup files
[0.480s] -- Configuring done
[0.489s] -- Generating done
[0.496s] -- Build files have been written to: /home/luis/workshop_ws/build/controlko_description
[0.499s] Invoked command in '/home/luis/workshop_ws/build/controlko_description' returned '0': CMAKE_PREFIX_PATH=${CMAKE_PREFIX_PATH}:/opt/ros/humble /usr/bin/cmake /home/luis/workshop_ws/src/controlko_description -DCMAKE_INSTALL_PREFIX=/home/luis/workshop_ws/install/controlko_description
[0.502s] Invoking command in '/home/luis/workshop_ws/build/controlko_description': CMAKE_PREFIX_PATH=${CMAKE_PREFIX_PATH}:/opt/ros/humble /usr/bin/cmake --build /home/luis/workshop_ws/build/controlko_description -- -j12 -l12
[0.597s] Invoked command in '/home/luis/workshop_ws/build/controlko_description' returned '0': CMAKE_PREFIX_PATH=${CMAKE_PREFIX_PATH}:/opt/ros/humble /usr/bin/cmake --build /home/luis/workshop_ws/build/controlko_description -- -j12 -l12
[0.601s] Invoking command in '/home/luis/workshop_ws/build/controlko_description': CMAKE_PREFIX_PATH=${CMAKE_PREFIX_PATH}:/opt/ros/humble /usr/bin/cmake --install /home/luis/workshop_ws/build/controlko_description
[0.619s] -- Install configuration: ""
[0.619s] -- Execute custom install script
[0.620s] -- Up-to-date symlink: /home/luis/workshop_ws/install/controlko_description/share/controlko_description/config/.gitkeep
[0.620s] -- Up-to-date symlink: /home/luis/workshop_ws/install/controlko_description/share/controlko_description/view_rrbot.launch.py
[0.621s] -- Up-to-date symlink: /home/luis/workshop_ws/install/controlko_description/share/controlko_description/meshes/rrbot/visual/.gitkeep
[0.621s] -- Up-to-date symlink: /home/luis/workshop_ws/install/controlko_description/share/controlko_description/rviz/rrbot.rviz
[0.621s] -- Up-to-date symlink: /home/luis/workshop_ws/install/controlko_description/share/controlko_description/urdf/common.xacro
[0.621s] -- Up-to-date symlink: /home/luis/workshop_ws/install/controlko_description/share/controlko_description/urdf/rrbot.urdf.xacro
[0.622s] -- Up-to-date symlink: /home/luis/workshop_ws/install/controlko_description/share/controlko_description/urdf/rrbot/rrbot_macro.ros2_control.xacro
[0.622s] -- Up-to-date symlink: /home/luis/workshop_ws/install/controlko_description/share/controlko_description/urdf/rrbot/rrbot_macro.xacro
[0.622s] -- Up-to-date symlink: /home/luis/workshop_ws/install/controlko_description/share/ament_index/resource_index/package_run_dependencies/controlko_description
[0.622s] -- Up-to-date symlink: /home/luis/workshop_ws/install/controlko_description/share/ament_index/resource_index/parent_prefix_path/controlko_description
[0.623s] -- Up-to-date symlink: /home/luis/workshop_ws/install/controlko_description/share/controlko_description/environment/ament_prefix_path.sh
[0.623s] -- Up-to-date symlink: /home/luis/workshop_ws/install/controlko_description/share/controlko_description/environment/ament_prefix_path.dsv
[0.623s] -- Up-to-date symlink: /home/luis/workshop_ws/install/controlko_description/share/controlko_description/environment/path.sh
[0.623s] -- Up-to-date symlink: /home/luis/workshop_ws/install/controlko_description/share/controlko_description/environment/path.dsv
[0.624s] -- Up-to-date symlink: /home/luis/workshop_ws/install/controlko_description/share/controlko_description/local_setup.bash
[0.624s] -- Up-to-date symlink: /home/luis/workshop_ws/install/controlko_description/share/controlko_description/local_setup.sh
[0.624s] -- Up-to-date symlink: /home/luis/workshop_ws/install/controlko_description/share/controlko_description/local_setup.zsh
[0.624s] -- Up-to-date symlink: /home/luis/workshop_ws/install/controlko_description/share/controlko_description/local_setup.dsv
[0.624s] -- Symlinking: /home/luis/workshop_ws/install/controlko_description/share/controlko_description/package.dsv
[0.642s] -- Up-to-date symlink: /home/luis/workshop_ws/install/controlko_description/share/ament_index/resource_index/packages/controlko_description
[0.642s] -- Up-to-date symlink: /home/luis/workshop_ws/install/controlko_description/share/controlko_description/cmake/controlko_descriptionConfig.cmake
[0.642s] -- Up-to-date symlink: /home/luis/workshop_ws/install/controlko_description/share/controlko_description/cmake/controlko_descriptionConfig-version.cmake
[0.642s] -- Up-to-date symlink: /home/luis/workshop_ws/install/controlko_description/share/controlko_description/package.xml
[0.667s] Invoked command in '/home/luis/workshop_ws/build/controlko_description' returned '0': CMAKE_PREFIX_PATH=${CMAKE_PREFIX_PATH}:/opt/ros/humble /usr/bin/cmake --install /home/luis/workshop_ws/build/controlko_description
