[0.031s] Invoking command in '/home/luis/workshop_ws/build/ros2_socketcan': CMAKE_PREFIX_PATH=/home/luis/workshop_ws/install/ros2_socketcan_msgs:/home/luis/workshop_ws/install/tide_shooter_controller:/home/luis/workshop_ws/install/tide_gimbal_controller:/home/luis/workshop_ws/install/tide_msgs:/home/luis/workshop_ws/install/my_hardware_interface:/home/luis/workshop_ws/install/serial:/home/luis/workshop_ws/install/roscon2022_control_workshop:/home/luis/workshop_ws/install/ros2_socketcan:/home/luis/workshop_ws/install/controlko_hardware_interface:/home/luis/workshop_ws/install/controlko_bringup:/home/luis/workshop_ws/install/controlko_description:/home/luis/workshop_ws/install/controlko_controllers:/opt/ros/humble LD_LIBRARY_PATH=/home/luis/workshop_ws/install/ros2_socketcan_msgs/lib:/home/luis/workshop_ws/install/tide_shooter_controller/lib:/home/luis/workshop_ws/install/tide_gimbal_controller/lib:/home/luis/workshop_ws/install/tide_msgs/lib:/home/luis/workshop_ws/install/my_hardware_interface/lib:/home/luis/workshop_ws/install/serial/lib:/home/luis/workshop_ws/install/ros2_socketcan/lib:/home/luis/workshop_ws/install/controlko_hardware_interface/lib:/home/luis/workshop_ws/install/controlko_controllers/lib:/usr/lib/x86_64-linux-gnu/gazebo-11/plugins:/opt/ros/humble/opt/rviz_ogre_vendor/lib:/opt/ros/humble/lib/x86_64-linux-gnu:/opt/ros/humble/lib /usr/bin/cmake --build /home/luis/workshop_ws/build/ros2_socketcan -- -j12 -l12
[0.167s] [  9%] Built target socket_can_sender_node_exe
[0.167s] [ 19%] Built target socket_can_receiver_node_exe
[0.169s] [ 28%] Built target gtest_main
[0.170s] [ 52%] Built target ros2_socketcan
[0.176s] [ 61%] Built target gtest
[0.222s] [ 90%] Built target ros2_socketcan_test
[0.222s] [ 90%] Built target socket_can_receiver_node
[0.275s] [100%] Built target socket_can_sender_node
[0.296s] Invoked command in '/home/luis/workshop_ws/build/ros2_socketcan' returned '0': CMAKE_PREFIX_PATH=/home/luis/workshop_ws/install/ros2_socketcan_msgs:/home/luis/workshop_ws/install/tide_shooter_controller:/home/luis/workshop_ws/install/tide_gimbal_controller:/home/luis/workshop_ws/install/tide_msgs:/home/luis/workshop_ws/install/my_hardware_interface:/home/luis/workshop_ws/install/serial:/home/luis/workshop_ws/install/roscon2022_control_workshop:/home/luis/workshop_ws/install/ros2_socketcan:/home/luis/workshop_ws/install/controlko_hardware_interface:/home/luis/workshop_ws/install/controlko_bringup:/home/luis/workshop_ws/install/controlko_description:/home/luis/workshop_ws/install/controlko_controllers:/opt/ros/humble LD_LIBRARY_PATH=/home/luis/workshop_ws/install/ros2_socketcan_msgs/lib:/home/luis/workshop_ws/install/tide_shooter_controller/lib:/home/luis/workshop_ws/install/tide_gimbal_controller/lib:/home/luis/workshop_ws/install/tide_msgs/lib:/home/luis/workshop_ws/install/my_hardware_interface/lib:/home/luis/workshop_ws/install/serial/lib:/home/luis/workshop_ws/install/ros2_socketcan/lib:/home/luis/workshop_ws/install/controlko_hardware_interface/lib:/home/luis/workshop_ws/install/controlko_controllers/lib:/usr/lib/x86_64-linux-gnu/gazebo-11/plugins:/opt/ros/humble/opt/rviz_ogre_vendor/lib:/opt/ros/humble/lib/x86_64-linux-gnu:/opt/ros/humble/lib /usr/bin/cmake --build /home/luis/workshop_ws/build/ros2_socketcan -- -j12 -l12
[0.301s] Invoking command in '/home/luis/workshop_ws/build/ros2_socketcan': CMAKE_PREFIX_PATH=/home/luis/workshop_ws/install/ros2_socketcan_msgs:/home/luis/workshop_ws/install/tide_shooter_controller:/home/luis/workshop_ws/install/tide_gimbal_controller:/home/luis/workshop_ws/install/tide_msgs:/home/luis/workshop_ws/install/my_hardware_interface:/home/luis/workshop_ws/install/serial:/home/luis/workshop_ws/install/roscon2022_control_workshop:/home/luis/workshop_ws/install/ros2_socketcan:/home/luis/workshop_ws/install/controlko_hardware_interface:/home/luis/workshop_ws/install/controlko_bringup:/home/luis/workshop_ws/install/controlko_description:/home/luis/workshop_ws/install/controlko_controllers:/opt/ros/humble LD_LIBRARY_PATH=/home/luis/workshop_ws/install/ros2_socketcan_msgs/lib:/home/luis/workshop_ws/install/tide_shooter_controller/lib:/home/luis/workshop_ws/install/tide_gimbal_controller/lib:/home/luis/workshop_ws/install/tide_msgs/lib:/home/luis/workshop_ws/install/my_hardware_interface/lib:/home/luis/workshop_ws/install/serial/lib:/home/luis/workshop_ws/install/ros2_socketcan/lib:/home/luis/workshop_ws/install/controlko_hardware_interface/lib:/home/luis/workshop_ws/install/controlko_controllers/lib:/usr/lib/x86_64-linux-gnu/gazebo-11/plugins:/opt/ros/humble/opt/rviz_ogre_vendor/lib:/opt/ros/humble/lib/x86_64-linux-gnu:/opt/ros/humble/lib /usr/bin/cmake --install /home/luis/workshop_ws/build/ros2_socketcan
[0.314s] -- Install configuration: ""
[0.316s] -- Execute custom install script
[0.316s] -- Up-to-date symlink: /home/luis/workshop_ws/install/ros2_socketcan/lib/ros2_socketcan/socket_can_receiver_node_exe
[0.316s] -- Up-to-date symlink: /home/luis/workshop_ws/install/ros2_socketcan/lib/ros2_socketcan/socket_can_sender_node_exe
[0.316s] -- Up-to-date symlink: /home/luis/workshop_ws/install/ros2_socketcan/include/ros2_socketcan/socket_can_common.hpp
[0.317s] -- Up-to-date symlink: /home/luis/workshop_ws/install/ros2_socketcan/include/ros2_socketcan/socket_can_id.hpp
[0.317s] -- Up-to-date symlink: /home/luis/workshop_ws/install/ros2_socketcan/include/ros2_socketcan/socket_can_receiver.hpp
[0.317s] -- Up-to-date symlink: /home/luis/workshop_ws/install/ros2_socketcan/include/ros2_socketcan/socket_can_receiver_node.hpp
[0.317s] -- Up-to-date symlink: /home/luis/workshop_ws/install/ros2_socketcan/include/ros2_socketcan/socket_can_sender.hpp
[0.317s] -- Up-to-date symlink: /home/luis/workshop_ws/install/ros2_socketcan/include/ros2_socketcan/socket_can_sender_node.hpp
[0.318s] -- Up-to-date symlink: /home/luis/workshop_ws/install/ros2_socketcan/include/ros2_socketcan/visibility_control.hpp
[0.318s] -- Up-to-date symlink: /home/luis/workshop_ws/install/ros2_socketcan/share/ros2_socketcan/environment/library_path.sh
[0.318s] -- Up-to-date symlink: /home/luis/workshop_ws/install/ros2_socketcan/share/ros2_socketcan/environment/library_path.dsv
[0.318s] -- Up-to-date symlink: /home/luis/workshop_ws/install/ros2_socketcan/lib/libros2_socketcan.so
[0.319s] -- Up-to-date symlink: /home/luis/workshop_ws/install/ros2_socketcan/lib/libsocket_can_receiver_node.so
[0.319s] -- Up-to-date symlink: /home/luis/workshop_ws/install/ros2_socketcan/lib/libsocket_can_sender_node.so
[0.319s] -- Up-to-date symlink: /home/luis/workshop_ws/install/ros2_socketcan/share/ros2_socketcan/launch/socket_can_bridge.launch.xml
[0.319s] -- Up-to-date symlink: /home/luis/workshop_ws/install/ros2_socketcan/share/ros2_socketcan/launch/socket_can_receiver.launch.py
[0.319s] -- Up-to-date symlink: /home/luis/workshop_ws/install/ros2_socketcan/share/ros2_socketcan/launch/socket_can_sender.launch.py
[0.319s] -- Up-to-date symlink: /home/luis/workshop_ws/install/ros2_socketcan/share/ament_index/resource_index/package_run_dependencies/ros2_socketcan
[0.319s] -- Up-to-date symlink: /home/luis/workshop_ws/install/ros2_socketcan/share/ament_index/resource_index/parent_prefix_path/ros2_socketcan
[0.320s] -- Up-to-date symlink: /home/luis/workshop_ws/install/ros2_socketcan/share/ros2_socketcan/environment/ament_prefix_path.sh
[0.320s] -- Up-to-date symlink: /home/luis/workshop_ws/install/ros2_socketcan/share/ros2_socketcan/environment/ament_prefix_path.dsv
[0.320s] -- Up-to-date symlink: /home/luis/workshop_ws/install/ros2_socketcan/share/ros2_socketcan/environment/path.sh
[0.320s] -- Up-to-date symlink: /home/luis/workshop_ws/install/ros2_socketcan/share/ros2_socketcan/environment/path.dsv
[0.320s] -- Up-to-date symlink: /home/luis/workshop_ws/install/ros2_socketcan/share/ros2_socketcan/local_setup.bash
[0.320s] -- Up-to-date symlink: /home/luis/workshop_ws/install/ros2_socketcan/share/ros2_socketcan/local_setup.sh
[0.320s] -- Up-to-date symlink: /home/luis/workshop_ws/install/ros2_socketcan/share/ros2_socketcan/local_setup.zsh
[0.321s] -- Up-to-date symlink: /home/luis/workshop_ws/install/ros2_socketcan/share/ros2_socketcan/local_setup.dsv
[0.321s] -- Symlinking: /home/luis/workshop_ws/install/ros2_socketcan/share/ros2_socketcan/package.dsv
[0.338s] -- Up-to-date symlink: /home/luis/workshop_ws/install/ros2_socketcan/share/ament_index/resource_index/packages/ros2_socketcan
[0.338s] -- Up-to-date symlink: /home/luis/workshop_ws/install/ros2_socketcan/share/ament_index/resource_index/rclcpp_components/ros2_socketcan
[0.338s] -- Up-to-date symlink: /home/luis/workshop_ws/install/ros2_socketcan/share/ros2_socketcan/cmake/ament_cmake_export_dependencies-extras.cmake
[0.339s] -- Up-to-date symlink: /home/luis/workshop_ws/install/ros2_socketcan/share/ros2_socketcan/cmake/ament_cmake_export_include_directories-extras.cmake
[0.339s] -- Up-to-date symlink: /home/luis/workshop_ws/install/ros2_socketcan/share/ros2_socketcan/cmake/ament_cmake_export_libraries-extras.cmake
[0.339s] -- Up-to-date symlink: /home/luis/workshop_ws/install/ros2_socketcan/share/ros2_socketcan/cmake/ros2_socketcanConfig.cmake
[0.339s] -- Up-to-date symlink: /home/luis/workshop_ws/install/ros2_socketcan/share/ros2_socketcan/cmake/ros2_socketcanConfig-version.cmake
[0.339s] -- Up-to-date symlink: /home/luis/workshop_ws/install/ros2_socketcan/share/ros2_socketcan/package.xml
[0.343s] Invoked command in '/home/luis/workshop_ws/build/ros2_socketcan' returned '0': CMAKE_PREFIX_PATH=/home/luis/workshop_ws/install/ros2_socketcan_msgs:/home/luis/workshop_ws/install/tide_shooter_controller:/home/luis/workshop_ws/install/tide_gimbal_controller:/home/luis/workshop_ws/install/tide_msgs:/home/luis/workshop_ws/install/my_hardware_interface:/home/luis/workshop_ws/install/serial:/home/luis/workshop_ws/install/roscon2022_control_workshop:/home/luis/workshop_ws/install/ros2_socketcan:/home/luis/workshop_ws/install/controlko_hardware_interface:/home/luis/workshop_ws/install/controlko_bringup:/home/luis/workshop_ws/install/controlko_description:/home/luis/workshop_ws/install/controlko_controllers:/opt/ros/humble LD_LIBRARY_PATH=/home/luis/workshop_ws/install/ros2_socketcan_msgs/lib:/home/luis/workshop_ws/install/tide_shooter_controller/lib:/home/luis/workshop_ws/install/tide_gimbal_controller/lib:/home/luis/workshop_ws/install/tide_msgs/lib:/home/luis/workshop_ws/install/my_hardware_interface/lib:/home/luis/workshop_ws/install/serial/lib:/home/luis/workshop_ws/install/ros2_socketcan/lib:/home/luis/workshop_ws/install/controlko_hardware_interface/lib:/home/luis/workshop_ws/install/controlko_controllers/lib:/usr/lib/x86_64-linux-gnu/gazebo-11/plugins:/opt/ros/humble/opt/rviz_ogre_vendor/lib:/opt/ros/humble/lib/x86_64-linux-gnu:/opt/ros/humble/lib /usr/bin/cmake --install /home/luis/workshop_ws/build/ros2_socketcan
