[0.070s] Invoking command in '/home/luis/azure_sky_ros2/build/tide_shooter_controller': CMAKE_PREFIX_PATH=${CMAKE_PREFIX_PATH}:/opt/ros/humble LD_LIBRARY_PATH=/home/luis/azure_sky_ros2/install/tide_msgs/lib:/home/luis/azure_sky_ros2/install/serial/lib:/home/luis/azure_sky_ros2/install/ros2_socketcan_msgs/lib:/home/luis/azure_sky_ros2/install/rm_auto_record/lib:/home/luis/azure_sky_ros2/install/hik_camera/lib:/home/luis/azure_sky_ros2/install/buff_interfaces/lib:/home/luis/azure_sky_ros2/install/auto_aim_interfaces/lib:/opt/MVS/lib/64:/opt/MVS/lib/32:/usr/lib/x86_64-linux-gnu/gazebo-11/plugins:/opt/ros/humble/opt/rviz_ogre_vendor/lib:/opt/ros/humble/lib/x86_64-linux-gnu:/opt/ros/humble/lib:/opt/MVS/lib/64:/opt/MVS/lib/32:/opt/MVS/lib/64:/opt/MVS/lib/32 /usr/bin/cmake --build /home/luis/azure_sky_ros2/build/tide_shooter_controller -- -j12 -l12
[0.242s] [ 50%] Built target shooter_controller_parameters
[0.278s] [35m[1mConsolidate compiler generated dependencies of target tide_shooter_controller[0m
[0.333s] [100%] Built target tide_shooter_controller
[0.401s] Invoked command in '/home/luis/azure_sky_ros2/build/tide_shooter_controller' returned '0': CMAKE_PREFIX_PATH=${CMAKE_PREFIX_PATH}:/opt/ros/humble LD_LIBRARY_PATH=/home/luis/azure_sky_ros2/install/tide_msgs/lib:/home/luis/azure_sky_ros2/install/serial/lib:/home/luis/azure_sky_ros2/install/ros2_socketcan_msgs/lib:/home/luis/azure_sky_ros2/install/rm_auto_record/lib:/home/luis/azure_sky_ros2/install/hik_camera/lib:/home/luis/azure_sky_ros2/install/buff_interfaces/lib:/home/luis/azure_sky_ros2/install/auto_aim_interfaces/lib:/opt/MVS/lib/64:/opt/MVS/lib/32:/usr/lib/x86_64-linux-gnu/gazebo-11/plugins:/opt/ros/humble/opt/rviz_ogre_vendor/lib:/opt/ros/humble/lib/x86_64-linux-gnu:/opt/ros/humble/lib:/opt/MVS/lib/64:/opt/MVS/lib/32:/opt/MVS/lib/64:/opt/MVS/lib/32 /usr/bin/cmake --build /home/luis/azure_sky_ros2/build/tide_shooter_controller -- -j12 -l12
[0.404s] Invoking command in '/home/luis/azure_sky_ros2/build/tide_shooter_controller': CMAKE_PREFIX_PATH=${CMAKE_PREFIX_PATH}:/opt/ros/humble LD_LIBRARY_PATH=/home/luis/azure_sky_ros2/install/tide_msgs/lib:/home/luis/azure_sky_ros2/install/serial/lib:/home/luis/azure_sky_ros2/install/ros2_socketcan_msgs/lib:/home/luis/azure_sky_ros2/install/rm_auto_record/lib:/home/luis/azure_sky_ros2/install/hik_camera/lib:/home/luis/azure_sky_ros2/install/buff_interfaces/lib:/home/luis/azure_sky_ros2/install/auto_aim_interfaces/lib:/opt/MVS/lib/64:/opt/MVS/lib/32:/usr/lib/x86_64-linux-gnu/gazebo-11/plugins:/opt/ros/humble/opt/rviz_ogre_vendor/lib:/opt/ros/humble/lib/x86_64-linux-gnu:/opt/ros/humble/lib:/opt/MVS/lib/64:/opt/MVS/lib/32:/opt/MVS/lib/64:/opt/MVS/lib/32 /usr/bin/cmake --install /home/luis/azure_sky_ros2/build/tide_shooter_controller
[0.470s] -- Install configuration: ""
[0.470s] -- Installing: /home/luis/azure_sky_ros2/install/tide_shooter_controller/include/tide_shooter_controller
[0.470s] -- Installing: /home/luis/azure_sky_ros2/install/tide_shooter_controller/include/tide_shooter_controller/shooter_controller_parameters.hpp
[0.471s] -- Installing: /home/luis/azure_sky_ros2/install/tide_shooter_controller/share/tide_shooter_controller/tide_shooter_controller.xml
[0.471s] -- Up-to-date: /home/luis/azure_sky_ros2/install/tide_shooter_controller/include/
[0.471s] -- Installing: /home/luis/azure_sky_ros2/install/tide_shooter_controller/include//tide_shooter_controller.hpp
[0.471s] -- Installing: /home/luis/azure_sky_ros2/install/tide_shooter_controller/lib/libtide_shooter_controller.so
[0.471s] -- Set runtime path of "/home/luis/azure_sky_ros2/install/tide_shooter_controller/lib/libtide_shooter_controller.so" to ""
[0.471s] -- Installing: /home/luis/azure_sky_ros2/install/tide_shooter_controller/share/tide_shooter_controller/environment/library_path.sh
[0.471s] -- Installing: /home/luis/azure_sky_ros2/install/tide_shooter_controller/share/tide_shooter_controller/environment/library_path.dsv
[0.471s] -- Installing: /home/luis/azure_sky_ros2/install/tide_shooter_controller/share/ament_index/resource_index/package_run_dependencies/tide_shooter_controller
[0.472s] -- Installing: /home/luis/azure_sky_ros2/install/tide_shooter_controller/share/ament_index/resource_index/parent_prefix_path/tide_shooter_controller
[0.472s] -- Installing: /home/luis/azure_sky_ros2/install/tide_shooter_controller/share/tide_shooter_controller/environment/ament_prefix_path.sh
[0.472s] -- Installing: /home/luis/azure_sky_ros2/install/tide_shooter_controller/share/tide_shooter_controller/environment/ament_prefix_path.dsv
[0.472s] -- Installing: /home/luis/azure_sky_ros2/install/tide_shooter_controller/share/tide_shooter_controller/environment/path.sh
[0.472s] -- Installing: /home/luis/azure_sky_ros2/install/tide_shooter_controller/share/tide_shooter_controller/environment/path.dsv
[0.472s] -- Installing: /home/luis/azure_sky_ros2/install/tide_shooter_controller/share/tide_shooter_controller/local_setup.bash
[0.472s] -- Installing: /home/luis/azure_sky_ros2/install/tide_shooter_controller/share/tide_shooter_controller/local_setup.sh
[0.473s] -- Installing: /home/luis/azure_sky_ros2/install/tide_shooter_controller/share/tide_shooter_controller/local_setup.zsh
[0.473s] -- Installing: /home/luis/azure_sky_ros2/install/tide_shooter_controller/share/tide_shooter_controller/local_setup.dsv
[0.473s] -- Installing: /home/luis/azure_sky_ros2/install/tide_shooter_controller/share/tide_shooter_controller/package.dsv
[0.473s] -- Installing: /home/luis/azure_sky_ros2/install/tide_shooter_controller/share/ament_index/resource_index/packages/tide_shooter_controller
[0.473s] -- Installing: /home/luis/azure_sky_ros2/install/tide_shooter_controller/share/ament_index/resource_index/controller_interface__pluginlib__plugin/tide_shooter_controller
[0.474s] -- Installing: /home/luis/azure_sky_ros2/install/tide_shooter_controller/share/tide_shooter_controller/cmake/export_tide_shooter_controllerExport.cmake
[0.474s] -- Installing: /home/luis/azure_sky_ros2/install/tide_shooter_controller/share/tide_shooter_controller/cmake/export_tide_shooter_controllerExport-noconfig.cmake
[0.474s] -- Installing: /home/luis/azure_sky_ros2/install/tide_shooter_controller/share/tide_shooter_controller/cmake/ament_cmake_export_dependencies-extras.cmake
[0.474s] -- Installing: /home/luis/azure_sky_ros2/install/tide_shooter_controller/share/tide_shooter_controller/cmake/ament_cmake_export_targets-extras.cmake
[0.474s] -- Installing: /home/luis/azure_sky_ros2/install/tide_shooter_controller/share/tide_shooter_controller/cmake/tide_shooter_controllerConfig.cmake
[0.474s] -- Installing: /home/luis/azure_sky_ros2/install/tide_shooter_controller/share/tide_shooter_controller/cmake/tide_shooter_controllerConfig-version.cmake
[0.474s] -- Installing: /home/luis/azure_sky_ros2/install/tide_shooter_controller/share/tide_shooter_controller/package.xml
[0.507s] Invoked command in '/home/luis/azure_sky_ros2/build/tide_shooter_controller' returned '0': CMAKE_PREFIX_PATH=${CMAKE_PREFIX_PATH}:/opt/ros/humble LD_LIBRARY_PATH=/home/luis/azure_sky_ros2/install/tide_msgs/lib:/home/luis/azure_sky_ros2/install/serial/lib:/home/luis/azure_sky_ros2/install/ros2_socketcan_msgs/lib:/home/luis/azure_sky_ros2/install/rm_auto_record/lib:/home/luis/azure_sky_ros2/install/hik_camera/lib:/home/luis/azure_sky_ros2/install/buff_interfaces/lib:/home/luis/azure_sky_ros2/install/auto_aim_interfaces/lib:/opt/MVS/lib/64:/opt/MVS/lib/32:/usr/lib/x86_64-linux-gnu/gazebo-11/plugins:/opt/ros/humble/opt/rviz_ogre_vendor/lib:/opt/ros/humble/lib/x86_64-linux-gnu:/opt/ros/humble/lib:/opt/MVS/lib/64:/opt/MVS/lib/32:/opt/MVS/lib/64:/opt/MVS/lib/32 /usr/bin/cmake --install /home/luis/azure_sky_ros2/build/tide_shooter_controller
