[0.040s] Invoking command in '/home/luis/azure_sky_ros2/build/hik_camera': CMAKE_PREFIX_PATH=${CMAKE_PREFIX_PATH}:/opt/ros/humble /usr/bin/cmake --build /home/luis/azure_sky_ros2/build/hik_camera -- -j12 -l12
[0.172s] [35m[1mConsolidate compiler generated dependencies of target hik_camera[0m
[0.223s] [ 50%] Built target hik_camera_node
[0.249s] [100%] Built target hik_camera
[0.326s] Invoked command in '/home/luis/azure_sky_ros2/build/hik_camera' returned '0': CMAKE_PREFIX_PATH=${CMAKE_PREFIX_PATH}:/opt/ros/humble /usr/bin/cmake --build /home/luis/azure_sky_ros2/build/hik_camera -- -j12 -l12
[0.329s] Invoking command in '/home/luis/azure_sky_ros2/build/hik_camera': CMAKE_PREFIX_PATH=${CMAKE_PREFIX_PATH}:/opt/ros/humble /usr/bin/cmake --install /home/luis/azure_sky_ros2/build/hik_camera
[0.346s] -- Install configuration: ""
[0.346s] -- Up-to-date: /home/luis/azure_sky_ros2/install/hik_camera/lib
[0.346s] -- Up-to-date: /home/luis/azure_sky_ros2/install/hik_camera/lib/libMvUsb3vTL.so
[0.346s] -- Up-to-date: /home/luis/azure_sky_ros2/install/hik_camera/lib/libFormatConversion.so
[0.347s] -- Up-to-date: /home/luis/azure_sky_ros2/install/hik_camera/lib/libMvCameraControl.so
[0.347s] -- Up-to-date: /home/luis/azure_sky_ros2/install/hik_camera/lib/libMVRender.so
[0.348s] -- Up-to-date: /home/luis/azure_sky_ros2/install/hik_camera/lib/libMediaProcess.so
[0.348s] -- Up-to-date: /home/luis/azure_sky_ros2/install/hik_camera/lib/hik_camera/hik_camera_node
[0.350s] -- Up-to-date: /home/luis/azure_sky_ros2/install/hik_camera/share/hik_camera/environment/library_path.sh
[0.351s] -- Up-to-date: /home/luis/azure_sky_ros2/install/hik_camera/share/hik_camera/environment/library_path.dsv
[0.351s] -- Up-to-date: /home/luis/azure_sky_ros2/install/hik_camera/lib/libhik_camera.so
[0.351s] -- Up-to-date: /home/luis/azure_sky_ros2/install/hik_camera/share/hik_camera/config
[0.351s] -- Up-to-date: /home/luis/azure_sky_ros2/install/hik_camera/share/hik_camera/config/camera_info.yaml
[0.352s] -- Up-to-date: /home/luis/azure_sky_ros2/install/hik_camera/share/hik_camera/config/camera_params.yaml
[0.352s] -- Up-to-date: /home/luis/azure_sky_ros2/install/hik_camera/share/hik_camera/launch
[0.352s] -- Up-to-date: /home/luis/azure_sky_ros2/install/hik_camera/share/hik_camera/launch/hik_camera.launch.py
[0.352s] -- Up-to-date: /home/luis/azure_sky_ros2/install/hik_camera/share/ament_index/resource_index/package_run_dependencies/hik_camera
[0.352s] -- Up-to-date: /home/luis/azure_sky_ros2/install/hik_camera/share/ament_index/resource_index/parent_prefix_path/hik_camera
[0.352s] -- Up-to-date: /home/luis/azure_sky_ros2/install/hik_camera/share/hik_camera/environment/ament_prefix_path.sh
[0.352s] -- Up-to-date: /home/luis/azure_sky_ros2/install/hik_camera/share/hik_camera/environment/ament_prefix_path.dsv
[0.353s] -- Up-to-date: /home/luis/azure_sky_ros2/install/hik_camera/share/hik_camera/environment/path.sh
[0.353s] -- Up-to-date: /home/luis/azure_sky_ros2/install/hik_camera/share/hik_camera/environment/path.dsv
[0.353s] -- Up-to-date: /home/luis/azure_sky_ros2/install/hik_camera/share/hik_camera/local_setup.bash
[0.353s] -- Up-to-date: /home/luis/azure_sky_ros2/install/hik_camera/share/hik_camera/local_setup.sh
[0.353s] -- Up-to-date: /home/luis/azure_sky_ros2/install/hik_camera/share/hik_camera/local_setup.zsh
[0.353s] -- Up-to-date: /home/luis/azure_sky_ros2/install/hik_camera/share/hik_camera/local_setup.dsv
[0.354s] -- Installing: /home/luis/azure_sky_ros2/install/hik_camera/share/hik_camera/package.dsv
[0.354s] -- Up-to-date: /home/luis/azure_sky_ros2/install/hik_camera/share/ament_index/resource_index/packages/hik_camera
[0.354s] -- Up-to-date: /home/luis/azure_sky_ros2/install/hik_camera/share/ament_index/resource_index/rclcpp_components/hik_camera
[0.354s] -- Up-to-date: /home/luis/azure_sky_ros2/install/hik_camera/share/hik_camera/cmake/ament_cmake_export_dependencies-extras.cmake
[0.354s] -- Up-to-date: /home/luis/azure_sky_ros2/install/hik_camera/share/hik_camera/cmake/ament_cmake_export_libraries-extras.cmake
[0.354s] -- Up-to-date: /home/luis/azure_sky_ros2/install/hik_camera/share/hik_camera/cmake/hik_cameraConfig.cmake
[0.354s] -- Up-to-date: /home/luis/azure_sky_ros2/install/hik_camera/share/hik_camera/cmake/hik_cameraConfig-version.cmake
[0.354s] -- Up-to-date: /home/luis/azure_sky_ros2/install/hik_camera/share/hik_camera/package.xml
[0.374s] Invoked command in '/home/luis/azure_sky_ros2/build/hik_camera' returned '0': CMAKE_PREFIX_PATH=${CMAKE_PREFIX_PATH}:/opt/ros/humble /usr/bin/cmake --install /home/luis/azure_sky_ros2/build/hik_camera
