[0.062s] Invoking command in '/home/luis/azure_sky_ros2/build/auto_aim_interfaces': CMAKE_PREFIX_PATH=${CMAKE_PREFIX_PATH}:/opt/ros/humble /usr/bin/cmake /home/luis/azure_sky_ros2/src/rm_auto_aim/auto_aim_interfaces -DCMAKE_INSTALL_PREFIX=/home/luis/azure_sky_ros2/install/auto_aim_interfaces
[0.202s] -- The C compiler identification is GNU 12.3.0
[0.334s] -- The CXX compiler identification is GNU 11.4.0
[0.353s] -- Detecting C compiler ABI info
[0.562s] -- Detecting C compiler ABI info - done
[0.576s] -- Check for working C compiler: /usr/bin/cc - skipped
[0.576s] -- Detecting C compile features
[0.576s] -- Detecting C compile features - done
[0.581s] -- Detecting CXX compiler ABI info
[0.797s] -- Detecting CXX compiler ABI info - done
[0.814s] -- Check for working CXX compiler: /usr/bin/c++ - skipped
[0.815s] -- Detecting CXX compile features
[0.816s] -- Detecting CXX compile features - done
[0.821s] -- Found ament_cmake: 1.3.11 (/opt/ros/humble/share/ament_cmake/cmake)
[1.218s] -- Found Python3: /usr/bin/python3 (found version "3.10.12") found components: Interpreter 
[1.435s] -- Found rosidl_default_generators: 1.2.0 (/opt/ros/humble/share/rosidl_default_generators/cmake)
[1.446s] -- Using all available rosidl_typesupport_c: rosidl_typesupport_fastrtps_c;rosidl_typesupport_introspection_c
[1.461s] -- Found rosidl_adapter: 3.1.6 (/opt/ros/humble/share/rosidl_adapter/cmake)
[1.543s] -- Using all available rosidl_typesupport_cpp: rosidl_typesupport_fastrtps_cpp;rosidl_typesupport_introspection_cpp
[1.599s] -- Found geometry_msgs: 4.9.0 (/opt/ros/humble/share/geometry_msgs/cmake)
[2.396s] -- Found ament_cmake_ros: 0.10.0 (/opt/ros/humble/share/ament_cmake_ros/cmake)
[2.844s] -- Using all available rosidl_typesupport_c: rosidl_typesupport_fastrtps_c;rosidl_typesupport_introspection_c
[3.442s] -- Using all available rosidl_typesupport_cpp: rosidl_typesupport_fastrtps_cpp;rosidl_typesupport_introspection_cpp
[3.488s] -- Found PythonInterp: /usr/bin/python3 (found suitable version "3.10.12", minimum required is "3.6") 
[3.493s] -- Found python_cmake_module: 0.10.0 (/opt/ros/humble/share/python_cmake_module/cmake)
[3.541s] -- Found PythonLibs: /usr/lib/x86_64-linux-gnu/libpython3.10.so (found suitable version "3.10.12", minimum required is "3.5") 
[3.541s] -- Using PYTHON_EXECUTABLE: /usr/bin/python3
[3.542s] -- Using PYTHON_INCLUDE_DIRS: /usr/include/python3.10
[3.542s] -- Using PYTHON_LIBRARIES: /usr/lib/x86_64-linux-gnu/libpython3.10.so
[3.589s] -- Found PythonExtra: .so  
[3.770s] -- Configuring done
[3.903s] -- Generating done
[3.939s] -- Build files have been written to: /home/luis/azure_sky_ros2/build/auto_aim_interfaces
[3.971s] Invoked command in '/home/luis/azure_sky_ros2/build/auto_aim_interfaces' returned '0': CMAKE_PREFIX_PATH=${CMAKE_PREFIX_PATH}:/opt/ros/humble /usr/bin/cmake /home/luis/azure_sky_ros2/src/rm_auto_aim/auto_aim_interfaces -DCMAKE_INSTALL_PREFIX=/home/luis/azure_sky_ros2/install/auto_aim_interfaces
[3.972s] Invoking command in '/home/luis/azure_sky_ros2/build/auto_aim_interfaces': CMAKE_PREFIX_PATH=${CMAKE_PREFIX_PATH}:/opt/ros/humble /usr/bin/cmake --build /home/luis/azure_sky_ros2/build/auto_aim_interfaces -- -j12 -l12
[4.139s] [  1%] [34m[1mGenerating C code for ROS interfaces[0m
[4.158s] [  1%] [34m[1mGenerating C++ code for ROS interfaces[0m
[4.219s] [  1%] Built target ament_cmake_python_copy_auto_aim_interfaces
[5.084s] running egg_info
[5.086s] creating auto_aim_interfaces.egg-info
[5.086s] writing auto_aim_interfaces.egg-info/PKG-INFO
[5.086s] writing dependency_links to auto_aim_interfaces.egg-info/dependency_links.txt
[5.087s] writing top-level names to auto_aim_interfaces.egg-info/top_level.txt
[5.087s] writing manifest file 'auto_aim_interfaces.egg-info/SOURCES.txt'
[5.107s] reading manifest file 'auto_aim_interfaces.egg-info/SOURCES.txt'
[5.108s] writing manifest file 'auto_aim_interfaces.egg-info/SOURCES.txt'
[5.253s] [  1%] Built target ament_cmake_python_build_auto_aim_interfaces_egg
[6.551s] [  2%] [32mBuilding C object CMakeFiles/auto_aim_interfaces__rosidl_generator_c.dir/rosidl_generator_c/auto_aim_interfaces/msg/detail/armor__functions.c.o[0m
[6.551s] [  4%] [32mBuilding C object CMakeFiles/auto_aim_interfaces__rosidl_generator_c.dir/rosidl_generator_c/auto_aim_interfaces/msg/detail/debug_light__functions.c.o[0m
[6.561s] [  5%] [32mBuilding C object CMakeFiles/auto_aim_interfaces__rosidl_generator_c.dir/rosidl_generator_c/auto_aim_interfaces/msg/detail/debug_lights__functions.c.o[0m
[6.561s] [  3%] [32mBuilding C object CMakeFiles/auto_aim_interfaces__rosidl_generator_c.dir/rosidl_generator_c/auto_aim_interfaces/msg/detail/armors__functions.c.o[0m
[6.561s] [  6%] [32mBuilding C object CMakeFiles/auto_aim_interfaces__rosidl_generator_c.dir/rosidl_generator_c/auto_aim_interfaces/msg/detail/target__functions.c.o[0m
[6.562s] [  7%] [32mBuilding C object CMakeFiles/auto_aim_interfaces__rosidl_generator_c.dir/rosidl_generator_c/auto_aim_interfaces/msg/detail/debug_armors__functions.c.o[0m
[6.564s] [  8%] [32mBuilding C object CMakeFiles/auto_aim_interfaces__rosidl_generator_c.dir/rosidl_generator_c/auto_aim_interfaces/msg/detail/debug_armor__functions.c.o[0m
[6.585s] [  9%] [32mBuilding C object CMakeFiles/auto_aim_interfaces__rosidl_generator_c.dir/rosidl_generator_c/auto_aim_interfaces/msg/detail/tracker_info__functions.c.o[0m
[6.595s] [ 10%] [32mBuilding C object CMakeFiles/auto_aim_interfaces__rosidl_generator_c.dir/rosidl_generator_c/auto_aim_interfaces/msg/detail/time_info__functions.c.o[0m
[6.597s] [ 11%] [32mBuilding C object CMakeFiles/auto_aim_interfaces__rosidl_generator_c.dir/rosidl_generator_c/auto_aim_interfaces/msg/detail/robot_status__functions.c.o[0m
[7.048s] [ 12%] [32m[1mLinking C shared library libauto_aim_interfaces__rosidl_generator_c.so[0m
[7.183s] [ 12%] Built target auto_aim_interfaces__cpp
[7.232s] [ 13%] [34m[1mGenerating C++ type support dispatch for ROS interfaces[0m
[7.251s] [ 14%] [34m[1mGenerating C++ type support for eProsima Fast-RTPS[0m
[7.252s] [ 15%] [34m[1mGenerating C++ introspection for ROS interfaces[0m
[7.305s] [ 15%] Built target auto_aim_interfaces__rosidl_generator_c
[7.359s] [ 16%] [34m[1mGenerating C type support for eProsima Fast-RTPS[0m
[7.370s] [ 17%] [34m[1mGenerating C type support dispatch for ROS interfaces[0m
[7.373s] [ 18%] [34m[1mGenerating C introspection for ROS interfaces[0m
[9.523s] [ 19%] [32mBuilding CXX object CMakeFiles/auto_aim_interfaces__rosidl_typesupport_c.dir/rosidl_typesupport_c/auto_aim_interfaces/msg/armor__type_support.cpp.o[0m
[9.551s] [ 20%] [32mBuilding CXX object CMakeFiles/auto_aim_interfaces__rosidl_typesupport_c.dir/rosidl_typesupport_c/auto_aim_interfaces/msg/armors__type_support.cpp.o[0m
[9.572s] [ 21%] [32mBuilding CXX object CMakeFiles/auto_aim_interfaces__rosidl_typesupport_c.dir/rosidl_typesupport_c/auto_aim_interfaces/msg/debug_light__type_support.cpp.o[0m
[9.588s] [ 22%] [32mBuilding CXX object CMakeFiles/auto_aim_interfaces__rosidl_typesupport_c.dir/rosidl_typesupport_c/auto_aim_interfaces/msg/target__type_support.cpp.o[0m
[9.648s] [ 23%] [32mBuilding CXX object CMakeFiles/auto_aim_interfaces__rosidl_typesupport_c.dir/rosidl_typesupport_c/auto_aim_interfaces/msg/debug_lights__type_support.cpp.o[0m
[9.687s] [ 24%] [32mBuilding CXX object CMakeFiles/auto_aim_interfaces__rosidl_typesupport_c.dir/rosidl_typesupport_c/auto_aim_interfaces/msg/debug_armor__type_support.cpp.o[0m
[9.716s] [ 25%] [32mBuilding CXX object CMakeFiles/auto_aim_interfaces__rosidl_typesupport_c.dir/rosidl_typesupport_c/auto_aim_interfaces/msg/debug_armors__type_support.cpp.o[0m
[9.731s] [ 26%] [32mBuilding CXX object CMakeFiles/auto_aim_interfaces__rosidl_typesupport_c.dir/rosidl_typesupport_c/auto_aim_interfaces/msg/tracker_info__type_support.cpp.o[0m
[9.746s] [ 27%] [32mBuilding CXX object CMakeFiles/auto_aim_interfaces__rosidl_typesupport_introspection_cpp.dir/rosidl_typesupport_introspection_cpp/auto_aim_interfaces/msg/detail/armor__type_support.cpp.o[0m
[9.758s] [ 27%] [32mBuilding CXX object CMakeFiles/auto_aim_interfaces__rosidl_typesupport_c.dir/rosidl_typesupport_c/auto_aim_interfaces/msg/robot_status__type_support.cpp.o[0m
[9.799s] [ 28%] [32mBuilding CXX object CMakeFiles/auto_aim_interfaces__rosidl_typesupport_c.dir/rosidl_typesupport_c/auto_aim_interfaces/msg/time_info__type_support.cpp.o[0m
[9.807s] [ 29%] [32mBuilding CXX object CMakeFiles/auto_aim_interfaces__rosidl_typesupport_cpp.dir/rosidl_typesupport_cpp/auto_aim_interfaces/msg/armor__type_support.cpp.o[0m
[9.817s] [ 30%] [32mBuilding CXX object CMakeFiles/auto_aim_interfaces__rosidl_typesupport_cpp.dir/rosidl_typesupport_cpp/auto_aim_interfaces/msg/armors__type_support.cpp.o[0m
[9.844s] [ 31%] [32mBuilding CXX object CMakeFiles/auto_aim_interfaces__rosidl_typesupport_cpp.dir/rosidl_typesupport_cpp/auto_aim_interfaces/msg/target__type_support.cpp.o[0m
[9.846s] [ 32%] [32mBuilding CXX object CMakeFiles/auto_aim_interfaces__rosidl_typesupport_cpp.dir/rosidl_typesupport_cpp/auto_aim_interfaces/msg/debug_light__type_support.cpp.o[0m
[9.873s] [ 33%] [32mBuilding CXX object CMakeFiles/auto_aim_interfaces__rosidl_typesupport_cpp.dir/rosidl_typesupport_cpp/auto_aim_interfaces/msg/debug_lights__type_support.cpp.o[0m
[9.910s] [ 34%] [32mBuilding CXX object CMakeFiles/auto_aim_interfaces__rosidl_typesupport_introspection_cpp.dir/rosidl_typesupport_introspection_cpp/auto_aim_interfaces/msg/detail/armors__type_support.cpp.o[0m
[9.968s] [ 35%] [32m[1mLinking CXX shared library libauto_aim_interfaces__rosidl_typesupport_c.so[0m
[9.970s] [ 36%] [32mBuilding CXX object CMakeFiles/auto_aim_interfaces__rosidl_typesupport_introspection_cpp.dir/rosidl_typesupport_introspection_cpp/auto_aim_interfaces/msg/detail/target__type_support.cpp.o[0m
[10.260s] [ 36%] Built target auto_aim_interfaces__rosidl_typesupport_c
[10.260s] [ 37%] [32mBuilding CXX object CMakeFiles/auto_aim_interfaces__rosidl_typesupport_fastrtps_cpp.dir/rosidl_typesupport_fastrtps_cpp/auto_aim_interfaces/msg/detail/dds_fastrtps/armor__type_support.cpp.o[0m
[10.320s] [ 38%] [32mBuilding CXX object CMakeFiles/auto_aim_interfaces__rosidl_typesupport_fastrtps_cpp.dir/rosidl_typesupport_fastrtps_cpp/auto_aim_interfaces/msg/detail/dds_fastrtps/armors__type_support.cpp.o[0m
[10.775s] [ 39%] [32mBuilding CXX object CMakeFiles/auto_aim_interfaces__rosidl_typesupport_cpp.dir/rosidl_typesupport_cpp/auto_aim_interfaces/msg/debug_armor__type_support.cpp.o[0m
[10.997s] [ 40%] [32mBuilding CXX object CMakeFiles/auto_aim_interfaces__rosidl_typesupport_cpp.dir/rosidl_typesupport_cpp/auto_aim_interfaces/msg/debug_armors__type_support.cpp.o[0m
[11.129s] [ 40%] [32mBuilding CXX object CMakeFiles/auto_aim_interfaces__rosidl_typesupport_fastrtps_cpp.dir/rosidl_typesupport_fastrtps_cpp/auto_aim_interfaces/msg/detail/dds_fastrtps/target__type_support.cpp.o[0m
[11.132s] [ 41%] [32mBuilding C object CMakeFiles/auto_aim_interfaces__rosidl_typesupport_introspection_c.dir/rosidl_typesupport_introspection_c/auto_aim_interfaces/msg/detail/armor__type_support.c.o[0m
[11.141s] [ 42%] [32mBuilding CXX object CMakeFiles/auto_aim_interfaces__rosidl_typesupport_introspection_cpp.dir/rosidl_typesupport_introspection_cpp/auto_aim_interfaces/msg/detail/debug_light__type_support.cpp.o[0m
[11.182s] [ 43%] [32mBuilding CXX object CMakeFiles/auto_aim_interfaces__rosidl_typesupport_cpp.dir/rosidl_typesupport_cpp/auto_aim_interfaces/msg/tracker_info__type_support.cpp.o[0m
[11.250s] [ 44%] [32mBuilding CXX object CMakeFiles/auto_aim_interfaces__rosidl_typesupport_introspection_cpp.dir/rosidl_typesupport_introspection_cpp/auto_aim_interfaces/msg/detail/debug_lights__type_support.cpp.o[0m
[11.291s] [ 45%] [32mBuilding C object CMakeFiles/auto_aim_interfaces__rosidl_typesupport_introspection_c.dir/rosidl_typesupport_introspection_c/auto_aim_interfaces/msg/detail/armors__type_support.c.o[0m
[11.500s] [ 46%] [32mBuilding CXX object CMakeFiles/auto_aim_interfaces__rosidl_typesupport_fastrtps_c.dir/rosidl_typesupport_fastrtps_c/auto_aim_interfaces/msg/detail/armor__type_support_c.cpp.o[0m
[11.511s] [ 47%] [32mBuilding C object CMakeFiles/auto_aim_interfaces__rosidl_typesupport_introspection_c.dir/rosidl_typesupport_introspection_c/auto_aim_interfaces/msg/detail/target__type_support.c.o[0m
[11.719s] [ 48%] [32mBuilding C object CMakeFiles/auto_aim_interfaces__rosidl_typesupport_introspection_c.dir/rosidl_typesupport_introspection_c/auto_aim_interfaces/msg/detail/debug_light__type_support.c.o[0m
[11.827s] [ 49%] [32mBuilding C object CMakeFiles/auto_aim_interfaces__rosidl_typesupport_introspection_c.dir/rosidl_typesupport_introspection_c/auto_aim_interfaces/msg/detail/debug_lights__type_support.c.o[0m
[11.841s] [ 50%] [32mBuilding CXX object CMakeFiles/auto_aim_interfaces__rosidl_typesupport_introspection_cpp.dir/rosidl_typesupport_introspection_cpp/auto_aim_interfaces/msg/detail/debug_armor__type_support.cpp.o[0m
[11.905s] [ 51%] [32mBuilding CXX object CMakeFiles/auto_aim_interfaces__rosidl_typesupport_fastrtps_cpp.dir/rosidl_typesupport_fastrtps_cpp/auto_aim_interfaces/msg/detail/dds_fastrtps/debug_light__type_support.cpp.o[0m
[11.957s] [ 52%] [32mBuilding C object CMakeFiles/auto_aim_interfaces__rosidl_typesupport_introspection_c.dir/rosidl_typesupport_introspection_c/auto_aim_interfaces/msg/detail/debug_armor__type_support.c.o[0m
[11.960s] [ 53%] [32mBuilding CXX object CMakeFiles/auto_aim_interfaces__rosidl_typesupport_fastrtps_c.dir/rosidl_typesupport_fastrtps_c/auto_aim_interfaces/msg/detail/armors__type_support_c.cpp.o[0m
[12.023s] [ 54%] [32mBuilding C object CMakeFiles/auto_aim_interfaces__rosidl_typesupport_introspection_c.dir/rosidl_typesupport_introspection_c/auto_aim_interfaces/msg/detail/debug_armors__type_support.c.o[0m
[12.161s] [ 55%] [32mBuilding CXX object CMakeFiles/auto_aim_interfaces__rosidl_typesupport_introspection_cpp.dir/rosidl_typesupport_introspection_cpp/auto_aim_interfaces/msg/detail/debug_armors__type_support.cpp.o[0m
[12.244s] [ 56%] [32mBuilding CXX object CMakeFiles/auto_aim_interfaces__rosidl_typesupport_cpp.dir/rosidl_typesupport_cpp/auto_aim_interfaces/msg/robot_status__type_support.cpp.o[0m
[12.275s] [ 57%] [32mBuilding C object CMakeFiles/auto_aim_interfaces__rosidl_typesupport_introspection_c.dir/rosidl_typesupport_introspection_c/auto_aim_interfaces/msg/detail/tracker_info__type_support.c.o[0m
[12.330s] [ 58%] [32mBuilding C object CMakeFiles/auto_aim_interfaces__rosidl_typesupport_introspection_c.dir/rosidl_typesupport_introspection_c/auto_aim_interfaces/msg/detail/robot_status__type_support.c.o[0m
[12.396s] [ 59%] [32mBuilding CXX object CMakeFiles/auto_aim_interfaces__rosidl_typesupport_fastrtps_cpp.dir/rosidl_typesupport_fastrtps_cpp/auto_aim_interfaces/msg/detail/dds_fastrtps/debug_lights__type_support.cpp.o[0m
[12.428s] [ 60%] [32mBuilding CXX object CMakeFiles/auto_aim_interfaces__rosidl_typesupport_fastrtps_cpp.dir/rosidl_typesupport_fastrtps_cpp/auto_aim_interfaces/msg/detail/dds_fastrtps/debug_armor__type_support.cpp.o[0m
[12.465s] [ 61%] [32mBuilding CXX object CMakeFiles/auto_aim_interfaces__rosidl_typesupport_fastrtps_cpp.dir/rosidl_typesupport_fastrtps_cpp/auto_aim_interfaces/msg/detail/dds_fastrtps/debug_armors__type_support.cpp.o[0m
[12.476s] [ 62%] [32mBuilding C object CMakeFiles/auto_aim_interfaces__rosidl_typesupport_introspection_c.dir/rosidl_typesupport_introspection_c/auto_aim_interfaces/msg/detail/time_info__type_support.c.o[0m
[12.633s] [ 63%] [32m[1mLinking C shared library libauto_aim_interfaces__rosidl_typesupport_introspection_c.so[0m
[12.759s] [ 64%] [32mBuilding CXX object CMakeFiles/auto_aim_interfaces__rosidl_typesupport_fastrtps_c.dir/rosidl_typesupport_fastrtps_c/auto_aim_interfaces/msg/detail/target__type_support_c.cpp.o[0m
[12.773s] [ 64%] Built target auto_aim_interfaces__rosidl_typesupport_introspection_c
[12.830s] [ 65%] [32mBuilding CXX object CMakeFiles/auto_aim_interfaces__rosidl_typesupport_cpp.dir/rosidl_typesupport_cpp/auto_aim_interfaces/msg/time_info__type_support.cpp.o[0m
[12.888s] [ 66%] [32mBuilding CXX object CMakeFiles/auto_aim_interfaces__rosidl_typesupport_fastrtps_c.dir/rosidl_typesupport_fastrtps_c/auto_aim_interfaces/msg/detail/debug_light__type_support_c.cpp.o[0m
[12.948s] [ 67%] [32mBuilding CXX object CMakeFiles/auto_aim_interfaces__rosidl_typesupport_introspection_cpp.dir/rosidl_typesupport_introspection_cpp/auto_aim_interfaces/msg/detail/tracker_info__type_support.cpp.o[0m
[13.111s] [ 68%] [32mBuilding CXX object CMakeFiles/auto_aim_interfaces__rosidl_typesupport_fastrtps_cpp.dir/rosidl_typesupport_fastrtps_cpp/auto_aim_interfaces/msg/detail/dds_fastrtps/tracker_info__type_support.cpp.o[0m
[13.214s] [ 69%] [32mBuilding CXX object CMakeFiles/auto_aim_interfaces__rosidl_typesupport_introspection_cpp.dir/rosidl_typesupport_introspection_cpp/auto_aim_interfaces/msg/detail/robot_status__type_support.cpp.o[0m
[13.253s] [ 70%] [32mBuilding CXX object CMakeFiles/auto_aim_interfaces__rosidl_typesupport_fastrtps_cpp.dir/rosidl_typesupport_fastrtps_cpp/auto_aim_interfaces/msg/detail/dds_fastrtps/robot_status__type_support.cpp.o[0m
[13.295s] [ 71%] [32mBuilding CXX object CMakeFiles/auto_aim_interfaces__rosidl_typesupport_introspection_cpp.dir/rosidl_typesupport_introspection_cpp/auto_aim_interfaces/msg/detail/time_info__type_support.cpp.o[0m
[13.381s] [ 72%] [32mBuilding CXX object CMakeFiles/auto_aim_interfaces__rosidl_typesupport_fastrtps_cpp.dir/rosidl_typesupport_fastrtps_cpp/auto_aim_interfaces/msg/detail/dds_fastrtps/time_info__type_support.cpp.o[0m
[13.968s] [ 73%] [32m[1mLinking CXX shared library libauto_aim_interfaces__rosidl_typesupport_cpp.so[0m
[14.027s] [ 74%] [32mBuilding CXX object CMakeFiles/auto_aim_interfaces__rosidl_typesupport_fastrtps_c.dir/rosidl_typesupport_fastrtps_c/auto_aim_interfaces/msg/detail/debug_lights__type_support_c.cpp.o[0m
[14.106s] [ 75%] [32mBuilding CXX object CMakeFiles/auto_aim_interfaces__rosidl_typesupport_fastrtps_c.dir/rosidl_typesupport_fastrtps_c/auto_aim_interfaces/msg/detail/debug_armor__type_support_c.cpp.o[0m
[14.146s] [ 75%] Built target auto_aim_interfaces__rosidl_typesupport_cpp
[14.174s] [ 76%] [32mBuilding CXX object CMakeFiles/auto_aim_interfaces__rosidl_typesupport_fastrtps_c.dir/rosidl_typesupport_fastrtps_c/auto_aim_interfaces/msg/detail/debug_armors__type_support_c.cpp.o[0m
[14.182s] [ 77%] [32mBuilding CXX object CMakeFiles/auto_aim_interfaces__rosidl_typesupport_fastrtps_c.dir/rosidl_typesupport_fastrtps_c/auto_aim_interfaces/msg/detail/tracker_info__type_support_c.cpp.o[0m
[14.260s] [ 78%] [32mBuilding CXX object CMakeFiles/auto_aim_interfaces__rosidl_typesupport_fastrtps_c.dir/rosidl_typesupport_fastrtps_c/auto_aim_interfaces/msg/detail/robot_status__type_support_c.cpp.o[0m
[14.309s] [ 79%] [32mBuilding CXX object CMakeFiles/auto_aim_interfaces__rosidl_typesupport_fastrtps_c.dir/rosidl_typesupport_fastrtps_c/auto_aim_interfaces/msg/detail/time_info__type_support_c.cpp.o[0m
[14.742s] [ 80%] [32m[1mLinking CXX shared library libauto_aim_interfaces__rosidl_typesupport_fastrtps_cpp.so[0m
[14.762s] [ 81%] [32m[1mLinking CXX shared library libauto_aim_interfaces__rosidl_typesupport_introspection_cpp.so[0m
[15.120s] [ 81%] Built target auto_aim_interfaces__rosidl_typesupport_fastrtps_cpp
[15.147s] [ 81%] Built target auto_aim_interfaces__rosidl_typesupport_introspection_cpp
[15.315s] [ 82%] [32m[1mLinking CXX shared library libauto_aim_interfaces__rosidl_typesupport_fastrtps_c.so[0m
[15.512s] [ 82%] Built target auto_aim_interfaces__rosidl_typesupport_fastrtps_c
[15.554s] [ 82%] Built target auto_aim_interfaces
[15.602s] [ 83%] [34m[1mGenerating Python code for ROS interfaces[0m
[18.103s] [ 83%] Built target auto_aim_interfaces__py
[18.180s] [ 84%] [32mBuilding C object CMakeFiles/auto_aim_interfaces__rosidl_generator_py.dir/rosidl_generator_py/auto_aim_interfaces/msg/_armor_s.c.o[0m
[18.201s] [ 85%] [32mBuilding C object CMakeFiles/auto_aim_interfaces__rosidl_generator_py.dir/rosidl_generator_py/auto_aim_interfaces/msg/_debug_armor_s.c.o[0m
[18.201s] [ 86%] [32mBuilding C object CMakeFiles/auto_aim_interfaces__rosidl_generator_py.dir/rosidl_generator_py/auto_aim_interfaces/msg/_debug_lights_s.c.o[0m
[18.203s] [ 87%] [32mBuilding C object CMakeFiles/auto_aim_interfaces__rosidl_generator_py.dir/rosidl_generator_py/auto_aim_interfaces/msg/_armors_s.c.o[0m
[18.213s] [ 88%] [32mBuilding C object CMakeFiles/auto_aim_interfaces__rosidl_generator_py.dir/rosidl_generator_py/auto_aim_interfaces/msg/_target_s.c.o[0m
[18.219s] [ 90%] [32mBuilding C object CMakeFiles/auto_aim_interfaces__rosidl_generator_py.dir/rosidl_generator_py/auto_aim_interfaces/msg/_tracker_info_s.c.o[0m
[18.219s] [ 89%] [32mBuilding C object CMakeFiles/auto_aim_interfaces__rosidl_generator_py.dir/rosidl_generator_py/auto_aim_interfaces/msg/_debug_light_s.c.o[0m
[18.234s] [ 91%] [32mBuilding C object CMakeFiles/auto_aim_interfaces__rosidl_generator_py.dir/rosidl_generator_py/auto_aim_interfaces/msg/_time_info_s.c.o[0m
[18.242s] [ 92%] [32mBuilding C object CMakeFiles/auto_aim_interfaces__rosidl_generator_py.dir/rosidl_generator_py/auto_aim_interfaces/msg/_debug_armors_s.c.o[0m
[18.242s] [ 93%] [32mBuilding C object CMakeFiles/auto_aim_interfaces__rosidl_generator_py.dir/rosidl_generator_py/auto_aim_interfaces/msg/_robot_status_s.c.o[0m
[18.821s] [ 94%] [32m[1mLinking C shared library rosidl_generator_py/auto_aim_interfaces/libauto_aim_interfaces__rosidl_generator_py.so[0m
[19.098s] [ 94%] Built target auto_aim_interfaces__rosidl_generator_py
[19.218s] [ 95%] [32mBuilding C object CMakeFiles/auto_aim_interfaces__rosidl_typesupport_c__pyext.dir/rosidl_generator_py/auto_aim_interfaces/_auto_aim_interfaces_s.ep.rosidl_typesupport_c.c.o[0m
[19.229s] [ 96%] [32mBuilding C object CMakeFiles/auto_aim_interfaces__rosidl_typesupport_introspection_c__pyext.dir/rosidl_generator_py/auto_aim_interfaces/_auto_aim_interfaces_s.ep.rosidl_typesupport_introspection_c.c.o[0m
[19.230s] [ 97%] [32mBuilding C object CMakeFiles/auto_aim_interfaces__rosidl_typesupport_fastrtps_c__pyext.dir/rosidl_generator_py/auto_aim_interfaces/_auto_aim_interfaces_s.ep.rosidl_typesupport_fastrtps_c.c.o[0m
[19.688s] [ 98%] [32m[1mLinking C shared library rosidl_generator_py/auto_aim_interfaces/auto_aim_interfaces_s__rosidl_typesupport_fastrtps_c.cpython-310-x86_64-linux-gnu.so[0m
[19.692s] [ 99%] [32m[1mLinking C shared library rosidl_generator_py/auto_aim_interfaces/auto_aim_interfaces_s__rosidl_typesupport_c.cpython-310-x86_64-linux-gnu.so[0m
[19.707s] [100%] [32m[1mLinking C shared library rosidl_generator_py/auto_aim_interfaces/auto_aim_interfaces_s__rosidl_typesupport_introspection_c.cpython-310-x86_64-linux-gnu.so[0m
[19.874s] [100%] Built target auto_aim_interfaces__rosidl_typesupport_fastrtps_c__pyext
[19.874s] [100%] Built target auto_aim_interfaces__rosidl_typesupport_c__pyext
[19.877s] [100%] Built target auto_aim_interfaces__rosidl_typesupport_introspection_c__pyext
[19.941s] Invoked command in '/home/luis/azure_sky_ros2/build/auto_aim_interfaces' returned '0': CMAKE_PREFIX_PATH=${CMAKE_PREFIX_PATH}:/opt/ros/humble /usr/bin/cmake --build /home/luis/azure_sky_ros2/build/auto_aim_interfaces -- -j12 -l12
[19.953s] Invoking command in '/home/luis/azure_sky_ros2/build/auto_aim_interfaces': CMAKE_PREFIX_PATH=${CMAKE_PREFIX_PATH}:/opt/ros/humble /usr/bin/cmake --install /home/luis/azure_sky_ros2/build/auto_aim_interfaces
[19.981s] -- Install configuration: ""
[19.982s] -- Installing: /home/luis/azure_sky_ros2/install/auto_aim_interfaces/share/ament_index/resource_index/rosidl_interfaces/auto_aim_interfaces
[19.982s] -- Installing: /home/luis/azure_sky_ros2/install/auto_aim_interfaces/include/auto_aim_interfaces/auto_aim_interfaces
[19.982s] -- Installing: /home/luis/azure_sky_ros2/install/auto_aim_interfaces/include/auto_aim_interfaces/auto_aim_interfaces/msg
[19.982s] -- Installing: /home/luis/azure_sky_ros2/install/auto_aim_interfaces/include/auto_aim_interfaces/auto_aim_interfaces/msg/debug_armors.h
[19.982s] -- Installing: /home/luis/azure_sky_ros2/install/auto_aim_interfaces/include/auto_aim_interfaces/auto_aim_interfaces/msg/detail
[19.982s] -- Installing: /home/luis/azure_sky_ros2/install/auto_aim_interfaces/include/auto_aim_interfaces/auto_aim_interfaces/msg/detail/robot_status__functions.c
[19.982s] -- Installing: /home/luis/azure_sky_ros2/install/auto_aim_interfaces/include/auto_aim_interfaces/auto_aim_interfaces/msg/detail/debug_light__functions.h
[19.982s] -- Installing: /home/luis/azure_sky_ros2/install/auto_aim_interfaces/include/auto_aim_interfaces/auto_aim_interfaces/msg/detail/armors__struct.h
[19.982s] -- Installing: /home/luis/azure_sky_ros2/install/auto_aim_interfaces/include/auto_aim_interfaces/auto_aim_interfaces/msg/detail/tracker_info__functions.c
[19.982s] -- Installing: /home/luis/azure_sky_ros2/install/auto_aim_interfaces/include/auto_aim_interfaces/auto_aim_interfaces/msg/detail/time_info__functions.h
[19.982s] -- Installing: /home/luis/azure_sky_ros2/install/auto_aim_interfaces/include/auto_aim_interfaces/auto_aim_interfaces/msg/detail/debug_light__functions.c
[19.982s] -- Installing: /home/luis/azure_sky_ros2/install/auto_aim_interfaces/include/auto_aim_interfaces/auto_aim_interfaces/msg/detail/target__type_support.h
[19.983s] -- Installing: /home/luis/azure_sky_ros2/install/auto_aim_interfaces/include/auto_aim_interfaces/auto_aim_interfaces/msg/detail/tracker_info__functions.h
[19.983s] -- Installing: /home/luis/azure_sky_ros2/install/auto_aim_interfaces/include/auto_aim_interfaces/auto_aim_interfaces/msg/detail/time_info__struct.h
[19.985s] -- Installing: /home/luis/azure_sky_ros2/install/auto_aim_interfaces/include/auto_aim_interfaces/auto_aim_interfaces/msg/detail/debug_lights__functions.h
[19.985s] -- Installing: /home/luis/azure_sky_ros2/install/auto_aim_interfaces/include/auto_aim_interfaces/auto_aim_interfaces/msg/detail/debug_light__type_support.h
[19.986s] -- Installing: /home/luis/azure_sky_ros2/install/auto_aim_interfaces/include/auto_aim_interfaces/auto_aim_interfaces/msg/detail/armors__functions.h
[19.987s] -- Installing: /home/luis/azure_sky_ros2/install/auto_aim_interfaces/include/auto_aim_interfaces/auto_aim_interfaces/msg/detail/robot_status__functions.h
[19.987s] -- Installing: /home/luis/azure_sky_ros2/install/auto_aim_interfaces/include/auto_aim_interfaces/auto_aim_interfaces/msg/detail/debug_lights__functions.c
[19.988s] -- Installing: /home/luis/azure_sky_ros2/install/auto_aim_interfaces/include/auto_aim_interfaces/auto_aim_interfaces/msg/detail/debug_lights__struct.h
[19.989s] -- Installing: /home/luis/azure_sky_ros2/install/auto_aim_interfaces/include/auto_aim_interfaces/auto_aim_interfaces/msg/detail/debug_armor__type_support.h
[19.990s] -- Installing: /home/luis/azure_sky_ros2/install/auto_aim_interfaces/include/auto_aim_interfaces/auto_aim_interfaces/msg/detail/tracker_info__type_support.h
[19.991s] -- Installing: /home/luis/azure_sky_ros2/install/auto_aim_interfaces/include/auto_aim_interfaces/auto_aim_interfaces/msg/detail/armor__functions.c
[19.992s] -- Installing: /home/luis/azure_sky_ros2/install/auto_aim_interfaces/include/auto_aim_interfaces/auto_aim_interfaces/msg/detail/target__functions.c
[19.993s] -- Installing: /home/luis/azure_sky_ros2/install/auto_aim_interfaces/include/auto_aim_interfaces/auto_aim_interfaces/msg/detail/target__functions.h
[19.993s] -- Installing: /home/luis/azure_sky_ros2/install/auto_aim_interfaces/include/auto_aim_interfaces/auto_aim_interfaces/msg/detail/tracker_info__struct.h
[19.994s] -- Installing: /home/luis/azure_sky_ros2/install/auto_aim_interfaces/include/auto_aim_interfaces/auto_aim_interfaces/msg/detail/debug_armors__type_support.h
[19.995s] -- Installing: /home/luis/azure_sky_ros2/install/auto_aim_interfaces/include/auto_aim_interfaces/auto_aim_interfaces/msg/detail/armors__type_support.h
[19.996s] -- Installing: /home/luis/azure_sky_ros2/install/auto_aim_interfaces/include/auto_aim_interfaces/auto_aim_interfaces/msg/detail/robot_status__struct.h
[19.996s] -- Installing: /home/luis/azure_sky_ros2/install/auto_aim_interfaces/include/auto_aim_interfaces/auto_aim_interfaces/msg/detail/debug_armors__functions.c
[19.997s] -- Installing: /home/luis/azure_sky_ros2/install/auto_aim_interfaces/include/auto_aim_interfaces/auto_aim_interfaces/msg/detail/time_info__type_support.h
[19.997s] -- Installing: /home/luis/azure_sky_ros2/install/auto_aim_interfaces/include/auto_aim_interfaces/auto_aim_interfaces/msg/detail/armor__functions.h
[19.997s] -- Installing: /home/luis/azure_sky_ros2/install/auto_aim_interfaces/include/auto_aim_interfaces/auto_aim_interfaces/msg/detail/debug_armors__struct.h
[19.998s] -- Installing: /home/luis/azure_sky_ros2/install/auto_aim_interfaces/include/auto_aim_interfaces/auto_aim_interfaces/msg/detail/debug_armors__functions.h
[19.998s] -- Installing: /home/luis/azure_sky_ros2/install/auto_aim_interfaces/include/auto_aim_interfaces/auto_aim_interfaces/msg/detail/armor__type_support.h
[19.999s] -- Installing: /home/luis/azure_sky_ros2/install/auto_aim_interfaces/include/auto_aim_interfaces/auto_aim_interfaces/msg/detail/debug_light__struct.h
[20.000s] -- Installing: /home/luis/azure_sky_ros2/install/auto_aim_interfaces/include/auto_aim_interfaces/auto_aim_interfaces/msg/detail/debug_armor__functions.c
[20.000s] -- Installing: /home/luis/azure_sky_ros2/install/auto_aim_interfaces/include/auto_aim_interfaces/auto_aim_interfaces/msg/detail/armors__functions.c
[20.002s] -- Installing: /home/luis/azure_sky_ros2/install/auto_aim_interfaces/include/auto_aim_interfaces/auto_aim_interfaces/msg/detail/debug_armor__functions.h
[20.003s] -- Installing: /home/luis/azure_sky_ros2/install/auto_aim_interfaces/include/auto_aim_interfaces/auto_aim_interfaces/msg/detail/armor__struct.h
[20.003s] -- Installing: /home/luis/azure_sky_ros2/install/auto_aim_interfaces/include/auto_aim_interfaces/auto_aim_interfaces/msg/detail/robot_status__type_support.h
[20.004s] -- Installing: /home/luis/azure_sky_ros2/install/auto_aim_interfaces/include/auto_aim_interfaces/auto_aim_interfaces/msg/detail/debug_lights__type_support.h
[20.004s] -- Installing: /home/luis/azure_sky_ros2/install/auto_aim_interfaces/include/auto_aim_interfaces/auto_aim_interfaces/msg/detail/target__struct.h
[20.005s] -- Installing: /home/luis/azure_sky_ros2/install/auto_aim_interfaces/include/auto_aim_interfaces/auto_aim_interfaces/msg/detail/time_info__functions.c
[20.006s] -- Installing: /home/luis/azure_sky_ros2/install/auto_aim_interfaces/include/auto_aim_interfaces/auto_aim_interfaces/msg/detail/debug_armor__struct.h
[20.007s] -- Installing: /home/luis/azure_sky_ros2/install/auto_aim_interfaces/include/auto_aim_interfaces/auto_aim_interfaces/msg/rosidl_generator_c__visibility_control.h
[20.008s] -- Installing: /home/luis/azure_sky_ros2/install/auto_aim_interfaces/include/auto_aim_interfaces/auto_aim_interfaces/msg/debug_lights.h
[20.009s] -- Installing: /home/luis/azure_sky_ros2/install/auto_aim_interfaces/include/auto_aim_interfaces/auto_aim_interfaces/msg/debug_armor.h
[20.009s] -- Installing: /home/luis/azure_sky_ros2/install/auto_aim_interfaces/include/auto_aim_interfaces/auto_aim_interfaces/msg/robot_status.h
[20.009s] -- Installing: /home/luis/azure_sky_ros2/install/auto_aim_interfaces/include/auto_aim_interfaces/auto_aim_interfaces/msg/target.h
[20.010s] -- Installing: /home/luis/azure_sky_ros2/install/auto_aim_interfaces/include/auto_aim_interfaces/auto_aim_interfaces/msg/time_info.h
[20.011s] -- Installing: /home/luis/azure_sky_ros2/install/auto_aim_interfaces/include/auto_aim_interfaces/auto_aim_interfaces/msg/tracker_info.h
[20.011s] -- Installing: /home/luis/azure_sky_ros2/install/auto_aim_interfaces/include/auto_aim_interfaces/auto_aim_interfaces/msg/armor.h
[20.012s] -- Installing: /home/luis/azure_sky_ros2/install/auto_aim_interfaces/include/auto_aim_interfaces/auto_aim_interfaces/msg/armors.h
[20.013s] -- Installing: /home/luis/azure_sky_ros2/install/auto_aim_interfaces/include/auto_aim_interfaces/auto_aim_interfaces/msg/debug_light.h
[20.014s] -- Installing: /home/luis/azure_sky_ros2/install/auto_aim_interfaces/share/auto_aim_interfaces/environment/library_path.sh
[20.014s] -- Installing: /home/luis/azure_sky_ros2/install/auto_aim_interfaces/share/auto_aim_interfaces/environment/library_path.dsv
[20.016s] -- Installing: /home/luis/azure_sky_ros2/install/auto_aim_interfaces/lib/libauto_aim_interfaces__rosidl_generator_c.so
[20.016s] -- Set runtime path of "/home/luis/azure_sky_ros2/install/auto_aim_interfaces/lib/libauto_aim_interfaces__rosidl_generator_c.so" to ""
[20.017s] -- Up-to-date: /home/luis/azure_sky_ros2/install/auto_aim_interfaces/include/auto_aim_interfaces/auto_aim_interfaces
[20.017s] -- Up-to-date: /home/luis/azure_sky_ros2/install/auto_aim_interfaces/include/auto_aim_interfaces/auto_aim_interfaces/msg
[20.018s] -- Installing: /home/luis/azure_sky_ros2/install/auto_aim_interfaces/include/auto_aim_interfaces/auto_aim_interfaces/msg/rosidl_typesupport_fastrtps_c__visibility_control.h
[20.019s] -- Up-to-date: /home/luis/azure_sky_ros2/install/auto_aim_interfaces/include/auto_aim_interfaces/auto_aim_interfaces/msg/detail
[20.019s] -- Installing: /home/luis/azure_sky_ros2/install/auto_aim_interfaces/include/auto_aim_interfaces/auto_aim_interfaces/msg/detail/debug_armor__rosidl_typesupport_fastrtps_c.h
[20.020s] -- Installing: /home/luis/azure_sky_ros2/install/auto_aim_interfaces/include/auto_aim_interfaces/auto_aim_interfaces/msg/detail/armor__rosidl_typesupport_fastrtps_c.h
[20.020s] -- Installing: /home/luis/azure_sky_ros2/install/auto_aim_interfaces/include/auto_aim_interfaces/auto_aim_interfaces/msg/detail/time_info__rosidl_typesupport_fastrtps_c.h
[20.020s] -- Installing: /home/luis/azure_sky_ros2/install/auto_aim_interfaces/include/auto_aim_interfaces/auto_aim_interfaces/msg/detail/debug_lights__rosidl_typesupport_fastrtps_c.h
[20.021s] -- Installing: /home/luis/azure_sky_ros2/install/auto_aim_interfaces/include/auto_aim_interfaces/auto_aim_interfaces/msg/detail/tracker_info__rosidl_typesupport_fastrtps_c.h
[20.022s] -- Installing: /home/luis/azure_sky_ros2/install/auto_aim_interfaces/include/auto_aim_interfaces/auto_aim_interfaces/msg/detail/robot_status__rosidl_typesupport_fastrtps_c.h
[20.023s] -- Installing: /home/luis/azure_sky_ros2/install/auto_aim_interfaces/include/auto_aim_interfaces/auto_aim_interfaces/msg/detail/armors__rosidl_typesupport_fastrtps_c.h
[20.023s] -- Installing: /home/luis/azure_sky_ros2/install/auto_aim_interfaces/include/auto_aim_interfaces/auto_aim_interfaces/msg/detail/debug_armors__rosidl_typesupport_fastrtps_c.h
[20.024s] -- Installing: /home/luis/azure_sky_ros2/install/auto_aim_interfaces/include/auto_aim_interfaces/auto_aim_interfaces/msg/detail/debug_light__rosidl_typesupport_fastrtps_c.h
[20.025s] -- Installing: /home/luis/azure_sky_ros2/install/auto_aim_interfaces/include/auto_aim_interfaces/auto_aim_interfaces/msg/detail/target__rosidl_typesupport_fastrtps_c.h
[20.027s] -- Installing: /home/luis/azure_sky_ros2/install/auto_aim_interfaces/lib/libauto_aim_interfaces__rosidl_typesupport_fastrtps_c.so
[20.027s] -- Set runtime path of "/home/luis/azure_sky_ros2/install/auto_aim_interfaces/lib/libauto_aim_interfaces__rosidl_typesupport_fastrtps_c.so" to ""
[20.028s] -- Up-to-date: /home/luis/azure_sky_ros2/install/auto_aim_interfaces/include/auto_aim_interfaces/auto_aim_interfaces
[20.028s] -- Up-to-date: /home/luis/azure_sky_ros2/install/auto_aim_interfaces/include/auto_aim_interfaces/auto_aim_interfaces/msg
[20.028s] -- Up-to-date: /home/luis/azure_sky_ros2/install/auto_aim_interfaces/include/auto_aim_interfaces/auto_aim_interfaces/msg/detail
[20.029s] -- Installing: /home/luis/azure_sky_ros2/install/auto_aim_interfaces/include/auto_aim_interfaces/auto_aim_interfaces/msg/detail/debug_armor__type_support.c
[20.029s] -- Installing: /home/luis/azure_sky_ros2/install/auto_aim_interfaces/include/auto_aim_interfaces/auto_aim_interfaces/msg/detail/tracker_info__type_support.c
[20.031s] -- Installing: /home/luis/azure_sky_ros2/install/auto_aim_interfaces/include/auto_aim_interfaces/auto_aim_interfaces/msg/detail/armors__type_support.c
[20.031s] -- Installing: /home/luis/azure_sky_ros2/install/auto_aim_interfaces/include/auto_aim_interfaces/auto_aim_interfaces/msg/detail/robot_status__rosidl_typesupport_introspection_c.h
[20.032s] -- Installing: /home/luis/azure_sky_ros2/install/auto_aim_interfaces/include/auto_aim_interfaces/auto_aim_interfaces/msg/detail/armor__rosidl_typesupport_introspection_c.h
[20.032s] -- Installing: /home/luis/azure_sky_ros2/install/auto_aim_interfaces/include/auto_aim_interfaces/auto_aim_interfaces/msg/detail/time_info__type_support.c
[20.033s] -- Installing: /home/luis/azure_sky_ros2/install/auto_aim_interfaces/include/auto_aim_interfaces/auto_aim_interfaces/msg/detail/debug_light__type_support.c
[20.034s] -- Installing: /home/luis/azure_sky_ros2/install/auto_aim_interfaces/include/auto_aim_interfaces/auto_aim_interfaces/msg/detail/debug_armors__type_support.c
[20.034s] -- Installing: /home/luis/azure_sky_ros2/install/auto_aim_interfaces/include/auto_aim_interfaces/auto_aim_interfaces/msg/detail/debug_armors__rosidl_typesupport_introspection_c.h
[20.035s] -- Installing: /home/luis/azure_sky_ros2/install/auto_aim_interfaces/include/auto_aim_interfaces/auto_aim_interfaces/msg/detail/target__rosidl_typesupport_introspection_c.h
[20.036s] -- Installing: /home/luis/azure_sky_ros2/install/auto_aim_interfaces/include/auto_aim_interfaces/auto_aim_interfaces/msg/detail/debug_lights__rosidl_typesupport_introspection_c.h
[20.036s] -- Installing: /home/luis/azure_sky_ros2/install/auto_aim_interfaces/include/auto_aim_interfaces/auto_aim_interfaces/msg/detail/armors__rosidl_typesupport_introspection_c.h
[20.037s] -- Installing: /home/luis/azure_sky_ros2/install/auto_aim_interfaces/include/auto_aim_interfaces/auto_aim_interfaces/msg/detail/debug_lights__type_support.c
[20.038s] -- Installing: /home/luis/azure_sky_ros2/install/auto_aim_interfaces/include/auto_aim_interfaces/auto_aim_interfaces/msg/detail/robot_status__type_support.c
[20.038s] -- Installing: /home/luis/azure_sky_ros2/install/auto_aim_interfaces/include/auto_aim_interfaces/auto_aim_interfaces/msg/detail/debug_light__rosidl_typesupport_introspection_c.h
[20.039s] -- Installing: /home/luis/azure_sky_ros2/install/auto_aim_interfaces/include/auto_aim_interfaces/auto_aim_interfaces/msg/detail/armor__type_support.c
[20.039s] -- Installing: /home/luis/azure_sky_ros2/install/auto_aim_interfaces/include/auto_aim_interfaces/auto_aim_interfaces/msg/detail/tracker_info__rosidl_typesupport_introspection_c.h
[20.040s] -- Installing: /home/luis/azure_sky_ros2/install/auto_aim_interfaces/include/auto_aim_interfaces/auto_aim_interfaces/msg/detail/target__type_support.c
[20.041s] -- Installing: /home/luis/azure_sky_ros2/install/auto_aim_interfaces/include/auto_aim_interfaces/auto_aim_interfaces/msg/detail/time_info__rosidl_typesupport_introspection_c.h
[20.042s] -- Installing: /home/luis/azure_sky_ros2/install/auto_aim_interfaces/include/auto_aim_interfaces/auto_aim_interfaces/msg/detail/debug_armor__rosidl_typesupport_introspection_c.h
[20.042s] -- Installing: /home/luis/azure_sky_ros2/install/auto_aim_interfaces/include/auto_aim_interfaces/auto_aim_interfaces/msg/rosidl_typesupport_introspection_c__visibility_control.h
[20.043s] -- Installing: /home/luis/azure_sky_ros2/install/auto_aim_interfaces/lib/libauto_aim_interfaces__rosidl_typesupport_introspection_c.so
[20.044s] -- Set runtime path of "/home/luis/azure_sky_ros2/install/auto_aim_interfaces/lib/libauto_aim_interfaces__rosidl_typesupport_introspection_c.so" to ""
[20.045s] -- Installing: /home/luis/azure_sky_ros2/install/auto_aim_interfaces/lib/libauto_aim_interfaces__rosidl_typesupport_c.so
[20.046s] -- Set runtime path of "/home/luis/azure_sky_ros2/install/auto_aim_interfaces/lib/libauto_aim_interfaces__rosidl_typesupport_c.so" to ""
[20.046s] -- Up-to-date: /home/luis/azure_sky_ros2/install/auto_aim_interfaces/include/auto_aim_interfaces/auto_aim_interfaces
[20.046s] -- Up-to-date: /home/luis/azure_sky_ros2/install/auto_aim_interfaces/include/auto_aim_interfaces/auto_aim_interfaces/msg
[20.047s] -- Installing: /home/luis/azure_sky_ros2/install/auto_aim_interfaces/include/auto_aim_interfaces/auto_aim_interfaces/msg/time_info.hpp
[20.048s] -- Installing: /home/luis/azure_sky_ros2/install/auto_aim_interfaces/include/auto_aim_interfaces/auto_aim_interfaces/msg/armors.hpp
[20.048s] -- Up-to-date: /home/luis/azure_sky_ros2/install/auto_aim_interfaces/include/auto_aim_interfaces/auto_aim_interfaces/msg/detail
[20.048s] -- Installing: /home/luis/azure_sky_ros2/install/auto_aim_interfaces/include/auto_aim_interfaces/auto_aim_interfaces/msg/detail/armor__traits.hpp
[20.049s] -- Installing: /home/luis/azure_sky_ros2/install/auto_aim_interfaces/include/auto_aim_interfaces/auto_aim_interfaces/msg/detail/debug_armors__builder.hpp
[20.050s] -- Installing: /home/luis/azure_sky_ros2/install/auto_aim_interfaces/include/auto_aim_interfaces/auto_aim_interfaces/msg/detail/armors__struct.hpp
[20.050s] -- Installing: /home/luis/azure_sky_ros2/install/auto_aim_interfaces/include/auto_aim_interfaces/auto_aim_interfaces/msg/detail/time_info__traits.hpp
[20.051s] -- Installing: /home/luis/azure_sky_ros2/install/auto_aim_interfaces/include/auto_aim_interfaces/auto_aim_interfaces/msg/detail/debug_lights__traits.hpp
[20.052s] -- Installing: /home/luis/azure_sky_ros2/install/auto_aim_interfaces/include/auto_aim_interfaces/auto_aim_interfaces/msg/detail/tracker_info__builder.hpp
[20.053s] -- Installing: /home/luis/azure_sky_ros2/install/auto_aim_interfaces/include/auto_aim_interfaces/auto_aim_interfaces/msg/detail/debug_lights__builder.hpp
[20.053s] -- Installing: /home/luis/azure_sky_ros2/install/auto_aim_interfaces/include/auto_aim_interfaces/auto_aim_interfaces/msg/detail/robot_status__builder.hpp
[20.054s] -- Installing: /home/luis/azure_sky_ros2/install/auto_aim_interfaces/include/auto_aim_interfaces/auto_aim_interfaces/msg/detail/armor__builder.hpp
[20.055s] -- Installing: /home/luis/azure_sky_ros2/install/auto_aim_interfaces/include/auto_aim_interfaces/auto_aim_interfaces/msg/detail/tracker_info__traits.hpp
[20.055s] -- Installing: /home/luis/azure_sky_ros2/install/auto_aim_interfaces/include/auto_aim_interfaces/auto_aim_interfaces/msg/detail/debug_lights__struct.hpp
[20.056s] -- Installing: /home/luis/azure_sky_ros2/install/auto_aim_interfaces/include/auto_aim_interfaces/auto_aim_interfaces/msg/detail/target__builder.hpp
[20.056s] -- Installing: /home/luis/azure_sky_ros2/install/auto_aim_interfaces/include/auto_aim_interfaces/auto_aim_interfaces/msg/detail/tracker_info__type_support.hpp
[20.057s] -- Installing: /home/luis/azure_sky_ros2/install/auto_aim_interfaces/include/auto_aim_interfaces/auto_aim_interfaces/msg/detail/time_info__builder.hpp
[20.058s] -- Installing: /home/luis/azure_sky_ros2/install/auto_aim_interfaces/include/auto_aim_interfaces/auto_aim_interfaces/msg/detail/armors__builder.hpp
[20.058s] -- Installing: /home/luis/azure_sky_ros2/install/auto_aim_interfaces/include/auto_aim_interfaces/auto_aim_interfaces/msg/detail/armors__type_support.hpp
[20.059s] -- Installing: /home/luis/azure_sky_ros2/install/auto_aim_interfaces/include/auto_aim_interfaces/auto_aim_interfaces/msg/detail/time_info__type_support.hpp
[20.060s] -- Installing: /home/luis/azure_sky_ros2/install/auto_aim_interfaces/include/auto_aim_interfaces/auto_aim_interfaces/msg/detail/debug_light__traits.hpp
[20.060s] -- Installing: /home/luis/azure_sky_ros2/install/auto_aim_interfaces/include/auto_aim_interfaces/auto_aim_interfaces/msg/detail/debug_armor__type_support.hpp
[20.061s] -- Installing: /home/luis/azure_sky_ros2/install/auto_aim_interfaces/include/auto_aim_interfaces/auto_aim_interfaces/msg/detail/debug_armor__struct.hpp
[20.061s] -- Installing: /home/luis/azure_sky_ros2/install/auto_aim_interfaces/include/auto_aim_interfaces/auto_aim_interfaces/msg/detail/armors__traits.hpp
[20.062s] -- Installing: /home/luis/azure_sky_ros2/install/auto_aim_interfaces/include/auto_aim_interfaces/auto_aim_interfaces/msg/detail/debug_light__builder.hpp
[20.063s] -- Installing: /home/luis/azure_sky_ros2/install/auto_aim_interfaces/include/auto_aim_interfaces/auto_aim_interfaces/msg/detail/target__type_support.hpp
[20.063s] -- Installing: /home/luis/azure_sky_ros2/install/auto_aim_interfaces/include/auto_aim_interfaces/auto_aim_interfaces/msg/detail/armor__struct.hpp
[20.064s] -- Installing: /home/luis/azure_sky_ros2/install/auto_aim_interfaces/include/auto_aim_interfaces/auto_aim_interfaces/msg/detail/debug_light__struct.hpp
[20.065s] -- Installing: /home/luis/azure_sky_ros2/install/auto_aim_interfaces/include/auto_aim_interfaces/auto_aim_interfaces/msg/detail/target__traits.hpp
[20.066s] -- Installing: /home/luis/azure_sky_ros2/install/auto_aim_interfaces/include/auto_aim_interfaces/auto_aim_interfaces/msg/detail/debug_armor__builder.hpp
[20.066s] -- Installing: /home/luis/azure_sky_ros2/install/auto_aim_interfaces/include/auto_aim_interfaces/auto_aim_interfaces/msg/detail/debug_armor__traits.hpp
[20.067s] -- Installing: /home/luis/azure_sky_ros2/install/auto_aim_interfaces/include/auto_aim_interfaces/auto_aim_interfaces/msg/detail/tracker_info__struct.hpp
[20.068s] -- Installing: /home/luis/azure_sky_ros2/install/auto_aim_interfaces/include/auto_aim_interfaces/auto_aim_interfaces/msg/detail/armor__type_support.hpp
[20.068s] -- Installing: /home/luis/azure_sky_ros2/install/auto_aim_interfaces/include/auto_aim_interfaces/auto_aim_interfaces/msg/detail/debug_armors__type_support.hpp
[20.069s] -- Installing: /home/luis/azure_sky_ros2/install/auto_aim_interfaces/include/auto_aim_interfaces/auto_aim_interfaces/msg/detail/debug_armors__struct.hpp
[20.070s] -- Installing: /home/luis/azure_sky_ros2/install/auto_aim_interfaces/include/auto_aim_interfaces/auto_aim_interfaces/msg/detail/debug_armors__traits.hpp
[20.070s] -- Installing: /home/luis/azure_sky_ros2/install/auto_aim_interfaces/include/auto_aim_interfaces/auto_aim_interfaces/msg/detail/robot_status__traits.hpp
[20.071s] -- Installing: /home/luis/azure_sky_ros2/install/auto_aim_interfaces/include/auto_aim_interfaces/auto_aim_interfaces/msg/detail/time_info__struct.hpp
[20.071s] -- Installing: /home/luis/azure_sky_ros2/install/auto_aim_interfaces/include/auto_aim_interfaces/auto_aim_interfaces/msg/detail/robot_status__type_support.hpp
[20.072s] -- Installing: /home/luis/azure_sky_ros2/install/auto_aim_interfaces/include/auto_aim_interfaces/auto_aim_interfaces/msg/detail/target__struct.hpp
[20.073s] -- Installing: /home/luis/azure_sky_ros2/install/auto_aim_interfaces/include/auto_aim_interfaces/auto_aim_interfaces/msg/detail/robot_status__struct.hpp
[20.073s] -- Installing: /home/luis/azure_sky_ros2/install/auto_aim_interfaces/include/auto_aim_interfaces/auto_aim_interfaces/msg/detail/debug_light__type_support.hpp
[20.074s] -- Installing: /home/luis/azure_sky_ros2/install/auto_aim_interfaces/include/auto_aim_interfaces/auto_aim_interfaces/msg/detail/debug_lights__type_support.hpp
[20.075s] -- Installing: /home/luis/azure_sky_ros2/install/auto_aim_interfaces/include/auto_aim_interfaces/auto_aim_interfaces/msg/debug_light.hpp
[20.076s] -- Installing: /home/luis/azure_sky_ros2/install/auto_aim_interfaces/include/auto_aim_interfaces/auto_aim_interfaces/msg/debug_armors.hpp
[20.076s] -- Installing: /home/luis/azure_sky_ros2/install/auto_aim_interfaces/include/auto_aim_interfaces/auto_aim_interfaces/msg/robot_status.hpp
[20.077s] -- Installing: /home/luis/azure_sky_ros2/install/auto_aim_interfaces/include/auto_aim_interfaces/auto_aim_interfaces/msg/debug_armor.hpp
[20.077s] -- Installing: /home/luis/azure_sky_ros2/install/auto_aim_interfaces/include/auto_aim_interfaces/auto_aim_interfaces/msg/armor.hpp
[20.078s] -- Installing: /home/luis/azure_sky_ros2/install/auto_aim_interfaces/include/auto_aim_interfaces/auto_aim_interfaces/msg/debug_lights.hpp
[20.079s] -- Installing: /home/luis/azure_sky_ros2/install/auto_aim_interfaces/include/auto_aim_interfaces/auto_aim_interfaces/msg/tracker_info.hpp
[20.080s] -- Installing: /home/luis/azure_sky_ros2/install/auto_aim_interfaces/include/auto_aim_interfaces/auto_aim_interfaces/msg/rosidl_generator_cpp__visibility_control.hpp
[20.081s] -- Installing: /home/luis/azure_sky_ros2/install/auto_aim_interfaces/include/auto_aim_interfaces/auto_aim_interfaces/msg/target.hpp
[20.081s] -- Up-to-date: /home/luis/azure_sky_ros2/install/auto_aim_interfaces/include/auto_aim_interfaces/auto_aim_interfaces
[20.082s] -- Up-to-date: /home/luis/azure_sky_ros2/install/auto_aim_interfaces/include/auto_aim_interfaces/auto_aim_interfaces/msg
[20.082s] -- Up-to-date: /home/luis/azure_sky_ros2/install/auto_aim_interfaces/include/auto_aim_interfaces/auto_aim_interfaces/msg/detail
[20.082s] -- Installing: /home/luis/azure_sky_ros2/install/auto_aim_interfaces/include/auto_aim_interfaces/auto_aim_interfaces/msg/detail/armor__rosidl_typesupport_fastrtps_cpp.hpp
[20.083s] -- Installing: /home/luis/azure_sky_ros2/install/auto_aim_interfaces/include/auto_aim_interfaces/auto_aim_interfaces/msg/detail/target__rosidl_typesupport_fastrtps_cpp.hpp
[20.084s] -- Installing: /home/luis/azure_sky_ros2/install/auto_aim_interfaces/include/auto_aim_interfaces/auto_aim_interfaces/msg/detail/tracker_info__rosidl_typesupport_fastrtps_cpp.hpp
[20.084s] -- Installing: /home/luis/azure_sky_ros2/install/auto_aim_interfaces/include/auto_aim_interfaces/auto_aim_interfaces/msg/detail/debug_armors__rosidl_typesupport_fastrtps_cpp.hpp
[20.085s] -- Installing: /home/luis/azure_sky_ros2/install/auto_aim_interfaces/include/auto_aim_interfaces/auto_aim_interfaces/msg/detail/armors__rosidl_typesupport_fastrtps_cpp.hpp
[20.086s] -- Installing: /home/luis/azure_sky_ros2/install/auto_aim_interfaces/include/auto_aim_interfaces/auto_aim_interfaces/msg/detail/debug_lights__rosidl_typesupport_fastrtps_cpp.hpp
[20.086s] -- Installing: /home/luis/azure_sky_ros2/install/auto_aim_interfaces/include/auto_aim_interfaces/auto_aim_interfaces/msg/detail/debug_armor__rosidl_typesupport_fastrtps_cpp.hpp
[20.087s] -- Installing: /home/luis/azure_sky_ros2/install/auto_aim_interfaces/include/auto_aim_interfaces/auto_aim_interfaces/msg/detail/robot_status__rosidl_typesupport_fastrtps_cpp.hpp
[20.088s] -- Installing: /home/luis/azure_sky_ros2/install/auto_aim_interfaces/include/auto_aim_interfaces/auto_aim_interfaces/msg/detail/debug_light__rosidl_typesupport_fastrtps_cpp.hpp
[20.089s] -- Installing: /home/luis/azure_sky_ros2/install/auto_aim_interfaces/include/auto_aim_interfaces/auto_aim_interfaces/msg/detail/time_info__rosidl_typesupport_fastrtps_cpp.hpp
[20.089s] -- Installing: /home/luis/azure_sky_ros2/install/auto_aim_interfaces/include/auto_aim_interfaces/auto_aim_interfaces/msg/detail/dds_fastrtps
[20.090s] -- Installing: /home/luis/azure_sky_ros2/install/auto_aim_interfaces/include/auto_aim_interfaces/auto_aim_interfaces/msg/rosidl_typesupport_fastrtps_cpp__visibility_control.h
[20.092s] -- Installing: /home/luis/azure_sky_ros2/install/auto_aim_interfaces/lib/libauto_aim_interfaces__rosidl_typesupport_fastrtps_cpp.so
[20.092s] -- Set runtime path of "/home/luis/azure_sky_ros2/install/auto_aim_interfaces/lib/libauto_aim_interfaces__rosidl_typesupport_fastrtps_cpp.so" to ""
[20.093s] -- Up-to-date: /home/luis/azure_sky_ros2/install/auto_aim_interfaces/include/auto_aim_interfaces/auto_aim_interfaces
[20.093s] -- Up-to-date: /home/luis/azure_sky_ros2/install/auto_aim_interfaces/include/auto_aim_interfaces/auto_aim_interfaces/msg
[20.094s] -- Up-to-date: /home/luis/azure_sky_ros2/install/auto_aim_interfaces/include/auto_aim_interfaces/auto_aim_interfaces/msg/detail
[20.094s] -- Installing: /home/luis/azure_sky_ros2/install/auto_aim_interfaces/include/auto_aim_interfaces/auto_aim_interfaces/msg/detail/debug_light__rosidl_typesupport_introspection_cpp.hpp
[20.095s] -- Installing: /home/luis/azure_sky_ros2/install/auto_aim_interfaces/include/auto_aim_interfaces/auto_aim_interfaces/msg/detail/tracker_info__type_support.cpp
[20.096s] -- Installing: /home/luis/azure_sky_ros2/install/auto_aim_interfaces/include/auto_aim_interfaces/auto_aim_interfaces/msg/detail/armor__rosidl_typesupport_introspection_cpp.hpp
[20.097s] -- Installing: /home/luis/azure_sky_ros2/install/auto_aim_interfaces/include/auto_aim_interfaces/auto_aim_interfaces/msg/detail/debug_light__type_support.cpp
[20.097s] -- Installing: /home/luis/azure_sky_ros2/install/auto_aim_interfaces/include/auto_aim_interfaces/auto_aim_interfaces/msg/detail/debug_lights__rosidl_typesupport_introspection_cpp.hpp
[20.098s] -- Installing: /home/luis/azure_sky_ros2/install/auto_aim_interfaces/include/auto_aim_interfaces/auto_aim_interfaces/msg/detail/target__type_support.cpp
[20.099s] -- Installing: /home/luis/azure_sky_ros2/install/auto_aim_interfaces/include/auto_aim_interfaces/auto_aim_interfaces/msg/detail/time_info__type_support.cpp
[20.099s] -- Installing: /home/luis/azure_sky_ros2/install/auto_aim_interfaces/include/auto_aim_interfaces/auto_aim_interfaces/msg/detail/tracker_info__rosidl_typesupport_introspection_cpp.hpp
[20.100s] -- Installing: /home/luis/azure_sky_ros2/install/auto_aim_interfaces/include/auto_aim_interfaces/auto_aim_interfaces/msg/detail/armor__type_support.cpp
[20.101s] -- Installing: /home/luis/azure_sky_ros2/install/auto_aim_interfaces/include/auto_aim_interfaces/auto_aim_interfaces/msg/detail/debug_armor__rosidl_typesupport_introspection_cpp.hpp
[20.102s] -- Installing: /home/luis/azure_sky_ros2/install/auto_aim_interfaces/include/auto_aim_interfaces/auto_aim_interfaces/msg/detail/debug_armors__rosidl_typesupport_introspection_cpp.hpp
[20.102s] -- Installing: /home/luis/azure_sky_ros2/install/auto_aim_interfaces/include/auto_aim_interfaces/auto_aim_interfaces/msg/detail/debug_armor__type_support.cpp
[20.102s] -- Installing: /home/luis/azure_sky_ros2/install/auto_aim_interfaces/include/auto_aim_interfaces/auto_aim_interfaces/msg/detail/armors__type_support.cpp
[20.103s] -- Installing: /home/luis/azure_sky_ros2/install/auto_aim_interfaces/include/auto_aim_interfaces/auto_aim_interfaces/msg/detail/robot_status__rosidl_typesupport_introspection_cpp.hpp
[20.104s] -- Installing: /home/luis/azure_sky_ros2/install/auto_aim_interfaces/include/auto_aim_interfaces/auto_aim_interfaces/msg/detail/debug_armors__type_support.cpp
[20.105s] -- Installing: /home/luis/azure_sky_ros2/install/auto_aim_interfaces/include/auto_aim_interfaces/auto_aim_interfaces/msg/detail/robot_status__type_support.cpp
[20.105s] -- Installing: /home/luis/azure_sky_ros2/install/auto_aim_interfaces/include/auto_aim_interfaces/auto_aim_interfaces/msg/detail/time_info__rosidl_typesupport_introspection_cpp.hpp
[20.106s] -- Installing: /home/luis/azure_sky_ros2/install/auto_aim_interfaces/include/auto_aim_interfaces/auto_aim_interfaces/msg/detail/armors__rosidl_typesupport_introspection_cpp.hpp
[20.107s] -- Installing: /home/luis/azure_sky_ros2/install/auto_aim_interfaces/include/auto_aim_interfaces/auto_aim_interfaces/msg/detail/target__rosidl_typesupport_introspection_cpp.hpp
[20.108s] -- Installing: /home/luis/azure_sky_ros2/install/auto_aim_interfaces/include/auto_aim_interfaces/auto_aim_interfaces/msg/detail/debug_lights__type_support.cpp
[20.108s] -- Installing: /home/luis/azure_sky_ros2/install/auto_aim_interfaces/lib/libauto_aim_interfaces__rosidl_typesupport_introspection_cpp.so
[20.109s] -- Set runtime path of "/home/luis/azure_sky_ros2/install/auto_aim_interfaces/lib/libauto_aim_interfaces__rosidl_typesupport_introspection_cpp.so" to ""
[20.111s] -- Installing: /home/luis/azure_sky_ros2/install/auto_aim_interfaces/lib/libauto_aim_interfaces__rosidl_typesupport_cpp.so
[20.111s] -- Set runtime path of "/home/luis/azure_sky_ros2/install/auto_aim_interfaces/lib/libauto_aim_interfaces__rosidl_typesupport_cpp.so" to ""
[20.112s] -- Installing: /home/luis/azure_sky_ros2/install/auto_aim_interfaces/share/auto_aim_interfaces/environment/pythonpath.sh
[20.113s] -- Installing: /home/luis/azure_sky_ros2/install/auto_aim_interfaces/share/auto_aim_interfaces/environment/pythonpath.dsv
[20.113s] -- Installing: /home/luis/azure_sky_ros2/install/auto_aim_interfaces/local/lib/python3.10/dist-packages/auto_aim_interfaces-2.0.0-py3.10.egg-info
[20.114s] -- Installing: /home/luis/azure_sky_ros2/install/auto_aim_interfaces/local/lib/python3.10/dist-packages/auto_aim_interfaces-2.0.0-py3.10.egg-info/SOURCES.txt
[20.117s] -- Installing: /home/luis/azure_sky_ros2/install/auto_aim_interfaces/local/lib/python3.10/dist-packages/auto_aim_interfaces-2.0.0-py3.10.egg-info/PKG-INFO
[20.117s] -- Installing: /home/luis/azure_sky_ros2/install/auto_aim_interfaces/local/lib/python3.10/dist-packages/auto_aim_interfaces-2.0.0-py3.10.egg-info/top_level.txt
[20.117s] -- Installing: /home/luis/azure_sky_ros2/install/auto_aim_interfaces/local/lib/python3.10/dist-packages/auto_aim_interfaces-2.0.0-py3.10.egg-info/dependency_links.txt
[20.117s] -- Installing: /home/luis/azure_sky_ros2/install/auto_aim_interfaces/local/lib/python3.10/dist-packages/auto_aim_interfaces
[20.118s] -- Installing: /home/luis/azure_sky_ros2/install/auto_aim_interfaces/local/lib/python3.10/dist-packages/auto_aim_interfaces/_auto_aim_interfaces_s.ep.rosidl_typesupport_fastrtps_c.c
[20.118s] -- Installing: /home/luis/azure_sky_ros2/install/auto_aim_interfaces/local/lib/python3.10/dist-packages/auto_aim_interfaces/auto_aim_interfaces_s__rosidl_typesupport_fastrtps_c.cpython-310-x86_64-linux-gnu.so
[20.118s] -- Installing: /home/luis/azure_sky_ros2/install/auto_aim_interfaces/local/lib/python3.10/dist-packages/auto_aim_interfaces/auto_aim_interfaces_s__rosidl_typesupport_introspection_c.cpython-310-x86_64-linux-gnu.so
[20.118s] -- Installing: /home/luis/azure_sky_ros2/install/auto_aim_interfaces/local/lib/python3.10/dist-packages/auto_aim_interfaces/_auto_aim_interfaces_s.ep.rosidl_typesupport_introspection_c.c
[20.118s] -- Installing: /home/luis/azure_sky_ros2/install/auto_aim_interfaces/local/lib/python3.10/dist-packages/auto_aim_interfaces/_auto_aim_interfaces_s.ep.rosidl_typesupport_c.c
[20.118s] -- Installing: /home/luis/azure_sky_ros2/install/auto_aim_interfaces/local/lib/python3.10/dist-packages/auto_aim_interfaces/libauto_aim_interfaces__rosidl_generator_py.so
[20.120s] -- Installing: /home/luis/azure_sky_ros2/install/auto_aim_interfaces/local/lib/python3.10/dist-packages/auto_aim_interfaces/auto_aim_interfaces_s__rosidl_typesupport_c.cpython-310-x86_64-linux-gnu.so
[20.120s] -- Installing: /home/luis/azure_sky_ros2/install/auto_aim_interfaces/local/lib/python3.10/dist-packages/auto_aim_interfaces/__init__.py
[20.121s] -- Installing: /home/luis/azure_sky_ros2/install/auto_aim_interfaces/local/lib/python3.10/dist-packages/auto_aim_interfaces/msg
[20.121s] -- Installing: /home/luis/azure_sky_ros2/install/auto_aim_interfaces/local/lib/python3.10/dist-packages/auto_aim_interfaces/msg/_debug_lights.py
[20.126s] -- Installing: /home/luis/azure_sky_ros2/install/auto_aim_interfaces/local/lib/python3.10/dist-packages/auto_aim_interfaces/msg/_debug_armor.py
[20.129s] -- Installing: /home/luis/azure_sky_ros2/install/auto_aim_interfaces/local/lib/python3.10/dist-packages/auto_aim_interfaces/msg/_armor.py
[20.129s] -- Installing: /home/luis/azure_sky_ros2/install/auto_aim_interfaces/local/lib/python3.10/dist-packages/auto_aim_interfaces/msg/_debug_armors_s.c
[20.129s] -- Installing: /home/luis/azure_sky_ros2/install/auto_aim_interfaces/local/lib/python3.10/dist-packages/auto_aim_interfaces/msg/_debug_armors.py
[20.129s] -- Installing: /home/luis/azure_sky_ros2/install/auto_aim_interfaces/local/lib/python3.10/dist-packages/auto_aim_interfaces/msg/_target_s.c
[20.129s] -- Installing: /home/luis/azure_sky_ros2/install/auto_aim_interfaces/local/lib/python3.10/dist-packages/auto_aim_interfaces/msg/_tracker_info.py
[20.129s] -- Installing: /home/luis/azure_sky_ros2/install/auto_aim_interfaces/local/lib/python3.10/dist-packages/auto_aim_interfaces/msg/_robot_status_s.c
[20.129s] -- Installing: /home/luis/azure_sky_ros2/install/auto_aim_interfaces/local/lib/python3.10/dist-packages/auto_aim_interfaces/msg/_armors.py
[20.129s] -- Installing: /home/luis/azure_sky_ros2/install/auto_aim_interfaces/local/lib/python3.10/dist-packages/auto_aim_interfaces/msg/_debug_light_s.c
[20.130s] -- Installing: /home/luis/azure_sky_ros2/install/auto_aim_interfaces/local/lib/python3.10/dist-packages/auto_aim_interfaces/msg/_debug_armor_s.c
[20.130s] -- Installing: /home/luis/azure_sky_ros2/install/auto_aim_interfaces/local/lib/python3.10/dist-packages/auto_aim_interfaces/msg/_tracker_info_s.c
[20.130s] -- Installing: /home/luis/azure_sky_ros2/install/auto_aim_interfaces/local/lib/python3.10/dist-packages/auto_aim_interfaces/msg/_armors_s.c
[20.130s] -- Installing: /home/luis/azure_sky_ros2/install/auto_aim_interfaces/local/lib/python3.10/dist-packages/auto_aim_interfaces/msg/_debug_lights_s.c
[20.130s] -- Installing: /home/luis/azure_sky_ros2/install/auto_aim_interfaces/local/lib/python3.10/dist-packages/auto_aim_interfaces/msg/_debug_light.py
[20.130s] -- Installing: /home/luis/azure_sky_ros2/install/auto_aim_interfaces/local/lib/python3.10/dist-packages/auto_aim_interfaces/msg/_target.py
[20.130s] -- Installing: /home/luis/azure_sky_ros2/install/auto_aim_interfaces/local/lib/python3.10/dist-packages/auto_aim_interfaces/msg/_robot_status.py
[20.130s] -- Installing: /home/luis/azure_sky_ros2/install/auto_aim_interfaces/local/lib/python3.10/dist-packages/auto_aim_interfaces/msg/_armor_s.c
[20.130s] -- Installing: /home/luis/azure_sky_ros2/install/auto_aim_interfaces/local/lib/python3.10/dist-packages/auto_aim_interfaces/msg/__init__.py
[20.130s] -- Installing: /home/luis/azure_sky_ros2/install/auto_aim_interfaces/local/lib/python3.10/dist-packages/auto_aim_interfaces/msg/_time_info_s.c
[20.130s] -- Installing: /home/luis/azure_sky_ros2/install/auto_aim_interfaces/local/lib/python3.10/dist-packages/auto_aim_interfaces/msg/_time_info.py
[20.265s] Listing '/home/luis/azure_sky_ros2/install/auto_aim_interfaces/local/lib/python3.10/dist-packages/auto_aim_interfaces'...
[20.265s] Compiling '/home/luis/azure_sky_ros2/install/auto_aim_interfaces/local/lib/python3.10/dist-packages/auto_aim_interfaces/__init__.py'...
[20.265s] Listing '/home/luis/azure_sky_ros2/install/auto_aim_interfaces/local/lib/python3.10/dist-packages/auto_aim_interfaces/msg'...
[20.265s] Compiling '/home/luis/azure_sky_ros2/install/auto_aim_interfaces/local/lib/python3.10/dist-packages/auto_aim_interfaces/msg/__init__.py'...
[20.266s] Compiling '/home/luis/azure_sky_ros2/install/auto_aim_interfaces/local/lib/python3.10/dist-packages/auto_aim_interfaces/msg/_armor.py'...
[20.266s] Compiling '/home/luis/azure_sky_ros2/install/auto_aim_interfaces/local/lib/python3.10/dist-packages/auto_aim_interfaces/msg/_armors.py'...
[20.266s] Compiling '/home/luis/azure_sky_ros2/install/auto_aim_interfaces/local/lib/python3.10/dist-packages/auto_aim_interfaces/msg/_debug_armor.py'...
[20.266s] Compiling '/home/luis/azure_sky_ros2/install/auto_aim_interfaces/local/lib/python3.10/dist-packages/auto_aim_interfaces/msg/_debug_armors.py'...
[20.266s] Compiling '/home/luis/azure_sky_ros2/install/auto_aim_interfaces/local/lib/python3.10/dist-packages/auto_aim_interfaces/msg/_debug_light.py'...
[20.266s] Compiling '/home/luis/azure_sky_ros2/install/auto_aim_interfaces/local/lib/python3.10/dist-packages/auto_aim_interfaces/msg/_debug_lights.py'...
[20.266s] Compiling '/home/luis/azure_sky_ros2/install/auto_aim_interfaces/local/lib/python3.10/dist-packages/auto_aim_interfaces/msg/_robot_status.py'...
[20.266s] Compiling '/home/luis/azure_sky_ros2/install/auto_aim_interfaces/local/lib/python3.10/dist-packages/auto_aim_interfaces/msg/_target.py'...
[20.266s] Compiling '/home/luis/azure_sky_ros2/install/auto_aim_interfaces/local/lib/python3.10/dist-packages/auto_aim_interfaces/msg/_time_info.py'...
[20.266s] Compiling '/home/luis/azure_sky_ros2/install/auto_aim_interfaces/local/lib/python3.10/dist-packages/auto_aim_interfaces/msg/_tracker_info.py'...
[20.305s] -- Installing: /home/luis/azure_sky_ros2/install/auto_aim_interfaces/local/lib/python3.10/dist-packages/auto_aim_interfaces/auto_aim_interfaces_s__rosidl_typesupport_fastrtps_c.cpython-310-x86_64-linux-gnu.so
[20.305s] -- Set runtime path of "/home/luis/azure_sky_ros2/install/auto_aim_interfaces/local/lib/python3.10/dist-packages/auto_aim_interfaces/auto_aim_interfaces_s__rosidl_typesupport_fastrtps_c.cpython-310-x86_64-linux-gnu.so" to ""
[20.306s] -- Installing: /home/luis/azure_sky_ros2/install/auto_aim_interfaces/local/lib/python3.10/dist-packages/auto_aim_interfaces/auto_aim_interfaces_s__rosidl_typesupport_introspection_c.cpython-310-x86_64-linux-gnu.so
[20.307s] -- Set runtime path of "/home/luis/azure_sky_ros2/install/auto_aim_interfaces/local/lib/python3.10/dist-packages/auto_aim_interfaces/auto_aim_interfaces_s__rosidl_typesupport_introspection_c.cpython-310-x86_64-linux-gnu.so" to ""
[20.307s] -- Installing: /home/luis/azure_sky_ros2/install/auto_aim_interfaces/local/lib/python3.10/dist-packages/auto_aim_interfaces/auto_aim_interfaces_s__rosidl_typesupport_c.cpython-310-x86_64-linux-gnu.so
[20.311s] -- Set runtime path of "/home/luis/azure_sky_ros2/install/auto_aim_interfaces/local/lib/python3.10/dist-packages/auto_aim_interfaces/auto_aim_interfaces_s__rosidl_typesupport_c.cpython-310-x86_64-linux-gnu.so" to ""
[20.312s] -- Installing: /home/luis/azure_sky_ros2/install/auto_aim_interfaces/lib/libauto_aim_interfaces__rosidl_generator_py.so
[20.312s] -- Set runtime path of "/home/luis/azure_sky_ros2/install/auto_aim_interfaces/lib/libauto_aim_interfaces__rosidl_generator_py.so" to ""
[20.313s] -- Installing: /home/luis/azure_sky_ros2/install/auto_aim_interfaces/share/auto_aim_interfaces/msg/Armor.idl
[20.313s] -- Installing: /home/luis/azure_sky_ros2/install/auto_aim_interfaces/share/auto_aim_interfaces/msg/Armors.idl
[20.313s] -- Installing: /home/luis/azure_sky_ros2/install/auto_aim_interfaces/share/auto_aim_interfaces/msg/Target.idl
[20.317s] -- Installing: /home/luis/azure_sky_ros2/install/auto_aim_interfaces/share/auto_aim_interfaces/msg/DebugLight.idl
[20.317s] -- Installing: /home/luis/azure_sky_ros2/install/auto_aim_interfaces/share/auto_aim_interfaces/msg/DebugLights.idl
[20.317s] -- Installing: /home/luis/azure_sky_ros2/install/auto_aim_interfaces/share/auto_aim_interfaces/msg/DebugArmor.idl
[20.318s] -- Installing: /home/luis/azure_sky_ros2/install/auto_aim_interfaces/share/auto_aim_interfaces/msg/DebugArmors.idl
[20.318s] -- Installing: /home/luis/azure_sky_ros2/install/auto_aim_interfaces/share/auto_aim_interfaces/msg/TrackerInfo.idl
[20.318s] -- Installing: /home/luis/azure_sky_ros2/install/auto_aim_interfaces/share/auto_aim_interfaces/msg/RobotStatus.idl
[20.321s] -- Installing: /home/luis/azure_sky_ros2/install/auto_aim_interfaces/share/auto_aim_interfaces/msg/TimeInfo.idl
[20.321s] -- Installing: /home/luis/azure_sky_ros2/install/auto_aim_interfaces/share/auto_aim_interfaces/msg/Armor.msg
[20.321s] -- Installing: /home/luis/azure_sky_ros2/install/auto_aim_interfaces/share/auto_aim_interfaces/msg/Armors.msg
[20.322s] -- Installing: /home/luis/azure_sky_ros2/install/auto_aim_interfaces/share/auto_aim_interfaces/msg/Target.msg
[20.330s] -- Installing: /home/luis/azure_sky_ros2/install/auto_aim_interfaces/share/auto_aim_interfaces/msg/DebugLight.msg
[20.330s] -- Installing: /home/luis/azure_sky_ros2/install/auto_aim_interfaces/share/auto_aim_interfaces/msg/DebugLights.msg
[20.330s] -- Installing: /home/luis/azure_sky_ros2/install/auto_aim_interfaces/share/auto_aim_interfaces/msg/DebugArmor.msg
[20.330s] -- Installing: /home/luis/azure_sky_ros2/install/auto_aim_interfaces/share/auto_aim_interfaces/msg/DebugArmors.msg
[20.332s] -- Installing: /home/luis/azure_sky_ros2/install/auto_aim_interfaces/share/auto_aim_interfaces/msg/TrackerInfo.msg
[20.333s] -- Installing: /home/luis/azure_sky_ros2/install/auto_aim_interfaces/share/auto_aim_interfaces/msg/RobotStatus.msg
[20.334s] -- Installing: /home/luis/azure_sky_ros2/install/auto_aim_interfaces/share/auto_aim_interfaces/msg/TimeInfo.msg
[20.338s] -- Installing: /home/luis/azure_sky_ros2/install/auto_aim_interfaces/share/ament_index/resource_index/package_run_dependencies/auto_aim_interfaces
[20.340s] -- Installing: /home/luis/azure_sky_ros2/install/auto_aim_interfaces/share/ament_index/resource_index/parent_prefix_path/auto_aim_interfaces
[20.340s] -- Installing: /home/luis/azure_sky_ros2/install/auto_aim_interfaces/share/auto_aim_interfaces/environment/ament_prefix_path.sh
[20.340s] -- Installing: /home/luis/azure_sky_ros2/install/auto_aim_interfaces/share/auto_aim_interfaces/environment/ament_prefix_path.dsv
[20.341s] -- Installing: /home/luis/azure_sky_ros2/install/auto_aim_interfaces/share/auto_aim_interfaces/environment/path.sh
[20.342s] -- Installing: /home/luis/azure_sky_ros2/install/auto_aim_interfaces/share/auto_aim_interfaces/environment/path.dsv
[20.349s] -- Installing: /home/luis/azure_sky_ros2/install/auto_aim_interfaces/share/auto_aim_interfaces/local_setup.bash
[20.349s] -- Installing: /home/luis/azure_sky_ros2/install/auto_aim_interfaces/share/auto_aim_interfaces/local_setup.sh
[20.349s] -- Installing: /home/luis/azure_sky_ros2/install/auto_aim_interfaces/share/auto_aim_interfaces/local_setup.zsh
[20.349s] -- Installing: /home/luis/azure_sky_ros2/install/auto_aim_interfaces/share/auto_aim_interfaces/local_setup.dsv
[20.349s] -- Installing: /home/luis/azure_sky_ros2/install/auto_aim_interfaces/share/auto_aim_interfaces/package.dsv
[20.349s] -- Installing: /home/luis/azure_sky_ros2/install/auto_aim_interfaces/share/ament_index/resource_index/packages/auto_aim_interfaces
[20.349s] -- Installing: /home/luis/azure_sky_ros2/install/auto_aim_interfaces/share/auto_aim_interfaces/cmake/export_auto_aim_interfaces__rosidl_generator_cExport.cmake
[20.350s] -- Installing: /home/luis/azure_sky_ros2/install/auto_aim_interfaces/share/auto_aim_interfaces/cmake/export_auto_aim_interfaces__rosidl_generator_cExport-noconfig.cmake
[20.350s] -- Installing: /home/luis/azure_sky_ros2/install/auto_aim_interfaces/share/auto_aim_interfaces/cmake/export_auto_aim_interfaces__rosidl_typesupport_fastrtps_cExport.cmake
[20.351s] -- Installing: /home/luis/azure_sky_ros2/install/auto_aim_interfaces/share/auto_aim_interfaces/cmake/export_auto_aim_interfaces__rosidl_typesupport_fastrtps_cExport-noconfig.cmake
[20.357s] -- Installing: /home/luis/azure_sky_ros2/install/auto_aim_interfaces/share/auto_aim_interfaces/cmake/auto_aim_interfaces__rosidl_typesupport_introspection_cExport.cmake
[20.357s] -- Installing: /home/luis/azure_sky_ros2/install/auto_aim_interfaces/share/auto_aim_interfaces/cmake/auto_aim_interfaces__rosidl_typesupport_introspection_cExport-noconfig.cmake
[20.357s] -- Installing: /home/luis/azure_sky_ros2/install/auto_aim_interfaces/share/auto_aim_interfaces/cmake/auto_aim_interfaces__rosidl_typesupport_cExport.cmake
[20.357s] -- Installing: /home/luis/azure_sky_ros2/install/auto_aim_interfaces/share/auto_aim_interfaces/cmake/auto_aim_interfaces__rosidl_typesupport_cExport-noconfig.cmake
[20.357s] -- Installing: /home/luis/azure_sky_ros2/install/auto_aim_interfaces/share/auto_aim_interfaces/cmake/export_auto_aim_interfaces__rosidl_generator_cppExport.cmake
[20.357s] -- Installing: /home/luis/azure_sky_ros2/install/auto_aim_interfaces/share/auto_aim_interfaces/cmake/export_auto_aim_interfaces__rosidl_typesupport_fastrtps_cppExport.cmake
[20.358s] -- Installing: /home/luis/azure_sky_ros2/install/auto_aim_interfaces/share/auto_aim_interfaces/cmake/export_auto_aim_interfaces__rosidl_typesupport_fastrtps_cppExport-noconfig.cmake
[20.358s] -- Installing: /home/luis/azure_sky_ros2/install/auto_aim_interfaces/share/auto_aim_interfaces/cmake/auto_aim_interfaces__rosidl_typesupport_introspection_cppExport.cmake
[20.360s] -- Installing: /home/luis/azure_sky_ros2/install/auto_aim_interfaces/share/auto_aim_interfaces/cmake/auto_aim_interfaces__rosidl_typesupport_introspection_cppExport-noconfig.cmake
[20.367s] -- Installing: /home/luis/azure_sky_ros2/install/auto_aim_interfaces/share/auto_aim_interfaces/cmake/auto_aim_interfaces__rosidl_typesupport_cppExport.cmake
[20.367s] -- Installing: /home/luis/azure_sky_ros2/install/auto_aim_interfaces/share/auto_aim_interfaces/cmake/auto_aim_interfaces__rosidl_typesupport_cppExport-noconfig.cmake
[20.367s] -- Installing: /home/luis/azure_sky_ros2/install/auto_aim_interfaces/share/auto_aim_interfaces/cmake/export_auto_aim_interfaces__rosidl_generator_pyExport.cmake
[20.367s] -- Installing: /home/luis/azure_sky_ros2/install/auto_aim_interfaces/share/auto_aim_interfaces/cmake/export_auto_aim_interfaces__rosidl_generator_pyExport-noconfig.cmake
[20.367s] -- Installing: /home/luis/azure_sky_ros2/install/auto_aim_interfaces/share/auto_aim_interfaces/cmake/rosidl_cmake-extras.cmake
[20.367s] -- Installing: /home/luis/azure_sky_ros2/install/auto_aim_interfaces/share/auto_aim_interfaces/cmake/ament_cmake_export_dependencies-extras.cmake
[20.367s] -- Installing: /home/luis/azure_sky_ros2/install/auto_aim_interfaces/share/auto_aim_interfaces/cmake/ament_cmake_export_include_directories-extras.cmake
[20.367s] -- Installing: /home/luis/azure_sky_ros2/install/auto_aim_interfaces/share/auto_aim_interfaces/cmake/ament_cmake_export_libraries-extras.cmake
[20.367s] -- Installing: /home/luis/azure_sky_ros2/install/auto_aim_interfaces/share/auto_aim_interfaces/cmake/ament_cmake_export_targets-extras.cmake
[20.371s] -- Installing: /home/luis/azure_sky_ros2/install/auto_aim_interfaces/share/auto_aim_interfaces/cmake/rosidl_cmake_export_typesupport_targets-extras.cmake
[20.372s] -- Installing: /home/luis/azure_sky_ros2/install/auto_aim_interfaces/share/auto_aim_interfaces/cmake/rosidl_cmake_export_typesupport_libraries-extras.cmake
[20.372s] -- Installing: /home/luis/azure_sky_ros2/install/auto_aim_interfaces/share/auto_aim_interfaces/cmake/auto_aim_interfacesConfig.cmake
[20.373s] -- Installing: /home/luis/azure_sky_ros2/install/auto_aim_interfaces/share/auto_aim_interfaces/cmake/auto_aim_interfacesConfig-version.cmake
[20.373s] -- Installing: /home/luis/azure_sky_ros2/install/auto_aim_interfaces/share/auto_aim_interfaces/package.xml
[20.378s] Invoked command in '/home/luis/azure_sky_ros2/build/auto_aim_interfaces' returned '0': CMAKE_PREFIX_PATH=${CMAKE_PREFIX_PATH}:/opt/ros/humble /usr/bin/cmake --install /home/luis/azure_sky_ros2/build/auto_aim_interfaces
