[0.057s] Invoking command in '/home/luis/azure_sky_ros2/build/rm_auto_record': CMAKE_PREFIX_PATH=${CMAKE_PREFIX_PATH}:/opt/ros/humble /usr/bin/cmake --build /home/luis/azure_sky_ros2/build/rm_auto_record -- -j12 -l12
[0.292s] [ 50%] Built target rm_auto_record
[0.316s] [100%] Built target rm_auto_record_node
[0.400s] Invoked command in '/home/luis/azure_sky_ros2/build/rm_auto_record' returned '0': CMAKE_PREFIX_PATH=${CMAKE_PREFIX_PATH}:/opt/ros/humble /usr/bin/cmake --build /home/luis/azure_sky_ros2/build/rm_auto_record -- -j12 -l12
[0.412s] Invoking command in '/home/luis/azure_sky_ros2/build/rm_auto_record': CMAKE_PREFIX_PATH=${CMAKE_PREFIX_PATH}:/opt/ros/humble /usr/bin/cmake --install /home/luis/azure_sky_ros2/build/rm_auto_record
[0.438s] -- Install configuration: ""
[0.438s] -- Up-to-date: /home/luis/azure_sky_ros2/install/rm_auto_record/lib/rm_auto_record/rm_auto_record_node
[0.438s] -- Up-to-date: /home/luis/azure_sky_ros2/install/rm_auto_record/include
[0.438s] -- Up-to-date: /home/luis/azure_sky_ros2/install/rm_auto_record/include/rm_auto_record
[0.440s] -- Up-to-date: /home/luis/azure_sky_ros2/install/rm_auto_record/include/rm_auto_record/record_node.hpp
[0.441s] -- Up-to-date: /home/luis/azure_sky_ros2/install/rm_auto_record/share/rm_auto_record/environment/library_path.sh
[0.441s] -- Up-to-date: /home/luis/azure_sky_ros2/install/rm_auto_record/share/rm_auto_record/environment/library_path.dsv
[0.441s] -- Up-to-date: /home/luis/azure_sky_ros2/install/rm_auto_record/lib/librm_auto_record.so
[0.441s] -- Up-to-date: /home/luis/azure_sky_ros2/install/rm_auto_record/share/rm_auto_record/config
[0.441s] -- Up-to-date: /home/luis/azure_sky_ros2/install/rm_auto_record/share/rm_auto_record/config/node_params.yaml
[0.445s] -- Up-to-date: /home/luis/azure_sky_ros2/install/rm_auto_record/share/rm_auto_record/launch
[0.445s] -- Up-to-date: /home/luis/azure_sky_ros2/install/rm_auto_record/share/rm_auto_record/launch/auto_record.launch.py
[0.445s] -- Up-to-date: /home/luis/azure_sky_ros2/install/rm_auto_record/share/ament_index/resource_index/package_run_dependencies/rm_auto_record
[0.446s] -- Up-to-date: /home/luis/azure_sky_ros2/install/rm_auto_record/share/ament_index/resource_index/parent_prefix_path/rm_auto_record
[0.446s] -- Up-to-date: /home/luis/azure_sky_ros2/install/rm_auto_record/share/rm_auto_record/environment/ament_prefix_path.sh
[0.446s] -- Up-to-date: /home/luis/azure_sky_ros2/install/rm_auto_record/share/rm_auto_record/environment/ament_prefix_path.dsv
[0.446s] -- Up-to-date: /home/luis/azure_sky_ros2/install/rm_auto_record/share/rm_auto_record/environment/path.sh
[0.446s] -- Up-to-date: /home/luis/azure_sky_ros2/install/rm_auto_record/share/rm_auto_record/environment/path.dsv
[0.446s] -- Up-to-date: /home/luis/azure_sky_ros2/install/rm_auto_record/share/rm_auto_record/local_setup.bash
[0.446s] -- Up-to-date: /home/luis/azure_sky_ros2/install/rm_auto_record/share/rm_auto_record/local_setup.sh
[0.446s] -- Up-to-date: /home/luis/azure_sky_ros2/install/rm_auto_record/share/rm_auto_record/local_setup.zsh
[0.446s] -- Up-to-date: /home/luis/azure_sky_ros2/install/rm_auto_record/share/rm_auto_record/local_setup.dsv
[0.447s] -- Installing: /home/luis/azure_sky_ros2/install/rm_auto_record/share/rm_auto_record/package.dsv
[0.447s] -- Up-to-date: /home/luis/azure_sky_ros2/install/rm_auto_record/share/ament_index/resource_index/packages/rm_auto_record
[0.447s] -- Up-to-date: /home/luis/azure_sky_ros2/install/rm_auto_record/share/ament_index/resource_index/rclcpp_components/rm_auto_record
[0.447s] -- Up-to-date: /home/luis/azure_sky_ros2/install/rm_auto_record/share/rm_auto_record/cmake/ament_cmake_export_dependencies-extras.cmake
[0.447s] -- Up-to-date: /home/luis/azure_sky_ros2/install/rm_auto_record/share/rm_auto_record/cmake/ament_cmake_export_include_directories-extras.cmake
[0.447s] -- Up-to-date: /home/luis/azure_sky_ros2/install/rm_auto_record/share/rm_auto_record/cmake/ament_cmake_export_libraries-extras.cmake
[0.447s] -- Up-to-date: /home/luis/azure_sky_ros2/install/rm_auto_record/share/rm_auto_record/cmake/rm_auto_recordConfig.cmake
[0.449s] -- Up-to-date: /home/luis/azure_sky_ros2/install/rm_auto_record/share/rm_auto_record/cmake/rm_auto_recordConfig-version.cmake
[0.450s] -- Up-to-date: /home/luis/azure_sky_ros2/install/rm_auto_record/share/rm_auto_record/package.xml
[0.511s] Invoked command in '/home/luis/azure_sky_ros2/build/rm_auto_record' returned '0': CMAKE_PREFIX_PATH=${CMAKE_PREFIX_PATH}:/opt/ros/humble /usr/bin/cmake --install /home/luis/azure_sky_ros2/build/rm_auto_record
