[0.017s] Invoking command in '/home/luis/azure_sky_ros2/build/tide_shooter_controller': AMENT_PREFIX_PATH=/home/luis/azure_sky_ros2/install/tide_msgs:${AMENT_PREFIX_PATH} CMAKE_PREFIX_PATH=/home/luis/azure_sky_ros2/install/tide_msgs:/opt/ros/humble LD_LIBRARY_PATH=/home/luis/azure_sky_ros2/install/tide_msgs/lib:/opt/MVS/lib/64:/opt/MVS/lib/32:/usr/lib/x86_64-linux-gnu/gazebo-11/plugins:/opt/ros/humble/opt/rviz_ogre_vendor/lib:/opt/ros/humble/lib/x86_64-linux-gnu:/opt/ros/humble/lib:/opt/MVS/lib/64:/opt/MVS/lib/32:/opt/MVS/lib/64:/opt/MVS/lib/32 PYTHONPATH=/home/luis/azure_sky_ros2/install/tide_msgs/local/lib/python3.10/dist-packages:${PYTHONPATH} /usr/bin/cmake --build /home/luis/azure_sky_ros2/build/tide_shooter_controller -- -j12 -l12
[0.108s] [ 50%] Built target shooter_controller_parameters
[0.149s] [100%] Built target tide_shooter_controller
[0.166s] Invoked command in '/home/luis/azure_sky_ros2/build/tide_shooter_controller' returned '0': AMENT_PREFIX_PATH=/home/luis/azure_sky_ros2/install/tide_msgs:${AMENT_PREFIX_PATH} CMAKE_PREFIX_PATH=/home/luis/azure_sky_ros2/install/tide_msgs:/opt/ros/humble LD_LIBRARY_PATH=/home/luis/azure_sky_ros2/install/tide_msgs/lib:/opt/MVS/lib/64:/opt/MVS/lib/32:/usr/lib/x86_64-linux-gnu/gazebo-11/plugins:/opt/ros/humble/opt/rviz_ogre_vendor/lib:/opt/ros/humble/lib/x86_64-linux-gnu:/opt/ros/humble/lib:/opt/MVS/lib/64:/opt/MVS/lib/32:/opt/MVS/lib/64:/opt/MVS/lib/32 PYTHONPATH=/home/luis/azure_sky_ros2/install/tide_msgs/local/lib/python3.10/dist-packages:${PYTHONPATH} /usr/bin/cmake --build /home/luis/azure_sky_ros2/build/tide_shooter_controller -- -j12 -l12
[0.168s] Invoking command in '/home/luis/azure_sky_ros2/build/tide_shooter_controller': AMENT_PREFIX_PATH=/home/luis/azure_sky_ros2/install/tide_msgs:${AMENT_PREFIX_PATH} CMAKE_PREFIX_PATH=/home/luis/azure_sky_ros2/install/tide_msgs:/opt/ros/humble LD_LIBRARY_PATH=/home/luis/azure_sky_ros2/install/tide_msgs/lib:/opt/MVS/lib/64:/opt/MVS/lib/32:/usr/lib/x86_64-linux-gnu/gazebo-11/plugins:/opt/ros/humble/opt/rviz_ogre_vendor/lib:/opt/ros/humble/lib/x86_64-linux-gnu:/opt/ros/humble/lib:/opt/MVS/lib/64:/opt/MVS/lib/32:/opt/MVS/lib/64:/opt/MVS/lib/32 PYTHONPATH=/home/luis/azure_sky_ros2/install/tide_msgs/local/lib/python3.10/dist-packages:${PYTHONPATH} /usr/bin/cmake --install /home/luis/azure_sky_ros2/build/tide_shooter_controller
[0.180s] -- Install configuration: ""
[0.180s] -- Up-to-date: /home/luis/azure_sky_ros2/install/tide_shooter_controller/include/tide_shooter_controller
[0.181s] -- Up-to-date: /home/luis/azure_sky_ros2/install/tide_shooter_controller/include/tide_shooter_controller/shooter_controller_parameters.hpp
[0.181s] -- Up-to-date: /home/luis/azure_sky_ros2/install/tide_shooter_controller/share/tide_shooter_controller/tide_shooter_controller.xml
[0.181s] -- Up-to-date: /home/luis/azure_sky_ros2/install/tide_shooter_controller/include/
[0.181s] -- Up-to-date: /home/luis/azure_sky_ros2/install/tide_shooter_controller/include//tide_shooter_controller.hpp
[0.181s] -- Up-to-date: /home/luis/azure_sky_ros2/install/tide_shooter_controller/lib/libtide_shooter_controller.so
[0.181s] -- Up-to-date: /home/luis/azure_sky_ros2/install/tide_shooter_controller/share/tide_shooter_controller/environment/library_path.sh
[0.181s] -- Up-to-date: /home/luis/azure_sky_ros2/install/tide_shooter_controller/share/tide_shooter_controller/environment/library_path.dsv
[0.181s] -- Up-to-date: /home/luis/azure_sky_ros2/install/tide_shooter_controller/share/ament_index/resource_index/package_run_dependencies/tide_shooter_controller
[0.181s] -- Up-to-date: /home/luis/azure_sky_ros2/install/tide_shooter_controller/share/ament_index/resource_index/parent_prefix_path/tide_shooter_controller
[0.181s] -- Up-to-date: /home/luis/azure_sky_ros2/install/tide_shooter_controller/share/tide_shooter_controller/environment/ament_prefix_path.sh
[0.181s] -- Up-to-date: /home/luis/azure_sky_ros2/install/tide_shooter_controller/share/tide_shooter_controller/environment/ament_prefix_path.dsv
[0.182s] -- Up-to-date: /home/luis/azure_sky_ros2/install/tide_shooter_controller/share/tide_shooter_controller/environment/path.sh
[0.182s] -- Up-to-date: /home/luis/azure_sky_ros2/install/tide_shooter_controller/share/tide_shooter_controller/environment/path.dsv
[0.182s] -- Up-to-date: /home/luis/azure_sky_ros2/install/tide_shooter_controller/share/tide_shooter_controller/local_setup.bash
[0.182s] -- Up-to-date: /home/luis/azure_sky_ros2/install/tide_shooter_controller/share/tide_shooter_controller/local_setup.sh
[0.182s] -- Up-to-date: /home/luis/azure_sky_ros2/install/tide_shooter_controller/share/tide_shooter_controller/local_setup.zsh
[0.182s] -- Up-to-date: /home/luis/azure_sky_ros2/install/tide_shooter_controller/share/tide_shooter_controller/local_setup.dsv
[0.183s] -- Installing: /home/luis/azure_sky_ros2/install/tide_shooter_controller/share/tide_shooter_controller/package.dsv
[0.183s] -- Up-to-date: /home/luis/azure_sky_ros2/install/tide_shooter_controller/share/ament_index/resource_index/packages/tide_shooter_controller
[0.183s] -- Up-to-date: /home/luis/azure_sky_ros2/install/tide_shooter_controller/share/ament_index/resource_index/controller_interface__pluginlib__plugin/tide_shooter_controller
[0.183s] -- Up-to-date: /home/luis/azure_sky_ros2/install/tide_shooter_controller/share/tide_shooter_controller/cmake/export_tide_shooter_controllerExport.cmake
[0.183s] -- Up-to-date: /home/luis/azure_sky_ros2/install/tide_shooter_controller/share/tide_shooter_controller/cmake/export_tide_shooter_controllerExport-noconfig.cmake
[0.183s] -- Up-to-date: /home/luis/azure_sky_ros2/install/tide_shooter_controller/share/tide_shooter_controller/cmake/ament_cmake_export_dependencies-extras.cmake
[0.183s] -- Up-to-date: /home/luis/azure_sky_ros2/install/tide_shooter_controller/share/tide_shooter_controller/cmake/ament_cmake_export_targets-extras.cmake
[0.183s] -- Up-to-date: /home/luis/azure_sky_ros2/install/tide_shooter_controller/share/tide_shooter_controller/cmake/tide_shooter_controllerConfig.cmake
[0.183s] -- Up-to-date: /home/luis/azure_sky_ros2/install/tide_shooter_controller/share/tide_shooter_controller/cmake/tide_shooter_controllerConfig-version.cmake
[0.184s] -- Up-to-date: /home/luis/azure_sky_ros2/install/tide_shooter_controller/share/tide_shooter_controller/package.xml
[0.200s] Invoked command in '/home/luis/azure_sky_ros2/build/tide_shooter_controller' returned '0': AMENT_PREFIX_PATH=/home/luis/azure_sky_ros2/install/tide_msgs:${AMENT_PREFIX_PATH} CMAKE_PREFIX_PATH=/home/luis/azure_sky_ros2/install/tide_msgs:/opt/ros/humble LD_LIBRARY_PATH=/home/luis/azure_sky_ros2/install/tide_msgs/lib:/opt/MVS/lib/64:/opt/MVS/lib/32:/usr/lib/x86_64-linux-gnu/gazebo-11/plugins:/opt/ros/humble/opt/rviz_ogre_vendor/lib:/opt/ros/humble/lib/x86_64-linux-gnu:/opt/ros/humble/lib:/opt/MVS/lib/64:/opt/MVS/lib/32:/opt/MVS/lib/64:/opt/MVS/lib/32 PYTHONPATH=/home/luis/azure_sky_ros2/install/tide_msgs/local/lib/python3.10/dist-packages:${PYTHONPATH} /usr/bin/cmake --install /home/luis/azure_sky_ros2/build/tide_shooter_controller
