[0.049s] Invoking command in '/home/luis/azure_sky_ros2/build/serial': CMAKE_PREFIX_PATH=${CMAKE_PREFIX_PATH}:/opt/ros/humble /usr/bin/cmake /home/luis/azure_sky_ros2/src/serial -DCMAKE_INSTALL_PREFIX=/home/luis/azure_sky_ros2/install/serial
[0.189s] -- The C compiler identification is GNU 12.3.0
[0.337s] -- The CXX compiler identification is GNU 11.4.0
[0.351s] -- Detecting C compiler ABI info
[0.547s] -- Detecting C compiler ABI info - done
[0.563s] -- Check for working C compiler: /usr/bin/cc - skipped
[0.564s] -- Detecting C compile features
[0.565s] -- Detecting C compile features - done
[0.571s] -- Detecting CXX compiler ABI info
[0.757s] -- Detecting CXX compiler ABI info - done
[0.771s] -- Check for working CXX compiler: /usr/bin/c++ - skipped
[0.771s] -- Detecting CXX compile features
[0.772s] -- Detecting CXX compile features - done
[0.777s] -- Found ament_cmake: 1.3.11 (/opt/ros/humble/share/ament_cmake/cmake)
[1.112s] -- Found Python3: /usr/bin/python3 (found version "3.10.12") found components: Interpreter 
[1.425s] -- Configuring done
[1.436s] -- Generating done
[1.444s] -- Build files have been written to: /home/luis/azure_sky_ros2/build/serial
[1.452s] Invoked command in '/home/luis/azure_sky_ros2/build/serial' returned '0': CMAKE_PREFIX_PATH=${CMAKE_PREFIX_PATH}:/opt/ros/humble /usr/bin/cmake /home/luis/azure_sky_ros2/src/serial -DCMAKE_INSTALL_PREFIX=/home/luis/azure_sky_ros2/install/serial
[1.456s] Invoking command in '/home/luis/azure_sky_ros2/build/serial': CMAKE_PREFIX_PATH=${CMAKE_PREFIX_PATH}:/opt/ros/humble /usr/bin/cmake --build /home/luis/azure_sky_ros2/build/serial -- -j12 -l12
[1.580s] [ 25%] [32mBuilding CXX object CMakeFiles/serial.dir/src/serial.cc.o[0m
[1.581s] [ 50%] [32mBuilding CXX object CMakeFiles/serial.dir/src/impl/list_ports/list_ports_linux.cc.o[0m
[1.581s] [ 75%] [32mBuilding CXX object CMakeFiles/serial.dir/src/impl/unix.cc.o[0m
[2.502s] [100%] [32m[1mLinking CXX static library libserial.a[0m
[2.579s] [100%] Built target serial
[2.604s] Invoked command in '/home/luis/azure_sky_ros2/build/serial' returned '0': CMAKE_PREFIX_PATH=${CMAKE_PREFIX_PATH}:/opt/ros/humble /usr/bin/cmake --build /home/luis/azure_sky_ros2/build/serial -- -j12 -l12
[2.607s] Invoking command in '/home/luis/azure_sky_ros2/build/serial': CMAKE_PREFIX_PATH=${CMAKE_PREFIX_PATH}:/opt/ros/humble /usr/bin/cmake --install /home/luis/azure_sky_ros2/build/serial
[2.620s] -- Install configuration: ""
[2.621s] -- Installing: /home/luis/azure_sky_ros2/install/serial/lib/libserial.a
[2.621s] -- Installing: /home/luis/azure_sky_ros2/install/serial/include
[2.622s] -- Installing: /home/luis/azure_sky_ros2/install/serial/include/serial
[2.622s] -- Installing: /home/luis/azure_sky_ros2/install/serial/include/serial/impl
[2.622s] -- Installing: /home/luis/azure_sky_ros2/install/serial/include/serial/impl/unix.h
[2.622s] -- Installing: /home/luis/azure_sky_ros2/install/serial/include/serial/impl/win.h
[2.622s] -- Installing: /home/luis/azure_sky_ros2/install/serial/include/serial/serial.h
[2.623s] -- Installing: /home/luis/azure_sky_ros2/install/serial/include/serial/v8stdint.h
[2.623s] -- Installing: /home/luis/azure_sky_ros2/install/serial/share/serial/environment/library_path.sh
[2.623s] -- Installing: /home/luis/azure_sky_ros2/install/serial/share/serial/environment/library_path.dsv
[2.624s] -- Installing: /home/luis/azure_sky_ros2/install/serial/share/ament_index/resource_index/package_run_dependencies/serial
[2.624s] -- Installing: /home/luis/azure_sky_ros2/install/serial/share/ament_index/resource_index/parent_prefix_path/serial
[2.624s] -- Installing: /home/luis/azure_sky_ros2/install/serial/share/serial/environment/ament_prefix_path.sh
[2.624s] -- Installing: /home/luis/azure_sky_ros2/install/serial/share/serial/environment/ament_prefix_path.dsv
[2.625s] -- Installing: /home/luis/azure_sky_ros2/install/serial/share/serial/environment/path.sh
[2.625s] -- Installing: /home/luis/azure_sky_ros2/install/serial/share/serial/environment/path.dsv
[2.625s] -- Installing: /home/luis/azure_sky_ros2/install/serial/share/serial/local_setup.bash
[2.625s] -- Installing: /home/luis/azure_sky_ros2/install/serial/share/serial/local_setup.sh
[2.626s] -- Installing: /home/luis/azure_sky_ros2/install/serial/share/serial/local_setup.zsh
[2.626s] -- Installing: /home/luis/azure_sky_ros2/install/serial/share/serial/local_setup.dsv
[2.626s] -- Installing: /home/luis/azure_sky_ros2/install/serial/share/serial/package.dsv
[2.627s] -- Installing: /home/luis/azure_sky_ros2/install/serial/share/ament_index/resource_index/packages/serial
[2.627s] -- Installing: /home/luis/azure_sky_ros2/install/serial/share/serial/cmake/export_serialExport.cmake
[2.627s] -- Installing: /home/luis/azure_sky_ros2/install/serial/share/serial/cmake/export_serialExport-noconfig.cmake
[2.627s] -- Installing: /home/luis/azure_sky_ros2/install/serial/share/serial/cmake/ament_cmake_export_include_directories-extras.cmake
[2.628s] -- Installing: /home/luis/azure_sky_ros2/install/serial/share/serial/cmake/ament_cmake_export_libraries-extras.cmake
[2.628s] -- Installing: /home/luis/azure_sky_ros2/install/serial/share/serial/cmake/ament_cmake_export_targets-extras.cmake
[2.628s] -- Installing: /home/luis/azure_sky_ros2/install/serial/share/serial/cmake/serialConfig.cmake
[2.628s] -- Installing: /home/luis/azure_sky_ros2/install/serial/share/serial/cmake/serialConfig-version.cmake
[2.629s] -- Installing: /home/luis/azure_sky_ros2/install/serial/share/serial/package.xml
[2.633s] Invoked command in '/home/luis/azure_sky_ros2/build/serial' returned '0': CMAKE_PREFIX_PATH=${CMAKE_PREFIX_PATH}:/opt/ros/humble /usr/bin/cmake --install /home/luis/azure_sky_ros2/build/serial
