[0.029s] Invoking command in '/home/luis/azure_sky_ros2/build/my_hardware_interface': CMAKE_PREFIX_PATH=/home/luis/azure_sky_ros2/install/ros2_socketcan:/home/luis/azure_sky_ros2/install/serial:/home/luis/azure_sky_ros2/install/ros2_socketcan_msgs:/home/luis/azure_sky_ros2/install/controlko_bringup:/home/luis/azure_sky_ros2/install/tide_shooter_controller:/home/luis/azure_sky_ros2/install/tide_gimbal_controller:/home/luis/azure_sky_ros2/install/autoaim_bridge:/home/luis/azure_sky_ros2/install/tide_msgs:/home/luis/azure_sky_ros2/install/my_hardware_interface:/home/luis/azure_sky_ros2/install/rm_can_driver:/home/luis/azure_sky_ros2/install/rm_vision_bringup:/home/luis/azure_sky_ros2/install/rm_buff_bringup:/home/luis/azure_sky_ros2/install/rm_gimbal_description:/home/luis/azure_sky_ros2/install/rm_buff:/home/luis/azure_sky_ros2/install/rm_auto_record:/home/luis/azure_sky_ros2/install/rm_auto_aim:/home/luis/azure_sky_ros2/install/hik_camera:/home/luis/azure_sky_ros2/install/buff_tracker:/home/luis/azure_sky_ros2/install/buff_detector:/home/luis/azure_sky_ros2/install/buff_interfaces:/home/luis/azure_sky_ros2/install/armor_tracker:/home/luis/azure_sky_ros2/install/armor_detector:/home/luis/azure_sky_ros2/install/auto_aim_interfaces:/opt/ros/humble LD_LIBRARY_PATH=/home/luis/azure_sky_ros2/install/ros2_socketcan/lib:/home/luis/azure_sky_ros2/install/ros2_socketcan_msgs/lib:/home/luis/azure_sky_ros2/install/tide_shooter_controller/lib:/home/luis/azure_sky_ros2/install/tide_gimbal_controller/lib:/home/luis/azure_sky_ros2/install/tide_msgs/lib:/home/luis/azure_sky_ros2/install/my_hardware_interface/lib:/home/luis/azure_sky_ros2/install/serial/lib:/home/luis/azure_sky_ros2/install/rm_auto_record/lib:/home/luis/azure_sky_ros2/install/hik_camera/lib:/home/luis/azure_sky_ros2/install/buff_tracker/lib:/home/luis/azure_sky_ros2/install/buff_detector/lib:/home/luis/azure_sky_ros2/install/buff_interfaces/lib:/home/luis/azure_sky_ros2/install/armor_tracker/lib:/home/luis/azure_sky_ros2/install/armor_detector/lib:/home/luis/azure_sky_ros2/install/auto_aim_interfaces/lib:/opt/MVS/lib/64:/opt/MVS/lib/32:/usr/lib/x86_64-linux-gnu/gazebo-11/plugins:/opt/ros/humble/opt/rviz_ogre_vendor/lib:/opt/ros/humble/lib/x86_64-linux-gnu:/opt/ros/humble/lib:/opt/MVS/lib/64:/opt/MVS/lib/32:/opt/MVS/lib/64:/opt/MVS/lib/32 /usr/bin/cmake --build /home/luis/azure_sky_ros2/build/my_hardware_interface -- -j12 -l12
[0.121s] [ 41%] Built target gmock_main
[0.121s] [ 41%] Built target gmock
[0.128s] [ 83%] Built target my_hardware_interface
[0.159s] [100%] Built target test_rrbot_hardware_interface
[0.188s] Invoked command in '/home/luis/azure_sky_ros2/build/my_hardware_interface' returned '0': CMAKE_PREFIX_PATH=/home/luis/azure_sky_ros2/install/ros2_socketcan:/home/luis/azure_sky_ros2/install/serial:/home/luis/azure_sky_ros2/install/ros2_socketcan_msgs:/home/luis/azure_sky_ros2/install/controlko_bringup:/home/luis/azure_sky_ros2/install/tide_shooter_controller:/home/luis/azure_sky_ros2/install/tide_gimbal_controller:/home/luis/azure_sky_ros2/install/autoaim_bridge:/home/luis/azure_sky_ros2/install/tide_msgs:/home/luis/azure_sky_ros2/install/my_hardware_interface:/home/luis/azure_sky_ros2/install/rm_can_driver:/home/luis/azure_sky_ros2/install/rm_vision_bringup:/home/luis/azure_sky_ros2/install/rm_buff_bringup:/home/luis/azure_sky_ros2/install/rm_gimbal_description:/home/luis/azure_sky_ros2/install/rm_buff:/home/luis/azure_sky_ros2/install/rm_auto_record:/home/luis/azure_sky_ros2/install/rm_auto_aim:/home/luis/azure_sky_ros2/install/hik_camera:/home/luis/azure_sky_ros2/install/buff_tracker:/home/luis/azure_sky_ros2/install/buff_detector:/home/luis/azure_sky_ros2/install/buff_interfaces:/home/luis/azure_sky_ros2/install/armor_tracker:/home/luis/azure_sky_ros2/install/armor_detector:/home/luis/azure_sky_ros2/install/auto_aim_interfaces:/opt/ros/humble LD_LIBRARY_PATH=/home/luis/azure_sky_ros2/install/ros2_socketcan/lib:/home/luis/azure_sky_ros2/install/ros2_socketcan_msgs/lib:/home/luis/azure_sky_ros2/install/tide_shooter_controller/lib:/home/luis/azure_sky_ros2/install/tide_gimbal_controller/lib:/home/luis/azure_sky_ros2/install/tide_msgs/lib:/home/luis/azure_sky_ros2/install/my_hardware_interface/lib:/home/luis/azure_sky_ros2/install/serial/lib:/home/luis/azure_sky_ros2/install/rm_auto_record/lib:/home/luis/azure_sky_ros2/install/hik_camera/lib:/home/luis/azure_sky_ros2/install/buff_tracker/lib:/home/luis/azure_sky_ros2/install/buff_detector/lib:/home/luis/azure_sky_ros2/install/buff_interfaces/lib:/home/luis/azure_sky_ros2/install/armor_tracker/lib:/home/luis/azure_sky_ros2/install/armor_detector/lib:/home/luis/azure_sky_ros2/install/auto_aim_interfaces/lib:/opt/MVS/lib/64:/opt/MVS/lib/32:/usr/lib/x86_64-linux-gnu/gazebo-11/plugins:/opt/ros/humble/opt/rviz_ogre_vendor/lib:/opt/ros/humble/lib/x86_64-linux-gnu:/opt/ros/humble/lib:/opt/MVS/lib/64:/opt/MVS/lib/32:/opt/MVS/lib/64:/opt/MVS/lib/32 /usr/bin/cmake --build /home/luis/azure_sky_ros2/build/my_hardware_interface -- -j12 -l12
[0.190s] Invoking command in '/home/luis/azure_sky_ros2/build/my_hardware_interface': CMAKE_PREFIX_PATH=/home/luis/azure_sky_ros2/install/ros2_socketcan:/home/luis/azure_sky_ros2/install/serial:/home/luis/azure_sky_ros2/install/ros2_socketcan_msgs:/home/luis/azure_sky_ros2/install/controlko_bringup:/home/luis/azure_sky_ros2/install/tide_shooter_controller:/home/luis/azure_sky_ros2/install/tide_gimbal_controller:/home/luis/azure_sky_ros2/install/autoaim_bridge:/home/luis/azure_sky_ros2/install/tide_msgs:/home/luis/azure_sky_ros2/install/my_hardware_interface:/home/luis/azure_sky_ros2/install/rm_can_driver:/home/luis/azure_sky_ros2/install/rm_vision_bringup:/home/luis/azure_sky_ros2/install/rm_buff_bringup:/home/luis/azure_sky_ros2/install/rm_gimbal_description:/home/luis/azure_sky_ros2/install/rm_buff:/home/luis/azure_sky_ros2/install/rm_auto_record:/home/luis/azure_sky_ros2/install/rm_auto_aim:/home/luis/azure_sky_ros2/install/hik_camera:/home/luis/azure_sky_ros2/install/buff_tracker:/home/luis/azure_sky_ros2/install/buff_detector:/home/luis/azure_sky_ros2/install/buff_interfaces:/home/luis/azure_sky_ros2/install/armor_tracker:/home/luis/azure_sky_ros2/install/armor_detector:/home/luis/azure_sky_ros2/install/auto_aim_interfaces:/opt/ros/humble LD_LIBRARY_PATH=/home/luis/azure_sky_ros2/install/ros2_socketcan/lib:/home/luis/azure_sky_ros2/install/ros2_socketcan_msgs/lib:/home/luis/azure_sky_ros2/install/tide_shooter_controller/lib:/home/luis/azure_sky_ros2/install/tide_gimbal_controller/lib:/home/luis/azure_sky_ros2/install/tide_msgs/lib:/home/luis/azure_sky_ros2/install/my_hardware_interface/lib:/home/luis/azure_sky_ros2/install/serial/lib:/home/luis/azure_sky_ros2/install/rm_auto_record/lib:/home/luis/azure_sky_ros2/install/hik_camera/lib:/home/luis/azure_sky_ros2/install/buff_tracker/lib:/home/luis/azure_sky_ros2/install/buff_detector/lib:/home/luis/azure_sky_ros2/install/buff_interfaces/lib:/home/luis/azure_sky_ros2/install/armor_tracker/lib:/home/luis/azure_sky_ros2/install/armor_detector/lib:/home/luis/azure_sky_ros2/install/auto_aim_interfaces/lib:/opt/MVS/lib/64:/opt/MVS/lib/32:/usr/lib/x86_64-linux-gnu/gazebo-11/plugins:/opt/ros/humble/opt/rviz_ogre_vendor/lib:/opt/ros/humble/lib/x86_64-linux-gnu:/opt/ros/humble/lib:/opt/MVS/lib/64:/opt/MVS/lib/32:/opt/MVS/lib/64:/opt/MVS/lib/32 /usr/bin/cmake --install /home/luis/azure_sky_ros2/build/my_hardware_interface
[0.200s] -- Install configuration: ""
[0.200s] -- Up-to-date: /home/luis/azure_sky_ros2/install/my_hardware_interface/share/my_hardware_interface/my_hardware_interface.xml
[0.200s] -- Up-to-date: /home/luis/azure_sky_ros2/install/my_hardware_interface/share/my_hardware_interface/my_hardware_interface.xml
[0.200s] -- Up-to-date: /home/luis/azure_sky_ros2/install/my_hardware_interface/lib/libmy_hardware_interface.so
[0.200s] -- Up-to-date: /home/luis/azure_sky_ros2/install/my_hardware_interface/include
[0.200s] -- Up-to-date: /home/luis/azure_sky_ros2/install/my_hardware_interface/include/my_hardware_interface
[0.200s] -- Up-to-date: /home/luis/azure_sky_ros2/install/my_hardware_interface/include/my_hardware_interface/tide_motor.hpp
[0.200s] -- Up-to-date: /home/luis/azure_sky_ros2/install/my_hardware_interface/include/my_hardware_interface/visibility_control.h
[0.201s] -- Up-to-date: /home/luis/azure_sky_ros2/install/my_hardware_interface/include/my_hardware_interface/custom_mecanum_controller.hpp
[0.201s] -- Up-to-date: /home/luis/azure_sky_ros2/install/my_hardware_interface/include/my_hardware_interface/remote_controller.hpp
[0.201s] -- Up-to-date: /home/luis/azure_sky_ros2/install/my_hardware_interface/include/my_hardware_interface/rrbot_hardware_interface.hpp
[0.202s] -- Up-to-date: /home/luis/azure_sky_ros2/install/my_hardware_interface/share/my_hardware_interface/my_hardware_interface.xml
[0.202s] -- Up-to-date: /home/luis/azure_sky_ros2/install/my_hardware_interface/share/my_hardware_interface/urdf
[0.202s] -- Up-to-date: /home/luis/azure_sky_ros2/install/my_hardware_interface/share/my_hardware_interface/urdf/rrbot.urdf.xacro
[0.202s] -- Up-to-date: /home/luis/azure_sky_ros2/install/my_hardware_interface/share/my_hardware_interface/urdf/common.xacro
[0.202s] -- Up-to-date: /home/luis/azure_sky_ros2/install/my_hardware_interface/share/my_hardware_interface/urdf/rrbot
[0.202s] -- Up-to-date: /home/luis/azure_sky_ros2/install/my_hardware_interface/share/my_hardware_interface/urdf/rrbot/rrbot_macro.xacro
[0.202s] -- Up-to-date: /home/luis/azure_sky_ros2/install/my_hardware_interface/share/my_hardware_interface/urdf/rrbot/rrbot_macro.ros2_control.xacro
[0.202s] -- Up-to-date: /home/luis/azure_sky_ros2/install/my_hardware_interface/share/my_hardware_interface/meshes
[0.202s] -- Up-to-date: /home/luis/azure_sky_ros2/install/my_hardware_interface/share/my_hardware_interface/meshes/rrbot
[0.203s] -- Up-to-date: /home/luis/azure_sky_ros2/install/my_hardware_interface/share/my_hardware_interface/meshes/rrbot/visual
[0.203s] -- Up-to-date: /home/luis/azure_sky_ros2/install/my_hardware_interface/share/my_hardware_interface/meshes/rrbot/visual/.gitkeep
[0.203s] -- Up-to-date: /home/luis/azure_sky_ros2/install/my_hardware_interface/share/my_hardware_interface/rviz
[0.203s] -- Up-to-date: /home/luis/azure_sky_ros2/install/my_hardware_interface/share/my_hardware_interface/rviz/rrbot.rviz
[0.203s] -- Up-to-date: /home/luis/azure_sky_ros2/install/my_hardware_interface/share/my_hardware_interface/environment/library_path.sh
[0.204s] -- Up-to-date: /home/luis/azure_sky_ros2/install/my_hardware_interface/share/my_hardware_interface/environment/library_path.dsv
[0.204s] -- Up-to-date: /home/luis/azure_sky_ros2/install/my_hardware_interface/share/ament_index/resource_index/package_run_dependencies/my_hardware_interface
[0.205s] -- Up-to-date: /home/luis/azure_sky_ros2/install/my_hardware_interface/share/ament_index/resource_index/parent_prefix_path/my_hardware_interface
[0.205s] -- Up-to-date: /home/luis/azure_sky_ros2/install/my_hardware_interface/share/my_hardware_interface/environment/ament_prefix_path.sh
[0.205s] -- Up-to-date: /home/luis/azure_sky_ros2/install/my_hardware_interface/share/my_hardware_interface/environment/ament_prefix_path.dsv
[0.205s] -- Up-to-date: /home/luis/azure_sky_ros2/install/my_hardware_interface/share/my_hardware_interface/environment/path.sh
[0.205s] -- Up-to-date: /home/luis/azure_sky_ros2/install/my_hardware_interface/share/my_hardware_interface/environment/path.dsv
[0.205s] -- Up-to-date: /home/luis/azure_sky_ros2/install/my_hardware_interface/share/my_hardware_interface/local_setup.bash
[0.205s] -- Up-to-date: /home/luis/azure_sky_ros2/install/my_hardware_interface/share/my_hardware_interface/local_setup.sh
[0.205s] -- Up-to-date: /home/luis/azure_sky_ros2/install/my_hardware_interface/share/my_hardware_interface/local_setup.zsh
[0.205s] -- Up-to-date: /home/luis/azure_sky_ros2/install/my_hardware_interface/share/my_hardware_interface/local_setup.dsv
[0.205s] -- Installing: /home/luis/azure_sky_ros2/install/my_hardware_interface/share/my_hardware_interface/package.dsv
[0.206s] -- Up-to-date: /home/luis/azure_sky_ros2/install/my_hardware_interface/share/ament_index/resource_index/packages/my_hardware_interface
[0.207s] -- Up-to-date: /home/luis/azure_sky_ros2/install/my_hardware_interface/share/ament_index/resource_index/hardware_interface__pluginlib__plugin/my_hardware_interface
[0.207s] -- Up-to-date: /home/luis/azure_sky_ros2/install/my_hardware_interface/share/ament_index/resource_index/controller_interface__pluginlib__plugin/my_hardware_interface
[0.207s] -- Up-to-date: /home/luis/azure_sky_ros2/install/my_hardware_interface/share/my_hardware_interface/cmake/ament_cmake_export_include_directories-extras.cmake
[0.207s] -- Up-to-date: /home/luis/azure_sky_ros2/install/my_hardware_interface/share/my_hardware_interface/cmake/ament_cmake_export_libraries-extras.cmake
[0.207s] -- Up-to-date: /home/luis/azure_sky_ros2/install/my_hardware_interface/share/my_hardware_interface/cmake/ament_cmake_export_dependencies-extras.cmake
[0.207s] -- Up-to-date: /home/luis/azure_sky_ros2/install/my_hardware_interface/share/my_hardware_interface/cmake/my_hardware_interfaceConfig.cmake
[0.207s] -- Up-to-date: /home/luis/azure_sky_ros2/install/my_hardware_interface/share/my_hardware_interface/cmake/my_hardware_interfaceConfig-version.cmake
[0.208s] -- Up-to-date: /home/luis/azure_sky_ros2/install/my_hardware_interface/share/my_hardware_interface/package.xml
[0.208s] Invoked command in '/home/luis/azure_sky_ros2/build/my_hardware_interface' returned '0': CMAKE_PREFIX_PATH=/home/luis/azure_sky_ros2/install/ros2_socketcan:/home/luis/azure_sky_ros2/install/serial:/home/luis/azure_sky_ros2/install/ros2_socketcan_msgs:/home/luis/azure_sky_ros2/install/controlko_bringup:/home/luis/azure_sky_ros2/install/tide_shooter_controller:/home/luis/azure_sky_ros2/install/tide_gimbal_controller:/home/luis/azure_sky_ros2/install/autoaim_bridge:/home/luis/azure_sky_ros2/install/tide_msgs:/home/luis/azure_sky_ros2/install/my_hardware_interface:/home/luis/azure_sky_ros2/install/rm_can_driver:/home/luis/azure_sky_ros2/install/rm_vision_bringup:/home/luis/azure_sky_ros2/install/rm_buff_bringup:/home/luis/azure_sky_ros2/install/rm_gimbal_description:/home/luis/azure_sky_ros2/install/rm_buff:/home/luis/azure_sky_ros2/install/rm_auto_record:/home/luis/azure_sky_ros2/install/rm_auto_aim:/home/luis/azure_sky_ros2/install/hik_camera:/home/luis/azure_sky_ros2/install/buff_tracker:/home/luis/azure_sky_ros2/install/buff_detector:/home/luis/azure_sky_ros2/install/buff_interfaces:/home/luis/azure_sky_ros2/install/armor_tracker:/home/luis/azure_sky_ros2/install/armor_detector:/home/luis/azure_sky_ros2/install/auto_aim_interfaces:/opt/ros/humble LD_LIBRARY_PATH=/home/luis/azure_sky_ros2/install/ros2_socketcan/lib:/home/luis/azure_sky_ros2/install/ros2_socketcan_msgs/lib:/home/luis/azure_sky_ros2/install/tide_shooter_controller/lib:/home/luis/azure_sky_ros2/install/tide_gimbal_controller/lib:/home/luis/azure_sky_ros2/install/tide_msgs/lib:/home/luis/azure_sky_ros2/install/my_hardware_interface/lib:/home/luis/azure_sky_ros2/install/serial/lib:/home/luis/azure_sky_ros2/install/rm_auto_record/lib:/home/luis/azure_sky_ros2/install/hik_camera/lib:/home/luis/azure_sky_ros2/install/buff_tracker/lib:/home/luis/azure_sky_ros2/install/buff_detector/lib:/home/luis/azure_sky_ros2/install/buff_interfaces/lib:/home/luis/azure_sky_ros2/install/armor_tracker/lib:/home/luis/azure_sky_ros2/install/armor_detector/lib:/home/luis/azure_sky_ros2/install/auto_aim_interfaces/lib:/opt/MVS/lib/64:/opt/MVS/lib/32:/usr/lib/x86_64-linux-gnu/gazebo-11/plugins:/opt/ros/humble/opt/rviz_ogre_vendor/lib:/opt/ros/humble/lib/x86_64-linux-gnu:/opt/ros/humble/lib:/opt/MVS/lib/64:/opt/MVS/lib/32:/opt/MVS/lib/64:/opt/MVS/lib/32 /usr/bin/cmake --install /home/luis/azure_sky_ros2/build/my_hardware_interface
