[0.030s] Invoking command in '/home/luis/azure_sky_ros2/build/rm_vision_bringup': AMENT_PREFIX_PATH=/home/luis/azure_sky_ros2/install/rm_auto_aim:/home/luis/azure_sky_ros2/install/armor_tracker:/home/luis/azure_sky_ros2/install/armor_detector:/home/luis/azure_sky_ros2/install/auto_aim_interfaces:${AMENT_PREFIX_PATH} CMAKE_PREFIX_PATH=/home/luis/azure_sky_ros2/install/rm_auto_aim:/home/luis/azure_sky_ros2/install/armor_tracker:/home/luis/azure_sky_ros2/install/armor_detector:/home/luis/azure_sky_ros2/install/auto_aim_interfaces:/opt/ros/humble LD_LIBRARY_PATH=/home/luis/azure_sky_ros2/install/armor_tracker/lib:/home/luis/azure_sky_ros2/install/armor_detector/lib:/home/luis/azure_sky_ros2/install/auto_aim_interfaces/lib:/opt/MVS/lib/64:/opt/MVS/lib/32:/usr/lib/x86_64-linux-gnu/gazebo-11/plugins:/opt/ros/humble/opt/rviz_ogre_vendor/lib:/opt/ros/humble/lib/x86_64-linux-gnu:/opt/ros/humble/lib:/opt/MVS/lib/64:/opt/MVS/lib/32:/opt/MVS/lib/64:/opt/MVS/lib/32 PYTHONPATH=/home/luis/azure_sky_ros2/install/auto_aim_interfaces/local/lib/python3.10/dist-packages:${PYTHONPATH} /usr/bin/cmake --build /home/luis/azure_sky_ros2/build/rm_vision_bringup -- -j12 -l12
[0.098s] Invoked command in '/home/luis/azure_sky_ros2/build/rm_vision_bringup' returned '0': AMENT_PREFIX_PATH=/home/luis/azure_sky_ros2/install/rm_auto_aim:/home/luis/azure_sky_ros2/install/armor_tracker:/home/luis/azure_sky_ros2/install/armor_detector:/home/luis/azure_sky_ros2/install/auto_aim_interfaces:${AMENT_PREFIX_PATH} CMAKE_PREFIX_PATH=/home/luis/azure_sky_ros2/install/rm_auto_aim:/home/luis/azure_sky_ros2/install/armor_tracker:/home/luis/azure_sky_ros2/install/armor_detector:/home/luis/azure_sky_ros2/install/auto_aim_interfaces:/opt/ros/humble LD_LIBRARY_PATH=/home/luis/azure_sky_ros2/install/armor_tracker/lib:/home/luis/azure_sky_ros2/install/armor_detector/lib:/home/luis/azure_sky_ros2/install/auto_aim_interfaces/lib:/opt/MVS/lib/64:/opt/MVS/lib/32:/usr/lib/x86_64-linux-gnu/gazebo-11/plugins:/opt/ros/humble/opt/rviz_ogre_vendor/lib:/opt/ros/humble/lib/x86_64-linux-gnu:/opt/ros/humble/lib:/opt/MVS/lib/64:/opt/MVS/lib/32:/opt/MVS/lib/64:/opt/MVS/lib/32 PYTHONPATH=/home/luis/azure_sky_ros2/install/auto_aim_interfaces/local/lib/python3.10/dist-packages:${PYTHONPATH} /usr/bin/cmake --build /home/luis/azure_sky_ros2/build/rm_vision_bringup -- -j12 -l12
[0.101s] Invoking command in '/home/luis/azure_sky_ros2/build/rm_vision_bringup': AMENT_PREFIX_PATH=/home/luis/azure_sky_ros2/install/rm_auto_aim:/home/luis/azure_sky_ros2/install/armor_tracker:/home/luis/azure_sky_ros2/install/armor_detector:/home/luis/azure_sky_ros2/install/auto_aim_interfaces:${AMENT_PREFIX_PATH} CMAKE_PREFIX_PATH=/home/luis/azure_sky_ros2/install/rm_auto_aim:/home/luis/azure_sky_ros2/install/armor_tracker:/home/luis/azure_sky_ros2/install/armor_detector:/home/luis/azure_sky_ros2/install/auto_aim_interfaces:/opt/ros/humble LD_LIBRARY_PATH=/home/luis/azure_sky_ros2/install/armor_tracker/lib:/home/luis/azure_sky_ros2/install/armor_detector/lib:/home/luis/azure_sky_ros2/install/auto_aim_interfaces/lib:/opt/MVS/lib/64:/opt/MVS/lib/32:/usr/lib/x86_64-linux-gnu/gazebo-11/plugins:/opt/ros/humble/opt/rviz_ogre_vendor/lib:/opt/ros/humble/lib/x86_64-linux-gnu:/opt/ros/humble/lib:/opt/MVS/lib/64:/opt/MVS/lib/32:/opt/MVS/lib/64:/opt/MVS/lib/32 PYTHONPATH=/home/luis/azure_sky_ros2/install/auto_aim_interfaces/local/lib/python3.10/dist-packages:${PYTHONPATH} /usr/bin/cmake --install /home/luis/azure_sky_ros2/build/rm_vision_bringup
[0.113s] -- Install configuration: ""
[0.114s] -- Up-to-date: /home/luis/azure_sky_ros2/install/rm_vision_bringup/share/rm_vision_bringup/launch
[0.114s] -- Up-to-date: /home/luis/azure_sky_ros2/install/rm_vision_bringup/share/rm_vision_bringup/launch/common.py
[0.114s] -- Up-to-date: /home/luis/azure_sky_ros2/install/rm_vision_bringup/share/rm_vision_bringup/launch/camera_detector_only.launch.py
[0.114s] -- Up-to-date: /home/luis/azure_sky_ros2/install/rm_vision_bringup/share/rm_vision_bringup/launch/vision_bringup.launch.py
[0.114s] -- Up-to-date: /home/luis/azure_sky_ros2/install/rm_vision_bringup/share/rm_vision_bringup/launch/no_hardware.launch.py
[0.115s] -- Up-to-date: /home/luis/azure_sky_ros2/install/rm_vision_bringup/share/rm_vision_bringup/config
[0.115s] -- Up-to-date: /home/luis/azure_sky_ros2/install/rm_vision_bringup/share/rm_vision_bringup/config/camera_info.yaml
[0.115s] -- Up-to-date: /home/luis/azure_sky_ros2/install/rm_vision_bringup/share/rm_vision_bringup/config/node_params.yaml
[0.115s] -- Up-to-date: /home/luis/azure_sky_ros2/install/rm_vision_bringup/share/rm_vision_bringup/config/launch_params.yaml
[0.115s] -- Up-to-date: /home/luis/azure_sky_ros2/install/rm_vision_bringup/share/ament_index/resource_index/package_run_dependencies/rm_vision_bringup
[0.116s] -- Up-to-date: /home/luis/azure_sky_ros2/install/rm_vision_bringup/share/ament_index/resource_index/parent_prefix_path/rm_vision_bringup
[0.116s] -- Up-to-date: /home/luis/azure_sky_ros2/install/rm_vision_bringup/share/rm_vision_bringup/environment/ament_prefix_path.sh
[0.116s] -- Up-to-date: /home/luis/azure_sky_ros2/install/rm_vision_bringup/share/rm_vision_bringup/environment/ament_prefix_path.dsv
[0.116s] -- Up-to-date: /home/luis/azure_sky_ros2/install/rm_vision_bringup/share/rm_vision_bringup/environment/path.sh
[0.116s] -- Up-to-date: /home/luis/azure_sky_ros2/install/rm_vision_bringup/share/rm_vision_bringup/environment/path.dsv
[0.116s] -- Up-to-date: /home/luis/azure_sky_ros2/install/rm_vision_bringup/share/rm_vision_bringup/local_setup.bash
[0.116s] -- Up-to-date: /home/luis/azure_sky_ros2/install/rm_vision_bringup/share/rm_vision_bringup/local_setup.sh
[0.117s] -- Up-to-date: /home/luis/azure_sky_ros2/install/rm_vision_bringup/share/rm_vision_bringup/local_setup.zsh
[0.117s] -- Up-to-date: /home/luis/azure_sky_ros2/install/rm_vision_bringup/share/rm_vision_bringup/local_setup.dsv
[0.117s] -- Installing: /home/luis/azure_sky_ros2/install/rm_vision_bringup/share/rm_vision_bringup/package.dsv
[0.117s] -- Up-to-date: /home/luis/azure_sky_ros2/install/rm_vision_bringup/share/ament_index/resource_index/packages/rm_vision_bringup
[0.117s] -- Up-to-date: /home/luis/azure_sky_ros2/install/rm_vision_bringup/share/rm_vision_bringup/cmake/rm_vision_bringupConfig.cmake
[0.117s] -- Up-to-date: /home/luis/azure_sky_ros2/install/rm_vision_bringup/share/rm_vision_bringup/cmake/rm_vision_bringupConfig-version.cmake
[0.117s] -- Up-to-date: /home/luis/azure_sky_ros2/install/rm_vision_bringup/share/rm_vision_bringup/package.xml
[0.120s] Invoked command in '/home/luis/azure_sky_ros2/build/rm_vision_bringup' returned '0': AMENT_PREFIX_PATH=/home/luis/azure_sky_ros2/install/rm_auto_aim:/home/luis/azure_sky_ros2/install/armor_tracker:/home/luis/azure_sky_ros2/install/armor_detector:/home/luis/azure_sky_ros2/install/auto_aim_interfaces:${AMENT_PREFIX_PATH} CMAKE_PREFIX_PATH=/home/luis/azure_sky_ros2/install/rm_auto_aim:/home/luis/azure_sky_ros2/install/armor_tracker:/home/luis/azure_sky_ros2/install/armor_detector:/home/luis/azure_sky_ros2/install/auto_aim_interfaces:/opt/ros/humble LD_LIBRARY_PATH=/home/luis/azure_sky_ros2/install/armor_tracker/lib:/home/luis/azure_sky_ros2/install/armor_detector/lib:/home/luis/azure_sky_ros2/install/auto_aim_interfaces/lib:/opt/MVS/lib/64:/opt/MVS/lib/32:/usr/lib/x86_64-linux-gnu/gazebo-11/plugins:/opt/ros/humble/opt/rviz_ogre_vendor/lib:/opt/ros/humble/lib/x86_64-linux-gnu:/opt/ros/humble/lib:/opt/MVS/lib/64:/opt/MVS/lib/32:/opt/MVS/lib/64:/opt/MVS/lib/32 PYTHONPATH=/home/luis/azure_sky_ros2/install/auto_aim_interfaces/local/lib/python3.10/dist-packages:${PYTHONPATH} /usr/bin/cmake --install /home/luis/azure_sky_ros2/build/rm_vision_bringup
