[0.021s] Invoking command in '/home/luis/workshop_ws/build/tide_gimbal_controller': CMAKE_PREFIX_PATH=/home/luis/workshop_ws/install/tide_msgs:/home/luis/workshop_ws/install/tide_shooter_controller:/home/luis/workshop_ws/install/tide_gimbal_controller:/home/luis/workshop_ws/install/my_hardware_interface:/home/luis/workshop_ws/install/serial:/home/luis/workshop_ws/install/roscon2022_control_workshop:/home/luis/workshop_ws/install/ros2_socketcan:/home/luis/workshop_ws/install/ros2_socketcan_msgs:/home/luis/workshop_ws/install/controlko_hardware_interface:/home/luis/workshop_ws/install/controlko_bringup:/home/luis/workshop_ws/install/controlko_description:/home/luis/workshop_ws/install/controlko_controllers:/opt/ros/humble LD_LIBRARY_PATH=/home/luis/workshop_ws/install/tide_msgs/lib:/home/luis/workshop_ws/install/tide_shooter_controller/lib:/home/luis/workshop_ws/install/tide_gimbal_controller/lib:/home/luis/workshop_ws/install/my_hardware_interface/lib:/home/luis/workshop_ws/install/serial/lib:/home/luis/workshop_ws/install/ros2_socketcan/lib:/home/luis/workshop_ws/install/ros2_socketcan_msgs/lib:/home/luis/workshop_ws/install/controlko_hardware_interface/lib:/home/luis/workshop_ws/install/controlko_controllers/lib:/usr/lib/x86_64-linux-gnu/gazebo-11/plugins:/opt/ros/humble/opt/rviz_ogre_vendor/lib:/opt/ros/humble/lib/x86_64-linux-gnu:/opt/ros/humble/lib /usr/bin/cmake --build /home/luis/workshop_ws/build/tide_gimbal_controller -- -j12 -l12
[0.124s] [ 40%] Built target gimbal_controller_parameters
[0.180s] [100%] Built target tide_gimbal_controller
[0.234s] Invoked command in '/home/luis/workshop_ws/build/tide_gimbal_controller' returned '0': CMAKE_PREFIX_PATH=/home/luis/workshop_ws/install/tide_msgs:/home/luis/workshop_ws/install/tide_shooter_controller:/home/luis/workshop_ws/install/tide_gimbal_controller:/home/luis/workshop_ws/install/my_hardware_interface:/home/luis/workshop_ws/install/serial:/home/luis/workshop_ws/install/roscon2022_control_workshop:/home/luis/workshop_ws/install/ros2_socketcan:/home/luis/workshop_ws/install/ros2_socketcan_msgs:/home/luis/workshop_ws/install/controlko_hardware_interface:/home/luis/workshop_ws/install/controlko_bringup:/home/luis/workshop_ws/install/controlko_description:/home/luis/workshop_ws/install/controlko_controllers:/opt/ros/humble LD_LIBRARY_PATH=/home/luis/workshop_ws/install/tide_msgs/lib:/home/luis/workshop_ws/install/tide_shooter_controller/lib:/home/luis/workshop_ws/install/tide_gimbal_controller/lib:/home/luis/workshop_ws/install/my_hardware_interface/lib:/home/luis/workshop_ws/install/serial/lib:/home/luis/workshop_ws/install/ros2_socketcan/lib:/home/luis/workshop_ws/install/ros2_socketcan_msgs/lib:/home/luis/workshop_ws/install/controlko_hardware_interface/lib:/home/luis/workshop_ws/install/controlko_controllers/lib:/usr/lib/x86_64-linux-gnu/gazebo-11/plugins:/opt/ros/humble/opt/rviz_ogre_vendor/lib:/opt/ros/humble/lib/x86_64-linux-gnu:/opt/ros/humble/lib /usr/bin/cmake --build /home/luis/workshop_ws/build/tide_gimbal_controller -- -j12 -l12
[0.237s] Invoking command in '/home/luis/workshop_ws/build/tide_gimbal_controller': CMAKE_PREFIX_PATH=/home/luis/workshop_ws/install/tide_msgs:/home/luis/workshop_ws/install/tide_shooter_controller:/home/luis/workshop_ws/install/tide_gimbal_controller:/home/luis/workshop_ws/install/my_hardware_interface:/home/luis/workshop_ws/install/serial:/home/luis/workshop_ws/install/roscon2022_control_workshop:/home/luis/workshop_ws/install/ros2_socketcan:/home/luis/workshop_ws/install/ros2_socketcan_msgs:/home/luis/workshop_ws/install/controlko_hardware_interface:/home/luis/workshop_ws/install/controlko_bringup:/home/luis/workshop_ws/install/controlko_description:/home/luis/workshop_ws/install/controlko_controllers:/opt/ros/humble LD_LIBRARY_PATH=/home/luis/workshop_ws/install/tide_msgs/lib:/home/luis/workshop_ws/install/tide_shooter_controller/lib:/home/luis/workshop_ws/install/tide_gimbal_controller/lib:/home/luis/workshop_ws/install/my_hardware_interface/lib:/home/luis/workshop_ws/install/serial/lib:/home/luis/workshop_ws/install/ros2_socketcan/lib:/home/luis/workshop_ws/install/ros2_socketcan_msgs/lib:/home/luis/workshop_ws/install/controlko_hardware_interface/lib:/home/luis/workshop_ws/install/controlko_controllers/lib:/usr/lib/x86_64-linux-gnu/gazebo-11/plugins:/opt/ros/humble/opt/rviz_ogre_vendor/lib:/opt/ros/humble/lib/x86_64-linux-gnu:/opt/ros/humble/lib /usr/bin/cmake --install /home/luis/workshop_ws/build/tide_gimbal_controller
[0.258s] -- Install configuration: ""
[0.259s] -- Execute custom install script
[0.259s] -- Up-to-date symlink: /home/luis/workshop_ws/install/tide_gimbal_controller/include/tide_gimbal_controller/gimbal_controller_parameters.hpp
[0.260s] -- Up-to-date symlink: /home/luis/workshop_ws/install/tide_gimbal_controller/share/tide_gimbal_controller//tide_gimbal_controller.xml
[0.261s] -- Up-to-date symlink: /home/luis/workshop_ws/install/tide_gimbal_controller/include//bullet_solver.hpp
[0.261s] -- Up-to-date symlink: /home/luis/workshop_ws/install/tide_gimbal_controller/include//tide_gimbal_controller.hpp
[0.261s] -- Up-to-date symlink: /home/luis/workshop_ws/install/tide_gimbal_controller/share/tide_gimbal_controller/environment/library_path.sh
[0.262s] -- Up-to-date symlink: /home/luis/workshop_ws/install/tide_gimbal_controller/share/tide_gimbal_controller/environment/library_path.dsv
[0.262s] -- Up-to-date symlink: /home/luis/workshop_ws/install/tide_gimbal_controller/share/ament_index/resource_index/package_run_dependencies/tide_gimbal_controller
[0.263s] -- Up-to-date symlink: /home/luis/workshop_ws/install/tide_gimbal_controller/share/ament_index/resource_index/parent_prefix_path/tide_gimbal_controller
[0.263s] -- Up-to-date symlink: /home/luis/workshop_ws/install/tide_gimbal_controller/share/tide_gimbal_controller/environment/ament_prefix_path.sh
[0.264s] -- Up-to-date symlink: /home/luis/workshop_ws/install/tide_gimbal_controller/share/tide_gimbal_controller/environment/ament_prefix_path.dsv
[0.264s] -- Up-to-date symlink: /home/luis/workshop_ws/install/tide_gimbal_controller/share/tide_gimbal_controller/environment/path.sh
[0.265s] -- Up-to-date symlink: /home/luis/workshop_ws/install/tide_gimbal_controller/share/tide_gimbal_controller/environment/path.dsv
[0.265s] -- Up-to-date symlink: /home/luis/workshop_ws/install/tide_gimbal_controller/share/tide_gimbal_controller/local_setup.bash
[0.265s] -- Up-to-date symlink: /home/luis/workshop_ws/install/tide_gimbal_controller/share/tide_gimbal_controller/local_setup.sh
[0.266s] -- Up-to-date symlink: /home/luis/workshop_ws/install/tide_gimbal_controller/share/tide_gimbal_controller/local_setup.zsh
[0.266s] -- Up-to-date symlink: /home/luis/workshop_ws/install/tide_gimbal_controller/share/tide_gimbal_controller/local_setup.dsv
[0.266s] -- Symlinking: /home/luis/workshop_ws/install/tide_gimbal_controller/share/tide_gimbal_controller/package.dsv
[0.284s] -- Up-to-date symlink: /home/luis/workshop_ws/install/tide_gimbal_controller/share/ament_index/resource_index/packages/tide_gimbal_controller
[0.284s] -- Up-to-date symlink: /home/luis/workshop_ws/install/tide_gimbal_controller/share/ament_index/resource_index/controller_interface__pluginlib__plugin/tide_gimbal_controller
[0.284s] -- Up-to-date symlink: /home/luis/workshop_ws/install/tide_gimbal_controller/share/tide_gimbal_controller/cmake/ament_cmake_export_dependencies-extras.cmake
[0.285s] -- Up-to-date symlink: /home/luis/workshop_ws/install/tide_gimbal_controller/share/tide_gimbal_controller/cmake/ament_cmake_export_targets-extras.cmake
[0.285s] -- Up-to-date symlink: /home/luis/workshop_ws/install/tide_gimbal_controller/share/tide_gimbal_controller/cmake/tide_gimbal_controllerConfig.cmake
[0.285s] -- Up-to-date symlink: /home/luis/workshop_ws/install/tide_gimbal_controller/share/tide_gimbal_controller/cmake/tide_gimbal_controllerConfig-version.cmake
[0.285s] -- Up-to-date symlink: /home/luis/workshop_ws/install/tide_gimbal_controller/share/tide_gimbal_controller/package.xml
[0.286s] -- Up-to-date: /home/luis/workshop_ws/install/tide_gimbal_controller/lib/libtide_gimbal_controller.so
[0.286s] -- Up-to-date: /home/luis/workshop_ws/install/tide_gimbal_controller/share/tide_gimbal_controller/cmake/export_tide_gimbal_controllerExport.cmake
[0.287s] -- Up-to-date: /home/luis/workshop_ws/install/tide_gimbal_controller/share/tide_gimbal_controller/cmake/export_tide_gimbal_controllerExport-noconfig.cmake
[0.307s] Invoked command in '/home/luis/workshop_ws/build/tide_gimbal_controller' returned '0': CMAKE_PREFIX_PATH=/home/luis/workshop_ws/install/tide_msgs:/home/luis/workshop_ws/install/tide_shooter_controller:/home/luis/workshop_ws/install/tide_gimbal_controller:/home/luis/workshop_ws/install/my_hardware_interface:/home/luis/workshop_ws/install/serial:/home/luis/workshop_ws/install/roscon2022_control_workshop:/home/luis/workshop_ws/install/ros2_socketcan:/home/luis/workshop_ws/install/ros2_socketcan_msgs:/home/luis/workshop_ws/install/controlko_hardware_interface:/home/luis/workshop_ws/install/controlko_bringup:/home/luis/workshop_ws/install/controlko_description:/home/luis/workshop_ws/install/controlko_controllers:/opt/ros/humble LD_LIBRARY_PATH=/home/luis/workshop_ws/install/tide_msgs/lib:/home/luis/workshop_ws/install/tide_shooter_controller/lib:/home/luis/workshop_ws/install/tide_gimbal_controller/lib:/home/luis/workshop_ws/install/my_hardware_interface/lib:/home/luis/workshop_ws/install/serial/lib:/home/luis/workshop_ws/install/ros2_socketcan/lib:/home/luis/workshop_ws/install/ros2_socketcan_msgs/lib:/home/luis/workshop_ws/install/controlko_hardware_interface/lib:/home/luis/workshop_ws/install/controlko_controllers/lib:/usr/lib/x86_64-linux-gnu/gazebo-11/plugins:/opt/ros/humble/opt/rviz_ogre_vendor/lib:/opt/ros/humble/lib/x86_64-linux-gnu:/opt/ros/humble/lib /usr/bin/cmake --install /home/luis/workshop_ws/build/tide_gimbal_controller
