[0.047s] Invoking command in '/home/luis/workshop_ws/build/roscon2022_control_workshop': CMAKE_PREFIX_PATH=${CMAKE_PREFIX_PATH}:/opt/ros/humble /usr/bin/cmake --build /home/luis/workshop_ws/build/roscon2022_control_workshop -- -j12 -l12
[0.155s] Invoked command in '/home/luis/workshop_ws/build/roscon2022_control_workshop' returned '0': CMAKE_PREFIX_PATH=${CMAKE_PREFIX_PATH}:/opt/ros/humble /usr/bin/cmake --build /home/luis/workshop_ws/build/roscon2022_control_workshop -- -j12 -l12
[0.157s] Invoking command in '/home/luis/workshop_ws/build/roscon2022_control_workshop': CMAKE_PREFIX_PATH=${CMAKE_PREFIX_PATH}:/opt/ros/humble /usr/bin/cmake --install /home/luis/workshop_ws/build/roscon2022_control_workshop
[0.189s] -- Install configuration: ""
[0.197s] -- Execute custom install script
[0.197s] -- Up-to-date symlink: /home/luis/workshop_ws/install/roscon2022_control_workshop/share/ament_index/resource_index/package_run_dependencies/roscon2022_control_workshop
[0.197s] -- Up-to-date symlink: /home/luis/workshop_ws/install/roscon2022_control_workshop/share/ament_index/resource_index/parent_prefix_path/roscon2022_control_workshop
[0.197s] -- Up-to-date symlink: /home/luis/workshop_ws/install/roscon2022_control_workshop/share/roscon2022_control_workshop/environment/ament_prefix_path.sh
[0.198s] -- Up-to-date symlink: /home/luis/workshop_ws/install/roscon2022_control_workshop/share/roscon2022_control_workshop/environment/ament_prefix_path.dsv
[0.199s] -- Up-to-date symlink: /home/luis/workshop_ws/install/roscon2022_control_workshop/share/roscon2022_control_workshop/environment/path.sh
[0.199s] -- Up-to-date symlink: /home/luis/workshop_ws/install/roscon2022_control_workshop/share/roscon2022_control_workshop/environment/path.dsv
[0.199s] -- Up-to-date symlink: /home/luis/workshop_ws/install/roscon2022_control_workshop/share/roscon2022_control_workshop/local_setup.bash
[0.199s] -- Up-to-date symlink: /home/luis/workshop_ws/install/roscon2022_control_workshop/share/roscon2022_control_workshop/local_setup.sh
[0.199s] -- Up-to-date symlink: /home/luis/workshop_ws/install/roscon2022_control_workshop/share/roscon2022_control_workshop/local_setup.zsh
[0.199s] -- Up-to-date symlink: /home/luis/workshop_ws/install/roscon2022_control_workshop/share/roscon2022_control_workshop/local_setup.dsv
[0.200s] -- Symlinking: /home/luis/workshop_ws/install/roscon2022_control_workshop/share/roscon2022_control_workshop/package.dsv
[0.223s] -- Up-to-date symlink: /home/luis/workshop_ws/install/roscon2022_control_workshop/share/ament_index/resource_index/packages/roscon2022_control_workshop
[0.224s] -- Up-to-date symlink: /home/luis/workshop_ws/install/roscon2022_control_workshop/share/roscon2022_control_workshop/cmake/roscon2022_control_workshopConfig.cmake
[0.224s] -- Up-to-date symlink: /home/luis/workshop_ws/install/roscon2022_control_workshop/share/roscon2022_control_workshop/cmake/roscon2022_control_workshopConfig-version.cmake
[0.228s] -- Up-to-date symlink: /home/luis/workshop_ws/install/roscon2022_control_workshop/share/roscon2022_control_workshop/package.xml
[0.283s] Invoked command in '/home/luis/workshop_ws/build/roscon2022_control_workshop' returned '0': CMAKE_PREFIX_PATH=${CMAKE_PREFIX_PATH}:/opt/ros/humble /usr/bin/cmake --install /home/luis/workshop_ws/build/roscon2022_control_workshop
