[35m[1mConsolidate compiler generated dependencies of target rm_auto_record_node[0m
[ 25%] [32mBuilding CXX object CMakeFiles/rm_auto_record.dir/src/record_node.cpp.o[0m
[ 75%] Built target rm_auto_record_node
[100%] [32m[1mLinking CXX shared library librm_auto_record.so[0m
[100%] Built target rm_auto_record
-- Install configuration: ""
-- Installing: /home/luis/azure_sky_ros2/install/rm_auto_record/lib/rm_auto_record/rm_auto_record_node
-- Set runtime path of "/home/luis/azure_sky_ros2/install/rm_auto_record/lib/rm_auto_record/rm_auto_record_node" to ""
-- Installing: /home/luis/azure_sky_ros2/install/rm_auto_record/include
-- Installing: /home/luis/azure_sky_ros2/install/rm_auto_record/include/rm_auto_record
-- Installing: /home/luis/azure_sky_ros2/install/rm_auto_record/include/rm_auto_record/record_node.hpp
-- Installing: /home/luis/azure_sky_ros2/install/rm_auto_record/share/rm_auto_record/environment/library_path.sh
-- Installing: /home/luis/azure_sky_ros2/install/rm_auto_record/share/rm_auto_record/environment/library_path.dsv
-- Installing: /home/luis/azure_sky_ros2/install/rm_auto_record/lib/librm_auto_record.so
-- Set runtime path of "/home/luis/azure_sky_ros2/install/rm_auto_record/lib/librm_auto_record.so" to ""
-- Installing: /home/luis/azure_sky_ros2/install/rm_auto_record/share/rm_auto_record/config
-- Installing: /home/luis/azure_sky_ros2/install/rm_auto_record/share/rm_auto_record/config/node_params.yaml
-- Installing: /home/luis/azure_sky_ros2/install/rm_auto_record/share/rm_auto_record/launch
-- Installing: /home/luis/azure_sky_ros2/install/rm_auto_record/share/rm_auto_record/launch/auto_record.launch.py
-- Installing: /home/luis/azure_sky_ros2/install/rm_auto_record/share/ament_index/resource_index/package_run_dependencies/rm_auto_record
-- Installing: /home/luis/azure_sky_ros2/install/rm_auto_record/share/ament_index/resource_index/parent_prefix_path/rm_auto_record
-- Installing: /home/luis/azure_sky_ros2/install/rm_auto_record/share/rm_auto_record/environment/ament_prefix_path.sh
-- Installing: /home/luis/azure_sky_ros2/install/rm_auto_record/share/rm_auto_record/environment/ament_prefix_path.dsv
-- Installing: /home/luis/azure_sky_ros2/install/rm_auto_record/share/rm_auto_record/environment/path.sh
-- Installing: /home/luis/azure_sky_ros2/install/rm_auto_record/share/rm_auto_record/environment/path.dsv
-- Installing: /home/luis/azure_sky_ros2/install/rm_auto_record/share/rm_auto_record/local_setup.bash
-- Installing: /home/luis/azure_sky_ros2/install/rm_auto_record/share/rm_auto_record/local_setup.sh
-- Installing: /home/luis/azure_sky_ros2/install/rm_auto_record/share/rm_auto_record/local_setup.zsh
-- Installing: /home/luis/azure_sky_ros2/install/rm_auto_record/share/rm_auto_record/local_setup.dsv
-- Installing: /home/luis/azure_sky_ros2/install/rm_auto_record/share/rm_auto_record/package.dsv
-- Installing: /home/luis/azure_sky_ros2/install/rm_auto_record/share/ament_index/resource_index/packages/rm_auto_record
-- Installing: /home/luis/azure_sky_ros2/install/rm_auto_record/share/ament_index/resource_index/rclcpp_components/rm_auto_record
-- Installing: /home/luis/azure_sky_ros2/install/rm_auto_record/share/rm_auto_record/cmake/ament_cmake_export_dependencies-extras.cmake
-- Installing: /home/luis/azure_sky_ros2/install/rm_auto_record/share/rm_auto_record/cmake/ament_cmake_export_include_directories-extras.cmake
-- Installing: /home/luis/azure_sky_ros2/install/rm_auto_record/share/rm_auto_record/cmake/ament_cmake_export_libraries-extras.cmake
-- Installing: /home/luis/azure_sky_ros2/install/rm_auto_record/share/rm_auto_record/cmake/rm_auto_recordConfig.cmake
-- Installing: /home/luis/azure_sky_ros2/install/rm_auto_record/share/rm_auto_record/cmake/rm_auto_recordConfig-version.cmake
-- Installing: /home/luis/azure_sky_ros2/install/rm_auto_record/share/rm_auto_record/package.xml
