[0.060s] Invoking command in '/home/luis/azure_sky_ros2/build/rm_auto_record': CMAKE_PREFIX_PATH=/opt/ros/humble /usr/bin/cmake --build /home/luis/azure_sky_ros2/build/rm_auto_record -- -j12 -l12
[0.241s] [35m[1mConsolidate compiler generated dependencies of target rm_auto_record_node[0m
[0.267s] [ 25%] [32mBuilding CXX object CMakeFiles/rm_auto_record.dir/src/record_node.cpp.o[0m
[0.372s] [ 75%] Built target rm_auto_record_node
[16.030s] [100%] [32m[1mLinking CXX shared library librm_auto_record.so[0m
[16.991s] [100%] Built target rm_auto_record
[17.019s] Invoked command in '/home/luis/azure_sky_ros2/build/rm_auto_record' returned '0': CMAKE_PREFIX_PATH=/opt/ros/humble /usr/bin/cmake --build /home/luis/azure_sky_ros2/build/rm_auto_record -- -j12 -l12
[17.022s] Invoking command in '/home/luis/azure_sky_ros2/build/rm_auto_record': CMAKE_PREFIX_PATH=/opt/ros/humble /usr/bin/cmake --install /home/luis/azure_sky_ros2/build/rm_auto_record
[17.033s] -- Install configuration: ""
[17.033s] -- Installing: /home/luis/azure_sky_ros2/install/rm_auto_record/lib/rm_auto_record/rm_auto_record_node
[17.035s] -- Set runtime path of "/home/luis/azure_sky_ros2/install/rm_auto_record/lib/rm_auto_record/rm_auto_record_node" to ""
[17.036s] -- Installing: /home/luis/azure_sky_ros2/install/rm_auto_record/include
[17.036s] -- Installing: /home/luis/azure_sky_ros2/install/rm_auto_record/include/rm_auto_record
[17.036s] -- Installing: /home/luis/azure_sky_ros2/install/rm_auto_record/include/rm_auto_record/record_node.hpp
[17.037s] -- Installing: /home/luis/azure_sky_ros2/install/rm_auto_record/share/rm_auto_record/environment/library_path.sh
[17.037s] -- Installing: /home/luis/azure_sky_ros2/install/rm_auto_record/share/rm_auto_record/environment/library_path.dsv
[17.038s] -- Installing: /home/luis/azure_sky_ros2/install/rm_auto_record/lib/librm_auto_record.so
[17.053s] -- Set runtime path of "/home/luis/azure_sky_ros2/install/rm_auto_record/lib/librm_auto_record.so" to ""
[17.053s] -- Installing: /home/luis/azure_sky_ros2/install/rm_auto_record/share/rm_auto_record/config
[17.053s] -- Installing: /home/luis/azure_sky_ros2/install/rm_auto_record/share/rm_auto_record/config/node_params.yaml
[17.053s] -- Installing: /home/luis/azure_sky_ros2/install/rm_auto_record/share/rm_auto_record/launch
[17.053s] -- Installing: /home/luis/azure_sky_ros2/install/rm_auto_record/share/rm_auto_record/launch/auto_record.launch.py
[17.054s] -- Installing: /home/luis/azure_sky_ros2/install/rm_auto_record/share/ament_index/resource_index/package_run_dependencies/rm_auto_record
[17.054s] -- Installing: /home/luis/azure_sky_ros2/install/rm_auto_record/share/ament_index/resource_index/parent_prefix_path/rm_auto_record
[17.054s] -- Installing: /home/luis/azure_sky_ros2/install/rm_auto_record/share/rm_auto_record/environment/ament_prefix_path.sh
[17.055s] -- Installing: /home/luis/azure_sky_ros2/install/rm_auto_record/share/rm_auto_record/environment/ament_prefix_path.dsv
[17.055s] -- Installing: /home/luis/azure_sky_ros2/install/rm_auto_record/share/rm_auto_record/environment/path.sh
[17.055s] -- Installing: /home/luis/azure_sky_ros2/install/rm_auto_record/share/rm_auto_record/environment/path.dsv
[17.055s] -- Installing: /home/luis/azure_sky_ros2/install/rm_auto_record/share/rm_auto_record/local_setup.bash
[17.055s] -- Installing: /home/luis/azure_sky_ros2/install/rm_auto_record/share/rm_auto_record/local_setup.sh
[17.055s] -- Installing: /home/luis/azure_sky_ros2/install/rm_auto_record/share/rm_auto_record/local_setup.zsh
[17.056s] -- Installing: /home/luis/azure_sky_ros2/install/rm_auto_record/share/rm_auto_record/local_setup.dsv
[17.056s] -- Installing: /home/luis/azure_sky_ros2/install/rm_auto_record/share/rm_auto_record/package.dsv
[17.056s] -- Installing: /home/luis/azure_sky_ros2/install/rm_auto_record/share/ament_index/resource_index/packages/rm_auto_record
[17.056s] -- Installing: /home/luis/azure_sky_ros2/install/rm_auto_record/share/ament_index/resource_index/rclcpp_components/rm_auto_record
[17.056s] -- Installing: /home/luis/azure_sky_ros2/install/rm_auto_record/share/rm_auto_record/cmake/ament_cmake_export_dependencies-extras.cmake
[17.057s] -- Installing: /home/luis/azure_sky_ros2/install/rm_auto_record/share/rm_auto_record/cmake/ament_cmake_export_include_directories-extras.cmake
[17.057s] -- Installing: /home/luis/azure_sky_ros2/install/rm_auto_record/share/rm_auto_record/cmake/ament_cmake_export_libraries-extras.cmake
[17.057s] -- Installing: /home/luis/azure_sky_ros2/install/rm_auto_record/share/rm_auto_record/cmake/rm_auto_recordConfig.cmake
[17.057s] -- Installing: /home/luis/azure_sky_ros2/install/rm_auto_record/share/rm_auto_record/cmake/rm_auto_recordConfig-version.cmake
[17.057s] -- Installing: /home/luis/azure_sky_ros2/install/rm_auto_record/share/rm_auto_record/package.xml
[17.062s] Invoked command in '/home/luis/azure_sky_ros2/build/rm_auto_record' returned '0': CMAKE_PREFIX_PATH=/opt/ros/humble /usr/bin/cmake --install /home/luis/azure_sky_ros2/build/rm_auto_record
