[0.071s] Invoking command in '/home/luis/azure_sky_ros2/build/armor_detector': AMENT_PREFIX_PATH=/home/luis/azure_sky_ros2/install/auto_aim_interfaces:${AMENT_PREFIX_PATH} CMAKE_PREFIX_PATH=/home/luis/azure_sky_ros2/install/auto_aim_interfaces:/opt/ros/humble LD_LIBRARY_PATH=/home/luis/azure_sky_ros2/install/auto_aim_interfaces/lib:/opt/MVS/lib/64:/opt/MVS/lib/32:/usr/lib/x86_64-linux-gnu/gazebo-11/plugins:/opt/ros/humble/opt/rviz_ogre_vendor/lib:/opt/ros/humble/lib/x86_64-linux-gnu:/opt/ros/humble/lib:/opt/MVS/lib/64:/opt/MVS/lib/32:/opt/MVS/lib/64:/opt/MVS/lib/32 PYTHONPATH=/home/luis/azure_sky_ros2/install/auto_aim_interfaces/local/lib/python3.10/dist-packages:${PYTHONPATH} /usr/bin/cmake --build /home/luis/azure_sky_ros2/build/armor_detector -- -j12 -l12
[0.218s] [ 13%] Built target gtest
[0.227s] [ 26%] Built target gtest_main
[0.233s] [ 40%] Built target armor_detector_node
[0.237s] [ 73%] Built target armor_detector
[0.294s] [ 86%] Built target test_number_cls
[0.304s] [100%] Built target test_node_startup
[0.383s] Invoked command in '/home/luis/azure_sky_ros2/build/armor_detector' returned '0': AMENT_PREFIX_PATH=/home/luis/azure_sky_ros2/install/auto_aim_interfaces:${AMENT_PREFIX_PATH} CMAKE_PREFIX_PATH=/home/luis/azure_sky_ros2/install/auto_aim_interfaces:/opt/ros/humble LD_LIBRARY_PATH=/home/luis/azure_sky_ros2/install/auto_aim_interfaces/lib:/opt/MVS/lib/64:/opt/MVS/lib/32:/usr/lib/x86_64-linux-gnu/gazebo-11/plugins:/opt/ros/humble/opt/rviz_ogre_vendor/lib:/opt/ros/humble/lib/x86_64-linux-gnu:/opt/ros/humble/lib:/opt/MVS/lib/64:/opt/MVS/lib/32:/opt/MVS/lib/64:/opt/MVS/lib/32 PYTHONPATH=/home/luis/azure_sky_ros2/install/auto_aim_interfaces/local/lib/python3.10/dist-packages:${PYTHONPATH} /usr/bin/cmake --build /home/luis/azure_sky_ros2/build/armor_detector -- -j12 -l12
[0.386s] Invoking command in '/home/luis/azure_sky_ros2/build/armor_detector': AMENT_PREFIX_PATH=/home/luis/azure_sky_ros2/install/auto_aim_interfaces:${AMENT_PREFIX_PATH} CMAKE_PREFIX_PATH=/home/luis/azure_sky_ros2/install/auto_aim_interfaces:/opt/ros/humble LD_LIBRARY_PATH=/home/luis/azure_sky_ros2/install/auto_aim_interfaces/lib:/opt/MVS/lib/64:/opt/MVS/lib/32:/usr/lib/x86_64-linux-gnu/gazebo-11/plugins:/opt/ros/humble/opt/rviz_ogre_vendor/lib:/opt/ros/humble/lib/x86_64-linux-gnu:/opt/ros/humble/lib:/opt/MVS/lib/64:/opt/MVS/lib/32:/opt/MVS/lib/64:/opt/MVS/lib/32 PYTHONPATH=/home/luis/azure_sky_ros2/install/auto_aim_interfaces/local/lib/python3.10/dist-packages:${PYTHONPATH} /usr/bin/cmake --install /home/luis/azure_sky_ros2/build/armor_detector
[0.398s] -- Install configuration: ""
[0.399s] -- Up-to-date: /home/luis/azure_sky_ros2/install/armor_detector/lib/armor_detector/armor_detector_node
[0.399s] -- Up-to-date: /home/luis/azure_sky_ros2/install/armor_detector/include
[0.399s] -- Up-to-date: /home/luis/azure_sky_ros2/install/armor_detector/include/armor_detector
[0.399s] -- Up-to-date: /home/luis/azure_sky_ros2/install/armor_detector/include/armor_detector/pnp_solver.hpp
[0.399s] -- Up-to-date: /home/luis/azure_sky_ros2/install/armor_detector/include/armor_detector/number_classifier.hpp
[0.400s] -- Up-to-date: /home/luis/azure_sky_ros2/install/armor_detector/include/armor_detector/armor.hpp
[0.400s] -- Up-to-date: /home/luis/azure_sky_ros2/install/armor_detector/include/armor_detector/detector.hpp
[0.400s] -- Up-to-date: /home/luis/azure_sky_ros2/install/armor_detector/include/armor_detector/detector_node.hpp
[0.400s] -- Up-to-date: /home/luis/azure_sky_ros2/install/armor_detector/share/armor_detector/environment/library_path.sh
[0.401s] -- Up-to-date: /home/luis/azure_sky_ros2/install/armor_detector/share/armor_detector/environment/library_path.dsv
[0.401s] -- Up-to-date: /home/luis/azure_sky_ros2/install/armor_detector/lib/libarmor_detector.so
[0.401s] -- Up-to-date: /home/luis/azure_sky_ros2/install/armor_detector/share/armor_detector/model
[0.403s] -- Up-to-date: /home/luis/azure_sky_ros2/install/armor_detector/share/armor_detector/model/label.txt
[0.403s] -- Up-to-date: /home/luis/azure_sky_ros2/install/armor_detector/share/armor_detector/model/mlp.onnx
[0.403s] -- Up-to-date: /home/luis/azure_sky_ros2/install/armor_detector/share/ament_index/resource_index/package_run_dependencies/armor_detector
[0.403s] -- Up-to-date: /home/luis/azure_sky_ros2/install/armor_detector/share/ament_index/resource_index/parent_prefix_path/armor_detector
[0.404s] -- Up-to-date: /home/luis/azure_sky_ros2/install/armor_detector/share/armor_detector/environment/ament_prefix_path.sh
[0.404s] -- Up-to-date: /home/luis/azure_sky_ros2/install/armor_detector/share/armor_detector/environment/ament_prefix_path.dsv
[0.404s] -- Up-to-date: /home/luis/azure_sky_ros2/install/armor_detector/share/armor_detector/environment/path.sh
[0.404s] -- Up-to-date: /home/luis/azure_sky_ros2/install/armor_detector/share/armor_detector/environment/path.dsv
[0.404s] -- Up-to-date: /home/luis/azure_sky_ros2/install/armor_detector/share/armor_detector/local_setup.bash
[0.404s] -- Up-to-date: /home/luis/azure_sky_ros2/install/armor_detector/share/armor_detector/local_setup.sh
[0.404s] -- Up-to-date: /home/luis/azure_sky_ros2/install/armor_detector/share/armor_detector/local_setup.zsh
[0.405s] -- Up-to-date: /home/luis/azure_sky_ros2/install/armor_detector/share/armor_detector/local_setup.dsv
[0.405s] -- Installing: /home/luis/azure_sky_ros2/install/armor_detector/share/armor_detector/package.dsv
[0.405s] -- Up-to-date: /home/luis/azure_sky_ros2/install/armor_detector/share/ament_index/resource_index/packages/armor_detector
[0.405s] -- Up-to-date: /home/luis/azure_sky_ros2/install/armor_detector/share/ament_index/resource_index/rclcpp_components/armor_detector
[0.405s] -- Up-to-date: /home/luis/azure_sky_ros2/install/armor_detector/share/armor_detector/cmake/ament_cmake_export_dependencies-extras.cmake
[0.405s] -- Up-to-date: /home/luis/azure_sky_ros2/install/armor_detector/share/armor_detector/cmake/ament_cmake_export_include_directories-extras.cmake
[0.405s] -- Up-to-date: /home/luis/azure_sky_ros2/install/armor_detector/share/armor_detector/cmake/ament_cmake_export_libraries-extras.cmake
[0.406s] -- Up-to-date: /home/luis/azure_sky_ros2/install/armor_detector/share/armor_detector/cmake/armor_detectorConfig.cmake
[0.406s] -- Up-to-date: /home/luis/azure_sky_ros2/install/armor_detector/share/armor_detector/cmake/armor_detectorConfig-version.cmake
[0.406s] -- Up-to-date: /home/luis/azure_sky_ros2/install/armor_detector/share/armor_detector/package.xml
[0.447s] Invoked command in '/home/luis/azure_sky_ros2/build/armor_detector' returned '0': AMENT_PREFIX_PATH=/home/luis/azure_sky_ros2/install/auto_aim_interfaces:${AMENT_PREFIX_PATH} CMAKE_PREFIX_PATH=/home/luis/azure_sky_ros2/install/auto_aim_interfaces:/opt/ros/humble LD_LIBRARY_PATH=/home/luis/azure_sky_ros2/install/auto_aim_interfaces/lib:/opt/MVS/lib/64:/opt/MVS/lib/32:/usr/lib/x86_64-linux-gnu/gazebo-11/plugins:/opt/ros/humble/opt/rviz_ogre_vendor/lib:/opt/ros/humble/lib/x86_64-linux-gnu:/opt/ros/humble/lib:/opt/MVS/lib/64:/opt/MVS/lib/32:/opt/MVS/lib/64:/opt/MVS/lib/32 PYTHONPATH=/home/luis/azure_sky_ros2/install/auto_aim_interfaces/local/lib/python3.10/dist-packages:${PYTHONPATH} /usr/bin/cmake --install /home/luis/azure_sky_ros2/build/armor_detector
