[0.048s] Invoking command in '/home/luis/azure_sky_ros2/build/buff_tracker': CMAKE_PREFIX_PATH=/home/luis/azure_sky_ros2/install/buff_interfaces:/home/luis/azure_sky_ros2/install/autoaim_bridge:/home/luis/azure_sky_ros2/install/rm_buff:/home/luis/azure_sky_ros2/install/rm_auto_aim:/home/luis/azure_sky_ros2/install/rm_gimbal_description:/home/luis/azure_sky_ros2/install/buff_tracker:/home/luis/azure_sky_ros2/install/buff_detector:/home/luis/azure_sky_ros2/install/armor_tracker:/home/luis/azure_sky_ros2/install/armor_detector:/home/luis/azure_sky_ros2/install/tide_shooter_controller:/home/luis/azure_sky_ros2/install/tide_gimbal_controller:/home/luis/azure_sky_ros2/install/ros2_socketcan:/home/luis/azure_sky_ros2/install/tide_msgs:/home/luis/azure_sky_ros2/install/ros2_socketcan_msgs:/home/luis/azure_sky_ros2/install/auto_aim_interfaces:/home/luis/azure_sky_ros2/install/my_hardware_interface:/home/luis/azure_sky_ros2/install/serial:/home/luis/azure_sky_ros2/install/rm_auto_record:/home/luis/azure_sky_ros2/install/hik_camera:/opt/ros/humble LD_LIBRARY_PATH=/home/luis/azure_sky_ros2/install/buff_interfaces/lib:/home/luis/azure_sky_ros2/install/buff_tracker/lib:/home/luis/azure_sky_ros2/install/buff_detector/lib:/home/luis/azure_sky_ros2/install/armor_tracker/lib:/home/luis/azure_sky_ros2/install/armor_detector/lib:/home/luis/azure_sky_ros2/install/tide_shooter_controller/lib:/home/luis/azure_sky_ros2/install/tide_gimbal_controller/lib:/home/luis/azure_sky_ros2/install/ros2_socketcan/lib:/home/luis/azure_sky_ros2/install/tide_msgs/lib:/home/luis/azure_sky_ros2/install/ros2_socketcan_msgs/lib:/home/luis/azure_sky_ros2/install/auto_aim_interfaces/lib:/home/luis/azure_sky_ros2/install/my_hardware_interface/lib:/home/luis/azure_sky_ros2/install/serial/lib:/home/luis/azure_sky_ros2/install/rm_auto_record/lib:/home/luis/azure_sky_ros2/install/hik_camera/lib:/opt/MVS/lib/64:/opt/MVS/lib/32:/usr/lib/x86_64-linux-gnu/gazebo-11/plugins:/opt/ros/humble/opt/rviz_ogre_vendor/lib:/opt/ros/humble/lib/x86_64-linux-gnu:/opt/ros/humble/lib:/opt/MVS/lib/64:/opt/MVS/lib/32:/opt/MVS/lib/64:/opt/MVS/lib/32 /usr/bin/cmake /home/luis/azure_sky_ros2/src/rm_buff/buff_tracker -DCMAKE_INSTALL_PREFIX=/home/luis/azure_sky_ros2/install/buff_tracker
[0.272s] -- The C compiler identification is GNU 12.3.0
[0.554s] -- The CXX compiler identification is GNU 11.4.0
[0.587s] -- Detecting C compiler ABI info
[0.947s] -- Detecting C compiler ABI info - done
[0.994s] -- Check for working C compiler: /usr/bin/cc - skipped
[1.006s] -- Detecting C compile features
[1.006s] -- Detecting C compile features - done
[1.013s] -- Detecting CXX compiler ABI info
[1.384s] -- Detecting CXX compiler ABI info - done
[1.409s] -- Check for working CXX compiler: /usr/bin/c++ - skipped
[1.410s] -- Detecting CXX compile features
[1.410s] -- Detecting CXX compile features - done
[1.419s] -- Found ament_cmake_auto: 1.3.11 (/opt/ros/humble/share/ament_cmake_auto/cmake)
[2.144s] -- Found Python3: /usr/bin/python3 (found version "3.10.12") found components: Interpreter 
[2.524s] -- Found OpenCV: /usr (found version "4.5.4") 
[2.874s] -- Found rosidl_generator_c: 3.1.6 (/opt/ros/humble/share/rosidl_generator_c/cmake)
[2.894s] -- Found rosidl_adapter: 3.1.6 (/opt/ros/humble/share/rosidl_adapter/cmake)
[2.904s] -- Found rosidl_generator_cpp: 3.1.6 (/opt/ros/humble/share/rosidl_generator_cpp/cmake)
[2.950s] -- Using all available rosidl_typesupport_c: rosidl_typesupport_fastrtps_c;rosidl_typesupport_introspection_c
[2.990s] -- Using all available rosidl_typesupport_cpp: rosidl_typesupport_fastrtps_cpp;rosidl_typesupport_introspection_cpp
[3.085s] -- Found rmw_implementation_cmake: 6.1.2 (/opt/ros/humble/share/rmw_implementation_cmake/cmake)
[3.088s] -- Found rmw_fastrtps_cpp: 6.2.7 (/opt/ros/humble/share/rmw_fastrtps_cpp/cmake)
[3.486s] -- Found OpenSSL: /usr/lib/x86_64-linux-gnu/libcrypto.so (found version "3.0.2")  
[3.614s] -- Found FastRTPS: /opt/ros/humble/include  
[3.753s] -- Using RMW implementation 'rmw_fastrtps_cpp' as default
[3.780s] -- Looking for pthread.h
[4.102s] -- Looking for pthread.h - found
[4.104s] -- Performing Test CMAKE_HAVE_LIBC_PTHREAD
[4.448s] -- Performing Test CMAKE_HAVE_LIBC_PTHREAD - Success
[4.456s] -- Found Threads: TRUE  
[5.268s] -- Found eigen3_cmake_module: 0.1.1 (/opt/ros/humble/share/eigen3_cmake_module/cmake)
[5.278s] -- Found Eigen3: TRUE (found version "3.4.0") 
[5.278s] -- Ensuring Eigen3 include directory is part of orocos-kdl CMake target
[5.696s] -- Found ament_lint_auto: 0.12.12 (/opt/ros/humble/share/ament_lint_auto/cmake)
[5.790s] -- Added test 'cppcheck' to perform static code analysis on C / C++ code
[5.790s] -- Configured cppcheck include dirs: /home/luis/azure_sky_ros2/src/rm_buff/buff_tracker/include
[5.790s] -- Configured cppcheck exclude dirs and/or files: 
[5.795s] -- Added test 'lint_cmake' to check CMake code style
[5.802s] -- Added test 'xmllint' to check XML markup files
[5.812s] -- Configuring done
[5.911s] -- Generating done
[5.938s] -- Build files have been written to: /home/luis/azure_sky_ros2/build/buff_tracker
[6.027s] Invoked command in '/home/luis/azure_sky_ros2/build/buff_tracker' returned '0': CMAKE_PREFIX_PATH=/home/luis/azure_sky_ros2/install/buff_interfaces:/home/luis/azure_sky_ros2/install/autoaim_bridge:/home/luis/azure_sky_ros2/install/rm_buff:/home/luis/azure_sky_ros2/install/rm_auto_aim:/home/luis/azure_sky_ros2/install/rm_gimbal_description:/home/luis/azure_sky_ros2/install/buff_tracker:/home/luis/azure_sky_ros2/install/buff_detector:/home/luis/azure_sky_ros2/install/armor_tracker:/home/luis/azure_sky_ros2/install/armor_detector:/home/luis/azure_sky_ros2/install/tide_shooter_controller:/home/luis/azure_sky_ros2/install/tide_gimbal_controller:/home/luis/azure_sky_ros2/install/ros2_socketcan:/home/luis/azure_sky_ros2/install/tide_msgs:/home/luis/azure_sky_ros2/install/ros2_socketcan_msgs:/home/luis/azure_sky_ros2/install/auto_aim_interfaces:/home/luis/azure_sky_ros2/install/my_hardware_interface:/home/luis/azure_sky_ros2/install/serial:/home/luis/azure_sky_ros2/install/rm_auto_record:/home/luis/azure_sky_ros2/install/hik_camera:/opt/ros/humble LD_LIBRARY_PATH=/home/luis/azure_sky_ros2/install/buff_interfaces/lib:/home/luis/azure_sky_ros2/install/buff_tracker/lib:/home/luis/azure_sky_ros2/install/buff_detector/lib:/home/luis/azure_sky_ros2/install/armor_tracker/lib:/home/luis/azure_sky_ros2/install/armor_detector/lib:/home/luis/azure_sky_ros2/install/tide_shooter_controller/lib:/home/luis/azure_sky_ros2/install/tide_gimbal_controller/lib:/home/luis/azure_sky_ros2/install/ros2_socketcan/lib:/home/luis/azure_sky_ros2/install/tide_msgs/lib:/home/luis/azure_sky_ros2/install/ros2_socketcan_msgs/lib:/home/luis/azure_sky_ros2/install/auto_aim_interfaces/lib:/home/luis/azure_sky_ros2/install/my_hardware_interface/lib:/home/luis/azure_sky_ros2/install/serial/lib:/home/luis/azure_sky_ros2/install/rm_auto_record/lib:/home/luis/azure_sky_ros2/install/hik_camera/lib:/opt/MVS/lib/64:/opt/MVS/lib/32:/usr/lib/x86_64-linux-gnu/gazebo-11/plugins:/opt/ros/humble/opt/rviz_ogre_vendor/lib:/opt/ros/humble/lib/x86_64-linux-gnu:/opt/ros/humble/lib:/opt/MVS/lib/64:/opt/MVS/lib/32:/opt/MVS/lib/64:/opt/MVS/lib/32 /usr/bin/cmake /home/luis/azure_sky_ros2/src/rm_buff/buff_tracker -DCMAKE_INSTALL_PREFIX=/home/luis/azure_sky_ros2/install/buff_tracker
[6.028s] Invoking command in '/home/luis/azure_sky_ros2/build/buff_tracker': CMAKE_PREFIX_PATH=/home/luis/azure_sky_ros2/install/buff_interfaces:/home/luis/azure_sky_ros2/install/autoaim_bridge:/home/luis/azure_sky_ros2/install/rm_buff:/home/luis/azure_sky_ros2/install/rm_auto_aim:/home/luis/azure_sky_ros2/install/rm_gimbal_description:/home/luis/azure_sky_ros2/install/buff_tracker:/home/luis/azure_sky_ros2/install/buff_detector:/home/luis/azure_sky_ros2/install/armor_tracker:/home/luis/azure_sky_ros2/install/armor_detector:/home/luis/azure_sky_ros2/install/tide_shooter_controller:/home/luis/azure_sky_ros2/install/tide_gimbal_controller:/home/luis/azure_sky_ros2/install/ros2_socketcan:/home/luis/azure_sky_ros2/install/tide_msgs:/home/luis/azure_sky_ros2/install/ros2_socketcan_msgs:/home/luis/azure_sky_ros2/install/auto_aim_interfaces:/home/luis/azure_sky_ros2/install/my_hardware_interface:/home/luis/azure_sky_ros2/install/serial:/home/luis/azure_sky_ros2/install/rm_auto_record:/home/luis/azure_sky_ros2/install/hik_camera:/opt/ros/humble LD_LIBRARY_PATH=/home/luis/azure_sky_ros2/install/buff_interfaces/lib:/home/luis/azure_sky_ros2/install/buff_tracker/lib:/home/luis/azure_sky_ros2/install/buff_detector/lib:/home/luis/azure_sky_ros2/install/armor_tracker/lib:/home/luis/azure_sky_ros2/install/armor_detector/lib:/home/luis/azure_sky_ros2/install/tide_shooter_controller/lib:/home/luis/azure_sky_ros2/install/tide_gimbal_controller/lib:/home/luis/azure_sky_ros2/install/ros2_socketcan/lib:/home/luis/azure_sky_ros2/install/tide_msgs/lib:/home/luis/azure_sky_ros2/install/ros2_socketcan_msgs/lib:/home/luis/azure_sky_ros2/install/auto_aim_interfaces/lib:/home/luis/azure_sky_ros2/install/my_hardware_interface/lib:/home/luis/azure_sky_ros2/install/serial/lib:/home/luis/azure_sky_ros2/install/rm_auto_record/lib:/home/luis/azure_sky_ros2/install/hik_camera/lib:/opt/MVS/lib/64:/opt/MVS/lib/32:/usr/lib/x86_64-linux-gnu/gazebo-11/plugins:/opt/ros/humble/opt/rviz_ogre_vendor/lib:/opt/ros/humble/lib/x86_64-linux-gnu:/opt/ros/humble/lib:/opt/MVS/lib/64:/opt/MVS/lib/32:/opt/MVS/lib/64:/opt/MVS/lib/32 /usr/bin/cmake --build /home/luis/azure_sky_ros2/build/buff_tracker -- -j12 -l12
[6.220s] [ 14%] [32mBuilding CXX object CMakeFiles/buff_tracker_node.dir/rclcpp_components/node_main_buff_tracker_node.cpp.o[0m
[6.230s] [ 42%] [32mBuilding CXX object CMakeFiles/buff_tracker.dir/src/extended_kalman_filter.cpp.o[0m
[6.230s] [ 42%] [32mBuilding CXX object CMakeFiles/buff_tracker.dir/src/gauss_newton_solver.cpp.o[0m
[6.239s] [ 57%] [32mBuilding CXX object CMakeFiles/buff_tracker.dir/src/tracker.cpp.o[0m
[6.263s] [ 71%] [32mBuilding CXX object CMakeFiles/buff_tracker.dir/src/tracker_node.cpp.o[0m
