[0.034s] Invoking command in '/home/luis/workshop_ws/build/controlko_bringup': CMAKE_PREFIX_PATH=/home/luis/workshop_ws/install/tide_shooter_controller:/home/luis/workshop_ws/install/tide_gimbal_controller:/home/luis/workshop_ws/install/tide_msgs:/home/luis/workshop_ws/install/controlko_description:/home/luis/workshop_ws/install/my_hardware_interface:/home/luis/workshop_ws/install/serial:/home/luis/workshop_ws/install/roscon2022_control_workshop:/home/luis/workshop_ws/install/ros2_socketcan:/home/luis/workshop_ws/install/ros2_socketcan_msgs:/home/luis/workshop_ws/install/controlko_hardware_interface:/home/luis/workshop_ws/install/controlko_bringup:/home/luis/workshop_ws/install/controlko_controllers:/opt/ros/humble /usr/bin/cmake /home/luis/workshop_ws/src/controlko_bringup -DCMAKE_INSTALL_PREFIX=/home/luis/workshop_ws/install/controlko_bringup
[0.059s] -- Found ament_cmake: 1.3.11 (/opt/ros/humble/share/ament_cmake/cmake)
[0.234s] -- Override CMake install command with custom implementation using symlinks instead of copying resources
[0.252s] -- Found ament_lint_auto: 0.12.12 (/opt/ros/humble/share/ament_lint_auto/cmake)
[0.368s] -- Added test 'flake8' to check Python code syntax and style conventions
[0.369s] -- Added test 'lint_cmake' to check CMake code style
[0.370s] -- Added test 'pep257' to check Python code against some of the docstring style conventions in PEP 257
[0.373s] -- Added test 'xmllint' to check XML markup files
[0.376s] -- Configuring done
[0.385s] -- Generating done
[0.388s] -- Build files have been written to: /home/luis/workshop_ws/build/controlko_bringup
[0.395s] Invoked command in '/home/luis/workshop_ws/build/controlko_bringup' returned '0': CMAKE_PREFIX_PATH=/home/luis/workshop_ws/install/tide_shooter_controller:/home/luis/workshop_ws/install/tide_gimbal_controller:/home/luis/workshop_ws/install/tide_msgs:/home/luis/workshop_ws/install/controlko_description:/home/luis/workshop_ws/install/my_hardware_interface:/home/luis/workshop_ws/install/serial:/home/luis/workshop_ws/install/roscon2022_control_workshop:/home/luis/workshop_ws/install/ros2_socketcan:/home/luis/workshop_ws/install/ros2_socketcan_msgs:/home/luis/workshop_ws/install/controlko_hardware_interface:/home/luis/workshop_ws/install/controlko_bringup:/home/luis/workshop_ws/install/controlko_controllers:/opt/ros/humble /usr/bin/cmake /home/luis/workshop_ws/src/controlko_bringup -DCMAKE_INSTALL_PREFIX=/home/luis/workshop_ws/install/controlko_bringup
[0.398s] Invoking command in '/home/luis/workshop_ws/build/controlko_bringup': CMAKE_PREFIX_PATH=/home/luis/workshop_ws/install/tide_shooter_controller:/home/luis/workshop_ws/install/tide_gimbal_controller:/home/luis/workshop_ws/install/tide_msgs:/home/luis/workshop_ws/install/controlko_description:/home/luis/workshop_ws/install/my_hardware_interface:/home/luis/workshop_ws/install/serial:/home/luis/workshop_ws/install/roscon2022_control_workshop:/home/luis/workshop_ws/install/ros2_socketcan:/home/luis/workshop_ws/install/ros2_socketcan_msgs:/home/luis/workshop_ws/install/controlko_hardware_interface:/home/luis/workshop_ws/install/controlko_bringup:/home/luis/workshop_ws/install/controlko_controllers:/opt/ros/humble /usr/bin/cmake --build /home/luis/workshop_ws/build/controlko_bringup -- -j12 -l12
[0.483s] Invoked command in '/home/luis/workshop_ws/build/controlko_bringup' returned '0': CMAKE_PREFIX_PATH=/home/luis/workshop_ws/install/tide_shooter_controller:/home/luis/workshop_ws/install/tide_gimbal_controller:/home/luis/workshop_ws/install/tide_msgs:/home/luis/workshop_ws/install/controlko_description:/home/luis/workshop_ws/install/my_hardware_interface:/home/luis/workshop_ws/install/serial:/home/luis/workshop_ws/install/roscon2022_control_workshop:/home/luis/workshop_ws/install/ros2_socketcan:/home/luis/workshop_ws/install/ros2_socketcan_msgs:/home/luis/workshop_ws/install/controlko_hardware_interface:/home/luis/workshop_ws/install/controlko_bringup:/home/luis/workshop_ws/install/controlko_controllers:/opt/ros/humble /usr/bin/cmake --build /home/luis/workshop_ws/build/controlko_bringup -- -j12 -l12
[0.485s] Invoking command in '/home/luis/workshop_ws/build/controlko_bringup': CMAKE_PREFIX_PATH=/home/luis/workshop_ws/install/tide_shooter_controller:/home/luis/workshop_ws/install/tide_gimbal_controller:/home/luis/workshop_ws/install/tide_msgs:/home/luis/workshop_ws/install/controlko_description:/home/luis/workshop_ws/install/my_hardware_interface:/home/luis/workshop_ws/install/serial:/home/luis/workshop_ws/install/roscon2022_control_workshop:/home/luis/workshop_ws/install/ros2_socketcan:/home/luis/workshop_ws/install/ros2_socketcan_msgs:/home/luis/workshop_ws/install/controlko_hardware_interface:/home/luis/workshop_ws/install/controlko_bringup:/home/luis/workshop_ws/install/controlko_controllers:/opt/ros/humble /usr/bin/cmake --install /home/luis/workshop_ws/build/controlko_bringup
[0.499s] -- Install configuration: ""
[0.500s] -- Execute custom install script
[0.500s] -- Up-to-date symlink: /home/luis/workshop_ws/install/controlko_bringup/share/controlko_bringup/config/rrbot_controllers.yaml
[0.500s] -- Up-to-date symlink: /home/luis/workshop_ws/install/controlko_bringup/share/controlko_bringup/config/soho-12_controllers.yaml
[0.501s] -- Up-to-date symlink: /home/luis/workshop_ws/install/controlko_bringup/share/controlko_bringup/config/test_goal_publishers_config.yaml
[0.501s] -- Up-to-date symlink: /home/luis/workshop_ws/install/controlko_bringup/share/controlko_bringup/rrbot.launch.py
[0.501s] -- Up-to-date symlink: /home/luis/workshop_ws/install/controlko_bringup/share/controlko_bringup/rrbot_real.launch.py
[0.501s] -- Up-to-date symlink: /home/luis/workshop_ws/install/controlko_bringup/share/controlko_bringup/rrbot_sim_gazebo.launch.py
[0.502s] -- Up-to-date symlink: /home/luis/workshop_ws/install/controlko_bringup/share/controlko_bringup/rrbot_sim_gazebo_classic.launch.py
[0.502s] -- Up-to-date symlink: /home/luis/workshop_ws/install/controlko_bringup/share/controlko_bringup/soho-12.launch.py
[0.502s] -- Up-to-date symlink: /home/luis/workshop_ws/install/controlko_bringup/share/controlko_bringup/test_forward_position_controller.launch.py
[0.502s] -- Up-to-date symlink: /home/luis/workshop_ws/install/controlko_bringup/share/controlko_bringup/test_joint_trajectory_controller.launch.py
[0.503s] -- Up-to-date symlink: /home/luis/workshop_ws/install/controlko_bringup/share/ament_index/resource_index/package_run_dependencies/controlko_bringup
[0.503s] -- Up-to-date symlink: /home/luis/workshop_ws/install/controlko_bringup/share/ament_index/resource_index/parent_prefix_path/controlko_bringup
[0.503s] -- Up-to-date symlink: /home/luis/workshop_ws/install/controlko_bringup/share/controlko_bringup/environment/ament_prefix_path.sh
[0.504s] -- Up-to-date symlink: /home/luis/workshop_ws/install/controlko_bringup/share/controlko_bringup/environment/ament_prefix_path.dsv
[0.504s] -- Up-to-date symlink: /home/luis/workshop_ws/install/controlko_bringup/share/controlko_bringup/environment/path.sh
[0.504s] -- Up-to-date symlink: /home/luis/workshop_ws/install/controlko_bringup/share/controlko_bringup/environment/path.dsv
[0.505s] -- Up-to-date symlink: /home/luis/workshop_ws/install/controlko_bringup/share/controlko_bringup/local_setup.bash
[0.505s] -- Up-to-date symlink: /home/luis/workshop_ws/install/controlko_bringup/share/controlko_bringup/local_setup.sh
[0.506s] -- Up-to-date symlink: /home/luis/workshop_ws/install/controlko_bringup/share/controlko_bringup/local_setup.zsh
[0.506s] -- Up-to-date symlink: /home/luis/workshop_ws/install/controlko_bringup/share/controlko_bringup/local_setup.dsv
[0.506s] -- Symlinking: /home/luis/workshop_ws/install/controlko_bringup/share/controlko_bringup/package.dsv
[0.528s] -- Up-to-date symlink: /home/luis/workshop_ws/install/controlko_bringup/share/ament_index/resource_index/packages/controlko_bringup
[0.528s] -- Up-to-date symlink: /home/luis/workshop_ws/install/controlko_bringup/share/controlko_bringup/cmake/controlko_bringupConfig.cmake
[0.528s] -- Up-to-date symlink: /home/luis/workshop_ws/install/controlko_bringup/share/controlko_bringup/cmake/controlko_bringupConfig-version.cmake
[0.528s] -- Up-to-date symlink: /home/luis/workshop_ws/install/controlko_bringup/share/controlko_bringup/package.xml
[0.534s] Invoked command in '/home/luis/workshop_ws/build/controlko_bringup' returned '0': CMAKE_PREFIX_PATH=/home/luis/workshop_ws/install/tide_shooter_controller:/home/luis/workshop_ws/install/tide_gimbal_controller:/home/luis/workshop_ws/install/tide_msgs:/home/luis/workshop_ws/install/controlko_description:/home/luis/workshop_ws/install/my_hardware_interface:/home/luis/workshop_ws/install/serial:/home/luis/workshop_ws/install/roscon2022_control_workshop:/home/luis/workshop_ws/install/ros2_socketcan:/home/luis/workshop_ws/install/ros2_socketcan_msgs:/home/luis/workshop_ws/install/controlko_hardware_interface:/home/luis/workshop_ws/install/controlko_bringup:/home/luis/workshop_ws/install/controlko_controllers:/opt/ros/humble /usr/bin/cmake --install /home/luis/workshop_ws/build/controlko_bringup
