[0.033s] Invoking command in '/home/luis/workshop_ws/build/roscon2022_control_workshop': CMAKE_PREFIX_PATH=${CMAKE_PREFIX_PATH}:/opt/ros/humble /usr/bin/cmake --build /home/luis/workshop_ws/build/roscon2022_control_workshop -- -j12 -l12
[0.096s] Invoked command in '/home/luis/workshop_ws/build/roscon2022_control_workshop' returned '0': CMAKE_PREFIX_PATH=${CMAKE_PREFIX_PATH}:/opt/ros/humble /usr/bin/cmake --build /home/luis/workshop_ws/build/roscon2022_control_workshop -- -j12 -l12
[0.098s] Invoking command in '/home/luis/workshop_ws/build/roscon2022_control_workshop': CMAKE_PREFIX_PATH=${CMAKE_PREFIX_PATH}:/opt/ros/humble /usr/bin/cmake --install /home/luis/workshop_ws/build/roscon2022_control_workshop
[0.114s] -- Install configuration: ""
[0.115s] -- Execute custom install script
[0.115s] -- Up-to-date symlink: /home/luis/workshop_ws/install/roscon2022_control_workshop/share/ament_index/resource_index/package_run_dependencies/roscon2022_control_workshop
[0.116s] -- Up-to-date symlink: /home/luis/workshop_ws/install/roscon2022_control_workshop/share/ament_index/resource_index/parent_prefix_path/roscon2022_control_workshop
[0.119s] -- Up-to-date symlink: /home/luis/workshop_ws/install/roscon2022_control_workshop/share/roscon2022_control_workshop/environment/ament_prefix_path.sh
[0.119s] -- Up-to-date symlink: /home/luis/workshop_ws/install/roscon2022_control_workshop/share/roscon2022_control_workshop/environment/ament_prefix_path.dsv
[0.119s] -- Up-to-date symlink: /home/luis/workshop_ws/install/roscon2022_control_workshop/share/roscon2022_control_workshop/environment/path.sh
[0.119s] -- Up-to-date symlink: /home/luis/workshop_ws/install/roscon2022_control_workshop/share/roscon2022_control_workshop/environment/path.dsv
[0.119s] -- Up-to-date symlink: /home/luis/workshop_ws/install/roscon2022_control_workshop/share/roscon2022_control_workshop/local_setup.bash
[0.119s] -- Up-to-date symlink: /home/luis/workshop_ws/install/roscon2022_control_workshop/share/roscon2022_control_workshop/local_setup.sh
[0.120s] -- Up-to-date symlink: /home/luis/workshop_ws/install/roscon2022_control_workshop/share/roscon2022_control_workshop/local_setup.zsh
[0.120s] -- Up-to-date symlink: /home/luis/workshop_ws/install/roscon2022_control_workshop/share/roscon2022_control_workshop/local_setup.dsv
[0.122s] -- Symlinking: /home/luis/workshop_ws/install/roscon2022_control_workshop/share/roscon2022_control_workshop/package.dsv
[0.147s] -- Up-to-date symlink: /home/luis/workshop_ws/install/roscon2022_control_workshop/share/ament_index/resource_index/packages/roscon2022_control_workshop
[0.148s] -- Up-to-date symlink: /home/luis/workshop_ws/install/roscon2022_control_workshop/share/roscon2022_control_workshop/cmake/roscon2022_control_workshopConfig.cmake
[0.148s] -- Up-to-date symlink: /home/luis/workshop_ws/install/roscon2022_control_workshop/share/roscon2022_control_workshop/cmake/roscon2022_control_workshopConfig-version.cmake
[0.148s] -- Up-to-date symlink: /home/luis/workshop_ws/install/roscon2022_control_workshop/share/roscon2022_control_workshop/package.xml
[0.190s] Invoked command in '/home/luis/workshop_ws/build/roscon2022_control_workshop' returned '0': CMAKE_PREFIX_PATH=${CMAKE_PREFIX_PATH}:/opt/ros/humble /usr/bin/cmake --install /home/luis/workshop_ws/build/roscon2022_control_workshop
