[0.036s] Invoking command in '/home/luis/azure_sky_ros2/build/rm_buff': AMENT_PREFIX_PATH=/home/luis/azure_sky_ros2/install/buff_tracker:/home/luis/azure_sky_ros2/install/buff_detector:/home/luis/azure_sky_ros2/install/buff_interfaces:${AMENT_PREFIX_PATH} CMAKE_PREFIX_PATH=/home/luis/azure_sky_ros2/install/buff_tracker:/home/luis/azure_sky_ros2/install/buff_detector:/home/luis/azure_sky_ros2/install/buff_interfaces:/opt/ros/humble LD_LIBRARY_PATH=/home/luis/azure_sky_ros2/install/buff_tracker/lib:/home/luis/azure_sky_ros2/install/buff_detector/lib:/home/luis/azure_sky_ros2/install/buff_interfaces/lib:/opt/MVS/lib/64:/opt/MVS/lib/32:/usr/lib/x86_64-linux-gnu/gazebo-11/plugins:/opt/ros/humble/opt/rviz_ogre_vendor/lib:/opt/ros/humble/lib/x86_64-linux-gnu:/opt/ros/humble/lib:/opt/MVS/lib/64:/opt/MVS/lib/32:/opt/MVS/lib/64:/opt/MVS/lib/32 PYTHONPATH=/home/luis/azure_sky_ros2/install/buff_interfaces/local/lib/python3.10/dist-packages:${PYTHONPATH} /usr/bin/cmake --build /home/luis/azure_sky_ros2/build/rm_buff -- -j12 -l12
[0.099s] -- Found ament_cmake_auto: 1.3.11 (/opt/ros/humble/share/ament_cmake_auto/cmake)
[0.277s] -- Found ament_lint_auto: 0.12.12 (/opt/ros/humble/share/ament_lint_auto/cmake)
[0.368s] -- Added test 'lint_cmake' to check CMake code style
[0.369s] -- Added test 'xmllint' to check XML markup files
[0.370s] -- Configuring done
[0.377s] -- Generating done
[0.379s] -- Build files have been written to: /home/luis/azure_sky_ros2/build/rm_buff
[0.429s] Invoked command in '/home/luis/azure_sky_ros2/build/rm_buff' returned '0': AMENT_PREFIX_PATH=/home/luis/azure_sky_ros2/install/buff_tracker:/home/luis/azure_sky_ros2/install/buff_detector:/home/luis/azure_sky_ros2/install/buff_interfaces:${AMENT_PREFIX_PATH} CMAKE_PREFIX_PATH=/home/luis/azure_sky_ros2/install/buff_tracker:/home/luis/azure_sky_ros2/install/buff_detector:/home/luis/azure_sky_ros2/install/buff_interfaces:/opt/ros/humble LD_LIBRARY_PATH=/home/luis/azure_sky_ros2/install/buff_tracker/lib:/home/luis/azure_sky_ros2/install/buff_detector/lib:/home/luis/azure_sky_ros2/install/buff_interfaces/lib:/opt/MVS/lib/64:/opt/MVS/lib/32:/usr/lib/x86_64-linux-gnu/gazebo-11/plugins:/opt/ros/humble/opt/rviz_ogre_vendor/lib:/opt/ros/humble/lib/x86_64-linux-gnu:/opt/ros/humble/lib:/opt/MVS/lib/64:/opt/MVS/lib/32:/opt/MVS/lib/64:/opt/MVS/lib/32 PYTHONPATH=/home/luis/azure_sky_ros2/install/buff_interfaces/local/lib/python3.10/dist-packages:${PYTHONPATH} /usr/bin/cmake --build /home/luis/azure_sky_ros2/build/rm_buff -- -j12 -l12
[0.432s] Invoking command in '/home/luis/azure_sky_ros2/build/rm_buff': AMENT_PREFIX_PATH=/home/luis/azure_sky_ros2/install/buff_tracker:/home/luis/azure_sky_ros2/install/buff_detector:/home/luis/azure_sky_ros2/install/buff_interfaces:${AMENT_PREFIX_PATH} CMAKE_PREFIX_PATH=/home/luis/azure_sky_ros2/install/buff_tracker:/home/luis/azure_sky_ros2/install/buff_detector:/home/luis/azure_sky_ros2/install/buff_interfaces:/opt/ros/humble LD_LIBRARY_PATH=/home/luis/azure_sky_ros2/install/buff_tracker/lib:/home/luis/azure_sky_ros2/install/buff_detector/lib:/home/luis/azure_sky_ros2/install/buff_interfaces/lib:/opt/MVS/lib/64:/opt/MVS/lib/32:/usr/lib/x86_64-linux-gnu/gazebo-11/plugins:/opt/ros/humble/opt/rviz_ogre_vendor/lib:/opt/ros/humble/lib/x86_64-linux-gnu:/opt/ros/humble/lib:/opt/MVS/lib/64:/opt/MVS/lib/32:/opt/MVS/lib/64:/opt/MVS/lib/32 PYTHONPATH=/home/luis/azure_sky_ros2/install/buff_interfaces/local/lib/python3.10/dist-packages:${PYTHONPATH} /usr/bin/cmake --install /home/luis/azure_sky_ros2/build/rm_buff
[0.447s] -- Install configuration: ""
[0.449s] -- Up-to-date: /home/luis/azure_sky_ros2/install/rm_buff/share/ament_index/resource_index/package_run_dependencies/rm_buff
[0.449s] -- Installing: /home/luis/azure_sky_ros2/install/rm_buff/share/ament_index/resource_index/parent_prefix_path/rm_buff
[0.451s] -- Up-to-date: /home/luis/azure_sky_ros2/install/rm_buff/share/rm_buff/environment/ament_prefix_path.sh
[0.451s] -- Installing: /home/luis/azure_sky_ros2/install/rm_buff/share/rm_buff/environment/ament_prefix_path.dsv
[0.451s] -- Up-to-date: /home/luis/azure_sky_ros2/install/rm_buff/share/rm_buff/environment/path.sh
[0.451s] -- Installing: /home/luis/azure_sky_ros2/install/rm_buff/share/rm_buff/environment/path.dsv
[0.451s] -- Up-to-date: /home/luis/azure_sky_ros2/install/rm_buff/share/rm_buff/local_setup.bash
[0.451s] -- Up-to-date: /home/luis/azure_sky_ros2/install/rm_buff/share/rm_buff/local_setup.sh
[0.452s] -- Up-to-date: /home/luis/azure_sky_ros2/install/rm_buff/share/rm_buff/local_setup.zsh
[0.452s] -- Installing: /home/luis/azure_sky_ros2/install/rm_buff/share/rm_buff/local_setup.dsv
[0.452s] -- Installing: /home/luis/azure_sky_ros2/install/rm_buff/share/rm_buff/package.dsv
[0.452s] -- Up-to-date: /home/luis/azure_sky_ros2/install/rm_buff/share/ament_index/resource_index/packages/rm_buff
[0.453s] -- Up-to-date: /home/luis/azure_sky_ros2/install/rm_buff/share/rm_buff/cmake/rm_buffConfig.cmake
[0.453s] -- Up-to-date: /home/luis/azure_sky_ros2/install/rm_buff/share/rm_buff/cmake/rm_buffConfig-version.cmake
[0.453s] -- Installing: /home/luis/azure_sky_ros2/install/rm_buff/share/rm_buff/package.xml
[0.467s] Invoked command in '/home/luis/azure_sky_ros2/build/rm_buff' returned '0': AMENT_PREFIX_PATH=/home/luis/azure_sky_ros2/install/buff_tracker:/home/luis/azure_sky_ros2/install/buff_detector:/home/luis/azure_sky_ros2/install/buff_interfaces:${AMENT_PREFIX_PATH} CMAKE_PREFIX_PATH=/home/luis/azure_sky_ros2/install/buff_tracker:/home/luis/azure_sky_ros2/install/buff_detector:/home/luis/azure_sky_ros2/install/buff_interfaces:/opt/ros/humble LD_LIBRARY_PATH=/home/luis/azure_sky_ros2/install/buff_tracker/lib:/home/luis/azure_sky_ros2/install/buff_detector/lib:/home/luis/azure_sky_ros2/install/buff_interfaces/lib:/opt/MVS/lib/64:/opt/MVS/lib/32:/usr/lib/x86_64-linux-gnu/gazebo-11/plugins:/opt/ros/humble/opt/rviz_ogre_vendor/lib:/opt/ros/humble/lib/x86_64-linux-gnu:/opt/ros/humble/lib:/opt/MVS/lib/64:/opt/MVS/lib/32:/opt/MVS/lib/64:/opt/MVS/lib/32 PYTHONPATH=/home/luis/azure_sky_ros2/install/buff_interfaces/local/lib/python3.10/dist-packages:${PYTHONPATH} /usr/bin/cmake --install /home/luis/azure_sky_ros2/build/rm_buff
