[0.025s] Invoking command in '/home/luis/azure_sky_ros2/build/autoaim_bridge': AMENT_PREFIX_PATH=/home/luis/azure_sky_ros2/install/tide_msgs:/home/luis/azure_sky_ros2/install/auto_aim_interfaces:${AMENT_PREFIX_PATH} CMAKE_PREFIX_PATH=/home/luis/azure_sky_ros2/install/tide_msgs:/home/luis/azure_sky_ros2/install/auto_aim_interfaces:/opt/ros/humble LD_LIBRARY_PATH=/home/luis/azure_sky_ros2/install/tide_msgs/lib:/home/luis/azure_sky_ros2/install/auto_aim_interfaces/lib:/opt/MVS/lib/64:/opt/MVS/lib/32:/usr/lib/x86_64-linux-gnu/gazebo-11/plugins:/opt/ros/humble/opt/rviz_ogre_vendor/lib:/opt/ros/humble/lib/x86_64-linux-gnu:/opt/ros/humble/lib:/opt/MVS/lib/64:/opt/MVS/lib/32:/opt/MVS/lib/64:/opt/MVS/lib/32 PYTHONPATH=/home/luis/azure_sky_ros2/install/tide_msgs/local/lib/python3.10/dist-packages:/home/luis/azure_sky_ros2/install/auto_aim_interfaces/local/lib/python3.10/dist-packages:${PYTHONPATH} /usr/bin/cmake --build /home/luis/azure_sky_ros2/build/autoaim_bridge -- -j12 -l12
[0.107s] [100%] Built target autoaim_bridge_node
[0.131s] Invoked command in '/home/luis/azure_sky_ros2/build/autoaim_bridge' returned '0': AMENT_PREFIX_PATH=/home/luis/azure_sky_ros2/install/tide_msgs:/home/luis/azure_sky_ros2/install/auto_aim_interfaces:${AMENT_PREFIX_PATH} CMAKE_PREFIX_PATH=/home/luis/azure_sky_ros2/install/tide_msgs:/home/luis/azure_sky_ros2/install/auto_aim_interfaces:/opt/ros/humble LD_LIBRARY_PATH=/home/luis/azure_sky_ros2/install/tide_msgs/lib:/home/luis/azure_sky_ros2/install/auto_aim_interfaces/lib:/opt/MVS/lib/64:/opt/MVS/lib/32:/usr/lib/x86_64-linux-gnu/gazebo-11/plugins:/opt/ros/humble/opt/rviz_ogre_vendor/lib:/opt/ros/humble/lib/x86_64-linux-gnu:/opt/ros/humble/lib:/opt/MVS/lib/64:/opt/MVS/lib/32:/opt/MVS/lib/64:/opt/MVS/lib/32 PYTHONPATH=/home/luis/azure_sky_ros2/install/tide_msgs/local/lib/python3.10/dist-packages:/home/luis/azure_sky_ros2/install/auto_aim_interfaces/local/lib/python3.10/dist-packages:${PYTHONPATH} /usr/bin/cmake --build /home/luis/azure_sky_ros2/build/autoaim_bridge -- -j12 -l12
[0.133s] Invoking command in '/home/luis/azure_sky_ros2/build/autoaim_bridge': AMENT_PREFIX_PATH=/home/luis/azure_sky_ros2/install/tide_msgs:/home/luis/azure_sky_ros2/install/auto_aim_interfaces:${AMENT_PREFIX_PATH} CMAKE_PREFIX_PATH=/home/luis/azure_sky_ros2/install/tide_msgs:/home/luis/azure_sky_ros2/install/auto_aim_interfaces:/opt/ros/humble LD_LIBRARY_PATH=/home/luis/azure_sky_ros2/install/tide_msgs/lib:/home/luis/azure_sky_ros2/install/auto_aim_interfaces/lib:/opt/MVS/lib/64:/opt/MVS/lib/32:/usr/lib/x86_64-linux-gnu/gazebo-11/plugins:/opt/ros/humble/opt/rviz_ogre_vendor/lib:/opt/ros/humble/lib/x86_64-linux-gnu:/opt/ros/humble/lib:/opt/MVS/lib/64:/opt/MVS/lib/32:/opt/MVS/lib/64:/opt/MVS/lib/32 PYTHONPATH=/home/luis/azure_sky_ros2/install/tide_msgs/local/lib/python3.10/dist-packages:/home/luis/azure_sky_ros2/install/auto_aim_interfaces/local/lib/python3.10/dist-packages:${PYTHONPATH} /usr/bin/cmake --install /home/luis/azure_sky_ros2/build/autoaim_bridge
[0.144s] -- Install configuration: ""
[0.144s] -- Up-to-date: /home/luis/azure_sky_ros2/install/autoaim_bridge/lib/autoaim_bridge/autoaim_bridge_node
[0.144s] -- Up-to-date: /home/luis/azure_sky_ros2/install/autoaim_bridge/include
[0.144s] -- Up-to-date: /home/luis/azure_sky_ros2/install/autoaim_bridge/include/autoaim_bridge
[0.144s] -- Up-to-date: /home/luis/azure_sky_ros2/install/autoaim_bridge/include/autoaim_bridge/autoaim_bridge.hpp
[0.144s] -- Up-to-date: /home/luis/azure_sky_ros2/install/autoaim_bridge/share/ament_index/resource_index/package_run_dependencies/autoaim_bridge
[0.144s] -- Up-to-date: /home/luis/azure_sky_ros2/install/autoaim_bridge/share/ament_index/resource_index/parent_prefix_path/autoaim_bridge
[0.144s] -- Up-to-date: /home/luis/azure_sky_ros2/install/autoaim_bridge/share/autoaim_bridge/environment/ament_prefix_path.sh
[0.145s] -- Up-to-date: /home/luis/azure_sky_ros2/install/autoaim_bridge/share/autoaim_bridge/environment/ament_prefix_path.dsv
[0.145s] -- Up-to-date: /home/luis/azure_sky_ros2/install/autoaim_bridge/share/autoaim_bridge/environment/path.sh
[0.145s] -- Up-to-date: /home/luis/azure_sky_ros2/install/autoaim_bridge/share/autoaim_bridge/environment/path.dsv
[0.145s] -- Up-to-date: /home/luis/azure_sky_ros2/install/autoaim_bridge/share/autoaim_bridge/local_setup.bash
[0.145s] -- Up-to-date: /home/luis/azure_sky_ros2/install/autoaim_bridge/share/autoaim_bridge/local_setup.sh
[0.145s] -- Up-to-date: /home/luis/azure_sky_ros2/install/autoaim_bridge/share/autoaim_bridge/local_setup.zsh
[0.145s] -- Up-to-date: /home/luis/azure_sky_ros2/install/autoaim_bridge/share/autoaim_bridge/local_setup.dsv
[0.145s] -- Installing: /home/luis/azure_sky_ros2/install/autoaim_bridge/share/autoaim_bridge/package.dsv
[0.145s] -- Up-to-date: /home/luis/azure_sky_ros2/install/autoaim_bridge/share/ament_index/resource_index/packages/autoaim_bridge
[0.145s] -- Up-to-date: /home/luis/azure_sky_ros2/install/autoaim_bridge/share/autoaim_bridge/cmake/autoaim_bridgeConfig.cmake
[0.145s] -- Up-to-date: /home/luis/azure_sky_ros2/install/autoaim_bridge/share/autoaim_bridge/cmake/autoaim_bridgeConfig-version.cmake
[0.145s] -- Up-to-date: /home/luis/azure_sky_ros2/install/autoaim_bridge/share/autoaim_bridge/package.xml
[0.150s] Invoked command in '/home/luis/azure_sky_ros2/build/autoaim_bridge' returned '0': AMENT_PREFIX_PATH=/home/luis/azure_sky_ros2/install/tide_msgs:/home/luis/azure_sky_ros2/install/auto_aim_interfaces:${AMENT_PREFIX_PATH} CMAKE_PREFIX_PATH=/home/luis/azure_sky_ros2/install/tide_msgs:/home/luis/azure_sky_ros2/install/auto_aim_interfaces:/opt/ros/humble LD_LIBRARY_PATH=/home/luis/azure_sky_ros2/install/tide_msgs/lib:/home/luis/azure_sky_ros2/install/auto_aim_interfaces/lib:/opt/MVS/lib/64:/opt/MVS/lib/32:/usr/lib/x86_64-linux-gnu/gazebo-11/plugins:/opt/ros/humble/opt/rviz_ogre_vendor/lib:/opt/ros/humble/lib/x86_64-linux-gnu:/opt/ros/humble/lib:/opt/MVS/lib/64:/opt/MVS/lib/32:/opt/MVS/lib/64:/opt/MVS/lib/32 PYTHONPATH=/home/luis/azure_sky_ros2/install/tide_msgs/local/lib/python3.10/dist-packages:/home/luis/azure_sky_ros2/install/auto_aim_interfaces/local/lib/python3.10/dist-packages:${PYTHONPATH} /usr/bin/cmake --install /home/luis/azure_sky_ros2/build/autoaim_bridge
