[0.060s] Invoking command in '/home/luis/workshop_ws/build/tide_msgs': CMAKE_PREFIX_PATH=${CMAKE_PREFIX_PATH}:/opt/ros/humble /usr/bin/cmake --build /home/luis/workshop_ws/build/tide_msgs -- -j12 -l12
[0.235s] [  0%] Built target tide_msgs__cpp
[0.261s] [ 12%] Built target tide_msgs__rosidl_generator_c
[0.261s] [ 12%] Built target ament_cmake_python_symlink_tide_msgs
[0.351s] [ 36%] Built target tide_msgs__rosidl_typesupport_cpp
[0.352s] [ 36%] Built target tide_msgs__rosidl_typesupport_c
[0.356s] [ 49%] Built target tide_msgs__rosidl_typesupport_introspection_c
[0.359s] [ 62%] Built target tide_msgs__rosidl_typesupport_introspection_cpp
[0.364s] [ 74%] Built target tide_msgs__rosidl_typesupport_fastrtps_cpp
[0.375s] [ 87%] Built target tide_msgs__rosidl_typesupport_fastrtps_c
[0.422s] [ 87%] Built target tide_msgs
[0.473s] [ 87%] Built target tide_msgs__py
[0.539s] [ 99%] Built target tide_msgs__rosidl_generator_py
[0.586s] [100%] Built target tide_msgs__rosidl_typesupport_introspection_c__pyext
[0.586s] [100%] Built target tide_msgs__rosidl_typesupport_c__pyext
[0.589s] [100%] Built target tide_msgs__rosidl_typesupport_fastrtps_c__pyext
[0.696s] running egg_info
[0.697s] writing tide_msgs.egg-info/PKG-INFO
[0.697s] writing dependency_links to tide_msgs.egg-info/dependency_links.txt
[0.697s] writing top-level names to tide_msgs.egg-info/top_level.txt
[0.701s] reading manifest file 'tide_msgs.egg-info/SOURCES.txt'
[0.702s] writing manifest file 'tide_msgs.egg-info/SOURCES.txt'
[0.755s] [100%] Built target ament_cmake_python_build_tide_msgs_egg
[0.779s] Invoked command in '/home/luis/workshop_ws/build/tide_msgs' returned '0': CMAKE_PREFIX_PATH=${CMAKE_PREFIX_PATH}:/opt/ros/humble /usr/bin/cmake --build /home/luis/workshop_ws/build/tide_msgs -- -j12 -l12
[0.782s] Invoking command in '/home/luis/workshop_ws/build/tide_msgs': CMAKE_PREFIX_PATH=${CMAKE_PREFIX_PATH}:/opt/ros/humble /usr/bin/cmake --install /home/luis/workshop_ws/build/tide_msgs
[0.798s] -- Install configuration: ""
[0.799s] -- Execute custom install script
[0.799s] -- Up-to-date symlink: /home/luis/workshop_ws/install/tide_msgs/share/ament_index/resource_index/rosidl_interfaces/tide_msgs
[0.802s] -- Up-to-date symlink: /home/luis/workshop_ws/install/tide_msgs/include/tide_msgs/tide_msgs/msg/armor.h
[0.802s] -- Up-to-date symlink: /home/luis/workshop_ws/install/tide_msgs/include/tide_msgs/tide_msgs/msg/armors.h
[0.803s] -- Up-to-date symlink: /home/luis/workshop_ws/install/tide_msgs/include/tide_msgs/tide_msgs/msg/bigyaw_cmd.h
[0.803s] -- Up-to-date symlink: /home/luis/workshop_ws/install/tide_msgs/include/tide_msgs/tide_msgs/msg/bigyaw_state.h
[0.803s] -- Up-to-date symlink: /home/luis/workshop_ws/install/tide_msgs/include/tide_msgs/tide_msgs/msg/buff.h
[0.803s] -- Up-to-date symlink: /home/luis/workshop_ws/install/tide_msgs/include/tide_msgs/tide_msgs/msg/bullet_remaining.h
[0.803s] -- Up-to-date symlink: /home/luis/workshop_ws/install/tide_msgs/include/tide_msgs/tide_msgs/msg/debug_armor.h
[0.803s] -- Up-to-date symlink: /home/luis/workshop_ws/install/tide_msgs/include/tide_msgs/tide_msgs/msg/debug_armors.h
[0.804s] -- Up-to-date symlink: /home/luis/workshop_ws/install/tide_msgs/include/tide_msgs/tide_msgs/msg/debug_light.h
[0.804s] -- Up-to-date symlink: /home/luis/workshop_ws/install/tide_msgs/include/tide_msgs/tide_msgs/msg/debug_lights.h
[0.804s] -- Up-to-date symlink: /home/luis/workshop_ws/install/tide_msgs/include/tide_msgs/tide_msgs/msg/detail/armor__functions.h
[0.804s] -- Up-to-date symlink: /home/luis/workshop_ws/install/tide_msgs/include/tide_msgs/tide_msgs/msg/detail/armor__struct.h
[0.804s] -- Up-to-date symlink: /home/luis/workshop_ws/install/tide_msgs/include/tide_msgs/tide_msgs/msg/detail/armor__type_support.h
[0.805s] -- Up-to-date symlink: /home/luis/workshop_ws/install/tide_msgs/include/tide_msgs/tide_msgs/msg/detail/armors__functions.h
[0.805s] -- Up-to-date symlink: /home/luis/workshop_ws/install/tide_msgs/include/tide_msgs/tide_msgs/msg/detail/armors__struct.h
[0.805s] -- Up-to-date symlink: /home/luis/workshop_ws/install/tide_msgs/include/tide_msgs/tide_msgs/msg/detail/armors__type_support.h
[0.805s] -- Up-to-date symlink: /home/luis/workshop_ws/install/tide_msgs/include/tide_msgs/tide_msgs/msg/detail/bigyaw_cmd__functions.h
[0.805s] -- Up-to-date symlink: /home/luis/workshop_ws/install/tide_msgs/include/tide_msgs/tide_msgs/msg/detail/bigyaw_cmd__struct.h
[0.805s] -- Up-to-date symlink: /home/luis/workshop_ws/install/tide_msgs/include/tide_msgs/tide_msgs/msg/detail/bigyaw_cmd__type_support.h
[0.806s] -- Up-to-date symlink: /home/luis/workshop_ws/install/tide_msgs/include/tide_msgs/tide_msgs/msg/detail/bigyaw_state__functions.h
[0.806s] -- Up-to-date symlink: /home/luis/workshop_ws/install/tide_msgs/include/tide_msgs/tide_msgs/msg/detail/bigyaw_state__struct.h
[0.806s] -- Up-to-date symlink: /home/luis/workshop_ws/install/tide_msgs/include/tide_msgs/tide_msgs/msg/detail/bigyaw_state__type_support.h
[0.806s] -- Up-to-date symlink: /home/luis/workshop_ws/install/tide_msgs/include/tide_msgs/tide_msgs/msg/detail/buff__functions.h
[0.806s] -- Up-to-date symlink: /home/luis/workshop_ws/install/tide_msgs/include/tide_msgs/tide_msgs/msg/detail/buff__struct.h
[0.807s] -- Up-to-date symlink: /home/luis/workshop_ws/install/tide_msgs/include/tide_msgs/tide_msgs/msg/detail/buff__type_support.h
[0.807s] -- Up-to-date symlink: /home/luis/workshop_ws/install/tide_msgs/include/tide_msgs/tide_msgs/msg/detail/bullet_remaining__functions.h
[0.807s] -- Up-to-date symlink: /home/luis/workshop_ws/install/tide_msgs/include/tide_msgs/tide_msgs/msg/detail/bullet_remaining__struct.h
[0.807s] -- Up-to-date symlink: /home/luis/workshop_ws/install/tide_msgs/include/tide_msgs/tide_msgs/msg/detail/bullet_remaining__type_support.h
[0.807s] -- Up-to-date symlink: /home/luis/workshop_ws/install/tide_msgs/include/tide_msgs/tide_msgs/msg/detail/debug_armor__functions.h
[0.808s] -- Up-to-date symlink: /home/luis/workshop_ws/install/tide_msgs/include/tide_msgs/tide_msgs/msg/detail/debug_armor__struct.h
[0.808s] -- Up-to-date symlink: /home/luis/workshop_ws/install/tide_msgs/include/tide_msgs/tide_msgs/msg/detail/debug_armor__type_support.h
[0.808s] -- Up-to-date symlink: /home/luis/workshop_ws/install/tide_msgs/include/tide_msgs/tide_msgs/msg/detail/debug_armors__functions.h
[0.808s] -- Up-to-date symlink: /home/luis/workshop_ws/install/tide_msgs/include/tide_msgs/tide_msgs/msg/detail/debug_armors__struct.h
[0.808s] -- Up-to-date symlink: /home/luis/workshop_ws/install/tide_msgs/include/tide_msgs/tide_msgs/msg/detail/debug_armors__type_support.h
[0.809s] -- Up-to-date symlink: /home/luis/workshop_ws/install/tide_msgs/include/tide_msgs/tide_msgs/msg/detail/debug_light__functions.h
[0.809s] -- Up-to-date symlink: /home/luis/workshop_ws/install/tide_msgs/include/tide_msgs/tide_msgs/msg/detail/debug_light__struct.h
[0.809s] -- Up-to-date symlink: /home/luis/workshop_ws/install/tide_msgs/include/tide_msgs/tide_msgs/msg/detail/debug_light__type_support.h
[0.809s] -- Up-to-date symlink: /home/luis/workshop_ws/install/tide_msgs/include/tide_msgs/tide_msgs/msg/detail/debug_lights__functions.h
[0.809s] -- Up-to-date symlink: /home/luis/workshop_ws/install/tide_msgs/include/tide_msgs/tide_msgs/msg/detail/debug_lights__struct.h
[0.809s] -- Up-to-date symlink: /home/luis/workshop_ws/install/tide_msgs/include/tide_msgs/tide_msgs/msg/detail/debug_lights__type_support.h
[0.810s] -- Up-to-date symlink: /home/luis/workshop_ws/install/tide_msgs/include/tide_msgs/tide_msgs/msg/detail/event_data__functions.h
[0.810s] -- Up-to-date symlink: /home/luis/workshop_ws/install/tide_msgs/include/tide_msgs/tide_msgs/msg/detail/event_data__struct.h
[0.810s] -- Up-to-date symlink: /home/luis/workshop_ws/install/tide_msgs/include/tide_msgs/tide_msgs/msg/detail/event_data__type_support.h
[0.810s] -- Up-to-date symlink: /home/luis/workshop_ws/install/tide_msgs/include/tide_msgs/tide_msgs/msg/detail/fd_frame__functions.h
[0.810s] -- Up-to-date symlink: /home/luis/workshop_ws/install/tide_msgs/include/tide_msgs/tide_msgs/msg/detail/fd_frame__struct.h
[0.811s] -- Up-to-date symlink: /home/luis/workshop_ws/install/tide_msgs/include/tide_msgs/tide_msgs/msg/detail/fd_frame__type_support.h
[0.811s] -- Up-to-date symlink: /home/luis/workshop_ws/install/tide_msgs/include/tide_msgs/tide_msgs/msg/detail/game_result__functions.h
[0.811s] -- Up-to-date symlink: /home/luis/workshop_ws/install/tide_msgs/include/tide_msgs/tide_msgs/msg/detail/game_result__struct.h
[0.811s] -- Up-to-date symlink: /home/luis/workshop_ws/install/tide_msgs/include/tide_msgs/tide_msgs/msg/detail/game_result__type_support.h
[0.811s] -- Up-to-date symlink: /home/luis/workshop_ws/install/tide_msgs/include/tide_msgs/tide_msgs/msg/detail/game_robot_hp__functions.h
[0.812s] -- Up-to-date symlink: /home/luis/workshop_ws/install/tide_msgs/include/tide_msgs/tide_msgs/msg/detail/game_robot_hp__struct.h
[0.812s] -- Up-to-date symlink: /home/luis/workshop_ws/install/tide_msgs/include/tide_msgs/tide_msgs/msg/detail/game_robot_hp__type_support.h
[0.812s] -- Up-to-date symlink: /home/luis/workshop_ws/install/tide_msgs/include/tide_msgs/tide_msgs/msg/detail/game_robot_pos__functions.h
[0.812s] -- Up-to-date symlink: /home/luis/workshop_ws/install/tide_msgs/include/tide_msgs/tide_msgs/msg/detail/game_robot_pos__struct.h
[0.812s] -- Up-to-date symlink: /home/luis/workshop_ws/install/tide_msgs/include/tide_msgs/tide_msgs/msg/detail/game_robot_pos__type_support.h
[0.813s] -- Up-to-date symlink: /home/luis/workshop_ws/install/tide_msgs/include/tide_msgs/tide_msgs/msg/detail/game_robot_status__functions.h
[0.813s] -- Up-to-date symlink: /home/luis/workshop_ws/install/tide_msgs/include/tide_msgs/tide_msgs/msg/detail/game_robot_status__struct.h
[0.813s] -- Up-to-date symlink: /home/luis/workshop_ws/install/tide_msgs/include/tide_msgs/tide_msgs/msg/detail/game_robot_status__type_support.h
[0.813s] -- Up-to-date symlink: /home/luis/workshop_ws/install/tide_msgs/include/tide_msgs/tide_msgs/msg/detail/game_status__functions.h
[0.813s] -- Up-to-date symlink: /home/luis/workshop_ws/install/tide_msgs/include/tide_msgs/tide_msgs/msg/detail/game_status__struct.h
[0.814s] -- Up-to-date symlink: /home/luis/workshop_ws/install/tide_msgs/include/tide_msgs/tide_msgs/msg/detail/game_status__type_support.h
[0.814s] -- Up-to-date symlink: /home/luis/workshop_ws/install/tide_msgs/include/tide_msgs/tide_msgs/msg/detail/gimbal_cmd__functions.h
[0.814s] -- Up-to-date symlink: /home/luis/workshop_ws/install/tide_msgs/include/tide_msgs/tide_msgs/msg/detail/gimbal_cmd__struct.h
[0.814s] -- Up-to-date symlink: /home/luis/workshop_ws/install/tide_msgs/include/tide_msgs/tide_msgs/msg/detail/gimbal_cmd__type_support.h
[0.814s] -- Up-to-date symlink: /home/luis/workshop_ws/install/tide_msgs/include/tide_msgs/tide_msgs/msg/detail/gimbal_state__functions.h
[0.814s] -- Up-to-date symlink: /home/luis/workshop_ws/install/tide_msgs/include/tide_msgs/tide_msgs/msg/detail/gimbal_state__struct.h
[0.815s] -- Up-to-date symlink: /home/luis/workshop_ws/install/tide_msgs/include/tide_msgs/tide_msgs/msg/detail/gimbal_state__type_support.h
[0.815s] -- Up-to-date symlink: /home/luis/workshop_ws/install/tide_msgs/include/tide_msgs/tide_msgs/msg/detail/ground_robot__functions.h
[0.815s] -- Up-to-date symlink: /home/luis/workshop_ws/install/tide_msgs/include/tide_msgs/tide_msgs/msg/detail/ground_robot__struct.h
[0.815s] -- Up-to-date symlink: /home/luis/workshop_ws/install/tide_msgs/include/tide_msgs/tide_msgs/msg/detail/ground_robot__type_support.h
[0.815s] -- Up-to-date symlink: /home/luis/workshop_ws/install/tide_msgs/include/tide_msgs/tide_msgs/msg/detail/interact_id__functions.h
[0.816s] -- Up-to-date symlink: /home/luis/workshop_ws/install/tide_msgs/include/tide_msgs/tide_msgs/msg/detail/interact_id__struct.h
[0.816s] -- Up-to-date symlink: /home/luis/workshop_ws/install/tide_msgs/include/tide_msgs/tide_msgs/msg/detail/interact_id__type_support.h
[0.816s] -- Up-to-date symlink: /home/luis/workshop_ws/install/tide_msgs/include/tide_msgs/tide_msgs/msg/detail/power_heat_data__functions.h
[0.816s] -- Up-to-date symlink: /home/luis/workshop_ws/install/tide_msgs/include/tide_msgs/tide_msgs/msg/detail/power_heat_data__struct.h
[0.816s] -- Up-to-date symlink: /home/luis/workshop_ws/install/tide_msgs/include/tide_msgs/tide_msgs/msg/detail/power_heat_data__type_support.h
[0.817s] -- Up-to-date symlink: /home/luis/workshop_ws/install/tide_msgs/include/tide_msgs/tide_msgs/msg/detail/referee_data__functions.h
[0.817s] -- Up-to-date symlink: /home/luis/workshop_ws/install/tide_msgs/include/tide_msgs/tide_msgs/msg/detail/referee_data__struct.h
[0.817s] -- Up-to-date symlink: /home/luis/workshop_ws/install/tide_msgs/include/tide_msgs/tide_msgs/msg/detail/referee_data__type_support.h
[0.817s] -- Up-to-date symlink: /home/luis/workshop_ws/install/tide_msgs/include/tide_msgs/tide_msgs/msg/detail/referee_warning__functions.h
[0.817s] -- Up-to-date symlink: /home/luis/workshop_ws/install/tide_msgs/include/tide_msgs/tide_msgs/msg/detail/referee_warning__struct.h
[0.817s] -- Up-to-date symlink: /home/luis/workshop_ws/install/tide_msgs/include/tide_msgs/tide_msgs/msg/detail/referee_warning__type_support.h
[0.818s] -- Up-to-date symlink: /home/luis/workshop_ws/install/tide_msgs/include/tide_msgs/tide_msgs/msg/detail/rfid_status__functions.h
[0.818s] -- Up-to-date symlink: /home/luis/workshop_ws/install/tide_msgs/include/tide_msgs/tide_msgs/msg/detail/rfid_status__struct.h
[0.818s] -- Up-to-date symlink: /home/luis/workshop_ws/install/tide_msgs/include/tide_msgs/tide_msgs/msg/detail/rfid_status__type_support.h
[0.818s] -- Up-to-date symlink: /home/luis/workshop_ws/install/tide_msgs/include/tide_msgs/tide_msgs/msg/detail/robot_hurt__functions.h
[0.818s] -- Up-to-date symlink: /home/luis/workshop_ws/install/tide_msgs/include/tide_msgs/tide_msgs/msg/detail/robot_hurt__struct.h
[0.819s] -- Up-to-date symlink: /home/luis/workshop_ws/install/tide_msgs/include/tide_msgs/tide_msgs/msg/detail/robot_hurt__type_support.h
[0.819s] -- Up-to-date symlink: /home/luis/workshop_ws/install/tide_msgs/include/tide_msgs/tide_msgs/msg/detail/sentry_info__functions.h
[0.819s] -- Up-to-date symlink: /home/luis/workshop_ws/install/tide_msgs/include/tide_msgs/tide_msgs/msg/detail/sentry_info__struct.h
[0.819s] -- Up-to-date symlink: /home/luis/workshop_ws/install/tide_msgs/include/tide_msgs/tide_msgs/msg/detail/sentry_info__type_support.h
[0.819s] -- Up-to-date symlink: /home/luis/workshop_ws/install/tide_msgs/include/tide_msgs/tide_msgs/msg/detail/shoot_data__functions.h
[0.820s] -- Up-to-date symlink: /home/luis/workshop_ws/install/tide_msgs/include/tide_msgs/tide_msgs/msg/detail/shoot_data__struct.h
[0.820s] -- Up-to-date symlink: /home/luis/workshop_ws/install/tide_msgs/include/tide_msgs/tide_msgs/msg/detail/shoot_data__type_support.h
[0.820s] -- Up-to-date symlink: /home/luis/workshop_ws/install/tide_msgs/include/tide_msgs/tide_msgs/msg/detail/shooter_cmd__functions.h
[0.820s] -- Up-to-date symlink: /home/luis/workshop_ws/install/tide_msgs/include/tide_msgs/tide_msgs/msg/detail/shooter_cmd__struct.h
[0.820s] -- Up-to-date symlink: /home/luis/workshop_ws/install/tide_msgs/include/tide_msgs/tide_msgs/msg/detail/shooter_cmd__type_support.h
[0.821s] -- Up-to-date symlink: /home/luis/workshop_ws/install/tide_msgs/include/tide_msgs/tide_msgs/msg/detail/shooter_state__functions.h
[0.821s] -- Up-to-date symlink: /home/luis/workshop_ws/install/tide_msgs/include/tide_msgs/tide_msgs/msg/detail/shooter_state__struct.h
[0.821s] -- Up-to-date symlink: /home/luis/workshop_ws/install/tide_msgs/include/tide_msgs/tide_msgs/msg/detail/shooter_state__type_support.h
[0.821s] -- Up-to-date symlink: /home/luis/workshop_ws/install/tide_msgs/include/tide_msgs/tide_msgs/msg/detail/target__functions.h
[0.821s] -- Up-to-date symlink: /home/luis/workshop_ws/install/tide_msgs/include/tide_msgs/tide_msgs/msg/detail/target__struct.h
[0.822s] -- Up-to-date symlink: /home/luis/workshop_ws/install/tide_msgs/include/tide_msgs/tide_msgs/msg/detail/target__type_support.h
[0.822s] -- Up-to-date symlink: /home/luis/workshop_ws/install/tide_msgs/include/tide_msgs/tide_msgs/msg/detail/time_info__functions.h
[0.822s] -- Up-to-date symlink: /home/luis/workshop_ws/install/tide_msgs/include/tide_msgs/tide_msgs/msg/detail/time_info__struct.h
[0.822s] -- Up-to-date symlink: /home/luis/workshop_ws/install/tide_msgs/include/tide_msgs/tide_msgs/msg/detail/time_info__type_support.h
[0.822s] -- Up-to-date symlink: /home/luis/workshop_ws/install/tide_msgs/include/tide_msgs/tide_msgs/msg/detail/tracker_info__functions.h
[0.822s] -- Up-to-date symlink: /home/luis/workshop_ws/install/tide_msgs/include/tide_msgs/tide_msgs/msg/detail/tracker_info__struct.h
[0.823s] -- Up-to-date symlink: /home/luis/workshop_ws/install/tide_msgs/include/tide_msgs/tide_msgs/msg/detail/tracker_info__type_support.h
[0.823s] -- Up-to-date symlink: /home/luis/workshop_ws/install/tide_msgs/include/tide_msgs/tide_msgs/msg/event_data.h
[0.823s] -- Up-to-date symlink: /home/luis/workshop_ws/install/tide_msgs/include/tide_msgs/tide_msgs/msg/fd_frame.h
[0.823s] -- Up-to-date symlink: /home/luis/workshop_ws/install/tide_msgs/include/tide_msgs/tide_msgs/msg/game_result.h
[0.823s] -- Up-to-date symlink: /home/luis/workshop_ws/install/tide_msgs/include/tide_msgs/tide_msgs/msg/game_robot_hp.h
[0.824s] -- Up-to-date symlink: /home/luis/workshop_ws/install/tide_msgs/include/tide_msgs/tide_msgs/msg/game_robot_pos.h
[0.824s] -- Up-to-date symlink: /home/luis/workshop_ws/install/tide_msgs/include/tide_msgs/tide_msgs/msg/game_robot_status.h
[0.824s] -- Up-to-date symlink: /home/luis/workshop_ws/install/tide_msgs/include/tide_msgs/tide_msgs/msg/game_status.h
[0.824s] -- Up-to-date symlink: /home/luis/workshop_ws/install/tide_msgs/include/tide_msgs/tide_msgs/msg/gimbal_cmd.h
[0.824s] -- Up-to-date symlink: /home/luis/workshop_ws/install/tide_msgs/include/tide_msgs/tide_msgs/msg/gimbal_state.h
[0.824s] -- Up-to-date symlink: /home/luis/workshop_ws/install/tide_msgs/include/tide_msgs/tide_msgs/msg/ground_robot.h
[0.825s] -- Up-to-date symlink: /home/luis/workshop_ws/install/tide_msgs/include/tide_msgs/tide_msgs/msg/interact_id.h
[0.825s] -- Up-to-date symlink: /home/luis/workshop_ws/install/tide_msgs/include/tide_msgs/tide_msgs/msg/power_heat_data.h
[0.825s] -- Up-to-date symlink: /home/luis/workshop_ws/install/tide_msgs/include/tide_msgs/tide_msgs/msg/referee_data.h
[0.825s] -- Up-to-date symlink: /home/luis/workshop_ws/install/tide_msgs/include/tide_msgs/tide_msgs/msg/referee_warning.h
[0.825s] -- Up-to-date symlink: /home/luis/workshop_ws/install/tide_msgs/include/tide_msgs/tide_msgs/msg/rfid_status.h
[0.825s] -- Up-to-date symlink: /home/luis/workshop_ws/install/tide_msgs/include/tide_msgs/tide_msgs/msg/robot_hurt.h
[0.826s] -- Up-to-date symlink: /home/luis/workshop_ws/install/tide_msgs/include/tide_msgs/tide_msgs/msg/rosidl_generator_c__visibility_control.h
[0.826s] -- Up-to-date symlink: /home/luis/workshop_ws/install/tide_msgs/include/tide_msgs/tide_msgs/msg/sentry_info.h
[0.826s] -- Up-to-date symlink: /home/luis/workshop_ws/install/tide_msgs/include/tide_msgs/tide_msgs/msg/shoot_data.h
[0.826s] -- Up-to-date symlink: /home/luis/workshop_ws/install/tide_msgs/include/tide_msgs/tide_msgs/msg/shooter_cmd.h
[0.826s] -- Up-to-date symlink: /home/luis/workshop_ws/install/tide_msgs/include/tide_msgs/tide_msgs/msg/shooter_state.h
[0.827s] -- Up-to-date symlink: /home/luis/workshop_ws/install/tide_msgs/include/tide_msgs/tide_msgs/msg/target.h
[0.827s] -- Up-to-date symlink: /home/luis/workshop_ws/install/tide_msgs/include/tide_msgs/tide_msgs/msg/time_info.h
[0.827s] -- Up-to-date symlink: /home/luis/workshop_ws/install/tide_msgs/include/tide_msgs/tide_msgs/msg/tracker_info.h
[0.827s] -- Up-to-date symlink: /home/luis/workshop_ws/install/tide_msgs/share/tide_msgs/environment/library_path.sh
[0.827s] -- Up-to-date symlink: /home/luis/workshop_ws/install/tide_msgs/share/tide_msgs/environment/library_path.dsv
[0.830s] -- Up-to-date symlink: /home/luis/workshop_ws/install/tide_msgs/include/tide_msgs/tide_msgs/msg/detail/armor__rosidl_typesupport_fastrtps_c.h
[0.830s] -- Up-to-date symlink: /home/luis/workshop_ws/install/tide_msgs/include/tide_msgs/tide_msgs/msg/detail/armors__rosidl_typesupport_fastrtps_c.h
[0.830s] -- Up-to-date symlink: /home/luis/workshop_ws/install/tide_msgs/include/tide_msgs/tide_msgs/msg/detail/bigyaw_cmd__rosidl_typesupport_fastrtps_c.h
[0.830s] -- Up-to-date symlink: /home/luis/workshop_ws/install/tide_msgs/include/tide_msgs/tide_msgs/msg/detail/bigyaw_state__rosidl_typesupport_fastrtps_c.h
[0.831s] -- Up-to-date symlink: /home/luis/workshop_ws/install/tide_msgs/include/tide_msgs/tide_msgs/msg/detail/buff__rosidl_typesupport_fastrtps_c.h
[0.831s] -- Up-to-date symlink: /home/luis/workshop_ws/install/tide_msgs/include/tide_msgs/tide_msgs/msg/detail/bullet_remaining__rosidl_typesupport_fastrtps_c.h
[0.831s] -- Up-to-date symlink: /home/luis/workshop_ws/install/tide_msgs/include/tide_msgs/tide_msgs/msg/detail/debug_armor__rosidl_typesupport_fastrtps_c.h
[0.831s] -- Up-to-date symlink: /home/luis/workshop_ws/install/tide_msgs/include/tide_msgs/tide_msgs/msg/detail/debug_armors__rosidl_typesupport_fastrtps_c.h
[0.831s] -- Up-to-date symlink: /home/luis/workshop_ws/install/tide_msgs/include/tide_msgs/tide_msgs/msg/detail/debug_light__rosidl_typesupport_fastrtps_c.h
[0.832s] -- Up-to-date symlink: /home/luis/workshop_ws/install/tide_msgs/include/tide_msgs/tide_msgs/msg/detail/debug_lights__rosidl_typesupport_fastrtps_c.h
[0.832s] -- Up-to-date symlink: /home/luis/workshop_ws/install/tide_msgs/include/tide_msgs/tide_msgs/msg/detail/event_data__rosidl_typesupport_fastrtps_c.h
[0.832s] -- Up-to-date symlink: /home/luis/workshop_ws/install/tide_msgs/include/tide_msgs/tide_msgs/msg/detail/fd_frame__rosidl_typesupport_fastrtps_c.h
[0.832s] -- Up-to-date symlink: /home/luis/workshop_ws/install/tide_msgs/include/tide_msgs/tide_msgs/msg/detail/game_result__rosidl_typesupport_fastrtps_c.h
[0.832s] -- Up-to-date symlink: /home/luis/workshop_ws/install/tide_msgs/include/tide_msgs/tide_msgs/msg/detail/game_robot_hp__rosidl_typesupport_fastrtps_c.h
[0.832s] -- Up-to-date symlink: /home/luis/workshop_ws/install/tide_msgs/include/tide_msgs/tide_msgs/msg/detail/game_robot_pos__rosidl_typesupport_fastrtps_c.h
[0.833s] -- Up-to-date symlink: /home/luis/workshop_ws/install/tide_msgs/include/tide_msgs/tide_msgs/msg/detail/game_robot_status__rosidl_typesupport_fastrtps_c.h
[0.833s] -- Up-to-date symlink: /home/luis/workshop_ws/install/tide_msgs/include/tide_msgs/tide_msgs/msg/detail/game_status__rosidl_typesupport_fastrtps_c.h
[0.833s] -- Up-to-date symlink: /home/luis/workshop_ws/install/tide_msgs/include/tide_msgs/tide_msgs/msg/detail/gimbal_cmd__rosidl_typesupport_fastrtps_c.h
[0.833s] -- Up-to-date symlink: /home/luis/workshop_ws/install/tide_msgs/include/tide_msgs/tide_msgs/msg/detail/gimbal_state__rosidl_typesupport_fastrtps_c.h
[0.833s] -- Up-to-date symlink: /home/luis/workshop_ws/install/tide_msgs/include/tide_msgs/tide_msgs/msg/detail/ground_robot__rosidl_typesupport_fastrtps_c.h
[0.834s] -- Up-to-date symlink: /home/luis/workshop_ws/install/tide_msgs/include/tide_msgs/tide_msgs/msg/detail/interact_id__rosidl_typesupport_fastrtps_c.h
[0.834s] -- Up-to-date symlink: /home/luis/workshop_ws/install/tide_msgs/include/tide_msgs/tide_msgs/msg/detail/power_heat_data__rosidl_typesupport_fastrtps_c.h
[0.834s] -- Up-to-date symlink: /home/luis/workshop_ws/install/tide_msgs/include/tide_msgs/tide_msgs/msg/detail/referee_data__rosidl_typesupport_fastrtps_c.h
[0.834s] -- Up-to-date symlink: /home/luis/workshop_ws/install/tide_msgs/include/tide_msgs/tide_msgs/msg/detail/referee_warning__rosidl_typesupport_fastrtps_c.h
[0.834s] -- Up-to-date symlink: /home/luis/workshop_ws/install/tide_msgs/include/tide_msgs/tide_msgs/msg/detail/rfid_status__rosidl_typesupport_fastrtps_c.h
[0.835s] -- Up-to-date symlink: /home/luis/workshop_ws/install/tide_msgs/include/tide_msgs/tide_msgs/msg/detail/robot_hurt__rosidl_typesupport_fastrtps_c.h
[0.835s] -- Up-to-date symlink: /home/luis/workshop_ws/install/tide_msgs/include/tide_msgs/tide_msgs/msg/detail/sentry_info__rosidl_typesupport_fastrtps_c.h
[0.835s] -- Up-to-date symlink: /home/luis/workshop_ws/install/tide_msgs/include/tide_msgs/tide_msgs/msg/detail/shoot_data__rosidl_typesupport_fastrtps_c.h
[0.835s] -- Up-to-date symlink: /home/luis/workshop_ws/install/tide_msgs/include/tide_msgs/tide_msgs/msg/detail/shooter_cmd__rosidl_typesupport_fastrtps_c.h
[0.835s] -- Up-to-date symlink: /home/luis/workshop_ws/install/tide_msgs/include/tide_msgs/tide_msgs/msg/detail/shooter_state__rosidl_typesupport_fastrtps_c.h
[0.835s] -- Up-to-date symlink: /home/luis/workshop_ws/install/tide_msgs/include/tide_msgs/tide_msgs/msg/detail/target__rosidl_typesupport_fastrtps_c.h
[0.836s] -- Up-to-date symlink: /home/luis/workshop_ws/install/tide_msgs/include/tide_msgs/tide_msgs/msg/detail/time_info__rosidl_typesupport_fastrtps_c.h
[0.836s] -- Up-to-date symlink: /home/luis/workshop_ws/install/tide_msgs/include/tide_msgs/tide_msgs/msg/detail/tracker_info__rosidl_typesupport_fastrtps_c.h
[0.836s] -- Up-to-date symlink: /home/luis/workshop_ws/install/tide_msgs/include/tide_msgs/tide_msgs/msg/rosidl_typesupport_fastrtps_c__visibility_control.h
[0.839s] -- Up-to-date symlink: /home/luis/workshop_ws/install/tide_msgs/include/tide_msgs/tide_msgs/msg/armor.hpp
[0.839s] -- Up-to-date symlink: /home/luis/workshop_ws/install/tide_msgs/include/tide_msgs/tide_msgs/msg/armors.hpp
[0.839s] -- Up-to-date symlink: /home/luis/workshop_ws/install/tide_msgs/include/tide_msgs/tide_msgs/msg/bigyaw_cmd.hpp
[0.839s] -- Up-to-date symlink: /home/luis/workshop_ws/install/tide_msgs/include/tide_msgs/tide_msgs/msg/bigyaw_state.hpp
[0.840s] -- Up-to-date symlink: /home/luis/workshop_ws/install/tide_msgs/include/tide_msgs/tide_msgs/msg/buff.hpp
[0.840s] -- Up-to-date symlink: /home/luis/workshop_ws/install/tide_msgs/include/tide_msgs/tide_msgs/msg/bullet_remaining.hpp
[0.840s] -- Up-to-date symlink: /home/luis/workshop_ws/install/tide_msgs/include/tide_msgs/tide_msgs/msg/debug_armor.hpp
[0.840s] -- Up-to-date symlink: /home/luis/workshop_ws/install/tide_msgs/include/tide_msgs/tide_msgs/msg/debug_armors.hpp
[0.840s] -- Up-to-date symlink: /home/luis/workshop_ws/install/tide_msgs/include/tide_msgs/tide_msgs/msg/debug_light.hpp
[0.840s] -- Up-to-date symlink: /home/luis/workshop_ws/install/tide_msgs/include/tide_msgs/tide_msgs/msg/debug_lights.hpp
[0.841s] -- Up-to-date symlink: /home/luis/workshop_ws/install/tide_msgs/include/tide_msgs/tide_msgs/msg/detail/armor__builder.hpp
[0.841s] -- Up-to-date symlink: /home/luis/workshop_ws/install/tide_msgs/include/tide_msgs/tide_msgs/msg/detail/armor__struct.hpp
[0.841s] -- Up-to-date symlink: /home/luis/workshop_ws/install/tide_msgs/include/tide_msgs/tide_msgs/msg/detail/armor__traits.hpp
[0.841s] -- Up-to-date symlink: /home/luis/workshop_ws/install/tide_msgs/include/tide_msgs/tide_msgs/msg/detail/armor__type_support.hpp
[0.841s] -- Up-to-date symlink: /home/luis/workshop_ws/install/tide_msgs/include/tide_msgs/tide_msgs/msg/detail/armors__builder.hpp
[0.841s] -- Up-to-date symlink: /home/luis/workshop_ws/install/tide_msgs/include/tide_msgs/tide_msgs/msg/detail/armors__struct.hpp
[0.842s] -- Up-to-date symlink: /home/luis/workshop_ws/install/tide_msgs/include/tide_msgs/tide_msgs/msg/detail/armors__traits.hpp
[0.842s] -- Up-to-date symlink: /home/luis/workshop_ws/install/tide_msgs/include/tide_msgs/tide_msgs/msg/detail/armors__type_support.hpp
[0.842s] -- Up-to-date symlink: /home/luis/workshop_ws/install/tide_msgs/include/tide_msgs/tide_msgs/msg/detail/bigyaw_cmd__builder.hpp
[0.842s] -- Up-to-date symlink: /home/luis/workshop_ws/install/tide_msgs/include/tide_msgs/tide_msgs/msg/detail/bigyaw_cmd__struct.hpp
[0.842s] -- Up-to-date symlink: /home/luis/workshop_ws/install/tide_msgs/include/tide_msgs/tide_msgs/msg/detail/bigyaw_cmd__traits.hpp
[0.843s] -- Up-to-date symlink: /home/luis/workshop_ws/install/tide_msgs/include/tide_msgs/tide_msgs/msg/detail/bigyaw_cmd__type_support.hpp
[0.843s] -- Up-to-date symlink: /home/luis/workshop_ws/install/tide_msgs/include/tide_msgs/tide_msgs/msg/detail/bigyaw_state__builder.hpp
[0.843s] -- Up-to-date symlink: /home/luis/workshop_ws/install/tide_msgs/include/tide_msgs/tide_msgs/msg/detail/bigyaw_state__struct.hpp
[0.843s] -- Up-to-date symlink: /home/luis/workshop_ws/install/tide_msgs/include/tide_msgs/tide_msgs/msg/detail/bigyaw_state__traits.hpp
[0.843s] -- Up-to-date symlink: /home/luis/workshop_ws/install/tide_msgs/include/tide_msgs/tide_msgs/msg/detail/bigyaw_state__type_support.hpp
[0.844s] -- Up-to-date symlink: /home/luis/workshop_ws/install/tide_msgs/include/tide_msgs/tide_msgs/msg/detail/buff__builder.hpp
[0.844s] -- Up-to-date symlink: /home/luis/workshop_ws/install/tide_msgs/include/tide_msgs/tide_msgs/msg/detail/buff__struct.hpp
[0.844s] -- Up-to-date symlink: /home/luis/workshop_ws/install/tide_msgs/include/tide_msgs/tide_msgs/msg/detail/buff__traits.hpp
[0.844s] -- Up-to-date symlink: /home/luis/workshop_ws/install/tide_msgs/include/tide_msgs/tide_msgs/msg/detail/buff__type_support.hpp
[0.844s] -- Up-to-date symlink: /home/luis/workshop_ws/install/tide_msgs/include/tide_msgs/tide_msgs/msg/detail/bullet_remaining__builder.hpp
[0.845s] -- Up-to-date symlink: /home/luis/workshop_ws/install/tide_msgs/include/tide_msgs/tide_msgs/msg/detail/bullet_remaining__struct.hpp
[0.845s] -- Up-to-date symlink: /home/luis/workshop_ws/install/tide_msgs/include/tide_msgs/tide_msgs/msg/detail/bullet_remaining__traits.hpp
[0.845s] -- Up-to-date symlink: /home/luis/workshop_ws/install/tide_msgs/include/tide_msgs/tide_msgs/msg/detail/bullet_remaining__type_support.hpp
[0.845s] -- Up-to-date symlink: /home/luis/workshop_ws/install/tide_msgs/include/tide_msgs/tide_msgs/msg/detail/debug_armor__builder.hpp
[0.845s] -- Up-to-date symlink: /home/luis/workshop_ws/install/tide_msgs/include/tide_msgs/tide_msgs/msg/detail/debug_armor__struct.hpp
[0.845s] -- Up-to-date symlink: /home/luis/workshop_ws/install/tide_msgs/include/tide_msgs/tide_msgs/msg/detail/debug_armor__traits.hpp
[0.846s] -- Up-to-date symlink: /home/luis/workshop_ws/install/tide_msgs/include/tide_msgs/tide_msgs/msg/detail/debug_armor__type_support.hpp
[0.846s] -- Up-to-date symlink: /home/luis/workshop_ws/install/tide_msgs/include/tide_msgs/tide_msgs/msg/detail/debug_armors__builder.hpp
[0.846s] -- Up-to-date symlink: /home/luis/workshop_ws/install/tide_msgs/include/tide_msgs/tide_msgs/msg/detail/debug_armors__struct.hpp
[0.846s] -- Up-to-date symlink: /home/luis/workshop_ws/install/tide_msgs/include/tide_msgs/tide_msgs/msg/detail/debug_armors__traits.hpp
[0.846s] -- Up-to-date symlink: /home/luis/workshop_ws/install/tide_msgs/include/tide_msgs/tide_msgs/msg/detail/debug_armors__type_support.hpp
[0.847s] -- Up-to-date symlink: /home/luis/workshop_ws/install/tide_msgs/include/tide_msgs/tide_msgs/msg/detail/debug_light__builder.hpp
[0.847s] -- Up-to-date symlink: /home/luis/workshop_ws/install/tide_msgs/include/tide_msgs/tide_msgs/msg/detail/debug_light__struct.hpp
[0.847s] -- Up-to-date symlink: /home/luis/workshop_ws/install/tide_msgs/include/tide_msgs/tide_msgs/msg/detail/debug_light__traits.hpp
[0.847s] -- Up-to-date symlink: /home/luis/workshop_ws/install/tide_msgs/include/tide_msgs/tide_msgs/msg/detail/debug_light__type_support.hpp
[0.847s] -- Up-to-date symlink: /home/luis/workshop_ws/install/tide_msgs/include/tide_msgs/tide_msgs/msg/detail/debug_lights__builder.hpp
[0.848s] -- Up-to-date symlink: /home/luis/workshop_ws/install/tide_msgs/include/tide_msgs/tide_msgs/msg/detail/debug_lights__struct.hpp
[0.848s] -- Up-to-date symlink: /home/luis/workshop_ws/install/tide_msgs/include/tide_msgs/tide_msgs/msg/detail/debug_lights__traits.hpp
[0.848s] -- Up-to-date symlink: /home/luis/workshop_ws/install/tide_msgs/include/tide_msgs/tide_msgs/msg/detail/debug_lights__type_support.hpp
[0.848s] -- Up-to-date symlink: /home/luis/workshop_ws/install/tide_msgs/include/tide_msgs/tide_msgs/msg/detail/event_data__builder.hpp
[0.848s] -- Up-to-date symlink: /home/luis/workshop_ws/install/tide_msgs/include/tide_msgs/tide_msgs/msg/detail/event_data__struct.hpp
[0.849s] -- Up-to-date symlink: /home/luis/workshop_ws/install/tide_msgs/include/tide_msgs/tide_msgs/msg/detail/event_data__traits.hpp
[0.849s] -- Up-to-date symlink: /home/luis/workshop_ws/install/tide_msgs/include/tide_msgs/tide_msgs/msg/detail/event_data__type_support.hpp
[0.849s] -- Up-to-date symlink: /home/luis/workshop_ws/install/tide_msgs/include/tide_msgs/tide_msgs/msg/detail/fd_frame__builder.hpp
[0.849s] -- Up-to-date symlink: /home/luis/workshop_ws/install/tide_msgs/include/tide_msgs/tide_msgs/msg/detail/fd_frame__struct.hpp
[0.850s] -- Up-to-date symlink: /home/luis/workshop_ws/install/tide_msgs/include/tide_msgs/tide_msgs/msg/detail/fd_frame__traits.hpp
[0.850s] -- Up-to-date symlink: /home/luis/workshop_ws/install/tide_msgs/include/tide_msgs/tide_msgs/msg/detail/fd_frame__type_support.hpp
[0.850s] -- Up-to-date symlink: /home/luis/workshop_ws/install/tide_msgs/include/tide_msgs/tide_msgs/msg/detail/game_result__builder.hpp
[0.851s] -- Up-to-date symlink: /home/luis/workshop_ws/install/tide_msgs/include/tide_msgs/tide_msgs/msg/detail/game_result__struct.hpp
[0.852s] -- Up-to-date symlink: /home/luis/workshop_ws/install/tide_msgs/include/tide_msgs/tide_msgs/msg/detail/game_result__traits.hpp
[0.852s] -- Up-to-date symlink: /home/luis/workshop_ws/install/tide_msgs/include/tide_msgs/tide_msgs/msg/detail/game_result__type_support.hpp
[0.852s] -- Up-to-date symlink: /home/luis/workshop_ws/install/tide_msgs/include/tide_msgs/tide_msgs/msg/detail/game_robot_hp__builder.hpp
[0.854s] -- Up-to-date symlink: /home/luis/workshop_ws/install/tide_msgs/include/tide_msgs/tide_msgs/msg/detail/game_robot_hp__struct.hpp
[0.854s] -- Up-to-date symlink: /home/luis/workshop_ws/install/tide_msgs/include/tide_msgs/tide_msgs/msg/detail/game_robot_hp__traits.hpp
[0.854s] -- Up-to-date symlink: /home/luis/workshop_ws/install/tide_msgs/include/tide_msgs/tide_msgs/msg/detail/game_robot_hp__type_support.hpp
[0.855s] -- Up-to-date symlink: /home/luis/workshop_ws/install/tide_msgs/include/tide_msgs/tide_msgs/msg/detail/game_robot_pos__builder.hpp
[0.855s] -- Up-to-date symlink: /home/luis/workshop_ws/install/tide_msgs/include/tide_msgs/tide_msgs/msg/detail/game_robot_pos__struct.hpp
[0.855s] -- Up-to-date symlink: /home/luis/workshop_ws/install/tide_msgs/include/tide_msgs/tide_msgs/msg/detail/game_robot_pos__traits.hpp
[0.855s] -- Up-to-date symlink: /home/luis/workshop_ws/install/tide_msgs/include/tide_msgs/tide_msgs/msg/detail/game_robot_pos__type_support.hpp
[0.855s] -- Up-to-date symlink: /home/luis/workshop_ws/install/tide_msgs/include/tide_msgs/tide_msgs/msg/detail/game_robot_status__builder.hpp
[0.856s] -- Up-to-date symlink: /home/luis/workshop_ws/install/tide_msgs/include/tide_msgs/tide_msgs/msg/detail/game_robot_status__struct.hpp
[0.856s] -- Up-to-date symlink: /home/luis/workshop_ws/install/tide_msgs/include/tide_msgs/tide_msgs/msg/detail/game_robot_status__traits.hpp
[0.856s] -- Up-to-date symlink: /home/luis/workshop_ws/install/tide_msgs/include/tide_msgs/tide_msgs/msg/detail/game_robot_status__type_support.hpp
[0.856s] -- Up-to-date symlink: /home/luis/workshop_ws/install/tide_msgs/include/tide_msgs/tide_msgs/msg/detail/game_status__builder.hpp
[0.856s] -- Up-to-date symlink: /home/luis/workshop_ws/install/tide_msgs/include/tide_msgs/tide_msgs/msg/detail/game_status__struct.hpp
[0.856s] -- Up-to-date symlink: /home/luis/workshop_ws/install/tide_msgs/include/tide_msgs/tide_msgs/msg/detail/game_status__traits.hpp
[0.857s] -- Up-to-date symlink: /home/luis/workshop_ws/install/tide_msgs/include/tide_msgs/tide_msgs/msg/detail/game_status__type_support.hpp
[0.858s] -- Up-to-date symlink: /home/luis/workshop_ws/install/tide_msgs/include/tide_msgs/tide_msgs/msg/detail/gimbal_cmd__builder.hpp
[0.859s] -- Up-to-date symlink: /home/luis/workshop_ws/install/tide_msgs/include/tide_msgs/tide_msgs/msg/detail/gimbal_cmd__struct.hpp
[0.859s] -- Up-to-date symlink: /home/luis/workshop_ws/install/tide_msgs/include/tide_msgs/tide_msgs/msg/detail/gimbal_cmd__traits.hpp
[0.859s] -- Up-to-date symlink: /home/luis/workshop_ws/install/tide_msgs/include/tide_msgs/tide_msgs/msg/detail/gimbal_cmd__type_support.hpp
[0.860s] -- Up-to-date symlink: /home/luis/workshop_ws/install/tide_msgs/include/tide_msgs/tide_msgs/msg/detail/gimbal_state__builder.hpp
[0.860s] -- Up-to-date symlink: /home/luis/workshop_ws/install/tide_msgs/include/tide_msgs/tide_msgs/msg/detail/gimbal_state__struct.hpp
[0.860s] -- Up-to-date symlink: /home/luis/workshop_ws/install/tide_msgs/include/tide_msgs/tide_msgs/msg/detail/gimbal_state__traits.hpp
[0.860s] -- Up-to-date symlink: /home/luis/workshop_ws/install/tide_msgs/include/tide_msgs/tide_msgs/msg/detail/gimbal_state__type_support.hpp
[0.860s] -- Up-to-date symlink: /home/luis/workshop_ws/install/tide_msgs/include/tide_msgs/tide_msgs/msg/detail/ground_robot__builder.hpp
[0.861s] -- Up-to-date symlink: /home/luis/workshop_ws/install/tide_msgs/include/tide_msgs/tide_msgs/msg/detail/ground_robot__struct.hpp
[0.861s] -- Up-to-date symlink: /home/luis/workshop_ws/install/tide_msgs/include/tide_msgs/tide_msgs/msg/detail/ground_robot__traits.hpp
[0.861s] -- Up-to-date symlink: /home/luis/workshop_ws/install/tide_msgs/include/tide_msgs/tide_msgs/msg/detail/ground_robot__type_support.hpp
[0.861s] -- Up-to-date symlink: /home/luis/workshop_ws/install/tide_msgs/include/tide_msgs/tide_msgs/msg/detail/interact_id__builder.hpp
[0.861s] -- Up-to-date symlink: /home/luis/workshop_ws/install/tide_msgs/include/tide_msgs/tide_msgs/msg/detail/interact_id__struct.hpp
[0.861s] -- Up-to-date symlink: /home/luis/workshop_ws/install/tide_msgs/include/tide_msgs/tide_msgs/msg/detail/interact_id__traits.hpp
[0.861s] -- Up-to-date symlink: /home/luis/workshop_ws/install/tide_msgs/include/tide_msgs/tide_msgs/msg/detail/interact_id__type_support.hpp
[0.862s] -- Up-to-date symlink: /home/luis/workshop_ws/install/tide_msgs/include/tide_msgs/tide_msgs/msg/detail/power_heat_data__builder.hpp
[0.862s] -- Up-to-date symlink: /home/luis/workshop_ws/install/tide_msgs/include/tide_msgs/tide_msgs/msg/detail/power_heat_data__struct.hpp
[0.862s] -- Up-to-date symlink: /home/luis/workshop_ws/install/tide_msgs/include/tide_msgs/tide_msgs/msg/detail/power_heat_data__traits.hpp
[0.863s] -- Up-to-date symlink: /home/luis/workshop_ws/install/tide_msgs/include/tide_msgs/tide_msgs/msg/detail/power_heat_data__type_support.hpp
[0.863s] -- Up-to-date symlink: /home/luis/workshop_ws/install/tide_msgs/include/tide_msgs/tide_msgs/msg/detail/referee_data__builder.hpp
[0.863s] -- Up-to-date symlink: /home/luis/workshop_ws/install/tide_msgs/include/tide_msgs/tide_msgs/msg/detail/referee_data__struct.hpp
[0.864s] -- Up-to-date symlink: /home/luis/workshop_ws/install/tide_msgs/include/tide_msgs/tide_msgs/msg/detail/referee_data__traits.hpp
[0.864s] -- Up-to-date symlink: /home/luis/workshop_ws/install/tide_msgs/include/tide_msgs/tide_msgs/msg/detail/referee_data__type_support.hpp
[0.864s] -- Up-to-date symlink: /home/luis/workshop_ws/install/tide_msgs/include/tide_msgs/tide_msgs/msg/detail/referee_warning__builder.hpp
[0.864s] -- Up-to-date symlink: /home/luis/workshop_ws/install/tide_msgs/include/tide_msgs/tide_msgs/msg/detail/referee_warning__struct.hpp
[0.864s] -- Up-to-date symlink: /home/luis/workshop_ws/install/tide_msgs/include/tide_msgs/tide_msgs/msg/detail/referee_warning__traits.hpp
[0.864s] -- Up-to-date symlink: /home/luis/workshop_ws/install/tide_msgs/include/tide_msgs/tide_msgs/msg/detail/referee_warning__type_support.hpp
[0.865s] -- Up-to-date symlink: /home/luis/workshop_ws/install/tide_msgs/include/tide_msgs/tide_msgs/msg/detail/rfid_status__builder.hpp
[0.865s] -- Up-to-date symlink: /home/luis/workshop_ws/install/tide_msgs/include/tide_msgs/tide_msgs/msg/detail/rfid_status__struct.hpp
[0.865s] -- Up-to-date symlink: /home/luis/workshop_ws/install/tide_msgs/include/tide_msgs/tide_msgs/msg/detail/rfid_status__traits.hpp
[0.866s] -- Up-to-date symlink: /home/luis/workshop_ws/install/tide_msgs/include/tide_msgs/tide_msgs/msg/detail/rfid_status__type_support.hpp
[0.866s] -- Up-to-date symlink: /home/luis/workshop_ws/install/tide_msgs/include/tide_msgs/tide_msgs/msg/detail/robot_hurt__builder.hpp
[0.866s] -- Up-to-date symlink: /home/luis/workshop_ws/install/tide_msgs/include/tide_msgs/tide_msgs/msg/detail/robot_hurt__struct.hpp
[0.866s] -- Up-to-date symlink: /home/luis/workshop_ws/install/tide_msgs/include/tide_msgs/tide_msgs/msg/detail/robot_hurt__traits.hpp
[0.866s] -- Up-to-date symlink: /home/luis/workshop_ws/install/tide_msgs/include/tide_msgs/tide_msgs/msg/detail/robot_hurt__type_support.hpp
[0.866s] -- Up-to-date symlink: /home/luis/workshop_ws/install/tide_msgs/include/tide_msgs/tide_msgs/msg/detail/sentry_info__builder.hpp
[0.866s] -- Up-to-date symlink: /home/luis/workshop_ws/install/tide_msgs/include/tide_msgs/tide_msgs/msg/detail/sentry_info__struct.hpp
[0.867s] -- Up-to-date symlink: /home/luis/workshop_ws/install/tide_msgs/include/tide_msgs/tide_msgs/msg/detail/sentry_info__traits.hpp
[0.867s] -- Up-to-date symlink: /home/luis/workshop_ws/install/tide_msgs/include/tide_msgs/tide_msgs/msg/detail/sentry_info__type_support.hpp
[0.867s] -- Up-to-date symlink: /home/luis/workshop_ws/install/tide_msgs/include/tide_msgs/tide_msgs/msg/detail/shoot_data__builder.hpp
[0.867s] -- Up-to-date symlink: /home/luis/workshop_ws/install/tide_msgs/include/tide_msgs/tide_msgs/msg/detail/shoot_data__struct.hpp
[0.867s] -- Up-to-date symlink: /home/luis/workshop_ws/install/tide_msgs/include/tide_msgs/tide_msgs/msg/detail/shoot_data__traits.hpp
[0.868s] -- Up-to-date symlink: /home/luis/workshop_ws/install/tide_msgs/include/tide_msgs/tide_msgs/msg/detail/shoot_data__type_support.hpp
[0.868s] -- Up-to-date symlink: /home/luis/workshop_ws/install/tide_msgs/include/tide_msgs/tide_msgs/msg/detail/shooter_cmd__builder.hpp
[0.868s] -- Up-to-date symlink: /home/luis/workshop_ws/install/tide_msgs/include/tide_msgs/tide_msgs/msg/detail/shooter_cmd__struct.hpp
[0.868s] -- Up-to-date symlink: /home/luis/workshop_ws/install/tide_msgs/include/tide_msgs/tide_msgs/msg/detail/shooter_cmd__traits.hpp
[0.868s] -- Up-to-date symlink: /home/luis/workshop_ws/install/tide_msgs/include/tide_msgs/tide_msgs/msg/detail/shooter_cmd__type_support.hpp
[0.868s] -- Up-to-date symlink: /home/luis/workshop_ws/install/tide_msgs/include/tide_msgs/tide_msgs/msg/detail/shooter_state__builder.hpp
[0.868s] -- Up-to-date symlink: /home/luis/workshop_ws/install/tide_msgs/include/tide_msgs/tide_msgs/msg/detail/shooter_state__struct.hpp
[0.869s] -- Up-to-date symlink: /home/luis/workshop_ws/install/tide_msgs/include/tide_msgs/tide_msgs/msg/detail/shooter_state__traits.hpp
[0.869s] -- Up-to-date symlink: /home/luis/workshop_ws/install/tide_msgs/include/tide_msgs/tide_msgs/msg/detail/shooter_state__type_support.hpp
[0.869s] -- Up-to-date symlink: /home/luis/workshop_ws/install/tide_msgs/include/tide_msgs/tide_msgs/msg/detail/target__builder.hpp
[0.869s] -- Up-to-date symlink: /home/luis/workshop_ws/install/tide_msgs/include/tide_msgs/tide_msgs/msg/detail/target__struct.hpp
[0.869s] -- Up-to-date symlink: /home/luis/workshop_ws/install/tide_msgs/include/tide_msgs/tide_msgs/msg/detail/target__traits.hpp
[0.869s] -- Up-to-date symlink: /home/luis/workshop_ws/install/tide_msgs/include/tide_msgs/tide_msgs/msg/detail/target__type_support.hpp
[0.870s] -- Up-to-date symlink: /home/luis/workshop_ws/install/tide_msgs/include/tide_msgs/tide_msgs/msg/detail/time_info__builder.hpp
[0.870s] -- Up-to-date symlink: /home/luis/workshop_ws/install/tide_msgs/include/tide_msgs/tide_msgs/msg/detail/time_info__struct.hpp
[0.870s] -- Up-to-date symlink: /home/luis/workshop_ws/install/tide_msgs/include/tide_msgs/tide_msgs/msg/detail/time_info__traits.hpp
[0.870s] -- Up-to-date symlink: /home/luis/workshop_ws/install/tide_msgs/include/tide_msgs/tide_msgs/msg/detail/time_info__type_support.hpp
[0.870s] -- Up-to-date symlink: /home/luis/workshop_ws/install/tide_msgs/include/tide_msgs/tide_msgs/msg/detail/tracker_info__builder.hpp
[0.870s] -- Up-to-date symlink: /home/luis/workshop_ws/install/tide_msgs/include/tide_msgs/tide_msgs/msg/detail/tracker_info__struct.hpp
[0.871s] -- Up-to-date symlink: /home/luis/workshop_ws/install/tide_msgs/include/tide_msgs/tide_msgs/msg/detail/tracker_info__traits.hpp
[0.871s] -- Up-to-date symlink: /home/luis/workshop_ws/install/tide_msgs/include/tide_msgs/tide_msgs/msg/detail/tracker_info__type_support.hpp
[0.871s] -- Up-to-date symlink: /home/luis/workshop_ws/install/tide_msgs/include/tide_msgs/tide_msgs/msg/event_data.hpp
[0.871s] -- Up-to-date symlink: /home/luis/workshop_ws/install/tide_msgs/include/tide_msgs/tide_msgs/msg/fd_frame.hpp
[0.871s] -- Up-to-date symlink: /home/luis/workshop_ws/install/tide_msgs/include/tide_msgs/tide_msgs/msg/game_result.hpp
[0.872s] -- Up-to-date symlink: /home/luis/workshop_ws/install/tide_msgs/include/tide_msgs/tide_msgs/msg/game_robot_hp.hpp
[0.872s] -- Up-to-date symlink: /home/luis/workshop_ws/install/tide_msgs/include/tide_msgs/tide_msgs/msg/game_robot_pos.hpp
[0.872s] -- Up-to-date symlink: /home/luis/workshop_ws/install/tide_msgs/include/tide_msgs/tide_msgs/msg/game_robot_status.hpp
[0.872s] -- Up-to-date symlink: /home/luis/workshop_ws/install/tide_msgs/include/tide_msgs/tide_msgs/msg/game_status.hpp
[0.872s] -- Up-to-date symlink: /home/luis/workshop_ws/install/tide_msgs/include/tide_msgs/tide_msgs/msg/gimbal_cmd.hpp
[0.872s] -- Up-to-date symlink: /home/luis/workshop_ws/install/tide_msgs/include/tide_msgs/tide_msgs/msg/gimbal_state.hpp
[0.872s] -- Up-to-date symlink: /home/luis/workshop_ws/install/tide_msgs/include/tide_msgs/tide_msgs/msg/ground_robot.hpp
[0.873s] -- Up-to-date symlink: /home/luis/workshop_ws/install/tide_msgs/include/tide_msgs/tide_msgs/msg/interact_id.hpp
[0.873s] -- Up-to-date symlink: /home/luis/workshop_ws/install/tide_msgs/include/tide_msgs/tide_msgs/msg/power_heat_data.hpp
[0.873s] -- Up-to-date symlink: /home/luis/workshop_ws/install/tide_msgs/include/tide_msgs/tide_msgs/msg/referee_data.hpp
[0.873s] -- Up-to-date symlink: /home/luis/workshop_ws/install/tide_msgs/include/tide_msgs/tide_msgs/msg/referee_warning.hpp
[0.873s] -- Up-to-date symlink: /home/luis/workshop_ws/install/tide_msgs/include/tide_msgs/tide_msgs/msg/rfid_status.hpp
[0.874s] -- Up-to-date symlink: /home/luis/workshop_ws/install/tide_msgs/include/tide_msgs/tide_msgs/msg/robot_hurt.hpp
[0.874s] -- Up-to-date symlink: /home/luis/workshop_ws/install/tide_msgs/include/tide_msgs/tide_msgs/msg/rosidl_generator_cpp__visibility_control.hpp
[0.874s] -- Up-to-date symlink: /home/luis/workshop_ws/install/tide_msgs/include/tide_msgs/tide_msgs/msg/sentry_info.hpp
[0.874s] -- Up-to-date symlink: /home/luis/workshop_ws/install/tide_msgs/include/tide_msgs/tide_msgs/msg/shoot_data.hpp
[0.874s] -- Up-to-date symlink: /home/luis/workshop_ws/install/tide_msgs/include/tide_msgs/tide_msgs/msg/shooter_cmd.hpp
[0.874s] -- Up-to-date symlink: /home/luis/workshop_ws/install/tide_msgs/include/tide_msgs/tide_msgs/msg/shooter_state.hpp
[0.874s] -- Up-to-date symlink: /home/luis/workshop_ws/install/tide_msgs/include/tide_msgs/tide_msgs/msg/target.hpp
[0.875s] -- Up-to-date symlink: /home/luis/workshop_ws/install/tide_msgs/include/tide_msgs/tide_msgs/msg/time_info.hpp
[0.875s] -- Up-to-date symlink: /home/luis/workshop_ws/install/tide_msgs/include/tide_msgs/tide_msgs/msg/tracker_info.hpp
[0.875s] -- Up-to-date symlink: /home/luis/workshop_ws/install/tide_msgs/include/tide_msgs/tide_msgs/msg/detail/armor__rosidl_typesupport_fastrtps_cpp.hpp
[0.875s] -- Up-to-date symlink: /home/luis/workshop_ws/install/tide_msgs/include/tide_msgs/tide_msgs/msg/detail/armors__rosidl_typesupport_fastrtps_cpp.hpp
[0.875s] -- Up-to-date symlink: /home/luis/workshop_ws/install/tide_msgs/include/tide_msgs/tide_msgs/msg/detail/bigyaw_cmd__rosidl_typesupport_fastrtps_cpp.hpp
[0.875s] -- Up-to-date symlink: /home/luis/workshop_ws/install/tide_msgs/include/tide_msgs/tide_msgs/msg/detail/bigyaw_state__rosidl_typesupport_fastrtps_cpp.hpp
[0.875s] -- Up-to-date symlink: /home/luis/workshop_ws/install/tide_msgs/include/tide_msgs/tide_msgs/msg/detail/buff__rosidl_typesupport_fastrtps_cpp.hpp
[0.876s] -- Up-to-date symlink: /home/luis/workshop_ws/install/tide_msgs/include/tide_msgs/tide_msgs/msg/detail/bullet_remaining__rosidl_typesupport_fastrtps_cpp.hpp
[0.876s] -- Up-to-date symlink: /home/luis/workshop_ws/install/tide_msgs/include/tide_msgs/tide_msgs/msg/detail/debug_armor__rosidl_typesupport_fastrtps_cpp.hpp
[0.876s] -- Up-to-date symlink: /home/luis/workshop_ws/install/tide_msgs/include/tide_msgs/tide_msgs/msg/detail/debug_armors__rosidl_typesupport_fastrtps_cpp.hpp
[0.877s] -- Up-to-date symlink: /home/luis/workshop_ws/install/tide_msgs/include/tide_msgs/tide_msgs/msg/detail/debug_light__rosidl_typesupport_fastrtps_cpp.hpp
[0.877s] -- Up-to-date symlink: /home/luis/workshop_ws/install/tide_msgs/include/tide_msgs/tide_msgs/msg/detail/debug_lights__rosidl_typesupport_fastrtps_cpp.hpp
[0.877s] -- Up-to-date symlink: /home/luis/workshop_ws/install/tide_msgs/include/tide_msgs/tide_msgs/msg/detail/event_data__rosidl_typesupport_fastrtps_cpp.hpp
[0.877s] -- Up-to-date symlink: /home/luis/workshop_ws/install/tide_msgs/include/tide_msgs/tide_msgs/msg/detail/fd_frame__rosidl_typesupport_fastrtps_cpp.hpp
[0.878s] -- Up-to-date symlink: /home/luis/workshop_ws/install/tide_msgs/include/tide_msgs/tide_msgs/msg/detail/game_result__rosidl_typesupport_fastrtps_cpp.hpp
[0.878s] -- Up-to-date symlink: /home/luis/workshop_ws/install/tide_msgs/include/tide_msgs/tide_msgs/msg/detail/game_robot_hp__rosidl_typesupport_fastrtps_cpp.hpp
[0.878s] -- Up-to-date symlink: /home/luis/workshop_ws/install/tide_msgs/include/tide_msgs/tide_msgs/msg/detail/game_robot_pos__rosidl_typesupport_fastrtps_cpp.hpp
[0.878s] -- Up-to-date symlink: /home/luis/workshop_ws/install/tide_msgs/include/tide_msgs/tide_msgs/msg/detail/game_robot_status__rosidl_typesupport_fastrtps_cpp.hpp
[0.878s] -- Up-to-date symlink: /home/luis/workshop_ws/install/tide_msgs/include/tide_msgs/tide_msgs/msg/detail/game_status__rosidl_typesupport_fastrtps_cpp.hpp
[0.878s] -- Up-to-date symlink: /home/luis/workshop_ws/install/tide_msgs/include/tide_msgs/tide_msgs/msg/detail/gimbal_cmd__rosidl_typesupport_fastrtps_cpp.hpp
[0.879s] -- Up-to-date symlink: /home/luis/workshop_ws/install/tide_msgs/include/tide_msgs/tide_msgs/msg/detail/gimbal_state__rosidl_typesupport_fastrtps_cpp.hpp
[0.879s] -- Up-to-date symlink: /home/luis/workshop_ws/install/tide_msgs/include/tide_msgs/tide_msgs/msg/detail/ground_robot__rosidl_typesupport_fastrtps_cpp.hpp
[0.879s] -- Up-to-date symlink: /home/luis/workshop_ws/install/tide_msgs/include/tide_msgs/tide_msgs/msg/detail/interact_id__rosidl_typesupport_fastrtps_cpp.hpp
[0.879s] -- Up-to-date symlink: /home/luis/workshop_ws/install/tide_msgs/include/tide_msgs/tide_msgs/msg/detail/power_heat_data__rosidl_typesupport_fastrtps_cpp.hpp
[0.879s] -- Up-to-date symlink: /home/luis/workshop_ws/install/tide_msgs/include/tide_msgs/tide_msgs/msg/detail/referee_data__rosidl_typesupport_fastrtps_cpp.hpp
[0.879s] -- Up-to-date symlink: /home/luis/workshop_ws/install/tide_msgs/include/tide_msgs/tide_msgs/msg/detail/referee_warning__rosidl_typesupport_fastrtps_cpp.hpp
[0.880s] -- Up-to-date symlink: /home/luis/workshop_ws/install/tide_msgs/include/tide_msgs/tide_msgs/msg/detail/rfid_status__rosidl_typesupport_fastrtps_cpp.hpp
[0.880s] -- Up-to-date symlink: /home/luis/workshop_ws/install/tide_msgs/include/tide_msgs/tide_msgs/msg/detail/robot_hurt__rosidl_typesupport_fastrtps_cpp.hpp
[0.880s] -- Up-to-date symlink: /home/luis/workshop_ws/install/tide_msgs/include/tide_msgs/tide_msgs/msg/detail/sentry_info__rosidl_typesupport_fastrtps_cpp.hpp
[0.880s] -- Up-to-date symlink: /home/luis/workshop_ws/install/tide_msgs/include/tide_msgs/tide_msgs/msg/detail/shoot_data__rosidl_typesupport_fastrtps_cpp.hpp
[0.880s] -- Up-to-date symlink: /home/luis/workshop_ws/install/tide_msgs/include/tide_msgs/tide_msgs/msg/detail/shooter_cmd__rosidl_typesupport_fastrtps_cpp.hpp
[0.881s] -- Up-to-date symlink: /home/luis/workshop_ws/install/tide_msgs/include/tide_msgs/tide_msgs/msg/detail/shooter_state__rosidl_typesupport_fastrtps_cpp.hpp
[0.881s] -- Up-to-date symlink: /home/luis/workshop_ws/install/tide_msgs/include/tide_msgs/tide_msgs/msg/detail/target__rosidl_typesupport_fastrtps_cpp.hpp
[0.881s] -- Up-to-date symlink: /home/luis/workshop_ws/install/tide_msgs/include/tide_msgs/tide_msgs/msg/detail/time_info__rosidl_typesupport_fastrtps_cpp.hpp
[0.881s] -- Up-to-date symlink: /home/luis/workshop_ws/install/tide_msgs/include/tide_msgs/tide_msgs/msg/detail/tracker_info__rosidl_typesupport_fastrtps_cpp.hpp
[0.881s] -- Up-to-date symlink: /home/luis/workshop_ws/install/tide_msgs/include/tide_msgs/tide_msgs/msg/rosidl_typesupport_fastrtps_cpp__visibility_control.h
[0.882s] -- Up-to-date symlink: /home/luis/workshop_ws/install/tide_msgs/include/tide_msgs/tide_msgs/msg/detail/armor__rosidl_typesupport_introspection_c.h
[0.882s] -- Up-to-date symlink: /home/luis/workshop_ws/install/tide_msgs/include/tide_msgs/tide_msgs/msg/detail/armors__rosidl_typesupport_introspection_c.h
[0.882s] -- Up-to-date symlink: /home/luis/workshop_ws/install/tide_msgs/include/tide_msgs/tide_msgs/msg/detail/bigyaw_cmd__rosidl_typesupport_introspection_c.h
[0.882s] -- Up-to-date symlink: /home/luis/workshop_ws/install/tide_msgs/include/tide_msgs/tide_msgs/msg/detail/bigyaw_state__rosidl_typesupport_introspection_c.h
[0.882s] -- Up-to-date symlink: /home/luis/workshop_ws/install/tide_msgs/include/tide_msgs/tide_msgs/msg/detail/buff__rosidl_typesupport_introspection_c.h
[0.883s] -- Up-to-date symlink: /home/luis/workshop_ws/install/tide_msgs/include/tide_msgs/tide_msgs/msg/detail/bullet_remaining__rosidl_typesupport_introspection_c.h
[0.883s] -- Up-to-date symlink: /home/luis/workshop_ws/install/tide_msgs/include/tide_msgs/tide_msgs/msg/detail/debug_armor__rosidl_typesupport_introspection_c.h
[0.883s] -- Up-to-date symlink: /home/luis/workshop_ws/install/tide_msgs/include/tide_msgs/tide_msgs/msg/detail/debug_armors__rosidl_typesupport_introspection_c.h
[0.883s] -- Up-to-date symlink: /home/luis/workshop_ws/install/tide_msgs/include/tide_msgs/tide_msgs/msg/detail/debug_light__rosidl_typesupport_introspection_c.h
[0.883s] -- Up-to-date symlink: /home/luis/workshop_ws/install/tide_msgs/include/tide_msgs/tide_msgs/msg/detail/debug_lights__rosidl_typesupport_introspection_c.h
[0.883s] -- Up-to-date symlink: /home/luis/workshop_ws/install/tide_msgs/include/tide_msgs/tide_msgs/msg/detail/event_data__rosidl_typesupport_introspection_c.h
[0.883s] -- Up-to-date symlink: /home/luis/workshop_ws/install/tide_msgs/include/tide_msgs/tide_msgs/msg/detail/fd_frame__rosidl_typesupport_introspection_c.h
[0.884s] -- Up-to-date symlink: /home/luis/workshop_ws/install/tide_msgs/include/tide_msgs/tide_msgs/msg/detail/game_result__rosidl_typesupport_introspection_c.h
[0.884s] -- Up-to-date symlink: /home/luis/workshop_ws/install/tide_msgs/include/tide_msgs/tide_msgs/msg/detail/game_robot_hp__rosidl_typesupport_introspection_c.h
[0.884s] -- Up-to-date symlink: /home/luis/workshop_ws/install/tide_msgs/include/tide_msgs/tide_msgs/msg/detail/game_robot_pos__rosidl_typesupport_introspection_c.h
[0.884s] -- Up-to-date symlink: /home/luis/workshop_ws/install/tide_msgs/include/tide_msgs/tide_msgs/msg/detail/game_robot_status__rosidl_typesupport_introspection_c.h
[0.884s] -- Up-to-date symlink: /home/luis/workshop_ws/install/tide_msgs/include/tide_msgs/tide_msgs/msg/detail/game_status__rosidl_typesupport_introspection_c.h
[0.885s] -- Up-to-date symlink: /home/luis/workshop_ws/install/tide_msgs/include/tide_msgs/tide_msgs/msg/detail/gimbal_cmd__rosidl_typesupport_introspection_c.h
[0.885s] -- Up-to-date symlink: /home/luis/workshop_ws/install/tide_msgs/include/tide_msgs/tide_msgs/msg/detail/gimbal_state__rosidl_typesupport_introspection_c.h
[0.885s] -- Up-to-date symlink: /home/luis/workshop_ws/install/tide_msgs/include/tide_msgs/tide_msgs/msg/detail/ground_robot__rosidl_typesupport_introspection_c.h
[0.885s] -- Up-to-date symlink: /home/luis/workshop_ws/install/tide_msgs/include/tide_msgs/tide_msgs/msg/detail/interact_id__rosidl_typesupport_introspection_c.h
[0.885s] -- Up-to-date symlink: /home/luis/workshop_ws/install/tide_msgs/include/tide_msgs/tide_msgs/msg/detail/power_heat_data__rosidl_typesupport_introspection_c.h
[0.885s] -- Up-to-date symlink: /home/luis/workshop_ws/install/tide_msgs/include/tide_msgs/tide_msgs/msg/detail/referee_data__rosidl_typesupport_introspection_c.h
[0.885s] -- Up-to-date symlink: /home/luis/workshop_ws/install/tide_msgs/include/tide_msgs/tide_msgs/msg/detail/referee_warning__rosidl_typesupport_introspection_c.h
[0.886s] -- Up-to-date symlink: /home/luis/workshop_ws/install/tide_msgs/include/tide_msgs/tide_msgs/msg/detail/rfid_status__rosidl_typesupport_introspection_c.h
[0.886s] -- Up-to-date symlink: /home/luis/workshop_ws/install/tide_msgs/include/tide_msgs/tide_msgs/msg/detail/robot_hurt__rosidl_typesupport_introspection_c.h
[0.886s] -- Up-to-date symlink: /home/luis/workshop_ws/install/tide_msgs/include/tide_msgs/tide_msgs/msg/detail/sentry_info__rosidl_typesupport_introspection_c.h
[0.886s] -- Up-to-date symlink: /home/luis/workshop_ws/install/tide_msgs/include/tide_msgs/tide_msgs/msg/detail/shoot_data__rosidl_typesupport_introspection_c.h
[0.886s] -- Up-to-date symlink: /home/luis/workshop_ws/install/tide_msgs/include/tide_msgs/tide_msgs/msg/detail/shooter_cmd__rosidl_typesupport_introspection_c.h
[0.886s] -- Up-to-date symlink: /home/luis/workshop_ws/install/tide_msgs/include/tide_msgs/tide_msgs/msg/detail/shooter_state__rosidl_typesupport_introspection_c.h
[0.886s] -- Up-to-date symlink: /home/luis/workshop_ws/install/tide_msgs/include/tide_msgs/tide_msgs/msg/detail/target__rosidl_typesupport_introspection_c.h
[0.886s] -- Up-to-date symlink: /home/luis/workshop_ws/install/tide_msgs/include/tide_msgs/tide_msgs/msg/detail/time_info__rosidl_typesupport_introspection_c.h
[0.886s] -- Up-to-date symlink: /home/luis/workshop_ws/install/tide_msgs/include/tide_msgs/tide_msgs/msg/detail/tracker_info__rosidl_typesupport_introspection_c.h
[0.886s] -- Up-to-date symlink: /home/luis/workshop_ws/install/tide_msgs/include/tide_msgs/tide_msgs/msg/rosidl_typesupport_introspection_c__visibility_control.h
[0.887s] -- Up-to-date symlink: /home/luis/workshop_ws/install/tide_msgs/include/tide_msgs/tide_msgs/msg/detail/armor__rosidl_typesupport_introspection_cpp.hpp
[0.887s] -- Up-to-date symlink: /home/luis/workshop_ws/install/tide_msgs/include/tide_msgs/tide_msgs/msg/detail/armors__rosidl_typesupport_introspection_cpp.hpp
[0.887s] -- Up-to-date symlink: /home/luis/workshop_ws/install/tide_msgs/include/tide_msgs/tide_msgs/msg/detail/bigyaw_cmd__rosidl_typesupport_introspection_cpp.hpp
[0.888s] -- Up-to-date symlink: /home/luis/workshop_ws/install/tide_msgs/include/tide_msgs/tide_msgs/msg/detail/bigyaw_state__rosidl_typesupport_introspection_cpp.hpp
[0.888s] -- Up-to-date symlink: /home/luis/workshop_ws/install/tide_msgs/include/tide_msgs/tide_msgs/msg/detail/buff__rosidl_typesupport_introspection_cpp.hpp
[0.888s] -- Up-to-date symlink: /home/luis/workshop_ws/install/tide_msgs/include/tide_msgs/tide_msgs/msg/detail/bullet_remaining__rosidl_typesupport_introspection_cpp.hpp
[0.889s] -- Up-to-date symlink: /home/luis/workshop_ws/install/tide_msgs/include/tide_msgs/tide_msgs/msg/detail/debug_armor__rosidl_typesupport_introspection_cpp.hpp
[0.889s] -- Up-to-date symlink: /home/luis/workshop_ws/install/tide_msgs/include/tide_msgs/tide_msgs/msg/detail/debug_armors__rosidl_typesupport_introspection_cpp.hpp
[0.889s] -- Up-to-date symlink: /home/luis/workshop_ws/install/tide_msgs/include/tide_msgs/tide_msgs/msg/detail/debug_light__rosidl_typesupport_introspection_cpp.hpp
[0.889s] -- Up-to-date symlink: /home/luis/workshop_ws/install/tide_msgs/include/tide_msgs/tide_msgs/msg/detail/debug_lights__rosidl_typesupport_introspection_cpp.hpp
[0.889s] -- Up-to-date symlink: /home/luis/workshop_ws/install/tide_msgs/include/tide_msgs/tide_msgs/msg/detail/event_data__rosidl_typesupport_introspection_cpp.hpp
[0.889s] -- Up-to-date symlink: /home/luis/workshop_ws/install/tide_msgs/include/tide_msgs/tide_msgs/msg/detail/fd_frame__rosidl_typesupport_introspection_cpp.hpp
[0.890s] -- Up-to-date symlink: /home/luis/workshop_ws/install/tide_msgs/include/tide_msgs/tide_msgs/msg/detail/game_result__rosidl_typesupport_introspection_cpp.hpp
[0.890s] -- Up-to-date symlink: /home/luis/workshop_ws/install/tide_msgs/include/tide_msgs/tide_msgs/msg/detail/game_robot_hp__rosidl_typesupport_introspection_cpp.hpp
[0.890s] -- Up-to-date symlink: /home/luis/workshop_ws/install/tide_msgs/include/tide_msgs/tide_msgs/msg/detail/game_robot_pos__rosidl_typesupport_introspection_cpp.hpp
[0.891s] -- Up-to-date symlink: /home/luis/workshop_ws/install/tide_msgs/include/tide_msgs/tide_msgs/msg/detail/game_robot_status__rosidl_typesupport_introspection_cpp.hpp
[0.891s] -- Up-to-date symlink: /home/luis/workshop_ws/install/tide_msgs/include/tide_msgs/tide_msgs/msg/detail/game_status__rosidl_typesupport_introspection_cpp.hpp
[0.891s] -- Up-to-date symlink: /home/luis/workshop_ws/install/tide_msgs/include/tide_msgs/tide_msgs/msg/detail/gimbal_cmd__rosidl_typesupport_introspection_cpp.hpp
[0.891s] -- Up-to-date symlink: /home/luis/workshop_ws/install/tide_msgs/include/tide_msgs/tide_msgs/msg/detail/gimbal_state__rosidl_typesupport_introspection_cpp.hpp
[0.891s] -- Up-to-date symlink: /home/luis/workshop_ws/install/tide_msgs/include/tide_msgs/tide_msgs/msg/detail/ground_robot__rosidl_typesupport_introspection_cpp.hpp
[0.891s] -- Up-to-date symlink: /home/luis/workshop_ws/install/tide_msgs/include/tide_msgs/tide_msgs/msg/detail/interact_id__rosidl_typesupport_introspection_cpp.hpp
[0.892s] -- Up-to-date symlink: /home/luis/workshop_ws/install/tide_msgs/include/tide_msgs/tide_msgs/msg/detail/power_heat_data__rosidl_typesupport_introspection_cpp.hpp
[0.892s] -- Up-to-date symlink: /home/luis/workshop_ws/install/tide_msgs/include/tide_msgs/tide_msgs/msg/detail/referee_data__rosidl_typesupport_introspection_cpp.hpp
[0.892s] -- Up-to-date symlink: /home/luis/workshop_ws/install/tide_msgs/include/tide_msgs/tide_msgs/msg/detail/referee_warning__rosidl_typesupport_introspection_cpp.hpp
[0.892s] -- Up-to-date symlink: /home/luis/workshop_ws/install/tide_msgs/include/tide_msgs/tide_msgs/msg/detail/rfid_status__rosidl_typesupport_introspection_cpp.hpp
[0.892s] -- Up-to-date symlink: /home/luis/workshop_ws/install/tide_msgs/include/tide_msgs/tide_msgs/msg/detail/robot_hurt__rosidl_typesupport_introspection_cpp.hpp
[0.892s] -- Up-to-date symlink: /home/luis/workshop_ws/install/tide_msgs/include/tide_msgs/tide_msgs/msg/detail/sentry_info__rosidl_typesupport_introspection_cpp.hpp
[0.893s] -- Up-to-date symlink: /home/luis/workshop_ws/install/tide_msgs/include/tide_msgs/tide_msgs/msg/detail/shoot_data__rosidl_typesupport_introspection_cpp.hpp
[0.893s] -- Up-to-date symlink: /home/luis/workshop_ws/install/tide_msgs/include/tide_msgs/tide_msgs/msg/detail/shooter_cmd__rosidl_typesupport_introspection_cpp.hpp
[0.893s] -- Up-to-date symlink: /home/luis/workshop_ws/install/tide_msgs/include/tide_msgs/tide_msgs/msg/detail/shooter_state__rosidl_typesupport_introspection_cpp.hpp
[0.893s] -- Up-to-date symlink: /home/luis/workshop_ws/install/tide_msgs/include/tide_msgs/tide_msgs/msg/detail/target__rosidl_typesupport_introspection_cpp.hpp
[0.894s] -- Up-to-date symlink: /home/luis/workshop_ws/install/tide_msgs/include/tide_msgs/tide_msgs/msg/detail/time_info__rosidl_typesupport_introspection_cpp.hpp
[0.894s] -- Up-to-date symlink: /home/luis/workshop_ws/install/tide_msgs/include/tide_msgs/tide_msgs/msg/detail/tracker_info__rosidl_typesupport_introspection_cpp.hpp
[0.894s] -- Up-to-date symlink: /home/luis/workshop_ws/install/tide_msgs/share/tide_msgs/environment/pythonpath.sh
[0.894s] -- Up-to-date symlink: /home/luis/workshop_ws/install/tide_msgs/share/tide_msgs/environment/pythonpath.dsv
[0.894s] -- Up-to-date symlink: /home/luis/workshop_ws/install/tide_msgs/local/lib/python3.10/dist-packages/tide_msgs-0.0.0-py3.10.egg-info/PKG-INFO
[0.894s] -- Up-to-date symlink: /home/luis/workshop_ws/install/tide_msgs/local/lib/python3.10/dist-packages/tide_msgs-0.0.0-py3.10.egg-info/SOURCES.txt
[0.895s] -- Up-to-date symlink: /home/luis/workshop_ws/install/tide_msgs/local/lib/python3.10/dist-packages/tide_msgs-0.0.0-py3.10.egg-info/dependency_links.txt
[0.895s] -- Up-to-date symlink: /home/luis/workshop_ws/install/tide_msgs/local/lib/python3.10/dist-packages/tide_msgs-0.0.0-py3.10.egg-info/top_level.txt
[0.898s] -- Up-to-date symlink: /home/luis/workshop_ws/install/tide_msgs/local/lib/python3.10/dist-packages/tide_msgs/__init__.py
[0.898s] -- Up-to-date symlink: /home/luis/workshop_ws/install/tide_msgs/local/lib/python3.10/dist-packages/tide_msgs/_tide_msgs_s.ep.rosidl_typesupport_c.c
[0.899s] -- Up-to-date symlink: /home/luis/workshop_ws/install/tide_msgs/local/lib/python3.10/dist-packages/tide_msgs/_tide_msgs_s.ep.rosidl_typesupport_fastrtps_c.c
[0.899s] -- Up-to-date symlink: /home/luis/workshop_ws/install/tide_msgs/local/lib/python3.10/dist-packages/tide_msgs/_tide_msgs_s.ep.rosidl_typesupport_introspection_c.c
[0.901s] -- Up-to-date symlink: /home/luis/workshop_ws/install/tide_msgs/local/lib/python3.10/dist-packages/tide_msgs/libtide_msgs__rosidl_generator_py.so
[0.901s] -- Up-to-date symlink: /home/luis/workshop_ws/install/tide_msgs/local/lib/python3.10/dist-packages/tide_msgs/msg/__init__.py
[0.903s] -- Up-to-date symlink: /home/luis/workshop_ws/install/tide_msgs/local/lib/python3.10/dist-packages/tide_msgs/msg/_armor.py
[0.903s] -- Up-to-date symlink: /home/luis/workshop_ws/install/tide_msgs/local/lib/python3.10/dist-packages/tide_msgs/msg/_armor_s.c
[0.903s] -- Up-to-date symlink: /home/luis/workshop_ws/install/tide_msgs/local/lib/python3.10/dist-packages/tide_msgs/msg/_armors.py
[0.903s] -- Up-to-date symlink: /home/luis/workshop_ws/install/tide_msgs/local/lib/python3.10/dist-packages/tide_msgs/msg/_armors_s.c
[0.904s] -- Up-to-date symlink: /home/luis/workshop_ws/install/tide_msgs/local/lib/python3.10/dist-packages/tide_msgs/msg/_bigyaw_cmd.py
[0.904s] -- Up-to-date symlink: /home/luis/workshop_ws/install/tide_msgs/local/lib/python3.10/dist-packages/tide_msgs/msg/_bigyaw_cmd_s.c
[0.904s] -- Up-to-date symlink: /home/luis/workshop_ws/install/tide_msgs/local/lib/python3.10/dist-packages/tide_msgs/msg/_bigyaw_state.py
[0.904s] -- Up-to-date symlink: /home/luis/workshop_ws/install/tide_msgs/local/lib/python3.10/dist-packages/tide_msgs/msg/_bigyaw_state_s.c
[0.904s] -- Up-to-date symlink: /home/luis/workshop_ws/install/tide_msgs/local/lib/python3.10/dist-packages/tide_msgs/msg/_buff.py
[0.904s] -- Up-to-date symlink: /home/luis/workshop_ws/install/tide_msgs/local/lib/python3.10/dist-packages/tide_msgs/msg/_buff_s.c
[0.905s] -- Up-to-date symlink: /home/luis/workshop_ws/install/tide_msgs/local/lib/python3.10/dist-packages/tide_msgs/msg/_bullet_remaining.py
[0.905s] -- Up-to-date symlink: /home/luis/workshop_ws/install/tide_msgs/local/lib/python3.10/dist-packages/tide_msgs/msg/_bullet_remaining_s.c
[0.905s] -- Up-to-date symlink: /home/luis/workshop_ws/install/tide_msgs/local/lib/python3.10/dist-packages/tide_msgs/msg/_debug_armor.py
[0.905s] -- Up-to-date symlink: /home/luis/workshop_ws/install/tide_msgs/local/lib/python3.10/dist-packages/tide_msgs/msg/_debug_armor_s.c
[0.906s] -- Up-to-date symlink: /home/luis/workshop_ws/install/tide_msgs/local/lib/python3.10/dist-packages/tide_msgs/msg/_debug_armors.py
[0.906s] -- Up-to-date symlink: /home/luis/workshop_ws/install/tide_msgs/local/lib/python3.10/dist-packages/tide_msgs/msg/_debug_armors_s.c
[0.906s] -- Up-to-date symlink: /home/luis/workshop_ws/install/tide_msgs/local/lib/python3.10/dist-packages/tide_msgs/msg/_debug_light.py
[0.906s] -- Up-to-date symlink: /home/luis/workshop_ws/install/tide_msgs/local/lib/python3.10/dist-packages/tide_msgs/msg/_debug_light_s.c
[0.906s] -- Up-to-date symlink: /home/luis/workshop_ws/install/tide_msgs/local/lib/python3.10/dist-packages/tide_msgs/msg/_debug_lights.py
[0.906s] -- Up-to-date symlink: /home/luis/workshop_ws/install/tide_msgs/local/lib/python3.10/dist-packages/tide_msgs/msg/_debug_lights_s.c
[0.906s] -- Up-to-date symlink: /home/luis/workshop_ws/install/tide_msgs/local/lib/python3.10/dist-packages/tide_msgs/msg/_event_data.py
[0.906s] -- Up-to-date symlink: /home/luis/workshop_ws/install/tide_msgs/local/lib/python3.10/dist-packages/tide_msgs/msg/_event_data_s.c
[0.907s] -- Up-to-date symlink: /home/luis/workshop_ws/install/tide_msgs/local/lib/python3.10/dist-packages/tide_msgs/msg/_fd_frame.py
[0.907s] -- Up-to-date symlink: /home/luis/workshop_ws/install/tide_msgs/local/lib/python3.10/dist-packages/tide_msgs/msg/_fd_frame_s.c
[0.907s] -- Up-to-date symlink: /home/luis/workshop_ws/install/tide_msgs/local/lib/python3.10/dist-packages/tide_msgs/msg/_game_result.py
[0.907s] -- Up-to-date symlink: /home/luis/workshop_ws/install/tide_msgs/local/lib/python3.10/dist-packages/tide_msgs/msg/_game_result_s.c
[0.908s] -- Up-to-date symlink: /home/luis/workshop_ws/install/tide_msgs/local/lib/python3.10/dist-packages/tide_msgs/msg/_game_robot_hp.py
[0.908s] -- Up-to-date symlink: /home/luis/workshop_ws/install/tide_msgs/local/lib/python3.10/dist-packages/tide_msgs/msg/_game_robot_hp_s.c
[0.908s] -- Up-to-date symlink: /home/luis/workshop_ws/install/tide_msgs/local/lib/python3.10/dist-packages/tide_msgs/msg/_game_robot_pos.py
[0.908s] -- Up-to-date symlink: /home/luis/workshop_ws/install/tide_msgs/local/lib/python3.10/dist-packages/tide_msgs/msg/_game_robot_pos_s.c
[0.908s] -- Up-to-date symlink: /home/luis/workshop_ws/install/tide_msgs/local/lib/python3.10/dist-packages/tide_msgs/msg/_game_robot_status.py
[0.908s] -- Up-to-date symlink: /home/luis/workshop_ws/install/tide_msgs/local/lib/python3.10/dist-packages/tide_msgs/msg/_game_robot_status_s.c
[0.909s] -- Up-to-date symlink: /home/luis/workshop_ws/install/tide_msgs/local/lib/python3.10/dist-packages/tide_msgs/msg/_game_status.py
[0.909s] -- Up-to-date symlink: /home/luis/workshop_ws/install/tide_msgs/local/lib/python3.10/dist-packages/tide_msgs/msg/_game_status_s.c
[0.909s] -- Up-to-date symlink: /home/luis/workshop_ws/install/tide_msgs/local/lib/python3.10/dist-packages/tide_msgs/msg/_gimbal_cmd.py
[0.909s] -- Up-to-date symlink: /home/luis/workshop_ws/install/tide_msgs/local/lib/python3.10/dist-packages/tide_msgs/msg/_gimbal_cmd_s.c
[0.909s] -- Up-to-date symlink: /home/luis/workshop_ws/install/tide_msgs/local/lib/python3.10/dist-packages/tide_msgs/msg/_gimbal_state.py
[0.909s] -- Up-to-date symlink: /home/luis/workshop_ws/install/tide_msgs/local/lib/python3.10/dist-packages/tide_msgs/msg/_gimbal_state_s.c
[0.909s] -- Up-to-date symlink: /home/luis/workshop_ws/install/tide_msgs/local/lib/python3.10/dist-packages/tide_msgs/msg/_ground_robot.py
[0.910s] -- Up-to-date symlink: /home/luis/workshop_ws/install/tide_msgs/local/lib/python3.10/dist-packages/tide_msgs/msg/_ground_robot_s.c
[0.910s] -- Up-to-date symlink: /home/luis/workshop_ws/install/tide_msgs/local/lib/python3.10/dist-packages/tide_msgs/msg/_interact_id.py
[0.910s] -- Up-to-date symlink: /home/luis/workshop_ws/install/tide_msgs/local/lib/python3.10/dist-packages/tide_msgs/msg/_interact_id_s.c
[0.910s] -- Up-to-date symlink: /home/luis/workshop_ws/install/tide_msgs/local/lib/python3.10/dist-packages/tide_msgs/msg/_power_heat_data.py
[0.910s] -- Up-to-date symlink: /home/luis/workshop_ws/install/tide_msgs/local/lib/python3.10/dist-packages/tide_msgs/msg/_power_heat_data_s.c
[0.910s] -- Up-to-date symlink: /home/luis/workshop_ws/install/tide_msgs/local/lib/python3.10/dist-packages/tide_msgs/msg/_referee_data.py
[0.910s] -- Up-to-date symlink: /home/luis/workshop_ws/install/tide_msgs/local/lib/python3.10/dist-packages/tide_msgs/msg/_referee_data_s.c
[0.910s] -- Up-to-date symlink: /home/luis/workshop_ws/install/tide_msgs/local/lib/python3.10/dist-packages/tide_msgs/msg/_referee_warning.py
[0.911s] -- Up-to-date symlink: /home/luis/workshop_ws/install/tide_msgs/local/lib/python3.10/dist-packages/tide_msgs/msg/_referee_warning_s.c
[0.911s] -- Up-to-date symlink: /home/luis/workshop_ws/install/tide_msgs/local/lib/python3.10/dist-packages/tide_msgs/msg/_rfid_status.py
[0.911s] -- Up-to-date symlink: /home/luis/workshop_ws/install/tide_msgs/local/lib/python3.10/dist-packages/tide_msgs/msg/_rfid_status_s.c
[0.911s] -- Up-to-date symlink: /home/luis/workshop_ws/install/tide_msgs/local/lib/python3.10/dist-packages/tide_msgs/msg/_robot_hurt.py
[0.911s] -- Up-to-date symlink: /home/luis/workshop_ws/install/tide_msgs/local/lib/python3.10/dist-packages/tide_msgs/msg/_robot_hurt_s.c
[0.911s] -- Up-to-date symlink: /home/luis/workshop_ws/install/tide_msgs/local/lib/python3.10/dist-packages/tide_msgs/msg/_sentry_info.py
[0.912s] -- Up-to-date symlink: /home/luis/workshop_ws/install/tide_msgs/local/lib/python3.10/dist-packages/tide_msgs/msg/_sentry_info_s.c
[0.912s] -- Up-to-date symlink: /home/luis/workshop_ws/install/tide_msgs/local/lib/python3.10/dist-packages/tide_msgs/msg/_shoot_data.py
[0.912s] -- Up-to-date symlink: /home/luis/workshop_ws/install/tide_msgs/local/lib/python3.10/dist-packages/tide_msgs/msg/_shoot_data_s.c
[0.912s] -- Up-to-date symlink: /home/luis/workshop_ws/install/tide_msgs/local/lib/python3.10/dist-packages/tide_msgs/msg/_shooter_cmd.py
[0.912s] -- Up-to-date symlink: /home/luis/workshop_ws/install/tide_msgs/local/lib/python3.10/dist-packages/tide_msgs/msg/_shooter_cmd_s.c
[0.912s] -- Up-to-date symlink: /home/luis/workshop_ws/install/tide_msgs/local/lib/python3.10/dist-packages/tide_msgs/msg/_shooter_state.py
[0.912s] -- Up-to-date symlink: /home/luis/workshop_ws/install/tide_msgs/local/lib/python3.10/dist-packages/tide_msgs/msg/_shooter_state_s.c
[0.913s] -- Up-to-date symlink: /home/luis/workshop_ws/install/tide_msgs/local/lib/python3.10/dist-packages/tide_msgs/msg/_target.py
[0.913s] -- Up-to-date symlink: /home/luis/workshop_ws/install/tide_msgs/local/lib/python3.10/dist-packages/tide_msgs/msg/_target_s.c
[0.913s] -- Up-to-date symlink: /home/luis/workshop_ws/install/tide_msgs/local/lib/python3.10/dist-packages/tide_msgs/msg/_time_info.py
[0.913s] -- Up-to-date symlink: /home/luis/workshop_ws/install/tide_msgs/local/lib/python3.10/dist-packages/tide_msgs/msg/_time_info_s.c
[0.913s] -- Up-to-date symlink: /home/luis/workshop_ws/install/tide_msgs/local/lib/python3.10/dist-packages/tide_msgs/msg/_tracker_info.py
[0.913s] -- Up-to-date symlink: /home/luis/workshop_ws/install/tide_msgs/local/lib/python3.10/dist-packages/tide_msgs/msg/_tracker_info_s.c
[0.913s] -- Up-to-date symlink: /home/luis/workshop_ws/install/tide_msgs/local/lib/python3.10/dist-packages/tide_msgs/tide_msgs_s__rosidl_typesupport_c.cpython-310-x86_64-linux-gnu.so
[0.913s] -- Up-to-date symlink: /home/luis/workshop_ws/install/tide_msgs/local/lib/python3.10/dist-packages/tide_msgs/tide_msgs_s__rosidl_typesupport_fastrtps_c.cpython-310-x86_64-linux-gnu.so
[0.913s] -- Up-to-date symlink: /home/luis/workshop_ws/install/tide_msgs/local/lib/python3.10/dist-packages/tide_msgs/tide_msgs_s__rosidl_typesupport_introspection_c.cpython-310-x86_64-linux-gnu.so
[0.914s] -- Up-to-date symlink: /home/luis/workshop_ws/install/tide_msgs/local/lib/python3.10/dist-packages/tide_msgs/tide_msgs_s__rosidl_typesupport_fastrtps_c.cpython-310-x86_64-linux-gnu.so
[0.914s] -- Up-to-date symlink: /home/luis/workshop_ws/install/tide_msgs/local/lib/python3.10/dist-packages/tide_msgs/tide_msgs_s__rosidl_typesupport_introspection_c.cpython-310-x86_64-linux-gnu.so
[0.915s] -- Up-to-date symlink: /home/luis/workshop_ws/install/tide_msgs/local/lib/python3.10/dist-packages/tide_msgs/tide_msgs_s__rosidl_typesupport_c.cpython-310-x86_64-linux-gnu.so
[0.915s] -- Up-to-date symlink: /home/luis/workshop_ws/install/tide_msgs/share/tide_msgs/msg/GimbalState.idl
[0.915s] -- Up-to-date symlink: /home/luis/workshop_ws/install/tide_msgs/share/tide_msgs/msg/GimbalCmd.idl
[0.915s] -- Up-to-date symlink: /home/luis/workshop_ws/install/tide_msgs/share/tide_msgs/msg/ShooterState.idl
[0.915s] -- Up-to-date symlink: /home/luis/workshop_ws/install/tide_msgs/share/tide_msgs/msg/ShooterCmd.idl
[0.915s] -- Up-to-date symlink: /home/luis/workshop_ws/install/tide_msgs/share/tide_msgs/msg/BigyawState.idl
[0.915s] -- Up-to-date symlink: /home/luis/workshop_ws/install/tide_msgs/share/tide_msgs/msg/BigyawCmd.idl
[0.915s] -- Up-to-date symlink: /home/luis/workshop_ws/install/tide_msgs/share/tide_msgs/msg/FdFrame.idl
[0.915s] -- Up-to-date symlink: /home/luis/workshop_ws/install/tide_msgs/share/tide_msgs/msg/Armor.idl
[0.916s] -- Up-to-date symlink: /home/luis/workshop_ws/install/tide_msgs/share/tide_msgs/msg/Armors.idl
[0.916s] -- Up-to-date symlink: /home/luis/workshop_ws/install/tide_msgs/share/tide_msgs/msg/DebugArmor.idl
[0.916s] -- Up-to-date symlink: /home/luis/workshop_ws/install/tide_msgs/share/tide_msgs/msg/DebugArmors.idl
[0.916s] -- Up-to-date symlink: /home/luis/workshop_ws/install/tide_msgs/share/tide_msgs/msg/DebugLight.idl
[0.916s] -- Up-to-date symlink: /home/luis/workshop_ws/install/tide_msgs/share/tide_msgs/msg/DebugLights.idl
[0.916s] -- Up-to-date symlink: /home/luis/workshop_ws/install/tide_msgs/share/tide_msgs/msg/Target.idl
[0.916s] -- Up-to-date symlink: /home/luis/workshop_ws/install/tide_msgs/share/tide_msgs/msg/TimeInfo.idl
[0.917s] -- Up-to-date symlink: /home/luis/workshop_ws/install/tide_msgs/share/tide_msgs/msg/TrackerInfo.idl
[0.917s] -- Up-to-date symlink: /home/luis/workshop_ws/install/tide_msgs/share/tide_msgs/msg/Buff.idl
[0.917s] -- Up-to-date symlink: /home/luis/workshop_ws/install/tide_msgs/share/tide_msgs/msg/BulletRemaining.idl
[0.917s] -- Up-to-date symlink: /home/luis/workshop_ws/install/tide_msgs/share/tide_msgs/msg/EventData.idl
[0.918s] -- Up-to-date symlink: /home/luis/workshop_ws/install/tide_msgs/share/tide_msgs/msg/GameResult.idl
[0.918s] -- Up-to-date symlink: /home/luis/workshop_ws/install/tide_msgs/share/tide_msgs/msg/GameRobotHP.idl
[0.918s] -- Up-to-date symlink: /home/luis/workshop_ws/install/tide_msgs/share/tide_msgs/msg/GameRobotPos.idl
[0.918s] -- Up-to-date symlink: /home/luis/workshop_ws/install/tide_msgs/share/tide_msgs/msg/GameRobotStatus.idl
[0.918s] -- Up-to-date symlink: /home/luis/workshop_ws/install/tide_msgs/share/tide_msgs/msg/GameStatus.idl
[0.918s] -- Up-to-date symlink: /home/luis/workshop_ws/install/tide_msgs/share/tide_msgs/msg/GroundRobot.idl
[0.918s] -- Up-to-date symlink: /home/luis/workshop_ws/install/tide_msgs/share/tide_msgs/msg/InteractID.idl
[0.919s] -- Up-to-date symlink: /home/luis/workshop_ws/install/tide_msgs/share/tide_msgs/msg/PowerHeatData.idl
[0.919s] -- Up-to-date symlink: /home/luis/workshop_ws/install/tide_msgs/share/tide_msgs/msg/RefereeData.idl
[0.919s] -- Up-to-date symlink: /home/luis/workshop_ws/install/tide_msgs/share/tide_msgs/msg/RefereeWarning.idl
[0.919s] -- Up-to-date symlink: /home/luis/workshop_ws/install/tide_msgs/share/tide_msgs/msg/RFIDStatus.idl
[0.920s] -- Up-to-date symlink: /home/luis/workshop_ws/install/tide_msgs/share/tide_msgs/msg/RobotHurt.idl
[0.920s] -- Up-to-date symlink: /home/luis/workshop_ws/install/tide_msgs/share/tide_msgs/msg/SentryInfo.idl
[0.920s] -- Up-to-date symlink: /home/luis/workshop_ws/install/tide_msgs/share/tide_msgs/msg/ShootData.idl
[0.920s] -- Up-to-date symlink: /home/luis/workshop_ws/install/tide_msgs/share/tide_msgs/msg/GimbalState.msg
[0.921s] -- Up-to-date symlink: /home/luis/workshop_ws/install/tide_msgs/share/tide_msgs/msg/GimbalCmd.msg
[0.921s] -- Up-to-date symlink: /home/luis/workshop_ws/install/tide_msgs/share/tide_msgs/msg/ShooterState.msg
[0.921s] -- Up-to-date symlink: /home/luis/workshop_ws/install/tide_msgs/share/tide_msgs/msg/ShooterCmd.msg
[0.921s] -- Up-to-date symlink: /home/luis/workshop_ws/install/tide_msgs/share/tide_msgs/msg/BigyawState.msg
[0.922s] -- Up-to-date symlink: /home/luis/workshop_ws/install/tide_msgs/share/tide_msgs/msg/BigyawCmd.msg
[0.922s] -- Up-to-date symlink: /home/luis/workshop_ws/install/tide_msgs/share/tide_msgs/msg/FdFrame.msg
[0.922s] -- Up-to-date symlink: /home/luis/workshop_ws/install/tide_msgs/share/tide_msgs/vision/Armor.msg
[0.922s] -- Up-to-date symlink: /home/luis/workshop_ws/install/tide_msgs/share/tide_msgs/vision/Armors.msg
[0.922s] -- Up-to-date symlink: /home/luis/workshop_ws/install/tide_msgs/share/tide_msgs/vision/DebugArmor.msg
[0.923s] -- Up-to-date symlink: /home/luis/workshop_ws/install/tide_msgs/share/tide_msgs/vision/DebugArmors.msg
[0.923s] -- Up-to-date symlink: /home/luis/workshop_ws/install/tide_msgs/share/tide_msgs/vision/DebugLight.msg
[0.923s] -- Up-to-date symlink: /home/luis/workshop_ws/install/tide_msgs/share/tide_msgs/vision/DebugLights.msg
[0.925s] -- Up-to-date symlink: /home/luis/workshop_ws/install/tide_msgs/share/tide_msgs/vision/Target.msg
[0.925s] -- Up-to-date symlink: /home/luis/workshop_ws/install/tide_msgs/share/tide_msgs/vision/TimeInfo.msg
[0.925s] -- Up-to-date symlink: /home/luis/workshop_ws/install/tide_msgs/share/tide_msgs/vision/TrackerInfo.msg
[0.925s] -- Up-to-date symlink: /home/luis/workshop_ws/install/tide_msgs/share/tide_msgs/referee/Buff.msg
[0.925s] -- Up-to-date symlink: /home/luis/workshop_ws/install/tide_msgs/share/tide_msgs/referee/BulletRemaining.msg
[0.925s] -- Up-to-date symlink: /home/luis/workshop_ws/install/tide_msgs/share/tide_msgs/referee/EventData.msg
[0.926s] -- Up-to-date symlink: /home/luis/workshop_ws/install/tide_msgs/share/tide_msgs/referee/GameResult.msg
[0.926s] -- Up-to-date symlink: /home/luis/workshop_ws/install/tide_msgs/share/tide_msgs/referee/GameRobotHP.msg
[0.926s] -- Up-to-date symlink: /home/luis/workshop_ws/install/tide_msgs/share/tide_msgs/referee/GameRobotPos.msg
[0.926s] -- Up-to-date symlink: /home/luis/workshop_ws/install/tide_msgs/share/tide_msgs/referee/GameRobotStatus.msg
[0.926s] -- Up-to-date symlink: /home/luis/workshop_ws/install/tide_msgs/share/tide_msgs/referee/GameStatus.msg
[0.926s] -- Up-to-date symlink: /home/luis/workshop_ws/install/tide_msgs/share/tide_msgs/referee/GroundRobot.msg
[0.926s] -- Up-to-date symlink: /home/luis/workshop_ws/install/tide_msgs/share/tide_msgs/referee/InteractID.msg
[0.927s] -- Up-to-date symlink: /home/luis/workshop_ws/install/tide_msgs/share/tide_msgs/referee/PowerHeatData.msg
[0.927s] -- Up-to-date symlink: /home/luis/workshop_ws/install/tide_msgs/share/tide_msgs/referee/RefereeData.msg
[0.927s] -- Up-to-date symlink: /home/luis/workshop_ws/install/tide_msgs/share/tide_msgs/referee/RefereeWarning.msg
[0.927s] -- Up-to-date symlink: /home/luis/workshop_ws/install/tide_msgs/share/tide_msgs/referee/RFIDStatus.msg
[0.928s] -- Up-to-date symlink: /home/luis/workshop_ws/install/tide_msgs/share/tide_msgs/referee/RobotHurt.msg
[0.928s] -- Up-to-date symlink: /home/luis/workshop_ws/install/tide_msgs/share/tide_msgs/referee/SentryInfo.msg
[0.928s] -- Up-to-date symlink: /home/luis/workshop_ws/install/tide_msgs/share/tide_msgs/referee/ShootData.msg
[0.928s] -- Up-to-date symlink: /home/luis/workshop_ws/install/tide_msgs/share/ament_index/resource_index/package_run_dependencies/tide_msgs
[0.928s] -- Up-to-date symlink: /home/luis/workshop_ws/install/tide_msgs/share/ament_index/resource_index/parent_prefix_path/tide_msgs
[0.929s] -- Up-to-date symlink: /home/luis/workshop_ws/install/tide_msgs/share/tide_msgs/environment/ament_prefix_path.sh
[0.929s] -- Up-to-date symlink: /home/luis/workshop_ws/install/tide_msgs/share/tide_msgs/environment/ament_prefix_path.dsv
[0.929s] -- Up-to-date symlink: /home/luis/workshop_ws/install/tide_msgs/share/tide_msgs/environment/path.sh
[0.929s] -- Up-to-date symlink: /home/luis/workshop_ws/install/tide_msgs/share/tide_msgs/environment/path.dsv
[0.930s] -- Up-to-date symlink: /home/luis/workshop_ws/install/tide_msgs/share/tide_msgs/local_setup.bash
[0.930s] -- Up-to-date symlink: /home/luis/workshop_ws/install/tide_msgs/share/tide_msgs/local_setup.sh
[0.930s] -- Up-to-date symlink: /home/luis/workshop_ws/install/tide_msgs/share/tide_msgs/local_setup.zsh
[0.930s] -- Up-to-date symlink: /home/luis/workshop_ws/install/tide_msgs/share/tide_msgs/local_setup.dsv
[0.930s] -- Symlinking: /home/luis/workshop_ws/install/tide_msgs/share/tide_msgs/package.dsv
[0.954s] -- Up-to-date symlink: /home/luis/workshop_ws/install/tide_msgs/share/ament_index/resource_index/packages/tide_msgs
[0.954s] -- Up-to-date symlink: /home/luis/workshop_ws/install/tide_msgs/share/tide_msgs/cmake/rosidl_cmake-extras.cmake
[0.955s] -- Up-to-date symlink: /home/luis/workshop_ws/install/tide_msgs/share/tide_msgs/cmake/ament_cmake_export_dependencies-extras.cmake
[0.955s] -- Up-to-date symlink: /home/luis/workshop_ws/install/tide_msgs/share/tide_msgs/cmake/ament_cmake_export_include_directories-extras.cmake
[0.956s] -- Up-to-date symlink: /home/luis/workshop_ws/install/tide_msgs/share/tide_msgs/cmake/ament_cmake_export_libraries-extras.cmake
[0.956s] -- Up-to-date symlink: /home/luis/workshop_ws/install/tide_msgs/share/tide_msgs/cmake/ament_cmake_export_targets-extras.cmake
[0.957s] -- Up-to-date symlink: /home/luis/workshop_ws/install/tide_msgs/share/tide_msgs/cmake/rosidl_cmake_export_typesupport_targets-extras.cmake
[0.957s] -- Up-to-date symlink: /home/luis/workshop_ws/install/tide_msgs/share/tide_msgs/cmake/rosidl_cmake_export_typesupport_libraries-extras.cmake
[0.957s] -- Up-to-date symlink: /home/luis/workshop_ws/install/tide_msgs/share/tide_msgs/cmake/tide_msgsConfig.cmake
[0.958s] -- Up-to-date symlink: /home/luis/workshop_ws/install/tide_msgs/share/tide_msgs/cmake/tide_msgsConfig-version.cmake
[0.958s] -- Up-to-date symlink: /home/luis/workshop_ws/install/tide_msgs/share/tide_msgs/package.xml
[0.958s] -- Up-to-date: /home/luis/workshop_ws/install/tide_msgs/lib/libtide_msgs__rosidl_generator_c.so
[0.958s] -- Up-to-date: /home/luis/workshop_ws/install/tide_msgs/lib/libtide_msgs__rosidl_typesupport_fastrtps_c.so
[0.959s] -- Up-to-date: /home/luis/workshop_ws/install/tide_msgs/lib/libtide_msgs__rosidl_typesupport_fastrtps_cpp.so
[0.959s] -- Up-to-date: /home/luis/workshop_ws/install/tide_msgs/lib/libtide_msgs__rosidl_typesupport_introspection_c.so
[0.960s] -- Up-to-date: /home/luis/workshop_ws/install/tide_msgs/lib/libtide_msgs__rosidl_typesupport_c.so
[0.960s] -- Up-to-date: /home/luis/workshop_ws/install/tide_msgs/lib/libtide_msgs__rosidl_typesupport_introspection_cpp.so
[0.960s] -- Up-to-date: /home/luis/workshop_ws/install/tide_msgs/lib/libtide_msgs__rosidl_typesupport_cpp.so
[1.010s] Listing '/home/luis/workshop_ws/install/tide_msgs/local/lib/python3.10/dist-packages/tide_msgs'...
[1.010s] Listing '/home/luis/workshop_ws/install/tide_msgs/local/lib/python3.10/dist-packages/tide_msgs/msg'...
[1.016s] -- Up-to-date: /home/luis/workshop_ws/install/tide_msgs/lib/libtide_msgs__rosidl_generator_py.so
[1.017s] -- Up-to-date: /home/luis/workshop_ws/install/tide_msgs/share/tide_msgs/cmake/export_tide_msgs__rosidl_generator_cExport.cmake
[1.017s] -- Up-to-date: /home/luis/workshop_ws/install/tide_msgs/share/tide_msgs/cmake/export_tide_msgs__rosidl_generator_cExport-noconfig.cmake
[1.017s] -- Up-to-date: /home/luis/workshop_ws/install/tide_msgs/share/tide_msgs/cmake/export_tide_msgs__rosidl_typesupport_fastrtps_cExport.cmake
[1.017s] -- Up-to-date: /home/luis/workshop_ws/install/tide_msgs/share/tide_msgs/cmake/export_tide_msgs__rosidl_typesupport_fastrtps_cExport-noconfig.cmake
[1.018s] -- Up-to-date: /home/luis/workshop_ws/install/tide_msgs/share/tide_msgs/cmake/export_tide_msgs__rosidl_generator_cppExport.cmake
[1.018s] -- Up-to-date: /home/luis/workshop_ws/install/tide_msgs/share/tide_msgs/cmake/export_tide_msgs__rosidl_typesupport_fastrtps_cppExport.cmake
[1.018s] -- Up-to-date: /home/luis/workshop_ws/install/tide_msgs/share/tide_msgs/cmake/export_tide_msgs__rosidl_typesupport_fastrtps_cppExport-noconfig.cmake
[1.018s] -- Up-to-date: /home/luis/workshop_ws/install/tide_msgs/share/tide_msgs/cmake/tide_msgs__rosidl_typesupport_introspection_cExport.cmake
[1.018s] -- Up-to-date: /home/luis/workshop_ws/install/tide_msgs/share/tide_msgs/cmake/tide_msgs__rosidl_typesupport_introspection_cExport-noconfig.cmake
[1.018s] -- Up-to-date: /home/luis/workshop_ws/install/tide_msgs/share/tide_msgs/cmake/tide_msgs__rosidl_typesupport_cExport.cmake
[1.019s] -- Up-to-date: /home/luis/workshop_ws/install/tide_msgs/share/tide_msgs/cmake/tide_msgs__rosidl_typesupport_cExport-noconfig.cmake
[1.019s] -- Up-to-date: /home/luis/workshop_ws/install/tide_msgs/share/tide_msgs/cmake/tide_msgs__rosidl_typesupport_introspection_cppExport.cmake
[1.019s] -- Up-to-date: /home/luis/workshop_ws/install/tide_msgs/share/tide_msgs/cmake/tide_msgs__rosidl_typesupport_introspection_cppExport-noconfig.cmake
[1.019s] -- Up-to-date: /home/luis/workshop_ws/install/tide_msgs/share/tide_msgs/cmake/tide_msgs__rosidl_typesupport_cppExport.cmake
[1.019s] -- Up-to-date: /home/luis/workshop_ws/install/tide_msgs/share/tide_msgs/cmake/tide_msgs__rosidl_typesupport_cppExport-noconfig.cmake
[1.019s] -- Up-to-date: /home/luis/workshop_ws/install/tide_msgs/share/tide_msgs/cmake/export_tide_msgs__rosidl_generator_pyExport.cmake
[1.019s] -- Up-to-date: /home/luis/workshop_ws/install/tide_msgs/share/tide_msgs/cmake/export_tide_msgs__rosidl_generator_pyExport-noconfig.cmake
[1.023s] Invoked command in '/home/luis/workshop_ws/build/tide_msgs' returned '0': CMAKE_PREFIX_PATH=${CMAKE_PREFIX_PATH}:/opt/ros/humble /usr/bin/cmake --install /home/luis/workshop_ws/build/tide_msgs
