[0.070s] Invoking command in '/home/luis/azure_sky_ros2/build/rm_gimbal_description': CMAKE_PREFIX_PATH=${CMAKE_PREFIX_PATH}:/opt/ros/humble /usr/bin/cmake --build /home/luis/azure_sky_ros2/build/rm_gimbal_description -- -j12 -l12
[0.197s] Invoked command in '/home/luis/azure_sky_ros2/build/rm_gimbal_description' returned '0': CMAKE_PREFIX_PATH=${CMAKE_PREFIX_PATH}:/opt/ros/humble /usr/bin/cmake --build /home/luis/azure_sky_ros2/build/rm_gimbal_description -- -j12 -l12
[0.245s] Invoking command in '/home/luis/azure_sky_ros2/build/rm_gimbal_description': CMAKE_PREFIX_PATH=${CMAKE_PREFIX_PATH}:/opt/ros/humble /usr/bin/cmake --install /home/luis/azure_sky_ros2/build/rm_gimbal_description
[0.278s] -- Install configuration: ""
[0.278s] -- Up-to-date: /home/luis/azure_sky_ros2/install/rm_gimbal_description/share/rm_gimbal_description/urdf
[0.278s] -- Up-to-date: /home/luis/azure_sky_ros2/install/rm_gimbal_description/share/rm_gimbal_description/urdf/rm_gimbal.urdf.xacro
[0.278s] -- Up-to-date: /home/luis/azure_sky_ros2/install/rm_gimbal_description/share/ament_index/resource_index/package_run_dependencies/rm_gimbal_description
[0.279s] -- Up-to-date: /home/luis/azure_sky_ros2/install/rm_gimbal_description/share/ament_index/resource_index/parent_prefix_path/rm_gimbal_description
[0.279s] -- Up-to-date: /home/luis/azure_sky_ros2/install/rm_gimbal_description/share/rm_gimbal_description/environment/ament_prefix_path.sh
[0.279s] -- Up-to-date: /home/luis/azure_sky_ros2/install/rm_gimbal_description/share/rm_gimbal_description/environment/ament_prefix_path.dsv
[0.279s] -- Up-to-date: /home/luis/azure_sky_ros2/install/rm_gimbal_description/share/rm_gimbal_description/environment/path.sh
[0.279s] -- Up-to-date: /home/luis/azure_sky_ros2/install/rm_gimbal_description/share/rm_gimbal_description/environment/path.dsv
[0.279s] -- Up-to-date: /home/luis/azure_sky_ros2/install/rm_gimbal_description/share/rm_gimbal_description/local_setup.bash
[0.280s] -- Up-to-date: /home/luis/azure_sky_ros2/install/rm_gimbal_description/share/rm_gimbal_description/local_setup.sh
[0.280s] -- Up-to-date: /home/luis/azure_sky_ros2/install/rm_gimbal_description/share/rm_gimbal_description/local_setup.zsh
[0.281s] -- Up-to-date: /home/luis/azure_sky_ros2/install/rm_gimbal_description/share/rm_gimbal_description/local_setup.dsv
[0.281s] -- Installing: /home/luis/azure_sky_ros2/install/rm_gimbal_description/share/rm_gimbal_description/package.dsv
[0.281s] -- Up-to-date: /home/luis/azure_sky_ros2/install/rm_gimbal_description/share/ament_index/resource_index/packages/rm_gimbal_description
[0.282s] -- Up-to-date: /home/luis/azure_sky_ros2/install/rm_gimbal_description/share/rm_gimbal_description/cmake/rm_gimbal_descriptionConfig.cmake
[0.282s] -- Up-to-date: /home/luis/azure_sky_ros2/install/rm_gimbal_description/share/rm_gimbal_description/cmake/rm_gimbal_descriptionConfig-version.cmake
[0.282s] -- Up-to-date: /home/luis/azure_sky_ros2/install/rm_gimbal_description/share/rm_gimbal_description/package.xml
[0.294s] Invoked command in '/home/luis/azure_sky_ros2/build/rm_gimbal_description' returned '0': CMAKE_PREFIX_PATH=${CMAKE_PREFIX_PATH}:/opt/ros/humble /usr/bin/cmake --install /home/luis/azure_sky_ros2/build/rm_gimbal_description
