[0.037s] Invoking command in '/home/luis/azure_sky_ros2/build/ros2_socketcan_msgs': CMAKE_PREFIX_PATH=${CMAKE_PREFIX_PATH}:/opt/ros/humble /usr/bin/cmake --build /home/luis/azure_sky_ros2/build/ros2_socketcan_msgs -- -j12 -l12
[0.157s] [  3%] Built target ros2_socketcan_msgs__cpp
[0.163s] [ 12%] Built target ros2_socketcan_msgs__rosidl_generator_c
[0.214s] [ 12%] Built target ament_cmake_python_copy_ros2_socketcan_msgs
[0.284s] [ 22%] Built target ros2_socketcan_msgs__rosidl_typesupport_cpp
[0.285s] [ 32%] Built target ros2_socketcan_msgs__rosidl_typesupport_introspection_cpp
[0.288s] [ 41%] Built target ros2_socketcan_msgs__rosidl_typesupport_fastrtps_cpp
[0.308s] [ 51%] Built target ros2_socketcan_msgs__rosidl_typesupport_c
[0.322s] [ 61%] Built target ros2_socketcan_msgs__rosidl_typesupport_fastrtps_c
[0.323s] [ 70%] Built target ros2_socketcan_msgs__rosidl_typesupport_introspection_c
[0.366s] [ 70%] Built target ros2_socketcan_msgs
[0.406s] [ 74%] Built target ros2_socketcan_msgs__py
[0.447s] [ 80%] Built target ros2_socketcan_msgs__rosidl_generator_py
[0.495s] [ 87%] Built target ros2_socketcan_msgs__rosidl_typesupport_c__pyext
[0.495s] [ 93%] Built target ros2_socketcan_msgs__rosidl_typesupport_introspection_c__pyext
[0.501s] [100%] Built target ros2_socketcan_msgs__rosidl_typesupport_fastrtps_c__pyext
[0.584s] running egg_info
[0.585s] writing ros2_socketcan_msgs.egg-info/PKG-INFO
[0.585s] writing dependency_links to ros2_socketcan_msgs.egg-info/dependency_links.txt
[0.585s] writing top-level names to ros2_socketcan_msgs.egg-info/top_level.txt
[0.587s] reading manifest file 'ros2_socketcan_msgs.egg-info/SOURCES.txt'
[0.588s] writing manifest file 'ros2_socketcan_msgs.egg-info/SOURCES.txt'
[0.626s] [100%] Built target ament_cmake_python_build_ros2_socketcan_msgs_egg
[0.644s] Invoked command in '/home/luis/azure_sky_ros2/build/ros2_socketcan_msgs' returned '0': CMAKE_PREFIX_PATH=${CMAKE_PREFIX_PATH}:/opt/ros/humble /usr/bin/cmake --build /home/luis/azure_sky_ros2/build/ros2_socketcan_msgs -- -j12 -l12
[0.646s] Invoking command in '/home/luis/azure_sky_ros2/build/ros2_socketcan_msgs': CMAKE_PREFIX_PATH=${CMAKE_PREFIX_PATH}:/opt/ros/humble /usr/bin/cmake --install /home/luis/azure_sky_ros2/build/ros2_socketcan_msgs
[0.657s] -- Install configuration: ""
[0.658s] -- Up-to-date: /home/luis/azure_sky_ros2/install/ros2_socketcan_msgs/share/ament_index/resource_index/rosidl_interfaces/ros2_socketcan_msgs
[0.658s] -- Up-to-date: /home/luis/azure_sky_ros2/install/ros2_socketcan_msgs/include/ros2_socketcan_msgs/ros2_socketcan_msgs
[0.658s] -- Up-to-date: /home/luis/azure_sky_ros2/install/ros2_socketcan_msgs/include/ros2_socketcan_msgs/ros2_socketcan_msgs/msg
[0.658s] -- Up-to-date: /home/luis/azure_sky_ros2/install/ros2_socketcan_msgs/include/ros2_socketcan_msgs/ros2_socketcan_msgs/msg/detail
[0.658s] -- Up-to-date: /home/luis/azure_sky_ros2/install/ros2_socketcan_msgs/include/ros2_socketcan_msgs/ros2_socketcan_msgs/msg/detail/fd_frame__functions.c
[0.658s] -- Up-to-date: /home/luis/azure_sky_ros2/install/ros2_socketcan_msgs/include/ros2_socketcan_msgs/ros2_socketcan_msgs/msg/detail/fd_frame__functions.h
[0.658s] -- Up-to-date: /home/luis/azure_sky_ros2/install/ros2_socketcan_msgs/include/ros2_socketcan_msgs/ros2_socketcan_msgs/msg/detail/fd_frame__type_support.h
[0.658s] -- Up-to-date: /home/luis/azure_sky_ros2/install/ros2_socketcan_msgs/include/ros2_socketcan_msgs/ros2_socketcan_msgs/msg/detail/fd_frame__struct.h
[0.658s] -- Up-to-date: /home/luis/azure_sky_ros2/install/ros2_socketcan_msgs/include/ros2_socketcan_msgs/ros2_socketcan_msgs/msg/rosidl_generator_c__visibility_control.h
[0.658s] -- Up-to-date: /home/luis/azure_sky_ros2/install/ros2_socketcan_msgs/include/ros2_socketcan_msgs/ros2_socketcan_msgs/msg/fd_frame.h
[0.659s] -- Up-to-date: /home/luis/azure_sky_ros2/install/ros2_socketcan_msgs/share/ros2_socketcan_msgs/environment/library_path.sh
[0.659s] -- Up-to-date: /home/luis/azure_sky_ros2/install/ros2_socketcan_msgs/share/ros2_socketcan_msgs/environment/library_path.dsv
[0.659s] -- Up-to-date: /home/luis/azure_sky_ros2/install/ros2_socketcan_msgs/lib/libros2_socketcan_msgs__rosidl_generator_c.so
[0.659s] -- Up-to-date: /home/luis/azure_sky_ros2/install/ros2_socketcan_msgs/include/ros2_socketcan_msgs/ros2_socketcan_msgs
[0.659s] -- Up-to-date: /home/luis/azure_sky_ros2/install/ros2_socketcan_msgs/include/ros2_socketcan_msgs/ros2_socketcan_msgs/msg
[0.659s] -- Up-to-date: /home/luis/azure_sky_ros2/install/ros2_socketcan_msgs/include/ros2_socketcan_msgs/ros2_socketcan_msgs/msg/rosidl_typesupport_fastrtps_c__visibility_control.h
[0.659s] -- Up-to-date: /home/luis/azure_sky_ros2/install/ros2_socketcan_msgs/include/ros2_socketcan_msgs/ros2_socketcan_msgs/msg/detail
[0.659s] -- Up-to-date: /home/luis/azure_sky_ros2/install/ros2_socketcan_msgs/include/ros2_socketcan_msgs/ros2_socketcan_msgs/msg/detail/fd_frame__rosidl_typesupport_fastrtps_c.h
[0.659s] -- Up-to-date: /home/luis/azure_sky_ros2/install/ros2_socketcan_msgs/lib/libros2_socketcan_msgs__rosidl_typesupport_fastrtps_c.so
[0.659s] -- Up-to-date: /home/luis/azure_sky_ros2/install/ros2_socketcan_msgs/include/ros2_socketcan_msgs/ros2_socketcan_msgs
[0.659s] -- Up-to-date: /home/luis/azure_sky_ros2/install/ros2_socketcan_msgs/include/ros2_socketcan_msgs/ros2_socketcan_msgs/msg
[0.660s] -- Up-to-date: /home/luis/azure_sky_ros2/install/ros2_socketcan_msgs/include/ros2_socketcan_msgs/ros2_socketcan_msgs/msg/detail
[0.660s] -- Up-to-date: /home/luis/azure_sky_ros2/install/ros2_socketcan_msgs/include/ros2_socketcan_msgs/ros2_socketcan_msgs/msg/detail/fd_frame__rosidl_typesupport_introspection_c.h
[0.660s] -- Up-to-date: /home/luis/azure_sky_ros2/install/ros2_socketcan_msgs/include/ros2_socketcan_msgs/ros2_socketcan_msgs/msg/detail/fd_frame__type_support.c
[0.660s] -- Up-to-date: /home/luis/azure_sky_ros2/install/ros2_socketcan_msgs/include/ros2_socketcan_msgs/ros2_socketcan_msgs/msg/rosidl_typesupport_introspection_c__visibility_control.h
[0.660s] -- Up-to-date: /home/luis/azure_sky_ros2/install/ros2_socketcan_msgs/lib/libros2_socketcan_msgs__rosidl_typesupport_introspection_c.so
[0.660s] -- Up-to-date: /home/luis/azure_sky_ros2/install/ros2_socketcan_msgs/lib/libros2_socketcan_msgs__rosidl_typesupport_c.so
[0.660s] -- Up-to-date: /home/luis/azure_sky_ros2/install/ros2_socketcan_msgs/include/ros2_socketcan_msgs/ros2_socketcan_msgs
[0.660s] -- Up-to-date: /home/luis/azure_sky_ros2/install/ros2_socketcan_msgs/include/ros2_socketcan_msgs/ros2_socketcan_msgs/msg
[0.660s] -- Up-to-date: /home/luis/azure_sky_ros2/install/ros2_socketcan_msgs/include/ros2_socketcan_msgs/ros2_socketcan_msgs/msg/detail
[0.660s] -- Up-to-date: /home/luis/azure_sky_ros2/install/ros2_socketcan_msgs/include/ros2_socketcan_msgs/ros2_socketcan_msgs/msg/detail/fd_frame__traits.hpp
[0.660s] -- Up-to-date: /home/luis/azure_sky_ros2/install/ros2_socketcan_msgs/include/ros2_socketcan_msgs/ros2_socketcan_msgs/msg/detail/fd_frame__type_support.hpp
[0.661s] -- Up-to-date: /home/luis/azure_sky_ros2/install/ros2_socketcan_msgs/include/ros2_socketcan_msgs/ros2_socketcan_msgs/msg/detail/fd_frame__struct.hpp
[0.661s] -- Up-to-date: /home/luis/azure_sky_ros2/install/ros2_socketcan_msgs/include/ros2_socketcan_msgs/ros2_socketcan_msgs/msg/detail/fd_frame__builder.hpp
[0.661s] -- Up-to-date: /home/luis/azure_sky_ros2/install/ros2_socketcan_msgs/include/ros2_socketcan_msgs/ros2_socketcan_msgs/msg/fd_frame.hpp
[0.661s] -- Up-to-date: /home/luis/azure_sky_ros2/install/ros2_socketcan_msgs/include/ros2_socketcan_msgs/ros2_socketcan_msgs/msg/rosidl_generator_cpp__visibility_control.hpp
[0.661s] -- Up-to-date: /home/luis/azure_sky_ros2/install/ros2_socketcan_msgs/include/ros2_socketcan_msgs/ros2_socketcan_msgs
[0.661s] -- Up-to-date: /home/luis/azure_sky_ros2/install/ros2_socketcan_msgs/include/ros2_socketcan_msgs/ros2_socketcan_msgs/msg
[0.661s] -- Up-to-date: /home/luis/azure_sky_ros2/install/ros2_socketcan_msgs/include/ros2_socketcan_msgs/ros2_socketcan_msgs/msg/detail
[0.661s] -- Up-to-date: /home/luis/azure_sky_ros2/install/ros2_socketcan_msgs/include/ros2_socketcan_msgs/ros2_socketcan_msgs/msg/detail/fd_frame__rosidl_typesupport_fastrtps_cpp.hpp
[0.661s] -- Up-to-date: /home/luis/azure_sky_ros2/install/ros2_socketcan_msgs/include/ros2_socketcan_msgs/ros2_socketcan_msgs/msg/detail/dds_fastrtps
[0.661s] -- Up-to-date: /home/luis/azure_sky_ros2/install/ros2_socketcan_msgs/include/ros2_socketcan_msgs/ros2_socketcan_msgs/msg/rosidl_typesupport_fastrtps_cpp__visibility_control.h
[0.661s] -- Up-to-date: /home/luis/azure_sky_ros2/install/ros2_socketcan_msgs/lib/libros2_socketcan_msgs__rosidl_typesupport_fastrtps_cpp.so
[0.661s] -- Up-to-date: /home/luis/azure_sky_ros2/install/ros2_socketcan_msgs/include/ros2_socketcan_msgs/ros2_socketcan_msgs
[0.661s] -- Up-to-date: /home/luis/azure_sky_ros2/install/ros2_socketcan_msgs/include/ros2_socketcan_msgs/ros2_socketcan_msgs/msg
[0.662s] -- Up-to-date: /home/luis/azure_sky_ros2/install/ros2_socketcan_msgs/include/ros2_socketcan_msgs/ros2_socketcan_msgs/msg/detail
[0.662s] -- Up-to-date: /home/luis/azure_sky_ros2/install/ros2_socketcan_msgs/include/ros2_socketcan_msgs/ros2_socketcan_msgs/msg/detail/fd_frame__type_support.cpp
[0.662s] -- Up-to-date: /home/luis/azure_sky_ros2/install/ros2_socketcan_msgs/include/ros2_socketcan_msgs/ros2_socketcan_msgs/msg/detail/fd_frame__rosidl_typesupport_introspection_cpp.hpp
[0.662s] -- Up-to-date: /home/luis/azure_sky_ros2/install/ros2_socketcan_msgs/lib/libros2_socketcan_msgs__rosidl_typesupport_introspection_cpp.so
[0.662s] -- Up-to-date: /home/luis/azure_sky_ros2/install/ros2_socketcan_msgs/lib/libros2_socketcan_msgs__rosidl_typesupport_cpp.so
[0.662s] -- Up-to-date: /home/luis/azure_sky_ros2/install/ros2_socketcan_msgs/share/ros2_socketcan_msgs/environment/pythonpath.sh
[0.662s] -- Up-to-date: /home/luis/azure_sky_ros2/install/ros2_socketcan_msgs/share/ros2_socketcan_msgs/environment/pythonpath.dsv
[0.662s] -- Up-to-date: /home/luis/azure_sky_ros2/install/ros2_socketcan_msgs/local/lib/python3.10/dist-packages/ros2_socketcan_msgs-1.3.0-py3.10.egg-info
[0.662s] -- Installing: /home/luis/azure_sky_ros2/install/ros2_socketcan_msgs/local/lib/python3.10/dist-packages/ros2_socketcan_msgs-1.3.0-py3.10.egg-info/SOURCES.txt
[0.662s] -- Installing: /home/luis/azure_sky_ros2/install/ros2_socketcan_msgs/local/lib/python3.10/dist-packages/ros2_socketcan_msgs-1.3.0-py3.10.egg-info/PKG-INFO
[0.662s] -- Installing: /home/luis/azure_sky_ros2/install/ros2_socketcan_msgs/local/lib/python3.10/dist-packages/ros2_socketcan_msgs-1.3.0-py3.10.egg-info/top_level.txt
[0.662s] -- Installing: /home/luis/azure_sky_ros2/install/ros2_socketcan_msgs/local/lib/python3.10/dist-packages/ros2_socketcan_msgs-1.3.0-py3.10.egg-info/dependency_links.txt
[0.663s] -- Up-to-date: /home/luis/azure_sky_ros2/install/ros2_socketcan_msgs/local/lib/python3.10/dist-packages/ros2_socketcan_msgs
[0.663s] -- Up-to-date: /home/luis/azure_sky_ros2/install/ros2_socketcan_msgs/local/lib/python3.10/dist-packages/ros2_socketcan_msgs/_ros2_socketcan_msgs_s.ep.rosidl_typesupport_c.c
[0.663s] -- Up-to-date: /home/luis/azure_sky_ros2/install/ros2_socketcan_msgs/local/lib/python3.10/dist-packages/ros2_socketcan_msgs/ros2_socketcan_msgs_s__rosidl_typesupport_fastrtps_c.cpython-310-x86_64-linux-gnu.so
[0.663s] -- Up-to-date: /home/luis/azure_sky_ros2/install/ros2_socketcan_msgs/local/lib/python3.10/dist-packages/ros2_socketcan_msgs/_ros2_socketcan_msgs_s.ep.rosidl_typesupport_introspection_c.c
[0.663s] -- Up-to-date: /home/luis/azure_sky_ros2/install/ros2_socketcan_msgs/local/lib/python3.10/dist-packages/ros2_socketcan_msgs/_ros2_socketcan_msgs_s.ep.rosidl_typesupport_fastrtps_c.c
[0.663s] -- Up-to-date: /home/luis/azure_sky_ros2/install/ros2_socketcan_msgs/local/lib/python3.10/dist-packages/ros2_socketcan_msgs/libros2_socketcan_msgs__rosidl_generator_py.so
[0.663s] -- Up-to-date: /home/luis/azure_sky_ros2/install/ros2_socketcan_msgs/local/lib/python3.10/dist-packages/ros2_socketcan_msgs/ros2_socketcan_msgs_s__rosidl_typesupport_c.cpython-310-x86_64-linux-gnu.so
[0.663s] -- Up-to-date: /home/luis/azure_sky_ros2/install/ros2_socketcan_msgs/local/lib/python3.10/dist-packages/ros2_socketcan_msgs/ros2_socketcan_msgs_s__rosidl_typesupport_introspection_c.cpython-310-x86_64-linux-gnu.so
[0.663s] -- Up-to-date: /home/luis/azure_sky_ros2/install/ros2_socketcan_msgs/local/lib/python3.10/dist-packages/ros2_socketcan_msgs/__init__.py
[0.663s] -- Up-to-date: /home/luis/azure_sky_ros2/install/ros2_socketcan_msgs/local/lib/python3.10/dist-packages/ros2_socketcan_msgs/msg
[0.663s] -- Up-to-date: /home/luis/azure_sky_ros2/install/ros2_socketcan_msgs/local/lib/python3.10/dist-packages/ros2_socketcan_msgs/msg/_fd_frame.py
[0.664s] -- Up-to-date: /home/luis/azure_sky_ros2/install/ros2_socketcan_msgs/local/lib/python3.10/dist-packages/ros2_socketcan_msgs/msg/__init__.py
[0.664s] -- Up-to-date: /home/luis/azure_sky_ros2/install/ros2_socketcan_msgs/local/lib/python3.10/dist-packages/ros2_socketcan_msgs/msg/_fd_frame_s.c
[0.698s] Listing '/home/luis/azure_sky_ros2/install/ros2_socketcan_msgs/local/lib/python3.10/dist-packages/ros2_socketcan_msgs'...
[0.698s] Listing '/home/luis/azure_sky_ros2/install/ros2_socketcan_msgs/local/lib/python3.10/dist-packages/ros2_socketcan_msgs/msg'...
[0.704s] -- Up-to-date: /home/luis/azure_sky_ros2/install/ros2_socketcan_msgs/local/lib/python3.10/dist-packages/ros2_socketcan_msgs/ros2_socketcan_msgs_s__rosidl_typesupport_fastrtps_c.cpython-310-x86_64-linux-gnu.so
[0.704s] -- Up-to-date: /home/luis/azure_sky_ros2/install/ros2_socketcan_msgs/local/lib/python3.10/dist-packages/ros2_socketcan_msgs/ros2_socketcan_msgs_s__rosidl_typesupport_introspection_c.cpython-310-x86_64-linux-gnu.so
[0.705s] -- Up-to-date: /home/luis/azure_sky_ros2/install/ros2_socketcan_msgs/local/lib/python3.10/dist-packages/ros2_socketcan_msgs/ros2_socketcan_msgs_s__rosidl_typesupport_c.cpython-310-x86_64-linux-gnu.so
[0.705s] -- Up-to-date: /home/luis/azure_sky_ros2/install/ros2_socketcan_msgs/lib/libros2_socketcan_msgs__rosidl_generator_py.so
[0.705s] -- Up-to-date: /home/luis/azure_sky_ros2/install/ros2_socketcan_msgs/share/ros2_socketcan_msgs/msg/FdFrame.idl
[0.705s] -- Up-to-date: /home/luis/azure_sky_ros2/install/ros2_socketcan_msgs/share/ros2_socketcan_msgs/msg/FdFrame.msg
[0.705s] -- Up-to-date: /home/luis/azure_sky_ros2/install/ros2_socketcan_msgs/share/ament_index/resource_index/package_run_dependencies/ros2_socketcan_msgs
[0.705s] -- Up-to-date: /home/luis/azure_sky_ros2/install/ros2_socketcan_msgs/share/ament_index/resource_index/parent_prefix_path/ros2_socketcan_msgs
[0.705s] -- Up-to-date: /home/luis/azure_sky_ros2/install/ros2_socketcan_msgs/share/ros2_socketcan_msgs/environment/ament_prefix_path.sh
[0.705s] -- Up-to-date: /home/luis/azure_sky_ros2/install/ros2_socketcan_msgs/share/ros2_socketcan_msgs/environment/ament_prefix_path.dsv
[0.706s] -- Up-to-date: /home/luis/azure_sky_ros2/install/ros2_socketcan_msgs/share/ros2_socketcan_msgs/environment/path.sh
[0.706s] -- Up-to-date: /home/luis/azure_sky_ros2/install/ros2_socketcan_msgs/share/ros2_socketcan_msgs/environment/path.dsv
[0.706s] -- Up-to-date: /home/luis/azure_sky_ros2/install/ros2_socketcan_msgs/share/ros2_socketcan_msgs/local_setup.bash
[0.706s] -- Up-to-date: /home/luis/azure_sky_ros2/install/ros2_socketcan_msgs/share/ros2_socketcan_msgs/local_setup.sh
[0.706s] -- Up-to-date: /home/luis/azure_sky_ros2/install/ros2_socketcan_msgs/share/ros2_socketcan_msgs/local_setup.zsh
[0.706s] -- Up-to-date: /home/luis/azure_sky_ros2/install/ros2_socketcan_msgs/share/ros2_socketcan_msgs/local_setup.dsv
[0.706s] -- Installing: /home/luis/azure_sky_ros2/install/ros2_socketcan_msgs/share/ros2_socketcan_msgs/package.dsv
[0.706s] -- Up-to-date: /home/luis/azure_sky_ros2/install/ros2_socketcan_msgs/share/ament_index/resource_index/packages/ros2_socketcan_msgs
[0.706s] -- Up-to-date: /home/luis/azure_sky_ros2/install/ros2_socketcan_msgs/share/ros2_socketcan_msgs/cmake/export_ros2_socketcan_msgs__rosidl_generator_cExport.cmake
[0.706s] -- Up-to-date: /home/luis/azure_sky_ros2/install/ros2_socketcan_msgs/share/ros2_socketcan_msgs/cmake/export_ros2_socketcan_msgs__rosidl_generator_cExport-noconfig.cmake
[0.706s] -- Up-to-date: /home/luis/azure_sky_ros2/install/ros2_socketcan_msgs/share/ros2_socketcan_msgs/cmake/export_ros2_socketcan_msgs__rosidl_typesupport_fastrtps_cExport.cmake
[0.706s] -- Up-to-date: /home/luis/azure_sky_ros2/install/ros2_socketcan_msgs/share/ros2_socketcan_msgs/cmake/export_ros2_socketcan_msgs__rosidl_typesupport_fastrtps_cExport-noconfig.cmake
[0.707s] -- Up-to-date: /home/luis/azure_sky_ros2/install/ros2_socketcan_msgs/share/ros2_socketcan_msgs/cmake/ros2_socketcan_msgs__rosidl_typesupport_introspection_cExport.cmake
[0.707s] -- Up-to-date: /home/luis/azure_sky_ros2/install/ros2_socketcan_msgs/share/ros2_socketcan_msgs/cmake/ros2_socketcan_msgs__rosidl_typesupport_introspection_cExport-noconfig.cmake
[0.707s] -- Up-to-date: /home/luis/azure_sky_ros2/install/ros2_socketcan_msgs/share/ros2_socketcan_msgs/cmake/ros2_socketcan_msgs__rosidl_typesupport_cExport.cmake
[0.707s] -- Up-to-date: /home/luis/azure_sky_ros2/install/ros2_socketcan_msgs/share/ros2_socketcan_msgs/cmake/ros2_socketcan_msgs__rosidl_typesupport_cExport-noconfig.cmake
[0.707s] -- Up-to-date: /home/luis/azure_sky_ros2/install/ros2_socketcan_msgs/share/ros2_socketcan_msgs/cmake/export_ros2_socketcan_msgs__rosidl_generator_cppExport.cmake
[0.707s] -- Up-to-date: /home/luis/azure_sky_ros2/install/ros2_socketcan_msgs/share/ros2_socketcan_msgs/cmake/export_ros2_socketcan_msgs__rosidl_typesupport_fastrtps_cppExport.cmake
[0.707s] -- Up-to-date: /home/luis/azure_sky_ros2/install/ros2_socketcan_msgs/share/ros2_socketcan_msgs/cmake/export_ros2_socketcan_msgs__rosidl_typesupport_fastrtps_cppExport-noconfig.cmake
[0.707s] -- Up-to-date: /home/luis/azure_sky_ros2/install/ros2_socketcan_msgs/share/ros2_socketcan_msgs/cmake/ros2_socketcan_msgs__rosidl_typesupport_introspection_cppExport.cmake
[0.707s] -- Up-to-date: /home/luis/azure_sky_ros2/install/ros2_socketcan_msgs/share/ros2_socketcan_msgs/cmake/ros2_socketcan_msgs__rosidl_typesupport_introspection_cppExport-noconfig.cmake
[0.707s] -- Up-to-date: /home/luis/azure_sky_ros2/install/ros2_socketcan_msgs/share/ros2_socketcan_msgs/cmake/ros2_socketcan_msgs__rosidl_typesupport_cppExport.cmake
[0.708s] -- Up-to-date: /home/luis/azure_sky_ros2/install/ros2_socketcan_msgs/share/ros2_socketcan_msgs/cmake/ros2_socketcan_msgs__rosidl_typesupport_cppExport-noconfig.cmake
[0.708s] -- Up-to-date: /home/luis/azure_sky_ros2/install/ros2_socketcan_msgs/share/ros2_socketcan_msgs/cmake/export_ros2_socketcan_msgs__rosidl_generator_pyExport.cmake
[0.708s] -- Up-to-date: /home/luis/azure_sky_ros2/install/ros2_socketcan_msgs/share/ros2_socketcan_msgs/cmake/export_ros2_socketcan_msgs__rosidl_generator_pyExport-noconfig.cmake
[0.708s] -- Up-to-date: /home/luis/azure_sky_ros2/install/ros2_socketcan_msgs/share/ros2_socketcan_msgs/cmake/rosidl_cmake-extras.cmake
[0.708s] -- Up-to-date: /home/luis/azure_sky_ros2/install/ros2_socketcan_msgs/share/ros2_socketcan_msgs/cmake/ament_cmake_export_dependencies-extras.cmake
[0.708s] -- Up-to-date: /home/luis/azure_sky_ros2/install/ros2_socketcan_msgs/share/ros2_socketcan_msgs/cmake/ament_cmake_export_include_directories-extras.cmake
[0.708s] -- Up-to-date: /home/luis/azure_sky_ros2/install/ros2_socketcan_msgs/share/ros2_socketcan_msgs/cmake/ament_cmake_export_libraries-extras.cmake
[0.708s] -- Up-to-date: /home/luis/azure_sky_ros2/install/ros2_socketcan_msgs/share/ros2_socketcan_msgs/cmake/ament_cmake_export_targets-extras.cmake
[0.708s] -- Up-to-date: /home/luis/azure_sky_ros2/install/ros2_socketcan_msgs/share/ros2_socketcan_msgs/cmake/rosidl_cmake_export_typesupport_targets-extras.cmake
[0.708s] -- Up-to-date: /home/luis/azure_sky_ros2/install/ros2_socketcan_msgs/share/ros2_socketcan_msgs/cmake/rosidl_cmake_export_typesupport_libraries-extras.cmake
[0.708s] -- Up-to-date: /home/luis/azure_sky_ros2/install/ros2_socketcan_msgs/share/ros2_socketcan_msgs/cmake/ros2_socketcan_msgsConfig.cmake
[0.708s] -- Up-to-date: /home/luis/azure_sky_ros2/install/ros2_socketcan_msgs/share/ros2_socketcan_msgs/cmake/ros2_socketcan_msgsConfig-version.cmake
[0.708s] -- Up-to-date: /home/luis/azure_sky_ros2/install/ros2_socketcan_msgs/share/ros2_socketcan_msgs/package.xml
[0.710s] Invoked command in '/home/luis/azure_sky_ros2/build/ros2_socketcan_msgs' returned '0': CMAKE_PREFIX_PATH=${CMAKE_PREFIX_PATH}:/opt/ros/humble /usr/bin/cmake --install /home/luis/azure_sky_ros2/build/ros2_socketcan_msgs
