[0.034s] Invoking command in '/home/luis/workshop_ws/build/my_hardware_interface': CMAKE_PREFIX_PATH=/home/luis/workshop_ws/install/ros2_socketcan:/home/luis/workshop_ws/install/serial:/home/luis/workshop_ws/install/ros2_socketcan_msgs:/home/luis/workshop_ws/install/tide_shooter_controller:/home/luis/workshop_ws/install/tide_gimbal_controller:/home/luis/workshop_ws/install/tide_msgs:/home/luis/workshop_ws/install/my_hardware_interface:/home/luis/workshop_ws/install/roscon2022_control_workshop:/home/luis/workshop_ws/install/controlko_hardware_interface:/home/luis/workshop_ws/install/controlko_bringup:/home/luis/workshop_ws/install/controlko_description:/home/luis/workshop_ws/install/controlko_controllers:/opt/ros/humble LD_LIBRARY_PATH=/home/luis/workshop_ws/install/ros2_socketcan/lib:/home/luis/workshop_ws/install/ros2_socketcan_msgs/lib:/home/luis/workshop_ws/install/tide_shooter_controller/lib:/home/luis/workshop_ws/install/tide_gimbal_controller/lib:/home/luis/workshop_ws/install/tide_msgs/lib:/home/luis/workshop_ws/install/my_hardware_interface/lib:/home/luis/workshop_ws/install/serial/lib:/home/luis/workshop_ws/install/controlko_hardware_interface/lib:/home/luis/workshop_ws/install/controlko_controllers/lib:/usr/lib/x86_64-linux-gnu/gazebo-11/plugins:/opt/ros/humble/opt/rviz_ogre_vendor/lib:/opt/ros/humble/lib/x86_64-linux-gnu:/opt/ros/humble/lib /usr/bin/cmake /home/luis/workshop_ws/src/my_hardware_interface -DCMAKE_INSTALL_PREFIX=/home/luis/workshop_ws/install/my_hardware_interface
[0.054s] -- Found ament_cmake: 1.3.11 (/opt/ros/humble/share/ament_cmake/cmake)
[0.257s] -- Override CMake install command with custom implementation using symlinks instead of copying resources
[0.276s] -- Found hardware_interface: 2.51.0 (/opt/ros/humble/share/hardware_interface/cmake)
[0.330s] -- Found rosidl_generator_c: 3.1.6 (/opt/ros/humble/share/rosidl_generator_c/cmake)
[0.334s] -- Found rosidl_adapter: 3.1.6 (/opt/ros/humble/share/rosidl_adapter/cmake)
[0.342s] -- Found rosidl_generator_cpp: 3.1.6 (/opt/ros/humble/share/rosidl_generator_cpp/cmake)
[0.356s] -- Using all available rosidl_typesupport_c: rosidl_typesupport_fastrtps_c;rosidl_typesupport_introspection_c
[0.375s] -- Using all available rosidl_typesupport_cpp: rosidl_typesupport_fastrtps_cpp;rosidl_typesupport_introspection_cpp
[0.636s] -- Found rmw_implementation_cmake: 6.1.2 (/opt/ros/humble/share/rmw_implementation_cmake/cmake)
[0.638s] -- Found rmw_fastrtps_cpp: 6.2.7 (/opt/ros/humble/share/rmw_fastrtps_cpp/cmake)
[0.667s] -- Found TinyXML2 via Config file: TinyXML2_DIR-NOTFOUND
[0.682s] -- Found TinyXML2 via Config file: TinyXML2_DIR-NOTFOUND
[0.715s] -- Found TinyXML2 via Config file: TinyXML2_DIR-NOTFOUND
[0.731s] -- Found TinyXML2 via Config file: TinyXML2_DIR-NOTFOUND
[0.753s] -- Using RMW implementation 'rmw_fastrtps_cpp' as default
[0.824s] -- Found ros2_socketcan: 1.3.0 (/home/luis/workshop_ws/install/ros2_socketcan/share/ros2_socketcan/cmake)
[0.895s] -- Found controller_interface: 2.51.0 (/opt/ros/humble/share/controller_interface/cmake)
[0.903s] -- Found realtime_tools: 2.14.0 (/opt/ros/humble/share/realtime_tools/cmake)
[0.952s] -- Found ament_lint_auto: 0.12.12 (/opt/ros/humble/share/ament_lint_auto/cmake)
[1.059s] -- Found gmock sources under '/opt/ros/humble/src/gmock_vendor': C++ tests using 'Google Mock' will be built
[1.063s] -- Found ament_cmake_gtest: 1.3.11 (/opt/ros/humble/share/ament_cmake_gtest/cmake)
[1.064s] -- Found gtest sources under '/opt/ros/humble/src/gtest_vendor': C++ tests using 'Google Test' will be built
[1.089s] -- Added test 'cppcheck' to perform static code analysis on C / C++ code
[1.089s] -- Configured cppcheck include dirs: /home/luis/workshop_ws/src/my_hardware_interface/include
[1.090s] -- Configured cppcheck exclude dirs and/or files: 
[1.091s] -- Added test 'lint_cmake' to check CMake code style
[1.094s] -- Added test 'uncrustify' to check C / C++ code style
[1.094s] -- Configured uncrustify additional arguments: 
[1.094s] -- Added test 'xmllint' to check XML markup files
[1.100s] -- Configuring done
[1.209s] -- Generating done
[1.224s] -- Build files have been written to: /home/luis/workshop_ws/build/my_hardware_interface
[1.240s] Invoked command in '/home/luis/workshop_ws/build/my_hardware_interface' returned '0': CMAKE_PREFIX_PATH=/home/luis/workshop_ws/install/ros2_socketcan:/home/luis/workshop_ws/install/serial:/home/luis/workshop_ws/install/ros2_socketcan_msgs:/home/luis/workshop_ws/install/tide_shooter_controller:/home/luis/workshop_ws/install/tide_gimbal_controller:/home/luis/workshop_ws/install/tide_msgs:/home/luis/workshop_ws/install/my_hardware_interface:/home/luis/workshop_ws/install/roscon2022_control_workshop:/home/luis/workshop_ws/install/controlko_hardware_interface:/home/luis/workshop_ws/install/controlko_bringup:/home/luis/workshop_ws/install/controlko_description:/home/luis/workshop_ws/install/controlko_controllers:/opt/ros/humble LD_LIBRARY_PATH=/home/luis/workshop_ws/install/ros2_socketcan/lib:/home/luis/workshop_ws/install/ros2_socketcan_msgs/lib:/home/luis/workshop_ws/install/tide_shooter_controller/lib:/home/luis/workshop_ws/install/tide_gimbal_controller/lib:/home/luis/workshop_ws/install/tide_msgs/lib:/home/luis/workshop_ws/install/my_hardware_interface/lib:/home/luis/workshop_ws/install/serial/lib:/home/luis/workshop_ws/install/controlko_hardware_interface/lib:/home/luis/workshop_ws/install/controlko_controllers/lib:/usr/lib/x86_64-linux-gnu/gazebo-11/plugins:/opt/ros/humble/opt/rviz_ogre_vendor/lib:/opt/ros/humble/lib/x86_64-linux-gnu:/opt/ros/humble/lib /usr/bin/cmake /home/luis/workshop_ws/src/my_hardware_interface -DCMAKE_INSTALL_PREFIX=/home/luis/workshop_ws/install/my_hardware_interface
[1.243s] Invoking command in '/home/luis/workshop_ws/build/my_hardware_interface': CMAKE_PREFIX_PATH=/home/luis/workshop_ws/install/ros2_socketcan:/home/luis/workshop_ws/install/serial:/home/luis/workshop_ws/install/ros2_socketcan_msgs:/home/luis/workshop_ws/install/tide_shooter_controller:/home/luis/workshop_ws/install/tide_gimbal_controller:/home/luis/workshop_ws/install/tide_msgs:/home/luis/workshop_ws/install/my_hardware_interface:/home/luis/workshop_ws/install/roscon2022_control_workshop:/home/luis/workshop_ws/install/controlko_hardware_interface:/home/luis/workshop_ws/install/controlko_bringup:/home/luis/workshop_ws/install/controlko_description:/home/luis/workshop_ws/install/controlko_controllers:/opt/ros/humble LD_LIBRARY_PATH=/home/luis/workshop_ws/install/ros2_socketcan/lib:/home/luis/workshop_ws/install/ros2_socketcan_msgs/lib:/home/luis/workshop_ws/install/tide_shooter_controller/lib:/home/luis/workshop_ws/install/tide_gimbal_controller/lib:/home/luis/workshop_ws/install/tide_msgs/lib:/home/luis/workshop_ws/install/my_hardware_interface/lib:/home/luis/workshop_ws/install/serial/lib:/home/luis/workshop_ws/install/controlko_hardware_interface/lib:/home/luis/workshop_ws/install/controlko_controllers/lib:/usr/lib/x86_64-linux-gnu/gazebo-11/plugins:/opt/ros/humble/opt/rviz_ogre_vendor/lib:/opt/ros/humble/lib/x86_64-linux-gnu:/opt/ros/humble/lib /usr/bin/cmake --build /home/luis/workshop_ws/build/my_hardware_interface -- -j12 -l12
[1.359s] [35m[1mConsolidate compiler generated dependencies of target gmock_main[0m
[1.360s] [35m[1mConsolidate compiler generated dependencies of target gmock[0m
[1.362s] [35m[1mConsolidate compiler generated dependencies of target my_hardware_interface[0m
[1.389s] [ 27%] Built target gmock
[1.392s] [ 45%] Built target gmock_main
[1.413s] [ 81%] Built target my_hardware_interface
[1.414s] [35m[1mConsolidate compiler generated dependencies of target test_rrbot_hardware_interface[0m
[1.443s] [100%] Built target test_rrbot_hardware_interface
[1.466s] Invoked command in '/home/luis/workshop_ws/build/my_hardware_interface' returned '0': CMAKE_PREFIX_PATH=/home/luis/workshop_ws/install/ros2_socketcan:/home/luis/workshop_ws/install/serial:/home/luis/workshop_ws/install/ros2_socketcan_msgs:/home/luis/workshop_ws/install/tide_shooter_controller:/home/luis/workshop_ws/install/tide_gimbal_controller:/home/luis/workshop_ws/install/tide_msgs:/home/luis/workshop_ws/install/my_hardware_interface:/home/luis/workshop_ws/install/roscon2022_control_workshop:/home/luis/workshop_ws/install/controlko_hardware_interface:/home/luis/workshop_ws/install/controlko_bringup:/home/luis/workshop_ws/install/controlko_description:/home/luis/workshop_ws/install/controlko_controllers:/opt/ros/humble LD_LIBRARY_PATH=/home/luis/workshop_ws/install/ros2_socketcan/lib:/home/luis/workshop_ws/install/ros2_socketcan_msgs/lib:/home/luis/workshop_ws/install/tide_shooter_controller/lib:/home/luis/workshop_ws/install/tide_gimbal_controller/lib:/home/luis/workshop_ws/install/tide_msgs/lib:/home/luis/workshop_ws/install/my_hardware_interface/lib:/home/luis/workshop_ws/install/serial/lib:/home/luis/workshop_ws/install/controlko_hardware_interface/lib:/home/luis/workshop_ws/install/controlko_controllers/lib:/usr/lib/x86_64-linux-gnu/gazebo-11/plugins:/opt/ros/humble/opt/rviz_ogre_vendor/lib:/opt/ros/humble/lib/x86_64-linux-gnu:/opt/ros/humble/lib /usr/bin/cmake --build /home/luis/workshop_ws/build/my_hardware_interface -- -j12 -l12
[1.470s] Invoking command in '/home/luis/workshop_ws/build/my_hardware_interface': CMAKE_PREFIX_PATH=/home/luis/workshop_ws/install/ros2_socketcan:/home/luis/workshop_ws/install/serial:/home/luis/workshop_ws/install/ros2_socketcan_msgs:/home/luis/workshop_ws/install/tide_shooter_controller:/home/luis/workshop_ws/install/tide_gimbal_controller:/home/luis/workshop_ws/install/tide_msgs:/home/luis/workshop_ws/install/my_hardware_interface:/home/luis/workshop_ws/install/roscon2022_control_workshop:/home/luis/workshop_ws/install/controlko_hardware_interface:/home/luis/workshop_ws/install/controlko_bringup:/home/luis/workshop_ws/install/controlko_description:/home/luis/workshop_ws/install/controlko_controllers:/opt/ros/humble LD_LIBRARY_PATH=/home/luis/workshop_ws/install/ros2_socketcan/lib:/home/luis/workshop_ws/install/ros2_socketcan_msgs/lib:/home/luis/workshop_ws/install/tide_shooter_controller/lib:/home/luis/workshop_ws/install/tide_gimbal_controller/lib:/home/luis/workshop_ws/install/tide_msgs/lib:/home/luis/workshop_ws/install/my_hardware_interface/lib:/home/luis/workshop_ws/install/serial/lib:/home/luis/workshop_ws/install/controlko_hardware_interface/lib:/home/luis/workshop_ws/install/controlko_controllers/lib:/usr/lib/x86_64-linux-gnu/gazebo-11/plugins:/opt/ros/humble/opt/rviz_ogre_vendor/lib:/opt/ros/humble/lib/x86_64-linux-gnu:/opt/ros/humble/lib /usr/bin/cmake --install /home/luis/workshop_ws/build/my_hardware_interface
[1.490s] -- Install configuration: ""
[1.491s] -- Execute custom install script
[1.491s] -- Up-to-date symlink: /home/luis/workshop_ws/install/my_hardware_interface/share/my_hardware_interface//my_hardware_interface.xml
[1.492s] -- Up-to-date symlink: /home/luis/workshop_ws/install/my_hardware_interface/share/my_hardware_interface//my_hardware_interface.xml
[1.492s] -- Up-to-date symlink: /home/luis/workshop_ws/install/my_hardware_interface/lib/libmy_hardware_interface.so
[1.492s] -- Up-to-date symlink: /home/luis/workshop_ws/install/my_hardware_interface/include/my_hardware_interface/custom_mecanum_controller.hpp
[1.493s] -- Up-to-date symlink: /home/luis/workshop_ws/install/my_hardware_interface/include/my_hardware_interface/rrbot_hardware_interface.hpp
[1.493s] -- Up-to-date symlink: /home/luis/workshop_ws/install/my_hardware_interface/include/my_hardware_interface/tide_motor.hpp
[1.493s] -- Up-to-date symlink: /home/luis/workshop_ws/install/my_hardware_interface/include/my_hardware_interface/visibility_control.h
[1.493s] -- Up-to-date symlink: /home/luis/workshop_ws/install/my_hardware_interface/share/my_hardware_interface/my_hardware_interface.xml
[1.493s] -- Up-to-date symlink: /home/luis/workshop_ws/install/my_hardware_interface/share/my_hardware_interface/environment/library_path.sh
[1.494s] -- Up-to-date symlink: /home/luis/workshop_ws/install/my_hardware_interface/share/my_hardware_interface/environment/library_path.dsv
[1.494s] -- Up-to-date symlink: /home/luis/workshop_ws/install/my_hardware_interface/share/ament_index/resource_index/package_run_dependencies/my_hardware_interface
[1.494s] -- Up-to-date symlink: /home/luis/workshop_ws/install/my_hardware_interface/share/ament_index/resource_index/parent_prefix_path/my_hardware_interface
[1.494s] -- Up-to-date symlink: /home/luis/workshop_ws/install/my_hardware_interface/share/my_hardware_interface/environment/ament_prefix_path.sh
[1.494s] -- Up-to-date symlink: /home/luis/workshop_ws/install/my_hardware_interface/share/my_hardware_interface/environment/ament_prefix_path.dsv
[1.495s] -- Up-to-date symlink: /home/luis/workshop_ws/install/my_hardware_interface/share/my_hardware_interface/environment/path.sh
[1.495s] -- Up-to-date symlink: /home/luis/workshop_ws/install/my_hardware_interface/share/my_hardware_interface/environment/path.dsv
[1.495s] -- Up-to-date symlink: /home/luis/workshop_ws/install/my_hardware_interface/share/my_hardware_interface/local_setup.bash
[1.495s] -- Up-to-date symlink: /home/luis/workshop_ws/install/my_hardware_interface/share/my_hardware_interface/local_setup.sh
[1.495s] -- Up-to-date symlink: /home/luis/workshop_ws/install/my_hardware_interface/share/my_hardware_interface/local_setup.zsh
[1.496s] -- Up-to-date symlink: /home/luis/workshop_ws/install/my_hardware_interface/share/my_hardware_interface/local_setup.dsv
[1.496s] -- Symlinking: /home/luis/workshop_ws/install/my_hardware_interface/share/my_hardware_interface/package.dsv
[1.513s] -- Up-to-date symlink: /home/luis/workshop_ws/install/my_hardware_interface/share/ament_index/resource_index/packages/my_hardware_interface
[1.513s] -- Up-to-date symlink: /home/luis/workshop_ws/install/my_hardware_interface/share/ament_index/resource_index/hardware_interface__pluginlib__plugin/my_hardware_interface
[1.513s] -- Up-to-date symlink: /home/luis/workshop_ws/install/my_hardware_interface/share/ament_index/resource_index/controller_interface__pluginlib__plugin/my_hardware_interface
[1.514s] -- Up-to-date symlink: /home/luis/workshop_ws/install/my_hardware_interface/share/my_hardware_interface/cmake/ament_cmake_export_include_directories-extras.cmake
[1.514s] -- Up-to-date symlink: /home/luis/workshop_ws/install/my_hardware_interface/share/my_hardware_interface/cmake/ament_cmake_export_libraries-extras.cmake
[1.514s] -- Up-to-date symlink: /home/luis/workshop_ws/install/my_hardware_interface/share/my_hardware_interface/cmake/ament_cmake_export_dependencies-extras.cmake
[1.515s] -- Up-to-date symlink: /home/luis/workshop_ws/install/my_hardware_interface/share/my_hardware_interface/cmake/my_hardware_interfaceConfig.cmake
[1.515s] -- Up-to-date symlink: /home/luis/workshop_ws/install/my_hardware_interface/share/my_hardware_interface/cmake/my_hardware_interfaceConfig-version.cmake
[1.515s] -- Up-to-date symlink: /home/luis/workshop_ws/install/my_hardware_interface/share/my_hardware_interface/package.xml
[1.520s] Invoked command in '/home/luis/workshop_ws/build/my_hardware_interface' returned '0': CMAKE_PREFIX_PATH=/home/luis/workshop_ws/install/ros2_socketcan:/home/luis/workshop_ws/install/serial:/home/luis/workshop_ws/install/ros2_socketcan_msgs:/home/luis/workshop_ws/install/tide_shooter_controller:/home/luis/workshop_ws/install/tide_gimbal_controller:/home/luis/workshop_ws/install/tide_msgs:/home/luis/workshop_ws/install/my_hardware_interface:/home/luis/workshop_ws/install/roscon2022_control_workshop:/home/luis/workshop_ws/install/controlko_hardware_interface:/home/luis/workshop_ws/install/controlko_bringup:/home/luis/workshop_ws/install/controlko_description:/home/luis/workshop_ws/install/controlko_controllers:/opt/ros/humble LD_LIBRARY_PATH=/home/luis/workshop_ws/install/ros2_socketcan/lib:/home/luis/workshop_ws/install/ros2_socketcan_msgs/lib:/home/luis/workshop_ws/install/tide_shooter_controller/lib:/home/luis/workshop_ws/install/tide_gimbal_controller/lib:/home/luis/workshop_ws/install/tide_msgs/lib:/home/luis/workshop_ws/install/my_hardware_interface/lib:/home/luis/workshop_ws/install/serial/lib:/home/luis/workshop_ws/install/controlko_hardware_interface/lib:/home/luis/workshop_ws/install/controlko_controllers/lib:/usr/lib/x86_64-linux-gnu/gazebo-11/plugins:/opt/ros/humble/opt/rviz_ogre_vendor/lib:/opt/ros/humble/lib/x86_64-linux-gnu:/opt/ros/humble/lib /usr/bin/cmake --install /home/luis/workshop_ws/build/my_hardware_interface
