[0.045s] Invoking command in '/home/luis/azure_sky_ros2/build/serial': CMAKE_PREFIX_PATH=/opt/ros/humble /usr/bin/cmake --build /home/luis/azure_sky_ros2/build/serial -- -j12 -l12
[0.188s] [100%] Built target serial
[0.346s] Invoked command in '/home/luis/azure_sky_ros2/build/serial' returned '0': CMAKE_PREFIX_PATH=/opt/ros/humble /usr/bin/cmake --build /home/luis/azure_sky_ros2/build/serial -- -j12 -l12
[0.347s] Invoking command in '/home/luis/azure_sky_ros2/build/serial': CMAKE_PREFIX_PATH=/opt/ros/humble /usr/bin/cmake --install /home/luis/azure_sky_ros2/build/serial
[0.371s] -- Install configuration: ""
[0.372s] -- Up-to-date: /home/luis/azure_sky_ros2/install/serial/lib/libserial.a
[0.372s] -- Up-to-date: /home/luis/azure_sky_ros2/install/serial/include
[0.377s] -- Up-to-date: /home/luis/azure_sky_ros2/install/serial/include/serial
[0.381s] -- Up-to-date: /home/luis/azure_sky_ros2/install/serial/include/serial/impl
[0.381s] -- Up-to-date: /home/luis/azure_sky_ros2/install/serial/include/serial/impl/unix.h
[0.381s] -- Up-to-date: /home/luis/azure_sky_ros2/install/serial/include/serial/impl/win.h
[0.381s] -- Up-to-date: /home/luis/azure_sky_ros2/install/serial/include/serial/serial.h
[0.382s] -- Up-to-date: /home/luis/azure_sky_ros2/install/serial/include/serial/v8stdint.h
[0.382s] -- Up-to-date: /home/luis/azure_sky_ros2/install/serial/share/serial/environment/library_path.sh
[0.382s] -- Up-to-date: /home/luis/azure_sky_ros2/install/serial/share/serial/environment/library_path.dsv
[0.382s] -- Up-to-date: /home/luis/azure_sky_ros2/install/serial/share/ament_index/resource_index/package_run_dependencies/serial
[0.382s] -- Up-to-date: /home/luis/azure_sky_ros2/install/serial/share/ament_index/resource_index/parent_prefix_path/serial
[0.382s] -- Up-to-date: /home/luis/azure_sky_ros2/install/serial/share/serial/environment/ament_prefix_path.sh
[0.382s] -- Up-to-date: /home/luis/azure_sky_ros2/install/serial/share/serial/environment/ament_prefix_path.dsv
[0.382s] -- Up-to-date: /home/luis/azure_sky_ros2/install/serial/share/serial/environment/path.sh
[0.383s] -- Up-to-date: /home/luis/azure_sky_ros2/install/serial/share/serial/environment/path.dsv
[0.383s] -- Up-to-date: /home/luis/azure_sky_ros2/install/serial/share/serial/local_setup.bash
[0.383s] -- Up-to-date: /home/luis/azure_sky_ros2/install/serial/share/serial/local_setup.sh
[0.383s] -- Up-to-date: /home/luis/azure_sky_ros2/install/serial/share/serial/local_setup.zsh
[0.383s] -- Up-to-date: /home/luis/azure_sky_ros2/install/serial/share/serial/local_setup.dsv
[0.383s] -- Installing: /home/luis/azure_sky_ros2/install/serial/share/serial/package.dsv
[0.383s] -- Up-to-date: /home/luis/azure_sky_ros2/install/serial/share/ament_index/resource_index/packages/serial
[0.383s] -- Up-to-date: /home/luis/azure_sky_ros2/install/serial/share/serial/cmake/export_serialExport.cmake
[0.383s] -- Up-to-date: /home/luis/azure_sky_ros2/install/serial/share/serial/cmake/export_serialExport-noconfig.cmake
[0.384s] -- Up-to-date: /home/luis/azure_sky_ros2/install/serial/share/serial/cmake/ament_cmake_export_include_directories-extras.cmake
[0.384s] -- Up-to-date: /home/luis/azure_sky_ros2/install/serial/share/serial/cmake/ament_cmake_export_libraries-extras.cmake
[0.384s] -- Up-to-date: /home/luis/azure_sky_ros2/install/serial/share/serial/cmake/ament_cmake_export_targets-extras.cmake
[0.384s] -- Up-to-date: /home/luis/azure_sky_ros2/install/serial/share/serial/cmake/serialConfig.cmake
[0.391s] -- Up-to-date: /home/luis/azure_sky_ros2/install/serial/share/serial/cmake/serialConfig-version.cmake
[0.391s] -- Up-to-date: /home/luis/azure_sky_ros2/install/serial/share/serial/package.xml
[0.404s] Invoked command in '/home/luis/azure_sky_ros2/build/serial' returned '0': CMAKE_PREFIX_PATH=/opt/ros/humble /usr/bin/cmake --install /home/luis/azure_sky_ros2/build/serial
