[0.033s] Invoking command in '/home/luis/azure_sky_ros2/build/hik_camera': CMAKE_PREFIX_PATH=/opt/ros/humble /usr/bin/cmake --build /home/luis/azure_sky_ros2/build/hik_camera -- -j12 -l12
[0.071s] -- Found ament_cmake_auto: 1.3.11 (/opt/ros/humble/share/ament_cmake_auto/cmake)
[0.445s] -- Found rosidl_generator_c: 3.1.6 (/opt/ros/humble/share/rosidl_generator_c/cmake)
[0.448s] -- Found rosidl_adapter: 3.1.6 (/opt/ros/humble/share/rosidl_adapter/cmake)
[0.454s] -- Found rosidl_generator_cpp: 3.1.6 (/opt/ros/humble/share/rosidl_generator_cpp/cmake)
[0.463s] -- Using all available rosidl_typesupport_c: rosidl_typesupport_fastrtps_c;rosidl_typesupport_introspection_c
[0.475s] -- Using all available rosidl_typesupport_cpp: rosidl_typesupport_fastrtps_cpp;rosidl_typesupport_introspection_cpp
[0.507s] -- Found rmw_implementation_cmake: 6.1.2 (/opt/ros/humble/share/rmw_implementation_cmake/cmake)
[0.509s] -- Found rmw_fastrtps_cpp: 6.2.7 (/opt/ros/humble/share/rmw_fastrtps_cpp/cmake)
[0.692s] -- Using RMW implementation 'rmw_fastrtps_cpp' as default
[0.779s] -- Found ament_lint_auto: 0.12.12 (/opt/ros/humble/share/ament_lint_auto/cmake)
[0.799s] -- Added test 'cppcheck' to perform static code analysis on C / C++ code
[0.799s] -- Configured cppcheck include dirs: /home/luis/azure_sky_ros2/src/ros2_hik_camera/hikSDK/include
[0.799s] -- Configured cppcheck exclude dirs and/or files: 
[0.799s] -- Added test 'flake8' to check Python code syntax and style conventions
[0.802s] -- Added test 'lint_cmake' to check CMake code style
[0.802s] -- Added test 'pep257' to check Python code against some of the docstring style conventions in PEP 257
[0.803s] -- Added test 'xmllint' to check XML markup files
[0.809s] -- Configuring done
[0.838s] -- Generating done
[0.847s] -- Build files have been written to: /home/luis/azure_sky_ros2/build/hik_camera
[0.889s] [35m[1mConsolidate compiler generated dependencies of target hik_camera[0m
[0.890s] [35m[1mConsolidate compiler generated dependencies of target hik_camera_node[0m
[0.915s] [ 25%] [32mBuilding CXX object CMakeFiles/hik_camera.dir/src/hik_camera_node.cpp.o[0m
[0.915s] [ 75%] Built target hik_camera_node
[6.093s] [100%] [32m[1mLinking CXX shared library libhik_camera.so[0m
[6.876s] [100%] Built target hik_camera
[7.180s] Invoked command in '/home/luis/azure_sky_ros2/build/hik_camera' returned '0': CMAKE_PREFIX_PATH=/opt/ros/humble /usr/bin/cmake --build /home/luis/azure_sky_ros2/build/hik_camera -- -j12 -l12
[7.518s] Invoking command in '/home/luis/azure_sky_ros2/build/hik_camera': CMAKE_PREFIX_PATH=/opt/ros/humble /usr/bin/cmake --install /home/luis/azure_sky_ros2/build/hik_camera
[7.749s] -- Install configuration: ""
[7.749s] -- Up-to-date: /home/luis/azure_sky_ros2/install/hik_camera/lib
[7.750s] -- Installing: /home/luis/azure_sky_ros2/install/hik_camera/lib/libMvUsb3vTL.so
[7.750s] -- Installing: /home/luis/azure_sky_ros2/install/hik_camera/lib/libFormatConversion.so
[7.758s] -- Installing: /home/luis/azure_sky_ros2/install/hik_camera/lib/libMvCameraControl.so
[7.830s] -- Installing: /home/luis/azure_sky_ros2/install/hik_camera/lib/libMVRender.so
[7.836s] -- Installing: /home/luis/azure_sky_ros2/install/hik_camera/lib/libMediaProcess.so
[7.865s] -- Up-to-date: /home/luis/azure_sky_ros2/install/hik_camera/lib/hik_camera/hik_camera_node
[7.866s] -- Up-to-date: /home/luis/azure_sky_ros2/install/hik_camera/share/hik_camera/environment/library_path.sh
[7.868s] -- Installing: /home/luis/azure_sky_ros2/install/hik_camera/share/hik_camera/environment/library_path.dsv
[7.875s] -- Installing: /home/luis/azure_sky_ros2/install/hik_camera/lib/libhik_camera.so
[7.875s] -- Set runtime path of "/home/luis/azure_sky_ros2/install/hik_camera/lib/libhik_camera.so" to ""
[7.876s] -- Up-to-date: /home/luis/azure_sky_ros2/install/hik_camera/share/hik_camera/config
[7.884s] -- Installing: /home/luis/azure_sky_ros2/install/hik_camera/share/hik_camera/config/camera_info.yaml
[7.887s] -- Installing: /home/luis/azure_sky_ros2/install/hik_camera/share/hik_camera/config/camera_params.yaml
[7.889s] -- Up-to-date: /home/luis/azure_sky_ros2/install/hik_camera/share/hik_camera/launch
[7.889s] -- Installing: /home/luis/azure_sky_ros2/install/hik_camera/share/hik_camera/launch/hik_camera.launch.py
[7.897s] -- Up-to-date: /home/luis/azure_sky_ros2/install/hik_camera/share/ament_index/resource_index/package_run_dependencies/hik_camera
[7.897s] -- Installing: /home/luis/azure_sky_ros2/install/hik_camera/share/ament_index/resource_index/parent_prefix_path/hik_camera
[7.898s] -- Up-to-date: /home/luis/azure_sky_ros2/install/hik_camera/share/hik_camera/environment/ament_prefix_path.sh
[7.898s] -- Installing: /home/luis/azure_sky_ros2/install/hik_camera/share/hik_camera/environment/ament_prefix_path.dsv
[7.902s] -- Up-to-date: /home/luis/azure_sky_ros2/install/hik_camera/share/hik_camera/environment/path.sh
[7.902s] -- Installing: /home/luis/azure_sky_ros2/install/hik_camera/share/hik_camera/environment/path.dsv
[7.902s] -- Up-to-date: /home/luis/azure_sky_ros2/install/hik_camera/share/hik_camera/local_setup.bash
[7.903s] -- Up-to-date: /home/luis/azure_sky_ros2/install/hik_camera/share/hik_camera/local_setup.sh
[7.903s] -- Up-to-date: /home/luis/azure_sky_ros2/install/hik_camera/share/hik_camera/local_setup.zsh
[7.903s] -- Installing: /home/luis/azure_sky_ros2/install/hik_camera/share/hik_camera/local_setup.dsv
[7.904s] -- Installing: /home/luis/azure_sky_ros2/install/hik_camera/share/hik_camera/package.dsv
[7.905s] -- Up-to-date: /home/luis/azure_sky_ros2/install/hik_camera/share/ament_index/resource_index/packages/hik_camera
[7.905s] -- Up-to-date: /home/luis/azure_sky_ros2/install/hik_camera/share/ament_index/resource_index/rclcpp_components/hik_camera
[7.905s] -- Up-to-date: /home/luis/azure_sky_ros2/install/hik_camera/share/hik_camera/cmake/ament_cmake_export_dependencies-extras.cmake
[7.905s] -- Up-to-date: /home/luis/azure_sky_ros2/install/hik_camera/share/hik_camera/cmake/ament_cmake_export_libraries-extras.cmake
[7.905s] -- Up-to-date: /home/luis/azure_sky_ros2/install/hik_camera/share/hik_camera/cmake/hik_cameraConfig.cmake
[7.905s] -- Up-to-date: /home/luis/azure_sky_ros2/install/hik_camera/share/hik_camera/cmake/hik_cameraConfig-version.cmake
[7.905s] -- Installing: /home/luis/azure_sky_ros2/install/hik_camera/share/hik_camera/package.xml
[7.928s] Invoked command in '/home/luis/azure_sky_ros2/build/hik_camera' returned '0': CMAKE_PREFIX_PATH=/opt/ros/humble /usr/bin/cmake --install /home/luis/azure_sky_ros2/build/hik_camera
