[0.031s] Invoking command in '/home/luis/workshop_ws/build/controlko_controllers': CMAKE_PREFIX_PATH=${CMAKE_PREFIX_PATH}:/opt/ros/humble /usr/bin/cmake --build /home/luis/workshop_ws/build/controlko_controllers -- -j12 -l12
[0.145s] [ 13%] Built target displacement_controller_parameters
[0.145s] [ 33%] Built target gmock
[0.157s] [ 46%] Built target gmock_main
[0.217s] [ 60%] Built target displacement_controller
[0.223s] [ 73%] Built target test_load_displacement_controller
[0.252s] [ 86%] Built target test_displacement_controller
[0.257s] [100%] Built target test_displacement_controller_preceeding
[0.274s] Invoked command in '/home/luis/workshop_ws/build/controlko_controllers' returned '0': CMAKE_PREFIX_PATH=${CMAKE_PREFIX_PATH}:/opt/ros/humble /usr/bin/cmake --build /home/luis/workshop_ws/build/controlko_controllers -- -j12 -l12
[0.275s] Invoking command in '/home/luis/workshop_ws/build/controlko_controllers': CMAKE_PREFIX_PATH=${CMAKE_PREFIX_PATH}:/opt/ros/humble /usr/bin/cmake --install /home/luis/workshop_ws/build/controlko_controllers
[0.285s] -- Install configuration: ""
[0.285s] -- Execute custom install script
[0.286s] -- Up-to-date symlink: /home/luis/workshop_ws/install/controlko_controllers/include/controlko_controllers/displacement_controller_parameters.hpp
[0.286s] -- Symlinking: /home/luis/workshop_ws/install/controlko_controllers/include/controlko_controllers/validate_displacement_controller_parameters.hpp
[0.298s] -- Up-to-date symlink: /home/luis/workshop_ws/install/controlko_controllers/share/controlko_controllers//controlko_controllers.xml
[0.299s] -- Up-to-date symlink: /home/luis/workshop_ws/install/controlko_controllers/lib/libdisplacement_controller.so
[0.299s] -- Up-to-date symlink: /home/luis/workshop_ws/install/controlko_controllers/include/controlko_controllers/displacement_controller.hpp
[0.299s] -- Symlinking: /home/luis/workshop_ws/install/controlko_controllers/include/controlko_controllers/validate_displacement_controller_parameters.hpp
[0.311s] -- Up-to-date symlink: /home/luis/workshop_ws/install/controlko_controllers/include/controlko_controllers/visibility_control.h
[0.312s] -- Up-to-date symlink: /home/luis/workshop_ws/install/controlko_controllers/share/controlko_controllers/environment/library_path.sh
[0.312s] -- Up-to-date symlink: /home/luis/workshop_ws/install/controlko_controllers/share/controlko_controllers/environment/library_path.dsv
[0.312s] -- Up-to-date symlink: /home/luis/workshop_ws/install/controlko_controllers/share/ament_index/resource_index/package_run_dependencies/controlko_controllers
[0.312s] -- Up-to-date symlink: /home/luis/workshop_ws/install/controlko_controllers/share/ament_index/resource_index/parent_prefix_path/controlko_controllers
[0.312s] -- Up-to-date symlink: /home/luis/workshop_ws/install/controlko_controllers/share/controlko_controllers/environment/ament_prefix_path.sh
[0.312s] -- Up-to-date symlink: /home/luis/workshop_ws/install/controlko_controllers/share/controlko_controllers/environment/ament_prefix_path.dsv
[0.312s] -- Up-to-date symlink: /home/luis/workshop_ws/install/controlko_controllers/share/controlko_controllers/environment/path.sh
[0.312s] -- Up-to-date symlink: /home/luis/workshop_ws/install/controlko_controllers/share/controlko_controllers/environment/path.dsv
[0.313s] -- Up-to-date symlink: /home/luis/workshop_ws/install/controlko_controllers/share/controlko_controllers/local_setup.bash
[0.313s] -- Up-to-date symlink: /home/luis/workshop_ws/install/controlko_controllers/share/controlko_controllers/local_setup.sh
[0.313s] -- Up-to-date symlink: /home/luis/workshop_ws/install/controlko_controllers/share/controlko_controllers/local_setup.zsh
[0.313s] -- Up-to-date symlink: /home/luis/workshop_ws/install/controlko_controllers/share/controlko_controllers/local_setup.dsv
[0.313s] -- Symlinking: /home/luis/workshop_ws/install/controlko_controllers/share/controlko_controllers/package.dsv
[0.325s] -- Up-to-date symlink: /home/luis/workshop_ws/install/controlko_controllers/share/ament_index/resource_index/packages/controlko_controllers
[0.325s] -- Up-to-date symlink: /home/luis/workshop_ws/install/controlko_controllers/share/ament_index/resource_index/controller_interface__pluginlib__plugin/controlko_controllers
[0.326s] -- Up-to-date symlink: /home/luis/workshop_ws/install/controlko_controllers/share/controlko_controllers/cmake/ament_cmake_export_dependencies-extras.cmake
[0.326s] -- Up-to-date symlink: /home/luis/workshop_ws/install/controlko_controllers/share/controlko_controllers/cmake/ament_cmake_export_include_directories-extras.cmake
[0.326s] -- Up-to-date symlink: /home/luis/workshop_ws/install/controlko_controllers/share/controlko_controllers/cmake/ament_cmake_export_libraries-extras.cmake
[0.326s] -- Up-to-date symlink: /home/luis/workshop_ws/install/controlko_controllers/share/controlko_controllers/cmake/controlko_controllersConfig.cmake
[0.326s] -- Up-to-date symlink: /home/luis/workshop_ws/install/controlko_controllers/share/controlko_controllers/cmake/controlko_controllersConfig-version.cmake
[0.326s] -- Up-to-date symlink: /home/luis/workshop_ws/install/controlko_controllers/share/controlko_controllers/package.xml
[0.330s] Invoked command in '/home/luis/workshop_ws/build/controlko_controllers' returned '0': CMAKE_PREFIX_PATH=${CMAKE_PREFIX_PATH}:/opt/ros/humble /usr/bin/cmake --install /home/luis/workshop_ws/build/controlko_controllers
