[0.074s] Invoking command in '/home/luis/azure_sky_ros2/build/buff_interfaces': CMAKE_PREFIX_PATH=${CMAKE_PREFIX_PATH}:/opt/ros/humble /usr/bin/cmake --build /home/luis/azure_sky_ros2/build/buff_interfaces -- -j12 -l12
[0.294s] [  1%] Built target buff_interfaces__cpp
[0.302s] [  1%] Built target ament_cmake_python_copy_buff_interfaces
[0.312s] [ 12%] Built target buff_interfaces__rosidl_generator_c
[0.490s] [ 24%] Built target buff_interfaces__rosidl_typesupport_fastrtps_cpp
[0.490s] [ 35%] Built target buff_interfaces__rosidl_typesupport_cpp
[0.508s] [ 46%] Built target buff_interfaces__rosidl_typesupport_introspection_c
[0.509s] [ 58%] Built target buff_interfaces__rosidl_typesupport_c
[0.509s] [ 69%] Built target buff_interfaces__rosidl_typesupport_fastrtps_c
[0.528s] [ 81%] Built target buff_interfaces__rosidl_typesupport_introspection_cpp
[0.619s] [ 81%] Built target buff_interfaces
[0.699s] [ 82%] Built target buff_interfaces__py
[0.787s] [ 92%] Built target buff_interfaces__rosidl_generator_py
[0.867s] [ 94%] Built target buff_interfaces__rosidl_typesupport_fastrtps_c__pyext
[0.886s] [ 97%] Built target buff_interfaces__rosidl_typesupport_c__pyext
[0.891s] [100%] Built target buff_interfaces__rosidl_typesupport_introspection_c__pyext
[0.955s] running egg_info
[0.956s] writing buff_interfaces.egg-info/PKG-INFO
[0.957s] writing dependency_links to buff_interfaces.egg-info/dependency_links.txt
[0.957s] writing top-level names to buff_interfaces.egg-info/top_level.txt
[0.961s] reading manifest file 'buff_interfaces.egg-info/SOURCES.txt'
[0.962s] writing manifest file 'buff_interfaces.egg-info/SOURCES.txt'
[1.053s] [100%] Built target ament_cmake_python_build_buff_interfaces_egg
[1.088s] Invoked command in '/home/luis/azure_sky_ros2/build/buff_interfaces' returned '0': CMAKE_PREFIX_PATH=${CMAKE_PREFIX_PATH}:/opt/ros/humble /usr/bin/cmake --build /home/luis/azure_sky_ros2/build/buff_interfaces -- -j12 -l12
[1.089s] Invoking command in '/home/luis/azure_sky_ros2/build/buff_interfaces': CMAKE_PREFIX_PATH=${CMAKE_PREFIX_PATH}:/opt/ros/humble /usr/bin/cmake --install /home/luis/azure_sky_ros2/build/buff_interfaces
[1.109s] -- Install configuration: ""
[1.110s] -- Up-to-date: /home/luis/azure_sky_ros2/install/buff_interfaces/share/ament_index/resource_index/rosidl_interfaces/buff_interfaces
[1.110s] -- Up-to-date: /home/luis/azure_sky_ros2/install/buff_interfaces/include/buff_interfaces/buff_interfaces
[1.110s] -- Up-to-date: /home/luis/azure_sky_ros2/install/buff_interfaces/include/buff_interfaces/buff_interfaces/msg
[1.110s] -- Up-to-date: /home/luis/azure_sky_ros2/install/buff_interfaces/include/buff_interfaces/buff_interfaces/msg/blade.h
[1.110s] -- Up-to-date: /home/luis/azure_sky_ros2/install/buff_interfaces/include/buff_interfaces/buff_interfaces/msg/rune_info.h
[1.110s] -- Up-to-date: /home/luis/azure_sky_ros2/install/buff_interfaces/include/buff_interfaces/buff_interfaces/msg/detail
[1.111s] -- Up-to-date: /home/luis/azure_sky_ros2/install/buff_interfaces/include/buff_interfaces/buff_interfaces/msg/detail/rune_info__functions.c
[1.111s] -- Up-to-date: /home/luis/azure_sky_ros2/install/buff_interfaces/include/buff_interfaces/buff_interfaces/msg/detail/blade_array__functions.h
[1.111s] -- Up-to-date: /home/luis/azure_sky_ros2/install/buff_interfaces/include/buff_interfaces/buff_interfaces/msg/detail/time_info__functions.h
[1.111s] -- Up-to-date: /home/luis/azure_sky_ros2/install/buff_interfaces/include/buff_interfaces/buff_interfaces/msg/detail/blade_array__functions.c
[1.111s] -- Up-to-date: /home/luis/azure_sky_ros2/install/buff_interfaces/include/buff_interfaces/buff_interfaces/msg/detail/blade_array__struct.h
[1.112s] -- Up-to-date: /home/luis/azure_sky_ros2/install/buff_interfaces/include/buff_interfaces/buff_interfaces/msg/detail/time_info__struct.h
[1.112s] -- Up-to-date: /home/luis/azure_sky_ros2/install/buff_interfaces/include/buff_interfaces/buff_interfaces/msg/detail/blade__struct.h
[1.113s] -- Up-to-date: /home/luis/azure_sky_ros2/install/buff_interfaces/include/buff_interfaces/buff_interfaces/msg/detail/debug_blade_array__struct.h
[1.113s] -- Up-to-date: /home/luis/azure_sky_ros2/install/buff_interfaces/include/buff_interfaces/buff_interfaces/msg/detail/debug_blade__functions.h
[1.113s] -- Up-to-date: /home/luis/azure_sky_ros2/install/buff_interfaces/include/buff_interfaces/buff_interfaces/msg/detail/rune__type_support.h
[1.113s] -- Up-to-date: /home/luis/azure_sky_ros2/install/buff_interfaces/include/buff_interfaces/buff_interfaces/msg/detail/rune__functions.h
[1.113s] -- Up-to-date: /home/luis/azure_sky_ros2/install/buff_interfaces/include/buff_interfaces/buff_interfaces/msg/detail/blade_array__type_support.h
[1.114s] -- Up-to-date: /home/luis/azure_sky_ros2/install/buff_interfaces/include/buff_interfaces/buff_interfaces/msg/detail/time_info__type_support.h
[1.114s] -- Up-to-date: /home/luis/azure_sky_ros2/install/buff_interfaces/include/buff_interfaces/buff_interfaces/msg/detail/rune_info__struct.h
[1.114s] -- Up-to-date: /home/luis/azure_sky_ros2/install/buff_interfaces/include/buff_interfaces/buff_interfaces/msg/detail/debug_blade_array__functions.c
[1.114s] -- Up-to-date: /home/luis/azure_sky_ros2/install/buff_interfaces/include/buff_interfaces/buff_interfaces/msg/detail/blade__type_support.h
[1.114s] -- Up-to-date: /home/luis/azure_sky_ros2/install/buff_interfaces/include/buff_interfaces/buff_interfaces/msg/detail/rune__struct.h
[1.114s] -- Up-to-date: /home/luis/azure_sky_ros2/install/buff_interfaces/include/buff_interfaces/buff_interfaces/msg/detail/debug_blade__type_support.h
[1.114s] -- Up-to-date: /home/luis/azure_sky_ros2/install/buff_interfaces/include/buff_interfaces/buff_interfaces/msg/detail/rune__functions.c
[1.115s] -- Up-to-date: /home/luis/azure_sky_ros2/install/buff_interfaces/include/buff_interfaces/buff_interfaces/msg/detail/debug_blade__functions.c
[1.115s] -- Up-to-date: /home/luis/azure_sky_ros2/install/buff_interfaces/include/buff_interfaces/buff_interfaces/msg/detail/debug_blade__struct.h
[1.115s] -- Up-to-date: /home/luis/azure_sky_ros2/install/buff_interfaces/include/buff_interfaces/buff_interfaces/msg/detail/blade__functions.c
[1.115s] -- Up-to-date: /home/luis/azure_sky_ros2/install/buff_interfaces/include/buff_interfaces/buff_interfaces/msg/detail/time_info__functions.c
[1.115s] -- Up-to-date: /home/luis/azure_sky_ros2/install/buff_interfaces/include/buff_interfaces/buff_interfaces/msg/detail/debug_blade_array__type_support.h
[1.115s] -- Up-to-date: /home/luis/azure_sky_ros2/install/buff_interfaces/include/buff_interfaces/buff_interfaces/msg/detail/debug_blade_array__functions.h
[1.115s] -- Up-to-date: /home/luis/azure_sky_ros2/install/buff_interfaces/include/buff_interfaces/buff_interfaces/msg/detail/rune_info__type_support.h
[1.115s] -- Up-to-date: /home/luis/azure_sky_ros2/install/buff_interfaces/include/buff_interfaces/buff_interfaces/msg/detail/rune_info__functions.h
[1.116s] -- Up-to-date: /home/luis/azure_sky_ros2/install/buff_interfaces/include/buff_interfaces/buff_interfaces/msg/detail/blade__functions.h
[1.116s] -- Up-to-date: /home/luis/azure_sky_ros2/install/buff_interfaces/include/buff_interfaces/buff_interfaces/msg/rosidl_generator_c__visibility_control.h
[1.116s] -- Up-to-date: /home/luis/azure_sky_ros2/install/buff_interfaces/include/buff_interfaces/buff_interfaces/msg/rune.h
[1.116s] -- Up-to-date: /home/luis/azure_sky_ros2/install/buff_interfaces/include/buff_interfaces/buff_interfaces/msg/blade_array.h
[1.116s] -- Up-to-date: /home/luis/azure_sky_ros2/install/buff_interfaces/include/buff_interfaces/buff_interfaces/msg/time_info.h
[1.116s] -- Up-to-date: /home/luis/azure_sky_ros2/install/buff_interfaces/include/buff_interfaces/buff_interfaces/msg/debug_blade_array.h
[1.117s] -- Up-to-date: /home/luis/azure_sky_ros2/install/buff_interfaces/include/buff_interfaces/buff_interfaces/msg/debug_blade.h
[1.117s] -- Up-to-date: /home/luis/azure_sky_ros2/install/buff_interfaces/share/buff_interfaces/environment/library_path.sh
[1.117s] -- Up-to-date: /home/luis/azure_sky_ros2/install/buff_interfaces/share/buff_interfaces/environment/library_path.dsv
[1.117s] -- Up-to-date: /home/luis/azure_sky_ros2/install/buff_interfaces/lib/libbuff_interfaces__rosidl_generator_c.so
[1.118s] -- Up-to-date: /home/luis/azure_sky_ros2/install/buff_interfaces/include/buff_interfaces/buff_interfaces
[1.118s] -- Up-to-date: /home/luis/azure_sky_ros2/install/buff_interfaces/include/buff_interfaces/buff_interfaces/msg
[1.119s] -- Up-to-date: /home/luis/azure_sky_ros2/install/buff_interfaces/include/buff_interfaces/buff_interfaces/msg/rosidl_typesupport_fastrtps_c__visibility_control.h
[1.119s] -- Up-to-date: /home/luis/azure_sky_ros2/install/buff_interfaces/include/buff_interfaces/buff_interfaces/msg/detail
[1.120s] -- Up-to-date: /home/luis/azure_sky_ros2/install/buff_interfaces/include/buff_interfaces/buff_interfaces/msg/detail/blade_array__rosidl_typesupport_fastrtps_c.h
[1.120s] -- Up-to-date: /home/luis/azure_sky_ros2/install/buff_interfaces/include/buff_interfaces/buff_interfaces/msg/detail/debug_blade__rosidl_typesupport_fastrtps_c.h
[1.120s] -- Up-to-date: /home/luis/azure_sky_ros2/install/buff_interfaces/include/buff_interfaces/buff_interfaces/msg/detail/time_info__rosidl_typesupport_fastrtps_c.h
[1.120s] -- Up-to-date: /home/luis/azure_sky_ros2/install/buff_interfaces/include/buff_interfaces/buff_interfaces/msg/detail/blade__rosidl_typesupport_fastrtps_c.h
[1.120s] -- Up-to-date: /home/luis/azure_sky_ros2/install/buff_interfaces/include/buff_interfaces/buff_interfaces/msg/detail/debug_blade_array__rosidl_typesupport_fastrtps_c.h
[1.120s] -- Up-to-date: /home/luis/azure_sky_ros2/install/buff_interfaces/include/buff_interfaces/buff_interfaces/msg/detail/rune_info__rosidl_typesupport_fastrtps_c.h
[1.120s] -- Up-to-date: /home/luis/azure_sky_ros2/install/buff_interfaces/include/buff_interfaces/buff_interfaces/msg/detail/rune__rosidl_typesupport_fastrtps_c.h
[1.120s] -- Up-to-date: /home/luis/azure_sky_ros2/install/buff_interfaces/lib/libbuff_interfaces__rosidl_typesupport_fastrtps_c.so
[1.120s] -- Up-to-date: /home/luis/azure_sky_ros2/install/buff_interfaces/include/buff_interfaces/buff_interfaces
[1.121s] -- Up-to-date: /home/luis/azure_sky_ros2/install/buff_interfaces/include/buff_interfaces/buff_interfaces/msg
[1.121s] -- Up-to-date: /home/luis/azure_sky_ros2/install/buff_interfaces/include/buff_interfaces/buff_interfaces/msg/detail
[1.121s] -- Up-to-date: /home/luis/azure_sky_ros2/install/buff_interfaces/include/buff_interfaces/buff_interfaces/msg/detail/rune_info__type_support.c
[1.121s] -- Up-to-date: /home/luis/azure_sky_ros2/install/buff_interfaces/include/buff_interfaces/buff_interfaces/msg/detail/debug_blade__rosidl_typesupport_introspection_c.h
[1.121s] -- Up-to-date: /home/luis/azure_sky_ros2/install/buff_interfaces/include/buff_interfaces/buff_interfaces/msg/detail/rune_info__rosidl_typesupport_introspection_c.h
[1.121s] -- Up-to-date: /home/luis/azure_sky_ros2/install/buff_interfaces/include/buff_interfaces/buff_interfaces/msg/detail/rune__type_support.c
[1.121s] -- Up-to-date: /home/luis/azure_sky_ros2/install/buff_interfaces/include/buff_interfaces/buff_interfaces/msg/detail/time_info__type_support.c
[1.122s] -- Up-to-date: /home/luis/azure_sky_ros2/install/buff_interfaces/include/buff_interfaces/buff_interfaces/msg/detail/blade_array__rosidl_typesupport_introspection_c.h
[1.122s] -- Up-to-date: /home/luis/azure_sky_ros2/install/buff_interfaces/include/buff_interfaces/buff_interfaces/msg/detail/rune__rosidl_typesupport_introspection_c.h
[1.122s] -- Up-to-date: /home/luis/azure_sky_ros2/install/buff_interfaces/include/buff_interfaces/buff_interfaces/msg/detail/debug_blade_array__type_support.c
[1.122s] -- Up-to-date: /home/luis/azure_sky_ros2/install/buff_interfaces/include/buff_interfaces/buff_interfaces/msg/detail/debug_blade_array__rosidl_typesupport_introspection_c.h
[1.122s] -- Up-to-date: /home/luis/azure_sky_ros2/install/buff_interfaces/include/buff_interfaces/buff_interfaces/msg/detail/blade_array__type_support.c
[1.122s] -- Up-to-date: /home/luis/azure_sky_ros2/install/buff_interfaces/include/buff_interfaces/buff_interfaces/msg/detail/debug_blade__type_support.c
[1.122s] -- Up-to-date: /home/luis/azure_sky_ros2/install/buff_interfaces/include/buff_interfaces/buff_interfaces/msg/detail/time_info__rosidl_typesupport_introspection_c.h
[1.122s] -- Up-to-date: /home/luis/azure_sky_ros2/install/buff_interfaces/include/buff_interfaces/buff_interfaces/msg/detail/blade__type_support.c
[1.123s] -- Up-to-date: /home/luis/azure_sky_ros2/install/buff_interfaces/include/buff_interfaces/buff_interfaces/msg/detail/blade__rosidl_typesupport_introspection_c.h
[1.123s] -- Up-to-date: /home/luis/azure_sky_ros2/install/buff_interfaces/include/buff_interfaces/buff_interfaces/msg/rosidl_typesupport_introspection_c__visibility_control.h
[1.123s] -- Up-to-date: /home/luis/azure_sky_ros2/install/buff_interfaces/lib/libbuff_interfaces__rosidl_typesupport_introspection_c.so
[1.124s] -- Up-to-date: /home/luis/azure_sky_ros2/install/buff_interfaces/lib/libbuff_interfaces__rosidl_typesupport_c.so
[1.124s] -- Up-to-date: /home/luis/azure_sky_ros2/install/buff_interfaces/include/buff_interfaces/buff_interfaces
[1.124s] -- Up-to-date: /home/luis/azure_sky_ros2/install/buff_interfaces/include/buff_interfaces/buff_interfaces/msg
[1.125s] -- Up-to-date: /home/luis/azure_sky_ros2/install/buff_interfaces/include/buff_interfaces/buff_interfaces/msg/rune_info.hpp
[1.126s] -- Up-to-date: /home/luis/azure_sky_ros2/install/buff_interfaces/include/buff_interfaces/buff_interfaces/msg/debug_blade.hpp
[1.126s] -- Up-to-date: /home/luis/azure_sky_ros2/install/buff_interfaces/include/buff_interfaces/buff_interfaces/msg/time_info.hpp
[1.126s] -- Up-to-date: /home/luis/azure_sky_ros2/install/buff_interfaces/include/buff_interfaces/buff_interfaces/msg/detail
[1.131s] -- Up-to-date: /home/luis/azure_sky_ros2/install/buff_interfaces/include/buff_interfaces/buff_interfaces/msg/detail/debug_blade__builder.hpp
[1.131s] -- Up-to-date: /home/luis/azure_sky_ros2/install/buff_interfaces/include/buff_interfaces/buff_interfaces/msg/detail/time_info__traits.hpp
[1.131s] -- Up-to-date: /home/luis/azure_sky_ros2/install/buff_interfaces/include/buff_interfaces/buff_interfaces/msg/detail/blade_array__struct.hpp
[1.131s] -- Up-to-date: /home/luis/azure_sky_ros2/install/buff_interfaces/include/buff_interfaces/buff_interfaces/msg/detail/rune_info__builder.hpp
[1.131s] -- Up-to-date: /home/luis/azure_sky_ros2/install/buff_interfaces/include/buff_interfaces/buff_interfaces/msg/detail/blade_array__traits.hpp
[1.131s] -- Up-to-date: /home/luis/azure_sky_ros2/install/buff_interfaces/include/buff_interfaces/buff_interfaces/msg/detail/time_info__builder.hpp
[1.132s] -- Up-to-date: /home/luis/azure_sky_ros2/install/buff_interfaces/include/buff_interfaces/buff_interfaces/msg/detail/blade__builder.hpp
[1.132s] -- Up-to-date: /home/luis/azure_sky_ros2/install/buff_interfaces/include/buff_interfaces/buff_interfaces/msg/detail/rune__traits.hpp
[1.132s] -- Up-to-date: /home/luis/azure_sky_ros2/install/buff_interfaces/include/buff_interfaces/buff_interfaces/msg/detail/time_info__type_support.hpp
[1.132s] -- Up-to-date: /home/luis/azure_sky_ros2/install/buff_interfaces/include/buff_interfaces/buff_interfaces/msg/detail/debug_blade_array__builder.hpp
[1.132s] -- Up-to-date: /home/luis/azure_sky_ros2/install/buff_interfaces/include/buff_interfaces/buff_interfaces/msg/detail/rune__type_support.hpp
[1.132s] -- Up-to-date: /home/luis/azure_sky_ros2/install/buff_interfaces/include/buff_interfaces/buff_interfaces/msg/detail/blade__traits.hpp
[1.132s] -- Up-to-date: /home/luis/azure_sky_ros2/install/buff_interfaces/include/buff_interfaces/buff_interfaces/msg/detail/debug_blade__struct.hpp
[1.132s] -- Up-to-date: /home/luis/azure_sky_ros2/install/buff_interfaces/include/buff_interfaces/buff_interfaces/msg/detail/rune__struct.hpp
[1.132s] -- Up-to-date: /home/luis/azure_sky_ros2/install/buff_interfaces/include/buff_interfaces/buff_interfaces/msg/detail/debug_blade__type_support.hpp
[1.132s] -- Up-to-date: /home/luis/azure_sky_ros2/install/buff_interfaces/include/buff_interfaces/buff_interfaces/msg/detail/blade__struct.hpp
[1.132s] -- Up-to-date: /home/luis/azure_sky_ros2/install/buff_interfaces/include/buff_interfaces/buff_interfaces/msg/detail/rune_info__struct.hpp
[1.133s] -- Up-to-date: /home/luis/azure_sky_ros2/install/buff_interfaces/include/buff_interfaces/buff_interfaces/msg/detail/blade_array__type_support.hpp
[1.133s] -- Up-to-date: /home/luis/azure_sky_ros2/install/buff_interfaces/include/buff_interfaces/buff_interfaces/msg/detail/debug_blade_array__traits.hpp
[1.133s] -- Up-to-date: /home/luis/azure_sky_ros2/install/buff_interfaces/include/buff_interfaces/buff_interfaces/msg/detail/rune_info__type_support.hpp
[1.133s] -- Up-to-date: /home/luis/azure_sky_ros2/install/buff_interfaces/include/buff_interfaces/buff_interfaces/msg/detail/blade__type_support.hpp
[1.133s] -- Up-to-date: /home/luis/azure_sky_ros2/install/buff_interfaces/include/buff_interfaces/buff_interfaces/msg/detail/debug_blade_array__struct.hpp
[1.133s] -- Up-to-date: /home/luis/azure_sky_ros2/install/buff_interfaces/include/buff_interfaces/buff_interfaces/msg/detail/debug_blade__traits.hpp
[1.133s] -- Up-to-date: /home/luis/azure_sky_ros2/install/buff_interfaces/include/buff_interfaces/buff_interfaces/msg/detail/rune_info__traits.hpp
[1.133s] -- Up-to-date: /home/luis/azure_sky_ros2/install/buff_interfaces/include/buff_interfaces/buff_interfaces/msg/detail/time_info__struct.hpp
[1.133s] -- Up-to-date: /home/luis/azure_sky_ros2/install/buff_interfaces/include/buff_interfaces/buff_interfaces/msg/detail/rune__builder.hpp
[1.133s] -- Up-to-date: /home/luis/azure_sky_ros2/install/buff_interfaces/include/buff_interfaces/buff_interfaces/msg/detail/debug_blade_array__type_support.hpp
[1.133s] -- Up-to-date: /home/luis/azure_sky_ros2/install/buff_interfaces/include/buff_interfaces/buff_interfaces/msg/detail/blade_array__builder.hpp
[1.133s] -- Up-to-date: /home/luis/azure_sky_ros2/install/buff_interfaces/include/buff_interfaces/buff_interfaces/msg/debug_blade_array.hpp
[1.134s] -- Up-to-date: /home/luis/azure_sky_ros2/install/buff_interfaces/include/buff_interfaces/buff_interfaces/msg/blade.hpp
[1.134s] -- Up-to-date: /home/luis/azure_sky_ros2/install/buff_interfaces/include/buff_interfaces/buff_interfaces/msg/rune.hpp
[1.134s] -- Up-to-date: /home/luis/azure_sky_ros2/install/buff_interfaces/include/buff_interfaces/buff_interfaces/msg/blade_array.hpp
[1.134s] -- Up-to-date: /home/luis/azure_sky_ros2/install/buff_interfaces/include/buff_interfaces/buff_interfaces/msg/rosidl_generator_cpp__visibility_control.hpp
[1.134s] -- Up-to-date: /home/luis/azure_sky_ros2/install/buff_interfaces/include/buff_interfaces/buff_interfaces
[1.135s] -- Up-to-date: /home/luis/azure_sky_ros2/install/buff_interfaces/include/buff_interfaces/buff_interfaces/msg
[1.135s] -- Up-to-date: /home/luis/azure_sky_ros2/install/buff_interfaces/include/buff_interfaces/buff_interfaces/msg/detail
[1.135s] -- Up-to-date: /home/luis/azure_sky_ros2/install/buff_interfaces/include/buff_interfaces/buff_interfaces/msg/detail/debug_blade__rosidl_typesupport_fastrtps_cpp.hpp
[1.135s] -- Up-to-date: /home/luis/azure_sky_ros2/install/buff_interfaces/include/buff_interfaces/buff_interfaces/msg/detail/blade__rosidl_typesupport_fastrtps_cpp.hpp
[1.135s] -- Up-to-date: /home/luis/azure_sky_ros2/install/buff_interfaces/include/buff_interfaces/buff_interfaces/msg/detail/debug_blade_array__rosidl_typesupport_fastrtps_cpp.hpp
[1.135s] -- Up-to-date: /home/luis/azure_sky_ros2/install/buff_interfaces/include/buff_interfaces/buff_interfaces/msg/detail/rune_info__rosidl_typesupport_fastrtps_cpp.hpp
[1.136s] -- Up-to-date: /home/luis/azure_sky_ros2/install/buff_interfaces/include/buff_interfaces/buff_interfaces/msg/detail/time_info__rosidl_typesupport_fastrtps_cpp.hpp
[1.136s] -- Up-to-date: /home/luis/azure_sky_ros2/install/buff_interfaces/include/buff_interfaces/buff_interfaces/msg/detail/blade_array__rosidl_typesupport_fastrtps_cpp.hpp
[1.136s] -- Up-to-date: /home/luis/azure_sky_ros2/install/buff_interfaces/include/buff_interfaces/buff_interfaces/msg/detail/rune__rosidl_typesupport_fastrtps_cpp.hpp
[1.136s] -- Up-to-date: /home/luis/azure_sky_ros2/install/buff_interfaces/include/buff_interfaces/buff_interfaces/msg/detail/dds_fastrtps
[1.136s] -- Up-to-date: /home/luis/azure_sky_ros2/install/buff_interfaces/include/buff_interfaces/buff_interfaces/msg/rosidl_typesupport_fastrtps_cpp__visibility_control.h
[1.136s] -- Up-to-date: /home/luis/azure_sky_ros2/install/buff_interfaces/lib/libbuff_interfaces__rosidl_typesupport_fastrtps_cpp.so
[1.138s] -- Up-to-date: /home/luis/azure_sky_ros2/install/buff_interfaces/include/buff_interfaces/buff_interfaces
[1.138s] -- Up-to-date: /home/luis/azure_sky_ros2/install/buff_interfaces/include/buff_interfaces/buff_interfaces/msg
[1.138s] -- Up-to-date: /home/luis/azure_sky_ros2/install/buff_interfaces/include/buff_interfaces/buff_interfaces/msg/detail
[1.138s] -- Up-to-date: /home/luis/azure_sky_ros2/install/buff_interfaces/include/buff_interfaces/buff_interfaces/msg/detail/rune_info__type_support.cpp
[1.138s] -- Up-to-date: /home/luis/azure_sky_ros2/install/buff_interfaces/include/buff_interfaces/buff_interfaces/msg/detail/blade__type_support.cpp
[1.139s] -- Up-to-date: /home/luis/azure_sky_ros2/install/buff_interfaces/include/buff_interfaces/buff_interfaces/msg/detail/rune__rosidl_typesupport_introspection_cpp.hpp
[1.139s] -- Up-to-date: /home/luis/azure_sky_ros2/install/buff_interfaces/include/buff_interfaces/buff_interfaces/msg/detail/rune_info__rosidl_typesupport_introspection_cpp.hpp
[1.139s] -- Up-to-date: /home/luis/azure_sky_ros2/install/buff_interfaces/include/buff_interfaces/buff_interfaces/msg/detail/time_info__type_support.cpp
[1.139s] -- Up-to-date: /home/luis/azure_sky_ros2/install/buff_interfaces/include/buff_interfaces/buff_interfaces/msg/detail/blade_array__rosidl_typesupport_introspection_cpp.hpp
[1.139s] -- Up-to-date: /home/luis/azure_sky_ros2/install/buff_interfaces/include/buff_interfaces/buff_interfaces/msg/detail/debug_blade__rosidl_typesupport_introspection_cpp.hpp
[1.139s] -- Up-to-date: /home/luis/azure_sky_ros2/install/buff_interfaces/include/buff_interfaces/buff_interfaces/msg/detail/time_info__rosidl_typesupport_introspection_cpp.hpp
[1.139s] -- Up-to-date: /home/luis/azure_sky_ros2/install/buff_interfaces/include/buff_interfaces/buff_interfaces/msg/detail/blade_array__type_support.cpp
[1.140s] -- Up-to-date: /home/luis/azure_sky_ros2/install/buff_interfaces/include/buff_interfaces/buff_interfaces/msg/detail/debug_blade__type_support.cpp
[1.140s] -- Up-to-date: /home/luis/azure_sky_ros2/install/buff_interfaces/include/buff_interfaces/buff_interfaces/msg/detail/debug_blade_array__rosidl_typesupport_introspection_cpp.hpp
[1.140s] -- Up-to-date: /home/luis/azure_sky_ros2/install/buff_interfaces/include/buff_interfaces/buff_interfaces/msg/detail/debug_blade_array__type_support.cpp
[1.140s] -- Up-to-date: /home/luis/azure_sky_ros2/install/buff_interfaces/include/buff_interfaces/buff_interfaces/msg/detail/rune__type_support.cpp
[1.140s] -- Up-to-date: /home/luis/azure_sky_ros2/install/buff_interfaces/include/buff_interfaces/buff_interfaces/msg/detail/blade__rosidl_typesupport_introspection_cpp.hpp
[1.140s] -- Up-to-date: /home/luis/azure_sky_ros2/install/buff_interfaces/lib/libbuff_interfaces__rosidl_typesupport_introspection_cpp.so
[1.146s] -- Up-to-date: /home/luis/azure_sky_ros2/install/buff_interfaces/lib/libbuff_interfaces__rosidl_typesupport_cpp.so
[1.146s] -- Up-to-date: /home/luis/azure_sky_ros2/install/buff_interfaces/share/buff_interfaces/environment/pythonpath.sh
[1.146s] -- Up-to-date: /home/luis/azure_sky_ros2/install/buff_interfaces/share/buff_interfaces/environment/pythonpath.dsv
[1.146s] -- Up-to-date: /home/luis/azure_sky_ros2/install/buff_interfaces/local/lib/python3.10/dist-packages/buff_interfaces-1.0.0-py3.10.egg-info
[1.146s] -- Installing: /home/luis/azure_sky_ros2/install/buff_interfaces/local/lib/python3.10/dist-packages/buff_interfaces-1.0.0-py3.10.egg-info/SOURCES.txt
[1.146s] -- Installing: /home/luis/azure_sky_ros2/install/buff_interfaces/local/lib/python3.10/dist-packages/buff_interfaces-1.0.0-py3.10.egg-info/PKG-INFO
[1.146s] -- Installing: /home/luis/azure_sky_ros2/install/buff_interfaces/local/lib/python3.10/dist-packages/buff_interfaces-1.0.0-py3.10.egg-info/top_level.txt
[1.146s] -- Installing: /home/luis/azure_sky_ros2/install/buff_interfaces/local/lib/python3.10/dist-packages/buff_interfaces-1.0.0-py3.10.egg-info/dependency_links.txt
[1.147s] -- Up-to-date: /home/luis/azure_sky_ros2/install/buff_interfaces/local/lib/python3.10/dist-packages/buff_interfaces
[1.147s] -- Up-to-date: /home/luis/azure_sky_ros2/install/buff_interfaces/local/lib/python3.10/dist-packages/buff_interfaces/libbuff_interfaces__rosidl_generator_py.so
[1.147s] -- Up-to-date: /home/luis/azure_sky_ros2/install/buff_interfaces/local/lib/python3.10/dist-packages/buff_interfaces/_buff_interfaces_s.ep.rosidl_typesupport_c.c
[1.147s] -- Up-to-date: /home/luis/azure_sky_ros2/install/buff_interfaces/local/lib/python3.10/dist-packages/buff_interfaces/buff_interfaces_s__rosidl_typesupport_c.cpython-310-x86_64-linux-gnu.so
[1.147s] -- Up-to-date: /home/luis/azure_sky_ros2/install/buff_interfaces/local/lib/python3.10/dist-packages/buff_interfaces/_buff_interfaces_s.ep.rosidl_typesupport_fastrtps_c.c
[1.149s] -- Up-to-date: /home/luis/azure_sky_ros2/install/buff_interfaces/local/lib/python3.10/dist-packages/buff_interfaces/buff_interfaces_s__rosidl_typesupport_introspection_c.cpython-310-x86_64-linux-gnu.so
[1.149s] -- Up-to-date: /home/luis/azure_sky_ros2/install/buff_interfaces/local/lib/python3.10/dist-packages/buff_interfaces/_buff_interfaces_s.ep.rosidl_typesupport_introspection_c.c
[1.149s] -- Up-to-date: /home/luis/azure_sky_ros2/install/buff_interfaces/local/lib/python3.10/dist-packages/buff_interfaces/__init__.py
[1.149s] -- Up-to-date: /home/luis/azure_sky_ros2/install/buff_interfaces/local/lib/python3.10/dist-packages/buff_interfaces/buff_interfaces_s__rosidl_typesupport_fastrtps_c.cpython-310-x86_64-linux-gnu.so
[1.149s] -- Up-to-date: /home/luis/azure_sky_ros2/install/buff_interfaces/local/lib/python3.10/dist-packages/buff_interfaces/msg
[1.149s] -- Up-to-date: /home/luis/azure_sky_ros2/install/buff_interfaces/local/lib/python3.10/dist-packages/buff_interfaces/msg/_rune_s.c
[1.149s] -- Up-to-date: /home/luis/azure_sky_ros2/install/buff_interfaces/local/lib/python3.10/dist-packages/buff_interfaces/msg/_rune_info.py
[1.149s] -- Up-to-date: /home/luis/azure_sky_ros2/install/buff_interfaces/local/lib/python3.10/dist-packages/buff_interfaces/msg/_debug_blade_s.c
[1.149s] -- Up-to-date: /home/luis/azure_sky_ros2/install/buff_interfaces/local/lib/python3.10/dist-packages/buff_interfaces/msg/_debug_blade_array_s.c
[1.150s] -- Up-to-date: /home/luis/azure_sky_ros2/install/buff_interfaces/local/lib/python3.10/dist-packages/buff_interfaces/msg/_blade_array.py
[1.150s] -- Up-to-date: /home/luis/azure_sky_ros2/install/buff_interfaces/local/lib/python3.10/dist-packages/buff_interfaces/msg/_debug_blade_array.py
[1.150s] -- Up-to-date: /home/luis/azure_sky_ros2/install/buff_interfaces/local/lib/python3.10/dist-packages/buff_interfaces/msg/_blade_s.c
[1.150s] -- Up-to-date: /home/luis/azure_sky_ros2/install/buff_interfaces/local/lib/python3.10/dist-packages/buff_interfaces/msg/_debug_blade.py
[1.150s] -- Up-to-date: /home/luis/azure_sky_ros2/install/buff_interfaces/local/lib/python3.10/dist-packages/buff_interfaces/msg/_blade_array_s.c
[1.150s] -- Up-to-date: /home/luis/azure_sky_ros2/install/buff_interfaces/local/lib/python3.10/dist-packages/buff_interfaces/msg/_rune.py
[1.150s] -- Up-to-date: /home/luis/azure_sky_ros2/install/buff_interfaces/local/lib/python3.10/dist-packages/buff_interfaces/msg/_blade.py
[1.150s] -- Up-to-date: /home/luis/azure_sky_ros2/install/buff_interfaces/local/lib/python3.10/dist-packages/buff_interfaces/msg/_rune_info_s.c
[1.150s] -- Up-to-date: /home/luis/azure_sky_ros2/install/buff_interfaces/local/lib/python3.10/dist-packages/buff_interfaces/msg/__init__.py
[1.150s] -- Up-to-date: /home/luis/azure_sky_ros2/install/buff_interfaces/local/lib/python3.10/dist-packages/buff_interfaces/msg/_time_info_s.c
[1.150s] -- Up-to-date: /home/luis/azure_sky_ros2/install/buff_interfaces/local/lib/python3.10/dist-packages/buff_interfaces/msg/_time_info.py
[1.213s] Listing '/home/luis/azure_sky_ros2/install/buff_interfaces/local/lib/python3.10/dist-packages/buff_interfaces'...
[1.213s] Listing '/home/luis/azure_sky_ros2/install/buff_interfaces/local/lib/python3.10/dist-packages/buff_interfaces/msg'...
[1.238s] -- Up-to-date: /home/luis/azure_sky_ros2/install/buff_interfaces/local/lib/python3.10/dist-packages/buff_interfaces/buff_interfaces_s__rosidl_typesupport_fastrtps_c.cpython-310-x86_64-linux-gnu.so
[1.238s] -- Up-to-date: /home/luis/azure_sky_ros2/install/buff_interfaces/local/lib/python3.10/dist-packages/buff_interfaces/buff_interfaces_s__rosidl_typesupport_introspection_c.cpython-310-x86_64-linux-gnu.so
[1.238s] -- Up-to-date: /home/luis/azure_sky_ros2/install/buff_interfaces/local/lib/python3.10/dist-packages/buff_interfaces/buff_interfaces_s__rosidl_typesupport_c.cpython-310-x86_64-linux-gnu.so
[1.239s] -- Up-to-date: /home/luis/azure_sky_ros2/install/buff_interfaces/lib/libbuff_interfaces__rosidl_generator_py.so
[1.239s] -- Up-to-date: /home/luis/azure_sky_ros2/install/buff_interfaces/share/buff_interfaces/msg/Blade.idl
[1.239s] -- Up-to-date: /home/luis/azure_sky_ros2/install/buff_interfaces/share/buff_interfaces/msg/BladeArray.idl
[1.239s] -- Up-to-date: /home/luis/azure_sky_ros2/install/buff_interfaces/share/buff_interfaces/msg/DebugBlade.idl
[1.239s] -- Up-to-date: /home/luis/azure_sky_ros2/install/buff_interfaces/share/buff_interfaces/msg/DebugBladeArray.idl
[1.239s] -- Up-to-date: /home/luis/azure_sky_ros2/install/buff_interfaces/share/buff_interfaces/msg/Rune.idl
[1.240s] -- Up-to-date: /home/luis/azure_sky_ros2/install/buff_interfaces/share/buff_interfaces/msg/RuneInfo.idl
[1.242s] -- Up-to-date: /home/luis/azure_sky_ros2/install/buff_interfaces/share/buff_interfaces/msg/TimeInfo.idl
[1.242s] -- Up-to-date: /home/luis/azure_sky_ros2/install/buff_interfaces/share/buff_interfaces/msg/Blade.msg
[1.242s] -- Up-to-date: /home/luis/azure_sky_ros2/install/buff_interfaces/share/buff_interfaces/msg/BladeArray.msg
[1.242s] -- Up-to-date: /home/luis/azure_sky_ros2/install/buff_interfaces/share/buff_interfaces/msg/DebugBlade.msg
[1.242s] -- Up-to-date: /home/luis/azure_sky_ros2/install/buff_interfaces/share/buff_interfaces/msg/DebugBladeArray.msg
[1.243s] -- Up-to-date: /home/luis/azure_sky_ros2/install/buff_interfaces/share/buff_interfaces/msg/Rune.msg
[1.245s] -- Up-to-date: /home/luis/azure_sky_ros2/install/buff_interfaces/share/buff_interfaces/msg/RuneInfo.msg
[1.246s] -- Up-to-date: /home/luis/azure_sky_ros2/install/buff_interfaces/share/buff_interfaces/msg/TimeInfo.msg
[1.246s] -- Up-to-date: /home/luis/azure_sky_ros2/install/buff_interfaces/share/ament_index/resource_index/package_run_dependencies/buff_interfaces
[1.246s] -- Up-to-date: /home/luis/azure_sky_ros2/install/buff_interfaces/share/ament_index/resource_index/parent_prefix_path/buff_interfaces
[1.246s] -- Up-to-date: /home/luis/azure_sky_ros2/install/buff_interfaces/share/buff_interfaces/environment/ament_prefix_path.sh
[1.246s] -- Up-to-date: /home/luis/azure_sky_ros2/install/buff_interfaces/share/buff_interfaces/environment/ament_prefix_path.dsv
[1.246s] -- Up-to-date: /home/luis/azure_sky_ros2/install/buff_interfaces/share/buff_interfaces/environment/path.sh
[1.246s] -- Up-to-date: /home/luis/azure_sky_ros2/install/buff_interfaces/share/buff_interfaces/environment/path.dsv
[1.246s] -- Up-to-date: /home/luis/azure_sky_ros2/install/buff_interfaces/share/buff_interfaces/local_setup.bash
[1.246s] -- Up-to-date: /home/luis/azure_sky_ros2/install/buff_interfaces/share/buff_interfaces/local_setup.sh
[1.246s] -- Up-to-date: /home/luis/azure_sky_ros2/install/buff_interfaces/share/buff_interfaces/local_setup.zsh
[1.246s] -- Up-to-date: /home/luis/azure_sky_ros2/install/buff_interfaces/share/buff_interfaces/local_setup.dsv
[1.246s] -- Installing: /home/luis/azure_sky_ros2/install/buff_interfaces/share/buff_interfaces/package.dsv
[1.247s] -- Up-to-date: /home/luis/azure_sky_ros2/install/buff_interfaces/share/ament_index/resource_index/packages/buff_interfaces
[1.247s] -- Up-to-date: /home/luis/azure_sky_ros2/install/buff_interfaces/share/buff_interfaces/cmake/export_buff_interfaces__rosidl_generator_cExport.cmake
[1.247s] -- Up-to-date: /home/luis/azure_sky_ros2/install/buff_interfaces/share/buff_interfaces/cmake/export_buff_interfaces__rosidl_generator_cExport-noconfig.cmake
[1.247s] -- Up-to-date: /home/luis/azure_sky_ros2/install/buff_interfaces/share/buff_interfaces/cmake/export_buff_interfaces__rosidl_typesupport_fastrtps_cExport.cmake
[1.248s] -- Up-to-date: /home/luis/azure_sky_ros2/install/buff_interfaces/share/buff_interfaces/cmake/export_buff_interfaces__rosidl_typesupport_fastrtps_cExport-noconfig.cmake
[1.248s] -- Up-to-date: /home/luis/azure_sky_ros2/install/buff_interfaces/share/buff_interfaces/cmake/buff_interfaces__rosidl_typesupport_introspection_cExport.cmake
[1.248s] -- Up-to-date: /home/luis/azure_sky_ros2/install/buff_interfaces/share/buff_interfaces/cmake/buff_interfaces__rosidl_typesupport_introspection_cExport-noconfig.cmake
[1.248s] -- Up-to-date: /home/luis/azure_sky_ros2/install/buff_interfaces/share/buff_interfaces/cmake/buff_interfaces__rosidl_typesupport_cExport.cmake
[1.248s] -- Up-to-date: /home/luis/azure_sky_ros2/install/buff_interfaces/share/buff_interfaces/cmake/buff_interfaces__rosidl_typesupport_cExport-noconfig.cmake
[1.248s] -- Up-to-date: /home/luis/azure_sky_ros2/install/buff_interfaces/share/buff_interfaces/cmake/export_buff_interfaces__rosidl_generator_cppExport.cmake
[1.249s] -- Up-to-date: /home/luis/azure_sky_ros2/install/buff_interfaces/share/buff_interfaces/cmake/export_buff_interfaces__rosidl_typesupport_fastrtps_cppExport.cmake
[1.249s] -- Up-to-date: /home/luis/azure_sky_ros2/install/buff_interfaces/share/buff_interfaces/cmake/export_buff_interfaces__rosidl_typesupport_fastrtps_cppExport-noconfig.cmake
[1.249s] -- Up-to-date: /home/luis/azure_sky_ros2/install/buff_interfaces/share/buff_interfaces/cmake/buff_interfaces__rosidl_typesupport_introspection_cppExport.cmake
[1.249s] -- Up-to-date: /home/luis/azure_sky_ros2/install/buff_interfaces/share/buff_interfaces/cmake/buff_interfaces__rosidl_typesupport_introspection_cppExport-noconfig.cmake
[1.249s] -- Up-to-date: /home/luis/azure_sky_ros2/install/buff_interfaces/share/buff_interfaces/cmake/buff_interfaces__rosidl_typesupport_cppExport.cmake
[1.249s] -- Up-to-date: /home/luis/azure_sky_ros2/install/buff_interfaces/share/buff_interfaces/cmake/buff_interfaces__rosidl_typesupport_cppExport-noconfig.cmake
[1.249s] -- Up-to-date: /home/luis/azure_sky_ros2/install/buff_interfaces/share/buff_interfaces/cmake/export_buff_interfaces__rosidl_generator_pyExport.cmake
[1.249s] -- Up-to-date: /home/luis/azure_sky_ros2/install/buff_interfaces/share/buff_interfaces/cmake/export_buff_interfaces__rosidl_generator_pyExport-noconfig.cmake
[1.249s] -- Up-to-date: /home/luis/azure_sky_ros2/install/buff_interfaces/share/buff_interfaces/cmake/rosidl_cmake-extras.cmake
[1.250s] -- Up-to-date: /home/luis/azure_sky_ros2/install/buff_interfaces/share/buff_interfaces/cmake/ament_cmake_export_dependencies-extras.cmake
[1.250s] -- Up-to-date: /home/luis/azure_sky_ros2/install/buff_interfaces/share/buff_interfaces/cmake/ament_cmake_export_include_directories-extras.cmake
[1.257s] -- Up-to-date: /home/luis/azure_sky_ros2/install/buff_interfaces/share/buff_interfaces/cmake/ament_cmake_export_libraries-extras.cmake
[1.258s] -- Up-to-date: /home/luis/azure_sky_ros2/install/buff_interfaces/share/buff_interfaces/cmake/ament_cmake_export_targets-extras.cmake
[1.258s] -- Up-to-date: /home/luis/azure_sky_ros2/install/buff_interfaces/share/buff_interfaces/cmake/rosidl_cmake_export_typesupport_targets-extras.cmake
[1.258s] -- Up-to-date: /home/luis/azure_sky_ros2/install/buff_interfaces/share/buff_interfaces/cmake/rosidl_cmake_export_typesupport_libraries-extras.cmake
[1.259s] -- Up-to-date: /home/luis/azure_sky_ros2/install/buff_interfaces/share/buff_interfaces/cmake/buff_interfacesConfig.cmake
[1.259s] -- Up-to-date: /home/luis/azure_sky_ros2/install/buff_interfaces/share/buff_interfaces/cmake/buff_interfacesConfig-version.cmake
[1.259s] -- Up-to-date: /home/luis/azure_sky_ros2/install/buff_interfaces/share/buff_interfaces/package.xml
[1.317s] Invoked command in '/home/luis/azure_sky_ros2/build/buff_interfaces' returned '0': CMAKE_PREFIX_PATH=${CMAKE_PREFIX_PATH}:/opt/ros/humble /usr/bin/cmake --install /home/luis/azure_sky_ros2/build/buff_interfaces
