[0.051s] Invoking command in '/home/luis/azure_sky_ros2/build/buff_detector': AMENT_PREFIX_PATH=/home/luis/azure_sky_ros2/install/buff_interfaces:${AMENT_PREFIX_PATH} CMAKE_PREFIX_PATH=/home/luis/azure_sky_ros2/install/buff_interfaces:/opt/ros/humble LD_LIBRARY_PATH=/home/luis/azure_sky_ros2/install/buff_interfaces/lib:/opt/MVS/lib/64:/opt/MVS/lib/32:/usr/lib/x86_64-linux-gnu/gazebo-11/plugins:/opt/ros/humble/opt/rviz_ogre_vendor/lib:/opt/ros/humble/lib/x86_64-linux-gnu:/opt/ros/humble/lib:/opt/MVS/lib/64:/opt/MVS/lib/32:/opt/MVS/lib/64:/opt/MVS/lib/32 PYTHONPATH=/home/luis/azure_sky_ros2/install/buff_interfaces/local/lib/python3.10/dist-packages:${PYTHONPATH} /usr/bin/cmake --build /home/luis/azure_sky_ros2/build/buff_detector -- -j12 -l12
[0.206s] [ 33%] Built target buff_detector_node
[0.213s] [100%] Built target buff_detector
[0.269s] Invoked command in '/home/luis/azure_sky_ros2/build/buff_detector' returned '0': AMENT_PREFIX_PATH=/home/luis/azure_sky_ros2/install/buff_interfaces:${AMENT_PREFIX_PATH} CMAKE_PREFIX_PATH=/home/luis/azure_sky_ros2/install/buff_interfaces:/opt/ros/humble LD_LIBRARY_PATH=/home/luis/azure_sky_ros2/install/buff_interfaces/lib:/opt/MVS/lib/64:/opt/MVS/lib/32:/usr/lib/x86_64-linux-gnu/gazebo-11/plugins:/opt/ros/humble/opt/rviz_ogre_vendor/lib:/opt/ros/humble/lib/x86_64-linux-gnu:/opt/ros/humble/lib:/opt/MVS/lib/64:/opt/MVS/lib/32:/opt/MVS/lib/64:/opt/MVS/lib/32 PYTHONPATH=/home/luis/azure_sky_ros2/install/buff_interfaces/local/lib/python3.10/dist-packages:${PYTHONPATH} /usr/bin/cmake --build /home/luis/azure_sky_ros2/build/buff_detector -- -j12 -l12
[0.271s] Invoking command in '/home/luis/azure_sky_ros2/build/buff_detector': AMENT_PREFIX_PATH=/home/luis/azure_sky_ros2/install/buff_interfaces:${AMENT_PREFIX_PATH} CMAKE_PREFIX_PATH=/home/luis/azure_sky_ros2/install/buff_interfaces:/opt/ros/humble LD_LIBRARY_PATH=/home/luis/azure_sky_ros2/install/buff_interfaces/lib:/opt/MVS/lib/64:/opt/MVS/lib/32:/usr/lib/x86_64-linux-gnu/gazebo-11/plugins:/opt/ros/humble/opt/rviz_ogre_vendor/lib:/opt/ros/humble/lib/x86_64-linux-gnu:/opt/ros/humble/lib:/opt/MVS/lib/64:/opt/MVS/lib/32:/opt/MVS/lib/64:/opt/MVS/lib/32 PYTHONPATH=/home/luis/azure_sky_ros2/install/buff_interfaces/local/lib/python3.10/dist-packages:${PYTHONPATH} /usr/bin/cmake --install /home/luis/azure_sky_ros2/build/buff_detector
[0.298s] -- Install configuration: ""
[0.298s] -- Up-to-date: /home/luis/azure_sky_ros2/install/buff_detector/lib/buff_detector/buff_detector_node
[0.298s] -- Up-to-date: /home/luis/azure_sky_ros2/install/buff_detector/include
[0.298s] -- Up-to-date: /home/luis/azure_sky_ros2/install/buff_detector/include/buff_detector
[0.299s] -- Up-to-date: /home/luis/azure_sky_ros2/install/buff_detector/include/buff_detector/pnp_solver.hpp
[0.299s] -- Up-to-date: /home/luis/azure_sky_ros2/install/buff_detector/include/buff_detector/blade.hpp
[0.299s] -- Up-to-date: /home/luis/azure_sky_ros2/install/buff_detector/include/buff_detector/detector.hpp
[0.299s] -- Up-to-date: /home/luis/azure_sky_ros2/install/buff_detector/include/buff_detector/detector_node.hpp
[0.299s] -- Up-to-date: /home/luis/azure_sky_ros2/install/buff_detector/share/buff_detector/environment/library_path.sh
[0.299s] -- Up-to-date: /home/luis/azure_sky_ros2/install/buff_detector/share/buff_detector/environment/library_path.dsv
[0.300s] -- Up-to-date: /home/luis/azure_sky_ros2/install/buff_detector/lib/libbuff_detector.so
[0.300s] -- Up-to-date: /home/luis/azure_sky_ros2/install/buff_detector/share/buff_detector/models
[0.300s] -- Up-to-date: /home/luis/azure_sky_ros2/install/buff_detector/share/buff_detector/models/buff_quantized.xml
[0.300s] -- Up-to-date: /home/luis/azure_sky_ros2/install/buff_detector/share/buff_detector/models/buff_quantized.bin
[0.300s] -- Up-to-date: /home/luis/azure_sky_ros2/install/buff_detector/share/buff_detector/launch
[0.300s] -- Up-to-date: /home/luis/azure_sky_ros2/install/buff_detector/share/buff_detector/launch/buff_detector.launch.py
[0.300s] -- Up-to-date: /home/luis/azure_sky_ros2/install/buff_detector/share/ament_index/resource_index/package_run_dependencies/buff_detector
[0.301s] -- Up-to-date: /home/luis/azure_sky_ros2/install/buff_detector/share/ament_index/resource_index/parent_prefix_path/buff_detector
[0.301s] -- Up-to-date: /home/luis/azure_sky_ros2/install/buff_detector/share/buff_detector/environment/ament_prefix_path.sh
[0.301s] -- Up-to-date: /home/luis/azure_sky_ros2/install/buff_detector/share/buff_detector/environment/ament_prefix_path.dsv
[0.301s] -- Up-to-date: /home/luis/azure_sky_ros2/install/buff_detector/share/buff_detector/environment/path.sh
[0.301s] -- Up-to-date: /home/luis/azure_sky_ros2/install/buff_detector/share/buff_detector/environment/path.dsv
[0.301s] -- Up-to-date: /home/luis/azure_sky_ros2/install/buff_detector/share/buff_detector/local_setup.bash
[0.302s] -- Up-to-date: /home/luis/azure_sky_ros2/install/buff_detector/share/buff_detector/local_setup.sh
[0.302s] -- Up-to-date: /home/luis/azure_sky_ros2/install/buff_detector/share/buff_detector/local_setup.zsh
[0.302s] -- Up-to-date: /home/luis/azure_sky_ros2/install/buff_detector/share/buff_detector/local_setup.dsv
[0.302s] -- Installing: /home/luis/azure_sky_ros2/install/buff_detector/share/buff_detector/package.dsv
[0.302s] -- Up-to-date: /home/luis/azure_sky_ros2/install/buff_detector/share/ament_index/resource_index/packages/buff_detector
[0.302s] -- Up-to-date: /home/luis/azure_sky_ros2/install/buff_detector/share/ament_index/resource_index/rclcpp_components/buff_detector
[0.302s] -- Up-to-date: /home/luis/azure_sky_ros2/install/buff_detector/share/buff_detector/cmake/ament_cmake_export_dependencies-extras.cmake
[0.302s] -- Up-to-date: /home/luis/azure_sky_ros2/install/buff_detector/share/buff_detector/cmake/ament_cmake_export_include_directories-extras.cmake
[0.303s] -- Up-to-date: /home/luis/azure_sky_ros2/install/buff_detector/share/buff_detector/cmake/ament_cmake_export_libraries-extras.cmake
[0.303s] -- Up-to-date: /home/luis/azure_sky_ros2/install/buff_detector/share/buff_detector/cmake/buff_detectorConfig.cmake
[0.303s] -- Up-to-date: /home/luis/azure_sky_ros2/install/buff_detector/share/buff_detector/cmake/buff_detectorConfig-version.cmake
[0.303s] -- Up-to-date: /home/luis/azure_sky_ros2/install/buff_detector/share/buff_detector/package.xml
[0.303s] Invoked command in '/home/luis/azure_sky_ros2/build/buff_detector' returned '0': AMENT_PREFIX_PATH=/home/luis/azure_sky_ros2/install/buff_interfaces:${AMENT_PREFIX_PATH} CMAKE_PREFIX_PATH=/home/luis/azure_sky_ros2/install/buff_interfaces:/opt/ros/humble LD_LIBRARY_PATH=/home/luis/azure_sky_ros2/install/buff_interfaces/lib:/opt/MVS/lib/64:/opt/MVS/lib/32:/usr/lib/x86_64-linux-gnu/gazebo-11/plugins:/opt/ros/humble/opt/rviz_ogre_vendor/lib:/opt/ros/humble/lib/x86_64-linux-gnu:/opt/ros/humble/lib:/opt/MVS/lib/64:/opt/MVS/lib/32:/opt/MVS/lib/64:/opt/MVS/lib/32 PYTHONPATH=/home/luis/azure_sky_ros2/install/buff_interfaces/local/lib/python3.10/dist-packages:${PYTHONPATH} /usr/bin/cmake --install /home/luis/azure_sky_ros2/build/buff_detector
