[0.034s] Invoking command in '/home/luis/azure_sky_ros2/build/controlko_bringup': AMENT_PREFIX_PATH=/home/luis/azure_sky_ros2/install/tide_shooter_controller:/home/luis/azure_sky_ros2/install/tide_gimbal_controller:/home/luis/azure_sky_ros2/install/tide_msgs:${AMENT_PREFIX_PATH} CMAKE_PREFIX_PATH=/home/luis/azure_sky_ros2/install/tide_shooter_controller:/home/luis/azure_sky_ros2/install/tide_gimbal_controller:/home/luis/azure_sky_ros2/install/tide_msgs:/opt/ros/humble LD_LIBRARY_PATH=/home/luis/azure_sky_ros2/install/tide_shooter_controller/lib:/home/luis/azure_sky_ros2/install/tide_gimbal_controller/lib:/home/luis/azure_sky_ros2/install/tide_msgs/lib:/opt/MVS/lib/64:/opt/MVS/lib/32:/usr/lib/x86_64-linux-gnu/gazebo-11/plugins:/opt/ros/humble/opt/rviz_ogre_vendor/lib:/opt/ros/humble/lib/x86_64-linux-gnu:/opt/ros/humble/lib:/opt/MVS/lib/64:/opt/MVS/lib/32:/opt/MVS/lib/64:/opt/MVS/lib/32 PYTHONPATH=/home/luis/azure_sky_ros2/install/tide_msgs/local/lib/python3.10/dist-packages:${PYTHONPATH} /usr/bin/cmake --build /home/luis/azure_sky_ros2/build/controlko_bringup -- -j12 -l12
[0.094s] Invoked command in '/home/luis/azure_sky_ros2/build/controlko_bringup' returned '0': AMENT_PREFIX_PATH=/home/luis/azure_sky_ros2/install/tide_shooter_controller:/home/luis/azure_sky_ros2/install/tide_gimbal_controller:/home/luis/azure_sky_ros2/install/tide_msgs:${AMENT_PREFIX_PATH} CMAKE_PREFIX_PATH=/home/luis/azure_sky_ros2/install/tide_shooter_controller:/home/luis/azure_sky_ros2/install/tide_gimbal_controller:/home/luis/azure_sky_ros2/install/tide_msgs:/opt/ros/humble LD_LIBRARY_PATH=/home/luis/azure_sky_ros2/install/tide_shooter_controller/lib:/home/luis/azure_sky_ros2/install/tide_gimbal_controller/lib:/home/luis/azure_sky_ros2/install/tide_msgs/lib:/opt/MVS/lib/64:/opt/MVS/lib/32:/usr/lib/x86_64-linux-gnu/gazebo-11/plugins:/opt/ros/humble/opt/rviz_ogre_vendor/lib:/opt/ros/humble/lib/x86_64-linux-gnu:/opt/ros/humble/lib:/opt/MVS/lib/64:/opt/MVS/lib/32:/opt/MVS/lib/64:/opt/MVS/lib/32 PYTHONPATH=/home/luis/azure_sky_ros2/install/tide_msgs/local/lib/python3.10/dist-packages:${PYTHONPATH} /usr/bin/cmake --build /home/luis/azure_sky_ros2/build/controlko_bringup -- -j12 -l12
[0.097s] Invoking command in '/home/luis/azure_sky_ros2/build/controlko_bringup': AMENT_PREFIX_PATH=/home/luis/azure_sky_ros2/install/tide_shooter_controller:/home/luis/azure_sky_ros2/install/tide_gimbal_controller:/home/luis/azure_sky_ros2/install/tide_msgs:${AMENT_PREFIX_PATH} CMAKE_PREFIX_PATH=/home/luis/azure_sky_ros2/install/tide_shooter_controller:/home/luis/azure_sky_ros2/install/tide_gimbal_controller:/home/luis/azure_sky_ros2/install/tide_msgs:/opt/ros/humble LD_LIBRARY_PATH=/home/luis/azure_sky_ros2/install/tide_shooter_controller/lib:/home/luis/azure_sky_ros2/install/tide_gimbal_controller/lib:/home/luis/azure_sky_ros2/install/tide_msgs/lib:/opt/MVS/lib/64:/opt/MVS/lib/32:/usr/lib/x86_64-linux-gnu/gazebo-11/plugins:/opt/ros/humble/opt/rviz_ogre_vendor/lib:/opt/ros/humble/lib/x86_64-linux-gnu:/opt/ros/humble/lib:/opt/MVS/lib/64:/opt/MVS/lib/32:/opt/MVS/lib/64:/opt/MVS/lib/32 PYTHONPATH=/home/luis/azure_sky_ros2/install/tide_msgs/local/lib/python3.10/dist-packages:${PYTHONPATH} /usr/bin/cmake --install /home/luis/azure_sky_ros2/build/controlko_bringup
[0.116s] -- Install configuration: ""
[0.116s] -- Up-to-date: /home/luis/azure_sky_ros2/install/controlko_bringup/share/controlko_bringup/config
[0.116s] -- Up-to-date: /home/luis/azure_sky_ros2/install/controlko_bringup/share/controlko_bringup/config/test_goal_publishers_config.yaml
[0.117s] -- Up-to-date: /home/luis/azure_sky_ros2/install/controlko_bringup/share/controlko_bringup/config/soho-12_controllers.yaml
[0.117s] -- Up-to-date: /home/luis/azure_sky_ros2/install/controlko_bringup/share/controlko_bringup/config/rrbot_controllers.yaml
[0.117s] -- Up-to-date: /home/luis/azure_sky_ros2/install/controlko_bringup/share/controlko_bringup
[0.117s] -- Up-to-date: /home/luis/azure_sky_ros2/install/controlko_bringup/share/controlko_bringup/rrbot_sim_gazebo.launch.py
[0.117s] -- Up-to-date: /home/luis/azure_sky_ros2/install/controlko_bringup/share/controlko_bringup/test_joint_trajectory_controller.launch.py
[0.117s] -- Up-to-date: /home/luis/azure_sky_ros2/install/controlko_bringup/share/controlko_bringup/test_forward_position_controller.launch.py
[0.117s] -- Up-to-date: /home/luis/azure_sky_ros2/install/controlko_bringup/share/controlko_bringup/rrbot.launch.py
[0.117s] -- Up-to-date: /home/luis/azure_sky_ros2/install/controlko_bringup/share/controlko_bringup/rrbot_sim_gazebo_classic.launch.py
[0.118s] -- Up-to-date: /home/luis/azure_sky_ros2/install/controlko_bringup/share/controlko_bringup/soho-12.launch.py
[0.118s] -- Up-to-date: /home/luis/azure_sky_ros2/install/controlko_bringup/share/controlko_bringup/rrbot_real.launch.py
[0.118s] -- Up-to-date: /home/luis/azure_sky_ros2/install/controlko_bringup/share/ament_index/resource_index/package_run_dependencies/controlko_bringup
[0.118s] -- Up-to-date: /home/luis/azure_sky_ros2/install/controlko_bringup/share/ament_index/resource_index/parent_prefix_path/controlko_bringup
[0.118s] -- Up-to-date: /home/luis/azure_sky_ros2/install/controlko_bringup/share/controlko_bringup/environment/ament_prefix_path.sh
[0.118s] -- Up-to-date: /home/luis/azure_sky_ros2/install/controlko_bringup/share/controlko_bringup/environment/ament_prefix_path.dsv
[0.118s] -- Up-to-date: /home/luis/azure_sky_ros2/install/controlko_bringup/share/controlko_bringup/environment/path.sh
[0.118s] -- Up-to-date: /home/luis/azure_sky_ros2/install/controlko_bringup/share/controlko_bringup/environment/path.dsv
[0.118s] -- Up-to-date: /home/luis/azure_sky_ros2/install/controlko_bringup/share/controlko_bringup/local_setup.bash
[0.118s] -- Up-to-date: /home/luis/azure_sky_ros2/install/controlko_bringup/share/controlko_bringup/local_setup.sh
[0.119s] -- Up-to-date: /home/luis/azure_sky_ros2/install/controlko_bringup/share/controlko_bringup/local_setup.zsh
[0.119s] -- Up-to-date: /home/luis/azure_sky_ros2/install/controlko_bringup/share/controlko_bringup/local_setup.dsv
[0.119s] -- Installing: /home/luis/azure_sky_ros2/install/controlko_bringup/share/controlko_bringup/package.dsv
[0.119s] -- Up-to-date: /home/luis/azure_sky_ros2/install/controlko_bringup/share/ament_index/resource_index/packages/controlko_bringup
[0.119s] -- Up-to-date: /home/luis/azure_sky_ros2/install/controlko_bringup/share/controlko_bringup/cmake/controlko_bringupConfig.cmake
[0.119s] -- Up-to-date: /home/luis/azure_sky_ros2/install/controlko_bringup/share/controlko_bringup/cmake/controlko_bringupConfig-version.cmake
[0.120s] -- Up-to-date: /home/luis/azure_sky_ros2/install/controlko_bringup/share/controlko_bringup/package.xml
[0.121s] Invoked command in '/home/luis/azure_sky_ros2/build/controlko_bringup' returned '0': AMENT_PREFIX_PATH=/home/luis/azure_sky_ros2/install/tide_shooter_controller:/home/luis/azure_sky_ros2/install/tide_gimbal_controller:/home/luis/azure_sky_ros2/install/tide_msgs:${AMENT_PREFIX_PATH} CMAKE_PREFIX_PATH=/home/luis/azure_sky_ros2/install/tide_shooter_controller:/home/luis/azure_sky_ros2/install/tide_gimbal_controller:/home/luis/azure_sky_ros2/install/tide_msgs:/opt/ros/humble LD_LIBRARY_PATH=/home/luis/azure_sky_ros2/install/tide_shooter_controller/lib:/home/luis/azure_sky_ros2/install/tide_gimbal_controller/lib:/home/luis/azure_sky_ros2/install/tide_msgs/lib:/opt/MVS/lib/64:/opt/MVS/lib/32:/usr/lib/x86_64-linux-gnu/gazebo-11/plugins:/opt/ros/humble/opt/rviz_ogre_vendor/lib:/opt/ros/humble/lib/x86_64-linux-gnu:/opt/ros/humble/lib:/opt/MVS/lib/64:/opt/MVS/lib/32:/opt/MVS/lib/64:/opt/MVS/lib/32 PYTHONPATH=/home/luis/azure_sky_ros2/install/tide_msgs/local/lib/python3.10/dist-packages:${PYTHONPATH} /usr/bin/cmake --install /home/luis/azure_sky_ros2/build/controlko_bringup
