[0.040s] Invoking command in '/home/luis/workshop_ws/build/tide_gimbal_controller': CMAKE_PREFIX_PATH=/opt/ros/humble /usr/bin/cmake /home/luis/workshop_ws/src/tide_controllers/tide_gimbal_controller -DAMENT_CMAKE_SYMLINK_INSTALL=1 -DCMAKE_INSTALL_PREFIX=/home/luis/workshop_ws/install/tide_gimbal_controller
[0.219s] -- The CXX compiler identification is GNU 11.4.0
[0.230s] -- Detecting CXX compiler ABI info
[0.344s] -- Detecting CXX compiler ABI info - done
[0.355s] -- Check for working CXX compiler: /usr/bin/c++ - skipped
[0.355s] -- Detecting CXX compile features
[0.356s] -- Detecting CXX compile features - done
[0.359s] -- Found ament_cmake: 1.3.11 (/opt/ros/humble/share/ament_cmake/cmake)
[0.525s] -- Found Python3: /usr/bin/python3 (found version "3.10.12") found components: Interpreter 
[0.592s] -- Override CMake install command with custom implementation using symlinks instead of copying resources
[0.641s] -- Found controller_interface: 2.51.0 (/opt/ros/humble/share/controller_interface/cmake)
[0.712s] -- Found rosidl_generator_c: 3.1.6 (/opt/ros/humble/share/rosidl_generator_c/cmake)
[0.719s] -- Found rosidl_adapter: 3.1.6 (/opt/ros/humble/share/rosidl_adapter/cmake)
[0.730s] -- Found rosidl_generator_cpp: 3.1.6 (/opt/ros/humble/share/rosidl_generator_cpp/cmake)
[0.743s] -- Using all available rosidl_typesupport_c: rosidl_typesupport_fastrtps_c;rosidl_typesupport_introspection_c
[0.764s] -- Using all available rosidl_typesupport_cpp: rosidl_typesupport_fastrtps_cpp;rosidl_typesupport_introspection_cpp
[0.995s] -- Found rmw_implementation_cmake: 6.1.2 (/opt/ros/humble/share/rmw_implementation_cmake/cmake)
[0.998s] -- Found rmw_fastrtps_cpp: 6.2.7 (/opt/ros/humble/share/rmw_fastrtps_cpp/cmake)
[1.026s] -- Found TinyXML2 via Config file: TinyXML2_DIR-NOTFOUND
[1.115s] -- Found OpenSSL: /usr/lib/x86_64-linux-gnu/libcrypto.so (found version "3.0.2")  
[1.118s] -- Found TinyXML2 via Config file: TinyXML2_DIR-NOTFOUND
[1.136s] -- Found FastRTPS: /opt/ros/humble/include  
[1.139s] -- Found TinyXML2 via Config file: TinyXML2_DIR-NOTFOUND
[1.150s] -- Found TinyXML2 via Config file: TinyXML2_DIR-NOTFOUND
[1.162s] -- Using RMW implementation 'rmw_fastrtps_cpp' as default
[1.173s] -- Looking for C++ include pthread.h
[1.351s] -- Looking for C++ include pthread.h - found
[1.351s] -- Performing Test CMAKE_HAVE_LIBC_PTHREAD
[1.510s] -- Performing Test CMAKE_HAVE_LIBC_PTHREAD - Success
[1.513s] -- Found Threads: TRUE  
[1.582s] -- Found generate_parameter_library: 0.5.0 (/opt/ros/humble/share/generate_parameter_library/cmake)
[1.585s] -- Found parameter_traits: 0.5.0 (/opt/ros/humble/share/parameter_traits/cmake)
[1.614s] -- Found realtime_tools: 2.14.0 (/opt/ros/humble/share/realtime_tools/cmake)
[1.637s] -- Found tf2: 0.25.13 (/opt/ros/humble/share/tf2/cmake)
[1.645s] -- Found tf2_msgs: 0.25.13 (/opt/ros/humble/share/tf2_msgs/cmake)
[1.678s] [31mCMake Error at CMakeLists.txt:35 (find_package):
[1.678s]   By not providing "Findtide_msgs.cmake" in CMAKE_MODULE_PATH this project
[1.678s]   has asked CMake to find a package configuration file provided by
[1.678s]   "tide_msgs", but CMake did not find one.
[1.679s] 
[1.679s]   Could not find a package configuration file provided by "tide_msgs" with
[1.679s]   any of the following names:
[1.679s] 
[1.679s]     tide_msgsConfig.cmake
[1.679s]     tide_msgs-config.cmake
[1.679s] 
[1.679s]   Add the installation prefix of "tide_msgs" to CMAKE_PREFIX_PATH or set
[1.679s]   "tide_msgs_DIR" to a directory containing one of the above files.  If
[1.680s]   "tide_msgs" provides a separate development package or SDK, be sure it has
[1.680s]   been installed.
[1.680s] 
[1.680s] [0m
[1.680s] -- Configuring incomplete, errors occurred!
[1.680s] See also "/home/luis/workshop_ws/build/tide_gimbal_controller/CMakeFiles/CMakeOutput.log".
[1.696s] Invoked command in '/home/luis/workshop_ws/build/tide_gimbal_controller' returned '1': CMAKE_PREFIX_PATH=/opt/ros/humble /usr/bin/cmake /home/luis/workshop_ws/src/tide_controllers/tide_gimbal_controller -DAMENT_CMAKE_SYMLINK_INSTALL=1 -DCMAKE_INSTALL_PREFIX=/home/luis/workshop_ws/install/tide_gimbal_controller
