[0.013s] Invoking command in '/home/luis/workshop_ws/build/tide_msgs': CMAKE_PREFIX_PATH=${CMAKE_PREFIX_PATH}:/opt/ros/humble /usr/bin/cmake /home/luis/workshop_ws/src/tide_msgs -DCMAKE_INSTALL_PREFIX=/home/luis/workshop_ws/install/tide_msgs
[0.025s] -- Found ament_cmake_auto: 1.3.11 (/opt/ros/humble/share/ament_cmake_auto/cmake)
[0.147s] -- Override CMake install command with custom implementation using symlinks instead of copying resources
[0.167s] -- Found geometry_msgs: 4.9.0 (/opt/ros/humble/share/geometry_msgs/cmake)
[0.208s] -- Found rosidl_generator_c: 3.1.6 (/opt/ros/humble/share/rosidl_generator_c/cmake)
[0.210s] -- Found rosidl_adapter: 3.1.6 (/opt/ros/humble/share/rosidl_adapter/cmake)
[0.216s] -- Found rosidl_generator_cpp: 3.1.6 (/opt/ros/humble/share/rosidl_generator_cpp/cmake)
[0.225s] -- Using all available rosidl_typesupport_c: rosidl_typesupport_fastrtps_c;rosidl_typesupport_introspection_c
[0.236s] -- Using all available rosidl_typesupport_cpp: rosidl_typesupport_fastrtps_cpp;rosidl_typesupport_introspection_cpp
[0.782s] -- Found ament_cmake_cppcheck: 0.12.12 (/opt/ros/humble/share/ament_cmake_cppcheck/cmake)
[0.783s] -- Found ament_cmake_cpplint: 0.12.12 (/opt/ros/humble/share/ament_cmake_cpplint/cmake)
[0.785s] -- Found ament_cmake_uncrustify: 0.12.12 (/opt/ros/humble/share/ament_cmake_uncrustify/cmake)
[0.787s] -- Found ament_cmake_ros: 0.10.0 (/opt/ros/humble/share/ament_cmake_ros/cmake)
[1.376s] -- Using all available rosidl_typesupport_c: rosidl_typesupport_fastrtps_c;rosidl_typesupport_introspection_c
[1.635s] -- Using all available rosidl_typesupport_cpp: rosidl_typesupport_fastrtps_cpp;rosidl_typesupport_introspection_cpp
[1.669s] -- Found python_cmake_module: 0.10.0 (/opt/ros/humble/share/python_cmake_module/cmake)
[1.707s] -- Using PYTHON_EXECUTABLE: /usr/bin/python3
[1.707s] -- Using PYTHON_INCLUDE_DIRS: /usr/include/python3.10
[1.707s] -- Using PYTHON_LIBRARIES: /usr/lib/x86_64-linux-gnu/libpython3.10.so
[1.778s] -- Found ament_cmake_flake8: 0.12.12 (/opt/ros/humble/share/ament_cmake_flake8/cmake)
[1.778s] -- Found ament_cmake_pep257: 0.12.12 (/opt/ros/humble/share/ament_cmake_pep257/cmake)
[1.785s] -- Found ament_lint_auto: 0.12.12 (/opt/ros/humble/share/ament_lint_auto/cmake)
[1.799s] -- Added test 'copyright' to check source files copyright and LICENSE
[1.799s] -- Added test 'lint_cmake' to check CMake code style
[1.800s] -- Added test 'xmllint' to check XML markup files
[1.802s] -- Configuring done
[1.887s] -- Generating done
[1.902s] -- Build files have been written to: /home/luis/workshop_ws/build/tide_msgs
[1.914s] Invoked command in '/home/luis/workshop_ws/build/tide_msgs' returned '0': CMAKE_PREFIX_PATH=${CMAKE_PREFIX_PATH}:/opt/ros/humble /usr/bin/cmake /home/luis/workshop_ws/src/tide_msgs -DCMAKE_INSTALL_PREFIX=/home/luis/workshop_ws/install/tide_msgs
[1.916s] Invoking command in '/home/luis/workshop_ws/build/tide_msgs': CMAKE_PREFIX_PATH=${CMAKE_PREFIX_PATH}:/opt/ros/humble /usr/bin/cmake --build /home/luis/workshop_ws/build/tide_msgs -- -j12 -l12
[2.012s] [35m[1mConsolidate compiler generated dependencies of target tide_msgs__rosidl_generator_c[0m
[2.027s] [  0%] Built target ament_cmake_python_symlink_tide_msgs
[2.029s] [  0%] Built target tide_msgs__cpp
[2.048s] [ 12%] Built target tide_msgs__rosidl_generator_c
[2.050s] [35m[1mConsolidate compiler generated dependencies of target tide_msgs__rosidl_typesupport_cpp[0m
[2.051s] [35m[1mConsolidate compiler generated dependencies of target tide_msgs__rosidl_typesupport_introspection_cpp[0m
[2.051s] [35m[1mConsolidate compiler generated dependencies of target tide_msgs__rosidl_typesupport_fastrtps_cpp[0m
[2.067s] [35m[1mConsolidate compiler generated dependencies of target tide_msgs__rosidl_typesupport_c[0m
[2.070s] [35m[1mConsolidate compiler generated dependencies of target tide_msgs__rosidl_typesupport_introspection_c[0m
[2.075s] [35m[1mConsolidate compiler generated dependencies of target tide_msgs__rosidl_typesupport_fastrtps_c[0m
[2.088s] [ 24%] Built target tide_msgs__rosidl_typesupport_c
[2.089s] [ 36%] Built target tide_msgs__rosidl_typesupport_fastrtps_cpp
[2.090s] [ 49%] Built target tide_msgs__rosidl_typesupport_introspection_cpp
[2.097s] [ 62%] Built target tide_msgs__rosidl_typesupport_introspection_c
[2.099s] [ 74%] Built target tide_msgs__rosidl_typesupport_cpp
[2.114s] [ 87%] Built target tide_msgs__rosidl_typesupport_fastrtps_c
[2.142s] [ 87%] Built target tide_msgs
[2.175s] [ 87%] Built target tide_msgs__py
[2.196s] [35m[1mConsolidate compiler generated dependencies of target tide_msgs__rosidl_generator_py[0m
[2.235s] [ 99%] Built target tide_msgs__rosidl_generator_py
[2.249s] [35m[1mConsolidate compiler generated dependencies of target tide_msgs__rosidl_typesupport_fastrtps_c__pyext[0m
[2.252s] [35m[1mConsolidate compiler generated dependencies of target tide_msgs__rosidl_typesupport_introspection_c__pyext[0m
[2.259s] [35m[1mConsolidate compiler generated dependencies of target tide_msgs__rosidl_typesupport_c__pyext[0m
[2.260s] running egg_info
[2.261s] writing tide_msgs.egg-info/PKG-INFO
[2.261s] writing dependency_links to tide_msgs.egg-info/dependency_links.txt
[2.261s] writing top-level names to tide_msgs.egg-info/top_level.txt
[2.264s] reading manifest file 'tide_msgs.egg-info/SOURCES.txt'
[2.265s] writing manifest file 'tide_msgs.egg-info/SOURCES.txt'
[2.267s] [ 99%] Built target tide_msgs__rosidl_typesupport_fastrtps_c__pyext
[2.270s] [ 99%] Built target tide_msgs__rosidl_typesupport_introspection_c__pyext
[2.277s] [100%] Built target tide_msgs__rosidl_typesupport_c__pyext
[2.299s] [100%] Built target ament_cmake_python_build_tide_msgs_egg
[2.316s] Invoked command in '/home/luis/workshop_ws/build/tide_msgs' returned '0': CMAKE_PREFIX_PATH=${CMAKE_PREFIX_PATH}:/opt/ros/humble /usr/bin/cmake --build /home/luis/workshop_ws/build/tide_msgs -- -j12 -l12
[2.339s] Invoking command in '/home/luis/workshop_ws/build/tide_msgs': CMAKE_PREFIX_PATH=${CMAKE_PREFIX_PATH}:/opt/ros/humble /usr/bin/cmake --install /home/luis/workshop_ws/build/tide_msgs
[2.358s] -- Install configuration: ""
[2.359s] -- Execute custom install script
[2.359s] -- Up-to-date symlink: /home/luis/workshop_ws/install/tide_msgs/share/ament_index/resource_index/rosidl_interfaces/tide_msgs
[2.361s] -- Up-to-date symlink: /home/luis/workshop_ws/install/tide_msgs/include/tide_msgs/tide_msgs/msg/armor.h
[2.361s] -- Up-to-date symlink: /home/luis/workshop_ws/install/tide_msgs/include/tide_msgs/tide_msgs/msg/armors.h
[2.361s] -- Up-to-date symlink: /home/luis/workshop_ws/install/tide_msgs/include/tide_msgs/tide_msgs/msg/bigyaw_cmd.h
[2.361s] -- Up-to-date symlink: /home/luis/workshop_ws/install/tide_msgs/include/tide_msgs/tide_msgs/msg/bigyaw_state.h
[2.361s] -- Up-to-date symlink: /home/luis/workshop_ws/install/tide_msgs/include/tide_msgs/tide_msgs/msg/buff.h
[2.362s] -- Up-to-date symlink: /home/luis/workshop_ws/install/tide_msgs/include/tide_msgs/tide_msgs/msg/bullet_remaining.h
[2.362s] -- Up-to-date symlink: /home/luis/workshop_ws/install/tide_msgs/include/tide_msgs/tide_msgs/msg/debug_armor.h
[2.362s] -- Up-to-date symlink: /home/luis/workshop_ws/install/tide_msgs/include/tide_msgs/tide_msgs/msg/debug_armors.h
[2.362s] -- Up-to-date symlink: /home/luis/workshop_ws/install/tide_msgs/include/tide_msgs/tide_msgs/msg/debug_light.h
[2.362s] -- Up-to-date symlink: /home/luis/workshop_ws/install/tide_msgs/include/tide_msgs/tide_msgs/msg/debug_lights.h
[2.362s] -- Up-to-date symlink: /home/luis/workshop_ws/install/tide_msgs/include/tide_msgs/tide_msgs/msg/detail/armor__functions.h
[2.363s] -- Up-to-date symlink: /home/luis/workshop_ws/install/tide_msgs/include/tide_msgs/tide_msgs/msg/detail/armor__struct.h
[2.363s] -- Up-to-date symlink: /home/luis/workshop_ws/install/tide_msgs/include/tide_msgs/tide_msgs/msg/detail/armor__type_support.h
[2.363s] -- Up-to-date symlink: /home/luis/workshop_ws/install/tide_msgs/include/tide_msgs/tide_msgs/msg/detail/armors__functions.h
[2.363s] -- Up-to-date symlink: /home/luis/workshop_ws/install/tide_msgs/include/tide_msgs/tide_msgs/msg/detail/armors__struct.h
[2.363s] -- Up-to-date symlink: /home/luis/workshop_ws/install/tide_msgs/include/tide_msgs/tide_msgs/msg/detail/armors__type_support.h
[2.363s] -- Up-to-date symlink: /home/luis/workshop_ws/install/tide_msgs/include/tide_msgs/tide_msgs/msg/detail/bigyaw_cmd__functions.h
[2.363s] -- Up-to-date symlink: /home/luis/workshop_ws/install/tide_msgs/include/tide_msgs/tide_msgs/msg/detail/bigyaw_cmd__struct.h
[2.363s] -- Up-to-date symlink: /home/luis/workshop_ws/install/tide_msgs/include/tide_msgs/tide_msgs/msg/detail/bigyaw_cmd__type_support.h
[2.364s] -- Up-to-date symlink: /home/luis/workshop_ws/install/tide_msgs/include/tide_msgs/tide_msgs/msg/detail/bigyaw_state__functions.h
[2.364s] -- Up-to-date symlink: /home/luis/workshop_ws/install/tide_msgs/include/tide_msgs/tide_msgs/msg/detail/bigyaw_state__struct.h
[2.364s] -- Up-to-date symlink: /home/luis/workshop_ws/install/tide_msgs/include/tide_msgs/tide_msgs/msg/detail/bigyaw_state__type_support.h
[2.364s] -- Up-to-date symlink: /home/luis/workshop_ws/install/tide_msgs/include/tide_msgs/tide_msgs/msg/detail/buff__functions.h
[2.364s] -- Up-to-date symlink: /home/luis/workshop_ws/install/tide_msgs/include/tide_msgs/tide_msgs/msg/detail/buff__struct.h
[2.364s] -- Up-to-date symlink: /home/luis/workshop_ws/install/tide_msgs/include/tide_msgs/tide_msgs/msg/detail/buff__type_support.h
[2.364s] -- Up-to-date symlink: /home/luis/workshop_ws/install/tide_msgs/include/tide_msgs/tide_msgs/msg/detail/bullet_remaining__functions.h
[2.364s] -- Up-to-date symlink: /home/luis/workshop_ws/install/tide_msgs/include/tide_msgs/tide_msgs/msg/detail/bullet_remaining__struct.h
[2.364s] -- Up-to-date symlink: /home/luis/workshop_ws/install/tide_msgs/include/tide_msgs/tide_msgs/msg/detail/bullet_remaining__type_support.h
[2.365s] -- Up-to-date symlink: /home/luis/workshop_ws/install/tide_msgs/include/tide_msgs/tide_msgs/msg/detail/debug_armor__functions.h
[2.365s] -- Up-to-date symlink: /home/luis/workshop_ws/install/tide_msgs/include/tide_msgs/tide_msgs/msg/detail/debug_armor__struct.h
[2.365s] -- Up-to-date symlink: /home/luis/workshop_ws/install/tide_msgs/include/tide_msgs/tide_msgs/msg/detail/debug_armor__type_support.h
[2.365s] -- Up-to-date symlink: /home/luis/workshop_ws/install/tide_msgs/include/tide_msgs/tide_msgs/msg/detail/debug_armors__functions.h
[2.365s] -- Up-to-date symlink: /home/luis/workshop_ws/install/tide_msgs/include/tide_msgs/tide_msgs/msg/detail/debug_armors__struct.h
[2.365s] -- Up-to-date symlink: /home/luis/workshop_ws/install/tide_msgs/include/tide_msgs/tide_msgs/msg/detail/debug_armors__type_support.h
[2.365s] -- Up-to-date symlink: /home/luis/workshop_ws/install/tide_msgs/include/tide_msgs/tide_msgs/msg/detail/debug_light__functions.h
[2.365s] -- Up-to-date symlink: /home/luis/workshop_ws/install/tide_msgs/include/tide_msgs/tide_msgs/msg/detail/debug_light__struct.h
[2.366s] -- Up-to-date symlink: /home/luis/workshop_ws/install/tide_msgs/include/tide_msgs/tide_msgs/msg/detail/debug_light__type_support.h
[2.366s] -- Up-to-date symlink: /home/luis/workshop_ws/install/tide_msgs/include/tide_msgs/tide_msgs/msg/detail/debug_lights__functions.h
[2.366s] -- Up-to-date symlink: /home/luis/workshop_ws/install/tide_msgs/include/tide_msgs/tide_msgs/msg/detail/debug_lights__struct.h
[2.366s] -- Up-to-date symlink: /home/luis/workshop_ws/install/tide_msgs/include/tide_msgs/tide_msgs/msg/detail/debug_lights__type_support.h
[2.366s] -- Up-to-date symlink: /home/luis/workshop_ws/install/tide_msgs/include/tide_msgs/tide_msgs/msg/detail/event_data__functions.h
[2.366s] -- Up-to-date symlink: /home/luis/workshop_ws/install/tide_msgs/include/tide_msgs/tide_msgs/msg/detail/event_data__struct.h
[2.367s] -- Up-to-date symlink: /home/luis/workshop_ws/install/tide_msgs/include/tide_msgs/tide_msgs/msg/detail/event_data__type_support.h
[2.367s] -- Up-to-date symlink: /home/luis/workshop_ws/install/tide_msgs/include/tide_msgs/tide_msgs/msg/detail/fd_frame__functions.h
[2.367s] -- Up-to-date symlink: /home/luis/workshop_ws/install/tide_msgs/include/tide_msgs/tide_msgs/msg/detail/fd_frame__struct.h
[2.367s] -- Up-to-date symlink: /home/luis/workshop_ws/install/tide_msgs/include/tide_msgs/tide_msgs/msg/detail/fd_frame__type_support.h
[2.367s] -- Up-to-date symlink: /home/luis/workshop_ws/install/tide_msgs/include/tide_msgs/tide_msgs/msg/detail/game_result__functions.h
[2.368s] -- Up-to-date symlink: /home/luis/workshop_ws/install/tide_msgs/include/tide_msgs/tide_msgs/msg/detail/game_result__struct.h
[2.368s] -- Up-to-date symlink: /home/luis/workshop_ws/install/tide_msgs/include/tide_msgs/tide_msgs/msg/detail/game_result__type_support.h
[2.368s] -- Up-to-date symlink: /home/luis/workshop_ws/install/tide_msgs/include/tide_msgs/tide_msgs/msg/detail/game_robot_hp__functions.h
[2.368s] -- Up-to-date symlink: /home/luis/workshop_ws/install/tide_msgs/include/tide_msgs/tide_msgs/msg/detail/game_robot_hp__struct.h
[2.368s] -- Up-to-date symlink: /home/luis/workshop_ws/install/tide_msgs/include/tide_msgs/tide_msgs/msg/detail/game_robot_hp__type_support.h
[2.368s] -- Up-to-date symlink: /home/luis/workshop_ws/install/tide_msgs/include/tide_msgs/tide_msgs/msg/detail/game_robot_pos__functions.h
[2.369s] -- Up-to-date symlink: /home/luis/workshop_ws/install/tide_msgs/include/tide_msgs/tide_msgs/msg/detail/game_robot_pos__struct.h
[2.369s] -- Up-to-date symlink: /home/luis/workshop_ws/install/tide_msgs/include/tide_msgs/tide_msgs/msg/detail/game_robot_pos__type_support.h
[2.369s] -- Up-to-date symlink: /home/luis/workshop_ws/install/tide_msgs/include/tide_msgs/tide_msgs/msg/detail/game_robot_status__functions.h
[2.369s] -- Up-to-date symlink: /home/luis/workshop_ws/install/tide_msgs/include/tide_msgs/tide_msgs/msg/detail/game_robot_status__struct.h
[2.369s] -- Up-to-date symlink: /home/luis/workshop_ws/install/tide_msgs/include/tide_msgs/tide_msgs/msg/detail/game_robot_status__type_support.h
[2.369s] -- Up-to-date symlink: /home/luis/workshop_ws/install/tide_msgs/include/tide_msgs/tide_msgs/msg/detail/game_status__functions.h
[2.369s] -- Up-to-date symlink: /home/luis/workshop_ws/install/tide_msgs/include/tide_msgs/tide_msgs/msg/detail/game_status__struct.h
[2.370s] -- Up-to-date symlink: /home/luis/workshop_ws/install/tide_msgs/include/tide_msgs/tide_msgs/msg/detail/game_status__type_support.h
[2.370s] -- Up-to-date symlink: /home/luis/workshop_ws/install/tide_msgs/include/tide_msgs/tide_msgs/msg/detail/gimbal_cmd__functions.h
[2.370s] -- Up-to-date symlink: /home/luis/workshop_ws/install/tide_msgs/include/tide_msgs/tide_msgs/msg/detail/gimbal_cmd__struct.h
[2.370s] -- Up-to-date symlink: /home/luis/workshop_ws/install/tide_msgs/include/tide_msgs/tide_msgs/msg/detail/gimbal_cmd__type_support.h
[2.370s] -- Up-to-date symlink: /home/luis/workshop_ws/install/tide_msgs/include/tide_msgs/tide_msgs/msg/detail/gimbal_state__functions.h
[2.371s] -- Up-to-date symlink: /home/luis/workshop_ws/install/tide_msgs/include/tide_msgs/tide_msgs/msg/detail/gimbal_state__struct.h
[2.371s] -- Up-to-date symlink: /home/luis/workshop_ws/install/tide_msgs/include/tide_msgs/tide_msgs/msg/detail/gimbal_state__type_support.h
[2.371s] -- Up-to-date symlink: /home/luis/workshop_ws/install/tide_msgs/include/tide_msgs/tide_msgs/msg/detail/ground_robot__functions.h
[2.371s] -- Up-to-date symlink: /home/luis/workshop_ws/install/tide_msgs/include/tide_msgs/tide_msgs/msg/detail/ground_robot__struct.h
[2.371s] -- Up-to-date symlink: /home/luis/workshop_ws/install/tide_msgs/include/tide_msgs/tide_msgs/msg/detail/ground_robot__type_support.h
[2.371s] -- Up-to-date symlink: /home/luis/workshop_ws/install/tide_msgs/include/tide_msgs/tide_msgs/msg/detail/interact_id__functions.h
[2.372s] -- Up-to-date symlink: /home/luis/workshop_ws/install/tide_msgs/include/tide_msgs/tide_msgs/msg/detail/interact_id__struct.h
[2.372s] -- Up-to-date symlink: /home/luis/workshop_ws/install/tide_msgs/include/tide_msgs/tide_msgs/msg/detail/interact_id__type_support.h
[2.372s] -- Up-to-date symlink: /home/luis/workshop_ws/install/tide_msgs/include/tide_msgs/tide_msgs/msg/detail/power_heat_data__functions.h
[2.372s] -- Up-to-date symlink: /home/luis/workshop_ws/install/tide_msgs/include/tide_msgs/tide_msgs/msg/detail/power_heat_data__struct.h
[2.372s] -- Up-to-date symlink: /home/luis/workshop_ws/install/tide_msgs/include/tide_msgs/tide_msgs/msg/detail/power_heat_data__type_support.h
[2.372s] -- Up-to-date symlink: /home/luis/workshop_ws/install/tide_msgs/include/tide_msgs/tide_msgs/msg/detail/referee_data__functions.h
[2.373s] -- Up-to-date symlink: /home/luis/workshop_ws/install/tide_msgs/include/tide_msgs/tide_msgs/msg/detail/referee_data__struct.h
[2.373s] -- Up-to-date symlink: /home/luis/workshop_ws/install/tide_msgs/include/tide_msgs/tide_msgs/msg/detail/referee_data__type_support.h
[2.373s] -- Up-to-date symlink: /home/luis/workshop_ws/install/tide_msgs/include/tide_msgs/tide_msgs/msg/detail/referee_warning__functions.h
[2.373s] -- Up-to-date symlink: /home/luis/workshop_ws/install/tide_msgs/include/tide_msgs/tide_msgs/msg/detail/referee_warning__struct.h
[2.373s] -- Up-to-date symlink: /home/luis/workshop_ws/install/tide_msgs/include/tide_msgs/tide_msgs/msg/detail/referee_warning__type_support.h
[2.373s] -- Up-to-date symlink: /home/luis/workshop_ws/install/tide_msgs/include/tide_msgs/tide_msgs/msg/detail/rfid_status__functions.h
[2.373s] -- Up-to-date symlink: /home/luis/workshop_ws/install/tide_msgs/include/tide_msgs/tide_msgs/msg/detail/rfid_status__struct.h
[2.374s] -- Up-to-date symlink: /home/luis/workshop_ws/install/tide_msgs/include/tide_msgs/tide_msgs/msg/detail/rfid_status__type_support.h
[2.374s] -- Up-to-date symlink: /home/luis/workshop_ws/install/tide_msgs/include/tide_msgs/tide_msgs/msg/detail/robot_hurt__functions.h
[2.374s] -- Up-to-date symlink: /home/luis/workshop_ws/install/tide_msgs/include/tide_msgs/tide_msgs/msg/detail/robot_hurt__struct.h
[2.374s] -- Up-to-date symlink: /home/luis/workshop_ws/install/tide_msgs/include/tide_msgs/tide_msgs/msg/detail/robot_hurt__type_support.h
[2.374s] -- Up-to-date symlink: /home/luis/workshop_ws/install/tide_msgs/include/tide_msgs/tide_msgs/msg/detail/sentry_info__functions.h
[2.374s] -- Up-to-date symlink: /home/luis/workshop_ws/install/tide_msgs/include/tide_msgs/tide_msgs/msg/detail/sentry_info__struct.h
[2.375s] -- Up-to-date symlink: /home/luis/workshop_ws/install/tide_msgs/include/tide_msgs/tide_msgs/msg/detail/sentry_info__type_support.h
[2.375s] -- Up-to-date symlink: /home/luis/workshop_ws/install/tide_msgs/include/tide_msgs/tide_msgs/msg/detail/shoot_data__functions.h
[2.375s] -- Up-to-date symlink: /home/luis/workshop_ws/install/tide_msgs/include/tide_msgs/tide_msgs/msg/detail/shoot_data__struct.h
[2.375s] -- Up-to-date symlink: /home/luis/workshop_ws/install/tide_msgs/include/tide_msgs/tide_msgs/msg/detail/shoot_data__type_support.h
[2.375s] -- Up-to-date symlink: /home/luis/workshop_ws/install/tide_msgs/include/tide_msgs/tide_msgs/msg/detail/shooter_cmd__functions.h
[2.375s] -- Up-to-date symlink: /home/luis/workshop_ws/install/tide_msgs/include/tide_msgs/tide_msgs/msg/detail/shooter_cmd__struct.h
[2.376s] -- Up-to-date symlink: /home/luis/workshop_ws/install/tide_msgs/include/tide_msgs/tide_msgs/msg/detail/shooter_cmd__type_support.h
[2.376s] -- Up-to-date symlink: /home/luis/workshop_ws/install/tide_msgs/include/tide_msgs/tide_msgs/msg/detail/shooter_state__functions.h
[2.376s] -- Up-to-date symlink: /home/luis/workshop_ws/install/tide_msgs/include/tide_msgs/tide_msgs/msg/detail/shooter_state__struct.h
[2.376s] -- Up-to-date symlink: /home/luis/workshop_ws/install/tide_msgs/include/tide_msgs/tide_msgs/msg/detail/shooter_state__type_support.h
[2.376s] -- Up-to-date symlink: /home/luis/workshop_ws/install/tide_msgs/include/tide_msgs/tide_msgs/msg/detail/target__functions.h
[2.376s] -- Up-to-date symlink: /home/luis/workshop_ws/install/tide_msgs/include/tide_msgs/tide_msgs/msg/detail/target__struct.h
[2.377s] -- Up-to-date symlink: /home/luis/workshop_ws/install/tide_msgs/include/tide_msgs/tide_msgs/msg/detail/target__type_support.h
[2.377s] -- Up-to-date symlink: /home/luis/workshop_ws/install/tide_msgs/include/tide_msgs/tide_msgs/msg/detail/time_info__functions.h
[2.377s] -- Up-to-date symlink: /home/luis/workshop_ws/install/tide_msgs/include/tide_msgs/tide_msgs/msg/detail/time_info__struct.h
[2.377s] -- Up-to-date symlink: /home/luis/workshop_ws/install/tide_msgs/include/tide_msgs/tide_msgs/msg/detail/time_info__type_support.h
[2.377s] -- Up-to-date symlink: /home/luis/workshop_ws/install/tide_msgs/include/tide_msgs/tide_msgs/msg/detail/tracker_info__functions.h
[2.377s] -- Up-to-date symlink: /home/luis/workshop_ws/install/tide_msgs/include/tide_msgs/tide_msgs/msg/detail/tracker_info__struct.h
[2.378s] -- Up-to-date symlink: /home/luis/workshop_ws/install/tide_msgs/include/tide_msgs/tide_msgs/msg/detail/tracker_info__type_support.h
[2.378s] -- Up-to-date symlink: /home/luis/workshop_ws/install/tide_msgs/include/tide_msgs/tide_msgs/msg/event_data.h
[2.378s] -- Up-to-date symlink: /home/luis/workshop_ws/install/tide_msgs/include/tide_msgs/tide_msgs/msg/fd_frame.h
[2.378s] -- Up-to-date symlink: /home/luis/workshop_ws/install/tide_msgs/include/tide_msgs/tide_msgs/msg/game_result.h
[2.378s] -- Up-to-date symlink: /home/luis/workshop_ws/install/tide_msgs/include/tide_msgs/tide_msgs/msg/game_robot_hp.h
[2.378s] -- Up-to-date symlink: /home/luis/workshop_ws/install/tide_msgs/include/tide_msgs/tide_msgs/msg/game_robot_pos.h
[2.379s] -- Up-to-date symlink: /home/luis/workshop_ws/install/tide_msgs/include/tide_msgs/tide_msgs/msg/game_robot_status.h
[2.379s] -- Up-to-date symlink: /home/luis/workshop_ws/install/tide_msgs/include/tide_msgs/tide_msgs/msg/game_status.h
[2.379s] -- Up-to-date symlink: /home/luis/workshop_ws/install/tide_msgs/include/tide_msgs/tide_msgs/msg/gimbal_cmd.h
[2.379s] -- Up-to-date symlink: /home/luis/workshop_ws/install/tide_msgs/include/tide_msgs/tide_msgs/msg/gimbal_state.h
[2.379s] -- Up-to-date symlink: /home/luis/workshop_ws/install/tide_msgs/include/tide_msgs/tide_msgs/msg/ground_robot.h
[2.379s] -- Up-to-date symlink: /home/luis/workshop_ws/install/tide_msgs/include/tide_msgs/tide_msgs/msg/interact_id.h
[2.380s] -- Up-to-date symlink: /home/luis/workshop_ws/install/tide_msgs/include/tide_msgs/tide_msgs/msg/power_heat_data.h
[2.380s] -- Up-to-date symlink: /home/luis/workshop_ws/install/tide_msgs/include/tide_msgs/tide_msgs/msg/referee_data.h
[2.380s] -- Up-to-date symlink: /home/luis/workshop_ws/install/tide_msgs/include/tide_msgs/tide_msgs/msg/referee_warning.h
[2.380s] -- Up-to-date symlink: /home/luis/workshop_ws/install/tide_msgs/include/tide_msgs/tide_msgs/msg/rfid_status.h
[2.380s] -- Up-to-date symlink: /home/luis/workshop_ws/install/tide_msgs/include/tide_msgs/tide_msgs/msg/robot_hurt.h
[2.380s] -- Up-to-date symlink: /home/luis/workshop_ws/install/tide_msgs/include/tide_msgs/tide_msgs/msg/rosidl_generator_c__visibility_control.h
[2.380s] -- Up-to-date symlink: /home/luis/workshop_ws/install/tide_msgs/include/tide_msgs/tide_msgs/msg/sentry_info.h
[2.381s] -- Up-to-date symlink: /home/luis/workshop_ws/install/tide_msgs/include/tide_msgs/tide_msgs/msg/shoot_data.h
[2.381s] -- Up-to-date symlink: /home/luis/workshop_ws/install/tide_msgs/include/tide_msgs/tide_msgs/msg/shooter_cmd.h
[2.381s] -- Up-to-date symlink: /home/luis/workshop_ws/install/tide_msgs/include/tide_msgs/tide_msgs/msg/shooter_state.h
[2.381s] -- Up-to-date symlink: /home/luis/workshop_ws/install/tide_msgs/include/tide_msgs/tide_msgs/msg/target.h
[2.381s] -- Up-to-date symlink: /home/luis/workshop_ws/install/tide_msgs/include/tide_msgs/tide_msgs/msg/time_info.h
[2.381s] -- Up-to-date symlink: /home/luis/workshop_ws/install/tide_msgs/include/tide_msgs/tide_msgs/msg/tracker_info.h
[2.382s] -- Up-to-date symlink: /home/luis/workshop_ws/install/tide_msgs/share/tide_msgs/environment/library_path.sh
[2.382s] -- Up-to-date symlink: /home/luis/workshop_ws/install/tide_msgs/share/tide_msgs/environment/library_path.dsv
[2.382s] -- Up-to-date symlink: /home/luis/workshop_ws/install/tide_msgs/include/tide_msgs/tide_msgs/msg/detail/armor__rosidl_typesupport_fastrtps_c.h
[2.382s] -- Up-to-date symlink: /home/luis/workshop_ws/install/tide_msgs/include/tide_msgs/tide_msgs/msg/detail/armors__rosidl_typesupport_fastrtps_c.h
[2.382s] -- Up-to-date symlink: /home/luis/workshop_ws/install/tide_msgs/include/tide_msgs/tide_msgs/msg/detail/bigyaw_cmd__rosidl_typesupport_fastrtps_c.h
[2.382s] -- Up-to-date symlink: /home/luis/workshop_ws/install/tide_msgs/include/tide_msgs/tide_msgs/msg/detail/bigyaw_state__rosidl_typesupport_fastrtps_c.h
[2.383s] -- Up-to-date symlink: /home/luis/workshop_ws/install/tide_msgs/include/tide_msgs/tide_msgs/msg/detail/buff__rosidl_typesupport_fastrtps_c.h
[2.383s] -- Up-to-date symlink: /home/luis/workshop_ws/install/tide_msgs/include/tide_msgs/tide_msgs/msg/detail/bullet_remaining__rosidl_typesupport_fastrtps_c.h
[2.383s] -- Up-to-date symlink: /home/luis/workshop_ws/install/tide_msgs/include/tide_msgs/tide_msgs/msg/detail/debug_armor__rosidl_typesupport_fastrtps_c.h
[2.383s] -- Up-to-date symlink: /home/luis/workshop_ws/install/tide_msgs/include/tide_msgs/tide_msgs/msg/detail/debug_armors__rosidl_typesupport_fastrtps_c.h
[2.383s] -- Up-to-date symlink: /home/luis/workshop_ws/install/tide_msgs/include/tide_msgs/tide_msgs/msg/detail/debug_light__rosidl_typesupport_fastrtps_c.h
[2.383s] -- Up-to-date symlink: /home/luis/workshop_ws/install/tide_msgs/include/tide_msgs/tide_msgs/msg/detail/debug_lights__rosidl_typesupport_fastrtps_c.h
[2.383s] -- Up-to-date symlink: /home/luis/workshop_ws/install/tide_msgs/include/tide_msgs/tide_msgs/msg/detail/event_data__rosidl_typesupport_fastrtps_c.h
[2.384s] -- Up-to-date symlink: /home/luis/workshop_ws/install/tide_msgs/include/tide_msgs/tide_msgs/msg/detail/fd_frame__rosidl_typesupport_fastrtps_c.h
[2.384s] -- Up-to-date symlink: /home/luis/workshop_ws/install/tide_msgs/include/tide_msgs/tide_msgs/msg/detail/game_result__rosidl_typesupport_fastrtps_c.h
[2.384s] -- Up-to-date symlink: /home/luis/workshop_ws/install/tide_msgs/include/tide_msgs/tide_msgs/msg/detail/game_robot_hp__rosidl_typesupport_fastrtps_c.h
[2.384s] -- Up-to-date symlink: /home/luis/workshop_ws/install/tide_msgs/include/tide_msgs/tide_msgs/msg/detail/game_robot_pos__rosidl_typesupport_fastrtps_c.h
[2.384s] -- Up-to-date symlink: /home/luis/workshop_ws/install/tide_msgs/include/tide_msgs/tide_msgs/msg/detail/game_robot_status__rosidl_typesupport_fastrtps_c.h
[2.384s] -- Up-to-date symlink: /home/luis/workshop_ws/install/tide_msgs/include/tide_msgs/tide_msgs/msg/detail/game_status__rosidl_typesupport_fastrtps_c.h
[2.384s] -- Up-to-date symlink: /home/luis/workshop_ws/install/tide_msgs/include/tide_msgs/tide_msgs/msg/detail/gimbal_cmd__rosidl_typesupport_fastrtps_c.h
[2.385s] -- Up-to-date symlink: /home/luis/workshop_ws/install/tide_msgs/include/tide_msgs/tide_msgs/msg/detail/gimbal_state__rosidl_typesupport_fastrtps_c.h
[2.385s] -- Up-to-date symlink: /home/luis/workshop_ws/install/tide_msgs/include/tide_msgs/tide_msgs/msg/detail/ground_robot__rosidl_typesupport_fastrtps_c.h
[2.385s] -- Up-to-date symlink: /home/luis/workshop_ws/install/tide_msgs/include/tide_msgs/tide_msgs/msg/detail/interact_id__rosidl_typesupport_fastrtps_c.h
[2.385s] -- Up-to-date symlink: /home/luis/workshop_ws/install/tide_msgs/include/tide_msgs/tide_msgs/msg/detail/power_heat_data__rosidl_typesupport_fastrtps_c.h
[2.385s] -- Up-to-date symlink: /home/luis/workshop_ws/install/tide_msgs/include/tide_msgs/tide_msgs/msg/detail/referee_data__rosidl_typesupport_fastrtps_c.h
[2.386s] -- Up-to-date symlink: /home/luis/workshop_ws/install/tide_msgs/include/tide_msgs/tide_msgs/msg/detail/referee_warning__rosidl_typesupport_fastrtps_c.h
[2.386s] -- Up-to-date symlink: /home/luis/workshop_ws/install/tide_msgs/include/tide_msgs/tide_msgs/msg/detail/rfid_status__rosidl_typesupport_fastrtps_c.h
[2.386s] -- Up-to-date symlink: /home/luis/workshop_ws/install/tide_msgs/include/tide_msgs/tide_msgs/msg/detail/robot_hurt__rosidl_typesupport_fastrtps_c.h
[2.386s] -- Up-to-date symlink: /home/luis/workshop_ws/install/tide_msgs/include/tide_msgs/tide_msgs/msg/detail/sentry_info__rosidl_typesupport_fastrtps_c.h
[2.386s] -- Up-to-date symlink: /home/luis/workshop_ws/install/tide_msgs/include/tide_msgs/tide_msgs/msg/detail/shoot_data__rosidl_typesupport_fastrtps_c.h
[2.386s] -- Up-to-date symlink: /home/luis/workshop_ws/install/tide_msgs/include/tide_msgs/tide_msgs/msg/detail/shooter_cmd__rosidl_typesupport_fastrtps_c.h
[2.387s] -- Up-to-date symlink: /home/luis/workshop_ws/install/tide_msgs/include/tide_msgs/tide_msgs/msg/detail/shooter_state__rosidl_typesupport_fastrtps_c.h
[2.387s] -- Up-to-date symlink: /home/luis/workshop_ws/install/tide_msgs/include/tide_msgs/tide_msgs/msg/detail/target__rosidl_typesupport_fastrtps_c.h
[2.387s] -- Up-to-date symlink: /home/luis/workshop_ws/install/tide_msgs/include/tide_msgs/tide_msgs/msg/detail/time_info__rosidl_typesupport_fastrtps_c.h
[2.387s] -- Up-to-date symlink: /home/luis/workshop_ws/install/tide_msgs/include/tide_msgs/tide_msgs/msg/detail/tracker_info__rosidl_typesupport_fastrtps_c.h
[2.387s] -- Up-to-date symlink: /home/luis/workshop_ws/install/tide_msgs/include/tide_msgs/tide_msgs/msg/rosidl_typesupport_fastrtps_c__visibility_control.h
[2.388s] -- Up-to-date symlink: /home/luis/workshop_ws/install/tide_msgs/include/tide_msgs/tide_msgs/msg/armor.hpp
[2.388s] -- Up-to-date symlink: /home/luis/workshop_ws/install/tide_msgs/include/tide_msgs/tide_msgs/msg/armors.hpp
[2.388s] -- Up-to-date symlink: /home/luis/workshop_ws/install/tide_msgs/include/tide_msgs/tide_msgs/msg/bigyaw_cmd.hpp
[2.388s] -- Up-to-date symlink: /home/luis/workshop_ws/install/tide_msgs/include/tide_msgs/tide_msgs/msg/bigyaw_state.hpp
[2.388s] -- Up-to-date symlink: /home/luis/workshop_ws/install/tide_msgs/include/tide_msgs/tide_msgs/msg/buff.hpp
[2.388s] -- Up-to-date symlink: /home/luis/workshop_ws/install/tide_msgs/include/tide_msgs/tide_msgs/msg/bullet_remaining.hpp
[2.389s] -- Up-to-date symlink: /home/luis/workshop_ws/install/tide_msgs/include/tide_msgs/tide_msgs/msg/debug_armor.hpp
[2.389s] -- Up-to-date symlink: /home/luis/workshop_ws/install/tide_msgs/include/tide_msgs/tide_msgs/msg/debug_armors.hpp
[2.389s] -- Up-to-date symlink: /home/luis/workshop_ws/install/tide_msgs/include/tide_msgs/tide_msgs/msg/debug_light.hpp
[2.389s] -- Up-to-date symlink: /home/luis/workshop_ws/install/tide_msgs/include/tide_msgs/tide_msgs/msg/debug_lights.hpp
[2.389s] -- Up-to-date symlink: /home/luis/workshop_ws/install/tide_msgs/include/tide_msgs/tide_msgs/msg/detail/armor__builder.hpp
[2.389s] -- Up-to-date symlink: /home/luis/workshop_ws/install/tide_msgs/include/tide_msgs/tide_msgs/msg/detail/armor__struct.hpp
[2.389s] -- Up-to-date symlink: /home/luis/workshop_ws/install/tide_msgs/include/tide_msgs/tide_msgs/msg/detail/armor__traits.hpp
[2.390s] -- Up-to-date symlink: /home/luis/workshop_ws/install/tide_msgs/include/tide_msgs/tide_msgs/msg/detail/armor__type_support.hpp
[2.390s] -- Up-to-date symlink: /home/luis/workshop_ws/install/tide_msgs/include/tide_msgs/tide_msgs/msg/detail/armors__builder.hpp
[2.390s] -- Up-to-date symlink: /home/luis/workshop_ws/install/tide_msgs/include/tide_msgs/tide_msgs/msg/detail/armors__struct.hpp
[2.390s] -- Up-to-date symlink: /home/luis/workshop_ws/install/tide_msgs/include/tide_msgs/tide_msgs/msg/detail/armors__traits.hpp
[2.390s] -- Up-to-date symlink: /home/luis/workshop_ws/install/tide_msgs/include/tide_msgs/tide_msgs/msg/detail/armors__type_support.hpp
[2.390s] -- Up-to-date symlink: /home/luis/workshop_ws/install/tide_msgs/include/tide_msgs/tide_msgs/msg/detail/bigyaw_cmd__builder.hpp
[2.391s] -- Up-to-date symlink: /home/luis/workshop_ws/install/tide_msgs/include/tide_msgs/tide_msgs/msg/detail/bigyaw_cmd__struct.hpp
[2.391s] -- Up-to-date symlink: /home/luis/workshop_ws/install/tide_msgs/include/tide_msgs/tide_msgs/msg/detail/bigyaw_cmd__traits.hpp
[2.391s] -- Up-to-date symlink: /home/luis/workshop_ws/install/tide_msgs/include/tide_msgs/tide_msgs/msg/detail/bigyaw_cmd__type_support.hpp
[2.391s] -- Up-to-date symlink: /home/luis/workshop_ws/install/tide_msgs/include/tide_msgs/tide_msgs/msg/detail/bigyaw_state__builder.hpp
[2.391s] -- Up-to-date symlink: /home/luis/workshop_ws/install/tide_msgs/include/tide_msgs/tide_msgs/msg/detail/bigyaw_state__struct.hpp
[2.391s] -- Up-to-date symlink: /home/luis/workshop_ws/install/tide_msgs/include/tide_msgs/tide_msgs/msg/detail/bigyaw_state__traits.hpp
[2.392s] -- Up-to-date symlink: /home/luis/workshop_ws/install/tide_msgs/include/tide_msgs/tide_msgs/msg/detail/bigyaw_state__type_support.hpp
[2.392s] -- Up-to-date symlink: /home/luis/workshop_ws/install/tide_msgs/include/tide_msgs/tide_msgs/msg/detail/buff__builder.hpp
[2.392s] -- Up-to-date symlink: /home/luis/workshop_ws/install/tide_msgs/include/tide_msgs/tide_msgs/msg/detail/buff__struct.hpp
[2.392s] -- Up-to-date symlink: /home/luis/workshop_ws/install/tide_msgs/include/tide_msgs/tide_msgs/msg/detail/buff__traits.hpp
[2.392s] -- Up-to-date symlink: /home/luis/workshop_ws/install/tide_msgs/include/tide_msgs/tide_msgs/msg/detail/buff__type_support.hpp
[2.393s] -- Up-to-date symlink: /home/luis/workshop_ws/install/tide_msgs/include/tide_msgs/tide_msgs/msg/detail/bullet_remaining__builder.hpp
[2.393s] -- Up-to-date symlink: /home/luis/workshop_ws/install/tide_msgs/include/tide_msgs/tide_msgs/msg/detail/bullet_remaining__struct.hpp
[2.393s] -- Up-to-date symlink: /home/luis/workshop_ws/install/tide_msgs/include/tide_msgs/tide_msgs/msg/detail/bullet_remaining__traits.hpp
[2.393s] -- Up-to-date symlink: /home/luis/workshop_ws/install/tide_msgs/include/tide_msgs/tide_msgs/msg/detail/bullet_remaining__type_support.hpp
[2.393s] -- Up-to-date symlink: /home/luis/workshop_ws/install/tide_msgs/include/tide_msgs/tide_msgs/msg/detail/debug_armor__builder.hpp
[2.393s] -- Up-to-date symlink: /home/luis/workshop_ws/install/tide_msgs/include/tide_msgs/tide_msgs/msg/detail/debug_armor__struct.hpp
[2.393s] -- Up-to-date symlink: /home/luis/workshop_ws/install/tide_msgs/include/tide_msgs/tide_msgs/msg/detail/debug_armor__traits.hpp
[2.394s] -- Up-to-date symlink: /home/luis/workshop_ws/install/tide_msgs/include/tide_msgs/tide_msgs/msg/detail/debug_armor__type_support.hpp
[2.394s] -- Up-to-date symlink: /home/luis/workshop_ws/install/tide_msgs/include/tide_msgs/tide_msgs/msg/detail/debug_armors__builder.hpp
[2.394s] -- Up-to-date symlink: /home/luis/workshop_ws/install/tide_msgs/include/tide_msgs/tide_msgs/msg/detail/debug_armors__struct.hpp
[2.394s] -- Up-to-date symlink: /home/luis/workshop_ws/install/tide_msgs/include/tide_msgs/tide_msgs/msg/detail/debug_armors__traits.hpp
[2.394s] -- Up-to-date symlink: /home/luis/workshop_ws/install/tide_msgs/include/tide_msgs/tide_msgs/msg/detail/debug_armors__type_support.hpp
[2.394s] -- Up-to-date symlink: /home/luis/workshop_ws/install/tide_msgs/include/tide_msgs/tide_msgs/msg/detail/debug_light__builder.hpp
[2.394s] -- Up-to-date symlink: /home/luis/workshop_ws/install/tide_msgs/include/tide_msgs/tide_msgs/msg/detail/debug_light__struct.hpp
[2.395s] -- Up-to-date symlink: /home/luis/workshop_ws/install/tide_msgs/include/tide_msgs/tide_msgs/msg/detail/debug_light__traits.hpp
[2.395s] -- Up-to-date symlink: /home/luis/workshop_ws/install/tide_msgs/include/tide_msgs/tide_msgs/msg/detail/debug_light__type_support.hpp
[2.395s] -- Up-to-date symlink: /home/luis/workshop_ws/install/tide_msgs/include/tide_msgs/tide_msgs/msg/detail/debug_lights__builder.hpp
[2.395s] -- Up-to-date symlink: /home/luis/workshop_ws/install/tide_msgs/include/tide_msgs/tide_msgs/msg/detail/debug_lights__struct.hpp
[2.395s] -- Up-to-date symlink: /home/luis/workshop_ws/install/tide_msgs/include/tide_msgs/tide_msgs/msg/detail/debug_lights__traits.hpp
[2.395s] -- Up-to-date symlink: /home/luis/workshop_ws/install/tide_msgs/include/tide_msgs/tide_msgs/msg/detail/debug_lights__type_support.hpp
[2.395s] -- Up-to-date symlink: /home/luis/workshop_ws/install/tide_msgs/include/tide_msgs/tide_msgs/msg/detail/event_data__builder.hpp
[2.396s] -- Up-to-date symlink: /home/luis/workshop_ws/install/tide_msgs/include/tide_msgs/tide_msgs/msg/detail/event_data__struct.hpp
[2.396s] -- Up-to-date symlink: /home/luis/workshop_ws/install/tide_msgs/include/tide_msgs/tide_msgs/msg/detail/event_data__traits.hpp
[2.396s] -- Up-to-date symlink: /home/luis/workshop_ws/install/tide_msgs/include/tide_msgs/tide_msgs/msg/detail/event_data__type_support.hpp
[2.396s] -- Up-to-date symlink: /home/luis/workshop_ws/install/tide_msgs/include/tide_msgs/tide_msgs/msg/detail/fd_frame__builder.hpp
[2.397s] -- Up-to-date symlink: /home/luis/workshop_ws/install/tide_msgs/include/tide_msgs/tide_msgs/msg/detail/fd_frame__struct.hpp
[2.397s] -- Up-to-date symlink: /home/luis/workshop_ws/install/tide_msgs/include/tide_msgs/tide_msgs/msg/detail/fd_frame__traits.hpp
[2.397s] -- Up-to-date symlink: /home/luis/workshop_ws/install/tide_msgs/include/tide_msgs/tide_msgs/msg/detail/fd_frame__type_support.hpp
[2.397s] -- Up-to-date symlink: /home/luis/workshop_ws/install/tide_msgs/include/tide_msgs/tide_msgs/msg/detail/game_result__builder.hpp
[2.397s] -- Up-to-date symlink: /home/luis/workshop_ws/install/tide_msgs/include/tide_msgs/tide_msgs/msg/detail/game_result__struct.hpp
[2.397s] -- Up-to-date symlink: /home/luis/workshop_ws/install/tide_msgs/include/tide_msgs/tide_msgs/msg/detail/game_result__traits.hpp
[2.398s] -- Up-to-date symlink: /home/luis/workshop_ws/install/tide_msgs/include/tide_msgs/tide_msgs/msg/detail/game_result__type_support.hpp
[2.398s] -- Up-to-date symlink: /home/luis/workshop_ws/install/tide_msgs/include/tide_msgs/tide_msgs/msg/detail/game_robot_hp__builder.hpp
[2.398s] -- Up-to-date symlink: /home/luis/workshop_ws/install/tide_msgs/include/tide_msgs/tide_msgs/msg/detail/game_robot_hp__struct.hpp
[2.398s] -- Up-to-date symlink: /home/luis/workshop_ws/install/tide_msgs/include/tide_msgs/tide_msgs/msg/detail/game_robot_hp__traits.hpp
[2.398s] -- Up-to-date symlink: /home/luis/workshop_ws/install/tide_msgs/include/tide_msgs/tide_msgs/msg/detail/game_robot_hp__type_support.hpp
[2.398s] -- Up-to-date symlink: /home/luis/workshop_ws/install/tide_msgs/include/tide_msgs/tide_msgs/msg/detail/game_robot_pos__builder.hpp
[2.398s] -- Up-to-date symlink: /home/luis/workshop_ws/install/tide_msgs/include/tide_msgs/tide_msgs/msg/detail/game_robot_pos__struct.hpp
[2.399s] -- Up-to-date symlink: /home/luis/workshop_ws/install/tide_msgs/include/tide_msgs/tide_msgs/msg/detail/game_robot_pos__traits.hpp
[2.399s] -- Up-to-date symlink: /home/luis/workshop_ws/install/tide_msgs/include/tide_msgs/tide_msgs/msg/detail/game_robot_pos__type_support.hpp
[2.399s] -- Up-to-date symlink: /home/luis/workshop_ws/install/tide_msgs/include/tide_msgs/tide_msgs/msg/detail/game_robot_status__builder.hpp
[2.399s] -- Up-to-date symlink: /home/luis/workshop_ws/install/tide_msgs/include/tide_msgs/tide_msgs/msg/detail/game_robot_status__struct.hpp
[2.399s] -- Up-to-date symlink: /home/luis/workshop_ws/install/tide_msgs/include/tide_msgs/tide_msgs/msg/detail/game_robot_status__traits.hpp
[2.399s] -- Up-to-date symlink: /home/luis/workshop_ws/install/tide_msgs/include/tide_msgs/tide_msgs/msg/detail/game_robot_status__type_support.hpp
[2.400s] -- Up-to-date symlink: /home/luis/workshop_ws/install/tide_msgs/include/tide_msgs/tide_msgs/msg/detail/game_status__builder.hpp
[2.400s] -- Up-to-date symlink: /home/luis/workshop_ws/install/tide_msgs/include/tide_msgs/tide_msgs/msg/detail/game_status__struct.hpp
[2.400s] -- Up-to-date symlink: /home/luis/workshop_ws/install/tide_msgs/include/tide_msgs/tide_msgs/msg/detail/game_status__traits.hpp
[2.400s] -- Up-to-date symlink: /home/luis/workshop_ws/install/tide_msgs/include/tide_msgs/tide_msgs/msg/detail/game_status__type_support.hpp
[2.400s] -- Up-to-date symlink: /home/luis/workshop_ws/install/tide_msgs/include/tide_msgs/tide_msgs/msg/detail/gimbal_cmd__builder.hpp
[2.400s] -- Up-to-date symlink: /home/luis/workshop_ws/install/tide_msgs/include/tide_msgs/tide_msgs/msg/detail/gimbal_cmd__struct.hpp
[2.400s] -- Up-to-date symlink: /home/luis/workshop_ws/install/tide_msgs/include/tide_msgs/tide_msgs/msg/detail/gimbal_cmd__traits.hpp
[2.401s] -- Up-to-date symlink: /home/luis/workshop_ws/install/tide_msgs/include/tide_msgs/tide_msgs/msg/detail/gimbal_cmd__type_support.hpp
[2.401s] -- Up-to-date symlink: /home/luis/workshop_ws/install/tide_msgs/include/tide_msgs/tide_msgs/msg/detail/gimbal_state__builder.hpp
[2.401s] -- Up-to-date symlink: /home/luis/workshop_ws/install/tide_msgs/include/tide_msgs/tide_msgs/msg/detail/gimbal_state__struct.hpp
[2.401s] -- Up-to-date symlink: /home/luis/workshop_ws/install/tide_msgs/include/tide_msgs/tide_msgs/msg/detail/gimbal_state__traits.hpp
[2.401s] -- Up-to-date symlink: /home/luis/workshop_ws/install/tide_msgs/include/tide_msgs/tide_msgs/msg/detail/gimbal_state__type_support.hpp
[2.401s] -- Up-to-date symlink: /home/luis/workshop_ws/install/tide_msgs/include/tide_msgs/tide_msgs/msg/detail/ground_robot__builder.hpp
[2.402s] -- Up-to-date symlink: /home/luis/workshop_ws/install/tide_msgs/include/tide_msgs/tide_msgs/msg/detail/ground_robot__struct.hpp
[2.402s] -- Up-to-date symlink: /home/luis/workshop_ws/install/tide_msgs/include/tide_msgs/tide_msgs/msg/detail/ground_robot__traits.hpp
[2.402s] -- Up-to-date symlink: /home/luis/workshop_ws/install/tide_msgs/include/tide_msgs/tide_msgs/msg/detail/ground_robot__type_support.hpp
[2.402s] -- Up-to-date symlink: /home/luis/workshop_ws/install/tide_msgs/include/tide_msgs/tide_msgs/msg/detail/interact_id__builder.hpp
[2.402s] -- Up-to-date symlink: /home/luis/workshop_ws/install/tide_msgs/include/tide_msgs/tide_msgs/msg/detail/interact_id__struct.hpp
[2.402s] -- Up-to-date symlink: /home/luis/workshop_ws/install/tide_msgs/include/tide_msgs/tide_msgs/msg/detail/interact_id__traits.hpp
[2.403s] -- Up-to-date symlink: /home/luis/workshop_ws/install/tide_msgs/include/tide_msgs/tide_msgs/msg/detail/interact_id__type_support.hpp
[2.403s] -- Up-to-date symlink: /home/luis/workshop_ws/install/tide_msgs/include/tide_msgs/tide_msgs/msg/detail/power_heat_data__builder.hpp
[2.403s] -- Up-to-date symlink: /home/luis/workshop_ws/install/tide_msgs/include/tide_msgs/tide_msgs/msg/detail/power_heat_data__struct.hpp
[2.403s] -- Up-to-date symlink: /home/luis/workshop_ws/install/tide_msgs/include/tide_msgs/tide_msgs/msg/detail/power_heat_data__traits.hpp
[2.403s] -- Up-to-date symlink: /home/luis/workshop_ws/install/tide_msgs/include/tide_msgs/tide_msgs/msg/detail/power_heat_data__type_support.hpp
[2.403s] -- Up-to-date symlink: /home/luis/workshop_ws/install/tide_msgs/include/tide_msgs/tide_msgs/msg/detail/referee_data__builder.hpp
[2.403s] -- Up-to-date symlink: /home/luis/workshop_ws/install/tide_msgs/include/tide_msgs/tide_msgs/msg/detail/referee_data__struct.hpp
[2.404s] -- Up-to-date symlink: /home/luis/workshop_ws/install/tide_msgs/include/tide_msgs/tide_msgs/msg/detail/referee_data__traits.hpp
[2.404s] -- Up-to-date symlink: /home/luis/workshop_ws/install/tide_msgs/include/tide_msgs/tide_msgs/msg/detail/referee_data__type_support.hpp
[2.404s] -- Up-to-date symlink: /home/luis/workshop_ws/install/tide_msgs/include/tide_msgs/tide_msgs/msg/detail/referee_warning__builder.hpp
[2.404s] -- Up-to-date symlink: /home/luis/workshop_ws/install/tide_msgs/include/tide_msgs/tide_msgs/msg/detail/referee_warning__struct.hpp
[2.405s] -- Up-to-date symlink: /home/luis/workshop_ws/install/tide_msgs/include/tide_msgs/tide_msgs/msg/detail/referee_warning__traits.hpp
[2.405s] -- Up-to-date symlink: /home/luis/workshop_ws/install/tide_msgs/include/tide_msgs/tide_msgs/msg/detail/referee_warning__type_support.hpp
[2.405s] -- Up-to-date symlink: /home/luis/workshop_ws/install/tide_msgs/include/tide_msgs/tide_msgs/msg/detail/rfid_status__builder.hpp
[2.405s] -- Up-to-date symlink: /home/luis/workshop_ws/install/tide_msgs/include/tide_msgs/tide_msgs/msg/detail/rfid_status__struct.hpp
[2.405s] -- Up-to-date symlink: /home/luis/workshop_ws/install/tide_msgs/include/tide_msgs/tide_msgs/msg/detail/rfid_status__traits.hpp
[2.406s] -- Up-to-date symlink: /home/luis/workshop_ws/install/tide_msgs/include/tide_msgs/tide_msgs/msg/detail/rfid_status__type_support.hpp
[2.406s] -- Up-to-date symlink: /home/luis/workshop_ws/install/tide_msgs/include/tide_msgs/tide_msgs/msg/detail/robot_hurt__builder.hpp
[2.406s] -- Up-to-date symlink: /home/luis/workshop_ws/install/tide_msgs/include/tide_msgs/tide_msgs/msg/detail/robot_hurt__struct.hpp
[2.406s] -- Up-to-date symlink: /home/luis/workshop_ws/install/tide_msgs/include/tide_msgs/tide_msgs/msg/detail/robot_hurt__traits.hpp
[2.406s] -- Up-to-date symlink: /home/luis/workshop_ws/install/tide_msgs/include/tide_msgs/tide_msgs/msg/detail/robot_hurt__type_support.hpp
[2.407s] -- Up-to-date symlink: /home/luis/workshop_ws/install/tide_msgs/include/tide_msgs/tide_msgs/msg/detail/sentry_info__builder.hpp
[2.407s] -- Up-to-date symlink: /home/luis/workshop_ws/install/tide_msgs/include/tide_msgs/tide_msgs/msg/detail/sentry_info__struct.hpp
[2.407s] -- Up-to-date symlink: /home/luis/workshop_ws/install/tide_msgs/include/tide_msgs/tide_msgs/msg/detail/sentry_info__traits.hpp
[2.407s] -- Up-to-date symlink: /home/luis/workshop_ws/install/tide_msgs/include/tide_msgs/tide_msgs/msg/detail/sentry_info__type_support.hpp
[2.407s] -- Up-to-date symlink: /home/luis/workshop_ws/install/tide_msgs/include/tide_msgs/tide_msgs/msg/detail/shoot_data__builder.hpp
[2.407s] -- Up-to-date symlink: /home/luis/workshop_ws/install/tide_msgs/include/tide_msgs/tide_msgs/msg/detail/shoot_data__struct.hpp
[2.408s] -- Up-to-date symlink: /home/luis/workshop_ws/install/tide_msgs/include/tide_msgs/tide_msgs/msg/detail/shoot_data__traits.hpp
[2.408s] -- Up-to-date symlink: /home/luis/workshop_ws/install/tide_msgs/include/tide_msgs/tide_msgs/msg/detail/shoot_data__type_support.hpp
[2.408s] -- Up-to-date symlink: /home/luis/workshop_ws/install/tide_msgs/include/tide_msgs/tide_msgs/msg/detail/shooter_cmd__builder.hpp
[2.408s] -- Up-to-date symlink: /home/luis/workshop_ws/install/tide_msgs/include/tide_msgs/tide_msgs/msg/detail/shooter_cmd__struct.hpp
[2.408s] -- Up-to-date symlink: /home/luis/workshop_ws/install/tide_msgs/include/tide_msgs/tide_msgs/msg/detail/shooter_cmd__traits.hpp
[2.408s] -- Up-to-date symlink: /home/luis/workshop_ws/install/tide_msgs/include/tide_msgs/tide_msgs/msg/detail/shooter_cmd__type_support.hpp
[2.409s] -- Up-to-date symlink: /home/luis/workshop_ws/install/tide_msgs/include/tide_msgs/tide_msgs/msg/detail/shooter_state__builder.hpp
[2.409s] -- Up-to-date symlink: /home/luis/workshop_ws/install/tide_msgs/include/tide_msgs/tide_msgs/msg/detail/shooter_state__struct.hpp
[2.409s] -- Up-to-date symlink: /home/luis/workshop_ws/install/tide_msgs/include/tide_msgs/tide_msgs/msg/detail/shooter_state__traits.hpp
[2.409s] -- Up-to-date symlink: /home/luis/workshop_ws/install/tide_msgs/include/tide_msgs/tide_msgs/msg/detail/shooter_state__type_support.hpp
[2.409s] -- Up-to-date symlink: /home/luis/workshop_ws/install/tide_msgs/include/tide_msgs/tide_msgs/msg/detail/target__builder.hpp
[2.409s] -- Up-to-date symlink: /home/luis/workshop_ws/install/tide_msgs/include/tide_msgs/tide_msgs/msg/detail/target__struct.hpp
[2.410s] -- Up-to-date symlink: /home/luis/workshop_ws/install/tide_msgs/include/tide_msgs/tide_msgs/msg/detail/target__traits.hpp
[2.410s] -- Up-to-date symlink: /home/luis/workshop_ws/install/tide_msgs/include/tide_msgs/tide_msgs/msg/detail/target__type_support.hpp
[2.410s] -- Up-to-date symlink: /home/luis/workshop_ws/install/tide_msgs/include/tide_msgs/tide_msgs/msg/detail/time_info__builder.hpp
[2.410s] -- Up-to-date symlink: /home/luis/workshop_ws/install/tide_msgs/include/tide_msgs/tide_msgs/msg/detail/time_info__struct.hpp
[2.410s] -- Up-to-date symlink: /home/luis/workshop_ws/install/tide_msgs/include/tide_msgs/tide_msgs/msg/detail/time_info__traits.hpp
[2.410s] -- Up-to-date symlink: /home/luis/workshop_ws/install/tide_msgs/include/tide_msgs/tide_msgs/msg/detail/time_info__type_support.hpp
[2.410s] -- Up-to-date symlink: /home/luis/workshop_ws/install/tide_msgs/include/tide_msgs/tide_msgs/msg/detail/tracker_info__builder.hpp
[2.411s] -- Up-to-date symlink: /home/luis/workshop_ws/install/tide_msgs/include/tide_msgs/tide_msgs/msg/detail/tracker_info__struct.hpp
[2.411s] -- Up-to-date symlink: /home/luis/workshop_ws/install/tide_msgs/include/tide_msgs/tide_msgs/msg/detail/tracker_info__traits.hpp
[2.411s] -- Up-to-date symlink: /home/luis/workshop_ws/install/tide_msgs/include/tide_msgs/tide_msgs/msg/detail/tracker_info__type_support.hpp
[2.411s] -- Up-to-date symlink: /home/luis/workshop_ws/install/tide_msgs/include/tide_msgs/tide_msgs/msg/event_data.hpp
[2.411s] -- Up-to-date symlink: /home/luis/workshop_ws/install/tide_msgs/include/tide_msgs/tide_msgs/msg/fd_frame.hpp
[2.411s] -- Up-to-date symlink: /home/luis/workshop_ws/install/tide_msgs/include/tide_msgs/tide_msgs/msg/game_result.hpp
[2.412s] -- Up-to-date symlink: /home/luis/workshop_ws/install/tide_msgs/include/tide_msgs/tide_msgs/msg/game_robot_hp.hpp
[2.412s] -- Up-to-date symlink: /home/luis/workshop_ws/install/tide_msgs/include/tide_msgs/tide_msgs/msg/game_robot_pos.hpp
[2.412s] -- Up-to-date symlink: /home/luis/workshop_ws/install/tide_msgs/include/tide_msgs/tide_msgs/msg/game_robot_status.hpp
[2.412s] -- Up-to-date symlink: /home/luis/workshop_ws/install/tide_msgs/include/tide_msgs/tide_msgs/msg/game_status.hpp
[2.412s] -- Up-to-date symlink: /home/luis/workshop_ws/install/tide_msgs/include/tide_msgs/tide_msgs/msg/gimbal_cmd.hpp
[2.413s] -- Up-to-date symlink: /home/luis/workshop_ws/install/tide_msgs/include/tide_msgs/tide_msgs/msg/gimbal_state.hpp
[2.413s] -- Up-to-date symlink: /home/luis/workshop_ws/install/tide_msgs/include/tide_msgs/tide_msgs/msg/ground_robot.hpp
[2.413s] -- Up-to-date symlink: /home/luis/workshop_ws/install/tide_msgs/include/tide_msgs/tide_msgs/msg/interact_id.hpp
[2.413s] -- Up-to-date symlink: /home/luis/workshop_ws/install/tide_msgs/include/tide_msgs/tide_msgs/msg/power_heat_data.hpp
[2.413s] -- Up-to-date symlink: /home/luis/workshop_ws/install/tide_msgs/include/tide_msgs/tide_msgs/msg/referee_data.hpp
[2.413s] -- Up-to-date symlink: /home/luis/workshop_ws/install/tide_msgs/include/tide_msgs/tide_msgs/msg/referee_warning.hpp
[2.414s] -- Up-to-date symlink: /home/luis/workshop_ws/install/tide_msgs/include/tide_msgs/tide_msgs/msg/rfid_status.hpp
[2.414s] -- Up-to-date symlink: /home/luis/workshop_ws/install/tide_msgs/include/tide_msgs/tide_msgs/msg/robot_hurt.hpp
[2.414s] -- Up-to-date symlink: /home/luis/workshop_ws/install/tide_msgs/include/tide_msgs/tide_msgs/msg/rosidl_generator_cpp__visibility_control.hpp
[2.414s] -- Up-to-date symlink: /home/luis/workshop_ws/install/tide_msgs/include/tide_msgs/tide_msgs/msg/sentry_info.hpp
[2.414s] -- Up-to-date symlink: /home/luis/workshop_ws/install/tide_msgs/include/tide_msgs/tide_msgs/msg/shoot_data.hpp
[2.414s] -- Up-to-date symlink: /home/luis/workshop_ws/install/tide_msgs/include/tide_msgs/tide_msgs/msg/shooter_cmd.hpp
[2.414s] -- Up-to-date symlink: /home/luis/workshop_ws/install/tide_msgs/include/tide_msgs/tide_msgs/msg/shooter_state.hpp
[2.414s] -- Up-to-date symlink: /home/luis/workshop_ws/install/tide_msgs/include/tide_msgs/tide_msgs/msg/target.hpp
[2.415s] -- Up-to-date symlink: /home/luis/workshop_ws/install/tide_msgs/include/tide_msgs/tide_msgs/msg/time_info.hpp
[2.415s] -- Up-to-date symlink: /home/luis/workshop_ws/install/tide_msgs/include/tide_msgs/tide_msgs/msg/tracker_info.hpp
[2.415s] -- Up-to-date symlink: /home/luis/workshop_ws/install/tide_msgs/include/tide_msgs/tide_msgs/msg/detail/armor__rosidl_typesupport_fastrtps_cpp.hpp
[2.415s] -- Up-to-date symlink: /home/luis/workshop_ws/install/tide_msgs/include/tide_msgs/tide_msgs/msg/detail/armors__rosidl_typesupport_fastrtps_cpp.hpp
[2.415s] -- Up-to-date symlink: /home/luis/workshop_ws/install/tide_msgs/include/tide_msgs/tide_msgs/msg/detail/bigyaw_cmd__rosidl_typesupport_fastrtps_cpp.hpp
[2.415s] -- Up-to-date symlink: /home/luis/workshop_ws/install/tide_msgs/include/tide_msgs/tide_msgs/msg/detail/bigyaw_state__rosidl_typesupport_fastrtps_cpp.hpp
[2.415s] -- Up-to-date symlink: /home/luis/workshop_ws/install/tide_msgs/include/tide_msgs/tide_msgs/msg/detail/buff__rosidl_typesupport_fastrtps_cpp.hpp
[2.415s] -- Up-to-date symlink: /home/luis/workshop_ws/install/tide_msgs/include/tide_msgs/tide_msgs/msg/detail/bullet_remaining__rosidl_typesupport_fastrtps_cpp.hpp
[2.415s] -- Up-to-date symlink: /home/luis/workshop_ws/install/tide_msgs/include/tide_msgs/tide_msgs/msg/detail/debug_armor__rosidl_typesupport_fastrtps_cpp.hpp
[2.415s] -- Up-to-date symlink: /home/luis/workshop_ws/install/tide_msgs/include/tide_msgs/tide_msgs/msg/detail/debug_armors__rosidl_typesupport_fastrtps_cpp.hpp
[2.415s] -- Up-to-date symlink: /home/luis/workshop_ws/install/tide_msgs/include/tide_msgs/tide_msgs/msg/detail/debug_light__rosidl_typesupport_fastrtps_cpp.hpp
[2.415s] -- Up-to-date symlink: /home/luis/workshop_ws/install/tide_msgs/include/tide_msgs/tide_msgs/msg/detail/debug_lights__rosidl_typesupport_fastrtps_cpp.hpp
[2.415s] -- Up-to-date symlink: /home/luis/workshop_ws/install/tide_msgs/include/tide_msgs/tide_msgs/msg/detail/event_data__rosidl_typesupport_fastrtps_cpp.hpp
[2.415s] -- Up-to-date symlink: /home/luis/workshop_ws/install/tide_msgs/include/tide_msgs/tide_msgs/msg/detail/fd_frame__rosidl_typesupport_fastrtps_cpp.hpp
[2.415s] -- Up-to-date symlink: /home/luis/workshop_ws/install/tide_msgs/include/tide_msgs/tide_msgs/msg/detail/game_result__rosidl_typesupport_fastrtps_cpp.hpp
[2.415s] -- Up-to-date symlink: /home/luis/workshop_ws/install/tide_msgs/include/tide_msgs/tide_msgs/msg/detail/game_robot_hp__rosidl_typesupport_fastrtps_cpp.hpp
[2.416s] -- Up-to-date symlink: /home/luis/workshop_ws/install/tide_msgs/include/tide_msgs/tide_msgs/msg/detail/game_robot_pos__rosidl_typesupport_fastrtps_cpp.hpp
[2.416s] -- Up-to-date symlink: /home/luis/workshop_ws/install/tide_msgs/include/tide_msgs/tide_msgs/msg/detail/game_robot_status__rosidl_typesupport_fastrtps_cpp.hpp
[2.416s] -- Up-to-date symlink: /home/luis/workshop_ws/install/tide_msgs/include/tide_msgs/tide_msgs/msg/detail/game_status__rosidl_typesupport_fastrtps_cpp.hpp
[2.416s] -- Up-to-date symlink: /home/luis/workshop_ws/install/tide_msgs/include/tide_msgs/tide_msgs/msg/detail/gimbal_cmd__rosidl_typesupport_fastrtps_cpp.hpp
[2.416s] -- Up-to-date symlink: /home/luis/workshop_ws/install/tide_msgs/include/tide_msgs/tide_msgs/msg/detail/gimbal_state__rosidl_typesupport_fastrtps_cpp.hpp
[2.416s] -- Up-to-date symlink: /home/luis/workshop_ws/install/tide_msgs/include/tide_msgs/tide_msgs/msg/detail/ground_robot__rosidl_typesupport_fastrtps_cpp.hpp
[2.416s] -- Up-to-date symlink: /home/luis/workshop_ws/install/tide_msgs/include/tide_msgs/tide_msgs/msg/detail/interact_id__rosidl_typesupport_fastrtps_cpp.hpp
[2.416s] -- Up-to-date symlink: /home/luis/workshop_ws/install/tide_msgs/include/tide_msgs/tide_msgs/msg/detail/power_heat_data__rosidl_typesupport_fastrtps_cpp.hpp
[2.416s] -- Up-to-date symlink: /home/luis/workshop_ws/install/tide_msgs/include/tide_msgs/tide_msgs/msg/detail/referee_data__rosidl_typesupport_fastrtps_cpp.hpp
[2.416s] -- Up-to-date symlink: /home/luis/workshop_ws/install/tide_msgs/include/tide_msgs/tide_msgs/msg/detail/referee_warning__rosidl_typesupport_fastrtps_cpp.hpp
[2.416s] -- Up-to-date symlink: /home/luis/workshop_ws/install/tide_msgs/include/tide_msgs/tide_msgs/msg/detail/rfid_status__rosidl_typesupport_fastrtps_cpp.hpp
[2.416s] -- Up-to-date symlink: /home/luis/workshop_ws/install/tide_msgs/include/tide_msgs/tide_msgs/msg/detail/robot_hurt__rosidl_typesupport_fastrtps_cpp.hpp
[2.416s] -- Up-to-date symlink: /home/luis/workshop_ws/install/tide_msgs/include/tide_msgs/tide_msgs/msg/detail/sentry_info__rosidl_typesupport_fastrtps_cpp.hpp
[2.416s] -- Up-to-date symlink: /home/luis/workshop_ws/install/tide_msgs/include/tide_msgs/tide_msgs/msg/detail/shoot_data__rosidl_typesupport_fastrtps_cpp.hpp
[2.416s] -- Up-to-date symlink: /home/luis/workshop_ws/install/tide_msgs/include/tide_msgs/tide_msgs/msg/detail/shooter_cmd__rosidl_typesupport_fastrtps_cpp.hpp
[2.416s] -- Up-to-date symlink: /home/luis/workshop_ws/install/tide_msgs/include/tide_msgs/tide_msgs/msg/detail/shooter_state__rosidl_typesupport_fastrtps_cpp.hpp
[2.416s] -- Up-to-date symlink: /home/luis/workshop_ws/install/tide_msgs/include/tide_msgs/tide_msgs/msg/detail/target__rosidl_typesupport_fastrtps_cpp.hpp
[2.417s] -- Up-to-date symlink: /home/luis/workshop_ws/install/tide_msgs/include/tide_msgs/tide_msgs/msg/detail/time_info__rosidl_typesupport_fastrtps_cpp.hpp
[2.417s] -- Up-to-date symlink: /home/luis/workshop_ws/install/tide_msgs/include/tide_msgs/tide_msgs/msg/detail/tracker_info__rosidl_typesupport_fastrtps_cpp.hpp
[2.417s] -- Up-to-date symlink: /home/luis/workshop_ws/install/tide_msgs/include/tide_msgs/tide_msgs/msg/rosidl_typesupport_fastrtps_cpp__visibility_control.h
[2.417s] -- Up-to-date symlink: /home/luis/workshop_ws/install/tide_msgs/include/tide_msgs/tide_msgs/msg/detail/armor__rosidl_typesupport_introspection_c.h
[2.417s] -- Up-to-date symlink: /home/luis/workshop_ws/install/tide_msgs/include/tide_msgs/tide_msgs/msg/detail/armors__rosidl_typesupport_introspection_c.h
[2.417s] -- Up-to-date symlink: /home/luis/workshop_ws/install/tide_msgs/include/tide_msgs/tide_msgs/msg/detail/bigyaw_cmd__rosidl_typesupport_introspection_c.h
[2.417s] -- Up-to-date symlink: /home/luis/workshop_ws/install/tide_msgs/include/tide_msgs/tide_msgs/msg/detail/bigyaw_state__rosidl_typesupport_introspection_c.h
[2.417s] -- Up-to-date symlink: /home/luis/workshop_ws/install/tide_msgs/include/tide_msgs/tide_msgs/msg/detail/buff__rosidl_typesupport_introspection_c.h
[2.417s] -- Up-to-date symlink: /home/luis/workshop_ws/install/tide_msgs/include/tide_msgs/tide_msgs/msg/detail/bullet_remaining__rosidl_typesupport_introspection_c.h
[2.417s] -- Up-to-date symlink: /home/luis/workshop_ws/install/tide_msgs/include/tide_msgs/tide_msgs/msg/detail/debug_armor__rosidl_typesupport_introspection_c.h
[2.417s] -- Up-to-date symlink: /home/luis/workshop_ws/install/tide_msgs/include/tide_msgs/tide_msgs/msg/detail/debug_armors__rosidl_typesupport_introspection_c.h
[2.417s] -- Up-to-date symlink: /home/luis/workshop_ws/install/tide_msgs/include/tide_msgs/tide_msgs/msg/detail/debug_light__rosidl_typesupport_introspection_c.h
[2.417s] -- Up-to-date symlink: /home/luis/workshop_ws/install/tide_msgs/include/tide_msgs/tide_msgs/msg/detail/debug_lights__rosidl_typesupport_introspection_c.h
[2.417s] -- Up-to-date symlink: /home/luis/workshop_ws/install/tide_msgs/include/tide_msgs/tide_msgs/msg/detail/event_data__rosidl_typesupport_introspection_c.h
[2.417s] -- Up-to-date symlink: /home/luis/workshop_ws/install/tide_msgs/include/tide_msgs/tide_msgs/msg/detail/fd_frame__rosidl_typesupport_introspection_c.h
[2.417s] -- Up-to-date symlink: /home/luis/workshop_ws/install/tide_msgs/include/tide_msgs/tide_msgs/msg/detail/game_result__rosidl_typesupport_introspection_c.h
[2.417s] -- Up-to-date symlink: /home/luis/workshop_ws/install/tide_msgs/include/tide_msgs/tide_msgs/msg/detail/game_robot_hp__rosidl_typesupport_introspection_c.h
[2.417s] -- Up-to-date symlink: /home/luis/workshop_ws/install/tide_msgs/include/tide_msgs/tide_msgs/msg/detail/game_robot_pos__rosidl_typesupport_introspection_c.h
[2.418s] -- Up-to-date symlink: /home/luis/workshop_ws/install/tide_msgs/include/tide_msgs/tide_msgs/msg/detail/game_robot_status__rosidl_typesupport_introspection_c.h
[2.418s] -- Up-to-date symlink: /home/luis/workshop_ws/install/tide_msgs/include/tide_msgs/tide_msgs/msg/detail/game_status__rosidl_typesupport_introspection_c.h
[2.418s] -- Up-to-date symlink: /home/luis/workshop_ws/install/tide_msgs/include/tide_msgs/tide_msgs/msg/detail/gimbal_cmd__rosidl_typesupport_introspection_c.h
[2.418s] -- Up-to-date symlink: /home/luis/workshop_ws/install/tide_msgs/include/tide_msgs/tide_msgs/msg/detail/gimbal_state__rosidl_typesupport_introspection_c.h
[2.418s] -- Up-to-date symlink: /home/luis/workshop_ws/install/tide_msgs/include/tide_msgs/tide_msgs/msg/detail/ground_robot__rosidl_typesupport_introspection_c.h
[2.418s] -- Up-to-date symlink: /home/luis/workshop_ws/install/tide_msgs/include/tide_msgs/tide_msgs/msg/detail/interact_id__rosidl_typesupport_introspection_c.h
[2.418s] -- Up-to-date symlink: /home/luis/workshop_ws/install/tide_msgs/include/tide_msgs/tide_msgs/msg/detail/power_heat_data__rosidl_typesupport_introspection_c.h
[2.418s] -- Up-to-date symlink: /home/luis/workshop_ws/install/tide_msgs/include/tide_msgs/tide_msgs/msg/detail/referee_data__rosidl_typesupport_introspection_c.h
[2.418s] -- Up-to-date symlink: /home/luis/workshop_ws/install/tide_msgs/include/tide_msgs/tide_msgs/msg/detail/referee_warning__rosidl_typesupport_introspection_c.h
[2.418s] -- Up-to-date symlink: /home/luis/workshop_ws/install/tide_msgs/include/tide_msgs/tide_msgs/msg/detail/rfid_status__rosidl_typesupport_introspection_c.h
[2.418s] -- Up-to-date symlink: /home/luis/workshop_ws/install/tide_msgs/include/tide_msgs/tide_msgs/msg/detail/robot_hurt__rosidl_typesupport_introspection_c.h
[2.418s] -- Up-to-date symlink: /home/luis/workshop_ws/install/tide_msgs/include/tide_msgs/tide_msgs/msg/detail/sentry_info__rosidl_typesupport_introspection_c.h
[2.418s] -- Up-to-date symlink: /home/luis/workshop_ws/install/tide_msgs/include/tide_msgs/tide_msgs/msg/detail/shoot_data__rosidl_typesupport_introspection_c.h
[2.418s] -- Up-to-date symlink: /home/luis/workshop_ws/install/tide_msgs/include/tide_msgs/tide_msgs/msg/detail/shooter_cmd__rosidl_typesupport_introspection_c.h
[2.418s] -- Up-to-date symlink: /home/luis/workshop_ws/install/tide_msgs/include/tide_msgs/tide_msgs/msg/detail/shooter_state__rosidl_typesupport_introspection_c.h
[2.419s] -- Up-to-date symlink: /home/luis/workshop_ws/install/tide_msgs/include/tide_msgs/tide_msgs/msg/detail/target__rosidl_typesupport_introspection_c.h
[2.419s] -- Up-to-date symlink: /home/luis/workshop_ws/install/tide_msgs/include/tide_msgs/tide_msgs/msg/detail/time_info__rosidl_typesupport_introspection_c.h
[2.419s] -- Up-to-date symlink: /home/luis/workshop_ws/install/tide_msgs/include/tide_msgs/tide_msgs/msg/detail/tracker_info__rosidl_typesupport_introspection_c.h
[2.419s] -- Up-to-date symlink: /home/luis/workshop_ws/install/tide_msgs/include/tide_msgs/tide_msgs/msg/rosidl_typesupport_introspection_c__visibility_control.h
[2.419s] -- Up-to-date symlink: /home/luis/workshop_ws/install/tide_msgs/include/tide_msgs/tide_msgs/msg/detail/armor__rosidl_typesupport_introspection_cpp.hpp
[2.419s] -- Up-to-date symlink: /home/luis/workshop_ws/install/tide_msgs/include/tide_msgs/tide_msgs/msg/detail/armors__rosidl_typesupport_introspection_cpp.hpp
[2.419s] -- Up-to-date symlink: /home/luis/workshop_ws/install/tide_msgs/include/tide_msgs/tide_msgs/msg/detail/bigyaw_cmd__rosidl_typesupport_introspection_cpp.hpp
[2.419s] -- Up-to-date symlink: /home/luis/workshop_ws/install/tide_msgs/include/tide_msgs/tide_msgs/msg/detail/bigyaw_state__rosidl_typesupport_introspection_cpp.hpp
[2.419s] -- Up-to-date symlink: /home/luis/workshop_ws/install/tide_msgs/include/tide_msgs/tide_msgs/msg/detail/buff__rosidl_typesupport_introspection_cpp.hpp
[2.419s] -- Up-to-date symlink: /home/luis/workshop_ws/install/tide_msgs/include/tide_msgs/tide_msgs/msg/detail/bullet_remaining__rosidl_typesupport_introspection_cpp.hpp
[2.419s] -- Up-to-date symlink: /home/luis/workshop_ws/install/tide_msgs/include/tide_msgs/tide_msgs/msg/detail/debug_armor__rosidl_typesupport_introspection_cpp.hpp
[2.419s] -- Up-to-date symlink: /home/luis/workshop_ws/install/tide_msgs/include/tide_msgs/tide_msgs/msg/detail/debug_armors__rosidl_typesupport_introspection_cpp.hpp
[2.419s] -- Up-to-date symlink: /home/luis/workshop_ws/install/tide_msgs/include/tide_msgs/tide_msgs/msg/detail/debug_light__rosidl_typesupport_introspection_cpp.hpp
[2.419s] -- Up-to-date symlink: /home/luis/workshop_ws/install/tide_msgs/include/tide_msgs/tide_msgs/msg/detail/debug_lights__rosidl_typesupport_introspection_cpp.hpp
[2.419s] -- Up-to-date symlink: /home/luis/workshop_ws/install/tide_msgs/include/tide_msgs/tide_msgs/msg/detail/event_data__rosidl_typesupport_introspection_cpp.hpp
[2.419s] -- Up-to-date symlink: /home/luis/workshop_ws/install/tide_msgs/include/tide_msgs/tide_msgs/msg/detail/fd_frame__rosidl_typesupport_introspection_cpp.hpp
[2.419s] -- Up-to-date symlink: /home/luis/workshop_ws/install/tide_msgs/include/tide_msgs/tide_msgs/msg/detail/game_result__rosidl_typesupport_introspection_cpp.hpp
[2.419s] -- Up-to-date symlink: /home/luis/workshop_ws/install/tide_msgs/include/tide_msgs/tide_msgs/msg/detail/game_robot_hp__rosidl_typesupport_introspection_cpp.hpp
[2.419s] -- Up-to-date symlink: /home/luis/workshop_ws/install/tide_msgs/include/tide_msgs/tide_msgs/msg/detail/game_robot_pos__rosidl_typesupport_introspection_cpp.hpp
[2.420s] -- Up-to-date symlink: /home/luis/workshop_ws/install/tide_msgs/include/tide_msgs/tide_msgs/msg/detail/game_robot_status__rosidl_typesupport_introspection_cpp.hpp
[2.420s] -- Up-to-date symlink: /home/luis/workshop_ws/install/tide_msgs/include/tide_msgs/tide_msgs/msg/detail/game_status__rosidl_typesupport_introspection_cpp.hpp
[2.420s] -- Up-to-date symlink: /home/luis/workshop_ws/install/tide_msgs/include/tide_msgs/tide_msgs/msg/detail/gimbal_cmd__rosidl_typesupport_introspection_cpp.hpp
[2.420s] -- Up-to-date symlink: /home/luis/workshop_ws/install/tide_msgs/include/tide_msgs/tide_msgs/msg/detail/gimbal_state__rosidl_typesupport_introspection_cpp.hpp
[2.420s] -- Up-to-date symlink: /home/luis/workshop_ws/install/tide_msgs/include/tide_msgs/tide_msgs/msg/detail/ground_robot__rosidl_typesupport_introspection_cpp.hpp
[2.420s] -- Up-to-date symlink: /home/luis/workshop_ws/install/tide_msgs/include/tide_msgs/tide_msgs/msg/detail/interact_id__rosidl_typesupport_introspection_cpp.hpp
[2.420s] -- Up-to-date symlink: /home/luis/workshop_ws/install/tide_msgs/include/tide_msgs/tide_msgs/msg/detail/power_heat_data__rosidl_typesupport_introspection_cpp.hpp
[2.420s] -- Up-to-date symlink: /home/luis/workshop_ws/install/tide_msgs/include/tide_msgs/tide_msgs/msg/detail/referee_data__rosidl_typesupport_introspection_cpp.hpp
[2.420s] -- Up-to-date symlink: /home/luis/workshop_ws/install/tide_msgs/include/tide_msgs/tide_msgs/msg/detail/referee_warning__rosidl_typesupport_introspection_cpp.hpp
[2.420s] -- Up-to-date symlink: /home/luis/workshop_ws/install/tide_msgs/include/tide_msgs/tide_msgs/msg/detail/rfid_status__rosidl_typesupport_introspection_cpp.hpp
[2.420s] -- Up-to-date symlink: /home/luis/workshop_ws/install/tide_msgs/include/tide_msgs/tide_msgs/msg/detail/robot_hurt__rosidl_typesupport_introspection_cpp.hpp
[2.420s] -- Up-to-date symlink: /home/luis/workshop_ws/install/tide_msgs/include/tide_msgs/tide_msgs/msg/detail/sentry_info__rosidl_typesupport_introspection_cpp.hpp
[2.420s] -- Up-to-date symlink: /home/luis/workshop_ws/install/tide_msgs/include/tide_msgs/tide_msgs/msg/detail/shoot_data__rosidl_typesupport_introspection_cpp.hpp
[2.420s] -- Up-to-date symlink: /home/luis/workshop_ws/install/tide_msgs/include/tide_msgs/tide_msgs/msg/detail/shooter_cmd__rosidl_typesupport_introspection_cpp.hpp
[2.420s] -- Up-to-date symlink: /home/luis/workshop_ws/install/tide_msgs/include/tide_msgs/tide_msgs/msg/detail/shooter_state__rosidl_typesupport_introspection_cpp.hpp
[2.420s] -- Up-to-date symlink: /home/luis/workshop_ws/install/tide_msgs/include/tide_msgs/tide_msgs/msg/detail/target__rosidl_typesupport_introspection_cpp.hpp
[2.420s] -- Up-to-date symlink: /home/luis/workshop_ws/install/tide_msgs/include/tide_msgs/tide_msgs/msg/detail/time_info__rosidl_typesupport_introspection_cpp.hpp
[2.421s] -- Up-to-date symlink: /home/luis/workshop_ws/install/tide_msgs/include/tide_msgs/tide_msgs/msg/detail/tracker_info__rosidl_typesupport_introspection_cpp.hpp
[2.421s] -- Up-to-date symlink: /home/luis/workshop_ws/install/tide_msgs/share/tide_msgs/environment/pythonpath.sh
[2.421s] -- Up-to-date symlink: /home/luis/workshop_ws/install/tide_msgs/share/tide_msgs/environment/pythonpath.dsv
[2.421s] -- Up-to-date symlink: /home/luis/workshop_ws/install/tide_msgs/local/lib/python3.10/dist-packages/tide_msgs-0.0.0-py3.10.egg-info/PKG-INFO
[2.421s] -- Up-to-date symlink: /home/luis/workshop_ws/install/tide_msgs/local/lib/python3.10/dist-packages/tide_msgs-0.0.0-py3.10.egg-info/SOURCES.txt
[2.421s] -- Up-to-date symlink: /home/luis/workshop_ws/install/tide_msgs/local/lib/python3.10/dist-packages/tide_msgs-0.0.0-py3.10.egg-info/dependency_links.txt
[2.421s] -- Up-to-date symlink: /home/luis/workshop_ws/install/tide_msgs/local/lib/python3.10/dist-packages/tide_msgs-0.0.0-py3.10.egg-info/top_level.txt
[2.421s] -- Up-to-date symlink: /home/luis/workshop_ws/install/tide_msgs/local/lib/python3.10/dist-packages/tide_msgs/__init__.py
[2.421s] -- Up-to-date symlink: /home/luis/workshop_ws/install/tide_msgs/local/lib/python3.10/dist-packages/tide_msgs/_tide_msgs_s.ep.rosidl_typesupport_c.c
[2.421s] -- Up-to-date symlink: /home/luis/workshop_ws/install/tide_msgs/local/lib/python3.10/dist-packages/tide_msgs/_tide_msgs_s.ep.rosidl_typesupport_fastrtps_c.c
[2.421s] -- Up-to-date symlink: /home/luis/workshop_ws/install/tide_msgs/local/lib/python3.10/dist-packages/tide_msgs/_tide_msgs_s.ep.rosidl_typesupport_introspection_c.c
[2.421s] -- Up-to-date symlink: /home/luis/workshop_ws/install/tide_msgs/local/lib/python3.10/dist-packages/tide_msgs/libtide_msgs__rosidl_generator_py.so
[2.421s] -- Up-to-date symlink: /home/luis/workshop_ws/install/tide_msgs/local/lib/python3.10/dist-packages/tide_msgs/msg/__init__.py
[2.421s] -- Up-to-date symlink: /home/luis/workshop_ws/install/tide_msgs/local/lib/python3.10/dist-packages/tide_msgs/msg/_armor.py
[2.421s] -- Up-to-date symlink: /home/luis/workshop_ws/install/tide_msgs/local/lib/python3.10/dist-packages/tide_msgs/msg/_armor_s.c
[2.421s] -- Up-to-date symlink: /home/luis/workshop_ws/install/tide_msgs/local/lib/python3.10/dist-packages/tide_msgs/msg/_armors.py
[2.422s] -- Up-to-date symlink: /home/luis/workshop_ws/install/tide_msgs/local/lib/python3.10/dist-packages/tide_msgs/msg/_armors_s.c
[2.422s] -- Up-to-date symlink: /home/luis/workshop_ws/install/tide_msgs/local/lib/python3.10/dist-packages/tide_msgs/msg/_bigyaw_cmd.py
[2.422s] -- Up-to-date symlink: /home/luis/workshop_ws/install/tide_msgs/local/lib/python3.10/dist-packages/tide_msgs/msg/_bigyaw_cmd_s.c
[2.422s] -- Up-to-date symlink: /home/luis/workshop_ws/install/tide_msgs/local/lib/python3.10/dist-packages/tide_msgs/msg/_bigyaw_state.py
[2.422s] -- Up-to-date symlink: /home/luis/workshop_ws/install/tide_msgs/local/lib/python3.10/dist-packages/tide_msgs/msg/_bigyaw_state_s.c
[2.422s] -- Up-to-date symlink: /home/luis/workshop_ws/install/tide_msgs/local/lib/python3.10/dist-packages/tide_msgs/msg/_buff.py
[2.422s] -- Up-to-date symlink: /home/luis/workshop_ws/install/tide_msgs/local/lib/python3.10/dist-packages/tide_msgs/msg/_buff_s.c
[2.422s] -- Up-to-date symlink: /home/luis/workshop_ws/install/tide_msgs/local/lib/python3.10/dist-packages/tide_msgs/msg/_bullet_remaining.py
[2.422s] -- Up-to-date symlink: /home/luis/workshop_ws/install/tide_msgs/local/lib/python3.10/dist-packages/tide_msgs/msg/_bullet_remaining_s.c
[2.422s] -- Up-to-date symlink: /home/luis/workshop_ws/install/tide_msgs/local/lib/python3.10/dist-packages/tide_msgs/msg/_debug_armor.py
[2.422s] -- Up-to-date symlink: /home/luis/workshop_ws/install/tide_msgs/local/lib/python3.10/dist-packages/tide_msgs/msg/_debug_armor_s.c
[2.422s] -- Up-to-date symlink: /home/luis/workshop_ws/install/tide_msgs/local/lib/python3.10/dist-packages/tide_msgs/msg/_debug_armors.py
[2.422s] -- Up-to-date symlink: /home/luis/workshop_ws/install/tide_msgs/local/lib/python3.10/dist-packages/tide_msgs/msg/_debug_armors_s.c
[2.422s] -- Up-to-date symlink: /home/luis/workshop_ws/install/tide_msgs/local/lib/python3.10/dist-packages/tide_msgs/msg/_debug_light.py
[2.422s] -- Up-to-date symlink: /home/luis/workshop_ws/install/tide_msgs/local/lib/python3.10/dist-packages/tide_msgs/msg/_debug_light_s.c
[2.422s] -- Up-to-date symlink: /home/luis/workshop_ws/install/tide_msgs/local/lib/python3.10/dist-packages/tide_msgs/msg/_debug_lights.py
[2.422s] -- Up-to-date symlink: /home/luis/workshop_ws/install/tide_msgs/local/lib/python3.10/dist-packages/tide_msgs/msg/_debug_lights_s.c
[2.422s] -- Up-to-date symlink: /home/luis/workshop_ws/install/tide_msgs/local/lib/python3.10/dist-packages/tide_msgs/msg/_event_data.py
[2.422s] -- Up-to-date symlink: /home/luis/workshop_ws/install/tide_msgs/local/lib/python3.10/dist-packages/tide_msgs/msg/_event_data_s.c
[2.423s] -- Up-to-date symlink: /home/luis/workshop_ws/install/tide_msgs/local/lib/python3.10/dist-packages/tide_msgs/msg/_fd_frame.py
[2.423s] -- Up-to-date symlink: /home/luis/workshop_ws/install/tide_msgs/local/lib/python3.10/dist-packages/tide_msgs/msg/_fd_frame_s.c
[2.423s] -- Up-to-date symlink: /home/luis/workshop_ws/install/tide_msgs/local/lib/python3.10/dist-packages/tide_msgs/msg/_game_result.py
[2.423s] -- Up-to-date symlink: /home/luis/workshop_ws/install/tide_msgs/local/lib/python3.10/dist-packages/tide_msgs/msg/_game_result_s.c
[2.423s] -- Up-to-date symlink: /home/luis/workshop_ws/install/tide_msgs/local/lib/python3.10/dist-packages/tide_msgs/msg/_game_robot_hp.py
[2.423s] -- Up-to-date symlink: /home/luis/workshop_ws/install/tide_msgs/local/lib/python3.10/dist-packages/tide_msgs/msg/_game_robot_hp_s.c
[2.423s] -- Up-to-date symlink: /home/luis/workshop_ws/install/tide_msgs/local/lib/python3.10/dist-packages/tide_msgs/msg/_game_robot_pos.py
[2.423s] -- Up-to-date symlink: /home/luis/workshop_ws/install/tide_msgs/local/lib/python3.10/dist-packages/tide_msgs/msg/_game_robot_pos_s.c
[2.423s] -- Up-to-date symlink: /home/luis/workshop_ws/install/tide_msgs/local/lib/python3.10/dist-packages/tide_msgs/msg/_game_robot_status.py
[2.423s] -- Up-to-date symlink: /home/luis/workshop_ws/install/tide_msgs/local/lib/python3.10/dist-packages/tide_msgs/msg/_game_robot_status_s.c
[2.423s] -- Up-to-date symlink: /home/luis/workshop_ws/install/tide_msgs/local/lib/python3.10/dist-packages/tide_msgs/msg/_game_status.py
[2.423s] -- Up-to-date symlink: /home/luis/workshop_ws/install/tide_msgs/local/lib/python3.10/dist-packages/tide_msgs/msg/_game_status_s.c
[2.423s] -- Up-to-date symlink: /home/luis/workshop_ws/install/tide_msgs/local/lib/python3.10/dist-packages/tide_msgs/msg/_gimbal_cmd.py
[2.423s] -- Up-to-date symlink: /home/luis/workshop_ws/install/tide_msgs/local/lib/python3.10/dist-packages/tide_msgs/msg/_gimbal_cmd_s.c
[2.423s] -- Up-to-date symlink: /home/luis/workshop_ws/install/tide_msgs/local/lib/python3.10/dist-packages/tide_msgs/msg/_gimbal_state.py
[2.423s] -- Up-to-date symlink: /home/luis/workshop_ws/install/tide_msgs/local/lib/python3.10/dist-packages/tide_msgs/msg/_gimbal_state_s.c
[2.423s] -- Up-to-date symlink: /home/luis/workshop_ws/install/tide_msgs/local/lib/python3.10/dist-packages/tide_msgs/msg/_ground_robot.py
[2.424s] -- Up-to-date symlink: /home/luis/workshop_ws/install/tide_msgs/local/lib/python3.10/dist-packages/tide_msgs/msg/_ground_robot_s.c
[2.424s] -- Up-to-date symlink: /home/luis/workshop_ws/install/tide_msgs/local/lib/python3.10/dist-packages/tide_msgs/msg/_interact_id.py
[2.424s] -- Up-to-date symlink: /home/luis/workshop_ws/install/tide_msgs/local/lib/python3.10/dist-packages/tide_msgs/msg/_interact_id_s.c
[2.424s] -- Up-to-date symlink: /home/luis/workshop_ws/install/tide_msgs/local/lib/python3.10/dist-packages/tide_msgs/msg/_power_heat_data.py
[2.424s] -- Up-to-date symlink: /home/luis/workshop_ws/install/tide_msgs/local/lib/python3.10/dist-packages/tide_msgs/msg/_power_heat_data_s.c
[2.424s] -- Up-to-date symlink: /home/luis/workshop_ws/install/tide_msgs/local/lib/python3.10/dist-packages/tide_msgs/msg/_referee_data.py
[2.424s] -- Up-to-date symlink: /home/luis/workshop_ws/install/tide_msgs/local/lib/python3.10/dist-packages/tide_msgs/msg/_referee_data_s.c
[2.424s] -- Up-to-date symlink: /home/luis/workshop_ws/install/tide_msgs/local/lib/python3.10/dist-packages/tide_msgs/msg/_referee_warning.py
[2.424s] -- Up-to-date symlink: /home/luis/workshop_ws/install/tide_msgs/local/lib/python3.10/dist-packages/tide_msgs/msg/_referee_warning_s.c
[2.424s] -- Up-to-date symlink: /home/luis/workshop_ws/install/tide_msgs/local/lib/python3.10/dist-packages/tide_msgs/msg/_rfid_status.py
[2.424s] -- Up-to-date symlink: /home/luis/workshop_ws/install/tide_msgs/local/lib/python3.10/dist-packages/tide_msgs/msg/_rfid_status_s.c
[2.424s] -- Up-to-date symlink: /home/luis/workshop_ws/install/tide_msgs/local/lib/python3.10/dist-packages/tide_msgs/msg/_robot_hurt.py
[2.424s] -- Up-to-date symlink: /home/luis/workshop_ws/install/tide_msgs/local/lib/python3.10/dist-packages/tide_msgs/msg/_robot_hurt_s.c
[2.424s] -- Up-to-date symlink: /home/luis/workshop_ws/install/tide_msgs/local/lib/python3.10/dist-packages/tide_msgs/msg/_sentry_info.py
[2.424s] -- Up-to-date symlink: /home/luis/workshop_ws/install/tide_msgs/local/lib/python3.10/dist-packages/tide_msgs/msg/_sentry_info_s.c
[2.424s] -- Up-to-date symlink: /home/luis/workshop_ws/install/tide_msgs/local/lib/python3.10/dist-packages/tide_msgs/msg/_shoot_data.py
[2.424s] -- Up-to-date symlink: /home/luis/workshop_ws/install/tide_msgs/local/lib/python3.10/dist-packages/tide_msgs/msg/_shoot_data_s.c
[2.424s] -- Up-to-date symlink: /home/luis/workshop_ws/install/tide_msgs/local/lib/python3.10/dist-packages/tide_msgs/msg/_shooter_cmd.py
[2.424s] -- Up-to-date symlink: /home/luis/workshop_ws/install/tide_msgs/local/lib/python3.10/dist-packages/tide_msgs/msg/_shooter_cmd_s.c
[2.425s] -- Up-to-date symlink: /home/luis/workshop_ws/install/tide_msgs/local/lib/python3.10/dist-packages/tide_msgs/msg/_shooter_state.py
[2.425s] -- Up-to-date symlink: /home/luis/workshop_ws/install/tide_msgs/local/lib/python3.10/dist-packages/tide_msgs/msg/_shooter_state_s.c
[2.425s] -- Up-to-date symlink: /home/luis/workshop_ws/install/tide_msgs/local/lib/python3.10/dist-packages/tide_msgs/msg/_target.py
[2.425s] -- Up-to-date symlink: /home/luis/workshop_ws/install/tide_msgs/local/lib/python3.10/dist-packages/tide_msgs/msg/_target_s.c
[2.425s] -- Up-to-date symlink: /home/luis/workshop_ws/install/tide_msgs/local/lib/python3.10/dist-packages/tide_msgs/msg/_time_info.py
[2.425s] -- Up-to-date symlink: /home/luis/workshop_ws/install/tide_msgs/local/lib/python3.10/dist-packages/tide_msgs/msg/_time_info_s.c
[2.425s] -- Up-to-date symlink: /home/luis/workshop_ws/install/tide_msgs/local/lib/python3.10/dist-packages/tide_msgs/msg/_tracker_info.py
[2.425s] -- Up-to-date symlink: /home/luis/workshop_ws/install/tide_msgs/local/lib/python3.10/dist-packages/tide_msgs/msg/_tracker_info_s.c
[2.425s] -- Up-to-date symlink: /home/luis/workshop_ws/install/tide_msgs/local/lib/python3.10/dist-packages/tide_msgs/tide_msgs_s__rosidl_typesupport_c.cpython-310-x86_64-linux-gnu.so
[2.425s] -- Up-to-date symlink: /home/luis/workshop_ws/install/tide_msgs/local/lib/python3.10/dist-packages/tide_msgs/tide_msgs_s__rosidl_typesupport_fastrtps_c.cpython-310-x86_64-linux-gnu.so
[2.425s] -- Up-to-date symlink: /home/luis/workshop_ws/install/tide_msgs/local/lib/python3.10/dist-packages/tide_msgs/tide_msgs_s__rosidl_typesupport_introspection_c.cpython-310-x86_64-linux-gnu.so
[2.425s] -- Up-to-date symlink: /home/luis/workshop_ws/install/tide_msgs/local/lib/python3.10/dist-packages/tide_msgs/tide_msgs_s__rosidl_typesupport_fastrtps_c.cpython-310-x86_64-linux-gnu.so
[2.425s] -- Up-to-date symlink: /home/luis/workshop_ws/install/tide_msgs/local/lib/python3.10/dist-packages/tide_msgs/tide_msgs_s__rosidl_typesupport_introspection_c.cpython-310-x86_64-linux-gnu.so
[2.425s] -- Up-to-date symlink: /home/luis/workshop_ws/install/tide_msgs/local/lib/python3.10/dist-packages/tide_msgs/tide_msgs_s__rosidl_typesupport_c.cpython-310-x86_64-linux-gnu.so
[2.425s] -- Up-to-date symlink: /home/luis/workshop_ws/install/tide_msgs/share/tide_msgs/msg/GimbalState.idl
[2.425s] -- Up-to-date symlink: /home/luis/workshop_ws/install/tide_msgs/share/tide_msgs/msg/GimbalCmd.idl
[2.425s] -- Up-to-date symlink: /home/luis/workshop_ws/install/tide_msgs/share/tide_msgs/msg/ShooterState.idl
[2.426s] -- Up-to-date symlink: /home/luis/workshop_ws/install/tide_msgs/share/tide_msgs/msg/ShooterCmd.idl
[2.426s] -- Up-to-date symlink: /home/luis/workshop_ws/install/tide_msgs/share/tide_msgs/msg/BigyawState.idl
[2.426s] -- Up-to-date symlink: /home/luis/workshop_ws/install/tide_msgs/share/tide_msgs/msg/BigyawCmd.idl
[2.426s] -- Up-to-date symlink: /home/luis/workshop_ws/install/tide_msgs/share/tide_msgs/msg/FdFrame.idl
[2.426s] -- Up-to-date symlink: /home/luis/workshop_ws/install/tide_msgs/share/tide_msgs/msg/Armor.idl
[2.426s] -- Up-to-date symlink: /home/luis/workshop_ws/install/tide_msgs/share/tide_msgs/msg/Armors.idl
[2.426s] -- Up-to-date symlink: /home/luis/workshop_ws/install/tide_msgs/share/tide_msgs/msg/DebugArmor.idl
[2.426s] -- Up-to-date symlink: /home/luis/workshop_ws/install/tide_msgs/share/tide_msgs/msg/DebugArmors.idl
[2.426s] -- Up-to-date symlink: /home/luis/workshop_ws/install/tide_msgs/share/tide_msgs/msg/DebugLight.idl
[2.426s] -- Up-to-date symlink: /home/luis/workshop_ws/install/tide_msgs/share/tide_msgs/msg/DebugLights.idl
[2.426s] -- Up-to-date symlink: /home/luis/workshop_ws/install/tide_msgs/share/tide_msgs/msg/Target.idl
[2.426s] -- Up-to-date symlink: /home/luis/workshop_ws/install/tide_msgs/share/tide_msgs/msg/TimeInfo.idl
[2.426s] -- Up-to-date symlink: /home/luis/workshop_ws/install/tide_msgs/share/tide_msgs/msg/TrackerInfo.idl
[2.426s] -- Up-to-date symlink: /home/luis/workshop_ws/install/tide_msgs/share/tide_msgs/msg/Buff.idl
[2.426s] -- Up-to-date symlink: /home/luis/workshop_ws/install/tide_msgs/share/tide_msgs/msg/BulletRemaining.idl
[2.427s] -- Up-to-date symlink: /home/luis/workshop_ws/install/tide_msgs/share/tide_msgs/msg/EventData.idl
[2.427s] -- Up-to-date symlink: /home/luis/workshop_ws/install/tide_msgs/share/tide_msgs/msg/GameResult.idl
[2.427s] -- Up-to-date symlink: /home/luis/workshop_ws/install/tide_msgs/share/tide_msgs/msg/GameRobotHP.idl
[2.427s] -- Up-to-date symlink: /home/luis/workshop_ws/install/tide_msgs/share/tide_msgs/msg/GameRobotPos.idl
[2.427s] -- Up-to-date symlink: /home/luis/workshop_ws/install/tide_msgs/share/tide_msgs/msg/GameRobotStatus.idl
[2.427s] -- Up-to-date symlink: /home/luis/workshop_ws/install/tide_msgs/share/tide_msgs/msg/GameStatus.idl
[2.427s] -- Up-to-date symlink: /home/luis/workshop_ws/install/tide_msgs/share/tide_msgs/msg/GroundRobot.idl
[2.427s] -- Up-to-date symlink: /home/luis/workshop_ws/install/tide_msgs/share/tide_msgs/msg/InteractID.idl
[2.428s] -- Up-to-date symlink: /home/luis/workshop_ws/install/tide_msgs/share/tide_msgs/msg/PowerHeatData.idl
[2.428s] -- Up-to-date symlink: /home/luis/workshop_ws/install/tide_msgs/share/tide_msgs/msg/RefereeData.idl
[2.428s] -- Up-to-date symlink: /home/luis/workshop_ws/install/tide_msgs/share/tide_msgs/msg/RefereeWarning.idl
[2.428s] -- Up-to-date symlink: /home/luis/workshop_ws/install/tide_msgs/share/tide_msgs/msg/RFIDStatus.idl
[2.428s] -- Up-to-date symlink: /home/luis/workshop_ws/install/tide_msgs/share/tide_msgs/msg/RobotHurt.idl
[2.428s] -- Up-to-date symlink: /home/luis/workshop_ws/install/tide_msgs/share/tide_msgs/msg/SentryInfo.idl
[2.428s] -- Up-to-date symlink: /home/luis/workshop_ws/install/tide_msgs/share/tide_msgs/msg/ShootData.idl
[2.429s] -- Up-to-date symlink: /home/luis/workshop_ws/install/tide_msgs/share/tide_msgs/msg/GimbalState.msg
[2.429s] -- Up-to-date symlink: /home/luis/workshop_ws/install/tide_msgs/share/tide_msgs/msg/GimbalCmd.msg
[2.429s] -- Up-to-date symlink: /home/luis/workshop_ws/install/tide_msgs/share/tide_msgs/msg/ShooterState.msg
[2.429s] -- Up-to-date symlink: /home/luis/workshop_ws/install/tide_msgs/share/tide_msgs/msg/ShooterCmd.msg
[2.429s] -- Up-to-date symlink: /home/luis/workshop_ws/install/tide_msgs/share/tide_msgs/msg/BigyawState.msg
[2.429s] -- Up-to-date symlink: /home/luis/workshop_ws/install/tide_msgs/share/tide_msgs/msg/BigyawCmd.msg
[2.429s] -- Up-to-date symlink: /home/luis/workshop_ws/install/tide_msgs/share/tide_msgs/msg/FdFrame.msg
[2.429s] -- Up-to-date symlink: /home/luis/workshop_ws/install/tide_msgs/share/tide_msgs/vision/Armor.msg
[2.430s] -- Up-to-date symlink: /home/luis/workshop_ws/install/tide_msgs/share/tide_msgs/vision/Armors.msg
[2.430s] -- Up-to-date symlink: /home/luis/workshop_ws/install/tide_msgs/share/tide_msgs/vision/DebugArmor.msg
[2.430s] -- Up-to-date symlink: /home/luis/workshop_ws/install/tide_msgs/share/tide_msgs/vision/DebugArmors.msg
[2.430s] -- Up-to-date symlink: /home/luis/workshop_ws/install/tide_msgs/share/tide_msgs/vision/DebugLight.msg
[2.430s] -- Up-to-date symlink: /home/luis/workshop_ws/install/tide_msgs/share/tide_msgs/vision/DebugLights.msg
[2.430s] -- Up-to-date symlink: /home/luis/workshop_ws/install/tide_msgs/share/tide_msgs/vision/Target.msg
[2.430s] -- Up-to-date symlink: /home/luis/workshop_ws/install/tide_msgs/share/tide_msgs/vision/TimeInfo.msg
[2.430s] -- Up-to-date symlink: /home/luis/workshop_ws/install/tide_msgs/share/tide_msgs/vision/TrackerInfo.msg
[2.431s] -- Up-to-date symlink: /home/luis/workshop_ws/install/tide_msgs/share/tide_msgs/referee/Buff.msg
[2.431s] -- Up-to-date symlink: /home/luis/workshop_ws/install/tide_msgs/share/tide_msgs/referee/BulletRemaining.msg
[2.431s] -- Up-to-date symlink: /home/luis/workshop_ws/install/tide_msgs/share/tide_msgs/referee/EventData.msg
[2.431s] -- Up-to-date symlink: /home/luis/workshop_ws/install/tide_msgs/share/tide_msgs/referee/GameResult.msg
[2.431s] -- Up-to-date symlink: /home/luis/workshop_ws/install/tide_msgs/share/tide_msgs/referee/GameRobotHP.msg
[2.431s] -- Up-to-date symlink: /home/luis/workshop_ws/install/tide_msgs/share/tide_msgs/referee/GameRobotPos.msg
[2.431s] -- Up-to-date symlink: /home/luis/workshop_ws/install/tide_msgs/share/tide_msgs/referee/GameRobotStatus.msg
[2.432s] -- Up-to-date symlink: /home/luis/workshop_ws/install/tide_msgs/share/tide_msgs/referee/GameStatus.msg
[2.432s] -- Up-to-date symlink: /home/luis/workshop_ws/install/tide_msgs/share/tide_msgs/referee/GroundRobot.msg
[2.432s] -- Up-to-date symlink: /home/luis/workshop_ws/install/tide_msgs/share/tide_msgs/referee/InteractID.msg
[2.432s] -- Up-to-date symlink: /home/luis/workshop_ws/install/tide_msgs/share/tide_msgs/referee/PowerHeatData.msg
[2.432s] -- Up-to-date symlink: /home/luis/workshop_ws/install/tide_msgs/share/tide_msgs/referee/RefereeData.msg
[2.432s] -- Up-to-date symlink: /home/luis/workshop_ws/install/tide_msgs/share/tide_msgs/referee/RefereeWarning.msg
[2.432s] -- Up-to-date symlink: /home/luis/workshop_ws/install/tide_msgs/share/tide_msgs/referee/RFIDStatus.msg
[2.433s] -- Up-to-date symlink: /home/luis/workshop_ws/install/tide_msgs/share/tide_msgs/referee/RobotHurt.msg
[2.433s] -- Up-to-date symlink: /home/luis/workshop_ws/install/tide_msgs/share/tide_msgs/referee/SentryInfo.msg
[2.433s] -- Up-to-date symlink: /home/luis/workshop_ws/install/tide_msgs/share/tide_msgs/referee/ShootData.msg
[2.433s] -- Up-to-date symlink: /home/luis/workshop_ws/install/tide_msgs/share/ament_index/resource_index/package_run_dependencies/tide_msgs
[2.433s] -- Up-to-date symlink: /home/luis/workshop_ws/install/tide_msgs/share/ament_index/resource_index/parent_prefix_path/tide_msgs
[2.433s] -- Up-to-date symlink: /home/luis/workshop_ws/install/tide_msgs/share/tide_msgs/environment/ament_prefix_path.sh
[2.433s] -- Up-to-date symlink: /home/luis/workshop_ws/install/tide_msgs/share/tide_msgs/environment/ament_prefix_path.dsv
[2.434s] -- Up-to-date symlink: /home/luis/workshop_ws/install/tide_msgs/share/tide_msgs/environment/path.sh
[2.434s] -- Up-to-date symlink: /home/luis/workshop_ws/install/tide_msgs/share/tide_msgs/environment/path.dsv
[2.434s] -- Up-to-date symlink: /home/luis/workshop_ws/install/tide_msgs/share/tide_msgs/local_setup.bash
[2.434s] -- Up-to-date symlink: /home/luis/workshop_ws/install/tide_msgs/share/tide_msgs/local_setup.sh
[2.434s] -- Up-to-date symlink: /home/luis/workshop_ws/install/tide_msgs/share/tide_msgs/local_setup.zsh
[2.434s] -- Up-to-date symlink: /home/luis/workshop_ws/install/tide_msgs/share/tide_msgs/local_setup.dsv
[2.434s] -- Symlinking: /home/luis/workshop_ws/install/tide_msgs/share/tide_msgs/package.dsv
[2.446s] -- Up-to-date symlink: /home/luis/workshop_ws/install/tide_msgs/share/ament_index/resource_index/packages/tide_msgs
[2.446s] -- Up-to-date symlink: /home/luis/workshop_ws/install/tide_msgs/share/tide_msgs/cmake/rosidl_cmake-extras.cmake
[2.446s] -- Up-to-date symlink: /home/luis/workshop_ws/install/tide_msgs/share/tide_msgs/cmake/ament_cmake_export_dependencies-extras.cmake
[2.446s] -- Up-to-date symlink: /home/luis/workshop_ws/install/tide_msgs/share/tide_msgs/cmake/ament_cmake_export_include_directories-extras.cmake
[2.446s] -- Up-to-date symlink: /home/luis/workshop_ws/install/tide_msgs/share/tide_msgs/cmake/ament_cmake_export_libraries-extras.cmake
[2.447s] -- Up-to-date symlink: /home/luis/workshop_ws/install/tide_msgs/share/tide_msgs/cmake/ament_cmake_export_targets-extras.cmake
[2.447s] -- Up-to-date symlink: /home/luis/workshop_ws/install/tide_msgs/share/tide_msgs/cmake/rosidl_cmake_export_typesupport_targets-extras.cmake
[2.447s] -- Up-to-date symlink: /home/luis/workshop_ws/install/tide_msgs/share/tide_msgs/cmake/rosidl_cmake_export_typesupport_libraries-extras.cmake
[2.447s] -- Up-to-date symlink: /home/luis/workshop_ws/install/tide_msgs/share/tide_msgs/cmake/tide_msgsConfig.cmake
[2.447s] -- Up-to-date symlink: /home/luis/workshop_ws/install/tide_msgs/share/tide_msgs/cmake/tide_msgsConfig-version.cmake
[2.447s] -- Up-to-date symlink: /home/luis/workshop_ws/install/tide_msgs/share/tide_msgs/package.xml
[2.448s] -- Up-to-date: /home/luis/workshop_ws/install/tide_msgs/lib/libtide_msgs__rosidl_generator_c.so
[2.448s] -- Up-to-date: /home/luis/workshop_ws/install/tide_msgs/lib/libtide_msgs__rosidl_typesupport_fastrtps_c.so
[2.448s] -- Up-to-date: /home/luis/workshop_ws/install/tide_msgs/lib/libtide_msgs__rosidl_typesupport_fastrtps_cpp.so
[2.448s] -- Up-to-date: /home/luis/workshop_ws/install/tide_msgs/lib/libtide_msgs__rosidl_typesupport_introspection_c.so
[2.449s] -- Up-to-date: /home/luis/workshop_ws/install/tide_msgs/lib/libtide_msgs__rosidl_typesupport_c.so
[2.449s] -- Up-to-date: /home/luis/workshop_ws/install/tide_msgs/lib/libtide_msgs__rosidl_typesupport_introspection_cpp.so
[2.449s] -- Up-to-date: /home/luis/workshop_ws/install/tide_msgs/lib/libtide_msgs__rosidl_typesupport_cpp.so
[2.481s] Listing '/home/luis/workshop_ws/install/tide_msgs/local/lib/python3.10/dist-packages/tide_msgs'...
[2.481s] Compiling '/home/luis/workshop_ws/install/tide_msgs/local/lib/python3.10/dist-packages/tide_msgs/__init__.py'...
[2.481s] Listing '/home/luis/workshop_ws/install/tide_msgs/local/lib/python3.10/dist-packages/tide_msgs/msg'...
[2.486s] -- Up-to-date: /home/luis/workshop_ws/install/tide_msgs/lib/libtide_msgs__rosidl_generator_py.so
[2.486s] -- Up-to-date: /home/luis/workshop_ws/install/tide_msgs/share/tide_msgs/cmake/export_tide_msgs__rosidl_generator_cExport.cmake
[2.486s] -- Up-to-date: /home/luis/workshop_ws/install/tide_msgs/share/tide_msgs/cmake/export_tide_msgs__rosidl_generator_cExport-noconfig.cmake
[2.487s] -- Up-to-date: /home/luis/workshop_ws/install/tide_msgs/share/tide_msgs/cmake/export_tide_msgs__rosidl_typesupport_fastrtps_cExport.cmake
[2.487s] -- Up-to-date: /home/luis/workshop_ws/install/tide_msgs/share/tide_msgs/cmake/export_tide_msgs__rosidl_typesupport_fastrtps_cExport-noconfig.cmake
[2.487s] -- Up-to-date: /home/luis/workshop_ws/install/tide_msgs/share/tide_msgs/cmake/export_tide_msgs__rosidl_generator_cppExport.cmake
[2.487s] -- Up-to-date: /home/luis/workshop_ws/install/tide_msgs/share/tide_msgs/cmake/export_tide_msgs__rosidl_typesupport_fastrtps_cppExport.cmake
[2.487s] -- Up-to-date: /home/luis/workshop_ws/install/tide_msgs/share/tide_msgs/cmake/export_tide_msgs__rosidl_typesupport_fastrtps_cppExport-noconfig.cmake
[2.487s] -- Up-to-date: /home/luis/workshop_ws/install/tide_msgs/share/tide_msgs/cmake/tide_msgs__rosidl_typesupport_introspection_cExport.cmake
[2.487s] -- Up-to-date: /home/luis/workshop_ws/install/tide_msgs/share/tide_msgs/cmake/tide_msgs__rosidl_typesupport_introspection_cExport-noconfig.cmake
[2.487s] -- Up-to-date: /home/luis/workshop_ws/install/tide_msgs/share/tide_msgs/cmake/tide_msgs__rosidl_typesupport_cExport.cmake
[2.487s] -- Up-to-date: /home/luis/workshop_ws/install/tide_msgs/share/tide_msgs/cmake/tide_msgs__rosidl_typesupport_cExport-noconfig.cmake
[2.487s] -- Up-to-date: /home/luis/workshop_ws/install/tide_msgs/share/tide_msgs/cmake/tide_msgs__rosidl_typesupport_introspection_cppExport.cmake
[2.487s] -- Up-to-date: /home/luis/workshop_ws/install/tide_msgs/share/tide_msgs/cmake/tide_msgs__rosidl_typesupport_introspection_cppExport-noconfig.cmake
[2.487s] -- Up-to-date: /home/luis/workshop_ws/install/tide_msgs/share/tide_msgs/cmake/tide_msgs__rosidl_typesupport_cppExport.cmake
[2.487s] -- Up-to-date: /home/luis/workshop_ws/install/tide_msgs/share/tide_msgs/cmake/tide_msgs__rosidl_typesupport_cppExport-noconfig.cmake
[2.488s] -- Up-to-date: /home/luis/workshop_ws/install/tide_msgs/share/tide_msgs/cmake/export_tide_msgs__rosidl_generator_pyExport.cmake
[2.488s] -- Up-to-date: /home/luis/workshop_ws/install/tide_msgs/share/tide_msgs/cmake/export_tide_msgs__rosidl_generator_pyExport-noconfig.cmake
[2.490s] Invoked command in '/home/luis/workshop_ws/build/tide_msgs' returned '0': CMAKE_PREFIX_PATH=${CMAKE_PREFIX_PATH}:/opt/ros/humble /usr/bin/cmake --install /home/luis/workshop_ws/build/tide_msgs
