[0.049s] Invoking command in '/home/luis/workshop_ws/build/serial': CMAKE_PREFIX_PATH=${CMAKE_PREFIX_PATH}:/opt/ros/humble /usr/bin/cmake --build /home/luis/workshop_ws/build/serial -- -j12 -l12
[0.176s] [100%] Built target serial
[0.265s] Invoked command in '/home/luis/workshop_ws/build/serial' returned '0': CMAKE_PREFIX_PATH=${CMAKE_PREFIX_PATH}:/opt/ros/humble /usr/bin/cmake --build /home/luis/workshop_ws/build/serial -- -j12 -l12
[0.272s] Invoking command in '/home/luis/workshop_ws/build/serial': CMAKE_PREFIX_PATH=${CMAKE_PREFIX_PATH}:/opt/ros/humble /usr/bin/cmake --install /home/luis/workshop_ws/build/serial
[0.308s] -- Install configuration: ""
[0.308s] -- Execute custom install script
[0.308s] -- Up-to-date symlink: /home/luis/workshop_ws/install/serial/include/serial/impl/unix.h
[0.309s] -- Up-to-date symlink: /home/luis/workshop_ws/install/serial/include/serial/impl/win.h
[0.309s] -- Up-to-date symlink: /home/luis/workshop_ws/install/serial/include/serial/serial.h
[0.309s] -- Up-to-date symlink: /home/luis/workshop_ws/install/serial/include/serial/v8stdint.h
[0.309s] -- Up-to-date symlink: /home/luis/workshop_ws/install/serial/share/serial/environment/library_path.sh
[0.309s] -- Up-to-date symlink: /home/luis/workshop_ws/install/serial/share/serial/environment/library_path.dsv
[0.309s] -- Up-to-date symlink: /home/luis/workshop_ws/install/serial/share/ament_index/resource_index/package_run_dependencies/serial
[0.309s] -- Up-to-date symlink: /home/luis/workshop_ws/install/serial/share/ament_index/resource_index/parent_prefix_path/serial
[0.309s] -- Up-to-date symlink: /home/luis/workshop_ws/install/serial/share/serial/environment/ament_prefix_path.sh
[0.310s] -- Up-to-date symlink: /home/luis/workshop_ws/install/serial/share/serial/environment/ament_prefix_path.dsv
[0.310s] -- Up-to-date symlink: /home/luis/workshop_ws/install/serial/share/serial/environment/path.sh
[0.310s] -- Up-to-date symlink: /home/luis/workshop_ws/install/serial/share/serial/environment/path.dsv
[0.310s] -- Up-to-date symlink: /home/luis/workshop_ws/install/serial/share/serial/local_setup.bash
[0.310s] -- Up-to-date symlink: /home/luis/workshop_ws/install/serial/share/serial/local_setup.sh
[0.310s] -- Up-to-date symlink: /home/luis/workshop_ws/install/serial/share/serial/local_setup.zsh
[0.310s] -- Up-to-date symlink: /home/luis/workshop_ws/install/serial/share/serial/local_setup.dsv
[0.310s] -- Symlinking: /home/luis/workshop_ws/install/serial/share/serial/package.dsv
[0.323s] -- Up-to-date symlink: /home/luis/workshop_ws/install/serial/share/ament_index/resource_index/packages/serial
[0.323s] -- Up-to-date symlink: /home/luis/workshop_ws/install/serial/share/serial/cmake/ament_cmake_export_include_directories-extras.cmake
[0.323s] -- Up-to-date symlink: /home/luis/workshop_ws/install/serial/share/serial/cmake/ament_cmake_export_libraries-extras.cmake
[0.323s] -- Up-to-date symlink: /home/luis/workshop_ws/install/serial/share/serial/cmake/ament_cmake_export_targets-extras.cmake
[0.323s] -- Up-to-date symlink: /home/luis/workshop_ws/install/serial/share/serial/cmake/serialConfig.cmake
[0.324s] -- Up-to-date symlink: /home/luis/workshop_ws/install/serial/share/serial/cmake/serialConfig-version.cmake
[0.324s] -- Up-to-date symlink: /home/luis/workshop_ws/install/serial/share/serial/package.xml
[0.324s] -- Up-to-date: /home/luis/workshop_ws/install/serial/lib/libserial.a
[0.324s] -- Up-to-date: /home/luis/workshop_ws/install/serial/share/serial/cmake/export_serialExport.cmake
[0.324s] -- Up-to-date: /home/luis/workshop_ws/install/serial/share/serial/cmake/export_serialExport-noconfig.cmake
[0.328s] Invoked command in '/home/luis/workshop_ws/build/serial' returned '0': CMAKE_PREFIX_PATH=${CMAKE_PREFIX_PATH}:/opt/ros/humble /usr/bin/cmake --install /home/luis/workshop_ws/build/serial
