[0.035s] Invoking command in '/home/luis/azure_sky_ros2/build/rm_auto_aim': AMENT_PREFIX_PATH=/home/luis/azure_sky_ros2/install/armor_tracker:/home/luis/azure_sky_ros2/install/armor_detector:/home/luis/azure_sky_ros2/install/auto_aim_interfaces:${AMENT_PREFIX_PATH} CMAKE_PREFIX_PATH=/home/luis/azure_sky_ros2/install/armor_tracker:/home/luis/azure_sky_ros2/install/armor_detector:/home/luis/azure_sky_ros2/install/auto_aim_interfaces:/opt/ros/humble LD_LIBRARY_PATH=/home/luis/azure_sky_ros2/install/armor_tracker/lib:/home/luis/azure_sky_ros2/install/armor_detector/lib:/home/luis/azure_sky_ros2/install/auto_aim_interfaces/lib:/opt/MVS/lib/64:/opt/MVS/lib/32:/usr/lib/x86_64-linux-gnu/gazebo-11/plugins:/opt/ros/humble/opt/rviz_ogre_vendor/lib:/opt/ros/humble/lib/x86_64-linux-gnu:/opt/ros/humble/lib:/opt/MVS/lib/64:/opt/MVS/lib/32:/opt/MVS/lib/64:/opt/MVS/lib/32 PYTHONPATH=/home/luis/azure_sky_ros2/install/auto_aim_interfaces/local/lib/python3.10/dist-packages:${PYTHONPATH} /usr/bin/cmake --build /home/luis/azure_sky_ros2/build/rm_auto_aim -- -j12 -l12
[0.083s] -- Found ament_cmake_auto: 1.3.11 (/opt/ros/humble/share/ament_cmake_auto/cmake)
[0.227s] -- Found ament_lint_auto: 0.12.12 (/opt/ros/humble/share/ament_lint_auto/cmake)
[0.303s] -- Added test 'lint_cmake' to check CMake code style
[0.304s] -- Added test 'xmllint' to check XML markup files
[0.306s] -- Configuring done
[0.312s] -- Generating done
[0.315s] -- Build files have been written to: /home/luis/azure_sky_ros2/build/rm_auto_aim
[0.343s] Invoked command in '/home/luis/azure_sky_ros2/build/rm_auto_aim' returned '0': AMENT_PREFIX_PATH=/home/luis/azure_sky_ros2/install/armor_tracker:/home/luis/azure_sky_ros2/install/armor_detector:/home/luis/azure_sky_ros2/install/auto_aim_interfaces:${AMENT_PREFIX_PATH} CMAKE_PREFIX_PATH=/home/luis/azure_sky_ros2/install/armor_tracker:/home/luis/azure_sky_ros2/install/armor_detector:/home/luis/azure_sky_ros2/install/auto_aim_interfaces:/opt/ros/humble LD_LIBRARY_PATH=/home/luis/azure_sky_ros2/install/armor_tracker/lib:/home/luis/azure_sky_ros2/install/armor_detector/lib:/home/luis/azure_sky_ros2/install/auto_aim_interfaces/lib:/opt/MVS/lib/64:/opt/MVS/lib/32:/usr/lib/x86_64-linux-gnu/gazebo-11/plugins:/opt/ros/humble/opt/rviz_ogre_vendor/lib:/opt/ros/humble/lib/x86_64-linux-gnu:/opt/ros/humble/lib:/opt/MVS/lib/64:/opt/MVS/lib/32:/opt/MVS/lib/64:/opt/MVS/lib/32 PYTHONPATH=/home/luis/azure_sky_ros2/install/auto_aim_interfaces/local/lib/python3.10/dist-packages:${PYTHONPATH} /usr/bin/cmake --build /home/luis/azure_sky_ros2/build/rm_auto_aim -- -j12 -l12
[0.347s] Invoking command in '/home/luis/azure_sky_ros2/build/rm_auto_aim': AMENT_PREFIX_PATH=/home/luis/azure_sky_ros2/install/armor_tracker:/home/luis/azure_sky_ros2/install/armor_detector:/home/luis/azure_sky_ros2/install/auto_aim_interfaces:${AMENT_PREFIX_PATH} CMAKE_PREFIX_PATH=/home/luis/azure_sky_ros2/install/armor_tracker:/home/luis/azure_sky_ros2/install/armor_detector:/home/luis/azure_sky_ros2/install/auto_aim_interfaces:/opt/ros/humble LD_LIBRARY_PATH=/home/luis/azure_sky_ros2/install/armor_tracker/lib:/home/luis/azure_sky_ros2/install/armor_detector/lib:/home/luis/azure_sky_ros2/install/auto_aim_interfaces/lib:/opt/MVS/lib/64:/opt/MVS/lib/32:/usr/lib/x86_64-linux-gnu/gazebo-11/plugins:/opt/ros/humble/opt/rviz_ogre_vendor/lib:/opt/ros/humble/lib/x86_64-linux-gnu:/opt/ros/humble/lib:/opt/MVS/lib/64:/opt/MVS/lib/32:/opt/MVS/lib/64:/opt/MVS/lib/32 PYTHONPATH=/home/luis/azure_sky_ros2/install/auto_aim_interfaces/local/lib/python3.10/dist-packages:${PYTHONPATH} /usr/bin/cmake --install /home/luis/azure_sky_ros2/build/rm_auto_aim
[0.354s] -- Install configuration: ""
[0.355s] -- Up-to-date: /home/luis/azure_sky_ros2/install/rm_auto_aim/share/ament_index/resource_index/package_run_dependencies/rm_auto_aim
[0.355s] -- Installing: /home/luis/azure_sky_ros2/install/rm_auto_aim/share/ament_index/resource_index/parent_prefix_path/rm_auto_aim
[0.356s] -- Up-to-date: /home/luis/azure_sky_ros2/install/rm_auto_aim/share/rm_auto_aim/environment/ament_prefix_path.sh
[0.356s] -- Installing: /home/luis/azure_sky_ros2/install/rm_auto_aim/share/rm_auto_aim/environment/ament_prefix_path.dsv
[0.356s] -- Up-to-date: /home/luis/azure_sky_ros2/install/rm_auto_aim/share/rm_auto_aim/environment/path.sh
[0.356s] -- Installing: /home/luis/azure_sky_ros2/install/rm_auto_aim/share/rm_auto_aim/environment/path.dsv
[0.357s] -- Up-to-date: /home/luis/azure_sky_ros2/install/rm_auto_aim/share/rm_auto_aim/local_setup.bash
[0.357s] -- Up-to-date: /home/luis/azure_sky_ros2/install/rm_auto_aim/share/rm_auto_aim/local_setup.sh
[0.357s] -- Up-to-date: /home/luis/azure_sky_ros2/install/rm_auto_aim/share/rm_auto_aim/local_setup.zsh
[0.357s] -- Installing: /home/luis/azure_sky_ros2/install/rm_auto_aim/share/rm_auto_aim/local_setup.dsv
[0.357s] -- Installing: /home/luis/azure_sky_ros2/install/rm_auto_aim/share/rm_auto_aim/package.dsv
[0.357s] -- Up-to-date: /home/luis/azure_sky_ros2/install/rm_auto_aim/share/ament_index/resource_index/packages/rm_auto_aim
[0.357s] -- Up-to-date: /home/luis/azure_sky_ros2/install/rm_auto_aim/share/rm_auto_aim/cmake/rm_auto_aimConfig.cmake
[0.358s] -- Up-to-date: /home/luis/azure_sky_ros2/install/rm_auto_aim/share/rm_auto_aim/cmake/rm_auto_aimConfig-version.cmake
[0.358s] -- Installing: /home/luis/azure_sky_ros2/install/rm_auto_aim/share/rm_auto_aim/package.xml
[0.361s] Invoked command in '/home/luis/azure_sky_ros2/build/rm_auto_aim' returned '0': AMENT_PREFIX_PATH=/home/luis/azure_sky_ros2/install/armor_tracker:/home/luis/azure_sky_ros2/install/armor_detector:/home/luis/azure_sky_ros2/install/auto_aim_interfaces:${AMENT_PREFIX_PATH} CMAKE_PREFIX_PATH=/home/luis/azure_sky_ros2/install/armor_tracker:/home/luis/azure_sky_ros2/install/armor_detector:/home/luis/azure_sky_ros2/install/auto_aim_interfaces:/opt/ros/humble LD_LIBRARY_PATH=/home/luis/azure_sky_ros2/install/armor_tracker/lib:/home/luis/azure_sky_ros2/install/armor_detector/lib:/home/luis/azure_sky_ros2/install/auto_aim_interfaces/lib:/opt/MVS/lib/64:/opt/MVS/lib/32:/usr/lib/x86_64-linux-gnu/gazebo-11/plugins:/opt/ros/humble/opt/rviz_ogre_vendor/lib:/opt/ros/humble/lib/x86_64-linux-gnu:/opt/ros/humble/lib:/opt/MVS/lib/64:/opt/MVS/lib/32:/opt/MVS/lib/64:/opt/MVS/lib/32 PYTHONPATH=/home/luis/azure_sky_ros2/install/auto_aim_interfaces/local/lib/python3.10/dist-packages:${PYTHONPATH} /usr/bin/cmake --install /home/luis/azure_sky_ros2/build/rm_auto_aim
