[0.071s] Invoking command in '/home/luis/azure_sky_ros2/build/ros2_socketcan': CMAKE_PREFIX_PATH=/home/luis/azure_sky_ros2/install/ros2_socketcan_msgs:/home/luis/azure_sky_ros2/install/controlko_bringup:/home/luis/azure_sky_ros2/install/tide_shooter_controller:/home/luis/azure_sky_ros2/install/tide_gimbal_controller:/home/luis/azure_sky_ros2/install/autoaim_bridge:/home/luis/azure_sky_ros2/install/tide_msgs:/home/luis/azure_sky_ros2/install/my_hardware_interface:/home/luis/azure_sky_ros2/install/serial:/home/luis/azure_sky_ros2/install/rm_can_driver:/home/luis/azure_sky_ros2/install/ros2_socketcan:/home/luis/azure_sky_ros2/install/rm_vision_bringup:/home/luis/azure_sky_ros2/install/rm_buff_bringup:/home/luis/azure_sky_ros2/install/rm_gimbal_description:/home/luis/azure_sky_ros2/install/rm_buff:/home/luis/azure_sky_ros2/install/rm_auto_record:/home/luis/azure_sky_ros2/install/rm_auto_aim:/home/luis/azure_sky_ros2/install/hik_camera:/home/luis/azure_sky_ros2/install/buff_tracker:/home/luis/azure_sky_ros2/install/buff_detector:/home/luis/azure_sky_ros2/install/buff_interfaces:/home/luis/azure_sky_ros2/install/armor_tracker:/home/luis/azure_sky_ros2/install/armor_detector:/home/luis/azure_sky_ros2/install/auto_aim_interfaces:/opt/ros/humble LD_LIBRARY_PATH=/home/luis/azure_sky_ros2/install/ros2_socketcan_msgs/lib:/home/luis/azure_sky_ros2/install/tide_shooter_controller/lib:/home/luis/azure_sky_ros2/install/tide_gimbal_controller/lib:/home/luis/azure_sky_ros2/install/tide_msgs/lib:/home/luis/azure_sky_ros2/install/my_hardware_interface/lib:/home/luis/azure_sky_ros2/install/serial/lib:/home/luis/azure_sky_ros2/install/ros2_socketcan/lib:/home/luis/azure_sky_ros2/install/rm_auto_record/lib:/home/luis/azure_sky_ros2/install/hik_camera/lib:/home/luis/azure_sky_ros2/install/buff_tracker/lib:/home/luis/azure_sky_ros2/install/buff_detector/lib:/home/luis/azure_sky_ros2/install/buff_interfaces/lib:/home/luis/azure_sky_ros2/install/armor_tracker/lib:/home/luis/azure_sky_ros2/install/armor_detector/lib:/home/luis/azure_sky_ros2/install/auto_aim_interfaces/lib:/opt/MVS/lib/64:/opt/MVS/lib/32:/usr/lib/x86_64-linux-gnu/gazebo-11/plugins:/opt/ros/humble/opt/rviz_ogre_vendor/lib:/opt/ros/humble/lib/x86_64-linux-gnu:/opt/ros/humble/lib:/opt/MVS/lib/64:/opt/MVS/lib/32:/opt/MVS/lib/64:/opt/MVS/lib/32 /usr/bin/cmake --build /home/luis/azure_sky_ros2/build/ros2_socketcan -- -j12 -l12
[0.196s] [  9%] Built target gtest
[0.196s] [ 19%] Built target gtest_main
[0.199s] [ 28%] Built target socket_can_receiver_node_exe
[0.205s] [ 38%] Built target socket_can_sender_node_exe
[0.207s] [ 61%] Built target ros2_socketcan
[0.263s] [ 80%] Built target ros2_socketcan_test
[0.263s] [ 90%] Built target socket_can_receiver_node
[0.301s] [100%] Built target socket_can_sender_node
[0.378s] Invoked command in '/home/luis/azure_sky_ros2/build/ros2_socketcan' returned '0': CMAKE_PREFIX_PATH=/home/luis/azure_sky_ros2/install/ros2_socketcan_msgs:/home/luis/azure_sky_ros2/install/controlko_bringup:/home/luis/azure_sky_ros2/install/tide_shooter_controller:/home/luis/azure_sky_ros2/install/tide_gimbal_controller:/home/luis/azure_sky_ros2/install/autoaim_bridge:/home/luis/azure_sky_ros2/install/tide_msgs:/home/luis/azure_sky_ros2/install/my_hardware_interface:/home/luis/azure_sky_ros2/install/serial:/home/luis/azure_sky_ros2/install/rm_can_driver:/home/luis/azure_sky_ros2/install/ros2_socketcan:/home/luis/azure_sky_ros2/install/rm_vision_bringup:/home/luis/azure_sky_ros2/install/rm_buff_bringup:/home/luis/azure_sky_ros2/install/rm_gimbal_description:/home/luis/azure_sky_ros2/install/rm_buff:/home/luis/azure_sky_ros2/install/rm_auto_record:/home/luis/azure_sky_ros2/install/rm_auto_aim:/home/luis/azure_sky_ros2/install/hik_camera:/home/luis/azure_sky_ros2/install/buff_tracker:/home/luis/azure_sky_ros2/install/buff_detector:/home/luis/azure_sky_ros2/install/buff_interfaces:/home/luis/azure_sky_ros2/install/armor_tracker:/home/luis/azure_sky_ros2/install/armor_detector:/home/luis/azure_sky_ros2/install/auto_aim_interfaces:/opt/ros/humble LD_LIBRARY_PATH=/home/luis/azure_sky_ros2/install/ros2_socketcan_msgs/lib:/home/luis/azure_sky_ros2/install/tide_shooter_controller/lib:/home/luis/azure_sky_ros2/install/tide_gimbal_controller/lib:/home/luis/azure_sky_ros2/install/tide_msgs/lib:/home/luis/azure_sky_ros2/install/my_hardware_interface/lib:/home/luis/azure_sky_ros2/install/serial/lib:/home/luis/azure_sky_ros2/install/ros2_socketcan/lib:/home/luis/azure_sky_ros2/install/rm_auto_record/lib:/home/luis/azure_sky_ros2/install/hik_camera/lib:/home/luis/azure_sky_ros2/install/buff_tracker/lib:/home/luis/azure_sky_ros2/install/buff_detector/lib:/home/luis/azure_sky_ros2/install/buff_interfaces/lib:/home/luis/azure_sky_ros2/install/armor_tracker/lib:/home/luis/azure_sky_ros2/install/armor_detector/lib:/home/luis/azure_sky_ros2/install/auto_aim_interfaces/lib:/opt/MVS/lib/64:/opt/MVS/lib/32:/usr/lib/x86_64-linux-gnu/gazebo-11/plugins:/opt/ros/humble/opt/rviz_ogre_vendor/lib:/opt/ros/humble/lib/x86_64-linux-gnu:/opt/ros/humble/lib:/opt/MVS/lib/64:/opt/MVS/lib/32:/opt/MVS/lib/64:/opt/MVS/lib/32 /usr/bin/cmake --build /home/luis/azure_sky_ros2/build/ros2_socketcan -- -j12 -l12
[0.379s] Invoking command in '/home/luis/azure_sky_ros2/build/ros2_socketcan': CMAKE_PREFIX_PATH=/home/luis/azure_sky_ros2/install/ros2_socketcan_msgs:/home/luis/azure_sky_ros2/install/controlko_bringup:/home/luis/azure_sky_ros2/install/tide_shooter_controller:/home/luis/azure_sky_ros2/install/tide_gimbal_controller:/home/luis/azure_sky_ros2/install/autoaim_bridge:/home/luis/azure_sky_ros2/install/tide_msgs:/home/luis/azure_sky_ros2/install/my_hardware_interface:/home/luis/azure_sky_ros2/install/serial:/home/luis/azure_sky_ros2/install/rm_can_driver:/home/luis/azure_sky_ros2/install/ros2_socketcan:/home/luis/azure_sky_ros2/install/rm_vision_bringup:/home/luis/azure_sky_ros2/install/rm_buff_bringup:/home/luis/azure_sky_ros2/install/rm_gimbal_description:/home/luis/azure_sky_ros2/install/rm_buff:/home/luis/azure_sky_ros2/install/rm_auto_record:/home/luis/azure_sky_ros2/install/rm_auto_aim:/home/luis/azure_sky_ros2/install/hik_camera:/home/luis/azure_sky_ros2/install/buff_tracker:/home/luis/azure_sky_ros2/install/buff_detector:/home/luis/azure_sky_ros2/install/buff_interfaces:/home/luis/azure_sky_ros2/install/armor_tracker:/home/luis/azure_sky_ros2/install/armor_detector:/home/luis/azure_sky_ros2/install/auto_aim_interfaces:/opt/ros/humble LD_LIBRARY_PATH=/home/luis/azure_sky_ros2/install/ros2_socketcan_msgs/lib:/home/luis/azure_sky_ros2/install/tide_shooter_controller/lib:/home/luis/azure_sky_ros2/install/tide_gimbal_controller/lib:/home/luis/azure_sky_ros2/install/tide_msgs/lib:/home/luis/azure_sky_ros2/install/my_hardware_interface/lib:/home/luis/azure_sky_ros2/install/serial/lib:/home/luis/azure_sky_ros2/install/ros2_socketcan/lib:/home/luis/azure_sky_ros2/install/rm_auto_record/lib:/home/luis/azure_sky_ros2/install/hik_camera/lib:/home/luis/azure_sky_ros2/install/buff_tracker/lib:/home/luis/azure_sky_ros2/install/buff_detector/lib:/home/luis/azure_sky_ros2/install/buff_interfaces/lib:/home/luis/azure_sky_ros2/install/armor_tracker/lib:/home/luis/azure_sky_ros2/install/armor_detector/lib:/home/luis/azure_sky_ros2/install/auto_aim_interfaces/lib:/opt/MVS/lib/64:/opt/MVS/lib/32:/usr/lib/x86_64-linux-gnu/gazebo-11/plugins:/opt/ros/humble/opt/rviz_ogre_vendor/lib:/opt/ros/humble/lib/x86_64-linux-gnu:/opt/ros/humble/lib:/opt/MVS/lib/64:/opt/MVS/lib/32:/opt/MVS/lib/64:/opt/MVS/lib/32 /usr/bin/cmake --install /home/luis/azure_sky_ros2/build/ros2_socketcan
[0.399s] -- Install configuration: ""
[0.399s] -- Up-to-date: /home/luis/azure_sky_ros2/install/ros2_socketcan/lib/ros2_socketcan/socket_can_receiver_node_exe
[0.399s] -- Up-to-date: /home/luis/azure_sky_ros2/install/ros2_socketcan/lib/ros2_socketcan/socket_can_sender_node_exe
[0.400s] -- Up-to-date: /home/luis/azure_sky_ros2/install/ros2_socketcan/include
[0.400s] -- Up-to-date: /home/luis/azure_sky_ros2/install/ros2_socketcan/include/ros2_socketcan
[0.400s] -- Up-to-date: /home/luis/azure_sky_ros2/install/ros2_socketcan/include/ros2_socketcan/socket_can_receiver_node.hpp
[0.400s] -- Up-to-date: /home/luis/azure_sky_ros2/install/ros2_socketcan/include/ros2_socketcan/socket_can_id.hpp
[0.400s] -- Up-to-date: /home/luis/azure_sky_ros2/install/ros2_socketcan/include/ros2_socketcan/socket_can_receiver.hpp
[0.400s] -- Up-to-date: /home/luis/azure_sky_ros2/install/ros2_socketcan/include/ros2_socketcan/socket_can_sender_node.hpp
[0.400s] -- Up-to-date: /home/luis/azure_sky_ros2/install/ros2_socketcan/include/ros2_socketcan/socket_can_sender.hpp
[0.400s] -- Up-to-date: /home/luis/azure_sky_ros2/install/ros2_socketcan/include/ros2_socketcan/socket_can_common.hpp
[0.400s] -- Up-to-date: /home/luis/azure_sky_ros2/install/ros2_socketcan/include/ros2_socketcan/visibility_control.hpp
[0.401s] -- Up-to-date: /home/luis/azure_sky_ros2/install/ros2_socketcan/share/ros2_socketcan/environment/library_path.sh
[0.401s] -- Up-to-date: /home/luis/azure_sky_ros2/install/ros2_socketcan/share/ros2_socketcan/environment/library_path.dsv
[0.402s] -- Up-to-date: /home/luis/azure_sky_ros2/install/ros2_socketcan/lib/libros2_socketcan.so
[0.402s] -- Up-to-date: /home/luis/azure_sky_ros2/install/ros2_socketcan/lib/libsocket_can_receiver_node.so
[0.402s] -- Up-to-date: /home/luis/azure_sky_ros2/install/ros2_socketcan/lib/libsocket_can_sender_node.so
[0.402s] -- Up-to-date: /home/luis/azure_sky_ros2/install/ros2_socketcan/share/ros2_socketcan/launch
[0.402s] -- Up-to-date: /home/luis/azure_sky_ros2/install/ros2_socketcan/share/ros2_socketcan/launch/socket_can_sender.launch.py
[0.402s] -- Up-to-date: /home/luis/azure_sky_ros2/install/ros2_socketcan/share/ros2_socketcan/launch/socket_can_receiver.launch.py
[0.402s] -- Up-to-date: /home/luis/azure_sky_ros2/install/ros2_socketcan/share/ros2_socketcan/launch/socket_can_bridge.launch.xml
[0.402s] -- Up-to-date: /home/luis/azure_sky_ros2/install/ros2_socketcan/share/ament_index/resource_index/package_run_dependencies/ros2_socketcan
[0.402s] -- Up-to-date: /home/luis/azure_sky_ros2/install/ros2_socketcan/share/ament_index/resource_index/parent_prefix_path/ros2_socketcan
[0.402s] -- Up-to-date: /home/luis/azure_sky_ros2/install/ros2_socketcan/share/ros2_socketcan/environment/ament_prefix_path.sh
[0.402s] -- Up-to-date: /home/luis/azure_sky_ros2/install/ros2_socketcan/share/ros2_socketcan/environment/ament_prefix_path.dsv
[0.402s] -- Up-to-date: /home/luis/azure_sky_ros2/install/ros2_socketcan/share/ros2_socketcan/environment/path.sh
[0.403s] -- Up-to-date: /home/luis/azure_sky_ros2/install/ros2_socketcan/share/ros2_socketcan/environment/path.dsv
[0.403s] -- Up-to-date: /home/luis/azure_sky_ros2/install/ros2_socketcan/share/ros2_socketcan/local_setup.bash
[0.403s] -- Up-to-date: /home/luis/azure_sky_ros2/install/ros2_socketcan/share/ros2_socketcan/local_setup.sh
[0.403s] -- Up-to-date: /home/luis/azure_sky_ros2/install/ros2_socketcan/share/ros2_socketcan/local_setup.zsh
[0.403s] -- Up-to-date: /home/luis/azure_sky_ros2/install/ros2_socketcan/share/ros2_socketcan/local_setup.dsv
[0.403s] -- Installing: /home/luis/azure_sky_ros2/install/ros2_socketcan/share/ros2_socketcan/package.dsv
[0.403s] -- Up-to-date: /home/luis/azure_sky_ros2/install/ros2_socketcan/share/ament_index/resource_index/packages/ros2_socketcan
[0.403s] -- Up-to-date: /home/luis/azure_sky_ros2/install/ros2_socketcan/share/ament_index/resource_index/rclcpp_components/ros2_socketcan
[0.403s] -- Up-to-date: /home/luis/azure_sky_ros2/install/ros2_socketcan/share/ros2_socketcan/cmake/ament_cmake_export_dependencies-extras.cmake
[0.403s] -- Up-to-date: /home/luis/azure_sky_ros2/install/ros2_socketcan/share/ros2_socketcan/cmake/ament_cmake_export_include_directories-extras.cmake
[0.403s] -- Up-to-date: /home/luis/azure_sky_ros2/install/ros2_socketcan/share/ros2_socketcan/cmake/ament_cmake_export_libraries-extras.cmake
[0.404s] -- Up-to-date: /home/luis/azure_sky_ros2/install/ros2_socketcan/share/ros2_socketcan/cmake/ros2_socketcanConfig.cmake
[0.404s] -- Up-to-date: /home/luis/azure_sky_ros2/install/ros2_socketcan/share/ros2_socketcan/cmake/ros2_socketcanConfig-version.cmake
[0.404s] -- Up-to-date: /home/luis/azure_sky_ros2/install/ros2_socketcan/share/ros2_socketcan/package.xml
[0.430s] Invoked command in '/home/luis/azure_sky_ros2/build/ros2_socketcan' returned '0': CMAKE_PREFIX_PATH=/home/luis/azure_sky_ros2/install/ros2_socketcan_msgs:/home/luis/azure_sky_ros2/install/controlko_bringup:/home/luis/azure_sky_ros2/install/tide_shooter_controller:/home/luis/azure_sky_ros2/install/tide_gimbal_controller:/home/luis/azure_sky_ros2/install/autoaim_bridge:/home/luis/azure_sky_ros2/install/tide_msgs:/home/luis/azure_sky_ros2/install/my_hardware_interface:/home/luis/azure_sky_ros2/install/serial:/home/luis/azure_sky_ros2/install/rm_can_driver:/home/luis/azure_sky_ros2/install/ros2_socketcan:/home/luis/azure_sky_ros2/install/rm_vision_bringup:/home/luis/azure_sky_ros2/install/rm_buff_bringup:/home/luis/azure_sky_ros2/install/rm_gimbal_description:/home/luis/azure_sky_ros2/install/rm_buff:/home/luis/azure_sky_ros2/install/rm_auto_record:/home/luis/azure_sky_ros2/install/rm_auto_aim:/home/luis/azure_sky_ros2/install/hik_camera:/home/luis/azure_sky_ros2/install/buff_tracker:/home/luis/azure_sky_ros2/install/buff_detector:/home/luis/azure_sky_ros2/install/buff_interfaces:/home/luis/azure_sky_ros2/install/armor_tracker:/home/luis/azure_sky_ros2/install/armor_detector:/home/luis/azure_sky_ros2/install/auto_aim_interfaces:/opt/ros/humble LD_LIBRARY_PATH=/home/luis/azure_sky_ros2/install/ros2_socketcan_msgs/lib:/home/luis/azure_sky_ros2/install/tide_shooter_controller/lib:/home/luis/azure_sky_ros2/install/tide_gimbal_controller/lib:/home/luis/azure_sky_ros2/install/tide_msgs/lib:/home/luis/azure_sky_ros2/install/my_hardware_interface/lib:/home/luis/azure_sky_ros2/install/serial/lib:/home/luis/azure_sky_ros2/install/ros2_socketcan/lib:/home/luis/azure_sky_ros2/install/rm_auto_record/lib:/home/luis/azure_sky_ros2/install/hik_camera/lib:/home/luis/azure_sky_ros2/install/buff_tracker/lib:/home/luis/azure_sky_ros2/install/buff_detector/lib:/home/luis/azure_sky_ros2/install/buff_interfaces/lib:/home/luis/azure_sky_ros2/install/armor_tracker/lib:/home/luis/azure_sky_ros2/install/armor_detector/lib:/home/luis/azure_sky_ros2/install/auto_aim_interfaces/lib:/opt/MVS/lib/64:/opt/MVS/lib/32:/usr/lib/x86_64-linux-gnu/gazebo-11/plugins:/opt/ros/humble/opt/rviz_ogre_vendor/lib:/opt/ros/humble/lib/x86_64-linux-gnu:/opt/ros/humble/lib:/opt/MVS/lib/64:/opt/MVS/lib/32:/opt/MVS/lib/64:/opt/MVS/lib/32 /usr/bin/cmake --install /home/luis/azure_sky_ros2/build/ros2_socketcan
