[0.081s] Invoking command in '/home/luis/azure_sky_ros2/build/auto_aim_interfaces': CMAKE_PREFIX_PATH=${CMAKE_PREFIX_PATH}:/opt/ros/humble /usr/bin/cmake --build /home/luis/azure_sky_ros2/build/auto_aim_interfaces -- -j12 -l12
[0.146s] -- Found ament_cmake: 1.3.11 (/opt/ros/humble/share/ament_cmake/cmake)
[0.584s] -- Found rosidl_default_generators: 1.2.0 (/opt/ros/humble/share/rosidl_default_generators/cmake)
[0.595s] -- Using all available rosidl_typesupport_c: rosidl_typesupport_fastrtps_c;rosidl_typesupport_introspection_c
[0.599s] -- Found rosidl_adapter: 3.1.6 (/opt/ros/humble/share/rosidl_adapter/cmake)
[0.664s] -- Using all available rosidl_typesupport_cpp: rosidl_typesupport_fastrtps_cpp;rosidl_typesupport_introspection_cpp
[0.717s] -- Found geometry_msgs: 4.9.0 (/opt/ros/humble/share/geometry_msgs/cmake)
[1.380s] -- Found ament_cmake_ros: 0.10.0 (/opt/ros/humble/share/ament_cmake_ros/cmake)
[1.850s] -- Using all available rosidl_typesupport_c: rosidl_typesupport_fastrtps_c;rosidl_typesupport_introspection_c
[2.440s] -- Using all available rosidl_typesupport_cpp: rosidl_typesupport_fastrtps_cpp;rosidl_typesupport_introspection_cpp
[2.491s] -- Found python_cmake_module: 0.10.0 (/opt/ros/humble/share/python_cmake_module/cmake)
[2.535s] -- Using PYTHON_EXECUTABLE: /usr/bin/python3
[2.535s] -- Using PYTHON_INCLUDE_DIRS: /usr/include/python3.10
[2.536s] -- Using PYTHON_LIBRARIES: /usr/lib/x86_64-linux-gnu/libpython3.10.so
[2.649s] -- Configuring done
[2.737s] -- Generating done
[2.759s] -- Build files have been written to: /home/luis/azure_sky_ros2/build/auto_aim_interfaces
[2.820s] [  1%] [34m[1mGenerating C code for ROS interfaces[0m
[2.861s] [  1%] [34m[1mGenerating C++ code for ROS interfaces[0m
[2.880s] [  1%] Built target ament_cmake_python_copy_auto_aim_interfaces
[3.254s] running egg_info
[3.255s] writing auto_aim_interfaces.egg-info/PKG-INFO
[3.255s] writing dependency_links to auto_aim_interfaces.egg-info/dependency_links.txt
[3.255s] writing top-level names to auto_aim_interfaces.egg-info/top_level.txt
[3.259s] reading manifest file 'auto_aim_interfaces.egg-info/SOURCES.txt'
[3.260s] writing manifest file 'auto_aim_interfaces.egg-info/SOURCES.txt'
[3.314s] [  1%] Built target ament_cmake_python_build_auto_aim_interfaces_egg
[4.022s] [  1%] Built target auto_aim_interfaces__cpp
[4.048s] [  2%] [34m[1mGenerating C++ type support for eProsima Fast-RTPS[0m
[4.048s] [  4%] [34m[1mGenerating C++ type support dispatch for ROS interfaces[0m
[4.048s] [  4%] [34m[1mGenerating C++ introspection for ROS interfaces[0m
[4.064s] [35m[1mConsolidate compiler generated dependencies of target auto_aim_interfaces__rosidl_generator_c[0m
[4.102s] [  5%] [32mBuilding C object CMakeFiles/auto_aim_interfaces__rosidl_generator_c.dir/rosidl_generator_c/auto_aim_interfaces/msg/detail/armor__functions.c.o[0m
[4.102s] [  6%] [32mBuilding C object CMakeFiles/auto_aim_interfaces__rosidl_generator_c.dir/rosidl_generator_c/auto_aim_interfaces/msg/detail/armors__functions.c.o[0m
[4.103s] [  9%] [32mBuilding C object CMakeFiles/auto_aim_interfaces__rosidl_generator_c.dir/rosidl_generator_c/auto_aim_interfaces/msg/detail/debug_lights__functions.c.o[0m
[4.104s] [  9%] [32mBuilding C object CMakeFiles/auto_aim_interfaces__rosidl_generator_c.dir/rosidl_generator_c/auto_aim_interfaces/msg/detail/debug_light__functions.c.o[0m
[4.104s] [  9%] [32mBuilding C object CMakeFiles/auto_aim_interfaces__rosidl_generator_c.dir/rosidl_generator_c/auto_aim_interfaces/msg/detail/target__functions.c.o[0m
[4.105s] [ 10%] [32mBuilding C object CMakeFiles/auto_aim_interfaces__rosidl_generator_c.dir/rosidl_generator_c/auto_aim_interfaces/msg/detail/debug_armor__functions.c.o[0m
[4.110s] [ 12%] [32mBuilding C object CMakeFiles/auto_aim_interfaces__rosidl_generator_c.dir/rosidl_generator_c/auto_aim_interfaces/msg/detail/debug_armors__functions.c.o[0m
[4.110s] [ 12%] [32mBuilding C object CMakeFiles/auto_aim_interfaces__rosidl_generator_c.dir/rosidl_generator_c/auto_aim_interfaces/msg/detail/tracker_info__functions.c.o[0m
[4.110s] [ 13%] [32mBuilding C object CMakeFiles/auto_aim_interfaces__rosidl_generator_c.dir/rosidl_generator_c/auto_aim_interfaces/msg/detail/robot_status__functions.c.o[0m
[4.256s] [ 14%] [32mBuilding C object CMakeFiles/auto_aim_interfaces__rosidl_generator_c.dir/rosidl_generator_c/auto_aim_interfaces/msg/detail/time_info__functions.c.o[0m
[4.353s] [ 15%] [32m[1mLinking C shared library libauto_aim_interfaces__rosidl_generator_c.so[0m
[4.457s] [ 15%] Built target auto_aim_interfaces__rosidl_generator_c
[4.483s] [ 17%] [34m[1mGenerating C type support dispatch for ROS interfaces[0m
[4.483s] [ 17%] [34m[1mGenerating C type support for eProsima Fast-RTPS[0m
[4.489s] [ 18%] [34m[1mGenerating C introspection for ROS interfaces[0m
[4.787s] [35m[1mConsolidate compiler generated dependencies of target auto_aim_interfaces__rosidl_typesupport_cpp[0m
[4.834s] [ 19%] [32mBuilding CXX object CMakeFiles/auto_aim_interfaces__rosidl_typesupport_cpp.dir/rosidl_typesupport_cpp/auto_aim_interfaces/msg/armor__type_support.cpp.o[0m
[4.834s] [ 20%] [32mBuilding CXX object CMakeFiles/auto_aim_interfaces__rosidl_typesupport_cpp.dir/rosidl_typesupport_cpp/auto_aim_interfaces/msg/armors__type_support.cpp.o[0m
[4.835s] [ 21%] [32mBuilding CXX object CMakeFiles/auto_aim_interfaces__rosidl_typesupport_cpp.dir/rosidl_typesupport_cpp/auto_aim_interfaces/msg/target__type_support.cpp.o[0m
[4.835s] [ 22%] [32mBuilding CXX object CMakeFiles/auto_aim_interfaces__rosidl_typesupport_cpp.dir/rosidl_typesupport_cpp/auto_aim_interfaces/msg/debug_light__type_support.cpp.o[0m
[4.835s] [ 24%] [32mBuilding CXX object CMakeFiles/auto_aim_interfaces__rosidl_typesupport_cpp.dir/rosidl_typesupport_cpp/auto_aim_interfaces/msg/debug_lights__type_support.cpp.o[0m
[4.835s] [ 24%] [32mBuilding CXX object CMakeFiles/auto_aim_interfaces__rosidl_typesupport_cpp.dir/rosidl_typesupport_cpp/auto_aim_interfaces/msg/debug_armor__type_support.cpp.o[0m
[4.838s] [ 25%] [32mBuilding CXX object CMakeFiles/auto_aim_interfaces__rosidl_typesupport_cpp.dir/rosidl_typesupport_cpp/auto_aim_interfaces/msg/debug_armors__type_support.cpp.o[0m
[5.378s] [ 26%] [32mBuilding CXX object CMakeFiles/auto_aim_interfaces__rosidl_typesupport_cpp.dir/rosidl_typesupport_cpp/auto_aim_interfaces/msg/tracker_info__type_support.cpp.o[0m
[5.403s] [35m[1mConsolidate compiler generated dependencies of target auto_aim_interfaces__rosidl_typesupport_introspection_cpp[0m
[5.419s] [ 27%] [32mBuilding CXX object CMakeFiles/auto_aim_interfaces__rosidl_typesupport_cpp.dir/rosidl_typesupport_cpp/auto_aim_interfaces/msg/robot_status__type_support.cpp.o[0m
[5.431s] [ 28%] [32mBuilding CXX object CMakeFiles/auto_aim_interfaces__rosidl_typesupport_cpp.dir/rosidl_typesupport_cpp/auto_aim_interfaces/msg/time_info__type_support.cpp.o[0m
[5.453s] [ 29%] [32mBuilding CXX object CMakeFiles/auto_aim_interfaces__rosidl_typesupport_introspection_cpp.dir/rosidl_typesupport_introspection_cpp/auto_aim_interfaces/msg/detail/armor__type_support.cpp.o[0m
[5.460s] [35m[1mConsolidate compiler generated dependencies of target auto_aim_interfaces__rosidl_typesupport_fastrtps_cpp[0m
[5.460s] [ 30%] [32mBuilding CXX object CMakeFiles/auto_aim_interfaces__rosidl_typesupport_introspection_cpp.dir/rosidl_typesupport_introspection_cpp/auto_aim_interfaces/msg/detail/armors__type_support.cpp.o[0m
[5.461s] [ 31%] [32mBuilding CXX object CMakeFiles/auto_aim_interfaces__rosidl_typesupport_introspection_cpp.dir/rosidl_typesupport_introspection_cpp/auto_aim_interfaces/msg/detail/target__type_support.cpp.o[0m
[5.464s] [ 32%] [32mBuilding CXX object CMakeFiles/auto_aim_interfaces__rosidl_typesupport_introspection_cpp.dir/rosidl_typesupport_introspection_cpp/auto_aim_interfaces/msg/detail/debug_light__type_support.cpp.o[0m
[5.471s] [ 33%] [32mBuilding CXX object CMakeFiles/auto_aim_interfaces__rosidl_typesupport_introspection_cpp.dir/rosidl_typesupport_introspection_cpp/auto_aim_interfaces/msg/detail/debug_lights__type_support.cpp.o[0m
[5.481s] [35m[1mConsolidate compiler generated dependencies of target auto_aim_interfaces__rosidl_typesupport_c[0m
[5.511s] [ 34%] [32mBuilding CXX object CMakeFiles/auto_aim_interfaces__rosidl_typesupport_fastrtps_cpp.dir/rosidl_typesupport_fastrtps_cpp/auto_aim_interfaces/msg/detail/dds_fastrtps/armor__type_support.cpp.o[0m
[5.524s] [ 35%] [32mBuilding CXX object CMakeFiles/auto_aim_interfaces__rosidl_typesupport_c.dir/rosidl_typesupport_c/auto_aim_interfaces/msg/armor__type_support.cpp.o[0m
[5.607s] [ 36%] [32mBuilding CXX object CMakeFiles/auto_aim_interfaces__rosidl_typesupport_c.dir/rosidl_typesupport_c/auto_aim_interfaces/msg/armors__type_support.cpp.o[0m
[5.702s] [ 37%] [32mBuilding CXX object CMakeFiles/auto_aim_interfaces__rosidl_typesupport_c.dir/rosidl_typesupport_c/auto_aim_interfaces/msg/target__type_support.cpp.o[0m
[5.795s] [ 38%] [32mBuilding CXX object CMakeFiles/auto_aim_interfaces__rosidl_typesupport_c.dir/rosidl_typesupport_c/auto_aim_interfaces/msg/debug_light__type_support.cpp.o[0m
[5.880s] [ 39%] [32mBuilding CXX object CMakeFiles/auto_aim_interfaces__rosidl_typesupport_c.dir/rosidl_typesupport_c/auto_aim_interfaces/msg/debug_lights__type_support.cpp.o[0m
[5.925s] [ 40%] [32mBuilding CXX object CMakeFiles/auto_aim_interfaces__rosidl_typesupport_c.dir/rosidl_typesupport_c/auto_aim_interfaces/msg/debug_armor__type_support.cpp.o[0m
[5.966s] [ 41%] [32mBuilding CXX object CMakeFiles/auto_aim_interfaces__rosidl_typesupport_introspection_cpp.dir/rosidl_typesupport_introspection_cpp/auto_aim_interfaces/msg/detail/debug_armor__type_support.cpp.o[0m
[6.004s] [ 42%] [32mBuilding CXX object CMakeFiles/auto_aim_interfaces__rosidl_typesupport_c.dir/rosidl_typesupport_c/auto_aim_interfaces/msg/debug_armors__type_support.cpp.o[0m
[6.016s] [ 43%] [32m[1mLinking CXX shared library libauto_aim_interfaces__rosidl_typesupport_cpp.so[0m
[6.028s] [ 44%] [32mBuilding CXX object CMakeFiles/auto_aim_interfaces__rosidl_typesupport_introspection_cpp.dir/rosidl_typesupport_introspection_cpp/auto_aim_interfaces/msg/detail/debug_armors__type_support.cpp.o[0m
[6.083s] [ 45%] [32mBuilding CXX object CMakeFiles/auto_aim_interfaces__rosidl_typesupport_c.dir/rosidl_typesupport_c/auto_aim_interfaces/msg/tracker_info__type_support.cpp.o[0m
[6.142s] [35m[1mConsolidate compiler generated dependencies of target auto_aim_interfaces__rosidl_typesupport_introspection_c[0m
[6.143s] [ 45%] Built target auto_aim_interfaces__rosidl_typesupport_cpp
[6.160s] [ 45%] [32mBuilding CXX object CMakeFiles/auto_aim_interfaces__rosidl_typesupport_c.dir/rosidl_typesupport_c/auto_aim_interfaces/msg/robot_status__type_support.cpp.o[0m
[6.170s] [ 46%] [32mBuilding CXX object CMakeFiles/auto_aim_interfaces__rosidl_typesupport_fastrtps_cpp.dir/rosidl_typesupport_fastrtps_cpp/auto_aim_interfaces/msg/detail/dds_fastrtps/armors__type_support.cpp.o[0m
[6.185s] [ 47%] [32mBuilding C object CMakeFiles/auto_aim_interfaces__rosidl_typesupport_introspection_c.dir/rosidl_typesupport_introspection_c/auto_aim_interfaces/msg/detail/armor__type_support.c.o[0m
[6.195s] [35m[1mConsolidate compiler generated dependencies of target auto_aim_interfaces__rosidl_typesupport_fastrtps_c[0m
[6.241s] [ 48%] [32mBuilding CXX object CMakeFiles/auto_aim_interfaces__rosidl_typesupport_c.dir/rosidl_typesupport_c/auto_aim_interfaces/msg/time_info__type_support.cpp.o[0m
[6.251s] [ 49%] [32mBuilding CXX object CMakeFiles/auto_aim_interfaces__rosidl_typesupport_fastrtps_c.dir/rosidl_typesupport_fastrtps_c/auto_aim_interfaces/msg/detail/armor__type_support_c.cpp.o[0m
[6.272s] [ 49%] [32mBuilding CXX object CMakeFiles/auto_aim_interfaces__rosidl_typesupport_fastrtps_cpp.dir/rosidl_typesupport_fastrtps_cpp/auto_aim_interfaces/msg/detail/dds_fastrtps/target__type_support.cpp.o[0m
[6.286s] [ 50%] [32mBuilding CXX object CMakeFiles/auto_aim_interfaces__rosidl_typesupport_fastrtps_cpp.dir/rosidl_typesupport_fastrtps_cpp/auto_aim_interfaces/msg/detail/dds_fastrtps/debug_light__type_support.cpp.o[0m
[6.303s] [ 51%] [32mBuilding C object CMakeFiles/auto_aim_interfaces__rosidl_typesupport_introspection_c.dir/rosidl_typesupport_introspection_c/auto_aim_interfaces/msg/detail/armors__type_support.c.o[0m
[6.315s] [ 52%] [32mBuilding CXX object CMakeFiles/auto_aim_interfaces__rosidl_typesupport_fastrtps_cpp.dir/rosidl_typesupport_fastrtps_cpp/auto_aim_interfaces/msg/detail/dds_fastrtps/debug_lights__type_support.cpp.o[0m
[6.333s] [ 53%] [32m[1mLinking CXX shared library libauto_aim_interfaces__rosidl_typesupport_c.so[0m
[6.361s] [ 54%] [32mBuilding CXX object CMakeFiles/auto_aim_interfaces__rosidl_typesupport_fastrtps_cpp.dir/rosidl_typesupport_fastrtps_cpp/auto_aim_interfaces/msg/detail/dds_fastrtps/debug_armor__type_support.cpp.o[0m
[6.415s] [ 55%] [32mBuilding C object CMakeFiles/auto_aim_interfaces__rosidl_typesupport_introspection_c.dir/rosidl_typesupport_introspection_c/auto_aim_interfaces/msg/detail/target__type_support.c.o[0m
[6.460s] [ 55%] Built target auto_aim_interfaces__rosidl_typesupport_c
[6.490s] [ 56%] [32mBuilding CXX object CMakeFiles/auto_aim_interfaces__rosidl_typesupport_fastrtps_cpp.dir/rosidl_typesupport_fastrtps_cpp/auto_aim_interfaces/msg/detail/dds_fastrtps/debug_armors__type_support.cpp.o[0m
[6.491s] [ 57%] [32mBuilding CXX object CMakeFiles/auto_aim_interfaces__rosidl_typesupport_fastrtps_c.dir/rosidl_typesupport_fastrtps_c/auto_aim_interfaces/msg/detail/armors__type_support_c.cpp.o[0m
[6.530s] [ 58%] [32mBuilding C object CMakeFiles/auto_aim_interfaces__rosidl_typesupport_introspection_c.dir/rosidl_typesupport_introspection_c/auto_aim_interfaces/msg/detail/debug_light__type_support.c.o[0m
[6.543s] [ 59%] [32mBuilding CXX object CMakeFiles/auto_aim_interfaces__rosidl_typesupport_introspection_cpp.dir/rosidl_typesupport_introspection_cpp/auto_aim_interfaces/msg/detail/tracker_info__type_support.cpp.o[0m
[6.640s] [ 60%] [32mBuilding C object CMakeFiles/auto_aim_interfaces__rosidl_typesupport_introspection_c.dir/rosidl_typesupport_introspection_c/auto_aim_interfaces/msg/detail/debug_lights__type_support.c.o[0m
[6.758s] [ 61%] [32mBuilding C object CMakeFiles/auto_aim_interfaces__rosidl_typesupport_introspection_c.dir/rosidl_typesupport_introspection_c/auto_aim_interfaces/msg/detail/debug_armor__type_support.c.o[0m
[6.777s] [ 62%] [32mBuilding CXX object CMakeFiles/auto_aim_interfaces__rosidl_typesupport_fastrtps_c.dir/rosidl_typesupport_fastrtps_c/auto_aim_interfaces/msg/detail/target__type_support_c.cpp.o[0m
[6.867s] [ 63%] [32mBuilding C object CMakeFiles/auto_aim_interfaces__rosidl_typesupport_introspection_c.dir/rosidl_typesupport_introspection_c/auto_aim_interfaces/msg/detail/debug_armors__type_support.c.o[0m
[6.922s] [ 64%] [32mBuilding CXX object CMakeFiles/auto_aim_interfaces__rosidl_typesupport_fastrtps_cpp.dir/rosidl_typesupport_fastrtps_cpp/auto_aim_interfaces/msg/detail/dds_fastrtps/tracker_info__type_support.cpp.o[0m
[6.960s] [ 65%] [32mBuilding C object CMakeFiles/auto_aim_interfaces__rosidl_typesupport_introspection_c.dir/rosidl_typesupport_introspection_c/auto_aim_interfaces/msg/detail/tracker_info__type_support.c.o[0m
[6.978s] [ 66%] [32mBuilding CXX object CMakeFiles/auto_aim_interfaces__rosidl_typesupport_fastrtps_cpp.dir/rosidl_typesupport_fastrtps_cpp/auto_aim_interfaces/msg/detail/dds_fastrtps/robot_status__type_support.cpp.o[0m
[7.061s] [ 67%] [32mBuilding C object CMakeFiles/auto_aim_interfaces__rosidl_typesupport_introspection_c.dir/rosidl_typesupport_introspection_c/auto_aim_interfaces/msg/detail/robot_status__type_support.c.o[0m
[7.135s] [ 68%] [32mBuilding CXX object CMakeFiles/auto_aim_interfaces__rosidl_typesupport_introspection_cpp.dir/rosidl_typesupport_introspection_cpp/auto_aim_interfaces/msg/detail/robot_status__type_support.cpp.o[0m
[7.159s] [ 69%] [32mBuilding C object CMakeFiles/auto_aim_interfaces__rosidl_typesupport_introspection_c.dir/rosidl_typesupport_introspection_c/auto_aim_interfaces/msg/detail/time_info__type_support.c.o[0m
[7.166s] [ 70%] [32mBuilding CXX object CMakeFiles/auto_aim_interfaces__rosidl_typesupport_fastrtps_c.dir/rosidl_typesupport_fastrtps_c/auto_aim_interfaces/msg/detail/debug_light__type_support_c.cpp.o[0m
[7.180s] [ 71%] [32mBuilding CXX object CMakeFiles/auto_aim_interfaces__rosidl_typesupport_introspection_cpp.dir/rosidl_typesupport_introspection_cpp/auto_aim_interfaces/msg/detail/time_info__type_support.cpp.o[0m
[7.223s] [ 72%] [32mBuilding CXX object CMakeFiles/auto_aim_interfaces__rosidl_typesupport_fastrtps_c.dir/rosidl_typesupport_fastrtps_c/auto_aim_interfaces/msg/detail/debug_lights__type_support_c.cpp.o[0m
[7.225s] [ 73%] [32mBuilding CXX object CMakeFiles/auto_aim_interfaces__rosidl_typesupport_fastrtps_cpp.dir/rosidl_typesupport_fastrtps_cpp/auto_aim_interfaces/msg/detail/dds_fastrtps/time_info__type_support.cpp.o[0m
[7.261s] [ 74%] [32mBuilding CXX object CMakeFiles/auto_aim_interfaces__rosidl_typesupport_fastrtps_c.dir/rosidl_typesupport_fastrtps_c/auto_aim_interfaces/msg/detail/debug_armor__type_support_c.cpp.o[0m
[7.263s] [ 75%] [32m[1mLinking C shared library libauto_aim_interfaces__rosidl_typesupport_introspection_c.so[0m
[7.359s] [ 75%] Built target auto_aim_interfaces__rosidl_typesupport_introspection_c
[7.388s] [ 76%] [32mBuilding CXX object CMakeFiles/auto_aim_interfaces__rosidl_typesupport_fastrtps_c.dir/rosidl_typesupport_fastrtps_c/auto_aim_interfaces/msg/detail/debug_armors__type_support_c.cpp.o[0m
[7.429s] [ 77%] [32mBuilding CXX object CMakeFiles/auto_aim_interfaces__rosidl_typesupport_fastrtps_c.dir/rosidl_typesupport_fastrtps_c/auto_aim_interfaces/msg/detail/tracker_info__type_support_c.cpp.o[0m
[7.520s] [ 79%] [32mBuilding CXX object CMakeFiles/auto_aim_interfaces__rosidl_typesupport_fastrtps_c.dir/rosidl_typesupport_fastrtps_c/auto_aim_interfaces/msg/detail/time_info__type_support_c.cpp.o[0m
[7.520s] [ 79%] [32mBuilding CXX object CMakeFiles/auto_aim_interfaces__rosidl_typesupport_fastrtps_c.dir/rosidl_typesupport_fastrtps_c/auto_aim_interfaces/msg/detail/robot_status__type_support_c.cpp.o[0m
[7.987s] [ 80%] [32m[1mLinking CXX shared library libauto_aim_interfaces__rosidl_typesupport_introspection_cpp.so[0m
[7.990s] [ 81%] [32m[1mLinking CXX shared library libauto_aim_interfaces__rosidl_typesupport_fastrtps_cpp.so[0m
[8.159s] [ 81%] Built target auto_aim_interfaces__rosidl_typesupport_introspection_cpp
[8.162s] [ 81%] Built target auto_aim_interfaces__rosidl_typesupport_fastrtps_cpp
[8.170s] [ 82%] [32m[1mLinking CXX shared library libauto_aim_interfaces__rosidl_typesupport_fastrtps_c.so[0m
[8.328s] [ 82%] Built target auto_aim_interfaces__rosidl_typesupport_fastrtps_c
[8.386s] [ 82%] Built target auto_aim_interfaces
[8.443s] [ 83%] [34m[1mGenerating Python code for ROS interfaces[0m
[9.988s] [ 83%] Built target auto_aim_interfaces__py
[10.014s] [35m[1mConsolidate compiler generated dependencies of target auto_aim_interfaces__rosidl_generator_py[0m
[10.046s] [ 85%] [32mBuilding C object CMakeFiles/auto_aim_interfaces__rosidl_generator_py.dir/rosidl_generator_py/auto_aim_interfaces/msg/_target_s.c.o[0m
[10.046s] [ 85%] [32mBuilding C object CMakeFiles/auto_aim_interfaces__rosidl_generator_py.dir/rosidl_generator_py/auto_aim_interfaces/msg/_armor_s.c.o[0m
[10.046s] [ 87%] [32mBuilding C object CMakeFiles/auto_aim_interfaces__rosidl_generator_py.dir/rosidl_generator_py/auto_aim_interfaces/msg/_armors_s.c.o[0m
[10.046s] [ 87%] [32mBuilding C object CMakeFiles/auto_aim_interfaces__rosidl_generator_py.dir/rosidl_generator_py/auto_aim_interfaces/msg/_debug_light_s.c.o[0m
[10.049s] [ 89%] [32mBuilding C object CMakeFiles/auto_aim_interfaces__rosidl_generator_py.dir/rosidl_generator_py/auto_aim_interfaces/msg/_debug_lights_s.c.o[0m
[10.049s] [ 89%] [32mBuilding C object CMakeFiles/auto_aim_interfaces__rosidl_generator_py.dir/rosidl_generator_py/auto_aim_interfaces/msg/_debug_armors_s.c.o[0m
[10.049s] [ 91%] [32mBuilding C object CMakeFiles/auto_aim_interfaces__rosidl_generator_py.dir/rosidl_generator_py/auto_aim_interfaces/msg/_tracker_info_s.c.o[0m
[10.049s] [ 91%] [32mBuilding C object CMakeFiles/auto_aim_interfaces__rosidl_generator_py.dir/rosidl_generator_py/auto_aim_interfaces/msg/_debug_armor_s.c.o[0m
[10.051s] [ 92%] [32mBuilding C object CMakeFiles/auto_aim_interfaces__rosidl_generator_py.dir/rosidl_generator_py/auto_aim_interfaces/msg/_robot_status_s.c.o[0m
[10.052s] [ 93%] [32mBuilding C object CMakeFiles/auto_aim_interfaces__rosidl_generator_py.dir/rosidl_generator_py/auto_aim_interfaces/msg/_time_info_s.c.o[0m
[10.236s] [ 94%] [32m[1mLinking C shared library rosidl_generator_py/auto_aim_interfaces/libauto_aim_interfaces__rosidl_generator_py.so[0m
[10.311s] [ 94%] Built target auto_aim_interfaces__rosidl_generator_py
[10.330s] [35m[1mConsolidate compiler generated dependencies of target auto_aim_interfaces__rosidl_typesupport_introspection_c__pyext[0m
[10.332s] [35m[1mConsolidate compiler generated dependencies of target auto_aim_interfaces__rosidl_typesupport_fastrtps_c__pyext[0m
[10.335s] [35m[1mConsolidate compiler generated dependencies of target auto_aim_interfaces__rosidl_typesupport_c__pyext[0m
[10.350s] [ 95%] [32mBuilding C object CMakeFiles/auto_aim_interfaces__rosidl_typesupport_introspection_c__pyext.dir/rosidl_generator_py/auto_aim_interfaces/_auto_aim_interfaces_s.ep.rosidl_typesupport_introspection_c.c.o[0m
[10.357s] [ 97%] [32mBuilding C object CMakeFiles/auto_aim_interfaces__rosidl_typesupport_fastrtps_c__pyext.dir/rosidl_generator_py/auto_aim_interfaces/_auto_aim_interfaces_s.ep.rosidl_typesupport_fastrtps_c.c.o[0m
[10.357s] [ 97%] [32mBuilding C object CMakeFiles/auto_aim_interfaces__rosidl_typesupport_c__pyext.dir/rosidl_generator_py/auto_aim_interfaces/_auto_aim_interfaces_s.ep.rosidl_typesupport_c.c.o[0m
[10.501s] [ 98%] [32m[1mLinking C shared library rosidl_generator_py/auto_aim_interfaces/auto_aim_interfaces_s__rosidl_typesupport_introspection_c.cpython-310-x86_64-linux-gnu.so[0m
[10.503s] [ 99%] [32m[1mLinking C shared library rosidl_generator_py/auto_aim_interfaces/auto_aim_interfaces_s__rosidl_typesupport_c.cpython-310-x86_64-linux-gnu.so[0m
[10.507s] [100%] [32m[1mLinking C shared library rosidl_generator_py/auto_aim_interfaces/auto_aim_interfaces_s__rosidl_typesupport_fastrtps_c.cpython-310-x86_64-linux-gnu.so[0m
[10.555s] [100%] Built target auto_aim_interfaces__rosidl_typesupport_introspection_c__pyext
[10.564s] [100%] Built target auto_aim_interfaces__rosidl_typesupport_c__pyext
[10.577s] [100%] Built target auto_aim_interfaces__rosidl_typesupport_fastrtps_c__pyext
[10.597s] Invoked command in '/home/luis/azure_sky_ros2/build/auto_aim_interfaces' returned '0': CMAKE_PREFIX_PATH=${CMAKE_PREFIX_PATH}:/opt/ros/humble /usr/bin/cmake --build /home/luis/azure_sky_ros2/build/auto_aim_interfaces -- -j12 -l12
[10.599s] Invoking command in '/home/luis/azure_sky_ros2/build/auto_aim_interfaces': CMAKE_PREFIX_PATH=${CMAKE_PREFIX_PATH}:/opt/ros/humble /usr/bin/cmake --install /home/luis/azure_sky_ros2/build/auto_aim_interfaces
[10.620s] -- Install configuration: ""
[10.620s] -- Up-to-date: /home/luis/azure_sky_ros2/install/auto_aim_interfaces/share/ament_index/resource_index/rosidl_interfaces/auto_aim_interfaces
[10.621s] -- Up-to-date: /home/luis/azure_sky_ros2/install/auto_aim_interfaces/include/auto_aim_interfaces/auto_aim_interfaces
[10.621s] -- Up-to-date: /home/luis/azure_sky_ros2/install/auto_aim_interfaces/include/auto_aim_interfaces/auto_aim_interfaces/msg
[10.621s] -- Installing: /home/luis/azure_sky_ros2/install/auto_aim_interfaces/include/auto_aim_interfaces/auto_aim_interfaces/msg/debug_armors.h
[10.621s] -- Up-to-date: /home/luis/azure_sky_ros2/install/auto_aim_interfaces/include/auto_aim_interfaces/auto_aim_interfaces/msg/detail
[10.621s] -- Installing: /home/luis/azure_sky_ros2/install/auto_aim_interfaces/include/auto_aim_interfaces/auto_aim_interfaces/msg/detail/robot_status__functions.c
[10.622s] -- Installing: /home/luis/azure_sky_ros2/install/auto_aim_interfaces/include/auto_aim_interfaces/auto_aim_interfaces/msg/detail/debug_light__functions.h
[10.622s] -- Installing: /home/luis/azure_sky_ros2/install/auto_aim_interfaces/include/auto_aim_interfaces/auto_aim_interfaces/msg/detail/armors__struct.h
[10.622s] -- Installing: /home/luis/azure_sky_ros2/install/auto_aim_interfaces/include/auto_aim_interfaces/auto_aim_interfaces/msg/detail/tracker_info__functions.c
[10.622s] -- Installing: /home/luis/azure_sky_ros2/install/auto_aim_interfaces/include/auto_aim_interfaces/auto_aim_interfaces/msg/detail/time_info__functions.h
[10.622s] -- Installing: /home/luis/azure_sky_ros2/install/auto_aim_interfaces/include/auto_aim_interfaces/auto_aim_interfaces/msg/detail/debug_light__functions.c
[10.622s] -- Installing: /home/luis/azure_sky_ros2/install/auto_aim_interfaces/include/auto_aim_interfaces/auto_aim_interfaces/msg/detail/target__type_support.h
[10.623s] -- Installing: /home/luis/azure_sky_ros2/install/auto_aim_interfaces/include/auto_aim_interfaces/auto_aim_interfaces/msg/detail/tracker_info__functions.h
[10.623s] -- Installing: /home/luis/azure_sky_ros2/install/auto_aim_interfaces/include/auto_aim_interfaces/auto_aim_interfaces/msg/detail/time_info__struct.h
[10.623s] -- Installing: /home/luis/azure_sky_ros2/install/auto_aim_interfaces/include/auto_aim_interfaces/auto_aim_interfaces/msg/detail/debug_lights__functions.h
[10.623s] -- Installing: /home/luis/azure_sky_ros2/install/auto_aim_interfaces/include/auto_aim_interfaces/auto_aim_interfaces/msg/detail/debug_light__type_support.h
[10.623s] -- Installing: /home/luis/azure_sky_ros2/install/auto_aim_interfaces/include/auto_aim_interfaces/auto_aim_interfaces/msg/detail/armors__functions.h
[10.623s] -- Installing: /home/luis/azure_sky_ros2/install/auto_aim_interfaces/include/auto_aim_interfaces/auto_aim_interfaces/msg/detail/robot_status__functions.h
[10.624s] -- Installing: /home/luis/azure_sky_ros2/install/auto_aim_interfaces/include/auto_aim_interfaces/auto_aim_interfaces/msg/detail/debug_lights__functions.c
[10.624s] -- Installing: /home/luis/azure_sky_ros2/install/auto_aim_interfaces/include/auto_aim_interfaces/auto_aim_interfaces/msg/detail/debug_lights__struct.h
[10.624s] -- Installing: /home/luis/azure_sky_ros2/install/auto_aim_interfaces/include/auto_aim_interfaces/auto_aim_interfaces/msg/detail/debug_armor__type_support.h
[10.624s] -- Installing: /home/luis/azure_sky_ros2/install/auto_aim_interfaces/include/auto_aim_interfaces/auto_aim_interfaces/msg/detail/tracker_info__type_support.h
[10.624s] -- Installing: /home/luis/azure_sky_ros2/install/auto_aim_interfaces/include/auto_aim_interfaces/auto_aim_interfaces/msg/detail/armor__functions.c
[10.624s] -- Installing: /home/luis/azure_sky_ros2/install/auto_aim_interfaces/include/auto_aim_interfaces/auto_aim_interfaces/msg/detail/target__functions.c
[10.625s] -- Installing: /home/luis/azure_sky_ros2/install/auto_aim_interfaces/include/auto_aim_interfaces/auto_aim_interfaces/msg/detail/target__functions.h
[10.625s] -- Installing: /home/luis/azure_sky_ros2/install/auto_aim_interfaces/include/auto_aim_interfaces/auto_aim_interfaces/msg/detail/tracker_info__struct.h
[10.625s] -- Installing: /home/luis/azure_sky_ros2/install/auto_aim_interfaces/include/auto_aim_interfaces/auto_aim_interfaces/msg/detail/debug_armors__type_support.h
[10.625s] -- Installing: /home/luis/azure_sky_ros2/install/auto_aim_interfaces/include/auto_aim_interfaces/auto_aim_interfaces/msg/detail/armors__type_support.h
[10.625s] -- Installing: /home/luis/azure_sky_ros2/install/auto_aim_interfaces/include/auto_aim_interfaces/auto_aim_interfaces/msg/detail/robot_status__struct.h
[10.625s] -- Installing: /home/luis/azure_sky_ros2/install/auto_aim_interfaces/include/auto_aim_interfaces/auto_aim_interfaces/msg/detail/debug_armors__functions.c
[10.625s] -- Installing: /home/luis/azure_sky_ros2/install/auto_aim_interfaces/include/auto_aim_interfaces/auto_aim_interfaces/msg/detail/time_info__type_support.h
[10.626s] -- Installing: /home/luis/azure_sky_ros2/install/auto_aim_interfaces/include/auto_aim_interfaces/auto_aim_interfaces/msg/detail/armor__functions.h
[10.626s] -- Installing: /home/luis/azure_sky_ros2/install/auto_aim_interfaces/include/auto_aim_interfaces/auto_aim_interfaces/msg/detail/debug_armors__struct.h
[10.626s] -- Installing: /home/luis/azure_sky_ros2/install/auto_aim_interfaces/include/auto_aim_interfaces/auto_aim_interfaces/msg/detail/debug_armors__functions.h
[10.626s] -- Installing: /home/luis/azure_sky_ros2/install/auto_aim_interfaces/include/auto_aim_interfaces/auto_aim_interfaces/msg/detail/armor__type_support.h
[10.626s] -- Installing: /home/luis/azure_sky_ros2/install/auto_aim_interfaces/include/auto_aim_interfaces/auto_aim_interfaces/msg/detail/debug_light__struct.h
[10.627s] -- Installing: /home/luis/azure_sky_ros2/install/auto_aim_interfaces/include/auto_aim_interfaces/auto_aim_interfaces/msg/detail/debug_armor__functions.c
[10.627s] -- Installing: /home/luis/azure_sky_ros2/install/auto_aim_interfaces/include/auto_aim_interfaces/auto_aim_interfaces/msg/detail/armors__functions.c
[10.627s] -- Installing: /home/luis/azure_sky_ros2/install/auto_aim_interfaces/include/auto_aim_interfaces/auto_aim_interfaces/msg/detail/debug_armor__functions.h
[10.627s] -- Installing: /home/luis/azure_sky_ros2/install/auto_aim_interfaces/include/auto_aim_interfaces/auto_aim_interfaces/msg/detail/armor__struct.h
[10.627s] -- Installing: /home/luis/azure_sky_ros2/install/auto_aim_interfaces/include/auto_aim_interfaces/auto_aim_interfaces/msg/detail/robot_status__type_support.h
[10.627s] -- Installing: /home/luis/azure_sky_ros2/install/auto_aim_interfaces/include/auto_aim_interfaces/auto_aim_interfaces/msg/detail/debug_lights__type_support.h
[10.628s] -- Installing: /home/luis/azure_sky_ros2/install/auto_aim_interfaces/include/auto_aim_interfaces/auto_aim_interfaces/msg/detail/target__struct.h
[10.628s] -- Installing: /home/luis/azure_sky_ros2/install/auto_aim_interfaces/include/auto_aim_interfaces/auto_aim_interfaces/msg/detail/time_info__functions.c
[10.628s] -- Installing: /home/luis/azure_sky_ros2/install/auto_aim_interfaces/include/auto_aim_interfaces/auto_aim_interfaces/msg/detail/debug_armor__struct.h
[10.628s] -- Up-to-date: /home/luis/azure_sky_ros2/install/auto_aim_interfaces/include/auto_aim_interfaces/auto_aim_interfaces/msg/rosidl_generator_c__visibility_control.h
[10.628s] -- Installing: /home/luis/azure_sky_ros2/install/auto_aim_interfaces/include/auto_aim_interfaces/auto_aim_interfaces/msg/debug_lights.h
[10.628s] -- Installing: /home/luis/azure_sky_ros2/install/auto_aim_interfaces/include/auto_aim_interfaces/auto_aim_interfaces/msg/debug_armor.h
[10.629s] -- Installing: /home/luis/azure_sky_ros2/install/auto_aim_interfaces/include/auto_aim_interfaces/auto_aim_interfaces/msg/robot_status.h
[10.629s] -- Installing: /home/luis/azure_sky_ros2/install/auto_aim_interfaces/include/auto_aim_interfaces/auto_aim_interfaces/msg/target.h
[10.629s] -- Installing: /home/luis/azure_sky_ros2/install/auto_aim_interfaces/include/auto_aim_interfaces/auto_aim_interfaces/msg/time_info.h
[10.629s] -- Installing: /home/luis/azure_sky_ros2/install/auto_aim_interfaces/include/auto_aim_interfaces/auto_aim_interfaces/msg/tracker_info.h
[10.629s] -- Installing: /home/luis/azure_sky_ros2/install/auto_aim_interfaces/include/auto_aim_interfaces/auto_aim_interfaces/msg/armor.h
[10.630s] -- Installing: /home/luis/azure_sky_ros2/install/auto_aim_interfaces/include/auto_aim_interfaces/auto_aim_interfaces/msg/armors.h
[10.630s] -- Installing: /home/luis/azure_sky_ros2/install/auto_aim_interfaces/include/auto_aim_interfaces/auto_aim_interfaces/msg/debug_light.h
[10.630s] -- Up-to-date: /home/luis/azure_sky_ros2/install/auto_aim_interfaces/share/auto_aim_interfaces/environment/library_path.sh
[10.630s] -- Installing: /home/luis/azure_sky_ros2/install/auto_aim_interfaces/share/auto_aim_interfaces/environment/library_path.dsv
[10.630s] -- Installing: /home/luis/azure_sky_ros2/install/auto_aim_interfaces/lib/libauto_aim_interfaces__rosidl_generator_c.so
[10.630s] -- Set runtime path of "/home/luis/azure_sky_ros2/install/auto_aim_interfaces/lib/libauto_aim_interfaces__rosidl_generator_c.so" to ""
[10.630s] -- Up-to-date: /home/luis/azure_sky_ros2/install/auto_aim_interfaces/include/auto_aim_interfaces/auto_aim_interfaces
[10.631s] -- Up-to-date: /home/luis/azure_sky_ros2/install/auto_aim_interfaces/include/auto_aim_interfaces/auto_aim_interfaces/msg
[10.631s] -- Up-to-date: /home/luis/azure_sky_ros2/install/auto_aim_interfaces/include/auto_aim_interfaces/auto_aim_interfaces/msg/rosidl_typesupport_fastrtps_c__visibility_control.h
[10.631s] -- Up-to-date: /home/luis/azure_sky_ros2/install/auto_aim_interfaces/include/auto_aim_interfaces/auto_aim_interfaces/msg/detail
[10.631s] -- Installing: /home/luis/azure_sky_ros2/install/auto_aim_interfaces/include/auto_aim_interfaces/auto_aim_interfaces/msg/detail/debug_armor__rosidl_typesupport_fastrtps_c.h
[10.631s] -- Installing: /home/luis/azure_sky_ros2/install/auto_aim_interfaces/include/auto_aim_interfaces/auto_aim_interfaces/msg/detail/armor__rosidl_typesupport_fastrtps_c.h
[10.631s] -- Installing: /home/luis/azure_sky_ros2/install/auto_aim_interfaces/include/auto_aim_interfaces/auto_aim_interfaces/msg/detail/time_info__rosidl_typesupport_fastrtps_c.h
[10.632s] -- Installing: /home/luis/azure_sky_ros2/install/auto_aim_interfaces/include/auto_aim_interfaces/auto_aim_interfaces/msg/detail/debug_lights__rosidl_typesupport_fastrtps_c.h
[10.632s] -- Installing: /home/luis/azure_sky_ros2/install/auto_aim_interfaces/include/auto_aim_interfaces/auto_aim_interfaces/msg/detail/tracker_info__rosidl_typesupport_fastrtps_c.h
[10.632s] -- Installing: /home/luis/azure_sky_ros2/install/auto_aim_interfaces/include/auto_aim_interfaces/auto_aim_interfaces/msg/detail/robot_status__rosidl_typesupport_fastrtps_c.h
[10.632s] -- Installing: /home/luis/azure_sky_ros2/install/auto_aim_interfaces/include/auto_aim_interfaces/auto_aim_interfaces/msg/detail/armors__rosidl_typesupport_fastrtps_c.h
[10.632s] -- Installing: /home/luis/azure_sky_ros2/install/auto_aim_interfaces/include/auto_aim_interfaces/auto_aim_interfaces/msg/detail/debug_armors__rosidl_typesupport_fastrtps_c.h
[10.632s] -- Installing: /home/luis/azure_sky_ros2/install/auto_aim_interfaces/include/auto_aim_interfaces/auto_aim_interfaces/msg/detail/debug_light__rosidl_typesupport_fastrtps_c.h
[10.633s] -- Installing: /home/luis/azure_sky_ros2/install/auto_aim_interfaces/include/auto_aim_interfaces/auto_aim_interfaces/msg/detail/target__rosidl_typesupport_fastrtps_c.h
[10.633s] -- Installing: /home/luis/azure_sky_ros2/install/auto_aim_interfaces/lib/libauto_aim_interfaces__rosidl_typesupport_fastrtps_c.so
[10.633s] -- Set runtime path of "/home/luis/azure_sky_ros2/install/auto_aim_interfaces/lib/libauto_aim_interfaces__rosidl_typesupport_fastrtps_c.so" to ""
[10.633s] -- Up-to-date: /home/luis/azure_sky_ros2/install/auto_aim_interfaces/include/auto_aim_interfaces/auto_aim_interfaces
[10.633s] -- Up-to-date: /home/luis/azure_sky_ros2/install/auto_aim_interfaces/include/auto_aim_interfaces/auto_aim_interfaces/msg
[10.633s] -- Up-to-date: /home/luis/azure_sky_ros2/install/auto_aim_interfaces/include/auto_aim_interfaces/auto_aim_interfaces/msg/detail
[10.634s] -- Installing: /home/luis/azure_sky_ros2/install/auto_aim_interfaces/include/auto_aim_interfaces/auto_aim_interfaces/msg/detail/debug_armor__type_support.c
[10.634s] -- Installing: /home/luis/azure_sky_ros2/install/auto_aim_interfaces/include/auto_aim_interfaces/auto_aim_interfaces/msg/detail/tracker_info__type_support.c
[10.634s] -- Installing: /home/luis/azure_sky_ros2/install/auto_aim_interfaces/include/auto_aim_interfaces/auto_aim_interfaces/msg/detail/armors__type_support.c
[10.634s] -- Installing: /home/luis/azure_sky_ros2/install/auto_aim_interfaces/include/auto_aim_interfaces/auto_aim_interfaces/msg/detail/robot_status__rosidl_typesupport_introspection_c.h
[10.634s] -- Installing: /home/luis/azure_sky_ros2/install/auto_aim_interfaces/include/auto_aim_interfaces/auto_aim_interfaces/msg/detail/armor__rosidl_typesupport_introspection_c.h
[10.634s] -- Installing: /home/luis/azure_sky_ros2/install/auto_aim_interfaces/include/auto_aim_interfaces/auto_aim_interfaces/msg/detail/time_info__type_support.c
[10.634s] -- Installing: /home/luis/azure_sky_ros2/install/auto_aim_interfaces/include/auto_aim_interfaces/auto_aim_interfaces/msg/detail/debug_light__type_support.c
[10.635s] -- Installing: /home/luis/azure_sky_ros2/install/auto_aim_interfaces/include/auto_aim_interfaces/auto_aim_interfaces/msg/detail/debug_armors__type_support.c
[10.635s] -- Installing: /home/luis/azure_sky_ros2/install/auto_aim_interfaces/include/auto_aim_interfaces/auto_aim_interfaces/msg/detail/debug_armors__rosidl_typesupport_introspection_c.h
[10.635s] -- Installing: /home/luis/azure_sky_ros2/install/auto_aim_interfaces/include/auto_aim_interfaces/auto_aim_interfaces/msg/detail/target__rosidl_typesupport_introspection_c.h
[10.635s] -- Installing: /home/luis/azure_sky_ros2/install/auto_aim_interfaces/include/auto_aim_interfaces/auto_aim_interfaces/msg/detail/debug_lights__rosidl_typesupport_introspection_c.h
[10.635s] -- Installing: /home/luis/azure_sky_ros2/install/auto_aim_interfaces/include/auto_aim_interfaces/auto_aim_interfaces/msg/detail/armors__rosidl_typesupport_introspection_c.h
[10.635s] -- Installing: /home/luis/azure_sky_ros2/install/auto_aim_interfaces/include/auto_aim_interfaces/auto_aim_interfaces/msg/detail/debug_lights__type_support.c
[10.636s] -- Installing: /home/luis/azure_sky_ros2/install/auto_aim_interfaces/include/auto_aim_interfaces/auto_aim_interfaces/msg/detail/robot_status__type_support.c
[10.636s] -- Installing: /home/luis/azure_sky_ros2/install/auto_aim_interfaces/include/auto_aim_interfaces/auto_aim_interfaces/msg/detail/debug_light__rosidl_typesupport_introspection_c.h
[10.636s] -- Installing: /home/luis/azure_sky_ros2/install/auto_aim_interfaces/include/auto_aim_interfaces/auto_aim_interfaces/msg/detail/armor__type_support.c
[10.636s] -- Installing: /home/luis/azure_sky_ros2/install/auto_aim_interfaces/include/auto_aim_interfaces/auto_aim_interfaces/msg/detail/tracker_info__rosidl_typesupport_introspection_c.h
[10.636s] -- Installing: /home/luis/azure_sky_ros2/install/auto_aim_interfaces/include/auto_aim_interfaces/auto_aim_interfaces/msg/detail/target__type_support.c
[10.636s] -- Installing: /home/luis/azure_sky_ros2/install/auto_aim_interfaces/include/auto_aim_interfaces/auto_aim_interfaces/msg/detail/time_info__rosidl_typesupport_introspection_c.h
[10.637s] -- Installing: /home/luis/azure_sky_ros2/install/auto_aim_interfaces/include/auto_aim_interfaces/auto_aim_interfaces/msg/detail/debug_armor__rosidl_typesupport_introspection_c.h
[10.637s] -- Up-to-date: /home/luis/azure_sky_ros2/install/auto_aim_interfaces/include/auto_aim_interfaces/auto_aim_interfaces/msg/rosidl_typesupport_introspection_c__visibility_control.h
[10.637s] -- Installing: /home/luis/azure_sky_ros2/install/auto_aim_interfaces/lib/libauto_aim_interfaces__rosidl_typesupport_introspection_c.so
[10.637s] -- Set runtime path of "/home/luis/azure_sky_ros2/install/auto_aim_interfaces/lib/libauto_aim_interfaces__rosidl_typesupport_introspection_c.so" to ""
[10.637s] -- Installing: /home/luis/azure_sky_ros2/install/auto_aim_interfaces/lib/libauto_aim_interfaces__rosidl_typesupport_c.so
[10.637s] -- Set runtime path of "/home/luis/azure_sky_ros2/install/auto_aim_interfaces/lib/libauto_aim_interfaces__rosidl_typesupport_c.so" to ""
[10.638s] -- Up-to-date: /home/luis/azure_sky_ros2/install/auto_aim_interfaces/include/auto_aim_interfaces/auto_aim_interfaces
[10.638s] -- Up-to-date: /home/luis/azure_sky_ros2/install/auto_aim_interfaces/include/auto_aim_interfaces/auto_aim_interfaces/msg
[10.638s] -- Installing: /home/luis/azure_sky_ros2/install/auto_aim_interfaces/include/auto_aim_interfaces/auto_aim_interfaces/msg/time_info.hpp
[10.638s] -- Installing: /home/luis/azure_sky_ros2/install/auto_aim_interfaces/include/auto_aim_interfaces/auto_aim_interfaces/msg/armors.hpp
[10.638s] -- Up-to-date: /home/luis/azure_sky_ros2/install/auto_aim_interfaces/include/auto_aim_interfaces/auto_aim_interfaces/msg/detail
[10.638s] -- Installing: /home/luis/azure_sky_ros2/install/auto_aim_interfaces/include/auto_aim_interfaces/auto_aim_interfaces/msg/detail/armor__traits.hpp
[10.639s] -- Installing: /home/luis/azure_sky_ros2/install/auto_aim_interfaces/include/auto_aim_interfaces/auto_aim_interfaces/msg/detail/debug_armors__builder.hpp
[10.639s] -- Installing: /home/luis/azure_sky_ros2/install/auto_aim_interfaces/include/auto_aim_interfaces/auto_aim_interfaces/msg/detail/armors__struct.hpp
[10.639s] -- Installing: /home/luis/azure_sky_ros2/install/auto_aim_interfaces/include/auto_aim_interfaces/auto_aim_interfaces/msg/detail/time_info__traits.hpp
[10.639s] -- Installing: /home/luis/azure_sky_ros2/install/auto_aim_interfaces/include/auto_aim_interfaces/auto_aim_interfaces/msg/detail/debug_lights__traits.hpp
[10.639s] -- Installing: /home/luis/azure_sky_ros2/install/auto_aim_interfaces/include/auto_aim_interfaces/auto_aim_interfaces/msg/detail/tracker_info__builder.hpp
[10.639s] -- Installing: /home/luis/azure_sky_ros2/install/auto_aim_interfaces/include/auto_aim_interfaces/auto_aim_interfaces/msg/detail/debug_lights__builder.hpp
[10.639s] -- Installing: /home/luis/azure_sky_ros2/install/auto_aim_interfaces/include/auto_aim_interfaces/auto_aim_interfaces/msg/detail/robot_status__builder.hpp
[10.640s] -- Installing: /home/luis/azure_sky_ros2/install/auto_aim_interfaces/include/auto_aim_interfaces/auto_aim_interfaces/msg/detail/armor__builder.hpp
[10.640s] -- Installing: /home/luis/azure_sky_ros2/install/auto_aim_interfaces/include/auto_aim_interfaces/auto_aim_interfaces/msg/detail/tracker_info__traits.hpp
[10.640s] -- Installing: /home/luis/azure_sky_ros2/install/auto_aim_interfaces/include/auto_aim_interfaces/auto_aim_interfaces/msg/detail/debug_lights__struct.hpp
[10.640s] -- Installing: /home/luis/azure_sky_ros2/install/auto_aim_interfaces/include/auto_aim_interfaces/auto_aim_interfaces/msg/detail/target__builder.hpp
[10.640s] -- Installing: /home/luis/azure_sky_ros2/install/auto_aim_interfaces/include/auto_aim_interfaces/auto_aim_interfaces/msg/detail/tracker_info__type_support.hpp
[10.640s] -- Installing: /home/luis/azure_sky_ros2/install/auto_aim_interfaces/include/auto_aim_interfaces/auto_aim_interfaces/msg/detail/time_info__builder.hpp
[10.641s] -- Installing: /home/luis/azure_sky_ros2/install/auto_aim_interfaces/include/auto_aim_interfaces/auto_aim_interfaces/msg/detail/armors__builder.hpp
[10.641s] -- Installing: /home/luis/azure_sky_ros2/install/auto_aim_interfaces/include/auto_aim_interfaces/auto_aim_interfaces/msg/detail/armors__type_support.hpp
[10.641s] -- Installing: /home/luis/azure_sky_ros2/install/auto_aim_interfaces/include/auto_aim_interfaces/auto_aim_interfaces/msg/detail/time_info__type_support.hpp
[10.641s] -- Installing: /home/luis/azure_sky_ros2/install/auto_aim_interfaces/include/auto_aim_interfaces/auto_aim_interfaces/msg/detail/debug_light__traits.hpp
[10.641s] -- Installing: /home/luis/azure_sky_ros2/install/auto_aim_interfaces/include/auto_aim_interfaces/auto_aim_interfaces/msg/detail/debug_armor__type_support.hpp
[10.641s] -- Installing: /home/luis/azure_sky_ros2/install/auto_aim_interfaces/include/auto_aim_interfaces/auto_aim_interfaces/msg/detail/debug_armor__struct.hpp
[10.641s] -- Installing: /home/luis/azure_sky_ros2/install/auto_aim_interfaces/include/auto_aim_interfaces/auto_aim_interfaces/msg/detail/armors__traits.hpp
[10.642s] -- Installing: /home/luis/azure_sky_ros2/install/auto_aim_interfaces/include/auto_aim_interfaces/auto_aim_interfaces/msg/detail/debug_light__builder.hpp
[10.642s] -- Installing: /home/luis/azure_sky_ros2/install/auto_aim_interfaces/include/auto_aim_interfaces/auto_aim_interfaces/msg/detail/target__type_support.hpp
[10.642s] -- Installing: /home/luis/azure_sky_ros2/install/auto_aim_interfaces/include/auto_aim_interfaces/auto_aim_interfaces/msg/detail/armor__struct.hpp
[10.642s] -- Installing: /home/luis/azure_sky_ros2/install/auto_aim_interfaces/include/auto_aim_interfaces/auto_aim_interfaces/msg/detail/debug_light__struct.hpp
[10.642s] -- Installing: /home/luis/azure_sky_ros2/install/auto_aim_interfaces/include/auto_aim_interfaces/auto_aim_interfaces/msg/detail/target__traits.hpp
[10.643s] -- Installing: /home/luis/azure_sky_ros2/install/auto_aim_interfaces/include/auto_aim_interfaces/auto_aim_interfaces/msg/detail/debug_armor__builder.hpp
[10.643s] -- Installing: /home/luis/azure_sky_ros2/install/auto_aim_interfaces/include/auto_aim_interfaces/auto_aim_interfaces/msg/detail/debug_armor__traits.hpp
[10.643s] -- Installing: /home/luis/azure_sky_ros2/install/auto_aim_interfaces/include/auto_aim_interfaces/auto_aim_interfaces/msg/detail/tracker_info__struct.hpp
[10.643s] -- Installing: /home/luis/azure_sky_ros2/install/auto_aim_interfaces/include/auto_aim_interfaces/auto_aim_interfaces/msg/detail/armor__type_support.hpp
[10.643s] -- Installing: /home/luis/azure_sky_ros2/install/auto_aim_interfaces/include/auto_aim_interfaces/auto_aim_interfaces/msg/detail/debug_armors__type_support.hpp
[10.643s] -- Installing: /home/luis/azure_sky_ros2/install/auto_aim_interfaces/include/auto_aim_interfaces/auto_aim_interfaces/msg/detail/debug_armors__struct.hpp
[10.644s] -- Installing: /home/luis/azure_sky_ros2/install/auto_aim_interfaces/include/auto_aim_interfaces/auto_aim_interfaces/msg/detail/debug_armors__traits.hpp
[10.644s] -- Installing: /home/luis/azure_sky_ros2/install/auto_aim_interfaces/include/auto_aim_interfaces/auto_aim_interfaces/msg/detail/robot_status__traits.hpp
[10.644s] -- Installing: /home/luis/azure_sky_ros2/install/auto_aim_interfaces/include/auto_aim_interfaces/auto_aim_interfaces/msg/detail/time_info__struct.hpp
[10.644s] -- Installing: /home/luis/azure_sky_ros2/install/auto_aim_interfaces/include/auto_aim_interfaces/auto_aim_interfaces/msg/detail/robot_status__type_support.hpp
[10.644s] -- Installing: /home/luis/azure_sky_ros2/install/auto_aim_interfaces/include/auto_aim_interfaces/auto_aim_interfaces/msg/detail/target__struct.hpp
[10.644s] -- Installing: /home/luis/azure_sky_ros2/install/auto_aim_interfaces/include/auto_aim_interfaces/auto_aim_interfaces/msg/detail/robot_status__struct.hpp
[10.645s] -- Installing: /home/luis/azure_sky_ros2/install/auto_aim_interfaces/include/auto_aim_interfaces/auto_aim_interfaces/msg/detail/debug_light__type_support.hpp
[10.645s] -- Installing: /home/luis/azure_sky_ros2/install/auto_aim_interfaces/include/auto_aim_interfaces/auto_aim_interfaces/msg/detail/debug_lights__type_support.hpp
[10.645s] -- Installing: /home/luis/azure_sky_ros2/install/auto_aim_interfaces/include/auto_aim_interfaces/auto_aim_interfaces/msg/debug_light.hpp
[10.645s] -- Installing: /home/luis/azure_sky_ros2/install/auto_aim_interfaces/include/auto_aim_interfaces/auto_aim_interfaces/msg/debug_armors.hpp
[10.645s] -- Installing: /home/luis/azure_sky_ros2/install/auto_aim_interfaces/include/auto_aim_interfaces/auto_aim_interfaces/msg/robot_status.hpp
[10.645s] -- Installing: /home/luis/azure_sky_ros2/install/auto_aim_interfaces/include/auto_aim_interfaces/auto_aim_interfaces/msg/debug_armor.hpp
[10.646s] -- Installing: /home/luis/azure_sky_ros2/install/auto_aim_interfaces/include/auto_aim_interfaces/auto_aim_interfaces/msg/armor.hpp
[10.646s] -- Installing: /home/luis/azure_sky_ros2/install/auto_aim_interfaces/include/auto_aim_interfaces/auto_aim_interfaces/msg/debug_lights.hpp
[10.646s] -- Installing: /home/luis/azure_sky_ros2/install/auto_aim_interfaces/include/auto_aim_interfaces/auto_aim_interfaces/msg/tracker_info.hpp
[10.646s] -- Up-to-date: /home/luis/azure_sky_ros2/install/auto_aim_interfaces/include/auto_aim_interfaces/auto_aim_interfaces/msg/rosidl_generator_cpp__visibility_control.hpp
[10.646s] -- Installing: /home/luis/azure_sky_ros2/install/auto_aim_interfaces/include/auto_aim_interfaces/auto_aim_interfaces/msg/target.hpp
[10.646s] -- Up-to-date: /home/luis/azure_sky_ros2/install/auto_aim_interfaces/include/auto_aim_interfaces/auto_aim_interfaces
[10.646s] -- Up-to-date: /home/luis/azure_sky_ros2/install/auto_aim_interfaces/include/auto_aim_interfaces/auto_aim_interfaces/msg
[10.647s] -- Up-to-date: /home/luis/azure_sky_ros2/install/auto_aim_interfaces/include/auto_aim_interfaces/auto_aim_interfaces/msg/detail
[10.647s] -- Installing: /home/luis/azure_sky_ros2/install/auto_aim_interfaces/include/auto_aim_interfaces/auto_aim_interfaces/msg/detail/armor__rosidl_typesupport_fastrtps_cpp.hpp
[10.647s] -- Installing: /home/luis/azure_sky_ros2/install/auto_aim_interfaces/include/auto_aim_interfaces/auto_aim_interfaces/msg/detail/target__rosidl_typesupport_fastrtps_cpp.hpp
[10.647s] -- Installing: /home/luis/azure_sky_ros2/install/auto_aim_interfaces/include/auto_aim_interfaces/auto_aim_interfaces/msg/detail/tracker_info__rosidl_typesupport_fastrtps_cpp.hpp
[10.647s] -- Installing: /home/luis/azure_sky_ros2/install/auto_aim_interfaces/include/auto_aim_interfaces/auto_aim_interfaces/msg/detail/debug_armors__rosidl_typesupport_fastrtps_cpp.hpp
[10.648s] -- Installing: /home/luis/azure_sky_ros2/install/auto_aim_interfaces/include/auto_aim_interfaces/auto_aim_interfaces/msg/detail/armors__rosidl_typesupport_fastrtps_cpp.hpp
[10.648s] -- Installing: /home/luis/azure_sky_ros2/install/auto_aim_interfaces/include/auto_aim_interfaces/auto_aim_interfaces/msg/detail/debug_lights__rosidl_typesupport_fastrtps_cpp.hpp
[10.648s] -- Installing: /home/luis/azure_sky_ros2/install/auto_aim_interfaces/include/auto_aim_interfaces/auto_aim_interfaces/msg/detail/debug_armor__rosidl_typesupport_fastrtps_cpp.hpp
[10.648s] -- Installing: /home/luis/azure_sky_ros2/install/auto_aim_interfaces/include/auto_aim_interfaces/auto_aim_interfaces/msg/detail/robot_status__rosidl_typesupport_fastrtps_cpp.hpp
[10.648s] -- Installing: /home/luis/azure_sky_ros2/install/auto_aim_interfaces/include/auto_aim_interfaces/auto_aim_interfaces/msg/detail/debug_light__rosidl_typesupport_fastrtps_cpp.hpp
[10.648s] -- Installing: /home/luis/azure_sky_ros2/install/auto_aim_interfaces/include/auto_aim_interfaces/auto_aim_interfaces/msg/detail/time_info__rosidl_typesupport_fastrtps_cpp.hpp
[10.648s] -- Up-to-date: /home/luis/azure_sky_ros2/install/auto_aim_interfaces/include/auto_aim_interfaces/auto_aim_interfaces/msg/detail/dds_fastrtps
[10.649s] -- Up-to-date: /home/luis/azure_sky_ros2/install/auto_aim_interfaces/include/auto_aim_interfaces/auto_aim_interfaces/msg/rosidl_typesupport_fastrtps_cpp__visibility_control.h
[10.649s] -- Installing: /home/luis/azure_sky_ros2/install/auto_aim_interfaces/lib/libauto_aim_interfaces__rosidl_typesupport_fastrtps_cpp.so
[10.649s] -- Set runtime path of "/home/luis/azure_sky_ros2/install/auto_aim_interfaces/lib/libauto_aim_interfaces__rosidl_typesupport_fastrtps_cpp.so" to ""
[10.649s] -- Up-to-date: /home/luis/azure_sky_ros2/install/auto_aim_interfaces/include/auto_aim_interfaces/auto_aim_interfaces
[10.649s] -- Up-to-date: /home/luis/azure_sky_ros2/install/auto_aim_interfaces/include/auto_aim_interfaces/auto_aim_interfaces/msg
[10.649s] -- Up-to-date: /home/luis/azure_sky_ros2/install/auto_aim_interfaces/include/auto_aim_interfaces/auto_aim_interfaces/msg/detail
[10.650s] -- Installing: /home/luis/azure_sky_ros2/install/auto_aim_interfaces/include/auto_aim_interfaces/auto_aim_interfaces/msg/detail/debug_light__rosidl_typesupport_introspection_cpp.hpp
[10.650s] -- Installing: /home/luis/azure_sky_ros2/install/auto_aim_interfaces/include/auto_aim_interfaces/auto_aim_interfaces/msg/detail/tracker_info__type_support.cpp
[10.650s] -- Installing: /home/luis/azure_sky_ros2/install/auto_aim_interfaces/include/auto_aim_interfaces/auto_aim_interfaces/msg/detail/armor__rosidl_typesupport_introspection_cpp.hpp
[10.650s] -- Installing: /home/luis/azure_sky_ros2/install/auto_aim_interfaces/include/auto_aim_interfaces/auto_aim_interfaces/msg/detail/debug_light__type_support.cpp
[10.650s] -- Installing: /home/luis/azure_sky_ros2/install/auto_aim_interfaces/include/auto_aim_interfaces/auto_aim_interfaces/msg/detail/debug_lights__rosidl_typesupport_introspection_cpp.hpp
[10.650s] -- Installing: /home/luis/azure_sky_ros2/install/auto_aim_interfaces/include/auto_aim_interfaces/auto_aim_interfaces/msg/detail/target__type_support.cpp
[10.651s] -- Installing: /home/luis/azure_sky_ros2/install/auto_aim_interfaces/include/auto_aim_interfaces/auto_aim_interfaces/msg/detail/time_info__type_support.cpp
[10.651s] -- Installing: /home/luis/azure_sky_ros2/install/auto_aim_interfaces/include/auto_aim_interfaces/auto_aim_interfaces/msg/detail/tracker_info__rosidl_typesupport_introspection_cpp.hpp
[10.651s] -- Installing: /home/luis/azure_sky_ros2/install/auto_aim_interfaces/include/auto_aim_interfaces/auto_aim_interfaces/msg/detail/armor__type_support.cpp
[10.651s] -- Installing: /home/luis/azure_sky_ros2/install/auto_aim_interfaces/include/auto_aim_interfaces/auto_aim_interfaces/msg/detail/debug_armor__rosidl_typesupport_introspection_cpp.hpp
[10.651s] -- Installing: /home/luis/azure_sky_ros2/install/auto_aim_interfaces/include/auto_aim_interfaces/auto_aim_interfaces/msg/detail/debug_armors__rosidl_typesupport_introspection_cpp.hpp
[10.651s] -- Installing: /home/luis/azure_sky_ros2/install/auto_aim_interfaces/include/auto_aim_interfaces/auto_aim_interfaces/msg/detail/debug_armor__type_support.cpp
[10.651s] -- Installing: /home/luis/azure_sky_ros2/install/auto_aim_interfaces/include/auto_aim_interfaces/auto_aim_interfaces/msg/detail/armors__type_support.cpp
[10.652s] -- Installing: /home/luis/azure_sky_ros2/install/auto_aim_interfaces/include/auto_aim_interfaces/auto_aim_interfaces/msg/detail/robot_status__rosidl_typesupport_introspection_cpp.hpp
[10.652s] -- Installing: /home/luis/azure_sky_ros2/install/auto_aim_interfaces/include/auto_aim_interfaces/auto_aim_interfaces/msg/detail/debug_armors__type_support.cpp
[10.652s] -- Installing: /home/luis/azure_sky_ros2/install/auto_aim_interfaces/include/auto_aim_interfaces/auto_aim_interfaces/msg/detail/robot_status__type_support.cpp
[10.652s] -- Installing: /home/luis/azure_sky_ros2/install/auto_aim_interfaces/include/auto_aim_interfaces/auto_aim_interfaces/msg/detail/time_info__rosidl_typesupport_introspection_cpp.hpp
[10.652s] -- Installing: /home/luis/azure_sky_ros2/install/auto_aim_interfaces/include/auto_aim_interfaces/auto_aim_interfaces/msg/detail/armors__rosidl_typesupport_introspection_cpp.hpp
[10.652s] -- Installing: /home/luis/azure_sky_ros2/install/auto_aim_interfaces/include/auto_aim_interfaces/auto_aim_interfaces/msg/detail/target__rosidl_typesupport_introspection_cpp.hpp
[10.653s] -- Installing: /home/luis/azure_sky_ros2/install/auto_aim_interfaces/include/auto_aim_interfaces/auto_aim_interfaces/msg/detail/debug_lights__type_support.cpp
[10.653s] -- Installing: /home/luis/azure_sky_ros2/install/auto_aim_interfaces/lib/libauto_aim_interfaces__rosidl_typesupport_introspection_cpp.so
[10.653s] -- Set runtime path of "/home/luis/azure_sky_ros2/install/auto_aim_interfaces/lib/libauto_aim_interfaces__rosidl_typesupport_introspection_cpp.so" to ""
[10.653s] -- Installing: /home/luis/azure_sky_ros2/install/auto_aim_interfaces/lib/libauto_aim_interfaces__rosidl_typesupport_cpp.so
[10.653s] -- Set runtime path of "/home/luis/azure_sky_ros2/install/auto_aim_interfaces/lib/libauto_aim_interfaces__rosidl_typesupport_cpp.so" to ""
[10.653s] -- Up-to-date: /home/luis/azure_sky_ros2/install/auto_aim_interfaces/share/auto_aim_interfaces/environment/pythonpath.sh
[10.653s] -- Installing: /home/luis/azure_sky_ros2/install/auto_aim_interfaces/share/auto_aim_interfaces/environment/pythonpath.dsv
[10.654s] -- Up-to-date: /home/luis/azure_sky_ros2/install/auto_aim_interfaces/local/lib/python3.10/dist-packages/auto_aim_interfaces-2.0.0-py3.10.egg-info
[10.654s] -- Installing: /home/luis/azure_sky_ros2/install/auto_aim_interfaces/local/lib/python3.10/dist-packages/auto_aim_interfaces-2.0.0-py3.10.egg-info/SOURCES.txt
[10.654s] -- Installing: /home/luis/azure_sky_ros2/install/auto_aim_interfaces/local/lib/python3.10/dist-packages/auto_aim_interfaces-2.0.0-py3.10.egg-info/PKG-INFO
[10.654s] -- Installing: /home/luis/azure_sky_ros2/install/auto_aim_interfaces/local/lib/python3.10/dist-packages/auto_aim_interfaces-2.0.0-py3.10.egg-info/top_level.txt
[10.654s] -- Installing: /home/luis/azure_sky_ros2/install/auto_aim_interfaces/local/lib/python3.10/dist-packages/auto_aim_interfaces-2.0.0-py3.10.egg-info/dependency_links.txt
[10.655s] -- Up-to-date: /home/luis/azure_sky_ros2/install/auto_aim_interfaces/local/lib/python3.10/dist-packages/auto_aim_interfaces
[10.655s] -- Installing: /home/luis/azure_sky_ros2/install/auto_aim_interfaces/local/lib/python3.10/dist-packages/auto_aim_interfaces/_auto_aim_interfaces_s.ep.rosidl_typesupport_fastrtps_c.c
[10.655s] -- Installing: /home/luis/azure_sky_ros2/install/auto_aim_interfaces/local/lib/python3.10/dist-packages/auto_aim_interfaces/auto_aim_interfaces_s__rosidl_typesupport_fastrtps_c.cpython-310-x86_64-linux-gnu.so
[10.655s] -- Installing: /home/luis/azure_sky_ros2/install/auto_aim_interfaces/local/lib/python3.10/dist-packages/auto_aim_interfaces/auto_aim_interfaces_s__rosidl_typesupport_introspection_c.cpython-310-x86_64-linux-gnu.so
[10.655s] -- Installing: /home/luis/azure_sky_ros2/install/auto_aim_interfaces/local/lib/python3.10/dist-packages/auto_aim_interfaces/_auto_aim_interfaces_s.ep.rosidl_typesupport_introspection_c.c
[10.655s] -- Installing: /home/luis/azure_sky_ros2/install/auto_aim_interfaces/local/lib/python3.10/dist-packages/auto_aim_interfaces/_auto_aim_interfaces_s.ep.rosidl_typesupport_c.c
[10.656s] -- Installing: /home/luis/azure_sky_ros2/install/auto_aim_interfaces/local/lib/python3.10/dist-packages/auto_aim_interfaces/libauto_aim_interfaces__rosidl_generator_py.so
[10.656s] -- Installing: /home/luis/azure_sky_ros2/install/auto_aim_interfaces/local/lib/python3.10/dist-packages/auto_aim_interfaces/auto_aim_interfaces_s__rosidl_typesupport_c.cpython-310-x86_64-linux-gnu.so
[10.656s] -- Installing: /home/luis/azure_sky_ros2/install/auto_aim_interfaces/local/lib/python3.10/dist-packages/auto_aim_interfaces/__init__.py
[10.656s] -- Up-to-date: /home/luis/azure_sky_ros2/install/auto_aim_interfaces/local/lib/python3.10/dist-packages/auto_aim_interfaces/msg
[10.656s] -- Installing: /home/luis/azure_sky_ros2/install/auto_aim_interfaces/local/lib/python3.10/dist-packages/auto_aim_interfaces/msg/_debug_lights.py
[10.656s] -- Installing: /home/luis/azure_sky_ros2/install/auto_aim_interfaces/local/lib/python3.10/dist-packages/auto_aim_interfaces/msg/_debug_armor.py
[10.657s] -- Installing: /home/luis/azure_sky_ros2/install/auto_aim_interfaces/local/lib/python3.10/dist-packages/auto_aim_interfaces/msg/_armor.py
[10.657s] -- Installing: /home/luis/azure_sky_ros2/install/auto_aim_interfaces/local/lib/python3.10/dist-packages/auto_aim_interfaces/msg/_debug_armors_s.c
[10.657s] -- Installing: /home/luis/azure_sky_ros2/install/auto_aim_interfaces/local/lib/python3.10/dist-packages/auto_aim_interfaces/msg/_debug_armors.py
[10.657s] -- Installing: /home/luis/azure_sky_ros2/install/auto_aim_interfaces/local/lib/python3.10/dist-packages/auto_aim_interfaces/msg/_target_s.c
[10.657s] -- Installing: /home/luis/azure_sky_ros2/install/auto_aim_interfaces/local/lib/python3.10/dist-packages/auto_aim_interfaces/msg/_tracker_info.py
[10.657s] -- Installing: /home/luis/azure_sky_ros2/install/auto_aim_interfaces/local/lib/python3.10/dist-packages/auto_aim_interfaces/msg/_robot_status_s.c
[10.657s] -- Installing: /home/luis/azure_sky_ros2/install/auto_aim_interfaces/local/lib/python3.10/dist-packages/auto_aim_interfaces/msg/_armors.py
[10.658s] -- Installing: /home/luis/azure_sky_ros2/install/auto_aim_interfaces/local/lib/python3.10/dist-packages/auto_aim_interfaces/msg/_debug_light_s.c
[10.658s] -- Installing: /home/luis/azure_sky_ros2/install/auto_aim_interfaces/local/lib/python3.10/dist-packages/auto_aim_interfaces/msg/_debug_armor_s.c
[10.658s] -- Installing: /home/luis/azure_sky_ros2/install/auto_aim_interfaces/local/lib/python3.10/dist-packages/auto_aim_interfaces/msg/_tracker_info_s.c
[10.658s] -- Installing: /home/luis/azure_sky_ros2/install/auto_aim_interfaces/local/lib/python3.10/dist-packages/auto_aim_interfaces/msg/_armors_s.c
[10.658s] -- Installing: /home/luis/azure_sky_ros2/install/auto_aim_interfaces/local/lib/python3.10/dist-packages/auto_aim_interfaces/msg/_debug_lights_s.c
[10.658s] -- Installing: /home/luis/azure_sky_ros2/install/auto_aim_interfaces/local/lib/python3.10/dist-packages/auto_aim_interfaces/msg/_debug_light.py
[10.658s] -- Installing: /home/luis/azure_sky_ros2/install/auto_aim_interfaces/local/lib/python3.10/dist-packages/auto_aim_interfaces/msg/_target.py
[10.659s] -- Installing: /home/luis/azure_sky_ros2/install/auto_aim_interfaces/local/lib/python3.10/dist-packages/auto_aim_interfaces/msg/_robot_status.py
[10.659s] -- Installing: /home/luis/azure_sky_ros2/install/auto_aim_interfaces/local/lib/python3.10/dist-packages/auto_aim_interfaces/msg/_armor_s.c
[10.659s] -- Installing: /home/luis/azure_sky_ros2/install/auto_aim_interfaces/local/lib/python3.10/dist-packages/auto_aim_interfaces/msg/__init__.py
[10.659s] -- Installing: /home/luis/azure_sky_ros2/install/auto_aim_interfaces/local/lib/python3.10/dist-packages/auto_aim_interfaces/msg/_time_info_s.c
[10.659s] -- Installing: /home/luis/azure_sky_ros2/install/auto_aim_interfaces/local/lib/python3.10/dist-packages/auto_aim_interfaces/msg/_time_info.py
[10.712s] Listing '/home/luis/azure_sky_ros2/install/auto_aim_interfaces/local/lib/python3.10/dist-packages/auto_aim_interfaces'...
[10.712s] Compiling '/home/luis/azure_sky_ros2/install/auto_aim_interfaces/local/lib/python3.10/dist-packages/auto_aim_interfaces/__init__.py'...
[10.713s] Listing '/home/luis/azure_sky_ros2/install/auto_aim_interfaces/local/lib/python3.10/dist-packages/auto_aim_interfaces/msg'...
[10.713s] Compiling '/home/luis/azure_sky_ros2/install/auto_aim_interfaces/local/lib/python3.10/dist-packages/auto_aim_interfaces/msg/__init__.py'...
[10.713s] Compiling '/home/luis/azure_sky_ros2/install/auto_aim_interfaces/local/lib/python3.10/dist-packages/auto_aim_interfaces/msg/_armor.py'...
[10.713s] Compiling '/home/luis/azure_sky_ros2/install/auto_aim_interfaces/local/lib/python3.10/dist-packages/auto_aim_interfaces/msg/_armors.py'...
[10.713s] Compiling '/home/luis/azure_sky_ros2/install/auto_aim_interfaces/local/lib/python3.10/dist-packages/auto_aim_interfaces/msg/_debug_armor.py'...
[10.713s] Compiling '/home/luis/azure_sky_ros2/install/auto_aim_interfaces/local/lib/python3.10/dist-packages/auto_aim_interfaces/msg/_debug_armors.py'...
[10.713s] Compiling '/home/luis/azure_sky_ros2/install/auto_aim_interfaces/local/lib/python3.10/dist-packages/auto_aim_interfaces/msg/_debug_light.py'...
[10.714s] Compiling '/home/luis/azure_sky_ros2/install/auto_aim_interfaces/local/lib/python3.10/dist-packages/auto_aim_interfaces/msg/_debug_lights.py'...
[10.714s] Compiling '/home/luis/azure_sky_ros2/install/auto_aim_interfaces/local/lib/python3.10/dist-packages/auto_aim_interfaces/msg/_robot_status.py'...
[10.714s] Compiling '/home/luis/azure_sky_ros2/install/auto_aim_interfaces/local/lib/python3.10/dist-packages/auto_aim_interfaces/msg/_target.py'...
[10.714s] Compiling '/home/luis/azure_sky_ros2/install/auto_aim_interfaces/local/lib/python3.10/dist-packages/auto_aim_interfaces/msg/_time_info.py'...
[10.714s] Compiling '/home/luis/azure_sky_ros2/install/auto_aim_interfaces/local/lib/python3.10/dist-packages/auto_aim_interfaces/msg/_tracker_info.py'...
[10.718s] -- Installing: /home/luis/azure_sky_ros2/install/auto_aim_interfaces/local/lib/python3.10/dist-packages/auto_aim_interfaces/auto_aim_interfaces_s__rosidl_typesupport_fastrtps_c.cpython-310-x86_64-linux-gnu.so
[10.718s] -- Set runtime path of "/home/luis/azure_sky_ros2/install/auto_aim_interfaces/local/lib/python3.10/dist-packages/auto_aim_interfaces/auto_aim_interfaces_s__rosidl_typesupport_fastrtps_c.cpython-310-x86_64-linux-gnu.so" to ""
[10.719s] -- Installing: /home/luis/azure_sky_ros2/install/auto_aim_interfaces/local/lib/python3.10/dist-packages/auto_aim_interfaces/auto_aim_interfaces_s__rosidl_typesupport_introspection_c.cpython-310-x86_64-linux-gnu.so
[10.720s] -- Set runtime path of "/home/luis/azure_sky_ros2/install/auto_aim_interfaces/local/lib/python3.10/dist-packages/auto_aim_interfaces/auto_aim_interfaces_s__rosidl_typesupport_introspection_c.cpython-310-x86_64-linux-gnu.so" to ""
[10.720s] -- Installing: /home/luis/azure_sky_ros2/install/auto_aim_interfaces/local/lib/python3.10/dist-packages/auto_aim_interfaces/auto_aim_interfaces_s__rosidl_typesupport_c.cpython-310-x86_64-linux-gnu.so
[10.720s] -- Set runtime path of "/home/luis/azure_sky_ros2/install/auto_aim_interfaces/local/lib/python3.10/dist-packages/auto_aim_interfaces/auto_aim_interfaces_s__rosidl_typesupport_c.cpython-310-x86_64-linux-gnu.so" to ""
[10.720s] -- Installing: /home/luis/azure_sky_ros2/install/auto_aim_interfaces/lib/libauto_aim_interfaces__rosidl_generator_py.so
[10.721s] -- Set runtime path of "/home/luis/azure_sky_ros2/install/auto_aim_interfaces/lib/libauto_aim_interfaces__rosidl_generator_py.so" to ""
[10.721s] -- Up-to-date: /home/luis/azure_sky_ros2/install/auto_aim_interfaces/share/auto_aim_interfaces/msg/Armor.idl
[10.721s] -- Up-to-date: /home/luis/azure_sky_ros2/install/auto_aim_interfaces/share/auto_aim_interfaces/msg/Armors.idl
[10.721s] -- Installing: /home/luis/azure_sky_ros2/install/auto_aim_interfaces/share/auto_aim_interfaces/msg/Target.idl
[10.721s] -- Up-to-date: /home/luis/azure_sky_ros2/install/auto_aim_interfaces/share/auto_aim_interfaces/msg/DebugLight.idl
[10.722s] -- Up-to-date: /home/luis/azure_sky_ros2/install/auto_aim_interfaces/share/auto_aim_interfaces/msg/DebugLights.idl
[10.722s] -- Up-to-date: /home/luis/azure_sky_ros2/install/auto_aim_interfaces/share/auto_aim_interfaces/msg/DebugArmor.idl
[10.722s] -- Up-to-date: /home/luis/azure_sky_ros2/install/auto_aim_interfaces/share/auto_aim_interfaces/msg/DebugArmors.idl
[10.722s] -- Up-to-date: /home/luis/azure_sky_ros2/install/auto_aim_interfaces/share/auto_aim_interfaces/msg/TrackerInfo.idl
[10.722s] -- Up-to-date: /home/luis/azure_sky_ros2/install/auto_aim_interfaces/share/auto_aim_interfaces/msg/RobotStatus.idl
[10.723s] -- Up-to-date: /home/luis/azure_sky_ros2/install/auto_aim_interfaces/share/auto_aim_interfaces/msg/TimeInfo.idl
[10.723s] -- Up-to-date: /home/luis/azure_sky_ros2/install/auto_aim_interfaces/share/auto_aim_interfaces/msg/Armor.msg
[10.723s] -- Up-to-date: /home/luis/azure_sky_ros2/install/auto_aim_interfaces/share/auto_aim_interfaces/msg/Armors.msg
[10.723s] -- Installing: /home/luis/azure_sky_ros2/install/auto_aim_interfaces/share/auto_aim_interfaces/msg/Target.msg
[10.723s] -- Up-to-date: /home/luis/azure_sky_ros2/install/auto_aim_interfaces/share/auto_aim_interfaces/msg/DebugLight.msg
[10.723s] -- Up-to-date: /home/luis/azure_sky_ros2/install/auto_aim_interfaces/share/auto_aim_interfaces/msg/DebugLights.msg
[10.723s] -- Up-to-date: /home/luis/azure_sky_ros2/install/auto_aim_interfaces/share/auto_aim_interfaces/msg/DebugArmor.msg
[10.724s] -- Up-to-date: /home/luis/azure_sky_ros2/install/auto_aim_interfaces/share/auto_aim_interfaces/msg/DebugArmors.msg
[10.724s] -- Up-to-date: /home/luis/azure_sky_ros2/install/auto_aim_interfaces/share/auto_aim_interfaces/msg/TrackerInfo.msg
[10.724s] -- Up-to-date: /home/luis/azure_sky_ros2/install/auto_aim_interfaces/share/auto_aim_interfaces/msg/RobotStatus.msg
[10.724s] -- Up-to-date: /home/luis/azure_sky_ros2/install/auto_aim_interfaces/share/auto_aim_interfaces/msg/TimeInfo.msg
[10.724s] -- Up-to-date: /home/luis/azure_sky_ros2/install/auto_aim_interfaces/share/ament_index/resource_index/package_run_dependencies/auto_aim_interfaces
[10.724s] -- Installing: /home/luis/azure_sky_ros2/install/auto_aim_interfaces/share/ament_index/resource_index/parent_prefix_path/auto_aim_interfaces
[10.724s] -- Up-to-date: /home/luis/azure_sky_ros2/install/auto_aim_interfaces/share/auto_aim_interfaces/environment/ament_prefix_path.sh
[10.725s] -- Installing: /home/luis/azure_sky_ros2/install/auto_aim_interfaces/share/auto_aim_interfaces/environment/ament_prefix_path.dsv
[10.725s] -- Up-to-date: /home/luis/azure_sky_ros2/install/auto_aim_interfaces/share/auto_aim_interfaces/environment/path.sh
[10.725s] -- Installing: /home/luis/azure_sky_ros2/install/auto_aim_interfaces/share/auto_aim_interfaces/environment/path.dsv
[10.725s] -- Up-to-date: /home/luis/azure_sky_ros2/install/auto_aim_interfaces/share/auto_aim_interfaces/local_setup.bash
[10.725s] -- Up-to-date: /home/luis/azure_sky_ros2/install/auto_aim_interfaces/share/auto_aim_interfaces/local_setup.sh
[10.726s] -- Up-to-date: /home/luis/azure_sky_ros2/install/auto_aim_interfaces/share/auto_aim_interfaces/local_setup.zsh
[10.726s] -- Installing: /home/luis/azure_sky_ros2/install/auto_aim_interfaces/share/auto_aim_interfaces/local_setup.dsv
[10.726s] -- Installing: /home/luis/azure_sky_ros2/install/auto_aim_interfaces/share/auto_aim_interfaces/package.dsv
[10.726s] -- Up-to-date: /home/luis/azure_sky_ros2/install/auto_aim_interfaces/share/ament_index/resource_index/packages/auto_aim_interfaces
[10.726s] -- Up-to-date: /home/luis/azure_sky_ros2/install/auto_aim_interfaces/share/auto_aim_interfaces/cmake/export_auto_aim_interfaces__rosidl_generator_cExport.cmake
[10.726s] -- Up-to-date: /home/luis/azure_sky_ros2/install/auto_aim_interfaces/share/auto_aim_interfaces/cmake/export_auto_aim_interfaces__rosidl_generator_cExport-noconfig.cmake
[10.726s] -- Up-to-date: /home/luis/azure_sky_ros2/install/auto_aim_interfaces/share/auto_aim_interfaces/cmake/export_auto_aim_interfaces__rosidl_typesupport_fastrtps_cExport.cmake
[10.727s] -- Up-to-date: /home/luis/azure_sky_ros2/install/auto_aim_interfaces/share/auto_aim_interfaces/cmake/export_auto_aim_interfaces__rosidl_typesupport_fastrtps_cExport-noconfig.cmake
[10.727s] -- Up-to-date: /home/luis/azure_sky_ros2/install/auto_aim_interfaces/share/auto_aim_interfaces/cmake/auto_aim_interfaces__rosidl_typesupport_introspection_cExport.cmake
[10.727s] -- Up-to-date: /home/luis/azure_sky_ros2/install/auto_aim_interfaces/share/auto_aim_interfaces/cmake/auto_aim_interfaces__rosidl_typesupport_introspection_cExport-noconfig.cmake
[10.727s] -- Up-to-date: /home/luis/azure_sky_ros2/install/auto_aim_interfaces/share/auto_aim_interfaces/cmake/auto_aim_interfaces__rosidl_typesupport_cExport.cmake
[10.727s] -- Up-to-date: /home/luis/azure_sky_ros2/install/auto_aim_interfaces/share/auto_aim_interfaces/cmake/auto_aim_interfaces__rosidl_typesupport_cExport-noconfig.cmake
[10.728s] -- Up-to-date: /home/luis/azure_sky_ros2/install/auto_aim_interfaces/share/auto_aim_interfaces/cmake/export_auto_aim_interfaces__rosidl_generator_cppExport.cmake
[10.728s] -- Up-to-date: /home/luis/azure_sky_ros2/install/auto_aim_interfaces/share/auto_aim_interfaces/cmake/export_auto_aim_interfaces__rosidl_typesupport_fastrtps_cppExport.cmake
[10.728s] -- Up-to-date: /home/luis/azure_sky_ros2/install/auto_aim_interfaces/share/auto_aim_interfaces/cmake/export_auto_aim_interfaces__rosidl_typesupport_fastrtps_cppExport-noconfig.cmake
[10.728s] -- Up-to-date: /home/luis/azure_sky_ros2/install/auto_aim_interfaces/share/auto_aim_interfaces/cmake/auto_aim_interfaces__rosidl_typesupport_introspection_cppExport.cmake
[10.728s] -- Up-to-date: /home/luis/azure_sky_ros2/install/auto_aim_interfaces/share/auto_aim_interfaces/cmake/auto_aim_interfaces__rosidl_typesupport_introspection_cppExport-noconfig.cmake
[10.729s] -- Up-to-date: /home/luis/azure_sky_ros2/install/auto_aim_interfaces/share/auto_aim_interfaces/cmake/auto_aim_interfaces__rosidl_typesupport_cppExport.cmake
[10.729s] -- Up-to-date: /home/luis/azure_sky_ros2/install/auto_aim_interfaces/share/auto_aim_interfaces/cmake/auto_aim_interfaces__rosidl_typesupport_cppExport-noconfig.cmake
[10.729s] -- Up-to-date: /home/luis/azure_sky_ros2/install/auto_aim_interfaces/share/auto_aim_interfaces/cmake/export_auto_aim_interfaces__rosidl_generator_pyExport.cmake
[10.730s] -- Up-to-date: /home/luis/azure_sky_ros2/install/auto_aim_interfaces/share/auto_aim_interfaces/cmake/export_auto_aim_interfaces__rosidl_generator_pyExport-noconfig.cmake
[10.730s] -- Up-to-date: /home/luis/azure_sky_ros2/install/auto_aim_interfaces/share/auto_aim_interfaces/cmake/rosidl_cmake-extras.cmake
[10.730s] -- Up-to-date: /home/luis/azure_sky_ros2/install/auto_aim_interfaces/share/auto_aim_interfaces/cmake/ament_cmake_export_dependencies-extras.cmake
[10.730s] -- Up-to-date: /home/luis/azure_sky_ros2/install/auto_aim_interfaces/share/auto_aim_interfaces/cmake/ament_cmake_export_include_directories-extras.cmake
[10.731s] -- Up-to-date: /home/luis/azure_sky_ros2/install/auto_aim_interfaces/share/auto_aim_interfaces/cmake/ament_cmake_export_libraries-extras.cmake
[10.731s] -- Up-to-date: /home/luis/azure_sky_ros2/install/auto_aim_interfaces/share/auto_aim_interfaces/cmake/ament_cmake_export_targets-extras.cmake
[10.731s] -- Up-to-date: /home/luis/azure_sky_ros2/install/auto_aim_interfaces/share/auto_aim_interfaces/cmake/rosidl_cmake_export_typesupport_targets-extras.cmake
[10.732s] -- Up-to-date: /home/luis/azure_sky_ros2/install/auto_aim_interfaces/share/auto_aim_interfaces/cmake/rosidl_cmake_export_typesupport_libraries-extras.cmake
[10.732s] -- Up-to-date: /home/luis/azure_sky_ros2/install/auto_aim_interfaces/share/auto_aim_interfaces/cmake/auto_aim_interfacesConfig.cmake
[10.732s] -- Up-to-date: /home/luis/azure_sky_ros2/install/auto_aim_interfaces/share/auto_aim_interfaces/cmake/auto_aim_interfacesConfig-version.cmake
[10.732s] -- Up-to-date: /home/luis/azure_sky_ros2/install/auto_aim_interfaces/share/auto_aim_interfaces/package.xml
[10.732s] Invoked command in '/home/luis/azure_sky_ros2/build/auto_aim_interfaces' returned '0': CMAKE_PREFIX_PATH=${CMAKE_PREFIX_PATH}:/opt/ros/humble /usr/bin/cmake --install /home/luis/azure_sky_ros2/build/auto_aim_interfaces
