[0.069s] Invoking command in '/home/luis/azure_sky_ros2/build/ros2_socketcan': CMAKE_PREFIX_PATH=/home/luis/azure_sky_ros2/install/ros2_socketcan_msgs:/home/luis/azure_sky_ros2/install/autoaim_bridge:/home/luis/azure_sky_ros2/install/rm_buff:/home/luis/azure_sky_ros2/install/rm_auto_aim:/home/luis/azure_sky_ros2/install/rm_gimbal_description:/home/luis/azure_sky_ros2/install/buff_tracker:/home/luis/azure_sky_ros2/install/buff_detector:/home/luis/azure_sky_ros2/install/armor_tracker:/home/luis/azure_sky_ros2/install/armor_detector:/home/luis/azure_sky_ros2/install/tide_shooter_controller:/home/luis/azure_sky_ros2/install/tide_gimbal_controller:/home/luis/azure_sky_ros2/install/ros2_socketcan:/home/luis/azure_sky_ros2/install/tide_msgs:/home/luis/azure_sky_ros2/install/buff_interfaces:/home/luis/azure_sky_ros2/install/auto_aim_interfaces:/home/luis/azure_sky_ros2/install/my_hardware_interface:/home/luis/azure_sky_ros2/install/serial:/home/luis/azure_sky_ros2/install/rm_auto_record:/home/luis/azure_sky_ros2/install/hik_camera:/opt/ros/humble LD_LIBRARY_PATH=/home/luis/azure_sky_ros2/install/ros2_socketcan_msgs/lib:/home/luis/azure_sky_ros2/install/buff_tracker/lib:/home/luis/azure_sky_ros2/install/buff_detector/lib:/home/luis/azure_sky_ros2/install/armor_tracker/lib:/home/luis/azure_sky_ros2/install/armor_detector/lib:/home/luis/azure_sky_ros2/install/tide_shooter_controller/lib:/home/luis/azure_sky_ros2/install/tide_gimbal_controller/lib:/home/luis/azure_sky_ros2/install/ros2_socketcan/lib:/home/luis/azure_sky_ros2/install/tide_msgs/lib:/home/luis/azure_sky_ros2/install/buff_interfaces/lib:/home/luis/azure_sky_ros2/install/auto_aim_interfaces/lib:/home/luis/azure_sky_ros2/install/my_hardware_interface/lib:/home/luis/azure_sky_ros2/install/serial/lib:/home/luis/azure_sky_ros2/install/rm_auto_record/lib:/home/luis/azure_sky_ros2/install/hik_camera/lib:/opt/MVS/lib/64:/opt/MVS/lib/32:/usr/lib/x86_64-linux-gnu/gazebo-11/plugins:/opt/ros/humble/opt/rviz_ogre_vendor/lib:/opt/ros/humble/lib/x86_64-linux-gnu:/opt/ros/humble/lib:/opt/MVS/lib/64:/opt/MVS/lib/32:/opt/MVS/lib/64:/opt/MVS/lib/32 /usr/bin/cmake /home/luis/azure_sky_ros2/src/ros2_socketcan/ros2_socketcan -DCMAKE_INSTALL_PREFIX=/home/luis/azure_sky_ros2/install/ros2_socketcan
[0.414s] -- The C compiler identification is GNU 12.3.0
[0.647s] -- The CXX compiler identification is GNU 11.4.0
[0.692s] -- Detecting C compiler ABI info
[1.198s] -- Detecting C compiler ABI info - done
[1.226s] -- Check for working C compiler: /usr/bin/cc - skipped
[1.241s] -- Detecting C compile features
[1.241s] -- Detecting C compile features - done
[1.254s] -- Detecting CXX compiler ABI info
[1.641s] -- Detecting CXX compiler ABI info - done
[1.664s] -- Check for working CXX compiler: /usr/bin/c++ - skipped
[1.665s] -- Detecting CXX compile features
[1.666s] -- Detecting CXX compile features - done
[1.683s] -- Found ament_cmake_auto: 1.3.11 (/opt/ros/humble/share/ament_cmake_auto/cmake)
[2.414s] -- Found Python3: /usr/bin/python3 (found version "3.10.12") found components: Interpreter 
[2.809s] -- Found rosidl_generator_c: 3.1.6 (/opt/ros/humble/share/rosidl_generator_c/cmake)
[2.817s] -- Found rosidl_adapter: 3.1.6 (/opt/ros/humble/share/rosidl_adapter/cmake)
[2.841s] -- Found rosidl_generator_cpp: 3.1.6 (/opt/ros/humble/share/rosidl_generator_cpp/cmake)
[2.863s] -- Using all available rosidl_typesupport_c: rosidl_typesupport_fastrtps_c;rosidl_typesupport_introspection_c
[2.891s] -- Using all available rosidl_typesupport_cpp: rosidl_typesupport_fastrtps_cpp;rosidl_typesupport_introspection_cpp
[2.998s] -- Found rmw_implementation_cmake: 6.1.2 (/opt/ros/humble/share/rmw_implementation_cmake/cmake)
[3.006s] -- Found rmw_fastrtps_cpp: 6.2.7 (/opt/ros/humble/share/rmw_fastrtps_cpp/cmake)
[3.251s] -- Found OpenSSL: /usr/lib/x86_64-linux-gnu/libcrypto.so (found version "3.0.2")  
[3.346s] -- Found FastRTPS: /opt/ros/humble/include  
[3.503s] -- Using RMW implementation 'rmw_fastrtps_cpp' as default
[3.544s] -- Looking for pthread.h
[3.795s] -- Looking for pthread.h - found
[3.795s] -- Performing Test CMAKE_HAVE_LIBC_PTHREAD
[4.005s] -- Performing Test CMAKE_HAVE_LIBC_PTHREAD - Success
[4.007s] -- Found Threads: TRUE  
[4.643s] -- Found ament_lint_auto: 0.12.12 (/opt/ros/humble/share/ament_lint_auto/cmake)
[4.754s] -- Found gtest sources under '/opt/ros/humble/src/gtest_vendor': C++ tests using 'Google Test' will be built
[4.787s] -- Added test 'copyright' to check source files copyright and LICENSE
[4.795s] -- Added test 'cppcheck' to perform static code analysis on C / C++ code
[4.796s] -- Configured cppcheck include dirs: /home/luis/azure_sky_ros2/src/ros2_socketcan/ros2_socketcan/include
[4.800s] -- Configured cppcheck exclude dirs and/or files: 
[4.804s] -- Added test 'cpplint' to check C / C++ code against the Google style
[4.806s] -- Configured cpplint exclude dirs and/or files: 
[4.818s] -- Added test 'flake8' to check Python code syntax and style conventions
[4.818s] -- Added test 'lint_cmake' to check CMake code style
[4.820s] -- Added test 'pep257' to check Python code against some of the docstring style conventions in PEP 257
[4.827s] -- Added test 'uncrustify' to check C / C++ code style
[4.833s] -- Configured uncrustify additional arguments: 
[4.836s] -- Added test 'xmllint' to check XML markup files
[4.854s] -- Configuring done
[4.961s] -- Generating done
[5.003s] -- Build files have been written to: /home/luis/azure_sky_ros2/build/ros2_socketcan
[5.080s] Invoked command in '/home/luis/azure_sky_ros2/build/ros2_socketcan' returned '0': CMAKE_PREFIX_PATH=/home/luis/azure_sky_ros2/install/ros2_socketcan_msgs:/home/luis/azure_sky_ros2/install/autoaim_bridge:/home/luis/azure_sky_ros2/install/rm_buff:/home/luis/azure_sky_ros2/install/rm_auto_aim:/home/luis/azure_sky_ros2/install/rm_gimbal_description:/home/luis/azure_sky_ros2/install/buff_tracker:/home/luis/azure_sky_ros2/install/buff_detector:/home/luis/azure_sky_ros2/install/armor_tracker:/home/luis/azure_sky_ros2/install/armor_detector:/home/luis/azure_sky_ros2/install/tide_shooter_controller:/home/luis/azure_sky_ros2/install/tide_gimbal_controller:/home/luis/azure_sky_ros2/install/ros2_socketcan:/home/luis/azure_sky_ros2/install/tide_msgs:/home/luis/azure_sky_ros2/install/buff_interfaces:/home/luis/azure_sky_ros2/install/auto_aim_interfaces:/home/luis/azure_sky_ros2/install/my_hardware_interface:/home/luis/azure_sky_ros2/install/serial:/home/luis/azure_sky_ros2/install/rm_auto_record:/home/luis/azure_sky_ros2/install/hik_camera:/opt/ros/humble LD_LIBRARY_PATH=/home/luis/azure_sky_ros2/install/ros2_socketcan_msgs/lib:/home/luis/azure_sky_ros2/install/buff_tracker/lib:/home/luis/azure_sky_ros2/install/buff_detector/lib:/home/luis/azure_sky_ros2/install/armor_tracker/lib:/home/luis/azure_sky_ros2/install/armor_detector/lib:/home/luis/azure_sky_ros2/install/tide_shooter_controller/lib:/home/luis/azure_sky_ros2/install/tide_gimbal_controller/lib:/home/luis/azure_sky_ros2/install/ros2_socketcan/lib:/home/luis/azure_sky_ros2/install/tide_msgs/lib:/home/luis/azure_sky_ros2/install/buff_interfaces/lib:/home/luis/azure_sky_ros2/install/auto_aim_interfaces/lib:/home/luis/azure_sky_ros2/install/my_hardware_interface/lib:/home/luis/azure_sky_ros2/install/serial/lib:/home/luis/azure_sky_ros2/install/rm_auto_record/lib:/home/luis/azure_sky_ros2/install/hik_camera/lib:/opt/MVS/lib/64:/opt/MVS/lib/32:/usr/lib/x86_64-linux-gnu/gazebo-11/plugins:/opt/ros/humble/opt/rviz_ogre_vendor/lib:/opt/ros/humble/lib/x86_64-linux-gnu:/opt/ros/humble/lib:/opt/MVS/lib/64:/opt/MVS/lib/32:/opt/MVS/lib/64:/opt/MVS/lib/32 /usr/bin/cmake /home/luis/azure_sky_ros2/src/ros2_socketcan/ros2_socketcan -DCMAKE_INSTALL_PREFIX=/home/luis/azure_sky_ros2/install/ros2_socketcan
[5.081s] Invoking command in '/home/luis/azure_sky_ros2/build/ros2_socketcan': CMAKE_PREFIX_PATH=/home/luis/azure_sky_ros2/install/ros2_socketcan_msgs:/home/luis/azure_sky_ros2/install/autoaim_bridge:/home/luis/azure_sky_ros2/install/rm_buff:/home/luis/azure_sky_ros2/install/rm_auto_aim:/home/luis/azure_sky_ros2/install/rm_gimbal_description:/home/luis/azure_sky_ros2/install/buff_tracker:/home/luis/azure_sky_ros2/install/buff_detector:/home/luis/azure_sky_ros2/install/armor_tracker:/home/luis/azure_sky_ros2/install/armor_detector:/home/luis/azure_sky_ros2/install/tide_shooter_controller:/home/luis/azure_sky_ros2/install/tide_gimbal_controller:/home/luis/azure_sky_ros2/install/ros2_socketcan:/home/luis/azure_sky_ros2/install/tide_msgs:/home/luis/azure_sky_ros2/install/buff_interfaces:/home/luis/azure_sky_ros2/install/auto_aim_interfaces:/home/luis/azure_sky_ros2/install/my_hardware_interface:/home/luis/azure_sky_ros2/install/serial:/home/luis/azure_sky_ros2/install/rm_auto_record:/home/luis/azure_sky_ros2/install/hik_camera:/opt/ros/humble LD_LIBRARY_PATH=/home/luis/azure_sky_ros2/install/ros2_socketcan_msgs/lib:/home/luis/azure_sky_ros2/install/buff_tracker/lib:/home/luis/azure_sky_ros2/install/buff_detector/lib:/home/luis/azure_sky_ros2/install/armor_tracker/lib:/home/luis/azure_sky_ros2/install/armor_detector/lib:/home/luis/azure_sky_ros2/install/tide_shooter_controller/lib:/home/luis/azure_sky_ros2/install/tide_gimbal_controller/lib:/home/luis/azure_sky_ros2/install/ros2_socketcan/lib:/home/luis/azure_sky_ros2/install/tide_msgs/lib:/home/luis/azure_sky_ros2/install/buff_interfaces/lib:/home/luis/azure_sky_ros2/install/auto_aim_interfaces/lib:/home/luis/azure_sky_ros2/install/my_hardware_interface/lib:/home/luis/azure_sky_ros2/install/serial/lib:/home/luis/azure_sky_ros2/install/rm_auto_record/lib:/home/luis/azure_sky_ros2/install/hik_camera/lib:/opt/MVS/lib/64:/opt/MVS/lib/32:/usr/lib/x86_64-linux-gnu/gazebo-11/plugins:/opt/ros/humble/opt/rviz_ogre_vendor/lib:/opt/ros/humble/lib/x86_64-linux-gnu:/opt/ros/humble/lib:/opt/MVS/lib/64:/opt/MVS/lib/32:/opt/MVS/lib/64:/opt/MVS/lib/32 /usr/bin/cmake --build /home/luis/azure_sky_ros2/build/ros2_socketcan -- -j12 -l12
[5.294s] [  4%] [32mBuilding CXX object CMakeFiles/socket_can_receiver_node_exe.dir/rclcpp_components/node_main_socket_can_receiver_node_exe.cpp.o[0m
[5.295s] [  9%] [32mBuilding CXX object CMakeFiles/socket_can_sender_node_exe.dir/rclcpp_components/node_main_socket_can_sender_node_exe.cpp.o[0m
[5.318s] [ 14%] [32mBuilding CXX object gtest/CMakeFiles/gtest.dir/src/gtest-all.cc.o[0m
[5.319s] [ 23%] [32mBuilding CXX object CMakeFiles/ros2_socketcan.dir/src/socket_can_receiver.cpp.o[0m
[5.322s] [ 28%] [32mBuilding CXX object CMakeFiles/ros2_socketcan.dir/src/socket_can_id.cpp.o[0m
[5.328s] [ 23%] [32mBuilding CXX object gtest/CMakeFiles/gtest_main.dir/src/gtest_main.cc.o[0m
[5.336s] [ 33%] [32mBuilding CXX object CMakeFiles/ros2_socketcan.dir/src/socket_can_common.cpp.o[0m
[5.348s] [ 38%] [32mBuilding CXX object CMakeFiles/ros2_socketcan.dir/src/socket_can_sender.cpp.o[0m
[6.900s] [ 42%] [32m[1mLinking CXX shared library libros2_socketcan.so[0m
[7.359s] [ 42%] Built target ros2_socketcan
[7.472s] [ 47%] [32mBuilding CXX object CMakeFiles/socket_can_receiver_node.dir/src/socket_can_receiver_node.cpp.o[0m
[7.734s] [ 52%] [32m[1mLinking CXX static library libgtest_main.a[0m
[7.875s] [ 52%] Built target gtest_main
[17.592s] [ 57%] [32m[1mLinking CXX static library libgtest.a[0m
[18.112s] [ 57%] Built target gtest
[18.237s] [ 61%] [32mBuilding CXX object CMakeFiles/ros2_socketcan_test.dir/test/receiver.cpp.o[0m
[18.238s] [ 66%] [32mBuilding CXX object CMakeFiles/ros2_socketcan_test.dir/test/sanity_checks.cpp.o[0m
[18.263s] [ 71%] [32mBuilding CXX object CMakeFiles/ros2_socketcan_test.dir/test/gtest_main.cpp.o[0m
[19.177s] [ 76%] [32m[1mLinking CXX executable socket_can_receiver_node_exe[0m
[19.645s] [ 80%] [32m[1mLinking CXX executable socket_can_sender_node_exe[0m
[19.936s] [ 80%] Built target socket_can_receiver_node_exe
[20.113s] [ 80%] Built target socket_can_sender_node_exe
