[0.048s] Invoking command in '/home/luis/workshop_ws/build/serial': CMAKE_PREFIX_PATH=${CMAKE_PREFIX_PATH}:/opt/ros/humble /usr/bin/cmake /home/luis/workshop_ws/src/serial -DAMENT_CMAKE_SYMLINK_INSTALL=1 -DCMAKE_INSTALL_PREFIX=/home/luis/workshop_ws/install/serial
[0.070s] -- Found ament_cmake: 1.3.11 (/opt/ros/humble/share/ament_cmake/cmake)
[0.282s] -- Override CMake install command with custom implementation using symlinks instead of copying resources
[0.407s] -- Configuring done
[0.415s] -- Generating done
[0.426s] -- Build files have been written to: /home/luis/workshop_ws/build/serial
[0.428s] Invoked command in '/home/luis/workshop_ws/build/serial' returned '0': CMAKE_PREFIX_PATH=${CMAKE_PREFIX_PATH}:/opt/ros/humble /usr/bin/cmake /home/luis/workshop_ws/src/serial -DAMENT_CMAKE_SYMLINK_INSTALL=1 -DCMAKE_INSTALL_PREFIX=/home/luis/workshop_ws/install/serial
[0.432s] Invoking command in '/home/luis/workshop_ws/build/serial': CMAKE_PREFIX_PATH=${CMAKE_PREFIX_PATH}:/opt/ros/humble /usr/bin/cmake --build /home/luis/workshop_ws/build/serial -- -j12 -l12
[0.523s] [35m[1mConsolidate compiler generated dependencies of target serial[0m
[0.550s] [100%] Built target serial
[0.579s] Invoked command in '/home/luis/workshop_ws/build/serial' returned '0': CMAKE_PREFIX_PATH=${CMAKE_PREFIX_PATH}:/opt/ros/humble /usr/bin/cmake --build /home/luis/workshop_ws/build/serial -- -j12 -l12
[0.581s] Invoking command in '/home/luis/workshop_ws/build/serial': CMAKE_PREFIX_PATH=${CMAKE_PREFIX_PATH}:/opt/ros/humble /usr/bin/cmake --install /home/luis/workshop_ws/build/serial
[0.592s] -- Install configuration: ""
[0.594s] -- Execute custom install script
[0.594s] -- Up-to-date symlink: /home/luis/workshop_ws/install/serial/include/serial/impl/unix.h
[0.594s] -- Up-to-date symlink: /home/luis/workshop_ws/install/serial/include/serial/impl/win.h
[0.594s] -- Up-to-date symlink: /home/luis/workshop_ws/install/serial/include/serial/serial.h
[0.594s] -- Up-to-date symlink: /home/luis/workshop_ws/install/serial/include/serial/v8stdint.h
[0.594s] -- Up-to-date symlink: /home/luis/workshop_ws/install/serial/share/serial/environment/library_path.sh
[0.595s] -- Up-to-date symlink: /home/luis/workshop_ws/install/serial/share/serial/environment/library_path.dsv
[0.595s] -- Up-to-date symlink: /home/luis/workshop_ws/install/serial/share/ament_index/resource_index/package_run_dependencies/serial
[0.595s] -- Up-to-date symlink: /home/luis/workshop_ws/install/serial/share/ament_index/resource_index/parent_prefix_path/serial
[0.596s] -- Up-to-date symlink: /home/luis/workshop_ws/install/serial/share/serial/environment/ament_prefix_path.sh
[0.596s] -- Up-to-date symlink: /home/luis/workshop_ws/install/serial/share/serial/environment/ament_prefix_path.dsv
[0.596s] -- Up-to-date symlink: /home/luis/workshop_ws/install/serial/share/serial/environment/path.sh
[0.596s] -- Up-to-date symlink: /home/luis/workshop_ws/install/serial/share/serial/environment/path.dsv
[0.596s] -- Up-to-date symlink: /home/luis/workshop_ws/install/serial/share/serial/local_setup.bash
[0.596s] -- Up-to-date symlink: /home/luis/workshop_ws/install/serial/share/serial/local_setup.sh
[0.596s] -- Up-to-date symlink: /home/luis/workshop_ws/install/serial/share/serial/local_setup.zsh
[0.597s] -- Up-to-date symlink: /home/luis/workshop_ws/install/serial/share/serial/local_setup.dsv
[0.597s] -- Symlinking: /home/luis/workshop_ws/install/serial/share/serial/package.dsv
[0.615s] -- Up-to-date symlink: /home/luis/workshop_ws/install/serial/share/ament_index/resource_index/packages/serial
[0.615s] -- Up-to-date symlink: /home/luis/workshop_ws/install/serial/share/serial/cmake/ament_cmake_export_include_directories-extras.cmake
[0.615s] -- Up-to-date symlink: /home/luis/workshop_ws/install/serial/share/serial/cmake/ament_cmake_export_libraries-extras.cmake
[0.615s] -- Up-to-date symlink: /home/luis/workshop_ws/install/serial/share/serial/cmake/ament_cmake_export_targets-extras.cmake
[0.615s] -- Up-to-date symlink: /home/luis/workshop_ws/install/serial/share/serial/cmake/serialConfig.cmake
[0.616s] -- Up-to-date symlink: /home/luis/workshop_ws/install/serial/share/serial/cmake/serialConfig-version.cmake
[0.616s] -- Up-to-date symlink: /home/luis/workshop_ws/install/serial/share/serial/package.xml
[0.616s] -- Up-to-date: /home/luis/workshop_ws/install/serial/lib/libserial.a
[0.616s] -- Up-to-date: /home/luis/workshop_ws/install/serial/share/serial/cmake/export_serialExport.cmake
[0.616s] -- Up-to-date: /home/luis/workshop_ws/install/serial/share/serial/cmake/export_serialExport-noconfig.cmake
[0.644s] Invoked command in '/home/luis/workshop_ws/build/serial' returned '0': CMAKE_PREFIX_PATH=${CMAKE_PREFIX_PATH}:/opt/ros/humble /usr/bin/cmake --install /home/luis/workshop_ws/build/serial
