[0.039s] Invoking command in '/home/luis/azure_sky_ros2/build/rm_can_driver': AMENT_PREFIX_PATH=/home/luis/azure_sky_ros2/install/ros2_socketcan:${AMENT_PREFIX_PATH} CMAKE_PREFIX_PATH=/home/luis/azure_sky_ros2/install/ros2_socketcan:/home/luis/azure_sky_ros2/install/ros2_socketcan_msgs:/home/luis/azure_sky_ros2/install/auto_aim_interfaces:/home/luis/azure_sky_ros2/install/tide_msgs:/home/luis/azure_sky_ros2/install/serial:/home/luis/azure_sky_ros2/install/rm_gimbal_description:/home/luis/azure_sky_ros2/install/rm_auto_record:/home/luis/azure_sky_ros2/install/hik_camera:/home/luis/azure_sky_ros2/install/buff_interfaces:/opt/ros/humble LD_LIBRARY_PATH=/home/luis/azure_sky_ros2/install/ros2_socketcan/lib:/home/luis/azure_sky_ros2/install/ros2_socketcan_msgs/lib:/home/luis/azure_sky_ros2/install/auto_aim_interfaces/lib:/home/luis/azure_sky_ros2/install/tide_msgs/lib:/home/luis/azure_sky_ros2/install/serial/lib:/home/luis/azure_sky_ros2/install/rm_auto_record/lib:/home/luis/azure_sky_ros2/install/hik_camera/lib:/home/luis/azure_sky_ros2/install/buff_interfaces/lib:/opt/MVS/lib/64:/opt/MVS/lib/32:/usr/lib/x86_64-linux-gnu/gazebo-11/plugins:/opt/ros/humble/opt/rviz_ogre_vendor/lib:/opt/ros/humble/lib/x86_64-linux-gnu:/opt/ros/humble/lib:/opt/MVS/lib/64:/opt/MVS/lib/32:/opt/MVS/lib/64:/opt/MVS/lib/32 /usr/bin/cmake /home/luis/azure_sky_ros2/src/rm_can_driver -DCMAKE_INSTALL_PREFIX=/home/luis/azure_sky_ros2/install/rm_can_driver
[0.173s] -- The C compiler identification is GNU 12.3.0
[0.293s] -- The CXX compiler identification is GNU 11.4.0
[0.310s] -- Detecting C compiler ABI info
[0.463s] -- Detecting C compiler ABI info - done
[0.475s] -- Check for working C compiler: /usr/bin/cc - skipped
[0.475s] -- Detecting C compile features
[0.476s] -- Detecting C compile features - done
[0.481s] -- Detecting CXX compiler ABI info
[0.624s] -- Detecting CXX compiler ABI info - done
[0.636s] -- Check for working CXX compiler: /usr/bin/c++ - skipped
[0.636s] -- Detecting CXX compile features
[0.637s] -- Detecting CXX compile features - done
[0.643s] -- Found ament_cmake: 1.3.11 (/opt/ros/humble/share/ament_cmake/cmake)
[0.914s] -- Found Python3: /usr/bin/python3 (found version "3.10.12") found components: Interpreter 
[1.106s] -- Found rclcpp: 16.0.12 (/opt/ros/humble/share/rclcpp/cmake)
[1.223s] -- Found rosidl_generator_c: 3.1.6 (/opt/ros/humble/share/rosidl_generator_c/cmake)
[1.237s] -- Found rosidl_adapter: 3.1.6 (/opt/ros/humble/share/rosidl_adapter/cmake)
[1.258s] -- Found rosidl_generator_cpp: 3.1.6 (/opt/ros/humble/share/rosidl_generator_cpp/cmake)
[1.288s] -- Using all available rosidl_typesupport_c: rosidl_typesupport_fastrtps_c;rosidl_typesupport_introspection_c
[1.332s] -- Using all available rosidl_typesupport_cpp: rosidl_typesupport_fastrtps_cpp;rosidl_typesupport_introspection_cpp
[1.452s] -- Found rmw_implementation_cmake: 6.1.2 (/opt/ros/humble/share/rmw_implementation_cmake/cmake)
[1.460s] -- Found rmw_fastrtps_cpp: 6.2.7 (/opt/ros/humble/share/rmw_fastrtps_cpp/cmake)
[1.697s] -- Found OpenSSL: /usr/lib/x86_64-linux-gnu/libcrypto.so (found version "3.0.2")  
[1.761s] -- Found FastRTPS: /opt/ros/humble/include  
[1.843s] -- Using RMW implementation 'rmw_fastrtps_cpp' as default
[1.865s] -- Looking for pthread.h
[2.011s] -- Looking for pthread.h - found
[2.011s] -- Performing Test CMAKE_HAVE_LIBC_PTHREAD
[2.157s] -- Performing Test CMAKE_HAVE_LIBC_PTHREAD - Success
[2.158s] -- Found Threads: TRUE  
[2.265s] -- Found ros2_socketcan: 1.3.0 (/home/luis/azure_sky_ros2/install/ros2_socketcan/share/ros2_socketcan/cmake)
[2.420s] -- Found auto_aim_interfaces: 2.0.0 (/home/luis/azure_sky_ros2/install/auto_aim_interfaces/share/auto_aim_interfaces/cmake)
[2.470s] -- Found sensor_msgs: 4.9.0 (/opt/ros/humble/share/sensor_msgs/cmake)
[2.499s] -- Found tf2: 0.25.13 (/opt/ros/humble/share/tf2/cmake)
[2.509s] -- Found tf2_ros: 0.25.13 (/opt/ros/humble/share/tf2_ros/cmake)
[2.633s] -- Found tf2_geometry_msgs: 0.25.13 (/opt/ros/humble/share/tf2_geometry_msgs/cmake)
[2.667s] -- Found eigen3_cmake_module: 0.1.1 (/opt/ros/humble/share/eigen3_cmake_module/cmake)
[2.669s] -- Found Eigen3: TRUE (found version "3.4.0") 
[2.669s] -- Ensuring Eigen3 include directory is part of orocos-kdl CMake target
[2.686s] -- Found ament_lint_auto: 0.12.12 (/opt/ros/humble/share/ament_lint_auto/cmake)
[2.826s] -- Added test 'copyright' to check source files copyright and LICENSE
[2.829s] -- Added test 'cppcheck' to perform static code analysis on C / C++ code
[2.829s] -- Configured cppcheck include dirs: $<BUILD_INTERFACE:/home/luis/azure_sky_ros2/src/rm_can_driver/include>
[2.830s] -- Configured cppcheck exclude dirs and/or files: 
[2.832s] -- Added test 'cpplint' to check C / C++ code against the Google style
[2.832s] -- Configured cpplint exclude dirs and/or files: 
[2.833s] -- Added test 'flake8' to check Python code syntax and style conventions
[2.834s] -- Added test 'lint_cmake' to check CMake code style
[2.835s] -- Added test 'pep257' to check Python code against some of the docstring style conventions in PEP 257
[2.838s] -- Added test 'uncrustify' to check C / C++ code style
[2.838s] -- Configured uncrustify additional arguments: 
[2.839s] -- Added test 'xmllint' to check XML markup files
[2.841s] -- Configuring done
[2.887s] -- Generating done
[2.895s] -- Build files have been written to: /home/luis/azure_sky_ros2/build/rm_can_driver
[2.913s] Invoked command in '/home/luis/azure_sky_ros2/build/rm_can_driver' returned '0': AMENT_PREFIX_PATH=/home/luis/azure_sky_ros2/install/ros2_socketcan:${AMENT_PREFIX_PATH} CMAKE_PREFIX_PATH=/home/luis/azure_sky_ros2/install/ros2_socketcan:/home/luis/azure_sky_ros2/install/ros2_socketcan_msgs:/home/luis/azure_sky_ros2/install/auto_aim_interfaces:/home/luis/azure_sky_ros2/install/tide_msgs:/home/luis/azure_sky_ros2/install/serial:/home/luis/azure_sky_ros2/install/rm_gimbal_description:/home/luis/azure_sky_ros2/install/rm_auto_record:/home/luis/azure_sky_ros2/install/hik_camera:/home/luis/azure_sky_ros2/install/buff_interfaces:/opt/ros/humble LD_LIBRARY_PATH=/home/luis/azure_sky_ros2/install/ros2_socketcan/lib:/home/luis/azure_sky_ros2/install/ros2_socketcan_msgs/lib:/home/luis/azure_sky_ros2/install/auto_aim_interfaces/lib:/home/luis/azure_sky_ros2/install/tide_msgs/lib:/home/luis/azure_sky_ros2/install/serial/lib:/home/luis/azure_sky_ros2/install/rm_auto_record/lib:/home/luis/azure_sky_ros2/install/hik_camera/lib:/home/luis/azure_sky_ros2/install/buff_interfaces/lib:/opt/MVS/lib/64:/opt/MVS/lib/32:/usr/lib/x86_64-linux-gnu/gazebo-11/plugins:/opt/ros/humble/opt/rviz_ogre_vendor/lib:/opt/ros/humble/lib/x86_64-linux-gnu:/opt/ros/humble/lib:/opt/MVS/lib/64:/opt/MVS/lib/32:/opt/MVS/lib/64:/opt/MVS/lib/32 /usr/bin/cmake /home/luis/azure_sky_ros2/src/rm_can_driver -DCMAKE_INSTALL_PREFIX=/home/luis/azure_sky_ros2/install/rm_can_driver
[2.915s] Invoking command in '/home/luis/azure_sky_ros2/build/rm_can_driver': AMENT_PREFIX_PATH=/home/luis/azure_sky_ros2/install/ros2_socketcan:${AMENT_PREFIX_PATH} CMAKE_PREFIX_PATH=/home/luis/azure_sky_ros2/install/ros2_socketcan:/home/luis/azure_sky_ros2/install/ros2_socketcan_msgs:/home/luis/azure_sky_ros2/install/auto_aim_interfaces:/home/luis/azure_sky_ros2/install/tide_msgs:/home/luis/azure_sky_ros2/install/serial:/home/luis/azure_sky_ros2/install/rm_gimbal_description:/home/luis/azure_sky_ros2/install/rm_auto_record:/home/luis/azure_sky_ros2/install/hik_camera:/home/luis/azure_sky_ros2/install/buff_interfaces:/opt/ros/humble LD_LIBRARY_PATH=/home/luis/azure_sky_ros2/install/ros2_socketcan/lib:/home/luis/azure_sky_ros2/install/ros2_socketcan_msgs/lib:/home/luis/azure_sky_ros2/install/auto_aim_interfaces/lib:/home/luis/azure_sky_ros2/install/tide_msgs/lib:/home/luis/azure_sky_ros2/install/serial/lib:/home/luis/azure_sky_ros2/install/rm_auto_record/lib:/home/luis/azure_sky_ros2/install/hik_camera/lib:/home/luis/azure_sky_ros2/install/buff_interfaces/lib:/opt/MVS/lib/64:/opt/MVS/lib/32:/usr/lib/x86_64-linux-gnu/gazebo-11/plugins:/opt/ros/humble/opt/rviz_ogre_vendor/lib:/opt/ros/humble/lib/x86_64-linux-gnu:/opt/ros/humble/lib:/opt/MVS/lib/64:/opt/MVS/lib/32:/opt/MVS/lib/64:/opt/MVS/lib/32 /usr/bin/cmake --build /home/luis/azure_sky_ros2/build/rm_can_driver -- -j12 -l12
[3.032s] [ 50%] [32mBuilding CXX object CMakeFiles/rm_can_driver_node.dir/src/rm_can_driver.cpp.o[0m
[10.307s] [100%] [32m[1mLinking CXX executable rm_can_driver_node[0m
[10.705s] [100%] Built target rm_can_driver_node
[10.734s] Invoked command in '/home/luis/azure_sky_ros2/build/rm_can_driver' returned '0': AMENT_PREFIX_PATH=/home/luis/azure_sky_ros2/install/ros2_socketcan:${AMENT_PREFIX_PATH} CMAKE_PREFIX_PATH=/home/luis/azure_sky_ros2/install/ros2_socketcan:/home/luis/azure_sky_ros2/install/ros2_socketcan_msgs:/home/luis/azure_sky_ros2/install/auto_aim_interfaces:/home/luis/azure_sky_ros2/install/tide_msgs:/home/luis/azure_sky_ros2/install/serial:/home/luis/azure_sky_ros2/install/rm_gimbal_description:/home/luis/azure_sky_ros2/install/rm_auto_record:/home/luis/azure_sky_ros2/install/hik_camera:/home/luis/azure_sky_ros2/install/buff_interfaces:/opt/ros/humble LD_LIBRARY_PATH=/home/luis/azure_sky_ros2/install/ros2_socketcan/lib:/home/luis/azure_sky_ros2/install/ros2_socketcan_msgs/lib:/home/luis/azure_sky_ros2/install/auto_aim_interfaces/lib:/home/luis/azure_sky_ros2/install/tide_msgs/lib:/home/luis/azure_sky_ros2/install/serial/lib:/home/luis/azure_sky_ros2/install/rm_auto_record/lib:/home/luis/azure_sky_ros2/install/hik_camera/lib:/home/luis/azure_sky_ros2/install/buff_interfaces/lib:/opt/MVS/lib/64:/opt/MVS/lib/32:/usr/lib/x86_64-linux-gnu/gazebo-11/plugins:/opt/ros/humble/opt/rviz_ogre_vendor/lib:/opt/ros/humble/lib/x86_64-linux-gnu:/opt/ros/humble/lib:/opt/MVS/lib/64:/opt/MVS/lib/32:/opt/MVS/lib/64:/opt/MVS/lib/32 /usr/bin/cmake --build /home/luis/azure_sky_ros2/build/rm_can_driver -- -j12 -l12
[10.737s] Invoking command in '/home/luis/azure_sky_ros2/build/rm_can_driver': AMENT_PREFIX_PATH=/home/luis/azure_sky_ros2/install/ros2_socketcan:${AMENT_PREFIX_PATH} CMAKE_PREFIX_PATH=/home/luis/azure_sky_ros2/install/ros2_socketcan:/home/luis/azure_sky_ros2/install/ros2_socketcan_msgs:/home/luis/azure_sky_ros2/install/auto_aim_interfaces:/home/luis/azure_sky_ros2/install/tide_msgs:/home/luis/azure_sky_ros2/install/serial:/home/luis/azure_sky_ros2/install/rm_gimbal_description:/home/luis/azure_sky_ros2/install/rm_auto_record:/home/luis/azure_sky_ros2/install/hik_camera:/home/luis/azure_sky_ros2/install/buff_interfaces:/opt/ros/humble LD_LIBRARY_PATH=/home/luis/azure_sky_ros2/install/ros2_socketcan/lib:/home/luis/azure_sky_ros2/install/ros2_socketcan_msgs/lib:/home/luis/azure_sky_ros2/install/auto_aim_interfaces/lib:/home/luis/azure_sky_ros2/install/tide_msgs/lib:/home/luis/azure_sky_ros2/install/serial/lib:/home/luis/azure_sky_ros2/install/rm_auto_record/lib:/home/luis/azure_sky_ros2/install/hik_camera/lib:/home/luis/azure_sky_ros2/install/buff_interfaces/lib:/opt/MVS/lib/64:/opt/MVS/lib/32:/usr/lib/x86_64-linux-gnu/gazebo-11/plugins:/opt/ros/humble/opt/rviz_ogre_vendor/lib:/opt/ros/humble/lib/x86_64-linux-gnu:/opt/ros/humble/lib:/opt/MVS/lib/64:/opt/MVS/lib/32:/opt/MVS/lib/64:/opt/MVS/lib/32 /usr/bin/cmake --install /home/luis/azure_sky_ros2/build/rm_can_driver
[10.756s] -- Install configuration: ""
[10.756s] -- Installing: /home/luis/azure_sky_ros2/install/rm_can_driver/lib/rm_can_driver/rm_can_driver_node
[10.758s] -- Set runtime path of "/home/luis/azure_sky_ros2/install/rm_can_driver/lib/rm_can_driver/rm_can_driver_node" to ""
[10.758s] -- Installing: /home/luis/azure_sky_ros2/install/rm_can_driver/share/ament_index/resource_index/package_run_dependencies/rm_can_driver
[10.758s] -- Installing: /home/luis/azure_sky_ros2/install/rm_can_driver/share/ament_index/resource_index/parent_prefix_path/rm_can_driver
[10.758s] -- Installing: /home/luis/azure_sky_ros2/install/rm_can_driver/share/rm_can_driver/environment/ament_prefix_path.sh
[10.759s] -- Installing: /home/luis/azure_sky_ros2/install/rm_can_driver/share/rm_can_driver/environment/ament_prefix_path.dsv
[10.759s] -- Installing: /home/luis/azure_sky_ros2/install/rm_can_driver/share/rm_can_driver/environment/path.sh
[10.759s] -- Installing: /home/luis/azure_sky_ros2/install/rm_can_driver/share/rm_can_driver/environment/path.dsv
[10.759s] -- Installing: /home/luis/azure_sky_ros2/install/rm_can_driver/share/rm_can_driver/local_setup.bash
[10.759s] -- Installing: /home/luis/azure_sky_ros2/install/rm_can_driver/share/rm_can_driver/local_setup.sh
[10.759s] -- Installing: /home/luis/azure_sky_ros2/install/rm_can_driver/share/rm_can_driver/local_setup.zsh
[10.760s] -- Installing: /home/luis/azure_sky_ros2/install/rm_can_driver/share/rm_can_driver/local_setup.dsv
[10.760s] -- Installing: /home/luis/azure_sky_ros2/install/rm_can_driver/share/rm_can_driver/package.dsv
[10.760s] -- Installing: /home/luis/azure_sky_ros2/install/rm_can_driver/share/ament_index/resource_index/packages/rm_can_driver
[10.760s] -- Installing: /home/luis/azure_sky_ros2/install/rm_can_driver/share/rm_can_driver/cmake/rm_can_driverConfig.cmake
[10.760s] -- Installing: /home/luis/azure_sky_ros2/install/rm_can_driver/share/rm_can_driver/cmake/rm_can_driverConfig-version.cmake
[10.760s] -- Installing: /home/luis/azure_sky_ros2/install/rm_can_driver/share/rm_can_driver/package.xml
[10.763s] Invoked command in '/home/luis/azure_sky_ros2/build/rm_can_driver' returned '0': AMENT_PREFIX_PATH=/home/luis/azure_sky_ros2/install/ros2_socketcan:${AMENT_PREFIX_PATH} CMAKE_PREFIX_PATH=/home/luis/azure_sky_ros2/install/ros2_socketcan:/home/luis/azure_sky_ros2/install/ros2_socketcan_msgs:/home/luis/azure_sky_ros2/install/auto_aim_interfaces:/home/luis/azure_sky_ros2/install/tide_msgs:/home/luis/azure_sky_ros2/install/serial:/home/luis/azure_sky_ros2/install/rm_gimbal_description:/home/luis/azure_sky_ros2/install/rm_auto_record:/home/luis/azure_sky_ros2/install/hik_camera:/home/luis/azure_sky_ros2/install/buff_interfaces:/opt/ros/humble LD_LIBRARY_PATH=/home/luis/azure_sky_ros2/install/ros2_socketcan/lib:/home/luis/azure_sky_ros2/install/ros2_socketcan_msgs/lib:/home/luis/azure_sky_ros2/install/auto_aim_interfaces/lib:/home/luis/azure_sky_ros2/install/tide_msgs/lib:/home/luis/azure_sky_ros2/install/serial/lib:/home/luis/azure_sky_ros2/install/rm_auto_record/lib:/home/luis/azure_sky_ros2/install/hik_camera/lib:/home/luis/azure_sky_ros2/install/buff_interfaces/lib:/opt/MVS/lib/64:/opt/MVS/lib/32:/usr/lib/x86_64-linux-gnu/gazebo-11/plugins:/opt/ros/humble/opt/rviz_ogre_vendor/lib:/opt/ros/humble/lib/x86_64-linux-gnu:/opt/ros/humble/lib:/opt/MVS/lib/64:/opt/MVS/lib/32:/opt/MVS/lib/64:/opt/MVS/lib/32 /usr/bin/cmake --install /home/luis/azure_sky_ros2/build/rm_can_driver
