[0.105s] Invoking command in '/home/luis/azure_sky_ros2/build/rm_buff_bringup': AMENT_PREFIX_PATH=/home/luis/azure_sky_ros2/install/buff_tracker:/home/luis/azure_sky_ros2/install/buff_detector:/home/luis/azure_sky_ros2/install/rm_gimbal_description:/home/luis/azure_sky_ros2/install/buff_interfaces:${AMENT_PREFIX_PATH} CMAKE_PREFIX_PATH=/home/luis/azure_sky_ros2/install/buff_tracker:/home/luis/azure_sky_ros2/install/buff_detector:/home/luis/azure_sky_ros2/install/rm_gimbal_description:/home/luis/azure_sky_ros2/install/buff_interfaces:/opt/ros/humble LD_LIBRARY_PATH=/home/luis/azure_sky_ros2/install/buff_tracker/lib:/home/luis/azure_sky_ros2/install/buff_detector/lib:/home/luis/azure_sky_ros2/install/buff_interfaces/lib:/opt/MVS/lib/64:/opt/MVS/lib/32:/usr/lib/x86_64-linux-gnu/gazebo-11/plugins:/opt/ros/humble/opt/rviz_ogre_vendor/lib:/opt/ros/humble/lib/x86_64-linux-gnu:/opt/ros/humble/lib:/opt/MVS/lib/64:/opt/MVS/lib/32:/opt/MVS/lib/64:/opt/MVS/lib/32 PYTHONPATH=/home/luis/azure_sky_ros2/install/buff_interfaces/local/lib/python3.10/dist-packages:${PYTHONPATH} /usr/bin/cmake --build /home/luis/azure_sky_ros2/build/rm_buff_bringup -- -j12 -l12
[0.174s] Invoked command in '/home/luis/azure_sky_ros2/build/rm_buff_bringup' returned '0': AMENT_PREFIX_PATH=/home/luis/azure_sky_ros2/install/buff_tracker:/home/luis/azure_sky_ros2/install/buff_detector:/home/luis/azure_sky_ros2/install/rm_gimbal_description:/home/luis/azure_sky_ros2/install/buff_interfaces:${AMENT_PREFIX_PATH} CMAKE_PREFIX_PATH=/home/luis/azure_sky_ros2/install/buff_tracker:/home/luis/azure_sky_ros2/install/buff_detector:/home/luis/azure_sky_ros2/install/rm_gimbal_description:/home/luis/azure_sky_ros2/install/buff_interfaces:/opt/ros/humble LD_LIBRARY_PATH=/home/luis/azure_sky_ros2/install/buff_tracker/lib:/home/luis/azure_sky_ros2/install/buff_detector/lib:/home/luis/azure_sky_ros2/install/buff_interfaces/lib:/opt/MVS/lib/64:/opt/MVS/lib/32:/usr/lib/x86_64-linux-gnu/gazebo-11/plugins:/opt/ros/humble/opt/rviz_ogre_vendor/lib:/opt/ros/humble/lib/x86_64-linux-gnu:/opt/ros/humble/lib:/opt/MVS/lib/64:/opt/MVS/lib/32:/opt/MVS/lib/64:/opt/MVS/lib/32 PYTHONPATH=/home/luis/azure_sky_ros2/install/buff_interfaces/local/lib/python3.10/dist-packages:${PYTHONPATH} /usr/bin/cmake --build /home/luis/azure_sky_ros2/build/rm_buff_bringup -- -j12 -l12
[0.177s] Invoking command in '/home/luis/azure_sky_ros2/build/rm_buff_bringup': AMENT_PREFIX_PATH=/home/luis/azure_sky_ros2/install/buff_tracker:/home/luis/azure_sky_ros2/install/buff_detector:/home/luis/azure_sky_ros2/install/rm_gimbal_description:/home/luis/azure_sky_ros2/install/buff_interfaces:${AMENT_PREFIX_PATH} CMAKE_PREFIX_PATH=/home/luis/azure_sky_ros2/install/buff_tracker:/home/luis/azure_sky_ros2/install/buff_detector:/home/luis/azure_sky_ros2/install/rm_gimbal_description:/home/luis/azure_sky_ros2/install/buff_interfaces:/opt/ros/humble LD_LIBRARY_PATH=/home/luis/azure_sky_ros2/install/buff_tracker/lib:/home/luis/azure_sky_ros2/install/buff_detector/lib:/home/luis/azure_sky_ros2/install/buff_interfaces/lib:/opt/MVS/lib/64:/opt/MVS/lib/32:/usr/lib/x86_64-linux-gnu/gazebo-11/plugins:/opt/ros/humble/opt/rviz_ogre_vendor/lib:/opt/ros/humble/lib/x86_64-linux-gnu:/opt/ros/humble/lib:/opt/MVS/lib/64:/opt/MVS/lib/32:/opt/MVS/lib/64:/opt/MVS/lib/32 PYTHONPATH=/home/luis/azure_sky_ros2/install/buff_interfaces/local/lib/python3.10/dist-packages:${PYTHONPATH} /usr/bin/cmake --install /home/luis/azure_sky_ros2/build/rm_buff_bringup
[0.193s] -- Install configuration: ""
[0.193s] -- Up-to-date: /home/luis/azure_sky_ros2/install/rm_buff_bringup/share/rm_buff_bringup/launch
[0.193s] -- Up-to-date: /home/luis/azure_sky_ros2/install/rm_buff_bringup/share/rm_buff_bringup/launch/rm_buff_bringup.launch.py
[0.194s] -- Up-to-date: /home/luis/azure_sky_ros2/install/rm_buff_bringup/share/rm_buff_bringup/config
[0.194s] -- Up-to-date: /home/luis/azure_sky_ros2/install/rm_buff_bringup/share/rm_buff_bringup/config/launch_params.yaml
[0.194s] -- Up-to-date: /home/luis/azure_sky_ros2/install/rm_buff_bringup/share/ament_index/resource_index/package_run_dependencies/rm_buff_bringup
[0.194s] -- Up-to-date: /home/luis/azure_sky_ros2/install/rm_buff_bringup/share/ament_index/resource_index/parent_prefix_path/rm_buff_bringup
[0.194s] -- Up-to-date: /home/luis/azure_sky_ros2/install/rm_buff_bringup/share/rm_buff_bringup/environment/ament_prefix_path.sh
[0.194s] -- Up-to-date: /home/luis/azure_sky_ros2/install/rm_buff_bringup/share/rm_buff_bringup/environment/ament_prefix_path.dsv
[0.195s] -- Up-to-date: /home/luis/azure_sky_ros2/install/rm_buff_bringup/share/rm_buff_bringup/environment/path.sh
[0.195s] -- Up-to-date: /home/luis/azure_sky_ros2/install/rm_buff_bringup/share/rm_buff_bringup/environment/path.dsv
[0.195s] -- Up-to-date: /home/luis/azure_sky_ros2/install/rm_buff_bringup/share/rm_buff_bringup/local_setup.bash
[0.195s] -- Up-to-date: /home/luis/azure_sky_ros2/install/rm_buff_bringup/share/rm_buff_bringup/local_setup.sh
[0.195s] -- Up-to-date: /home/luis/azure_sky_ros2/install/rm_buff_bringup/share/rm_buff_bringup/local_setup.zsh
[0.195s] -- Up-to-date: /home/luis/azure_sky_ros2/install/rm_buff_bringup/share/rm_buff_bringup/local_setup.dsv
[0.195s] -- Installing: /home/luis/azure_sky_ros2/install/rm_buff_bringup/share/rm_buff_bringup/package.dsv
[0.195s] -- Up-to-date: /home/luis/azure_sky_ros2/install/rm_buff_bringup/share/ament_index/resource_index/packages/rm_buff_bringup
[0.196s] -- Up-to-date: /home/luis/azure_sky_ros2/install/rm_buff_bringup/share/rm_buff_bringup/cmake/rm_buff_bringupConfig.cmake
[0.196s] -- Up-to-date: /home/luis/azure_sky_ros2/install/rm_buff_bringup/share/rm_buff_bringup/cmake/rm_buff_bringupConfig-version.cmake
[0.196s] -- Up-to-date: /home/luis/azure_sky_ros2/install/rm_buff_bringup/share/rm_buff_bringup/package.xml
[0.205s] Invoked command in '/home/luis/azure_sky_ros2/build/rm_buff_bringup' returned '0': AMENT_PREFIX_PATH=/home/luis/azure_sky_ros2/install/buff_tracker:/home/luis/azure_sky_ros2/install/buff_detector:/home/luis/azure_sky_ros2/install/rm_gimbal_description:/home/luis/azure_sky_ros2/install/buff_interfaces:${AMENT_PREFIX_PATH} CMAKE_PREFIX_PATH=/home/luis/azure_sky_ros2/install/buff_tracker:/home/luis/azure_sky_ros2/install/buff_detector:/home/luis/azure_sky_ros2/install/rm_gimbal_description:/home/luis/azure_sky_ros2/install/buff_interfaces:/opt/ros/humble LD_LIBRARY_PATH=/home/luis/azure_sky_ros2/install/buff_tracker/lib:/home/luis/azure_sky_ros2/install/buff_detector/lib:/home/luis/azure_sky_ros2/install/buff_interfaces/lib:/opt/MVS/lib/64:/opt/MVS/lib/32:/usr/lib/x86_64-linux-gnu/gazebo-11/plugins:/opt/ros/humble/opt/rviz_ogre_vendor/lib:/opt/ros/humble/lib/x86_64-linux-gnu:/opt/ros/humble/lib:/opt/MVS/lib/64:/opt/MVS/lib/32:/opt/MVS/lib/64:/opt/MVS/lib/32 PYTHONPATH=/home/luis/azure_sky_ros2/install/buff_interfaces/local/lib/python3.10/dist-packages:${PYTHONPATH} /usr/bin/cmake --install /home/luis/azure_sky_ros2/build/rm_buff_bringup
