[0.066s] Invoking command in '/home/luis/azure_sky_ros2/build/ros2_socketcan_msgs': CMAKE_PREFIX_PATH=${CMAKE_PREFIX_PATH}:/opt/ros/humble /usr/bin/cmake --build /home/luis/azure_sky_ros2/build/ros2_socketcan_msgs -- -j12 -l12
[0.252s] [  9%] Built target ros2_socketcan_msgs__rosidl_generator_c
[0.287s] [ 12%] Built target ros2_socketcan_msgs__cpp
[0.288s] [ 12%] Built target ament_cmake_python_copy_ros2_socketcan_msgs
[0.425s] [ 22%] Built target ros2_socketcan_msgs__rosidl_typesupport_introspection_c
[0.432s] [ 32%] Built target ros2_socketcan_msgs__rosidl_typesupport_c
[0.441s] [ 41%] Built target ros2_socketcan_msgs__rosidl_typesupport_fastrtps_c
[0.473s] [ 51%] Built target ros2_socketcan_msgs__rosidl_typesupport_cpp
[0.489s] [ 61%] Built target ros2_socketcan_msgs__rosidl_typesupport_fastrtps_cpp
[0.501s] [ 70%] Built target ros2_socketcan_msgs__rosidl_typesupport_introspection_cpp
[0.583s] [ 70%] Built target ros2_socketcan_msgs
[0.656s] [ 74%] Built target ros2_socketcan_msgs__py
[0.739s] [ 80%] Built target ros2_socketcan_msgs__rosidl_generator_py
[0.831s] [ 87%] Built target ros2_socketcan_msgs__rosidl_typesupport_introspection_c__pyext
[0.834s] [ 93%] Built target ros2_socketcan_msgs__rosidl_typesupport_c__pyext
[0.841s] [100%] Built target ros2_socketcan_msgs__rosidl_typesupport_fastrtps_c__pyext
[0.933s] running egg_info
[0.934s] writing ros2_socketcan_msgs.egg-info/PKG-INFO
[0.934s] writing dependency_links to ros2_socketcan_msgs.egg-info/dependency_links.txt
[0.935s] writing top-level names to ros2_socketcan_msgs.egg-info/top_level.txt
[0.939s] reading manifest file 'ros2_socketcan_msgs.egg-info/SOURCES.txt'
[0.941s] writing manifest file 'ros2_socketcan_msgs.egg-info/SOURCES.txt'
[1.032s] [100%] Built target ament_cmake_python_build_ros2_socketcan_msgs_egg
[1.063s] Invoked command in '/home/luis/azure_sky_ros2/build/ros2_socketcan_msgs' returned '0': CMAKE_PREFIX_PATH=${CMAKE_PREFIX_PATH}:/opt/ros/humble /usr/bin/cmake --build /home/luis/azure_sky_ros2/build/ros2_socketcan_msgs -- -j12 -l12
[1.065s] Invoking command in '/home/luis/azure_sky_ros2/build/ros2_socketcan_msgs': CMAKE_PREFIX_PATH=${CMAKE_PREFIX_PATH}:/opt/ros/humble /usr/bin/cmake --install /home/luis/azure_sky_ros2/build/ros2_socketcan_msgs
[1.085s] -- Install configuration: ""
[1.085s] -- Up-to-date: /home/luis/azure_sky_ros2/install/ros2_socketcan_msgs/share/ament_index/resource_index/rosidl_interfaces/ros2_socketcan_msgs
[1.085s] -- Up-to-date: /home/luis/azure_sky_ros2/install/ros2_socketcan_msgs/include/ros2_socketcan_msgs/ros2_socketcan_msgs
[1.085s] -- Up-to-date: /home/luis/azure_sky_ros2/install/ros2_socketcan_msgs/include/ros2_socketcan_msgs/ros2_socketcan_msgs/msg
[1.086s] -- Up-to-date: /home/luis/azure_sky_ros2/install/ros2_socketcan_msgs/include/ros2_socketcan_msgs/ros2_socketcan_msgs/msg/detail
[1.086s] -- Up-to-date: /home/luis/azure_sky_ros2/install/ros2_socketcan_msgs/include/ros2_socketcan_msgs/ros2_socketcan_msgs/msg/detail/fd_frame__functions.c
[1.086s] -- Up-to-date: /home/luis/azure_sky_ros2/install/ros2_socketcan_msgs/include/ros2_socketcan_msgs/ros2_socketcan_msgs/msg/detail/fd_frame__functions.h
[1.086s] -- Up-to-date: /home/luis/azure_sky_ros2/install/ros2_socketcan_msgs/include/ros2_socketcan_msgs/ros2_socketcan_msgs/msg/detail/fd_frame__type_support.h
[1.086s] -- Up-to-date: /home/luis/azure_sky_ros2/install/ros2_socketcan_msgs/include/ros2_socketcan_msgs/ros2_socketcan_msgs/msg/detail/fd_frame__struct.h
[1.086s] -- Up-to-date: /home/luis/azure_sky_ros2/install/ros2_socketcan_msgs/include/ros2_socketcan_msgs/ros2_socketcan_msgs/msg/rosidl_generator_c__visibility_control.h
[1.087s] -- Up-to-date: /home/luis/azure_sky_ros2/install/ros2_socketcan_msgs/include/ros2_socketcan_msgs/ros2_socketcan_msgs/msg/fd_frame.h
[1.087s] -- Up-to-date: /home/luis/azure_sky_ros2/install/ros2_socketcan_msgs/share/ros2_socketcan_msgs/environment/library_path.sh
[1.087s] -- Up-to-date: /home/luis/azure_sky_ros2/install/ros2_socketcan_msgs/share/ros2_socketcan_msgs/environment/library_path.dsv
[1.087s] -- Up-to-date: /home/luis/azure_sky_ros2/install/ros2_socketcan_msgs/lib/libros2_socketcan_msgs__rosidl_generator_c.so
[1.087s] -- Up-to-date: /home/luis/azure_sky_ros2/install/ros2_socketcan_msgs/include/ros2_socketcan_msgs/ros2_socketcan_msgs
[1.087s] -- Up-to-date: /home/luis/azure_sky_ros2/install/ros2_socketcan_msgs/include/ros2_socketcan_msgs/ros2_socketcan_msgs/msg
[1.087s] -- Up-to-date: /home/luis/azure_sky_ros2/install/ros2_socketcan_msgs/include/ros2_socketcan_msgs/ros2_socketcan_msgs/msg/rosidl_typesupport_fastrtps_c__visibility_control.h
[1.087s] -- Up-to-date: /home/luis/azure_sky_ros2/install/ros2_socketcan_msgs/include/ros2_socketcan_msgs/ros2_socketcan_msgs/msg/detail
[1.088s] -- Up-to-date: /home/luis/azure_sky_ros2/install/ros2_socketcan_msgs/include/ros2_socketcan_msgs/ros2_socketcan_msgs/msg/detail/fd_frame__rosidl_typesupport_fastrtps_c.h
[1.088s] -- Up-to-date: /home/luis/azure_sky_ros2/install/ros2_socketcan_msgs/lib/libros2_socketcan_msgs__rosidl_typesupport_fastrtps_c.so
[1.088s] -- Up-to-date: /home/luis/azure_sky_ros2/install/ros2_socketcan_msgs/include/ros2_socketcan_msgs/ros2_socketcan_msgs
[1.088s] -- Up-to-date: /home/luis/azure_sky_ros2/install/ros2_socketcan_msgs/include/ros2_socketcan_msgs/ros2_socketcan_msgs/msg
[1.088s] -- Up-to-date: /home/luis/azure_sky_ros2/install/ros2_socketcan_msgs/include/ros2_socketcan_msgs/ros2_socketcan_msgs/msg/detail
[1.088s] -- Up-to-date: /home/luis/azure_sky_ros2/install/ros2_socketcan_msgs/include/ros2_socketcan_msgs/ros2_socketcan_msgs/msg/detail/fd_frame__rosidl_typesupport_introspection_c.h
[1.088s] -- Up-to-date: /home/luis/azure_sky_ros2/install/ros2_socketcan_msgs/include/ros2_socketcan_msgs/ros2_socketcan_msgs/msg/detail/fd_frame__type_support.c
[1.088s] -- Up-to-date: /home/luis/azure_sky_ros2/install/ros2_socketcan_msgs/include/ros2_socketcan_msgs/ros2_socketcan_msgs/msg/rosidl_typesupport_introspection_c__visibility_control.h
[1.089s] -- Up-to-date: /home/luis/azure_sky_ros2/install/ros2_socketcan_msgs/lib/libros2_socketcan_msgs__rosidl_typesupport_introspection_c.so
[1.089s] -- Up-to-date: /home/luis/azure_sky_ros2/install/ros2_socketcan_msgs/lib/libros2_socketcan_msgs__rosidl_typesupport_c.so
[1.089s] -- Up-to-date: /home/luis/azure_sky_ros2/install/ros2_socketcan_msgs/include/ros2_socketcan_msgs/ros2_socketcan_msgs
[1.089s] -- Up-to-date: /home/luis/azure_sky_ros2/install/ros2_socketcan_msgs/include/ros2_socketcan_msgs/ros2_socketcan_msgs/msg
[1.089s] -- Up-to-date: /home/luis/azure_sky_ros2/install/ros2_socketcan_msgs/include/ros2_socketcan_msgs/ros2_socketcan_msgs/msg/detail
[1.089s] -- Up-to-date: /home/luis/azure_sky_ros2/install/ros2_socketcan_msgs/include/ros2_socketcan_msgs/ros2_socketcan_msgs/msg/detail/fd_frame__traits.hpp
[1.089s] -- Up-to-date: /home/luis/azure_sky_ros2/install/ros2_socketcan_msgs/include/ros2_socketcan_msgs/ros2_socketcan_msgs/msg/detail/fd_frame__type_support.hpp
[1.089s] -- Up-to-date: /home/luis/azure_sky_ros2/install/ros2_socketcan_msgs/include/ros2_socketcan_msgs/ros2_socketcan_msgs/msg/detail/fd_frame__struct.hpp
[1.090s] -- Up-to-date: /home/luis/azure_sky_ros2/install/ros2_socketcan_msgs/include/ros2_socketcan_msgs/ros2_socketcan_msgs/msg/detail/fd_frame__builder.hpp
[1.090s] -- Up-to-date: /home/luis/azure_sky_ros2/install/ros2_socketcan_msgs/include/ros2_socketcan_msgs/ros2_socketcan_msgs/msg/fd_frame.hpp
[1.090s] -- Up-to-date: /home/luis/azure_sky_ros2/install/ros2_socketcan_msgs/include/ros2_socketcan_msgs/ros2_socketcan_msgs/msg/rosidl_generator_cpp__visibility_control.hpp
[1.090s] -- Up-to-date: /home/luis/azure_sky_ros2/install/ros2_socketcan_msgs/include/ros2_socketcan_msgs/ros2_socketcan_msgs
[1.090s] -- Up-to-date: /home/luis/azure_sky_ros2/install/ros2_socketcan_msgs/include/ros2_socketcan_msgs/ros2_socketcan_msgs/msg
[1.090s] -- Up-to-date: /home/luis/azure_sky_ros2/install/ros2_socketcan_msgs/include/ros2_socketcan_msgs/ros2_socketcan_msgs/msg/detail
[1.091s] -- Up-to-date: /home/luis/azure_sky_ros2/install/ros2_socketcan_msgs/include/ros2_socketcan_msgs/ros2_socketcan_msgs/msg/detail/fd_frame__rosidl_typesupport_fastrtps_cpp.hpp
[1.091s] -- Up-to-date: /home/luis/azure_sky_ros2/install/ros2_socketcan_msgs/include/ros2_socketcan_msgs/ros2_socketcan_msgs/msg/detail/dds_fastrtps
[1.091s] -- Up-to-date: /home/luis/azure_sky_ros2/install/ros2_socketcan_msgs/include/ros2_socketcan_msgs/ros2_socketcan_msgs/msg/rosidl_typesupport_fastrtps_cpp__visibility_control.h
[1.091s] -- Up-to-date: /home/luis/azure_sky_ros2/install/ros2_socketcan_msgs/lib/libros2_socketcan_msgs__rosidl_typesupport_fastrtps_cpp.so
[1.091s] -- Up-to-date: /home/luis/azure_sky_ros2/install/ros2_socketcan_msgs/include/ros2_socketcan_msgs/ros2_socketcan_msgs
[1.092s] -- Up-to-date: /home/luis/azure_sky_ros2/install/ros2_socketcan_msgs/include/ros2_socketcan_msgs/ros2_socketcan_msgs/msg
[1.092s] -- Up-to-date: /home/luis/azure_sky_ros2/install/ros2_socketcan_msgs/include/ros2_socketcan_msgs/ros2_socketcan_msgs/msg/detail
[1.093s] -- Up-to-date: /home/luis/azure_sky_ros2/install/ros2_socketcan_msgs/include/ros2_socketcan_msgs/ros2_socketcan_msgs/msg/detail/fd_frame__type_support.cpp
[1.093s] -- Up-to-date: /home/luis/azure_sky_ros2/install/ros2_socketcan_msgs/include/ros2_socketcan_msgs/ros2_socketcan_msgs/msg/detail/fd_frame__rosidl_typesupport_introspection_cpp.hpp
[1.094s] -- Up-to-date: /home/luis/azure_sky_ros2/install/ros2_socketcan_msgs/lib/libros2_socketcan_msgs__rosidl_typesupport_introspection_cpp.so
[1.094s] -- Up-to-date: /home/luis/azure_sky_ros2/install/ros2_socketcan_msgs/lib/libros2_socketcan_msgs__rosidl_typesupport_cpp.so
[1.094s] -- Up-to-date: /home/luis/azure_sky_ros2/install/ros2_socketcan_msgs/share/ros2_socketcan_msgs/environment/pythonpath.sh
[1.094s] -- Up-to-date: /home/luis/azure_sky_ros2/install/ros2_socketcan_msgs/share/ros2_socketcan_msgs/environment/pythonpath.dsv
[1.095s] -- Up-to-date: /home/luis/azure_sky_ros2/install/ros2_socketcan_msgs/local/lib/python3.10/dist-packages/ros2_socketcan_msgs-1.3.0-py3.10.egg-info
[1.095s] -- Installing: /home/luis/azure_sky_ros2/install/ros2_socketcan_msgs/local/lib/python3.10/dist-packages/ros2_socketcan_msgs-1.3.0-py3.10.egg-info/SOURCES.txt
[1.099s] -- Installing: /home/luis/azure_sky_ros2/install/ros2_socketcan_msgs/local/lib/python3.10/dist-packages/ros2_socketcan_msgs-1.3.0-py3.10.egg-info/PKG-INFO
[1.099s] -- Installing: /home/luis/azure_sky_ros2/install/ros2_socketcan_msgs/local/lib/python3.10/dist-packages/ros2_socketcan_msgs-1.3.0-py3.10.egg-info/top_level.txt
[1.099s] -- Installing: /home/luis/azure_sky_ros2/install/ros2_socketcan_msgs/local/lib/python3.10/dist-packages/ros2_socketcan_msgs-1.3.0-py3.10.egg-info/dependency_links.txt
[1.100s] -- Up-to-date: /home/luis/azure_sky_ros2/install/ros2_socketcan_msgs/local/lib/python3.10/dist-packages/ros2_socketcan_msgs
[1.100s] -- Up-to-date: /home/luis/azure_sky_ros2/install/ros2_socketcan_msgs/local/lib/python3.10/dist-packages/ros2_socketcan_msgs/_ros2_socketcan_msgs_s.ep.rosidl_typesupport_c.c
[1.100s] -- Up-to-date: /home/luis/azure_sky_ros2/install/ros2_socketcan_msgs/local/lib/python3.10/dist-packages/ros2_socketcan_msgs/ros2_socketcan_msgs_s__rosidl_typesupport_fastrtps_c.cpython-310-x86_64-linux-gnu.so
[1.100s] -- Up-to-date: /home/luis/azure_sky_ros2/install/ros2_socketcan_msgs/local/lib/python3.10/dist-packages/ros2_socketcan_msgs/_ros2_socketcan_msgs_s.ep.rosidl_typesupport_introspection_c.c
[1.100s] -- Up-to-date: /home/luis/azure_sky_ros2/install/ros2_socketcan_msgs/local/lib/python3.10/dist-packages/ros2_socketcan_msgs/_ros2_socketcan_msgs_s.ep.rosidl_typesupport_fastrtps_c.c
[1.100s] -- Up-to-date: /home/luis/azure_sky_ros2/install/ros2_socketcan_msgs/local/lib/python3.10/dist-packages/ros2_socketcan_msgs/libros2_socketcan_msgs__rosidl_generator_py.so
[1.100s] -- Up-to-date: /home/luis/azure_sky_ros2/install/ros2_socketcan_msgs/local/lib/python3.10/dist-packages/ros2_socketcan_msgs/ros2_socketcan_msgs_s__rosidl_typesupport_c.cpython-310-x86_64-linux-gnu.so
[1.101s] -- Up-to-date: /home/luis/azure_sky_ros2/install/ros2_socketcan_msgs/local/lib/python3.10/dist-packages/ros2_socketcan_msgs/ros2_socketcan_msgs_s__rosidl_typesupport_introspection_c.cpython-310-x86_64-linux-gnu.so
[1.101s] -- Up-to-date: /home/luis/azure_sky_ros2/install/ros2_socketcan_msgs/local/lib/python3.10/dist-packages/ros2_socketcan_msgs/__init__.py
[1.101s] -- Up-to-date: /home/luis/azure_sky_ros2/install/ros2_socketcan_msgs/local/lib/python3.10/dist-packages/ros2_socketcan_msgs/msg
[1.101s] -- Up-to-date: /home/luis/azure_sky_ros2/install/ros2_socketcan_msgs/local/lib/python3.10/dist-packages/ros2_socketcan_msgs/msg/_fd_frame.py
[1.101s] -- Up-to-date: /home/luis/azure_sky_ros2/install/ros2_socketcan_msgs/local/lib/python3.10/dist-packages/ros2_socketcan_msgs/msg/__init__.py
[1.101s] -- Up-to-date: /home/luis/azure_sky_ros2/install/ros2_socketcan_msgs/local/lib/python3.10/dist-packages/ros2_socketcan_msgs/msg/_fd_frame_s.c
[1.154s] Listing '/home/luis/azure_sky_ros2/install/ros2_socketcan_msgs/local/lib/python3.10/dist-packages/ros2_socketcan_msgs'...
[1.154s] Listing '/home/luis/azure_sky_ros2/install/ros2_socketcan_msgs/local/lib/python3.10/dist-packages/ros2_socketcan_msgs/msg'...
[1.190s] -- Up-to-date: /home/luis/azure_sky_ros2/install/ros2_socketcan_msgs/local/lib/python3.10/dist-packages/ros2_socketcan_msgs/ros2_socketcan_msgs_s__rosidl_typesupport_fastrtps_c.cpython-310-x86_64-linux-gnu.so
[1.192s] -- Up-to-date: /home/luis/azure_sky_ros2/install/ros2_socketcan_msgs/local/lib/python3.10/dist-packages/ros2_socketcan_msgs/ros2_socketcan_msgs_s__rosidl_typesupport_introspection_c.cpython-310-x86_64-linux-gnu.so
[1.193s] -- Up-to-date: /home/luis/azure_sky_ros2/install/ros2_socketcan_msgs/local/lib/python3.10/dist-packages/ros2_socketcan_msgs/ros2_socketcan_msgs_s__rosidl_typesupport_c.cpython-310-x86_64-linux-gnu.so
[1.194s] -- Up-to-date: /home/luis/azure_sky_ros2/install/ros2_socketcan_msgs/lib/libros2_socketcan_msgs__rosidl_generator_py.so
[1.195s] -- Up-to-date: /home/luis/azure_sky_ros2/install/ros2_socketcan_msgs/share/ros2_socketcan_msgs/msg/FdFrame.idl
[1.195s] -- Up-to-date: /home/luis/azure_sky_ros2/install/ros2_socketcan_msgs/share/ros2_socketcan_msgs/msg/FdFrame.msg
[1.195s] -- Up-to-date: /home/luis/azure_sky_ros2/install/ros2_socketcan_msgs/share/ament_index/resource_index/package_run_dependencies/ros2_socketcan_msgs
[1.195s] -- Up-to-date: /home/luis/azure_sky_ros2/install/ros2_socketcan_msgs/share/ament_index/resource_index/parent_prefix_path/ros2_socketcan_msgs
[1.196s] -- Up-to-date: /home/luis/azure_sky_ros2/install/ros2_socketcan_msgs/share/ros2_socketcan_msgs/environment/ament_prefix_path.sh
[1.196s] -- Up-to-date: /home/luis/azure_sky_ros2/install/ros2_socketcan_msgs/share/ros2_socketcan_msgs/environment/ament_prefix_path.dsv
[1.196s] -- Up-to-date: /home/luis/azure_sky_ros2/install/ros2_socketcan_msgs/share/ros2_socketcan_msgs/environment/path.sh
[1.196s] -- Up-to-date: /home/luis/azure_sky_ros2/install/ros2_socketcan_msgs/share/ros2_socketcan_msgs/environment/path.dsv
[1.196s] -- Up-to-date: /home/luis/azure_sky_ros2/install/ros2_socketcan_msgs/share/ros2_socketcan_msgs/local_setup.bash
[1.196s] -- Up-to-date: /home/luis/azure_sky_ros2/install/ros2_socketcan_msgs/share/ros2_socketcan_msgs/local_setup.sh
[1.196s] -- Up-to-date: /home/luis/azure_sky_ros2/install/ros2_socketcan_msgs/share/ros2_socketcan_msgs/local_setup.zsh
[1.196s] -- Up-to-date: /home/luis/azure_sky_ros2/install/ros2_socketcan_msgs/share/ros2_socketcan_msgs/local_setup.dsv
[1.196s] -- Installing: /home/luis/azure_sky_ros2/install/ros2_socketcan_msgs/share/ros2_socketcan_msgs/package.dsv
[1.196s] -- Up-to-date: /home/luis/azure_sky_ros2/install/ros2_socketcan_msgs/share/ament_index/resource_index/packages/ros2_socketcan_msgs
[1.197s] -- Up-to-date: /home/luis/azure_sky_ros2/install/ros2_socketcan_msgs/share/ros2_socketcan_msgs/cmake/export_ros2_socketcan_msgs__rosidl_generator_cExport.cmake
[1.201s] -- Up-to-date: /home/luis/azure_sky_ros2/install/ros2_socketcan_msgs/share/ros2_socketcan_msgs/cmake/export_ros2_socketcan_msgs__rosidl_generator_cExport-noconfig.cmake
[1.201s] -- Up-to-date: /home/luis/azure_sky_ros2/install/ros2_socketcan_msgs/share/ros2_socketcan_msgs/cmake/export_ros2_socketcan_msgs__rosidl_typesupport_fastrtps_cExport.cmake
[1.201s] -- Up-to-date: /home/luis/azure_sky_ros2/install/ros2_socketcan_msgs/share/ros2_socketcan_msgs/cmake/export_ros2_socketcan_msgs__rosidl_typesupport_fastrtps_cExport-noconfig.cmake
[1.201s] -- Up-to-date: /home/luis/azure_sky_ros2/install/ros2_socketcan_msgs/share/ros2_socketcan_msgs/cmake/ros2_socketcan_msgs__rosidl_typesupport_introspection_cExport.cmake
[1.202s] -- Up-to-date: /home/luis/azure_sky_ros2/install/ros2_socketcan_msgs/share/ros2_socketcan_msgs/cmake/ros2_socketcan_msgs__rosidl_typesupport_introspection_cExport-noconfig.cmake
[1.203s] -- Up-to-date: /home/luis/azure_sky_ros2/install/ros2_socketcan_msgs/share/ros2_socketcan_msgs/cmake/ros2_socketcan_msgs__rosidl_typesupport_cExport.cmake
[1.203s] -- Up-to-date: /home/luis/azure_sky_ros2/install/ros2_socketcan_msgs/share/ros2_socketcan_msgs/cmake/ros2_socketcan_msgs__rosidl_typesupport_cExport-noconfig.cmake
[1.203s] -- Up-to-date: /home/luis/azure_sky_ros2/install/ros2_socketcan_msgs/share/ros2_socketcan_msgs/cmake/export_ros2_socketcan_msgs__rosidl_generator_cppExport.cmake
[1.203s] -- Up-to-date: /home/luis/azure_sky_ros2/install/ros2_socketcan_msgs/share/ros2_socketcan_msgs/cmake/export_ros2_socketcan_msgs__rosidl_typesupport_fastrtps_cppExport.cmake
[1.204s] -- Up-to-date: /home/luis/azure_sky_ros2/install/ros2_socketcan_msgs/share/ros2_socketcan_msgs/cmake/export_ros2_socketcan_msgs__rosidl_typesupport_fastrtps_cppExport-noconfig.cmake
[1.204s] -- Up-to-date: /home/luis/azure_sky_ros2/install/ros2_socketcan_msgs/share/ros2_socketcan_msgs/cmake/ros2_socketcan_msgs__rosidl_typesupport_introspection_cppExport.cmake
[1.204s] -- Up-to-date: /home/luis/azure_sky_ros2/install/ros2_socketcan_msgs/share/ros2_socketcan_msgs/cmake/ros2_socketcan_msgs__rosidl_typesupport_introspection_cppExport-noconfig.cmake
[1.204s] -- Up-to-date: /home/luis/azure_sky_ros2/install/ros2_socketcan_msgs/share/ros2_socketcan_msgs/cmake/ros2_socketcan_msgs__rosidl_typesupport_cppExport.cmake
[1.204s] -- Up-to-date: /home/luis/azure_sky_ros2/install/ros2_socketcan_msgs/share/ros2_socketcan_msgs/cmake/ros2_socketcan_msgs__rosidl_typesupport_cppExport-noconfig.cmake
[1.204s] -- Up-to-date: /home/luis/azure_sky_ros2/install/ros2_socketcan_msgs/share/ros2_socketcan_msgs/cmake/export_ros2_socketcan_msgs__rosidl_generator_pyExport.cmake
[1.204s] -- Up-to-date: /home/luis/azure_sky_ros2/install/ros2_socketcan_msgs/share/ros2_socketcan_msgs/cmake/export_ros2_socketcan_msgs__rosidl_generator_pyExport-noconfig.cmake
[1.204s] -- Up-to-date: /home/luis/azure_sky_ros2/install/ros2_socketcan_msgs/share/ros2_socketcan_msgs/cmake/rosidl_cmake-extras.cmake
[1.204s] -- Up-to-date: /home/luis/azure_sky_ros2/install/ros2_socketcan_msgs/share/ros2_socketcan_msgs/cmake/ament_cmake_export_dependencies-extras.cmake
[1.206s] -- Up-to-date: /home/luis/azure_sky_ros2/install/ros2_socketcan_msgs/share/ros2_socketcan_msgs/cmake/ament_cmake_export_include_directories-extras.cmake
[1.206s] -- Up-to-date: /home/luis/azure_sky_ros2/install/ros2_socketcan_msgs/share/ros2_socketcan_msgs/cmake/ament_cmake_export_libraries-extras.cmake
[1.206s] -- Up-to-date: /home/luis/azure_sky_ros2/install/ros2_socketcan_msgs/share/ros2_socketcan_msgs/cmake/ament_cmake_export_targets-extras.cmake
[1.207s] -- Up-to-date: /home/luis/azure_sky_ros2/install/ros2_socketcan_msgs/share/ros2_socketcan_msgs/cmake/rosidl_cmake_export_typesupport_targets-extras.cmake
[1.207s] -- Up-to-date: /home/luis/azure_sky_ros2/install/ros2_socketcan_msgs/share/ros2_socketcan_msgs/cmake/rosidl_cmake_export_typesupport_libraries-extras.cmake
[1.207s] -- Up-to-date: /home/luis/azure_sky_ros2/install/ros2_socketcan_msgs/share/ros2_socketcan_msgs/cmake/ros2_socketcan_msgsConfig.cmake
[1.207s] -- Up-to-date: /home/luis/azure_sky_ros2/install/ros2_socketcan_msgs/share/ros2_socketcan_msgs/cmake/ros2_socketcan_msgsConfig-version.cmake
[1.207s] -- Up-to-date: /home/luis/azure_sky_ros2/install/ros2_socketcan_msgs/share/ros2_socketcan_msgs/package.xml
[1.219s] Invoked command in '/home/luis/azure_sky_ros2/build/ros2_socketcan_msgs' returned '0': CMAKE_PREFIX_PATH=${CMAKE_PREFIX_PATH}:/opt/ros/humble /usr/bin/cmake --install /home/luis/azure_sky_ros2/build/ros2_socketcan_msgs
