[0.032s] Invoking command in '/home/luis/azure_sky_ros2/build/rm_buff_bringup': AMENT_PREFIX_PATH=/home/luis/azure_sky_ros2/install/buff_tracker:/home/luis/azure_sky_ros2/install/buff_detector:/home/luis/azure_sky_ros2/install/rm_gimbal_description:/home/luis/azure_sky_ros2/install/buff_interfaces:${AMENT_PREFIX_PATH} CMAKE_PREFIX_PATH=/home/luis/azure_sky_ros2/install/buff_tracker:/home/luis/azure_sky_ros2/install/buff_detector:/home/luis/azure_sky_ros2/install/rm_gimbal_description:/home/luis/azure_sky_ros2/install/buff_interfaces:/opt/ros/humble LD_LIBRARY_PATH=/home/luis/azure_sky_ros2/install/buff_tracker/lib:/home/luis/azure_sky_ros2/install/buff_detector/lib:/home/luis/azure_sky_ros2/install/buff_interfaces/lib:/opt/MVS/lib/64:/opt/MVS/lib/32:/usr/lib/x86_64-linux-gnu/gazebo-11/plugins:/opt/ros/humble/opt/rviz_ogre_vendor/lib:/opt/ros/humble/lib/x86_64-linux-gnu:/opt/ros/humble/lib:/opt/MVS/lib/64:/opt/MVS/lib/32:/opt/MVS/lib/64:/opt/MVS/lib/32 PYTHONPATH=/home/luis/azure_sky_ros2/install/buff_interfaces/local/lib/python3.10/dist-packages:${PYTHONPATH} /usr/bin/cmake --build /home/luis/azure_sky_ros2/build/rm_buff_bringup -- -j12 -l12
[0.089s] -- Found ament_cmake_auto: 1.3.11 (/opt/ros/humble/share/ament_cmake_auto/cmake)
[0.269s] -- Found ament_lint_auto: 0.12.12 (/opt/ros/humble/share/ament_lint_auto/cmake)
[0.360s] -- Added test 'flake8' to check Python code syntax and style conventions
[0.361s] -- Added test 'lint_cmake' to check CMake code style
[0.361s] -- Added test 'pep257' to check Python code against some of the docstring style conventions in PEP 257
[0.362s] -- Added test 'xmllint' to check XML markup files
[0.364s] -- Configuring done
[0.372s] -- Generating done
[0.374s] -- Build files have been written to: /home/luis/azure_sky_ros2/build/rm_buff_bringup
[0.411s] Invoked command in '/home/luis/azure_sky_ros2/build/rm_buff_bringup' returned '0': AMENT_PREFIX_PATH=/home/luis/azure_sky_ros2/install/buff_tracker:/home/luis/azure_sky_ros2/install/buff_detector:/home/luis/azure_sky_ros2/install/rm_gimbal_description:/home/luis/azure_sky_ros2/install/buff_interfaces:${AMENT_PREFIX_PATH} CMAKE_PREFIX_PATH=/home/luis/azure_sky_ros2/install/buff_tracker:/home/luis/azure_sky_ros2/install/buff_detector:/home/luis/azure_sky_ros2/install/rm_gimbal_description:/home/luis/azure_sky_ros2/install/buff_interfaces:/opt/ros/humble LD_LIBRARY_PATH=/home/luis/azure_sky_ros2/install/buff_tracker/lib:/home/luis/azure_sky_ros2/install/buff_detector/lib:/home/luis/azure_sky_ros2/install/buff_interfaces/lib:/opt/MVS/lib/64:/opt/MVS/lib/32:/usr/lib/x86_64-linux-gnu/gazebo-11/plugins:/opt/ros/humble/opt/rviz_ogre_vendor/lib:/opt/ros/humble/lib/x86_64-linux-gnu:/opt/ros/humble/lib:/opt/MVS/lib/64:/opt/MVS/lib/32:/opt/MVS/lib/64:/opt/MVS/lib/32 PYTHONPATH=/home/luis/azure_sky_ros2/install/buff_interfaces/local/lib/python3.10/dist-packages:${PYTHONPATH} /usr/bin/cmake --build /home/luis/azure_sky_ros2/build/rm_buff_bringup -- -j12 -l12
[0.415s] Invoking command in '/home/luis/azure_sky_ros2/build/rm_buff_bringup': AMENT_PREFIX_PATH=/home/luis/azure_sky_ros2/install/buff_tracker:/home/luis/azure_sky_ros2/install/buff_detector:/home/luis/azure_sky_ros2/install/rm_gimbal_description:/home/luis/azure_sky_ros2/install/buff_interfaces:${AMENT_PREFIX_PATH} CMAKE_PREFIX_PATH=/home/luis/azure_sky_ros2/install/buff_tracker:/home/luis/azure_sky_ros2/install/buff_detector:/home/luis/azure_sky_ros2/install/rm_gimbal_description:/home/luis/azure_sky_ros2/install/buff_interfaces:/opt/ros/humble LD_LIBRARY_PATH=/home/luis/azure_sky_ros2/install/buff_tracker/lib:/home/luis/azure_sky_ros2/install/buff_detector/lib:/home/luis/azure_sky_ros2/install/buff_interfaces/lib:/opt/MVS/lib/64:/opt/MVS/lib/32:/usr/lib/x86_64-linux-gnu/gazebo-11/plugins:/opt/ros/humble/opt/rviz_ogre_vendor/lib:/opt/ros/humble/lib/x86_64-linux-gnu:/opt/ros/humble/lib:/opt/MVS/lib/64:/opt/MVS/lib/32:/opt/MVS/lib/64:/opt/MVS/lib/32 PYTHONPATH=/home/luis/azure_sky_ros2/install/buff_interfaces/local/lib/python3.10/dist-packages:${PYTHONPATH} /usr/bin/cmake --install /home/luis/azure_sky_ros2/build/rm_buff_bringup
[0.424s] -- Install configuration: ""
[0.424s] -- Up-to-date: /home/luis/azure_sky_ros2/install/rm_buff_bringup/share/rm_buff_bringup/launch
[0.424s] -- Installing: /home/luis/azure_sky_ros2/install/rm_buff_bringup/share/rm_buff_bringup/launch/rm_buff_bringup.launch.py
[0.425s] -- Up-to-date: /home/luis/azure_sky_ros2/install/rm_buff_bringup/share/rm_buff_bringup/config
[0.425s] -- Installing: /home/luis/azure_sky_ros2/install/rm_buff_bringup/share/rm_buff_bringup/config/launch_params.yaml
[0.425s] -- Up-to-date: /home/luis/azure_sky_ros2/install/rm_buff_bringup/share/ament_index/resource_index/package_run_dependencies/rm_buff_bringup
[0.425s] -- Installing: /home/luis/azure_sky_ros2/install/rm_buff_bringup/share/ament_index/resource_index/parent_prefix_path/rm_buff_bringup
[0.426s] -- Up-to-date: /home/luis/azure_sky_ros2/install/rm_buff_bringup/share/rm_buff_bringup/environment/ament_prefix_path.sh
[0.426s] -- Installing: /home/luis/azure_sky_ros2/install/rm_buff_bringup/share/rm_buff_bringup/environment/ament_prefix_path.dsv
[0.426s] -- Up-to-date: /home/luis/azure_sky_ros2/install/rm_buff_bringup/share/rm_buff_bringup/environment/path.sh
[0.426s] -- Installing: /home/luis/azure_sky_ros2/install/rm_buff_bringup/share/rm_buff_bringup/environment/path.dsv
[0.426s] -- Up-to-date: /home/luis/azure_sky_ros2/install/rm_buff_bringup/share/rm_buff_bringup/local_setup.bash
[0.426s] -- Up-to-date: /home/luis/azure_sky_ros2/install/rm_buff_bringup/share/rm_buff_bringup/local_setup.sh
[0.426s] -- Up-to-date: /home/luis/azure_sky_ros2/install/rm_buff_bringup/share/rm_buff_bringup/local_setup.zsh
[0.426s] -- Installing: /home/luis/azure_sky_ros2/install/rm_buff_bringup/share/rm_buff_bringup/local_setup.dsv
[0.426s] -- Installing: /home/luis/azure_sky_ros2/install/rm_buff_bringup/share/rm_buff_bringup/package.dsv
[0.427s] -- Up-to-date: /home/luis/azure_sky_ros2/install/rm_buff_bringup/share/ament_index/resource_index/packages/rm_buff_bringup
[0.427s] -- Up-to-date: /home/luis/azure_sky_ros2/install/rm_buff_bringup/share/rm_buff_bringup/cmake/rm_buff_bringupConfig.cmake
[0.427s] -- Up-to-date: /home/luis/azure_sky_ros2/install/rm_buff_bringup/share/rm_buff_bringup/cmake/rm_buff_bringupConfig-version.cmake
[0.427s] -- Installing: /home/luis/azure_sky_ros2/install/rm_buff_bringup/share/rm_buff_bringup/package.xml
[0.431s] Invoked command in '/home/luis/azure_sky_ros2/build/rm_buff_bringup' returned '0': AMENT_PREFIX_PATH=/home/luis/azure_sky_ros2/install/buff_tracker:/home/luis/azure_sky_ros2/install/buff_detector:/home/luis/azure_sky_ros2/install/rm_gimbal_description:/home/luis/azure_sky_ros2/install/buff_interfaces:${AMENT_PREFIX_PATH} CMAKE_PREFIX_PATH=/home/luis/azure_sky_ros2/install/buff_tracker:/home/luis/azure_sky_ros2/install/buff_detector:/home/luis/azure_sky_ros2/install/rm_gimbal_description:/home/luis/azure_sky_ros2/install/buff_interfaces:/opt/ros/humble LD_LIBRARY_PATH=/home/luis/azure_sky_ros2/install/buff_tracker/lib:/home/luis/azure_sky_ros2/install/buff_detector/lib:/home/luis/azure_sky_ros2/install/buff_interfaces/lib:/opt/MVS/lib/64:/opt/MVS/lib/32:/usr/lib/x86_64-linux-gnu/gazebo-11/plugins:/opt/ros/humble/opt/rviz_ogre_vendor/lib:/opt/ros/humble/lib/x86_64-linux-gnu:/opt/ros/humble/lib:/opt/MVS/lib/64:/opt/MVS/lib/32:/opt/MVS/lib/64:/opt/MVS/lib/32 PYTHONPATH=/home/luis/azure_sky_ros2/install/buff_interfaces/local/lib/python3.10/dist-packages:${PYTHONPATH} /usr/bin/cmake --install /home/luis/azure_sky_ros2/build/rm_buff_bringup
