[ 33%] Built target gmock_main
[ 41%] Built target gmock
[ 83%] Built target my_hardware_interface
[100%] Built target test_rrbot_hardware_interface
-- Install configuration: ""
-- Up-to-date: /home/luis/azure_sky_ros2/install/my_hardware_interface/share/my_hardware_interface/my_hardware_interface.xml
-- Up-to-date: /home/luis/azure_sky_ros2/install/my_hardware_interface/share/my_hardware_interface/my_hardware_interface.xml
-- Up-to-date: /home/luis/azure_sky_ros2/install/my_hardware_interface/lib/libmy_hardware_interface.so
-- Up-to-date: /home/luis/azure_sky_ros2/install/my_hardware_interface/include
-- Up-to-date: /home/luis/azure_sky_ros2/install/my_hardware_interface/include/my_hardware_interface
-- Up-to-date: /home/luis/azure_sky_ros2/install/my_hardware_interface/include/my_hardware_interface/tide_motor.hpp
-- Up-to-date: /home/luis/azure_sky_ros2/install/my_hardware_interface/include/my_hardware_interface/visibility_control.h
-- Up-to-date: /home/luis/azure_sky_ros2/install/my_hardware_interface/include/my_hardware_interface/custom_mecanum_controller.hpp
-- Up-to-date: /home/luis/azure_sky_ros2/install/my_hardware_interface/include/my_hardware_interface/remote_controller.hpp
-- Up-to-date: /home/luis/azure_sky_ros2/install/my_hardware_interface/include/my_hardware_interface/rrbot_hardware_interface.hpp
-- Up-to-date: /home/luis/azure_sky_ros2/install/my_hardware_interface/share/my_hardware_interface/my_hardware_interface.xml
-- Up-to-date: /home/luis/azure_sky_ros2/install/my_hardware_interface/share/my_hardware_interface/urdf
-- Up-to-date: /home/luis/azure_sky_ros2/install/my_hardware_interface/share/my_hardware_interface/urdf/rrbot.urdf.xacro
-- Up-to-date: /home/luis/azure_sky_ros2/install/my_hardware_interface/share/my_hardware_interface/urdf/common.xacro
-- Up-to-date: /home/luis/azure_sky_ros2/install/my_hardware_interface/share/my_hardware_interface/urdf/rrbot
-- Up-to-date: /home/luis/azure_sky_ros2/install/my_hardware_interface/share/my_hardware_interface/urdf/rrbot/rrbot_macro.xacro
-- Up-to-date: /home/luis/azure_sky_ros2/install/my_hardware_interface/share/my_hardware_interface/urdf/rrbot/rrbot_macro.ros2_control.xacro
-- Up-to-date: /home/luis/azure_sky_ros2/install/my_hardware_interface/share/my_hardware_interface/meshes
-- Up-to-date: /home/luis/azure_sky_ros2/install/my_hardware_interface/share/my_hardware_interface/meshes/rrbot
-- Up-to-date: /home/luis/azure_sky_ros2/install/my_hardware_interface/share/my_hardware_interface/meshes/rrbot/visual
-- Up-to-date: /home/luis/azure_sky_ros2/install/my_hardware_interface/share/my_hardware_interface/meshes/rrbot/visual/.gitkeep
-- Up-to-date: /home/luis/azure_sky_ros2/install/my_hardware_interface/share/my_hardware_interface/rviz
-- Up-to-date: /home/luis/azure_sky_ros2/install/my_hardware_interface/share/my_hardware_interface/rviz/rrbot.rviz
-- Up-to-date: /home/luis/azure_sky_ros2/install/my_hardware_interface/share/my_hardware_interface/environment/library_path.sh
-- Up-to-date: /home/luis/azure_sky_ros2/install/my_hardware_interface/share/my_hardware_interface/environment/library_path.dsv
-- Up-to-date: /home/luis/azure_sky_ros2/install/my_hardware_interface/share/ament_index/resource_index/package_run_dependencies/my_hardware_interface
-- Up-to-date: /home/luis/azure_sky_ros2/install/my_hardware_interface/share/ament_index/resource_index/parent_prefix_path/my_hardware_interface
-- Up-to-date: /home/luis/azure_sky_ros2/install/my_hardware_interface/share/my_hardware_interface/environment/ament_prefix_path.sh
-- Up-to-date: /home/luis/azure_sky_ros2/install/my_hardware_interface/share/my_hardware_interface/environment/ament_prefix_path.dsv
-- Up-to-date: /home/luis/azure_sky_ros2/install/my_hardware_interface/share/my_hardware_interface/environment/path.sh
-- Up-to-date: /home/luis/azure_sky_ros2/install/my_hardware_interface/share/my_hardware_interface/environment/path.dsv
-- Up-to-date: /home/luis/azure_sky_ros2/install/my_hardware_interface/share/my_hardware_interface/local_setup.bash
-- Up-to-date: /home/luis/azure_sky_ros2/install/my_hardware_interface/share/my_hardware_interface/local_setup.sh
-- Up-to-date: /home/luis/azure_sky_ros2/install/my_hardware_interface/share/my_hardware_interface/local_setup.zsh
-- Up-to-date: /home/luis/azure_sky_ros2/install/my_hardware_interface/share/my_hardware_interface/local_setup.dsv
-- Installing: /home/luis/azure_sky_ros2/install/my_hardware_interface/share/my_hardware_interface/package.dsv
-- Up-to-date: /home/luis/azure_sky_ros2/install/my_hardware_interface/share/ament_index/resource_index/packages/my_hardware_interface
-- Up-to-date: /home/luis/azure_sky_ros2/install/my_hardware_interface/share/ament_index/resource_index/hardware_interface__pluginlib__plugin/my_hardware_interface
-- Up-to-date: /home/luis/azure_sky_ros2/install/my_hardware_interface/share/ament_index/resource_index/controller_interface__pluginlib__plugin/my_hardware_interface
-- Up-to-date: /home/luis/azure_sky_ros2/install/my_hardware_interface/share/my_hardware_interface/cmake/ament_cmake_export_include_directories-extras.cmake
-- Up-to-date: /home/luis/azure_sky_ros2/install/my_hardware_interface/share/my_hardware_interface/cmake/ament_cmake_export_libraries-extras.cmake
-- Up-to-date: /home/luis/azure_sky_ros2/install/my_hardware_interface/share/my_hardware_interface/cmake/ament_cmake_export_dependencies-extras.cmake
-- Up-to-date: /home/luis/azure_sky_ros2/install/my_hardware_interface/share/my_hardware_interface/cmake/my_hardware_interfaceConfig.cmake
-- Up-to-date: /home/luis/azure_sky_ros2/install/my_hardware_interface/share/my_hardware_interface/cmake/my_hardware_interfaceConfig-version.cmake
-- Up-to-date: /home/luis/azure_sky_ros2/install/my_hardware_interface/share/my_hardware_interface/package.xml
