[ 23%] Built target ros2_socketcan
[ 33%] Built target gtest
[ 42%] Built target socket_can_sender_node_exe
[ 52%] Built target socket_can_receiver_node_exe
[ 61%] Built target gtest_main
[35m[1mConsolidate compiler generated dependencies of target socket_can_receiver_node[0m
[35m[1mConsolidate compiler generated dependencies of target ros2_socketcan_test[0m
[ 71%] Built target socket_can_receiver_node
[ 90%] Built target ros2_socketcan_test
[35m[1mConsolidate compiler generated dependencies of target socket_can_sender_node[0m
[100%] Built target socket_can_sender_node
-- Install configuration: ""
-- Installing: /home/luis/azure_sky_ros2/install/ros2_socketcan/lib/ros2_socketcan/socket_can_receiver_node_exe
-- Set runtime path of "/home/luis/azure_sky_ros2/install/ros2_socketcan/lib/ros2_socketcan/socket_can_receiver_node_exe" to ""
-- Installing: /home/luis/azure_sky_ros2/install/ros2_socketcan/lib/ros2_socketcan/socket_can_sender_node_exe
-- Set runtime path of "/home/luis/azure_sky_ros2/install/ros2_socketcan/lib/ros2_socketcan/socket_can_sender_node_exe" to ""
-- Installing: /home/luis/azure_sky_ros2/install/ros2_socketcan/include
-- Installing: /home/luis/azure_sky_ros2/install/ros2_socketcan/include/ros2_socketcan
-- Installing: /home/luis/azure_sky_ros2/install/ros2_socketcan/include/ros2_socketcan/socket_can_receiver_node.hpp
-- Installing: /home/luis/azure_sky_ros2/install/ros2_socketcan/include/ros2_socketcan/socket_can_id.hpp
-- Installing: /home/luis/azure_sky_ros2/install/ros2_socketcan/include/ros2_socketcan/socket_can_receiver.hpp
-- Installing: /home/luis/azure_sky_ros2/install/ros2_socketcan/include/ros2_socketcan/socket_can_sender_node.hpp
-- Installing: /home/luis/azure_sky_ros2/install/ros2_socketcan/include/ros2_socketcan/socket_can_sender.hpp
-- Installing: /home/luis/azure_sky_ros2/install/ros2_socketcan/include/ros2_socketcan/socket_can_common.hpp
-- Installing: /home/luis/azure_sky_ros2/install/ros2_socketcan/include/ros2_socketcan/visibility_control.hpp
-- Installing: /home/luis/azure_sky_ros2/install/ros2_socketcan/share/ros2_socketcan/environment/library_path.sh
-- Installing: /home/luis/azure_sky_ros2/install/ros2_socketcan/share/ros2_socketcan/environment/library_path.dsv
-- Installing: /home/luis/azure_sky_ros2/install/ros2_socketcan/lib/libros2_socketcan.so
-- Set runtime path of "/home/luis/azure_sky_ros2/install/ros2_socketcan/lib/libros2_socketcan.so" to ""
-- Installing: /home/luis/azure_sky_ros2/install/ros2_socketcan/lib/libsocket_can_receiver_node.so
-- Set runtime path of "/home/luis/azure_sky_ros2/install/ros2_socketcan/lib/libsocket_can_receiver_node.so" to ""
-- Installing: /home/luis/azure_sky_ros2/install/ros2_socketcan/lib/libsocket_can_sender_node.so
-- Set runtime path of "/home/luis/azure_sky_ros2/install/ros2_socketcan/lib/libsocket_can_sender_node.so" to ""
-- Installing: /home/luis/azure_sky_ros2/install/ros2_socketcan/share/ros2_socketcan/launch
-- Installing: /home/luis/azure_sky_ros2/install/ros2_socketcan/share/ros2_socketcan/launch/socket_can_sender.launch.py
-- Installing: /home/luis/azure_sky_ros2/install/ros2_socketcan/share/ros2_socketcan/launch/socket_can_receiver.launch.py
-- Installing: /home/luis/azure_sky_ros2/install/ros2_socketcan/share/ros2_socketcan/launch/socket_can_bridge.launch.xml
-- Installing: /home/luis/azure_sky_ros2/install/ros2_socketcan/share/ament_index/resource_index/package_run_dependencies/ros2_socketcan
-- Installing: /home/luis/azure_sky_ros2/install/ros2_socketcan/share/ament_index/resource_index/parent_prefix_path/ros2_socketcan
-- Installing: /home/luis/azure_sky_ros2/install/ros2_socketcan/share/ros2_socketcan/environment/ament_prefix_path.sh
-- Installing: /home/luis/azure_sky_ros2/install/ros2_socketcan/share/ros2_socketcan/environment/ament_prefix_path.dsv
-- Installing: /home/luis/azure_sky_ros2/install/ros2_socketcan/share/ros2_socketcan/environment/path.sh
-- Installing: /home/luis/azure_sky_ros2/install/ros2_socketcan/share/ros2_socketcan/environment/path.dsv
-- Installing: /home/luis/azure_sky_ros2/install/ros2_socketcan/share/ros2_socketcan/local_setup.bash
-- Installing: /home/luis/azure_sky_ros2/install/ros2_socketcan/share/ros2_socketcan/local_setup.sh
-- Installing: /home/luis/azure_sky_ros2/install/ros2_socketcan/share/ros2_socketcan/local_setup.zsh
-- Installing: /home/luis/azure_sky_ros2/install/ros2_socketcan/share/ros2_socketcan/local_setup.dsv
-- Installing: /home/luis/azure_sky_ros2/install/ros2_socketcan/share/ros2_socketcan/package.dsv
-- Installing: /home/luis/azure_sky_ros2/install/ros2_socketcan/share/ament_index/resource_index/packages/ros2_socketcan
-- Installing: /home/luis/azure_sky_ros2/install/ros2_socketcan/share/ament_index/resource_index/rclcpp_components/ros2_socketcan
-- Installing: /home/luis/azure_sky_ros2/install/ros2_socketcan/share/ros2_socketcan/cmake/ament_cmake_export_dependencies-extras.cmake
-- Installing: /home/luis/azure_sky_ros2/install/ros2_socketcan/share/ros2_socketcan/cmake/ament_cmake_export_include_directories-extras.cmake
-- Installing: /home/luis/azure_sky_ros2/install/ros2_socketcan/share/ros2_socketcan/cmake/ament_cmake_export_libraries-extras.cmake
-- Installing: /home/luis/azure_sky_ros2/install/ros2_socketcan/share/ros2_socketcan/cmake/ros2_socketcanConfig.cmake
-- Installing: /home/luis/azure_sky_ros2/install/ros2_socketcan/share/ros2_socketcan/cmake/ros2_socketcanConfig-version.cmake
-- Installing: /home/luis/azure_sky_ros2/install/ros2_socketcan/share/ros2_socketcan/package.xml
