[0.061s] Invoking command in '/home/luis/azure_sky_ros2/build/ros2_socketcan': CMAKE_PREFIX_PATH=/home/luis/azure_sky_ros2/install/ros2_socketcan_msgs:/home/luis/azure_sky_ros2/install/tide_msgs:/home/luis/azure_sky_ros2/install/serial:/home/luis/azure_sky_ros2/install/rm_gimbal_description:/home/luis/azure_sky_ros2/install/rm_auto_record:/home/luis/azure_sky_ros2/install/hik_camera:/home/luis/azure_sky_ros2/install/buff_interfaces:/home/luis/azure_sky_ros2/install/auto_aim_interfaces:/opt/ros/humble LD_LIBRARY_PATH=/home/luis/azure_sky_ros2/install/ros2_socketcan_msgs/lib:/home/luis/azure_sky_ros2/install/tide_msgs/lib:/home/luis/azure_sky_ros2/install/serial/lib:/home/luis/azure_sky_ros2/install/rm_auto_record/lib:/home/luis/azure_sky_ros2/install/hik_camera/lib:/home/luis/azure_sky_ros2/install/buff_interfaces/lib:/home/luis/azure_sky_ros2/install/auto_aim_interfaces/lib:/opt/MVS/lib/64:/opt/MVS/lib/32:/usr/lib/x86_64-linux-gnu/gazebo-11/plugins:/opt/ros/humble/opt/rviz_ogre_vendor/lib:/opt/ros/humble/lib/x86_64-linux-gnu:/opt/ros/humble/lib:/opt/MVS/lib/64:/opt/MVS/lib/32:/opt/MVS/lib/64:/opt/MVS/lib/32 /usr/bin/cmake --build /home/luis/azure_sky_ros2/build/ros2_socketcan -- -j12 -l12
[0.241s] [ 23%] Built target ros2_socketcan
[0.241s] [ 33%] Built target gtest
[0.249s] [ 42%] Built target socket_can_sender_node_exe
[0.256s] [ 52%] Built target socket_can_receiver_node_exe
[0.257s] [ 61%] Built target gtest_main
[0.281s] [35m[1mConsolidate compiler generated dependencies of target socket_can_receiver_node[0m
[0.297s] [35m[1mConsolidate compiler generated dependencies of target ros2_socketcan_test[0m
[0.334s] [ 71%] Built target socket_can_receiver_node
[0.337s] [ 90%] Built target ros2_socketcan_test
[0.368s] [35m[1mConsolidate compiler generated dependencies of target socket_can_sender_node[0m
[0.410s] [100%] Built target socket_can_sender_node
[0.513s] Invoked command in '/home/luis/azure_sky_ros2/build/ros2_socketcan' returned '0': CMAKE_PREFIX_PATH=/home/luis/azure_sky_ros2/install/ros2_socketcan_msgs:/home/luis/azure_sky_ros2/install/tide_msgs:/home/luis/azure_sky_ros2/install/serial:/home/luis/azure_sky_ros2/install/rm_gimbal_description:/home/luis/azure_sky_ros2/install/rm_auto_record:/home/luis/azure_sky_ros2/install/hik_camera:/home/luis/azure_sky_ros2/install/buff_interfaces:/home/luis/azure_sky_ros2/install/auto_aim_interfaces:/opt/ros/humble LD_LIBRARY_PATH=/home/luis/azure_sky_ros2/install/ros2_socketcan_msgs/lib:/home/luis/azure_sky_ros2/install/tide_msgs/lib:/home/luis/azure_sky_ros2/install/serial/lib:/home/luis/azure_sky_ros2/install/rm_auto_record/lib:/home/luis/azure_sky_ros2/install/hik_camera/lib:/home/luis/azure_sky_ros2/install/buff_interfaces/lib:/home/luis/azure_sky_ros2/install/auto_aim_interfaces/lib:/opt/MVS/lib/64:/opt/MVS/lib/32:/usr/lib/x86_64-linux-gnu/gazebo-11/plugins:/opt/ros/humble/opt/rviz_ogre_vendor/lib:/opt/ros/humble/lib/x86_64-linux-gnu:/opt/ros/humble/lib:/opt/MVS/lib/64:/opt/MVS/lib/32:/opt/MVS/lib/64:/opt/MVS/lib/32 /usr/bin/cmake --build /home/luis/azure_sky_ros2/build/ros2_socketcan -- -j12 -l12
[0.519s] Invoking command in '/home/luis/azure_sky_ros2/build/ros2_socketcan': CMAKE_PREFIX_PATH=/home/luis/azure_sky_ros2/install/ros2_socketcan_msgs:/home/luis/azure_sky_ros2/install/tide_msgs:/home/luis/azure_sky_ros2/install/serial:/home/luis/azure_sky_ros2/install/rm_gimbal_description:/home/luis/azure_sky_ros2/install/rm_auto_record:/home/luis/azure_sky_ros2/install/hik_camera:/home/luis/azure_sky_ros2/install/buff_interfaces:/home/luis/azure_sky_ros2/install/auto_aim_interfaces:/opt/ros/humble LD_LIBRARY_PATH=/home/luis/azure_sky_ros2/install/ros2_socketcan_msgs/lib:/home/luis/azure_sky_ros2/install/tide_msgs/lib:/home/luis/azure_sky_ros2/install/serial/lib:/home/luis/azure_sky_ros2/install/rm_auto_record/lib:/home/luis/azure_sky_ros2/install/hik_camera/lib:/home/luis/azure_sky_ros2/install/buff_interfaces/lib:/home/luis/azure_sky_ros2/install/auto_aim_interfaces/lib:/opt/MVS/lib/64:/opt/MVS/lib/32:/usr/lib/x86_64-linux-gnu/gazebo-11/plugins:/opt/ros/humble/opt/rviz_ogre_vendor/lib:/opt/ros/humble/lib/x86_64-linux-gnu:/opt/ros/humble/lib:/opt/MVS/lib/64:/opt/MVS/lib/32:/opt/MVS/lib/64:/opt/MVS/lib/32 /usr/bin/cmake --install /home/luis/azure_sky_ros2/build/ros2_socketcan
[0.534s] -- Install configuration: ""
[0.535s] -- Installing: /home/luis/azure_sky_ros2/install/ros2_socketcan/lib/ros2_socketcan/socket_can_receiver_node_exe
[0.537s] -- Set runtime path of "/home/luis/azure_sky_ros2/install/ros2_socketcan/lib/ros2_socketcan/socket_can_receiver_node_exe" to ""
[0.537s] -- Installing: /home/luis/azure_sky_ros2/install/ros2_socketcan/lib/ros2_socketcan/socket_can_sender_node_exe
[0.538s] -- Set runtime path of "/home/luis/azure_sky_ros2/install/ros2_socketcan/lib/ros2_socketcan/socket_can_sender_node_exe" to ""
[0.538s] -- Installing: /home/luis/azure_sky_ros2/install/ros2_socketcan/include
[0.538s] -- Installing: /home/luis/azure_sky_ros2/install/ros2_socketcan/include/ros2_socketcan
[0.538s] -- Installing: /home/luis/azure_sky_ros2/install/ros2_socketcan/include/ros2_socketcan/socket_can_receiver_node.hpp
[0.539s] -- Installing: /home/luis/azure_sky_ros2/install/ros2_socketcan/include/ros2_socketcan/socket_can_id.hpp
[0.539s] -- Installing: /home/luis/azure_sky_ros2/install/ros2_socketcan/include/ros2_socketcan/socket_can_receiver.hpp
[0.542s] -- Installing: /home/luis/azure_sky_ros2/install/ros2_socketcan/include/ros2_socketcan/socket_can_sender_node.hpp
[0.542s] -- Installing: /home/luis/azure_sky_ros2/install/ros2_socketcan/include/ros2_socketcan/socket_can_sender.hpp
[0.542s] -- Installing: /home/luis/azure_sky_ros2/install/ros2_socketcan/include/ros2_socketcan/socket_can_common.hpp
[0.542s] -- Installing: /home/luis/azure_sky_ros2/install/ros2_socketcan/include/ros2_socketcan/visibility_control.hpp
[0.543s] -- Installing: /home/luis/azure_sky_ros2/install/ros2_socketcan/share/ros2_socketcan/environment/library_path.sh
[0.543s] -- Installing: /home/luis/azure_sky_ros2/install/ros2_socketcan/share/ros2_socketcan/environment/library_path.dsv
[0.543s] -- Installing: /home/luis/azure_sky_ros2/install/ros2_socketcan/lib/libros2_socketcan.so
[0.544s] -- Set runtime path of "/home/luis/azure_sky_ros2/install/ros2_socketcan/lib/libros2_socketcan.so" to ""
[0.544s] -- Installing: /home/luis/azure_sky_ros2/install/ros2_socketcan/lib/libsocket_can_receiver_node.so
[0.551s] -- Set runtime path of "/home/luis/azure_sky_ros2/install/ros2_socketcan/lib/libsocket_can_receiver_node.so" to ""
[0.551s] -- Installing: /home/luis/azure_sky_ros2/install/ros2_socketcan/lib/libsocket_can_sender_node.so
[0.569s] -- Set runtime path of "/home/luis/azure_sky_ros2/install/ros2_socketcan/lib/libsocket_can_sender_node.so" to ""
[0.569s] -- Installing: /home/luis/azure_sky_ros2/install/ros2_socketcan/share/ros2_socketcan/launch
[0.570s] -- Installing: /home/luis/azure_sky_ros2/install/ros2_socketcan/share/ros2_socketcan/launch/socket_can_sender.launch.py
[0.570s] -- Installing: /home/luis/azure_sky_ros2/install/ros2_socketcan/share/ros2_socketcan/launch/socket_can_receiver.launch.py
[0.571s] -- Installing: /home/luis/azure_sky_ros2/install/ros2_socketcan/share/ros2_socketcan/launch/socket_can_bridge.launch.xml
[0.571s] -- Installing: /home/luis/azure_sky_ros2/install/ros2_socketcan/share/ament_index/resource_index/package_run_dependencies/ros2_socketcan
[0.571s] -- Installing: /home/luis/azure_sky_ros2/install/ros2_socketcan/share/ament_index/resource_index/parent_prefix_path/ros2_socketcan
[0.571s] -- Installing: /home/luis/azure_sky_ros2/install/ros2_socketcan/share/ros2_socketcan/environment/ament_prefix_path.sh
[0.572s] -- Installing: /home/luis/azure_sky_ros2/install/ros2_socketcan/share/ros2_socketcan/environment/ament_prefix_path.dsv
[0.572s] -- Installing: /home/luis/azure_sky_ros2/install/ros2_socketcan/share/ros2_socketcan/environment/path.sh
[0.573s] -- Installing: /home/luis/azure_sky_ros2/install/ros2_socketcan/share/ros2_socketcan/environment/path.dsv
[0.573s] -- Installing: /home/luis/azure_sky_ros2/install/ros2_socketcan/share/ros2_socketcan/local_setup.bash
[0.574s] -- Installing: /home/luis/azure_sky_ros2/install/ros2_socketcan/share/ros2_socketcan/local_setup.sh
[0.576s] -- Installing: /home/luis/azure_sky_ros2/install/ros2_socketcan/share/ros2_socketcan/local_setup.zsh
[0.576s] -- Installing: /home/luis/azure_sky_ros2/install/ros2_socketcan/share/ros2_socketcan/local_setup.dsv
[0.576s] -- Installing: /home/luis/azure_sky_ros2/install/ros2_socketcan/share/ros2_socketcan/package.dsv
[0.576s] -- Installing: /home/luis/azure_sky_ros2/install/ros2_socketcan/share/ament_index/resource_index/packages/ros2_socketcan
[0.576s] -- Installing: /home/luis/azure_sky_ros2/install/ros2_socketcan/share/ament_index/resource_index/rclcpp_components/ros2_socketcan
[0.577s] -- Installing: /home/luis/azure_sky_ros2/install/ros2_socketcan/share/ros2_socketcan/cmake/ament_cmake_export_dependencies-extras.cmake
[0.577s] -- Installing: /home/luis/azure_sky_ros2/install/ros2_socketcan/share/ros2_socketcan/cmake/ament_cmake_export_include_directories-extras.cmake
[0.577s] -- Installing: /home/luis/azure_sky_ros2/install/ros2_socketcan/share/ros2_socketcan/cmake/ament_cmake_export_libraries-extras.cmake
[0.578s] -- Installing: /home/luis/azure_sky_ros2/install/ros2_socketcan/share/ros2_socketcan/cmake/ros2_socketcanConfig.cmake
[0.578s] -- Installing: /home/luis/azure_sky_ros2/install/ros2_socketcan/share/ros2_socketcan/cmake/ros2_socketcanConfig-version.cmake
[0.579s] -- Installing: /home/luis/azure_sky_ros2/install/ros2_socketcan/share/ros2_socketcan/package.xml
[0.590s] Invoked command in '/home/luis/azure_sky_ros2/build/ros2_socketcan' returned '0': CMAKE_PREFIX_PATH=/home/luis/azure_sky_ros2/install/ros2_socketcan_msgs:/home/luis/azure_sky_ros2/install/tide_msgs:/home/luis/azure_sky_ros2/install/serial:/home/luis/azure_sky_ros2/install/rm_gimbal_description:/home/luis/azure_sky_ros2/install/rm_auto_record:/home/luis/azure_sky_ros2/install/hik_camera:/home/luis/azure_sky_ros2/install/buff_interfaces:/home/luis/azure_sky_ros2/install/auto_aim_interfaces:/opt/ros/humble LD_LIBRARY_PATH=/home/luis/azure_sky_ros2/install/ros2_socketcan_msgs/lib:/home/luis/azure_sky_ros2/install/tide_msgs/lib:/home/luis/azure_sky_ros2/install/serial/lib:/home/luis/azure_sky_ros2/install/rm_auto_record/lib:/home/luis/azure_sky_ros2/install/hik_camera/lib:/home/luis/azure_sky_ros2/install/buff_interfaces/lib:/home/luis/azure_sky_ros2/install/auto_aim_interfaces/lib:/opt/MVS/lib/64:/opt/MVS/lib/32:/usr/lib/x86_64-linux-gnu/gazebo-11/plugins:/opt/ros/humble/opt/rviz_ogre_vendor/lib:/opt/ros/humble/lib/x86_64-linux-gnu:/opt/ros/humble/lib:/opt/MVS/lib/64:/opt/MVS/lib/32:/opt/MVS/lib/64:/opt/MVS/lib/32 /usr/bin/cmake --install /home/luis/azure_sky_ros2/build/ros2_socketcan
