[0.019s] Invoking command in '/home/luis/workshop_ws/build/ros2_socketcan': AMENT_PREFIX_PATH=/home/luis/workshop_ws/install/ros2_socketcan_msgs:${AMENT_PREFIX_PATH} CMAKE_PREFIX_PATH=/home/luis/workshop_ws/install/ros2_socketcan_msgs:/opt/ros/humble LD_LIBRARY_PATH=/home/luis/workshop_ws/install/ros2_socketcan_msgs/lib:${LD_LIBRARY_PATH} PYTHONPATH=/home/luis/workshop_ws/install/ros2_socketcan_msgs/local/lib/python3.10/dist-packages:${PYTHONPATH} /usr/bin/cmake --build /home/luis/workshop_ws/build/ros2_socketcan -- -j12 -l12
[0.092s] [ 19%] Built target socket_can_sender_node_exe
[0.092s] [ 33%] Built target ros2_socketcan
[0.093s] [ 42%] Built target gtest_main
[0.094s] [ 52%] Built target gtest
[0.095s] [ 61%] Built target socket_can_receiver_node_exe
[0.124s] [ 80%] Built target socket_can_receiver_node
[0.124s] [ 90%] Built target ros2_socketcan_test
[0.157s] [100%] Built target socket_can_sender_node
[0.171s] Invoked command in '/home/luis/workshop_ws/build/ros2_socketcan' returned '0': AMENT_PREFIX_PATH=/home/luis/workshop_ws/install/ros2_socketcan_msgs:${AMENT_PREFIX_PATH} CMAKE_PREFIX_PATH=/home/luis/workshop_ws/install/ros2_socketcan_msgs:/opt/ros/humble LD_LIBRARY_PATH=/home/luis/workshop_ws/install/ros2_socketcan_msgs/lib:${LD_LIBRARY_PATH} PYTHONPATH=/home/luis/workshop_ws/install/ros2_socketcan_msgs/local/lib/python3.10/dist-packages:${PYTHONPATH} /usr/bin/cmake --build /home/luis/workshop_ws/build/ros2_socketcan -- -j12 -l12
[0.172s] Invoking command in '/home/luis/workshop_ws/build/ros2_socketcan': AMENT_PREFIX_PATH=/home/luis/workshop_ws/install/ros2_socketcan_msgs:${AMENT_PREFIX_PATH} CMAKE_PREFIX_PATH=/home/luis/workshop_ws/install/ros2_socketcan_msgs:/opt/ros/humble LD_LIBRARY_PATH=/home/luis/workshop_ws/install/ros2_socketcan_msgs/lib:${LD_LIBRARY_PATH} PYTHONPATH=/home/luis/workshop_ws/install/ros2_socketcan_msgs/local/lib/python3.10/dist-packages:${PYTHONPATH} /usr/bin/cmake --install /home/luis/workshop_ws/build/ros2_socketcan
[0.181s] -- Install configuration: ""
[0.181s] -- Execute custom install script
[0.182s] -- Up-to-date symlink: /home/luis/workshop_ws/install/ros2_socketcan/lib/ros2_socketcan/socket_can_receiver_node_exe
[0.182s] -- Up-to-date symlink: /home/luis/workshop_ws/install/ros2_socketcan/lib/ros2_socketcan/socket_can_sender_node_exe
[0.183s] -- Up-to-date symlink: /home/luis/workshop_ws/install/ros2_socketcan/include/ros2_socketcan/socket_can_common.hpp
[0.183s] -- Up-to-date symlink: /home/luis/workshop_ws/install/ros2_socketcan/include/ros2_socketcan/socket_can_id.hpp
[0.183s] -- Up-to-date symlink: /home/luis/workshop_ws/install/ros2_socketcan/include/ros2_socketcan/socket_can_receiver.hpp
[0.184s] -- Up-to-date symlink: /home/luis/workshop_ws/install/ros2_socketcan/include/ros2_socketcan/socket_can_receiver_node.hpp
[0.184s] -- Up-to-date symlink: /home/luis/workshop_ws/install/ros2_socketcan/include/ros2_socketcan/socket_can_sender.hpp
[0.184s] -- Up-to-date symlink: /home/luis/workshop_ws/install/ros2_socketcan/include/ros2_socketcan/socket_can_sender_node.hpp
[0.184s] -- Up-to-date symlink: /home/luis/workshop_ws/install/ros2_socketcan/include/ros2_socketcan/visibility_control.hpp
[0.184s] -- Up-to-date symlink: /home/luis/workshop_ws/install/ros2_socketcan/share/ros2_socketcan/environment/library_path.sh
[0.184s] -- Up-to-date symlink: /home/luis/workshop_ws/install/ros2_socketcan/share/ros2_socketcan/environment/library_path.dsv
[0.185s] -- Up-to-date symlink: /home/luis/workshop_ws/install/ros2_socketcan/lib/libros2_socketcan.so
[0.185s] -- Up-to-date symlink: /home/luis/workshop_ws/install/ros2_socketcan/lib/libsocket_can_receiver_node.so
[0.185s] -- Up-to-date symlink: /home/luis/workshop_ws/install/ros2_socketcan/lib/libsocket_can_sender_node.so
[0.185s] -- Up-to-date symlink: /home/luis/workshop_ws/install/ros2_socketcan/share/ros2_socketcan/launch/socket_can_bridge.launch.xml
[0.185s] -- Up-to-date symlink: /home/luis/workshop_ws/install/ros2_socketcan/share/ros2_socketcan/launch/socket_can_receiver.launch.py
[0.186s] -- Up-to-date symlink: /home/luis/workshop_ws/install/ros2_socketcan/share/ros2_socketcan/launch/socket_can_sender.launch.py
[0.186s] -- Up-to-date symlink: /home/luis/workshop_ws/install/ros2_socketcan/share/ament_index/resource_index/package_run_dependencies/ros2_socketcan
[0.186s] -- Up-to-date symlink: /home/luis/workshop_ws/install/ros2_socketcan/share/ament_index/resource_index/parent_prefix_path/ros2_socketcan
[0.186s] -- Up-to-date symlink: /home/luis/workshop_ws/install/ros2_socketcan/share/ros2_socketcan/environment/ament_prefix_path.sh
[0.186s] -- Up-to-date symlink: /home/luis/workshop_ws/install/ros2_socketcan/share/ros2_socketcan/environment/ament_prefix_path.dsv
[0.187s] -- Up-to-date symlink: /home/luis/workshop_ws/install/ros2_socketcan/share/ros2_socketcan/environment/path.sh
[0.187s] -- Up-to-date symlink: /home/luis/workshop_ws/install/ros2_socketcan/share/ros2_socketcan/environment/path.dsv
[0.187s] -- Up-to-date symlink: /home/luis/workshop_ws/install/ros2_socketcan/share/ros2_socketcan/local_setup.bash
[0.187s] -- Up-to-date symlink: /home/luis/workshop_ws/install/ros2_socketcan/share/ros2_socketcan/local_setup.sh
[0.187s] -- Up-to-date symlink: /home/luis/workshop_ws/install/ros2_socketcan/share/ros2_socketcan/local_setup.zsh
[0.188s] -- Up-to-date symlink: /home/luis/workshop_ws/install/ros2_socketcan/share/ros2_socketcan/local_setup.dsv
[0.188s] -- Symlinking: /home/luis/workshop_ws/install/ros2_socketcan/share/ros2_socketcan/package.dsv
[0.199s] -- Up-to-date symlink: /home/luis/workshop_ws/install/ros2_socketcan/share/ament_index/resource_index/packages/ros2_socketcan
[0.199s] -- Up-to-date symlink: /home/luis/workshop_ws/install/ros2_socketcan/share/ament_index/resource_index/rclcpp_components/ros2_socketcan
[0.199s] -- Up-to-date symlink: /home/luis/workshop_ws/install/ros2_socketcan/share/ros2_socketcan/cmake/ament_cmake_export_dependencies-extras.cmake
[0.199s] -- Up-to-date symlink: /home/luis/workshop_ws/install/ros2_socketcan/share/ros2_socketcan/cmake/ament_cmake_export_include_directories-extras.cmake
[0.199s] -- Up-to-date symlink: /home/luis/workshop_ws/install/ros2_socketcan/share/ros2_socketcan/cmake/ament_cmake_export_libraries-extras.cmake
[0.200s] -- Up-to-date symlink: /home/luis/workshop_ws/install/ros2_socketcan/share/ros2_socketcan/cmake/ros2_socketcanConfig.cmake
[0.200s] -- Up-to-date symlink: /home/luis/workshop_ws/install/ros2_socketcan/share/ros2_socketcan/cmake/ros2_socketcanConfig-version.cmake
[0.200s] -- Up-to-date symlink: /home/luis/workshop_ws/install/ros2_socketcan/share/ros2_socketcan/package.xml
[0.204s] Invoked command in '/home/luis/workshop_ws/build/ros2_socketcan' returned '0': AMENT_PREFIX_PATH=/home/luis/workshop_ws/install/ros2_socketcan_msgs:${AMENT_PREFIX_PATH} CMAKE_PREFIX_PATH=/home/luis/workshop_ws/install/ros2_socketcan_msgs:/opt/ros/humble LD_LIBRARY_PATH=/home/luis/workshop_ws/install/ros2_socketcan_msgs/lib:${LD_LIBRARY_PATH} PYTHONPATH=/home/luis/workshop_ws/install/ros2_socketcan_msgs/local/lib/python3.10/dist-packages:${PYTHONPATH} /usr/bin/cmake --install /home/luis/workshop_ws/build/ros2_socketcan
