-- The C compiler identification is GNU 12.3.0
-- The CXX compiler identification is GNU 11.4.0
-- Detecting C compiler ABI info
-- Detecting C compiler ABI info - done
-- Check for working C compiler: /usr/bin/cc - skipped
-- Detecting C compile features
-- Detecting C compile features - done
-- Detecting CXX compiler ABI info
-- Detecting CXX compiler ABI info - done
-- Check for working CXX compiler: /usr/bin/c++ - skipped
-- Detecting CXX compile features
-- Detecting CXX compile features - done
-- Found ament_cmake: 1.3.11 (/opt/ros/humble/share/ament_cmake/cmake)
-- Found Python3: /usr/bin/python3 (found version "3.10.12") found components: Interpreter 
-- Override CMake install command with custom implementation using symlinks instead of copying resources
-- Configuring done
-- Generating done
-- Build files have been written to: /home/luis/workshop_ws/build/roscon2022_control_workshop
-- Install configuration: ""
-- Execute custom install script
-- Symlinking: /home/luis/workshop_ws/install/roscon2022_control_workshop/share/ament_index/resource_index/package_run_dependencies/roscon2022_control_workshop
-- Symlinking: /home/luis/workshop_ws/install/roscon2022_control_workshop/share/ament_index/resource_index/parent_prefix_path/roscon2022_control_workshop
-- Symlinking: /home/luis/workshop_ws/install/roscon2022_control_workshop/share/roscon2022_control_workshop/environment/ament_prefix_path.sh
-- Symlinking: /home/luis/workshop_ws/install/roscon2022_control_workshop/share/roscon2022_control_workshop/environment/ament_prefix_path.dsv
-- Symlinking: /home/luis/workshop_ws/install/roscon2022_control_workshop/share/roscon2022_control_workshop/environment/path.sh
-- Symlinking: /home/luis/workshop_ws/install/roscon2022_control_workshop/share/roscon2022_control_workshop/environment/path.dsv
-- Symlinking: /home/luis/workshop_ws/install/roscon2022_control_workshop/share/roscon2022_control_workshop/local_setup.bash
-- Symlinking: /home/luis/workshop_ws/install/roscon2022_control_workshop/share/roscon2022_control_workshop/local_setup.sh
-- Symlinking: /home/luis/workshop_ws/install/roscon2022_control_workshop/share/roscon2022_control_workshop/local_setup.zsh
-- Symlinking: /home/luis/workshop_ws/install/roscon2022_control_workshop/share/roscon2022_control_workshop/local_setup.dsv
-- Symlinking: /home/luis/workshop_ws/install/roscon2022_control_workshop/share/roscon2022_control_workshop/package.dsv
-- Symlinking: /home/luis/workshop_ws/install/roscon2022_control_workshop/share/ament_index/resource_index/packages/roscon2022_control_workshop
-- Symlinking: /home/luis/workshop_ws/install/roscon2022_control_workshop/share/roscon2022_control_workshop/cmake/roscon2022_control_workshopConfig.cmake
-- Symlinking: /home/luis/workshop_ws/install/roscon2022_control_workshop/share/roscon2022_control_workshop/cmake/roscon2022_control_workshopConfig-version.cmake
-- Symlinking: /home/luis/workshop_ws/install/roscon2022_control_workshop/share/roscon2022_control_workshop/package.xml
