[0.041s] Invoking command in '/home/luis/workshop_ws/build/roscon2022_control_workshop': CMAKE_PREFIX_PATH=/opt/ros/humble /usr/bin/cmake /home/luis/workshop_ws/src/roscon2022_control_workshop -DAMENT_CMAKE_SYMLINK_INSTALL=1 -DCMAKE_INSTALL_PREFIX=/home/luis/workshop_ws/install/roscon2022_control_workshop
[0.107s] -- The C compiler identification is GNU 12.3.0
[0.173s] -- The CXX compiler identification is GNU 11.4.0
[0.180s] -- Detecting C compiler ABI info
[0.266s] -- Detecting C compiler ABI info - done
[0.275s] -- Check for working C compiler: /usr/bin/cc - skipped
[0.275s] -- Detecting C compile features
[0.275s] -- Detecting C compile features - done
[0.280s] -- Detecting CXX compiler ABI info
[0.383s] -- Detecting CXX compiler ABI info - done
[0.394s] -- Check for working CXX compiler: /usr/bin/c++ - skipped
[0.394s] -- Detecting CXX compile features
[0.395s] -- Detecting CXX compile features - done
[0.398s] -- Found ament_cmake: 1.3.11 (/opt/ros/humble/share/ament_cmake/cmake)
[0.561s] -- Found Python3: /usr/bin/python3 (found version "3.10.12") found components: Interpreter 
[0.632s] -- Override CMake install command with custom implementation using symlinks instead of copying resources
[0.740s] -- Configuring done
[0.741s] -- Generating done
[0.744s] -- Build files have been written to: /home/luis/workshop_ws/build/roscon2022_control_workshop
[0.753s] Invoked command in '/home/luis/workshop_ws/build/roscon2022_control_workshop' returned '0': CMAKE_PREFIX_PATH=/opt/ros/humble /usr/bin/cmake /home/luis/workshop_ws/src/roscon2022_control_workshop -DAMENT_CMAKE_SYMLINK_INSTALL=1 -DCMAKE_INSTALL_PREFIX=/home/luis/workshop_ws/install/roscon2022_control_workshop
[0.756s] Invoking command in '/home/luis/workshop_ws/build/roscon2022_control_workshop': CMAKE_PREFIX_PATH=/opt/ros/humble /usr/bin/cmake --build /home/luis/workshop_ws/build/roscon2022_control_workshop -- -j12 -l12
[0.801s] Invoked command in '/home/luis/workshop_ws/build/roscon2022_control_workshop' returned '0': CMAKE_PREFIX_PATH=/opt/ros/humble /usr/bin/cmake --build /home/luis/workshop_ws/build/roscon2022_control_workshop -- -j12 -l12
[0.815s] Invoking command in '/home/luis/workshop_ws/build/roscon2022_control_workshop': CMAKE_PREFIX_PATH=/opt/ros/humble /usr/bin/cmake --install /home/luis/workshop_ws/build/roscon2022_control_workshop
[0.825s] -- Install configuration: ""
[0.825s] -- Execute custom install script
[0.825s] -- Symlinking: /home/luis/workshop_ws/install/roscon2022_control_workshop/share/ament_index/resource_index/package_run_dependencies/roscon2022_control_workshop
[0.834s] -- Symlinking: /home/luis/workshop_ws/install/roscon2022_control_workshop/share/ament_index/resource_index/parent_prefix_path/roscon2022_control_workshop
[0.846s] -- Symlinking: /home/luis/workshop_ws/install/roscon2022_control_workshop/share/roscon2022_control_workshop/environment/ament_prefix_path.sh
[0.857s] -- Symlinking: /home/luis/workshop_ws/install/roscon2022_control_workshop/share/roscon2022_control_workshop/environment/ament_prefix_path.dsv
[0.869s] -- Symlinking: /home/luis/workshop_ws/install/roscon2022_control_workshop/share/roscon2022_control_workshop/environment/path.sh
[0.884s] -- Symlinking: /home/luis/workshop_ws/install/roscon2022_control_workshop/share/roscon2022_control_workshop/environment/path.dsv
[0.895s] -- Symlinking: /home/luis/workshop_ws/install/roscon2022_control_workshop/share/roscon2022_control_workshop/local_setup.bash
[0.906s] -- Symlinking: /home/luis/workshop_ws/install/roscon2022_control_workshop/share/roscon2022_control_workshop/local_setup.sh
[0.921s] -- Symlinking: /home/luis/workshop_ws/install/roscon2022_control_workshop/share/roscon2022_control_workshop/local_setup.zsh
[0.936s] -- Symlinking: /home/luis/workshop_ws/install/roscon2022_control_workshop/share/roscon2022_control_workshop/local_setup.dsv
[0.951s] -- Symlinking: /home/luis/workshop_ws/install/roscon2022_control_workshop/share/roscon2022_control_workshop/package.dsv
[0.965s] -- Symlinking: /home/luis/workshop_ws/install/roscon2022_control_workshop/share/ament_index/resource_index/packages/roscon2022_control_workshop
[0.978s] -- Symlinking: /home/luis/workshop_ws/install/roscon2022_control_workshop/share/roscon2022_control_workshop/cmake/roscon2022_control_workshopConfig.cmake
[0.991s] -- Symlinking: /home/luis/workshop_ws/install/roscon2022_control_workshop/share/roscon2022_control_workshop/cmake/roscon2022_control_workshopConfig-version.cmake
[1.003s] -- Symlinking: /home/luis/workshop_ws/install/roscon2022_control_workshop/share/roscon2022_control_workshop/package.xml
[1.018s] Invoked command in '/home/luis/workshop_ws/build/roscon2022_control_workshop' returned '0': CMAKE_PREFIX_PATH=/opt/ros/humble /usr/bin/cmake --install /home/luis/workshop_ws/build/roscon2022_control_workshop
