[0.032s] Invoking command in '/home/luis/workshop_ws/build/controlko_bringup': CMAKE_PREFIX_PATH=/home/luis/workshop_ws/install/tide_shooter_controller:/home/luis/workshop_ws/install/tide_gimbal_controller:/home/luis/workshop_ws/install/tide_msgs:/home/luis/workshop_ws/install/controlko_description:/home/luis/workshop_ws/install/my_hardware_interface:/home/luis/workshop_ws/install/serial:/home/luis/workshop_ws/install/roscon2022_control_workshop:/home/luis/workshop_ws/install/ros2_socketcan:/home/luis/workshop_ws/install/ros2_socketcan_msgs:/home/luis/workshop_ws/install/controlko_hardware_interface:/home/luis/workshop_ws/install/controlko_bringup:/home/luis/workshop_ws/install/controlko_controllers:/opt/ros/humble /usr/bin/cmake /home/luis/workshop_ws/src/controlko_bringup -DAMENT_CMAKE_SYMLINK_INSTALL=1 -DCMAKE_INSTALL_PREFIX=/home/luis/workshop_ws/install/controlko_bringup
[0.057s] -- Found ament_cmake: 1.3.11 (/opt/ros/humble/share/ament_cmake/cmake)
[0.238s] -- Override CMake install command with custom implementation using symlinks instead of copying resources
[0.256s] -- Found ament_lint_auto: 0.12.12 (/opt/ros/humble/share/ament_lint_auto/cmake)
[0.359s] -- Added test 'flake8' to check Python code syntax and style conventions
[0.359s] -- Added test 'lint_cmake' to check CMake code style
[0.360s] -- Added test 'pep257' to check Python code against some of the docstring style conventions in PEP 257
[0.362s] -- Added test 'xmllint' to check XML markup files
[0.364s] -- Configuring done
[0.368s] -- Generating done
[0.371s] -- Build files have been written to: /home/luis/workshop_ws/build/controlko_bringup
[0.375s] Invoked command in '/home/luis/workshop_ws/build/controlko_bringup' returned '0': CMAKE_PREFIX_PATH=/home/luis/workshop_ws/install/tide_shooter_controller:/home/luis/workshop_ws/install/tide_gimbal_controller:/home/luis/workshop_ws/install/tide_msgs:/home/luis/workshop_ws/install/controlko_description:/home/luis/workshop_ws/install/my_hardware_interface:/home/luis/workshop_ws/install/serial:/home/luis/workshop_ws/install/roscon2022_control_workshop:/home/luis/workshop_ws/install/ros2_socketcan:/home/luis/workshop_ws/install/ros2_socketcan_msgs:/home/luis/workshop_ws/install/controlko_hardware_interface:/home/luis/workshop_ws/install/controlko_bringup:/home/luis/workshop_ws/install/controlko_controllers:/opt/ros/humble /usr/bin/cmake /home/luis/workshop_ws/src/controlko_bringup -DAMENT_CMAKE_SYMLINK_INSTALL=1 -DCMAKE_INSTALL_PREFIX=/home/luis/workshop_ws/install/controlko_bringup
[0.378s] Invoking command in '/home/luis/workshop_ws/build/controlko_bringup': CMAKE_PREFIX_PATH=/home/luis/workshop_ws/install/tide_shooter_controller:/home/luis/workshop_ws/install/tide_gimbal_controller:/home/luis/workshop_ws/install/tide_msgs:/home/luis/workshop_ws/install/controlko_description:/home/luis/workshop_ws/install/my_hardware_interface:/home/luis/workshop_ws/install/serial:/home/luis/workshop_ws/install/roscon2022_control_workshop:/home/luis/workshop_ws/install/ros2_socketcan:/home/luis/workshop_ws/install/ros2_socketcan_msgs:/home/luis/workshop_ws/install/controlko_hardware_interface:/home/luis/workshop_ws/install/controlko_bringup:/home/luis/workshop_ws/install/controlko_controllers:/opt/ros/humble /usr/bin/cmake --build /home/luis/workshop_ws/build/controlko_bringup -- -j12 -l12
[0.459s] Invoked command in '/home/luis/workshop_ws/build/controlko_bringup' returned '0': CMAKE_PREFIX_PATH=/home/luis/workshop_ws/install/tide_shooter_controller:/home/luis/workshop_ws/install/tide_gimbal_controller:/home/luis/workshop_ws/install/tide_msgs:/home/luis/workshop_ws/install/controlko_description:/home/luis/workshop_ws/install/my_hardware_interface:/home/luis/workshop_ws/install/serial:/home/luis/workshop_ws/install/roscon2022_control_workshop:/home/luis/workshop_ws/install/ros2_socketcan:/home/luis/workshop_ws/install/ros2_socketcan_msgs:/home/luis/workshop_ws/install/controlko_hardware_interface:/home/luis/workshop_ws/install/controlko_bringup:/home/luis/workshop_ws/install/controlko_controllers:/opt/ros/humble /usr/bin/cmake --build /home/luis/workshop_ws/build/controlko_bringup -- -j12 -l12
[0.463s] Invoking command in '/home/luis/workshop_ws/build/controlko_bringup': CMAKE_PREFIX_PATH=/home/luis/workshop_ws/install/tide_shooter_controller:/home/luis/workshop_ws/install/tide_gimbal_controller:/home/luis/workshop_ws/install/tide_msgs:/home/luis/workshop_ws/install/controlko_description:/home/luis/workshop_ws/install/my_hardware_interface:/home/luis/workshop_ws/install/serial:/home/luis/workshop_ws/install/roscon2022_control_workshop:/home/luis/workshop_ws/install/ros2_socketcan:/home/luis/workshop_ws/install/ros2_socketcan_msgs:/home/luis/workshop_ws/install/controlko_hardware_interface:/home/luis/workshop_ws/install/controlko_bringup:/home/luis/workshop_ws/install/controlko_controllers:/opt/ros/humble /usr/bin/cmake --install /home/luis/workshop_ws/build/controlko_bringup
[0.483s] -- Install configuration: ""
[0.484s] -- Execute custom install script
[0.484s] -- Up-to-date symlink: /home/luis/workshop_ws/install/controlko_bringup/share/controlko_bringup/config/rrbot_controllers.yaml
[0.484s] -- Up-to-date symlink: /home/luis/workshop_ws/install/controlko_bringup/share/controlko_bringup/config/soho-12_controllers.yaml
[0.484s] -- Up-to-date symlink: /home/luis/workshop_ws/install/controlko_bringup/share/controlko_bringup/config/test_goal_publishers_config.yaml
[0.485s] -- Up-to-date symlink: /home/luis/workshop_ws/install/controlko_bringup/share/controlko_bringup/rrbot.launch.py
[0.485s] -- Up-to-date symlink: /home/luis/workshop_ws/install/controlko_bringup/share/controlko_bringup/rrbot_real.launch.py
[0.485s] -- Up-to-date symlink: /home/luis/workshop_ws/install/controlko_bringup/share/controlko_bringup/rrbot_sim_gazebo.launch.py
[0.485s] -- Up-to-date symlink: /home/luis/workshop_ws/install/controlko_bringup/share/controlko_bringup/rrbot_sim_gazebo_classic.launch.py
[0.486s] -- Up-to-date symlink: /home/luis/workshop_ws/install/controlko_bringup/share/controlko_bringup/soho-12.launch.py
[0.486s] -- Up-to-date symlink: /home/luis/workshop_ws/install/controlko_bringup/share/controlko_bringup/test_forward_position_controller.launch.py
[0.486s] -- Up-to-date symlink: /home/luis/workshop_ws/install/controlko_bringup/share/controlko_bringup/test_joint_trajectory_controller.launch.py
[0.486s] -- Up-to-date symlink: /home/luis/workshop_ws/install/controlko_bringup/share/ament_index/resource_index/package_run_dependencies/controlko_bringup
[0.487s] -- Up-to-date symlink: /home/luis/workshop_ws/install/controlko_bringup/share/ament_index/resource_index/parent_prefix_path/controlko_bringup
[0.487s] -- Up-to-date symlink: /home/luis/workshop_ws/install/controlko_bringup/share/controlko_bringup/environment/ament_prefix_path.sh
[0.487s] -- Up-to-date symlink: /home/luis/workshop_ws/install/controlko_bringup/share/controlko_bringup/environment/ament_prefix_path.dsv
[0.487s] -- Up-to-date symlink: /home/luis/workshop_ws/install/controlko_bringup/share/controlko_bringup/environment/path.sh
[0.488s] -- Up-to-date symlink: /home/luis/workshop_ws/install/controlko_bringup/share/controlko_bringup/environment/path.dsv
[0.488s] -- Up-to-date symlink: /home/luis/workshop_ws/install/controlko_bringup/share/controlko_bringup/local_setup.bash
[0.488s] -- Up-to-date symlink: /home/luis/workshop_ws/install/controlko_bringup/share/controlko_bringup/local_setup.sh
[0.488s] -- Up-to-date symlink: /home/luis/workshop_ws/install/controlko_bringup/share/controlko_bringup/local_setup.zsh
[0.489s] -- Up-to-date symlink: /home/luis/workshop_ws/install/controlko_bringup/share/controlko_bringup/local_setup.dsv
[0.489s] -- Symlinking: /home/luis/workshop_ws/install/controlko_bringup/share/controlko_bringup/package.dsv
[0.512s] -- Up-to-date symlink: /home/luis/workshop_ws/install/controlko_bringup/share/ament_index/resource_index/packages/controlko_bringup
[0.512s] -- Up-to-date symlink: /home/luis/workshop_ws/install/controlko_bringup/share/controlko_bringup/cmake/controlko_bringupConfig.cmake
[0.513s] -- Up-to-date symlink: /home/luis/workshop_ws/install/controlko_bringup/share/controlko_bringup/cmake/controlko_bringupConfig-version.cmake
[0.513s] -- Up-to-date symlink: /home/luis/workshop_ws/install/controlko_bringup/share/controlko_bringup/package.xml
[0.517s] Invoked command in '/home/luis/workshop_ws/build/controlko_bringup' returned '0': CMAKE_PREFIX_PATH=/home/luis/workshop_ws/install/tide_shooter_controller:/home/luis/workshop_ws/install/tide_gimbal_controller:/home/luis/workshop_ws/install/tide_msgs:/home/luis/workshop_ws/install/controlko_description:/home/luis/workshop_ws/install/my_hardware_interface:/home/luis/workshop_ws/install/serial:/home/luis/workshop_ws/install/roscon2022_control_workshop:/home/luis/workshop_ws/install/ros2_socketcan:/home/luis/workshop_ws/install/ros2_socketcan_msgs:/home/luis/workshop_ws/install/controlko_hardware_interface:/home/luis/workshop_ws/install/controlko_bringup:/home/luis/workshop_ws/install/controlko_controllers:/opt/ros/humble /usr/bin/cmake --install /home/luis/workshop_ws/build/controlko_bringup
