[0.052s] Invoking command in '/home/luis/workshop_ws/build/controlko_description': CMAKE_PREFIX_PATH=${CMAKE_PREFIX_PATH}:/opt/ros/humble /usr/bin/cmake --build /home/luis/workshop_ws/build/controlko_description -- -j12 -l12
[0.132s] Invoked command in '/home/luis/workshop_ws/build/controlko_description' returned '0': CMAKE_PREFIX_PATH=${CMAKE_PREFIX_PATH}:/opt/ros/humble /usr/bin/cmake --build /home/luis/workshop_ws/build/controlko_description -- -j12 -l12
[0.156s] Invoking command in '/home/luis/workshop_ws/build/controlko_description': CMAKE_PREFIX_PATH=${CMAKE_PREFIX_PATH}:/opt/ros/humble /usr/bin/cmake --install /home/luis/workshop_ws/build/controlko_description
[0.182s] -- Install configuration: ""
[0.183s] -- Execute custom install script
[0.183s] -- Up-to-date symlink: /home/luis/workshop_ws/install/controlko_description/share/controlko_description/config/.gitkeep
[0.186s] -- Up-to-date symlink: /home/luis/workshop_ws/install/controlko_description/share/controlko_description/view_rrbot.launch.py
[0.187s] -- Up-to-date symlink: /home/luis/workshop_ws/install/controlko_description/share/controlko_description/meshes/rrbot/visual/.gitkeep
[0.188s] -- Up-to-date symlink: /home/luis/workshop_ws/install/controlko_description/share/controlko_description/rviz/rrbot.rviz
[0.189s] -- Up-to-date symlink: /home/luis/workshop_ws/install/controlko_description/share/controlko_description/urdf/common.xacro
[0.190s] -- Up-to-date symlink: /home/luis/workshop_ws/install/controlko_description/share/controlko_description/urdf/rrbot.urdf.xacro
[0.190s] -- Up-to-date symlink: /home/luis/workshop_ws/install/controlko_description/share/controlko_description/urdf/rrbot/rrbot_macro.ros2_control.xacro
[0.191s] -- Up-to-date symlink: /home/luis/workshop_ws/install/controlko_description/share/controlko_description/urdf/rrbot/rrbot_macro.xacro
[0.192s] -- Up-to-date symlink: /home/luis/workshop_ws/install/controlko_description/share/ament_index/resource_index/package_run_dependencies/controlko_description
[0.194s] -- Up-to-date symlink: /home/luis/workshop_ws/install/controlko_description/share/ament_index/resource_index/parent_prefix_path/controlko_description
[0.195s] -- Up-to-date symlink: /home/luis/workshop_ws/install/controlko_description/share/controlko_description/environment/ament_prefix_path.sh
[0.196s] -- Up-to-date symlink: /home/luis/workshop_ws/install/controlko_description/share/controlko_description/environment/ament_prefix_path.dsv
[0.196s] -- Up-to-date symlink: /home/luis/workshop_ws/install/controlko_description/share/controlko_description/environment/path.sh
[0.198s] -- Up-to-date symlink: /home/luis/workshop_ws/install/controlko_description/share/controlko_description/environment/path.dsv
[0.198s] -- Up-to-date symlink: /home/luis/workshop_ws/install/controlko_description/share/controlko_description/local_setup.bash
[0.199s] -- Up-to-date symlink: /home/luis/workshop_ws/install/controlko_description/share/controlko_description/local_setup.sh
[0.200s] -- Up-to-date symlink: /home/luis/workshop_ws/install/controlko_description/share/controlko_description/local_setup.zsh
[0.201s] -- Up-to-date symlink: /home/luis/workshop_ws/install/controlko_description/share/controlko_description/local_setup.dsv
[0.201s] -- Symlinking: /home/luis/workshop_ws/install/controlko_description/share/controlko_description/package.dsv
[0.236s] -- Up-to-date symlink: /home/luis/workshop_ws/install/controlko_description/share/ament_index/resource_index/packages/controlko_description
[0.236s] -- Up-to-date symlink: /home/luis/workshop_ws/install/controlko_description/share/controlko_description/cmake/controlko_descriptionConfig.cmake
[0.237s] -- Up-to-date symlink: /home/luis/workshop_ws/install/controlko_description/share/controlko_description/cmake/controlko_descriptionConfig-version.cmake
[0.237s] -- Up-to-date symlink: /home/luis/workshop_ws/install/controlko_description/share/controlko_description/package.xml
[0.255s] Invoked command in '/home/luis/workshop_ws/build/controlko_description' returned '0': CMAKE_PREFIX_PATH=${CMAKE_PREFIX_PATH}:/opt/ros/humble /usr/bin/cmake --install /home/luis/workshop_ws/build/controlko_description
