-- Found ament_cmake: 1.3.11 (/opt/ros/humble/share/ament_cmake/cmake)
-- Found controller_interface: 2.51.0 (/opt/ros/humble/share/controller_interface/cmake)
-- Found rosidl_generator_c: 3.1.6 (/opt/ros/humble/share/rosidl_generator_c/cmake)
-- Found rosidl_adapter: 3.1.6 (/opt/ros/humble/share/rosidl_adapter/cmake)
-- Found rosidl_generator_cpp: 3.1.6 (/opt/ros/humble/share/rosidl_generator_cpp/cmake)
-- Using all available rosidl_typesupport_c: rosidl_typesupport_fastrtps_c;rosidl_typesupport_introspection_c
-- Using all available rosidl_typesupport_cpp: rosidl_typesupport_fastrtps_cpp;rosidl_typesupport_introspection_cpp
-- Found rmw_implementation_cmake: 6.1.2 (/opt/ros/humble/share/rmw_implementation_cmake/cmake)
-- Found rmw_fastrtps_cpp: 6.2.7 (/opt/ros/humble/share/rmw_fastrtps_cpp/cmake)
-- Found TinyXML2 via Config file: TinyXML2_DIR-NOTFOUND
-- Found TinyXML2 via Config file: TinyXML2_DIR-NOTFOUND
-- Found TinyXML2 via Config file: TinyXML2_DIR-NOTFOUND
-- Found TinyXML2 via Config file: TinyXML2_DIR-NOTFOUND
-- Using RMW implementation 'rmw_fastrtps_cpp' as default
-- Found generate_parameter_library: 0.5.0 (/opt/ros/humble/share/generate_parameter_library/cmake)
-- Found parameter_traits: 0.5.0 (/opt/ros/humble/share/parameter_traits/cmake)
-- Found realtime_tools: 2.14.0 (/opt/ros/humble/share/realtime_tools/cmake)
-- Found tf2: 0.25.13 (/opt/ros/humble/share/tf2/cmake)
-- Found tf2_msgs: 0.25.13 (/opt/ros/humble/share/tf2_msgs/cmake)
-- Found tide_msgs: 0.0.0 (/home/luis/azure_sky_ros2/install/tide_msgs/share/tide_msgs/cmake)
-- Found control_toolbox: 3.6.1 (/opt/ros/humble/share/control_toolbox/cmake)
-- Found angles: 1.15.0 (/opt/ros/humble/share/angles/cmake)
-- Found tf2_geometry_msgs: 0.25.13 (/opt/ros/humble/share/tf2_geometry_msgs/cmake)
-- Found eigen3_cmake_module: 0.1.1 (/opt/ros/humble/share/eigen3_cmake_module/cmake)
-- Ensuring Eigen3 include directory is part of orocos-kdl CMake target
-- Found visualization_msgs: 4.9.0 (/opt/ros/humble/share/visualization_msgs/cmake)
-- Configuring done
-- Generating done
-- Build files have been written to: /home/luis/azure_sky_ros2/build/tide_gimbal_controller
[ 20%] [34m[1mRunning `/opt/ros/humble/bin/generate_parameter_library_cpp /home/luis/azure_sky_ros2/build/tide_gimbal_controller/include/tide_gimbal_controller/gimbal_controller_parameters.hpp /home/luis/azure_sky_ros2/src/tide_controllers/tide_gimbal_controller/src/tide_gimbal_controller_parameter.yaml `[0m
[ 40%] [34m[1mCreating deprecated header file /home/luis/azure_sky_ros2/build/tide_gimbal_controller/include/gimbal_controller_parameters.hpp[0m
[ 40%] Built target gimbal_controller_parameters
[35m[1mConsolidate compiler generated dependencies of target tide_gimbal_controller[0m
[ 80%] [32mBuilding CXX object CMakeFiles/tide_gimbal_controller.dir/src/bullet_solver.cpp.o[0m
[ 80%] [32mBuilding CXX object CMakeFiles/tide_gimbal_controller.dir/src/tide_gimbal_controller.cpp.o[0m
[100%] [32m[1mLinking CXX shared library libtide_gimbal_controller.so[0m
[100%] Built target tide_gimbal_controller
-- Install configuration: ""
-- Up-to-date: /home/luis/azure_sky_ros2/install/tide_gimbal_controller/include/tide_gimbal_controller
-- Installing: /home/luis/azure_sky_ros2/install/tide_gimbal_controller/include/tide_gimbal_controller/gimbal_controller_parameters.hpp
-- Installing: /home/luis/azure_sky_ros2/install/tide_gimbal_controller/share/tide_gimbal_controller/tide_gimbal_controller.xml
-- Up-to-date: /home/luis/azure_sky_ros2/install/tide_gimbal_controller/include/
-- Installing: /home/luis/azure_sky_ros2/install/tide_gimbal_controller/include//bullet_solver.hpp
-- Installing: /home/luis/azure_sky_ros2/install/tide_gimbal_controller/include//tide_gimbal_controller.hpp
-- Installing: /home/luis/azure_sky_ros2/install/tide_gimbal_controller/lib/libtide_gimbal_controller.so
-- Set runtime path of "/home/luis/azure_sky_ros2/install/tide_gimbal_controller/lib/libtide_gimbal_controller.so" to ""
-- Up-to-date: /home/luis/azure_sky_ros2/install/tide_gimbal_controller/share/tide_gimbal_controller/environment/library_path.sh
-- Installing: /home/luis/azure_sky_ros2/install/tide_gimbal_controller/share/tide_gimbal_controller/environment/library_path.dsv
-- Up-to-date: /home/luis/azure_sky_ros2/install/tide_gimbal_controller/share/ament_index/resource_index/package_run_dependencies/tide_gimbal_controller
-- Installing: /home/luis/azure_sky_ros2/install/tide_gimbal_controller/share/ament_index/resource_index/parent_prefix_path/tide_gimbal_controller
-- Up-to-date: /home/luis/azure_sky_ros2/install/tide_gimbal_controller/share/tide_gimbal_controller/environment/ament_prefix_path.sh
-- Installing: /home/luis/azure_sky_ros2/install/tide_gimbal_controller/share/tide_gimbal_controller/environment/ament_prefix_path.dsv
-- Up-to-date: /home/luis/azure_sky_ros2/install/tide_gimbal_controller/share/tide_gimbal_controller/environment/path.sh
-- Installing: /home/luis/azure_sky_ros2/install/tide_gimbal_controller/share/tide_gimbal_controller/environment/path.dsv
-- Up-to-date: /home/luis/azure_sky_ros2/install/tide_gimbal_controller/share/tide_gimbal_controller/local_setup.bash
-- Up-to-date: /home/luis/azure_sky_ros2/install/tide_gimbal_controller/share/tide_gimbal_controller/local_setup.sh
-- Up-to-date: /home/luis/azure_sky_ros2/install/tide_gimbal_controller/share/tide_gimbal_controller/local_setup.zsh
-- Installing: /home/luis/azure_sky_ros2/install/tide_gimbal_controller/share/tide_gimbal_controller/local_setup.dsv
-- Installing: /home/luis/azure_sky_ros2/install/tide_gimbal_controller/share/tide_gimbal_controller/package.dsv
-- Up-to-date: /home/luis/azure_sky_ros2/install/tide_gimbal_controller/share/ament_index/resource_index/packages/tide_gimbal_controller
-- Up-to-date: /home/luis/azure_sky_ros2/install/tide_gimbal_controller/share/ament_index/resource_index/controller_interface__pluginlib__plugin/tide_gimbal_controller
-- Up-to-date: /home/luis/azure_sky_ros2/install/tide_gimbal_controller/share/tide_gimbal_controller/cmake/export_tide_gimbal_controllerExport.cmake
-- Up-to-date: /home/luis/azure_sky_ros2/install/tide_gimbal_controller/share/tide_gimbal_controller/cmake/export_tide_gimbal_controllerExport-noconfig.cmake
-- Up-to-date: /home/luis/azure_sky_ros2/install/tide_gimbal_controller/share/tide_gimbal_controller/cmake/ament_cmake_export_dependencies-extras.cmake
-- Up-to-date: /home/luis/azure_sky_ros2/install/tide_gimbal_controller/share/tide_gimbal_controller/cmake/ament_cmake_export_targets-extras.cmake
-- Up-to-date: /home/luis/azure_sky_ros2/install/tide_gimbal_controller/share/tide_gimbal_controller/cmake/tide_gimbal_controllerConfig.cmake
-- Up-to-date: /home/luis/azure_sky_ros2/install/tide_gimbal_controller/share/tide_gimbal_controller/cmake/tide_gimbal_controllerConfig-version.cmake
-- Installing: /home/luis/azure_sky_ros2/install/tide_gimbal_controller/share/tide_gimbal_controller/package.xml
