[0.066s] Invoking command in '/home/luis/azure_sky_ros2/build/serial': CMAKE_PREFIX_PATH=/opt/ros/humble /usr/bin/cmake --build /home/luis/azure_sky_ros2/build/serial -- -j12 -l12
[0.192s] [35m[1mConsolidate compiler generated dependencies of target serial[0m
[0.330s] [100%] Built target serial
[0.467s] Invoked command in '/home/luis/azure_sky_ros2/build/serial' returned '0': CMAKE_PREFIX_PATH=/opt/ros/humble /usr/bin/cmake --build /home/luis/azure_sky_ros2/build/serial -- -j12 -l12
[0.480s] Invoking command in '/home/luis/azure_sky_ros2/build/serial': CMAKE_PREFIX_PATH=/opt/ros/humble /usr/bin/cmake --install /home/luis/azure_sky_ros2/build/serial
[0.509s] -- Install configuration: ""
[0.509s] -- Up-to-date: /home/luis/azure_sky_ros2/install/serial/lib/libserial.a
[0.509s] -- Up-to-date: /home/luis/azure_sky_ros2/install/serial/include
[0.510s] -- Up-to-date: /home/luis/azure_sky_ros2/install/serial/include/serial
[0.510s] -- Up-to-date: /home/luis/azure_sky_ros2/install/serial/include/serial/impl
[0.510s] -- Up-to-date: /home/luis/azure_sky_ros2/install/serial/include/serial/impl/unix.h
[0.510s] -- Up-to-date: /home/luis/azure_sky_ros2/install/serial/include/serial/impl/win.h
[0.510s] -- Up-to-date: /home/luis/azure_sky_ros2/install/serial/include/serial/serial.h
[0.510s] -- Up-to-date: /home/luis/azure_sky_ros2/install/serial/include/serial/v8stdint.h
[0.511s] -- Up-to-date: /home/luis/azure_sky_ros2/install/serial/share/serial/environment/library_path.sh
[0.511s] -- Up-to-date: /home/luis/azure_sky_ros2/install/serial/share/serial/environment/library_path.dsv
[0.511s] -- Up-to-date: /home/luis/azure_sky_ros2/install/serial/share/ament_index/resource_index/package_run_dependencies/serial
[0.512s] -- Up-to-date: /home/luis/azure_sky_ros2/install/serial/share/ament_index/resource_index/parent_prefix_path/serial
[0.512s] -- Up-to-date: /home/luis/azure_sky_ros2/install/serial/share/serial/environment/ament_prefix_path.sh
[0.512s] -- Up-to-date: /home/luis/azure_sky_ros2/install/serial/share/serial/environment/ament_prefix_path.dsv
[0.512s] -- Up-to-date: /home/luis/azure_sky_ros2/install/serial/share/serial/environment/path.sh
[0.513s] -- Up-to-date: /home/luis/azure_sky_ros2/install/serial/share/serial/environment/path.dsv
[0.513s] -- Up-to-date: /home/luis/azure_sky_ros2/install/serial/share/serial/local_setup.bash
[0.513s] -- Up-to-date: /home/luis/azure_sky_ros2/install/serial/share/serial/local_setup.sh
[0.513s] -- Up-to-date: /home/luis/azure_sky_ros2/install/serial/share/serial/local_setup.zsh
[0.513s] -- Up-to-date: /home/luis/azure_sky_ros2/install/serial/share/serial/local_setup.dsv
[0.513s] -- Installing: /home/luis/azure_sky_ros2/install/serial/share/serial/package.dsv
[0.518s] -- Up-to-date: /home/luis/azure_sky_ros2/install/serial/share/ament_index/resource_index/packages/serial
[0.519s] -- Up-to-date: /home/luis/azure_sky_ros2/install/serial/share/serial/cmake/export_serialExport.cmake
[0.520s] -- Up-to-date: /home/luis/azure_sky_ros2/install/serial/share/serial/cmake/export_serialExport-noconfig.cmake
[0.520s] -- Up-to-date: /home/luis/azure_sky_ros2/install/serial/share/serial/cmake/ament_cmake_export_include_directories-extras.cmake
[0.521s] -- Up-to-date: /home/luis/azure_sky_ros2/install/serial/share/serial/cmake/ament_cmake_export_libraries-extras.cmake
[0.521s] -- Up-to-date: /home/luis/azure_sky_ros2/install/serial/share/serial/cmake/ament_cmake_export_targets-extras.cmake
[0.521s] -- Up-to-date: /home/luis/azure_sky_ros2/install/serial/share/serial/cmake/serialConfig.cmake
[0.521s] -- Up-to-date: /home/luis/azure_sky_ros2/install/serial/share/serial/cmake/serialConfig-version.cmake
[0.521s] -- Up-to-date: /home/luis/azure_sky_ros2/install/serial/share/serial/package.xml
[0.533s] Invoked command in '/home/luis/azure_sky_ros2/build/serial' returned '0': CMAKE_PREFIX_PATH=/opt/ros/humble /usr/bin/cmake --install /home/luis/azure_sky_ros2/build/serial
